# stats: dump at 1480597161
stats: users 11 12
stats: {freemem,"tsung_controller@ip-172-31-13-122"} 1 3150.171875 0 3150.171875 3150.171875 0 0
stats: {load,"tsung_controller@ip-172-31-13-122"} 1 0.30859375 0 0.30859375 0.30859375 0 0
stats: {cpu,"tsung_controller@ip-172-31-13-122"} 1 2.125679799289278 0 2.125679799289278 2.125679799289278 0 0
stats: session 2 6332.884521484375 1240.771484375 7573.656005859375 5092.113037109375 0 0
stats: users_count 13 13
stats: finish_users_count 2 2
stats: request 33 12.530517578125 19.83029399992382 124.510009765625 6.14208984375 0 0
stats: connect 13 9.289888822115387 29.706833383837736 112.197021484375 0.593017578125 0 0
stats: page 30 13.796402994791666 20.775518822812742 124.510009765625 6.14208984375 0 0
stats: 302 7 7
stats: 200 26 26
stats: size_rcv 682905 682905
stats: size_sent 12328 12328
stats: connected 12 12
# stats: dump at 1480597171
stats: users 13 14
stats: {freemem,"tsung_controller@ip-172-31-13-122"} 1 3149.25 0.0 3150.171875 3149.25 3150.171875 1
stats: {load,"tsung_controller@ip-172-31-13-122"} 1 0.26171875 0.0 0.30859375 0.26171875 0.30859375 1
stats: {recvpackets,"tsung_controller@ip-172-31-13-122"} 1 598 0 598 598 0 0
stats: {sentpackets,"tsung_controller@ip-172-31-13-122"} 1 385 0 385 385 0 0
stats: {cpu,"tsung_controller@ip-172-31-13-122"} 1 2.6548672566371683 0.0 2.6548672566371683 2.125679799289278 2.125679799289278 1
stats: session 8 9385.1943359375 3410.9465452207414 14047.554931640625 3348.27392578125 6332.884521484375 2
stats: users_count 10 23
stats: finish_users_count 8 10
stats: request 54 8.64755588107639 2.331128582827376 124.510009765625 5.20703125 12.530517578125 33
stats: connect 8 0.71484375 0.03685391485984666 112.197021484375 0.593017578125 9.289888822115387 13
stats: page 45 10.402376302083331 4.532770385453035 124.510009765625 5.20703125 13.796402994791666 30
stats: 302 27 34
stats: 200 27 53
stats: size_rcv 749292 1432197
stats: size_sent 26491 38819
stats: connected -1 11
# stats: dump at 1480597181
stats: users 14 16
stats: {freemem,"tsung_controller@ip-172-31-13-122"} 1 3148.953125 0.0 3150.171875 3148.953125 3149.7109375 2
stats: {load,"tsung_controller@ip-172-31-13-122"} 1 0.21875 0.0 0.30859375 0.21875 0.28515625 2
stats: {recvpackets,"tsung_controller@ip-172-31-13-122"} 1 732.0 0.0 732 598 598.0 1
stats: {sentpackets,"tsung_controller@ip-172-31-13-122"} 1 449.0 0.0 449 385 385.0 1
stats: {cpu,"tsung_controller@ip-172-31-13-122"} 1 1.4792899408284024 0.0 2.6548672566371683 1.4792899408284024 2.390273527963223 2
stats: session 6 10298.487019856771 4670.37054050399 18565.816162109375 3348.27392578125 8774.732373046874 10
stats: users_count 7 30
stats: finish_users_count 6 16
stats: request 49 8.877979512117347 1.8007655101748996 124.510009765625 5.20703125 10.120403421336206 87
stats: connect 9 0.7054578993055556 0.03745348679117741 112.197021484375 0.593017578125 6.023204985119049 21
stats: page 39 11.186830178285257 3.67223195661613 124.510009765625 5.20703125 11.759986979166666 75
stats: 302 22 56
stats: 200 27 80
stats: size_rcv 742548 2174745
stats: size_sent 23243 62062
stats: connected 3 14
# stats: dump at 1480597191
stats: users 31 31
stats: {freemem,"tsung_controller@ip-172-31-13-122"} 1 3150.29296875 0.0 3150.29296875 3148.953125 3149.4583333333335 3
stats: {load,"tsung_controller@ip-172-31-13-122"} 1 0.19140625 0.0 0.30859375 0.19140625 0.2630208333333333 3
stats: {recvpackets,"tsung_controller@ip-172-31-13-122"} 1 578.0 0.0 732 578 665.0 2
stats: {sentpackets,"tsung_controller@ip-172-31-13-122"} 1 363.0 0.0 449 363 417.0 2
stats: {cpu,"tsung_controller@ip-172-31-13-122"} 1 1.7716535433070866 0.0 2.6548672566371683 1.4792899408284024 2.086612332251616 3
stats: session 11 15139.498690518465 7857.5286750652795 26959.0380859375 3348.27392578125 9346.140365600586 16
stats: users_count 28 58
stats: finish_users_count 11 27
stats: request 91 8.587013328468402 2.3499484808143065 124.510009765625 5.20703125 9.672765395220589 136
stats: connect 28 0.6437116350446427 0.0718105884753656 112.197021484375 0.51611328125 4.4278808593750005 30
stats: page 81 9.662552445023149 3.5630501445890803 124.510009765625 5.20703125 11.563907020970396 114
stats: 302 32 88
stats: 200 59 139
stats: size_rcv 1697662 3872407
stats: newphase 1 1
stats: size_sent 37962 100024
stats: connected 17 31
# stats: dump at 1480597201
stats: users 31 32
stats: {freemem,"tsung_controller@ip-172-31-13-122"} 1 3150.29296875 0.0 3150.29296875 3148.953125 3149.6669921875 4
stats: {load,"tsung_controller@ip-172-31-13-122"} 1 0.16015625 0.0 0.30859375 0.16015625 0.2451171875 4
stats: {recvpackets,"tsung_controller@ip-172-31-13-122"} 1 1408.0 0.0 1408 578 636.0 3
stats: {sentpackets,"tsung_controller@ip-172-31-13-122"} 1 940.0 0.0 940 363 399.0 3
stats: {cpu,"tsung_controller@ip-172-31-13-122"} 1 2.2615535889872174 0.0 2.6548672566371683 1.4792899408284024 2.0078726350154836 4
stats: session 17 10430.374526079962 3837.8072809828736 26959.0380859375 3348.27392578125 11706.3974609375 27
stats: users_count 17 75
stats: finish_users_count 17 44
stats: request 110 8.28566006747159 1.679405236196827 124.510009765625 5.18603515625 9.237507958769271 227
stats: connect 17 0.6391314338235294 0.06323837580653718 112.197021484375 0.51611328125 2.601040544181035 58
stats: page 92 9.930273968240485 3.344192970021812 124.510009765625 5.18603515625 10.77411358173077 195
stats: 302 52 140
stats: 200 58 197
stats: size_rcv 1672340 5544747
stats: newphase 0 1
stats: size_sent 53345 153369
stats: connected 0 31
# stats: dump at 1480597211
stats: users 28 34
stats: {freemem,"tsung_controller@ip-172-31-13-122"} 1 3150.37109375 0.0 3150.37109375 3148.953125 3149.7921875 5
stats: {load,"tsung_controller@ip-172-31-13-122"} 1 0.12890625 0.0 0.30859375 0.12890625 0.228125 5
stats: {recvpackets,"tsung_controller@ip-172-31-13-122"} 1 1466.0 0.0 1466 578 829.0 4
stats: {sentpackets,"tsung_controller@ip-172-31-13-122"} 1 905.0 0.0 940 363 534.25 4
stats: {cpu,"tsung_controller@ip-172-31-13-122"} 1 2.3622047244094486 0.0 2.6548672566371683 1.4792899408284024 2.0586088258098303 5
stats: session 18 15807.268025716146 9404.078935474512 42303.802001953125 3348.27392578125 11213.388599742542 44
stats: users_count 15 90
stats: finish_users_count 18 62
stats: request 108 9.049485948350688 2.642335220750824 124.510009765625 5.18603515625 8.926815768731451 337
stats: connect 15 0.7257161458333333 0.07962911956420035 112.197021484375 0.51611328125 2.1563411458333337 75
stats: page 88 11.133514404296873 4.712241849391313 124.510009765625 5.18603515625 10.503614472179876 287
stats: 302 56 196
stats: 200 52 249
stats: size_rcv 1519294 7064041
stats: newphase 0 1
stats: size_sent 53809 207178
stats: connected -2 29
# stats: dump at 1480597221
stats: users 53 53
stats: {freemem,"tsung_controller@ip-172-31-13-122"} 1 3151.0703125 0.0 3151.0703125 3148.953125 3149.888671875 6
stats: {load,"tsung_controller@ip-172-31-13-122"} 1 0.109375 0.0 0.30859375 0.109375 0.21158854166666666 6
stats: {recvpackets,"tsung_controller@ip-172-31-13-122"} 1 1370.0 0.0 1466 578 956.4 5
stats: {sentpackets,"tsung_controller@ip-172-31-13-122"} 1 782.0 0.0 940 363 608.4 5
stats: {cpu,"tsung_controller@ip-172-31-13-122"} 1 2.355250245338567 0.0 2.6548672566371683 1.4792899408284024 2.1092081422431 6
stats: session 18 13583.413235134549 6716.611875042908 42303.802001953125 3348.27392578125 12547.095529863911 62
stats: users_count 43 133
stats: finish_users_count 18 80
stats: request 151 9.160466680463573 3.068315535915727 124.510009765625 5.18603515625 8.956587407830051 445
stats: connect 42 0.7095249720982143 0.24328565031572708 112.197021484375 0.5009765625 1.9179036458333336 90
stats: page 131 10.57698816197519 4.105177235255844 124.510009765625 5.18603515625 10.651430989583332 375
stats: 302 57 253
stats: 200 94 343
stats: size_rcv 2947335 10011376
stats: newphase 1 2
stats: size_sent 65041 272219
stats: connected 23 52
# stats: dump at 1480597231
stats: users 54 57
stats: {freemem,"tsung_controller@ip-172-31-13-122"} 1 3150.09375 0.0 3151.0703125 3148.953125 3150.0574776785716 7
stats: {load,"tsung_controller@ip-172-31-13-122"} 1 0.1015625 0.0 0.30859375 0.1015625 0.19698660714285715 7
stats: {recvpackets,"tsung_controller@ip-172-31-13-122"} 1 2573.0 0.0 2573 578 1025.3333333333333 6
stats: {sentpackets,"tsung_controller@ip-172-31-13-122"} 1 1598.0 0.0 1598 363 637.3333333333334 6
stats: {cpu,"tsung_controller@ip-172-31-13-122"} 1 3.232125367286973 0.0 3.232125367286973 1.4792899408284024 2.1443570141138815 7
stats: session 35 15649.477985491072 10932.92499974507 44184.4990234375 2047.531982421875 12780.267013549805 80
stats: users_count 36 169
stats: finish_users_count 35 115
stats: request 219 9.008190416309926 3.134603125276824 124.510009765625 5.18603515625 9.00824138462143 596
stats: connect 35 0.6537876674107143 0.13481708905788914 112.197021484375 0.5009765625 1.5334195223721594 132
stats: page 181 10.925311852555248 4.71087817208631 124.510009765625 5.18603515625 10.632158241724309 506
stats: 302 110 363
stats: 200 109 452
stats: size_rcv 3704473 13715849
stats: newphase 0 2
stats: size_sent 107169 379388
stats: connected 2 54
# stats: dump at 1480597241
stats: users 64 65
stats: {freemem,"tsung_controller@ip-172-31-13-122"} 1 3152.30078125 0.0 3152.30078125 3148.953125 3150.06201171875 8
stats: {load,"tsung_controller@ip-172-31-13-122"} 1 0.078125 0.0 0.30859375 0.078125 0.18505859375 8
stats: {recvpackets,"tsung_controller@ip-172-31-13-122"} 1 3051.0 0.0 3051 578 1246.4285714285713 7
stats: {sentpackets,"tsung_controller@ip-172-31-13-122"} 1 1795.0 0.0 1795 363 774.5714285714286 7
stats: {cpu,"tsung_controller@ip-172-31-13-122"} 1 3.536345776031434 0.0 3.536345776031434 1.4792899408284024 2.280328058260518 8
stats: session 31 11712.036101310483 5759.163625057165 44184.4990234375 2047.531982421875 13653.505135444973 115
stats: users_count 41 210
stats: finish_users_count 31 146
stats: request 206 9.022255906780936 2.603113559259508 124.510009765625 5.18603515625 9.00822768884202 815
stats: connect 42 0.6316441127232144 0.05905184309922392 112.197021484375 0.48388671875 1.3490655407934133 167
stats: page 174 10.70389530576509 4.20692877637332 124.510009765625 5.18603515625 10.709393763646288 687
stats: 302 91 454
stats: 200 115 567
stats: size_rcv 3807884 17523733
stats: newphase 0 2
stats: size_sent 95399 474787
stats: connected 10 64
# stats: dump at 1480597251
stats: users 96 97
stats: {freemem,"tsung_controller@ip-172-31-13-122"} 1 3152.69921875 0.0 3152.69921875 3148.953125 3150.3107638888887 9
stats: {load,"tsung_controller@ip-172-31-13-122"} 1 0.0703125 0.0 0.30859375 0.0703125 0.17317708333333334 9
stats: {recvpackets,"tsung_controller@ip-172-31-13-122"} 1 3470.0 0.0 3470 578 1472.0 8
stats: {sentpackets,"tsung_controller@ip-172-31-13-122"} 1 2117.0 0.0 2117 363 902.125 8
stats: {cpu,"tsung_controller@ip-172-31-13-122"} 1 4.027504911591356 0.0 4.027504911591356 1.4792899408284024 2.4198855824572867 9
stats: session 41 15490.79755978468 9506.715897367403 44184.4990234375 2047.531982421875 13241.275409019157 146
stats: users_count 73 283
stats: finish_users_count 41 187
stats: request 299 10.052017467077759 4.209202113060954 124.510009765625 5.18603515625 9.011058063862016 1021
stats: connect 71 0.6263754401408451 0.1330219771598738 112.197021484375 0.48388671875 1.2048947274970097 209
stats: page 259 11.623196752835424 5.098549329022078 124.510009765625 5.18603515625 10.70828257703615 861
stats: 302 122 576
stats: 200 177 744
stats: size_rcv 6913798 24437531
stats: newphase 1 3
stats: size_sent 134175 608962
stats: connected 31 95
# stats: dump at 1480597261
stats: users 109 126
stats: {freemem,"tsung_controller@ip-172-31-13-122"} 1 3148.3828125 0.0 3152.69921875 3148.3828125 3150.549609375 10
stats: {load,"tsung_controller@ip-172-31-13-122"} 1 0.140625 0.0 0.30859375 0.0703125 0.162890625 10
stats: {recvpackets,"tsung_controller@ip-172-31-13-122"} 1 6042.0 0.0 6042 578 1694.0 9
stats: {sentpackets,"tsung_controller@ip-172-31-13-122"} 1 3532.0 0.0 3532 363 1037.111111111111 9
stats: {cpu,"tsung_controller@ip-172-31-13-122"} 1 5.474095796676441 0.0 5.474095796676441 1.4792899408284024 2.5806475153706936 10
stats: session 60 13193.250240071615 7916.262635148642 44184.4990234375 2047.531982421875 13734.486147957052 187
stats: users_count 73 356
stats: finish_users_count 60 247
stats: request 448 10.669453212193078 5.042424017799754 124.510009765625 5.18603515625 9.246851140802553 1320
stats: connect 74 0.7082123627533784 0.5176843498616365 112.197021484375 0.48388671875 1.0581987653459821 280
stats: page 367 13.049717541936309 6.370518652869053 124.510009765625 5.18603515625 10.919856480189733 1120
stats: 302 215 791
stats: 200 233 977
stats: size_rcv 9848874 34286405
stats: newphase 0 3
stats: size_sent 217760 826722
stats: connected 17 112
# stats: dump at 1480597271
stats: users 99 126
stats: {freemem,"tsung_controller@ip-172-31-13-122"} 1 3145.75 0.0 3152.69921875 3145.75 3150.352627840909 11
stats: {load,"tsung_controller@ip-172-31-13-122"} 1 0.12109375 0.0 0.30859375 0.0703125 0.16086647727272727 11
stats: {recvpackets,"tsung_controller@ip-172-31-13-122"} 1 8024.0 0.0 8024 578 2128.8 10
stats: {sentpackets,"tsung_controller@ip-172-31-13-122"} 1 4603.0 0.0 4603 363 1286.6 10
stats: {cpu,"tsung_controller@ip-172-31-13-122"} 1 7.274490785645005 0.0 7.274490785645005 1.4792899408284024 2.8436882682166704 11
stats: session 85 14807.743267463235 9600.63902551822 50704.929931640625 2047.531982421875 13603.011838349254 247
stats: users_count 75 431
stats: finish_users_count 85 332
stats: request 464 10.89262811068831 6.615880418529528 124.510009765625 5.18603515625 9.607329493734088 1768
stats: connect 77 0.6213442319399352 0.07239307773414072 112.197021484375 0.48388671875 0.985037765933969 354
stats: page 391 12.946606257992327 7.839699741705664 124.510009765625 5.18603515625 11.445518221723688 1487
stats: 302 237 1028
stats: 200 227 1204
stats: size_rcv 10661233 44947638
stats: newphase 0 3
stats: size_sent 224663 1051385
stats: connected -12 100
# stats: dump at 1480597281
stats: users 46 126
stats: {freemem,"tsung_controller@ip-172-31-13-122"} 1 3145.7578125 0.0 3152.69921875 3145.75 3149.9690755208335 12
stats: {load,"tsung_controller@ip-172-31-13-122"} 1 0.1015625 0.0 0.30859375 0.0703125 0.15755208333333334 12
stats: {recvpackets,"tsung_controller@ip-172-31-13-122"} 1 8226.0 0.0 8226 578 2664.7272727272725 11
stats: {sentpackets,"tsung_controller@ip-172-31-13-122"} 1 4760.0 0.0 4760 363 1588.090909090909 11
stats: {cpu,"tsung_controller@ip-172-31-13-122"} 1 7.497565725413827 0.0 7.497565725413827 1.4792899408284024 3.2129218113356983 12
stats: session 60 15907.295149739582 8885.538029553085 50704.929931640625 2047.531982421875 13911.452113875424 332
stats: users_count 7 438
stats: finish_users_count 60 392
stats: request 241 8.086241409491702 2.3446550361728327 124.510009765625 5.18603515625 9.874524188298048 2232
stats: connect 7 0.5916224888392857 0.06905003192675777 112.197021484375 0.48388671875 0.9200623549883991 431
stats: page 190 10.285671515213819 4.611433595149358 124.510009765625 5.18603515625 11.758045070595381 1878
stats: 302 164 1192
stats: 200 77 1281
stats: size_rcv 2256405 47204043
stats: newphase 0 3
stats: size_sent 133352 1184737
stats: connected -53 47
# stats: dump at 1480597291
stats: users 21 126
stats: {freemem,"tsung_controller@ip-172-31-13-122"} 1 3145.6015625 0.0 3152.69921875 3145.6015625 3149.6451322115386 13
stats: {load,"tsung_controller@ip-172-31-13-122"} 1 0.078125 0.0 0.30859375 0.0703125 0.15324519230769232 13
stats: {recvpackets,"tsung_controller@ip-172-31-13-122"} 1 1280.0 0.0 8226 578 3128.1666666666665 12
stats: {sentpackets,"tsung_controller@ip-172-31-13-122"} 1 987.0 0.0 4760 363 1852.4166666666667 12
stats: {cpu,"tsung_controller@ip-172-31-13-122"} 1 3.0392156862745097 0.0 7.497565725413827 1.4792899408284024 3.5425098047263237 13
stats: session 25 23009.60422851562 8809.459005731114 50704.929931640625 2047.531982421875 14216.938292834224 392
stats: users_count 0 438
stats: finish_users_count 25 417
stats: request 94 8.240379820478724 2.643463102073458 124.510009765625 5.18603515625 9.700251584297915 2473
stats: connect 0 0 0 112.197021484375 0.48388671875 0.914813316031678 438
stats: page 73 10.643454355736305 5.315985493253198 124.510009765625 5.18603515625 11.62276897024601 2068
stats: 302 73 1265
stats: 200 21 1302
stats: size_rcv 516140 47720183
stats: newphase 0 3
stats: size_sent 54312 1239049
stats: connected -27 20
# stats: dump at 1480597301
stats: users 7 126
stats: {freemem,"tsung_controller@ip-172-31-13-122"} 1 3145.65625 0.0 3152.69921875 3145.6015625 3149.3563058035716 14
stats: {load,"tsung_controller@ip-172-31-13-122"} 1 0.0703125 0.0 0.30859375 0.0703125 0.14787946428571427 14
stats: {recvpackets,"tsung_controller@ip-172-31-13-122"} 1 515.0 0.0 8226 515 2986.0 13
stats: {sentpackets,"tsung_controller@ip-172-31-13-122"} 1 404.0 0.0 4760 363 1785.8461538461538 13
stats: {cpu,"tsung_controller@ip-172-31-13-122"} 1 1.678183613030602 0.0 7.497565725413827 1.4792899408284024 3.506560224836908 14
stats: session 14 32204.61106654576 13203.073966084366 76812.1708984375 2047.531982421875 14744.076538378673 417
stats: users_count 0 438
stats: finish_users_count 14 431
stats: request 40 8.167077636718753 0.8259491524215367 124.510009765625 5.18603515625 9.646793093530869 2567
stats: connect 1 0.75 0.0 112.197021484375 0.48388671875 0.914813316031678 438
stats: page 32 10.239082336425783 4.143401886967623 124.510009765625 5.18603515625 11.58937804691149 2141
stats: 302 32 1297
stats: 200 8 1310
stats: size_rcv 197037 47917220
stats: newphase 0 3
stats: size_sent 22944 1261993
stats: connected -13 7
# stats: dump at 1480597311
stats: users 3 126
stats: {freemem,"tsung_controller@ip-172-31-13-122"} 1 3145.671875 0.0 3152.69921875 3145.6015625 3149.1096354166666 15
stats: {load,"tsung_controller@ip-172-31-13-122"} 1 0.05859375 0.0 0.30859375 0.05859375 0.14270833333333333 15
stats: {recvpackets,"tsung_controller@ip-172-31-13-122"} 1 212.0 0.0 8226 212 2809.5 14
stats: {sentpackets,"tsung_controller@ip-172-31-13-122"} 1 150.0 0.0 4760 150 1687.142857142857 14
stats: {cpu,"tsung_controller@ip-172-31-13-122"} 1 1.5732546705998034 0.0 7.497565725413827 1.4792899408284024 3.384668450716488 15
stats: session 4 38162.81652832031 3638.3714136703356 76812.1708984375 2047.531982421875 15311.240072936303 431
stats: users_count 0 438
stats: finish_users_count 4 435
stats: request 14 8.753452845982144 0.8325107702535907 124.510009765625 5.18603515625 9.624089365770038 2607
stats: connect 0 0 0 112.197021484375 0.48388671875 0.9144378870657744 439
stats: page 11 11.174294211647727 4.137747892020167 124.510009765625 5.18603515625 11.569493342477278 2173
stats: 302 11 1308
stats: 200 3 1313
stats: size_rcv 73786 47991006
stats: newphase 0 3
stats: size_sent 8100 1270093
stats: connected -4 3
# stats: dump at 1480597321
stats: users 1 126
stats: {freemem,"tsung_controller@ip-172-31-13-122"} 1 3145.80859375 0.0 3152.69921875 3145.6015625 3148.894775390625 16
stats: {load,"tsung_controller@ip-172-31-13-122"} 1 0.05078125 0.0 0.30859375 0.05078125 0.137451171875 16
stats: {recvpackets,"tsung_controller@ip-172-31-13-122"} 1 88.0 0.0 8226 88 2636.3333333333335 15
stats: {sentpackets,"tsung_controller@ip-172-31-13-122"} 1 71.0 0.0 4760 71 1584.6666666666667 15
stats: {cpu,"tsung_controller@ip-172-31-13-122"} 1 1.083743842364532 0.0 7.497565725413827 1.083743842364532 3.271455089459195 16
stats: session 2 42214.79650878906 2499.5474853515625 76812.1708984375 2047.531982421875 15521.369511606501 435
stats: users_count 0 438
stats: finish_users_count 2 437
stats: request 6 8.885660807291666 0.62876746289722 124.510009765625 5.18603515625 9.619438884550263 2621
stats: connect 0 0 0 112.197021484375 0.48388671875 0.9144378870657744 439
stats: page 5 10.68740234375 3.251861884776012 124.510009765625 5.18603515625 11.567502870664491 2184
stats: 302 5 1313
stats: 200 1 1314
stats: size_rcv 24736 48015742
stats: newphase 0 3
stats: size_sent 3496 1273589
stats: connected -2 1
# stats: dump at 1480597328
stats: users 0 126
stats: {freemem,"tsung_controller@ip-172-31-13-122"} 1 3145.81640625 0.0 3152.69921875 3145.6015625 3148.7132352941176 17
stats: {load,"tsung_controller@ip-172-31-13-122"} 1 0.0390625 0.0 0.30859375 0.0390625 0.1323529411764706 17
stats: {recvpackets,"tsung_controller@ip-172-31-13-122"} 1 8.0 0.0 8226 8 2477.0625 16
stats: {sentpackets,"tsung_controller@ip-172-31-13-122"} 1 12.0 0.0 4760 12 1490.0625 16
stats: {cpu,"tsung_controller@ip-172-31-13-122"} 1 1.0869565217391304 0.0 7.497565725413827 1.083743842364532 3.142766192571274 17
stats: session 1 60565.3359375 0.0 76812.1708984375 2047.531982421875 15643.536225552418 437
stats: users_count 0 438
stats: finish_users_count 1 438
stats: request 1 8.06298828125 0.0 124.510009765625 5.18603515625 9.61776295441568 2627
stats: connect 0 0 0 112.197021484375 0.48388671875 0.9144378870657744 439
stats: page 1 8.06298828125 0.0 124.510009765625 5.18603515625 11.565492590794882 2189
stats: 302 1 1314
stats: 200 0 1314
stats: size_rcv 98 48015840
stats: newphase 0 3
stats: size_sent 535 1274124
stats: connected -1 0
EndMonitor:{1480,597328,60478}
