# stats: dump at 1480610322
stats: users 12 12
stats: {freemem,"tsung_controller@ip-172-31-13-122"} 1 3142.62109375 0 3142.62109375 3142.62109375 0 0
stats: {load,"tsung_controller@ip-172-31-13-122"} 1 0.26953125 0 0.26953125 0.26953125 0 0
stats: {cpu,"tsung_controller@ip-172-31-13-122"} 1 3.009685173671489 0 3.009685173671489 3.009685173671489 0 0
stats: users_count 12 12
stats: finish_users_count 0 0
stats: request 31 17.343781502016128 20.51224093585287 128.785888671875 9.22607421875 0 0
stats: connect 12 10.985331217447916 31.24461006546803 114.60595703125 1.198974609375 0 0
stats: page 28 19.216587611607146 21.55465137132353 128.785888671875 9.22607421875 0 0
stats: 302 5 5
stats: 200 26 26
stats: size_rcv 739241 739241
stats: size_sent 15681 15681
stats: connected 12 12
# stats: dump at 1480610332
stats: users 14 15
stats: {freemem,"tsung_controller@ip-172-31-13-122"} 1 3141.46875 0.0 3142.62109375 3141.46875 3142.62109375 1
stats: {load,"tsung_controller@ip-172-31-13-122"} 1 0.23046875 0.0 0.26953125 0.23046875 0.26953125 1
stats: {recvpackets,"tsung_controller@ip-172-31-13-122"} 1 669 0 669 669 0 0
stats: {sentpackets,"tsung_controller@ip-172-31-13-122"} 1 486 0 486 486 0 0
stats: {cpu,"tsung_controller@ip-172-31-13-122"} 1 2.6522593320235757 0.0 3.009685173671489 2.6522593320235757 3.009685173671489 1
stats: session 7 10300.630650111607 2564.148849539326 14078.98193359375 6283.080078125 0 0
stats: users_count 9 21
stats: finish_users_count 7 7
stats: request 43 15.597832258357558 9.342825785106273 128.785888671875 9.22607421875 17.343781502016128 31
stats: connect 9 8.92822265625 18.474881836951063 114.60595703125 1.198974609375 10.985331217447916 12
stats: page 36 18.656609429253464 11.153825122884424 128.785888671875 9.22607421875 19.216587611607146 28
stats: 302 19 24
stats: 200 24 50
stats: size_rcv 729301 1468542
stats: size_sent 26771 42452
stats: connected 2 14
# stats: dump at 1480610342
stats: users 10 16
stats: {freemem,"tsung_controller@ip-172-31-13-122"} 1 3141.50390625 0.0 3142.62109375 3141.46875 3142.044921875 2
stats: {load,"tsung_controller@ip-172-31-13-122"} 1 0.19140625 0.0 0.26953125 0.19140625 0.25 2
stats: {recvpackets,"tsung_controller@ip-172-31-13-122"} 1 534.0 0.0 669 534 669.0 1
stats: {sentpackets,"tsung_controller@ip-172-31-13-122"} 1 393.0 0.0 486 393 486.0 1
stats: {cpu,"tsung_controller@ip-172-31-13-122"} 1 1.9627085377821394 0.0 3.009685173671489 1.9627085377821394 2.8309722528475323 2
stats: session 13 13086.47079702524 5744.994889489126 22082.152099609375 4160.860107421875 10300.630650111607 7
stats: users_count 9 30
stats: finish_users_count 13 20
stats: request 69 17.073479251585145 10.27030644740368 128.785888671875 9.22607421875 16.32924342799831 74
stats: connect 9 1.53466796875 0.40455745995367337 114.60595703125 1.129150390625 10.10371326264881 21
stats: page 56 21.06702096121652 14.438683188201548 128.785888671875 9.22607421875 18.901599884033203 64
stats: 302 38 62
stats: 200 31 81
stats: size_rcv 946544 2415086
stats: size_sent 46848 89300
stats: connected -3 11
# stats: dump at 1480610352
stats: users 17 17
stats: {freemem,"tsung_controller@ip-172-31-13-122"} 1 3141.6328125 0.0 3142.62109375 3141.46875 3141.8645833333335 3
stats: {load,"tsung_controller@ip-172-31-13-122"} 1 0.16015625 0.0 0.26953125 0.16015625 0.23046875 3
stats: {recvpackets,"tsung_controller@ip-172-31-13-122"} 1 772.0 0.0 772 534 601.5 2
stats: {sentpackets,"tsung_controller@ip-172-31-13-122"} 1 590.0 0.0 590 393 439.5 2
stats: {cpu,"tsung_controller@ip-172-31-13-122"} 1 1.6765285996055226 0.0 3.009685173671489 1.6765285996055226 2.5415510144924016 3
stats: session 6 15063.142822265625 6135.275265735848 25318.12109375 4160.860107421875 12111.42674560547 20
stats: users_count 13 43
stats: finish_users_count 6 26
stats: request 51 15.049608417585784 3.863282142136302 128.785888671875 9.22607421875 16.688350223994757 143
stats: connect 13 1.7156137319711537 0.33635963362765187 114.60595703125 1.129150390625 7.532999674479167 30
stats: page 45 17.075103081597224 5.949283313305181 128.785888671875 9.22607421875 19.912129720052082 120
stats: 302 19 81
stats: 200 32 113
stats: size_rcv 961987 3377073
stats: newphase 1 1
stats: size_sent 30170 119470
stats: connected 6 17
# stats: dump at 1480610362
stats: users 30 30
stats: {freemem,"tsung_controller@ip-172-31-13-122"} 1 3141.421875 0.0 3142.62109375 3141.421875 3141.806640625 4
stats: {load,"tsung_controller@ip-172-31-13-122"} 1 0.140625 0.0 0.26953125 0.140625 0.212890625 4
stats: {recvpackets,"tsung_controller@ip-172-31-13-122"} 1 963.0 0.0 963 534 658.3333333333334 3
stats: {sentpackets,"tsung_controller@ip-172-31-13-122"} 1 733.0 0.0 733 393 489.6666666666667 3
stats: {cpu,"tsung_controller@ip-172-31-13-122"} 1 1.9723865877712032 0.0 3.009685173671489 1.6765285996055226 2.3252954107706816 4
stats: session 11 12014.122514204546 8654.710071144551 34924.848876953125 4160.860107421875 12792.591994065504 26
stats: users_count 24 67
stats: finish_users_count 11 37
stats: request 96 14.836825052897135 2.9016773456813705 128.785888671875 9.22607421875 16.257546965608892 194
stats: connect 24 1.5232137044270833 0.343535023113784 114.60595703125 0.991943359375 5.774255087209302 43
stats: page 82 17.392649580792682 5.7802692204376696 128.785888671875 9.22607421875 19.138395182291667 165
stats: 302 39 120
stats: 200 57 170
stats: size_rcv 1880589 5257662
stats: newphase 0 1
stats: size_sent 57871 177341
stats: connected 13 30
# stats: dump at 1480610372
stats: users 30 36
stats: {freemem,"tsung_controller@ip-172-31-13-122"} 1 3140.390625 0.0 3142.62109375 3140.390625 3141.7296875 5
stats: {load,"tsung_controller@ip-172-31-13-122"} 1 0.12109375 0.0 0.26953125 0.12109375 0.1984375 5
stats: {recvpackets,"tsung_controller@ip-172-31-13-122"} 1 1409.0 0.0 1409 534 734.5 4
stats: {sentpackets,"tsung_controller@ip-172-31-13-122"} 1 1036.0 0.0 1036 393 550.5 4
stats: {cpu,"tsung_controller@ip-172-31-13-122"} 1 2.5540275049115913 0.0 3.009685173671489 1.6765285996055226 2.254713646170786 5
stats: session 16 13353.69760131836 6376.91864229728 34924.848876953125 3511.475830078125 12561.155121674408 37
stats: users_count 16 83
stats: finish_users_count 16 53
stats: request 99 14.446848859690656 3.5793820308350943 128.785888671875 9.012939453125 15.787239022090517 290
stats: connect 15 1.5708658854166666 0.3845462848180593 114.60595703125 0.991943359375 4.251493994869403 67
stats: page 82 17.47099788014481 6.332850687661875 128.785888671875 9.012939453125 18.558835913777834 247
stats: 302 47 167
stats: 200 52 222
stats: size_rcv 1667162 6924824
stats: newphase 0 1
stats: size_sent 64949 242290
stats: connected -1 29
# stats: dump at 1480610382
stats: users 39 42
stats: {freemem,"tsung_controller@ip-172-31-13-122"} 1 3140.421875 0.0 3142.62109375 3140.390625 3141.5065104166665 6
stats: {load,"tsung_controller@ip-172-31-13-122"} 1 0.1015625 0.0 0.26953125 0.1015625 0.185546875 6
stats: {recvpackets,"tsung_controller@ip-172-31-13-122"} 1 1299.0 0.0 1409 534 869.4 5
stats: {sentpackets,"tsung_controller@ip-172-31-13-122"} 1 970.0 0.0 1036 393 647.6 5
stats: {cpu,"tsung_controller@ip-172-31-13-122"} 1 2.1696252465483234 0.0 3.009685173671489 1.6765285996055226 2.3045992892942535 6
stats: session 22 15700.626997514204 8192.480230213527 35890.097900390625 1833.26904296875 12800.413228736734 53
stats: users_count 31 114
stats: finish_users_count 22 75
stats: request 138 13.974428923233695 3.1504081309838856 128.785888671875 9.012939453125 15.446111448626285 389
stats: connect 32 1.525543212890625 0.3668589123617732 114.60595703125 0.93798828125 3.761135194359756 82
stats: page 119 16.226228088891816 5.152409938998373 128.785888671875 9.012939453125 18.287703030015198 329
stats: 302 63 230
stats: 200 75 297
stats: size_rcv 2701778 9626602
stats: newphase 1 2
stats: size_sent 84962 327252
stats: connected 10 39
# stats: dump at 1480610392
stats: users 53 56
stats: {freemem,"tsung_controller@ip-172-31-13-122"} 1 3140.80859375 0.0 3142.62109375 3140.390625 3141.3515625 7
stats: {load,"tsung_controller@ip-172-31-13-122"} 1 0.078125 0.0 0.26953125 0.078125 0.17354910714285715 7
stats: {recvpackets,"tsung_controller@ip-172-31-13-122"} 1 2487.0 0.0 2487 534 941.0 6
stats: {sentpackets,"tsung_controller@ip-172-31-13-122"} 1 1820.0 0.0 1820 393 701.3333333333334 6
stats: {cpu,"tsung_controller@ip-172-31-13-122"} 1 3.155818540433925 0.0 3.155818540433925 1.6765285996055226 2.285317283187692 7
stats: session 21 12056.14515904018 5852.766098148808 35890.097900390625 1833.26904296875 13651.142600911458 75
stats: users_count 35 149
stats: finish_users_count 21 96
stats: request 197 14.36353902284264 3.998337568748225 128.785888671875 9.012939453125 15.060737276891603 527
stats: connect 35 2.1827845982142855 4.322924352517263 114.60595703125 0.93798828125 3.1336006030701755 114
stats: page 162 17.494757004726075 6.244870854168152 128.785888671875 9.012939453125 17.7401237487793 448
stats: 302 86 316
stats: 200 111 408
stats: size_rcv 3839847 13466449
stats: newphase 0 2
stats: size_sent 126690 453942
stats: connected 14 53
# stats: dump at 1480610402
stats: users 51 58
stats: {freemem,"tsung_controller@ip-172-31-13-122"} 1 3140.21484375 0.0 3142.62109375 3140.21484375 3141.28369140625 8
stats: {load,"tsung_controller@ip-172-31-13-122"} 1 0.0703125 0.0 0.26953125 0.0703125 0.16162109375 8
stats: {recvpackets,"tsung_controller@ip-172-31-13-122"} 1 3105.0 0.0 3105 534 1161.857142857143 7
stats: {sentpackets,"tsung_controller@ip-172-31-13-122"} 1 2180.0 0.0 2180 393 861.1428571428571 7
stats: {cpu,"tsung_controller@ip-172-31-13-122"} 1 3.9138943248532287 0.0 3.9138943248532287 1.6765285996055226 2.394129940343471 8
stats: session 41 13112.85361089939 8756.87605896437 42987.526123046875 1833.26904296875 13302.236910502115 96
stats: users_count 39 188
stats: finish_users_count 41 137
stats: request 224 15.661075047084264 8.453219028447737 128.785888671875 9.011962890625 14.871030017157286 724
stats: connect 39 1.6672050280448718 0.762840449665084 114.60595703125 0.93798828125 2.9102545616610738 149
stats: page 189 18.586655712632286 10.256208796873919 128.785888671875 9.011962890625 17.674960777407787 610
stats: 302 113 429
stats: 200 112 520
stats: size_rcv 4312080 17778529
stats: newphase 0 2
stats: size_sent 146123 600065
stats: connected -1 52
# stats: dump at 1480610412
stats: users 92 93
stats: {freemem,"tsung_controller@ip-172-31-13-122"} 1 3139.6640625 0.0 3142.62109375 3139.6640625 3141.1649305555557 9
stats: {load,"tsung_controller@ip-172-31-13-122"} 1 0.05859375 0.0 0.26953125 0.05859375 0.15147569444444445 9
stats: {recvpackets,"tsung_controller@ip-172-31-13-122"} 1 3169.0 0.0 3169 534 1404.75 8
stats: {sentpackets,"tsung_controller@ip-172-31-13-122"} 1 2252.0 0.0 2252 393 1026.0 8
stats: {cpu,"tsung_controller@ip-172-31-13-122"} 1 4.3095004897159646 0.0 4.3095004897159646 1.6765285996055226 2.562992649733444 9
stats: session 29 14639.696752087822 7663.991401465379 42987.526123046875 1833.26904296875 13245.560156606409 137
stats: users_count 70 258
stats: finish_users_count 29 166
stats: request 260 14.93268855168269 3.9147662423991085 128.785888671875 8.99609375 15.057707323806698 948
stats: connect 69 1.65380859375 0.6135681644660306 114.60595703125 0.93798828125 2.652387903091755 188
stats: page 224 17.354767935616646 5.59484326928466 128.785888671875 8.99609375 17.890618277729978 799
stats: 302 94 523
stats: 200 165 685
stats: size_rcv 6501246 24279775
stats: newphase 1 3
stats: size_sent 152065 752130
stats: connected 40 92
# stats: dump at 1480610422
stats: users 100 107
stats: {freemem,"tsung_controller@ip-172-31-13-122"} 1 3133.640625 0.0 3142.62109375 3133.640625 3141.01484375 10
stats: {load,"tsung_controller@ip-172-31-13-122"} 1 0.05078125 0.0 0.26953125 0.05078125 0.1421875 10
stats: {recvpackets,"tsung_controller@ip-172-31-13-122"} 1 6037.0 0.0 6037 534 1600.7777777777778 9
stats: {sentpackets,"tsung_controller@ip-172-31-13-122"} 1 4141.0 0.0 4141 393 1162.2222222222222 9
stats: {cpu,"tsung_controller@ip-172-31-13-122"} 1 6.176470588235294 0.0 6.176470588235294 1.6765285996055226 2.737643433731696 10
stats: session 68 13933.841599408319 12189.167480042943 65434.453125 1833.26904296875 13489.114140154368 166
stats: users_count 76 334
stats: finish_users_count 68 234
stats: request 449 15.594453603493879 5.747303942641002 128.785888671875 8.969970703125 15.03079930993895 1208
stats: connect 75 1.5627897135416666 0.5155419649921645 114.60595703125 0.93798828125 2.384286843385214 257
stats: page 370 18.911804529138514 7.441068338539814 128.785888671875 8.969970703125 17.77328643351357 1023
stats: 302 225 748
stats: 200 224 909
stats: size_rcv 10413694 34693469
stats: newphase 0 3
stats: size_sent 294684 1046814
stats: connected 6 98
# stats: dump at 1480610432
stats: users 112 114
stats: {freemem,"tsung_controller@ip-172-31-13-122"} 1 3131.12890625 0.0 3142.62109375 3131.12890625 3140.3444602272725 11
stats: {load,"tsung_controller@ip-172-31-13-122"} 1 0.0390625 0.0 0.26953125 0.0390625 0.1338778409090909 11
stats: {recvpackets,"tsung_controller@ip-172-31-13-122"} 1 8163.0 0.0 8163 534 2044.4 10
stats: {sentpackets,"tsung_controller@ip-172-31-13-122"} 1 5361.0 0.0 5361 393 1460.1 10
stats: {cpu,"tsung_controller@ip-172-31-13-122"} 1 7.602339181286549 0.0 7.602339181286549 1.6765285996055226 3.050264084141114 11
stats: session 68 13214.845379997701 6804.811481123132 65434.453125 1833.26904296875 13618.351179595686 234
stats: users_count 80 414
stats: finish_users_count 68 302
stats: request 437 15.545679995888154 5.728864280033188 128.785888671875 8.718017578125 15.18353363571213 1657
stats: connect 79 1.5078557654272153 0.4461517537110479 114.60595703125 0.93798828125 2.1987076724868224 332
stats: page 368 18.52518828018853 6.935703089166785 128.785888671875 8.718017578125 18.07569253213613 1393
stats: 302 206 954
stats: 200 231 1140
stats: size_rcv 11215925 45909394
stats: newphase 0 3
stats: size_sent 281035 1327849
stats: connected 12 110
# stats: dump at 1480610442
stats: users 56 115
stats: {freemem,"tsung_controller@ip-172-31-13-122"} 1 3131.80078125 0.0 3142.62109375 3131.12890625 3139.5764973958335 12
stats: {load,"tsung_controller@ip-172-31-13-122"} 1 0.0390625 0.0 0.26953125 0.0390625 0.1259765625 12
stats: {recvpackets,"tsung_controller@ip-172-31-13-122"} 1 8343.0 0.0 8343 534 2600.6363636363635 11
stats: {sentpackets,"tsung_controller@ip-172-31-13-122"} 1 5494.0 0.0 5494 393 1814.7272727272727 11
stats: {cpu,"tsung_controller@ip-172-31-13-122"} 1 7.961165048543689 0.0 7.961165048543689 1.6765285996055226 3.4296036755699006 12
stats: session 71 14505.294588330766 8213.682768310191 65434.453125 1833.26904296875 13527.49556909018 302
stats: users_count 15 429
stats: finish_users_count 71 373
stats: request 291 14.54191164626289 4.85900003427938 128.785888671875 8.598876953125 15.25911050266386 2094
stats: connect 18 1.3990749782986112 0.3947975522182943 114.60595703125 0.93798828125 2.0659161867016422 411
stats: page 237 17.882268591772167 7.241206825207987 128.785888671875 8.598876953125 18.16962463621522 1761
stats: 302 186 1140
stats: 200 105 1245
stats: size_rcv 4075598 49984992
stats: newphase 0 3
stats: size_sent 208567 1536416
stats: connected -54 56
# stats: dump at 1480610452
stats: users 22 115
stats: {freemem,"tsung_controller@ip-172-31-13-122"} 1 3134.4921875 0.0 3142.62109375 3131.12890625 3138.9783653846152 13
stats: {load,"tsung_controller@ip-172-31-13-122"} 1 0.03125 0.0 0.26953125 0.03125 0.11929086538461539 13
stats: {recvpackets,"tsung_controller@ip-172-31-13-122"} 1 1676.0 0.0 8343 534 3079.1666666666665 12
stats: {sentpackets,"tsung_controller@ip-172-31-13-122"} 1 1366.0 0.0 5494 393 2121.3333333333335 12
stats: {cpu,"tsung_controller@ip-172-31-13-122"} 1 3.2448377581120944 0.0 7.961165048543689 1.6765285996055226 3.7781853196448076 13
stats: session 34 19561.38643870634 6616.748694180254 65434.453125 1833.26904296875 13713.618170607826 373
stats: users_count 0 429
stats: finish_users_count 34 407
stats: request 118 15.380215919623941 18.632441732072042 215.31884765625 8.598876953125 15.17160322081368 2385
stats: connect 0 0 0 114.60595703125 0.93798828125 2.0379368353001164 429
stats: page 90 20.206559244791656 21.55976546621843 215.31884765625 8.598876953125 18.135538859171675 1998
stats: 302 90 1230
stats: 200 28 1273
stats: size_rcv 773160 50758152
stats: newphase 0 3
stats: size_sent 90440 1626856
stats: connected -34 22
# stats: dump at 1480610462
stats: users 11 115
stats: {freemem,"tsung_controller@ip-172-31-13-122"} 1 3141.0234375 0.0 3142.62109375 3131.12890625 3138.6579241071427 14
stats: {load,"tsung_controller@ip-172-31-13-122"} 1 0.03125 0.0 0.26953125 0.03125 0.11300223214285714 14
stats: {recvpackets,"tsung_controller@ip-172-31-13-122"} 1 544.0 0.0 8343 534 2971.230769230769 13
stats: {sentpackets,"tsung_controller@ip-172-31-13-122"} 1 451.0 0.0 5494 393 2063.230769230769 13
stats: {cpu,"tsung_controller@ip-172-31-13-122"} 1 1.6765285996055226 0.0 7.961165048543689 1.6765285996055226 3.740089065249614 14
stats: session 11 29533.670965021305 9025.111555373507 65434.453125 1833.26904296875 14202.129524699592 407
stats: users_count 0 429
stats: finish_users_count 11 418
stats: request 43 13.06005859375 1.9962897428671116 215.31884765625 8.598876953125 15.181437938536256 2503
stats: connect 0 0 0 114.60595703125 0.93798828125 2.0379368353001164 429
stats: page 34 16.554479262408087 5.169712311086926 215.31884765625 8.598876953125 18.224806979241503 2088
stats: 302 34 1264
stats: 200 9 1282
stats: size_rcv 253949 51012101
stats: newphase 0 3
stats: size_sent 33382 1660238
stats: connected -11 11
# stats: dump at 1480610472
stats: users 4 115
stats: {freemem,"tsung_controller@ip-172-31-13-122"} 1 3141.3984375 0.0 3142.62109375 3131.12890625 3138.815625 15
stats: {load,"tsung_controller@ip-172-31-13-122"} 1 0.01953125 0.0 0.26953125 0.01953125 0.10755208333333334 15
stats: {recvpackets,"tsung_controller@ip-172-31-13-122"} 1 193.0 0.0 8343 193 2797.8571428571427 14
stats: {sentpackets,"tsung_controller@ip-172-31-13-122"} 1 165.0 0.0 5494 165 1948.0714285714282 14
stats: {cpu,"tsung_controller@ip-172-31-13-122"} 1 1.0869565217391304 0.0 7.961165048543689 1.0869565217391304 3.602518367540008 15
stats: session 7 41139.574428013395 6254.905897323874 65434.453125 1833.26904296875 14605.591141550165 418
stats: users_count 0 429
stats: finish_users_count 7 425
stats: request 14 14.020228794642858 2.492666945538731 215.31884765625 8.598876953125 15.14560945785055 2546
stats: connect 0 0 0 114.60595703125 0.93798828125 2.0379368353001164 429
stats: page 12 16.380513509114582 5.681862933058199 215.31884765625 8.598876953125 18.19804395267584 2122
stats: 302 12 1276
stats: 200 2 1284
stats: size_rcv 59685 51071786
stats: newphase 0 3
stats: size_sent 10640 1670878
stats: connected -7 4
# stats: dump at 1480610482
stats: users 2 115
stats: {freemem,"tsung_controller@ip-172-31-13-122"} 1 3141.45703125 0.0 3142.62109375 3131.12890625 3138.97705078125 16
stats: {load,"tsung_controller@ip-172-31-13-122"} 1 0.01953125 0.0 0.26953125 0.01953125 0.10205078125 16
stats: {recvpackets,"tsung_controller@ip-172-31-13-122"} 1 58.0 0.0 8343 58 2624.2 15
stats: {sentpackets,"tsung_controller@ip-172-31-13-122"} 1 57.0 0.0 5494 57 1829.1999999999998 15
stats: {cpu,"tsung_controller@ip-172-31-13-122"} 1 0.9900990099009901 0.0 7.961165048543689 0.9900990099009901 3.4452957521774534 16
stats: session 2 43044.142578125 1115.24560546875 65434.453125 1833.26904296875 15042.621454503676 425
stats: users_count 0 429
stats: finish_users_count 2 427
stats: request 9 13.302137586805555 2.436740395823592 215.31884765625 8.598876953125 15.139455032348632 2560
stats: connect 0 0 0 114.60595703125 0.93798828125 2.0379368353001164 429
stats: page 7 17.138148716517858 6.617903486090595 215.31884765625 8.598876953125 18.187823537810452 2134
stats: 302 7 1283
stats: 200 2 1286
stats: size_rcv 56352 51128138
stats: newphase 0 3
stats: size_sent 7000 1677878
stats: connected -2 2
# stats: dump at 1480610490
stats: users 0 115
stats: {freemem,"tsung_controller@ip-172-31-13-122"} 1 3141.45703125 0.0 3142.62109375 3131.12890625 3139.122931985294 17
stats: {load,"tsung_controller@ip-172-31-13-122"} 1 0.08984375 0.0 0.26953125 0.01953125 0.09719669117647059 17
stats: {recvpackets,"tsung_controller@ip-172-31-13-122"} 1 50.0 0.0 8343 50 2463.8125 16
stats: {sentpackets,"tsung_controller@ip-172-31-13-122"} 1 43.0 0.0 5494 43 1718.4374999999998 16
stats: {cpu,"tsung_controller@ip-172-31-13-122"} 1 1.083743842364532 0.0 7.961165048543689 0.9900990099009901 3.3008724143964847 17
stats: session 2 52302.98498535156 1182.2459716796875 65434.453125 1833.26904296875 15173.776120188086 427
stats: users_count 0 429
stats: finish_users_count 2 429
stats: request 5 13.452099609375 2.368095150414877 215.31884765625 8.598876953125 15.133018342192974 2569
stats: connect 0 0 0 114.60595703125 0.93798828125 2.0379368353001164 429
stats: page 4 16.847412109375 4.4382378777343945 215.31884765625 8.598876953125 18.1843916257371 2141
stats: 302 4 1287
stats: 200 1 1287
stats: size_rcv 27404 51155542
stats: newphase 0 3
stats: size_sent 3802 1681680
stats: connected -2 0
EndMonitor:{1480,610490,202499}
