
=INFO REPORT==== 1-Dec-2016::18:02:16 ===
    ts_config_server:(5:<0.55.0>) Config server started, logdir is "/home/ec2-user/.tsung/log/20161201-1802"
 
=INFO REPORT==== 1-Dec-2016::18:02:16 ===
              ts_mon:(5:<0.54.0>) starting monitor, global 

=INFO REPORT==== 1-Dec-2016::18:02:16 ===
           ts_config:(5:<0.55.0>) Reading config file: varied.xml

=INFO REPORT==== 1-Dec-2016::18:02:16 ===
      ts_config_http:(4:<0.55.0>) Get user agent: 100 "Mozilla/5.0 (Windows; U; Windows NT 5.2; fr-FR; rv:1.7.8) Gecko/20050511 Firefox/1.0.4" 

=INFO REPORT==== 1-Dec-2016::18:02:16 ===
           ts_config:(5:<0.55.0>) Session name for id 1 is "landing-page"

=INFO REPORT==== 1-Dec-2016::18:02:16 ===
           ts_config:(5:<0.55.0>) Session name for id 2 is "view-and-search"

=INFO REPORT==== 1-Dec-2016::18:02:16 ===
           ts_config:(5:<0.55.0>) Session name for id 3 is "news-test"

=INFO REPORT==== 1-Dec-2016::18:02:16 ===
    ts_config_server:(4:<0.55.0>) SYSINFO:Tsung version: 1.6.0

=INFO REPORT==== 1-Dec-2016::18:02:16 ===
    ts_config_server:(4:<0.55.0>) SYSINFO:Erlang version: Erlang R14B04 (erts-5.8.5) [source] [64-bit] [rq:1] [async-threads:8] [kernel-poll:true]


=INFO REPORT==== 1-Dec-2016::18:02:16 ===
    ts_config_server:(4:<0.55.0>) SYSINFO:System architecture x86_64-redhat-linux-gnu

=INFO REPORT==== 1-Dec-2016::18:02:16 ===
    ts_config_server:(4:<0.55.0>) SYSINFO:Current path: /usr/lib/erlang/lib/tsung-1.6.0/ebin/tsung.beam

=INFO REPORT==== 1-Dec-2016::18:02:16 ===
              ts_mon:(5:<0.56.0>) Activate clients with text backend

=INFO REPORT==== 1-Dec-2016::18:02:16 ===
              ts_mon:(5:<0.56.0>) Starting tsung clients on hosts: [localhost]

=INFO REPORT==== 1-Dec-2016::18:02:16 ===
    ts_config_server:(5:<0.55.0>) Start a launcher on the controller beam localhost

=INFO REPORT==== 1-Dec-2016::18:02:16 ===
  ts_launcher_static:(5:<0.111.0>) Launch msg receive ("localhost")

=INFO REPORT==== 1-Dec-2016::18:02:16 ===
         ts_launcher:(5:<0.112.0>) Launch msg receive ("localhost")

=INFO REPORT==== 1-Dec-2016::18:02:16 ===
    ts_config_server:(5:<0.55.0>) All remote beams started, syncing 

=INFO REPORT==== 1-Dec-2016::18:02:16 ===
    ts_config_server:(5:<0.55.0>) Undefined ports_range config 

=INFO REPORT==== 1-Dec-2016::18:02:16 ===
    ts_config_server:(5:<0.55.0>) New arrival phase 1 for client "localhost" (last ? true): will start 30 users

=INFO REPORT==== 1-Dec-2016::18:02:16 ===
    ts_config_server:(5:<0.55.0>) New arrival phase 2 for client "localhost" (last ? true): will start 60 users

=INFO REPORT==== 1-Dec-2016::18:02:16 ===
    ts_config_server:(5:<0.55.0>) New arrival phase 3 for client "localhost" (last ? true): will start 120 users

=INFO REPORT==== 1-Dec-2016::18:02:16 ===
    ts_config_server:(5:<0.55.0>) New arrival phase 4 for client "localhost" (last ? true): will start 240 users

=INFO REPORT==== 1-Dec-2016::18:02:16 ===
         ts_launcher:(5:<0.112.0>) Expected duration of first phase: 30.0 sec (30 users) 

=INFO REPORT==== 1-Dec-2016::18:02:17 ===
         ts_launcher:(5:<0.112.0>) Activate launcher (30 users) in 1704 msec 

=INFO REPORT==== 1-Dec-2016::18:02:40 ===
         ts_launcher:(4:<0.112.0>) Need to wait 8.014 sec before changing phase, going to sleep

=INFO REPORT==== 1-Dec-2016::18:02:48 ===
         ts_launcher:(5:<0.112.0>) Waking up

=INFO REPORT==== 1-Dec-2016::18:02:48 ===
         ts_launcher:(5:<0.112.0>) Start a new arrival phase (60 users, 0.002); expected duration=30.0 sec

=INFO REPORT==== 1-Dec-2016::18:03:17 ===
         ts_launcher:(4:<0.112.0>) Need to wait 0.716 sec before changing phase, going to sleep

=INFO REPORT==== 1-Dec-2016::18:03:18 ===
         ts_launcher:(5:<0.112.0>) Waking up

=INFO REPORT==== 1-Dec-2016::18:03:18 ===
         ts_launcher:(5:<0.112.0>) Start a new arrival phase (120 users, 0.004); expected duration=30.0 sec

=INFO REPORT==== 1-Dec-2016::18:03:47 ===
         ts_launcher:(4:<0.112.0>) Need to wait 0.123 sec before changing phase, going to sleep

=INFO REPORT==== 1-Dec-2016::18:03:48 ===
         ts_launcher:(5:<0.112.0>) Waking up

=INFO REPORT==== 1-Dec-2016::18:03:48 ===
         ts_launcher:(5:<0.112.0>) Start a new arrival phase (240 users, 0.008); expected duration=30.0 sec

=INFO REPORT==== 1-Dec-2016::18:03:56 ===
           ts_search:(5:<0.337.0>) Dyn Var (RE): no Match (varname=created_news_id), 

=INFO REPORT==== 1-Dec-2016::18:03:56 ===
           ts_search:(5:<0.337.0>) Dyn Var (RE): no Match (varname=created_news_url), 

=INFO REPORT==== 1-Dec-2016::18:03:57 ===
           ts_search:(5:<0.272.0>) Dyn Var (RE): no Match (varname=created_news_id), 

=INFO REPORT==== 1-Dec-2016::18:03:57 ===
           ts_search:(5:<0.272.0>) Dyn Var (RE): no Match (varname=created_news_url), 

=INFO REPORT==== 1-Dec-2016::18:03:57 ===
           ts_search:(5:<0.309.0>) Dyn Var (RE): no Match (varname=created_news_id), 

=INFO REPORT==== 1-Dec-2016::18:03:57 ===
           ts_search:(5:<0.309.0>) Dyn Var (RE): no Match (varname=created_news_url), 

=INFO REPORT==== 1-Dec-2016::18:03:57 ===
           ts_search:(5:<0.398.0>) Dyn Var (RE): no Match (varname=created_news_id), 

=INFO REPORT==== 1-Dec-2016::18:03:57 ===
           ts_search:(5:<0.398.0>) Dyn Var (RE): no Match (varname=created_news_url), 

=INFO REPORT==== 1-Dec-2016::18:04:00 ===
           ts_search:(5:<0.317.0>) Dyn Var (RE): no Match (varname=created_news_id), 

=INFO REPORT==== 1-Dec-2016::18:04:00 ===
           ts_search:(5:<0.317.0>) Dyn Var (RE): no Match (varname=created_news_url), 

=INFO REPORT==== 1-Dec-2016::18:04:01 ===
           ts_search:(5:<0.223.0>) Dyn Var (RE): no Match (varname=created_news_id), 

=INFO REPORT==== 1-Dec-2016::18:04:01 ===
           ts_search:(5:<0.223.0>) Dyn Var (RE): no Match (varname=created_news_url), 

=INFO REPORT==== 1-Dec-2016::18:04:01 ===
           ts_search:(5:<0.420.0>) Dyn Var (RE): no Match (varname=created_news_id), 

=INFO REPORT==== 1-Dec-2016::18:04:01 ===
           ts_search:(5:<0.420.0>) Dyn Var (RE): no Match (varname=created_news_url), 

=INFO REPORT==== 1-Dec-2016::18:04:02 ===
           ts_search:(5:<0.350.0>) Dyn Var (RE): no Match (varname=created_news_id), 

=INFO REPORT==== 1-Dec-2016::18:04:02 ===
           ts_search:(5:<0.350.0>) Dyn Var (RE): no Match (varname=created_news_url), 

=INFO REPORT==== 1-Dec-2016::18:04:03 ===
           ts_search:(5:<0.407.0>) Dyn Var (RE): no Match (varname=created_news_id), 

=INFO REPORT==== 1-Dec-2016::18:04:03 ===
           ts_search:(5:<0.407.0>) Dyn Var (RE): no Match (varname=created_news_url), 

=INFO REPORT==== 1-Dec-2016::18:04:04 ===
           ts_search:(5:<0.319.0>) Dyn Var (RE): no Match (varname=created_news_id), 

=INFO REPORT==== 1-Dec-2016::18:04:04 ===
           ts_search:(5:<0.319.0>) Dyn Var (RE): no Match (varname=created_news_url), 

=INFO REPORT==== 1-Dec-2016::18:04:04 ===
           ts_search:(5:<0.377.0>) Dyn Var (RE): no Match (varname=created_news_id), 

=INFO REPORT==== 1-Dec-2016::18:04:04 ===
           ts_search:(5:<0.377.0>) Dyn Var (RE): no Match (varname=created_news_url), 

=INFO REPORT==== 1-Dec-2016::18:04:05 ===
           ts_search:(5:<0.342.0>) Dyn Var (RE): no Match (varname=created_news_id), 

=INFO REPORT==== 1-Dec-2016::18:04:05 ===
           ts_search:(5:<0.342.0>) Dyn Var (RE): no Match (varname=created_news_url), 

=INFO REPORT==== 1-Dec-2016::18:04:05 ===
           ts_search:(5:<0.360.0>) Dyn Var (RE): no Match (varname=created_news_id), 

=INFO REPORT==== 1-Dec-2016::18:04:05 ===
           ts_search:(5:<0.360.0>) Dyn Var (RE): no Match (varname=created_news_url), 

=INFO REPORT==== 1-Dec-2016::18:04:06 ===
           ts_search:(5:<0.352.0>) Dyn Var (RE): no Match (varname=created_news_id), 

=INFO REPORT==== 1-Dec-2016::18:04:06 ===
           ts_search:(5:<0.352.0>) Dyn Var (RE): no Match (varname=created_news_url), 

=INFO REPORT==== 1-Dec-2016::18:04:06 ===
           ts_search:(5:<0.314.0>) Dyn Var (RE): no Match (varname=created_news_id), 

=INFO REPORT==== 1-Dec-2016::18:04:06 ===
           ts_search:(5:<0.314.0>) Dyn Var (RE): no Match (varname=created_news_url), 

=INFO REPORT==== 1-Dec-2016::18:04:06 ===
           ts_search:(5:<0.328.0>) Dyn Var (RE): no Match (varname=created_news_id), 

=INFO REPORT==== 1-Dec-2016::18:04:06 ===
           ts_search:(5:<0.328.0>) Dyn Var (RE): no Match (varname=created_news_url), 

=INFO REPORT==== 1-Dec-2016::18:04:06 ===
           ts_search:(5:<0.373.0>) Dyn Var (RE): no Match (varname=created_news_id), 

=INFO REPORT==== 1-Dec-2016::18:04:06 ===
           ts_search:(5:<0.373.0>) Dyn Var (RE): no Match (varname=created_news_url), 

=INFO REPORT==== 1-Dec-2016::18:04:07 ===
           ts_search:(5:<0.422.0>) Dyn Var (RE): no Match (varname=created_news_id), 

=INFO REPORT==== 1-Dec-2016::18:04:07 ===
           ts_search:(5:<0.422.0>) Dyn Var (RE): no Match (varname=created_news_url), 

=INFO REPORT==== 1-Dec-2016::18:04:07 ===
           ts_search:(5:<0.244.0>) Dyn Var (RE): no Match (varname=created_news_id), 

=INFO REPORT==== 1-Dec-2016::18:04:07 ===
           ts_search:(5:<0.244.0>) Dyn Var (RE): no Match (varname=created_news_url), 

=INFO REPORT==== 1-Dec-2016::18:04:07 ===
           ts_search:(5:<0.346.0>) Dyn Var (RE): no Match (varname=created_news_id), 

=INFO REPORT==== 1-Dec-2016::18:04:07 ===
           ts_search:(5:<0.346.0>) Dyn Var (RE): no Match (varname=created_news_url), 

=INFO REPORT==== 1-Dec-2016::18:04:09 ===
           ts_search:(5:<0.509.0>) Dyn Var (RE): no Match (varname=created_news_id), 

=INFO REPORT==== 1-Dec-2016::18:04:09 ===
           ts_search:(5:<0.509.0>) Dyn Var (RE): no Match (varname=created_news_url), 

=INFO REPORT==== 1-Dec-2016::18:04:10 ===
           ts_search:(5:<0.354.0>) Dyn Var (RE): no Match (varname=created_news_id), 

=INFO REPORT==== 1-Dec-2016::18:04:10 ===
           ts_search:(5:<0.354.0>) Dyn Var (RE): no Match (varname=created_news_url), 

=INFO REPORT==== 1-Dec-2016::18:04:11 ===
           ts_search:(5:<0.268.0>) Dyn Var (RE): no Match (varname=created_news_id), 

=INFO REPORT==== 1-Dec-2016::18:04:11 ===
           ts_search:(5:<0.268.0>) Dyn Var (RE): no Match (varname=created_news_url), 

=INFO REPORT==== 1-Dec-2016::18:04:11 ===
           ts_search:(5:<0.325.0>) Dyn Var (RE): no Match (varname=created_news_id), 

=INFO REPORT==== 1-Dec-2016::18:04:11 ===
           ts_search:(5:<0.325.0>) Dyn Var (RE): no Match (varname=created_news_url), 

=INFO REPORT==== 1-Dec-2016::18:04:12 ===
           ts_search:(5:<0.371.0>) Dyn Var (RE): no Match (varname=created_news_id), 

=INFO REPORT==== 1-Dec-2016::18:04:12 ===
           ts_search:(5:<0.371.0>) Dyn Var (RE): no Match (varname=created_news_url), 

=INFO REPORT==== 1-Dec-2016::18:04:12 ===
           ts_search:(5:<0.330.0>) Dyn Var (RE): no Match (varname=created_news_id), 

=INFO REPORT==== 1-Dec-2016::18:04:12 ===
           ts_search:(5:<0.330.0>) Dyn Var (RE): no Match (varname=created_news_url), 

=INFO REPORT==== 1-Dec-2016::18:04:12 ===
           ts_search:(5:<0.316.0>) Dyn Var (RE): no Match (varname=created_news_id), 

=INFO REPORT==== 1-Dec-2016::18:04:12 ===
           ts_search:(5:<0.316.0>) Dyn Var (RE): no Match (varname=created_news_url), 

=INFO REPORT==== 1-Dec-2016::18:04:14 ===
           ts_search:(5:<0.463.0>) Dyn Var (RE): no Match (varname=created_news_id), 

=INFO REPORT==== 1-Dec-2016::18:04:14 ===
           ts_search:(5:<0.463.0>) Dyn Var (RE): no Match (varname=created_news_url), 

=INFO REPORT==== 1-Dec-2016::18:04:15 ===
           ts_search:(5:<0.393.0>) Dyn Var (RE): no Match (varname=created_news_id), 

=INFO REPORT==== 1-Dec-2016::18:04:15 ===
           ts_search:(5:<0.393.0>) Dyn Var (RE): no Match (varname=created_news_url), 

=INFO REPORT==== 1-Dec-2016::18:04:16 ===
           ts_search:(5:<0.553.0>) Dyn Var (RE): no Match (varname=created_news_id), 

=INFO REPORT==== 1-Dec-2016::18:04:16 ===
           ts_search:(5:<0.553.0>) Dyn Var (RE): no Match (varname=created_news_url), 

=INFO REPORT==== 1-Dec-2016::18:04:16 ===
         ts_launcher:(5:<0.112.0>) This was the last phase, wait for connected users to finish their session

=INFO REPORT==== 1-Dec-2016::18:04:17 ===
           ts_search:(5:<0.496.0>) Dyn Var (RE): no Match (varname=created_news_id), 

=INFO REPORT==== 1-Dec-2016::18:04:17 ===
           ts_search:(5:<0.496.0>) Dyn Var (RE): no Match (varname=created_news_url), 

=INFO REPORT==== 1-Dec-2016::18:04:19 ===
           ts_search:(5:<0.386.0>) Dyn Var (RE): no Match (varname=created_news_id), 

=INFO REPORT==== 1-Dec-2016::18:04:19 ===
           ts_search:(5:<0.386.0>) Dyn Var (RE): no Match (varname=created_news_url), 

=INFO REPORT==== 1-Dec-2016::18:04:19 ===
           ts_search:(5:<0.414.0>) Dyn Var (RE): no Match (varname=created_news_id), 

=INFO REPORT==== 1-Dec-2016::18:04:19 ===
           ts_search:(5:<0.414.0>) Dyn Var (RE): no Match (varname=created_news_url), 

=INFO REPORT==== 1-Dec-2016::18:04:19 ===
           ts_search:(5:<0.417.0>) Dyn Var (RE): no Match (varname=created_news_id), 

=INFO REPORT==== 1-Dec-2016::18:04:19 ===
           ts_search:(5:<0.417.0>) Dyn Var (RE): no Match (varname=created_news_url), 

=INFO REPORT==== 1-Dec-2016::18:04:20 ===
           ts_search:(5:<0.445.0>) Dyn Var (RE): no Match (varname=created_news_id), 

=INFO REPORT==== 1-Dec-2016::18:04:20 ===
           ts_search:(5:<0.445.0>) Dyn Var (RE): no Match (varname=created_news_url), 

=INFO REPORT==== 1-Dec-2016::18:04:20 ===
           ts_search:(5:<0.389.0>) Dyn Var (RE): no Match (varname=created_news_id), 

=INFO REPORT==== 1-Dec-2016::18:04:20 ===
           ts_search:(5:<0.389.0>) Dyn Var (RE): no Match (varname=created_news_url), 

=INFO REPORT==== 1-Dec-2016::18:04:21 ===
           ts_search:(5:<0.353.0>) Dyn Var (RE): no Match (varname=created_news_id), 

=INFO REPORT==== 1-Dec-2016::18:04:21 ===
           ts_search:(5:<0.353.0>) Dyn Var (RE): no Match (varname=created_news_url), 

=INFO REPORT==== 1-Dec-2016::18:06:06 ===
     ts_launcher_mgr:(5:<0.106.0>) No more active users 'tsung_controller@ip-172-31-13-122' "4703"

=INFO REPORT==== 1-Dec-2016::18:06:07 ===
              ts_mon:(5:<0.56.0>) stopping monitor (normal)
