# stats: dump at 1480607648
stats: users 4 5
stats: {freemem,"tsung_controller@ip-172-31-13-122"} 1 3156.89453125 0 3156.89453125 3156.89453125 0 0
stats: {load,"tsung_controller@ip-172-31-13-122"} 1 0.0 0 0.0 0.0 0 0
stats: {cpu,"tsung_controller@ip-172-31-13-122"} 1 2.6148813811163576 0 2.6148813811163576 2.6148813811163576 0 0
stats: session 9 902.6895887586805 582.5042015854532 1634.099853515625 39.68701171875 0 0
stats: users_count 13 13
stats: finish_users_count 9 9
stats: request 13 24.254300631009617 43.61186628325732 175.321044921875 11.033203125 0 0
stats: connect 13 13.828463040865385 42.94801884611226 162.60107421875 1.176025390625 0 0
stats: page 13 24.254300631009617 43.61186628325732 175.321044921875 11.033203125 0 0
stats: 200 13 13
stats: size_rcv 323196 323196
stats: size_sent 2405 2405
stats: connected 4 4
# stats: dump at 1480607658
stats: users 2 5
stats: {freemem,"tsung_controller@ip-172-31-13-122"} 1 3156.19140625 0.0 3156.89453125 3156.19140625 3156.89453125 1
stats: {load,"tsung_controller@ip-172-31-13-122"} 1 0.0 0.0 0.0 0.0 0.0 1
stats: {recvpackets,"tsung_controller@ip-172-31-13-122"} 1 319 0 319 319 0 0
stats: {sentpackets,"tsung_controller@ip-172-31-13-122"} 1 281 0 281 281 0 0
stats: {cpu,"tsung_controller@ip-172-31-13-122"} 1 2.546523016650343 0.0 2.6148813811163576 2.546523016650343 2.6148813811163576 1
stats: session 17 1861.8885713465074 1393.79294950495 4493.1689453125 39.68701171875 902.6895887586805 9
stats: users_count 15 28
stats: finish_users_count 17 26
stats: request 14 11.996372767857142 1.9498028274233201 175.321044921875 11.033203125 24.254300631009617 13
stats: connect 15 1.4092447916666666 0.26377837817377187 162.60107421875 1.044189453125 13.828463040865385 13
stats: page 14 11.996372767857142 1.9498028274233201 175.321044921875 11.033203125 24.254300631009617 13
stats: 200 14 27
stats: size_rcv 349908 673104
stats: size_sent 2775 5180
stats: connected -2 2
# stats: dump at 1480607668
stats: users 0 5
stats: {freemem,"tsung_controller@ip-172-31-13-122"} 1 3155.828125 0.0 3156.89453125 3155.828125 3156.54296875 2
stats: {load,"tsung_controller@ip-172-31-13-122"} 1 0.0 0.0 0.0 0.0 0.0 2
stats: {recvpackets,"tsung_controller@ip-172-31-13-122"} 1 336.0 0.0 336 319 319.0 1
stats: {sentpackets,"tsung_controller@ip-172-31-13-122"} 1 318.0 0.0 318 281 281.0 1
stats: {cpu,"tsung_controller@ip-172-31-13-122"} 1 1.4822134387351777 0.0 2.6148813811163576 1.4822134387351777 2.5807021988833503 2
stats: session 4 3937.8760375976563 2858.341428044977 8068.130126953125 39.68701171875 1529.858154296875 26
stats: users_count 2 30
stats: finish_users_count 4 30
stats: request 3 13.355387369791666 3.646818698149538 175.321044921875 10.468994140625 17.898338035300927 27
stats: connect 2 1.7030029296875 0.2689208984375 162.60107421875 1.044189453125 7.175310407366071 28
stats: page 3 13.355387369791666 3.646818698149538 175.321044921875 10.468994140625 17.898338035300927 27
stats: 200 3 30
stats: size_rcv 74902 748006
stats: size_sent 370 5550
stats: connected -2 0
# stats: dump at 1480607678
stats: users 3 5
stats: {freemem,"tsung_controller@ip-172-31-13-122"} 1 3155.8671875 0.0 3156.89453125 3155.828125 3156.3046875 3
stats: {load,"tsung_controller@ip-172-31-13-122"} 1 0.0 0.0 0.0 0.0 0.0 3
stats: {recvpackets,"tsung_controller@ip-172-31-13-122"} 1 70.0 0.0 336 70 327.5 2
stats: {sentpackets,"tsung_controller@ip-172-31-13-122"} 1 66.0 0.0 318 66 299.5 2
stats: {cpu,"tsung_controller@ip-172-31-13-122"} 1 1.0848126232741617 0.0 2.6148813811163576 1.0848126232741617 2.2145392788339593 3
stats: session 14 1118.806117466518 1186.423450843897 8068.130126953125 39.68701171875 1850.9272054036458 30
stats: users_count 17 47
stats: finish_users_count 14 44
stats: request 16 12.93817138671875 5.669815586459145 175.321044921875 10.468994140625 17.44404296875 30
stats: connect 16 2.0017852783203125 1.7788947008257068 162.60107421875 1.044189453125 6.810489908854167 30
stats: page 16 12.93817138671875 5.669815586459145 175.321044921875 10.468994140625 17.44404296875 30
stats: 200 16 46
stats: size_rcv 399128 1147134
stats: newphase 1 1
stats: size_sent 2960 8510
stats: connected 2 2
# stats: dump at 1480607688
stats: users 3 7
stats: {freemem,"tsung_controller@ip-172-31-13-122"} 1 3155.8671875 0.0 3156.89453125 3155.828125 3156.1953125 4
stats: {load,"tsung_controller@ip-172-31-13-122"} 1 0.0 0.0 0.0 0.0 0.0 4
stats: {recvpackets,"tsung_controller@ip-172-31-13-122"} 1 409.0 0.0 409 70 241.66666666666666 3
stats: {sentpackets,"tsung_controller@ip-172-31-13-122"} 1 370.0 0.0 370 66 221.66666666666666 3
stats: {cpu,"tsung_controller@ip-172-31-13-122"} 1 1.5779092702169626 0.0 2.6148813811163576 1.0848126232741617 1.93210761494401 4
stats: session 19 2184.4779373972037 1674.5382415368952 8068.130126953125 39.68701171875 1617.9795865145597 44
stats: users_count 19 66
stats: finish_users_count 19 63
stats: request 20 11.5492431640625 1.523948967197168 175.321044921875 9.808837890625 15.876783288043478 46
stats: connect 20 1.375341796875 0.24944273590426944 162.60107421875 1.010009765625 5.137896993885869 46
stats: page 20 11.5492431640625 1.523948967197168 175.321044921875 9.808837890625 15.876783288043478 46
stats: 200 20 66
stats: size_rcv 497603 1644737
stats: newphase 0 1
stats: size_sent 3700 12210
stats: connected 2 4
# stats: dump at 1480607698
stats: users 5 7
stats: {freemem,"tsung_controller@ip-172-31-13-122"} 1 3155.49609375 0.0 3156.89453125 3155.49609375 3156.1296875 5
stats: {load,"tsung_controller@ip-172-31-13-122"} 1 0.0 0.0 0.0 0.0 0.0 5
stats: {recvpackets,"tsung_controller@ip-172-31-13-122"} 1 401.0 0.0 409 70 283.5 4
stats: {sentpackets,"tsung_controller@ip-172-31-13-122"} 1 352.0 0.0 370 66 258.75 4
stats: {cpu,"tsung_controller@ip-172-31-13-122"} 1 1.3806706114398422 0.0 2.6148813811163576 1.0848126232741617 1.8612679459986006 5
stats: session 16 1691.3454895019531 1257.0037159636906 8068.130126953125 39.68701171875 1788.8282955109128 63
stats: users_count 18 84
stats: finish_users_count 16 79
stats: request 18 11.323079427083334 1.085839158079383 175.321044921875 9.808837890625 14.565407492897727 66
stats: connect 18 1.4292534722222223 0.31583481200688546 162.60107421875 1.010009765625 3.9977287523674243 66
stats: page 18 11.323079427083334 1.085839158079383 175.321044921875 9.808837890625 14.565407492897727 66
stats: 200 18 84
stats: size_rcv 449404 2094141
stats: newphase 0 1
stats: size_sent 3330 15540
stats: connected 2 6
# stats: dump at 1480607708
stats: users 5 10
stats: {freemem,"tsung_controller@ip-172-31-13-122"} 1 3155.53515625 0.0 3156.89453125 3155.49609375 3156.0240885416665 6
stats: {load,"tsung_controller@ip-172-31-13-122"} 1 0.0 0.0 0.0 0.0 0.0 6
stats: {recvpackets,"tsung_controller@ip-172-31-13-122"} 1 436.0 0.0 436 70 307.0 5
stats: {sentpackets,"tsung_controller@ip-172-31-13-122"} 1 397.0 0.0 397 66 277.4 5
stats: {cpu,"tsung_controller@ip-172-31-13-122"} 1 1.4822134387351777 0.0 2.6148813811163576 1.0848126232741617 1.7811683902388076 6
stats: session 36 1571.942389594184 1616.740889644834 8068.130126953125 39.68701171875 1769.084942395174 79
stats: users_count 36 120
stats: finish_users_count 36 115
stats: request 36 14.97989230685764 10.026342868351712 175.321044921875 9.3798828125 13.870622907366071 84
stats: connect 36 3.2718912760416665 9.505321631779692 162.60107421875 0.998046875 3.4473411923363093 84
stats: page 36 14.97989230685764 10.026342868351712 175.321044921875 9.3798828125 13.870622907366071 84
stats: 200 36 120
stats: size_rcv 911454 3005595
stats: newphase 1 2
stats: size_sent 6660 22200
stats: connected -1 5
# stats: dump at 1480607718
stats: users 9 12
stats: {freemem,"tsung_controller@ip-172-31-13-122"} 1 3155.390625 0.0 3156.89453125 3155.390625 3155.9542410714284 7
stats: {load,"tsung_controller@ip-172-31-13-122"} 1 0.0 0.0 0.0 0.0 0.0 7
stats: {recvpackets,"tsung_controller@ip-172-31-13-122"} 1 858.0 0.0 858 70 328.5 6
stats: {sentpackets,"tsung_controller@ip-172-31-13-122"} 1 773.0 0.0 773 66 297.3333333333333 6
stats: {cpu,"tsung_controller@ip-172-31-13-122"} 1 2.2660098522167487 0.0 2.6148813811163576 1.0848126232741617 1.7384605400240034 7
stats: session 35 1707.1358607700893 1324.6822097919933 8068.130126953125 39.68701171875 1707.370751953125 115
stats: users_count 39 159
stats: finish_users_count 35 150
stats: request 33 12.290682705965908 2.918593954671761 175.321044921875 9.3798828125 14.203403727213542 120
stats: connect 33 1.4390536221590908 0.31289112478328557 162.60107421875 0.987060546875 3.394706217447917 120
stats: page 33 12.290682705965908 2.918593954671761 175.321044921875 9.3798828125 14.203403727213542 120
stats: 200 33 153
stats: size_rcv 836552 3842147
stats: newphase 0 2
stats: size_sent 6105 28305
stats: connected -1 4
# stats: dump at 1480607728
stats: users 9 12
stats: {freemem,"tsung_controller@ip-172-31-13-122"} 1 3155.28125 0.0 3156.89453125 3155.28125 3155.8837890625 8
stats: {load,"tsung_controller@ip-172-31-13-122"} 1 0.0 0.0 0.0 0.0 0.0 8
stats: {recvpackets,"tsung_controller@ip-172-31-13-122"} 1 977.0 0.0 977 70 404.14285714285717 7
stats: {sentpackets,"tsung_controller@ip-172-31-13-122"} 1 879.0 0.0 879 66 365.2857142857143 7
stats: {cpu,"tsung_controller@ip-172-31-13-122"} 1 2.3692003948667324 0.0 2.6148813811163576 1.0848126232741617 1.8044042040480965 8
stats: session 36 1932.2701551649307 1487.8854273631978 8068.130126953125 14.055908203125 1707.3159440104166 150
stats: users_count 36 195
stats: finish_users_count 36 186
stats: request 42 11.242902483258929 2.151672591212409 175.321044921875 9.06494140625 13.790856055964053 153
stats: connect 42 1.240059988839286 0.1620286337600516 162.60107421875 0.921142578125 2.9728987949346406 153
stats: page 42 11.242902483258929 2.151672591212409 175.321044921875 9.06494140625 13.790856055964053 153
stats: 200 42 195
stats: size_rcv 1066482 4908629
stats: newphase 0 2
stats: size_sent 7770 36075
stats: connected 6 10
# stats: dump at 1480607738
stats: users 20 22
stats: {freemem,"tsung_controller@ip-172-31-13-122"} 1 3155.3203125 0.0 3156.89453125 3155.28125 3155.816840277778 9
stats: {load,"tsung_controller@ip-172-31-13-122"} 1 0.0 0.0 0.0 0.0 0.0 9
stats: {recvpackets,"tsung_controller@ip-172-31-13-122"} 1 746.0 0.0 977 70 475.75 8
stats: {sentpackets,"tsung_controller@ip-172-31-13-122"} 1 680.0 0.0 879 66 429.5 8
stats: {cpu,"tsung_controller@ip-172-31-13-122"} 1 2.0710059171597637 0.0 2.6148813811163576 1.0848126232741617 1.8671593363612782 9
stats: session 62 1687.8126575100807 1780.7277227285708 8904.10791015625 14.055908203125 1750.85546875 186
stats: users_count 73 268
stats: finish_users_count 62 248
stats: request 69 11.892167685688406 3.5409246318168406 175.321044921875 9.06494140625 13.242066055689103 195
stats: connect 69 1.357322803442029 0.598756444834135 162.60107421875 0.921142578125 2.5996719751602564 195
stats: page 69 11.892167685688406 3.5409246318168406 175.321044921875 9.06494140625 13.242066055689103 195
stats: 200 69 264
stats: size_rcv 1752181 6660810
stats: newphase 1 3
stats: size_sent 12765 48840
stats: connected 10 20
# stats: dump at 1480607748
stats: users 11 29
stats: {freemem,"tsung_controller@ip-172-31-13-122"} 1 3154.44140625 0.0 3156.89453125 3154.44140625 3155.7671875 10
stats: {load,"tsung_controller@ip-172-31-13-122"} 1 0.0 0.0 0.0 0.0 0.0 10
stats: {recvpackets,"tsung_controller@ip-172-31-13-122"} 1 2080.0 0.0 2080 70 505.77777777777777 9
stats: {sentpackets,"tsung_controller@ip-172-31-13-122"} 1 1865.0 0.0 1865 66 457.3333333333333 9
stats: {cpu,"tsung_controller@ip-172-31-13-122"} 1 3.9408866995073892 0.0 3.9408866995073892 1.0848126232741617 1.8875439944411265 10
stats: session 85 2053.153903377757 1591.3361317078911 8904.10791015625 14.055908203125 1735.0947659400201 248
stats: users_count 76 344
stats: finish_users_count 85 333
stats: request 77 11.345113382711038 2.0296777470434457 175.321044921875 9.06494140625 12.889251708984375 264
stats: connect 77 1.29904690036526 0.3567522836514402 162.60107421875 0.8740234375 2.274967078006629 264
stats: page 77 11.345113382711038 2.0296777470434457 175.321044921875 9.06494140625 12.889251708984375 264
stats: 200 77 341
stats: size_rcv 1956468 8617278
stats: newphase 0 3
stats: size_sent 14245 63085
stats: connected -10 10
# stats: dump at 1480607758
stats: users 12 29
stats: {freemem,"tsung_controller@ip-172-31-13-122"} 1 3154.30859375 0.0 3156.89453125 3154.30859375 3155.646661931818 11
stats: {load,"tsung_controller@ip-172-31-13-122"} 1 0.0 0.0 0.0 0.0 0.0 11
stats: {recvpackets,"tsung_controller@ip-172-31-13-122"} 1 1561.0 0.0 2080 70 663.2 10
stats: {sentpackets,"tsung_controller@ip-172-31-13-122"} 1 1385.0 0.0 1865 66 598.1 10
stats: {cpu,"tsung_controller@ip-172-31-13-122"} 1 3.2448377581120944 0.0 3.9408866995073892 1.0848126232741617 2.074211513083514 11
stats: session 74 1839.3578969594594 1815.2648346668384 8904.10791015625 14.055908203125 1816.281032252956 333
stats: users_count 75 419
stats: finish_users_count 74 407
stats: request 76 12.515123869243423 4.613466500909285 175.321044921875 9.06494140625 12.540575312729105 341
stats: connect 76 1.654515316611842 2.6986694856729603 162.60107421875 0.8740234375 2.054598005635997 341
stats: page 76 12.515123869243423 4.613466500909285 175.321044921875 9.06494140625 12.540575312729105 341
stats: 200 76 417
stats: size_rcv 1929738 10547016
stats: newphase 0 3
stats: size_sent 14060 77145
stats: connected 1 11
# stats: dump at 1480607768
stats: users 33 36
stats: {freemem,"tsung_controller@ip-172-31-13-122"} 1 3154.30859375 0.0 3156.89453125 3154.30859375 3155.53515625 12
stats: {load,"tsung_controller@ip-172-31-13-122"} 1 0.0 0.0 0.0 0.0 0.0 12
stats: {recvpackets,"tsung_controller@ip-172-31-13-122"} 1 1737.0 0.0 2080 70 744.8181818181819 11
stats: {sentpackets,"tsung_controller@ip-172-31-13-122"} 1 1589.0 0.0 1865 66 669.6363636363636 11
stats: {cpu,"tsung_controller@ip-172-31-13-122"} 1 3.5538005923000986 0.0 3.9408866995073892 1.0848126232741617 2.171763700169229 12
stats: session 103 1851.0163408297933 1748.3052578955492 8904.10791015625 14.055908203125 1820.4768258359568 407
stats: users_count 124 543
stats: finish_users_count 103 510
stats: request 121 12.877873192148762 3.5186484297541405 175.321044921875 9.06494140625 12.535936680343225 417
stats: connect 121 1.6993741122159092 2.210592350291442 162.60107421875 0.8740234375 1.9816812565572541 417
stats: page 121 12.877873192148762 3.5186484297541405 175.321044921875 9.06494140625 12.535936680343225 417
stats: 200 121 538
stats: size_rcv 3078585 13625601
stats: newphase 1 4
stats: size_sent 22385 99530
stats: connected 20 31
# stats: dump at 1480607778
stats: users 37 42
stats: {freemem,"tsung_controller@ip-172-31-13-122"} 1 3152.98828125 0.0 3156.89453125 3152.98828125 3155.4408052884614 13
stats: {load,"tsung_controller@ip-172-31-13-122"} 1 0.0 0.0 0.0 0.0 0.0 13
stats: {recvpackets,"tsung_controller@ip-172-31-13-122"} 1 3383.0 0.0 3383 70 827.5 12
stats: {sentpackets,"tsung_controller@ip-172-31-13-122"} 1 3017.0 0.0 3017 66 746.25 12
stats: {cpu,"tsung_controller@ip-172-31-13-122"} 1 6.164383561643835 0.0 6.164383561643835 1.0848126232741617 2.278074230333142 13
stats: session 159 2152.5672277294625 2183.3534347804616 16549.071044921875 14.055908203125 1826.6446102366729 510
stats: users_count 163 706
stats: finish_users_count 159 669
stats: request 164 11.54623785251525 2.407193688581574 175.321044921875 8.77294921875 12.612840617013244 538
stats: connect 164 1.342539717511433 0.6272298892265655 162.60107421875 0.8740234375 1.9181883858039033 538
stats: page 164 11.54623785251525 2.407193688581574 175.321044921875 8.77294921875 12.612840617013244 538
stats: 200 164 702
stats: size_rcv 4165446 17791047
stats: newphase 0 4
stats: size_sent 30340 129870
stats: connected 6 37
# stats: dump at 1480607788
stats: users 46 46
stats: {freemem,"tsung_controller@ip-172-31-13-122"} 1 3152.7578125 0.0 3156.89453125 3152.7578125 3155.265625 14
stats: {load,"tsung_controller@ip-172-31-13-122"} 1 0.0 0.0 0.0 0.0 0.0 14
stats: {recvpackets,"tsung_controller@ip-172-31-13-122"} 1 3953.0 0.0 3953 70 1024.076923076923 13
stats: {sentpackets,"tsung_controller@ip-172-31-13-122"} 1 3577.0 0.0 3577 66 920.9230769230769 13
stats: {cpu,"tsung_controller@ip-172-31-13-122"} 1 6.324110671936759 0.0 6.324110671936759 1.0848126232741617 2.555667753998192 14
stats: session 170 1855.7761560776662 1809.3078403959425 16549.071044921875 14.055908203125 1904.1060395062598 669
stats: users_count 179 885
stats: finish_users_count 170 839
stats: request 178 17.532854744557586 74.52397769283971 1006.889892578125 8.5029296875 12.363662763198896 702
stats: connect 178 6.851893049947331 74.46484041565147 997.525146484375 0.84912109375 1.783706360732728 702
stats: page 178 17.532854744557586 74.52397769283971 1006.889892578125 8.5029296875 12.363662763198896 702
stats: 200 178 880
stats: size_rcv 4525849 22316896
stats: newphase 0 4
stats: size_sent 32930 162800
stats: connected 5 42
# stats: dump at 1480607798
stats: users 73 73
stats: {freemem,"tsung_controller@ip-172-31-13-122"} 1 3152.42578125 0.0 3156.89453125 3152.42578125 3155.0984375 15
stats: {load,"tsung_controller@ip-172-31-13-122"} 1 0.0 0.0 0.0 0.0 0.0 15
stats: {recvpackets,"tsung_controller@ip-172-31-13-122"} 1 3718.0 0.0 3953 70 1233.2857142857142 14
stats: {sentpackets,"tsung_controller@ip-172-31-13-122"} 1 3373.0 0.0 3577 66 1110.642857142857 14
stats: {cpu,"tsung_controller@ip-172-31-13-122"} 1 5.649157581764123 0.0 6.324110671936759 1.0848126232741617 2.806897281860763 15
stats: session 247 1865.322602677442 1886.1793077857599 16549.071044921875 14.055908203125 1894.3133336864018 839
stats: users_count 274 1159
stats: finish_users_count 247 1086
stats: request 269 11.085054418854552 3.1578250748415653 1006.889892578125 8.18310546875 13.40924932306463 880
stats: connect 269 1.2802679919842008 0.6007935052556702 997.525146484375 0.843017578125 2.8088623046875 880
stats: page 269 11.085054418854552 3.1578250748415653 1006.889892578125 8.18310546875 13.40924932306463 880
stats: 200 269 1149
stats: size_rcv 6855375 29172271
stats: newphase 1 5
stats: size_sent 49765 212565
stats: connected 25 67
# stats: dump at 1480607808
stats: users 67 85
stats: {freemem,"tsung_controller@ip-172-31-13-122"} 1 3150.53515625 0.0 3156.89453125 3150.53515625 3154.931396484375 16
stats: {load,"tsung_controller@ip-172-31-13-122"} 1 0.0 0.0 0.0 0.0 0.0 16
stats: {recvpackets,"tsung_controller@ip-172-31-13-122"} 1 7223.0 0.0 7223 70 1398.9333333333334 15
stats: {sentpackets,"tsung_controller@ip-172-31-13-122"} 1 6532.0 0.0 6532 66 1261.4666666666667 15
stats: {cpu,"tsung_controller@ip-172-31-13-122"} 1 11.143695014662756 0.0 11.143695014662756 1.0848126232741617 2.984538550604723 16
stats: session 338 2010.3329955332374 1958.3037725787376 16549.071044921875 14.055908203125 1887.7196775545297 1086
stats: users_count 332 1491
stats: finish_users_count 338 1424
stats: request 338 10.626620862610938 1.9629536639107317 1006.889892578125 7.947998046875 12.865116660547216 1149
stats: connect 338 1.2296626525517753 0.595798548837385 997.525146484375 0.80810546875 2.4509929660302436 1149
stats: page 338 10.626620862610938 1.9629536639107317 1006.889892578125 7.947998046875 12.865116660547216 1149
stats: 200 338 1487
stats: size_rcv 8585513 37757784
stats: newphase 0 5
stats: size_sent 62530 275095
stats: connected -1 66
# stats: dump at 1480607818
stats: users 79 85
stats: {freemem,"tsung_controller@ip-172-31-13-122"} 1 3148.5078125 0.0 3156.89453125 3148.5078125 3154.672794117647 17
stats: {load,"tsung_controller@ip-172-31-13-122"} 1 0.0 0.0 0.0 0.0 0.0 17
stats: {recvpackets,"tsung_controller@ip-172-31-13-122"} 1 7851.0 0.0 7851 70 1762.9375 16
stats: {sentpackets,"tsung_controller@ip-172-31-13-122"} 1 7032.0 0.0 7032 66 1590.875 16
stats: {cpu,"tsung_controller@ip-172-31-13-122"} 1 12.53616200578592 0.0 12.53616200578592 1.0848126232741617 3.4644889308434306 17
stats: session 336 2172.6607898530515 2050.822784795788 16549.071044921875 14.055908203125 1916.8231196028466 1424
stats: users_count 348 1839
stats: finish_users_count 336 1760
stats: request 346 10.292754244942191 1.9123818824941028 1006.889892578125 7.89501953125 12.356299189328343 1487
stats: connect 347 1.1024271940291783 0.22709118638338124 997.525146484375 0.80810546875 2.1733805612180563 1487
stats: page 346 10.292754244942191 1.9123818824941028 1006.889892578125 7.89501953125 12.356299189328343 1487
stats: 200 346 1833
stats: size_rcv 8788732 46546516
stats: newphase 0 5
stats: size_sent 64195 339290
stats: connected 13 79
# stats: dump at 1480607828
stats: users 126 152
stats: {freemem,"tsung_controller@ip-172-31-13-122"} 1 3147.83203125 0.0 3156.89453125 3147.83203125 3154.3302951388887 18
stats: {load,"tsung_controller@ip-172-31-13-122"} 1 0.0 0.0 0.0 0.0 0.0 18
stats: {recvpackets,"tsung_controller@ip-172-31-13-122"} 1 7332.0 0.0 7851 70 2121.0588235294117 17
stats: {sentpackets,"tsung_controller@ip-172-31-13-122"} 1 6607.0 0.0 7032 66 1910.9411764705883 17
stats: {cpu,"tsung_controller@ip-172-31-13-122"} 1 11.394891944990176 0.0 12.53616200578592 1.0848126232741617 3.9684707683402354 18
stats: session 485 1891.2141032740012 1840.4800871557707 16549.071044921875 13.06005859375 1965.664856650613 1760
stats: users_count 532 2371
stats: finish_users_count 485 2245
stats: request 529 12.543548872430293 5.534768961003572 1006.889892578125 7.89501953125 11.966781158364016 1833
stats: connect 532 1.6847502055921058 2.117517509338689 997.525146484375 0.80810546875 1.9707519797488413 1834
stats: page 529 12.543548872430293 5.534768961003572 1006.889892578125 7.89501953125 11.966781158364016 1833
stats: 200 530 2363
stats: size_rcv 13457292 60003808
stats: newphase 1 6
stats: size_sent 98420 437710
stats: connected 50 129
# stats: dump at 1480607838
stats: users 116 152
stats: {freemem,"tsung_controller@ip-172-31-13-122"} 1 3144.74609375 0.0 3156.89453125 3144.74609375 3153.98828125 19
stats: {load,"tsung_controller@ip-172-31-13-122"} 1 0.0 0.0 0.0 0.0 0.0 19
stats: {recvpackets,"tsung_controller@ip-172-31-13-122"} 1 14311.0 0.0 14311 70 2410.5555555555557 18
stats: {sentpackets,"tsung_controller@ip-172-31-13-122"} 1 12838.0 0.0 12838 66 2171.8333333333335 18
stats: {cpu,"tsung_controller@ip-172-31-13-122"} 1 21.28475551294343 0.0 21.28475551294343 1.0848126232741617 4.359335040795496 19
stats: session 600 2144.540735270184 2120.826153083976 16549.071044921875 13.06005859375 1949.580840887737 2245
stats: users_count 590 2961
stats: finish_users_count 600 2845
stats: request 592 11.618482022672088 4.2653642125535285 1006.889892578125 7.89501953125 12.095955637932628 2362
stats: connect 588 1.4556386519451536 1.0604318073503207 997.525146484375 0.80810546875 1.9064438885183326 2366
stats: page 592 11.618482022672088 4.2653642125535285 1006.889892578125 7.89501953125 12.095955637932628 2362
stats: 200 591 2954
stats: size_rcv 15108565 75112373
stats: newphase 0 6
stats: size_sent 108780 546490
stats: connected -15 114
# stats: dump at 1480607848
stats: users 131 152
stats: {freemem,"tsung_controller@ip-172-31-13-122"} 1 3143.78125 0.0 3156.89453125 3143.78125 3153.526171875 20
stats: {load,"tsung_controller@ip-172-31-13-122"} 1 0.078125 0.0 0.078125 0.0 0.0 20
stats: {recvpackets,"tsung_controller@ip-172-31-13-122"} 1 14007.0 0.0 14311 70 3036.8947368421054 19
stats: {sentpackets,"tsung_controller@ip-172-31-13-122"} 1 12588.0 0.0 12838 66 2733.2105263157896 19
stats: {cpu,"tsung_controller@ip-172-31-13-122"} 1 21.20921305182342 0.0 21.28475551294343 1.0848126232741617 5.205606064402892 20
stats: session 613 2038.3768193056676 1950.0800718442338 16549.071044921875 12.87109375 1990.6971630773567 2845
stats: users_count 628 3589
stats: finish_users_count 613 3458
stats: request 627 11.14361854565391 2.8923795561823487 1006.889892578125 7.89501953125 12.000266951326589 2954
stats: connect 628 1.3260785728503184 0.7025988464392086 997.525146484375 0.80810546875 1.8167101447454723 2954
stats: page 627 11.14361854565391 2.8923795561823487 1006.889892578125 7.89501953125 12.000266951326589 2954
stats: 200 627 3581
stats: size_rcv 15984906 91097279
stats: newphase 0 6
stats: size_sent 116180 662670
stats: connected 13 127
# stats: dump at 1480607858
stats: users 277 281
stats: {freemem,"tsung_controller@ip-172-31-13-122"} 1 3140.82421875 0.0 3156.89453125 3140.82421875 3153.0621279761904 21
stats: {load,"tsung_controller@ip-172-31-13-122"} 1 0.140625 0.0 0.140625 0.0 0.003720238095238095 21
stats: {recvpackets,"tsung_controller@ip-172-31-13-122"} 1 15167.0 0.0 15167 70 3585.4 20
stats: {sentpackets,"tsung_controller@ip-172-31-13-122"} 1 13323.0 0.0 13323 66 3225.95 20
stats: {cpu,"tsung_controller@ip-172-31-13-122"} 1 21.805955811719503 0.0 21.805955811719503 1.0848126232741617 5.967682587613394 21
stats: session 973 1758.9357089663085 1758.481969650352 16549.071044921875 12.130126953125 1999.1493404249434 3458
stats: users_count 1119 4708
stats: finish_users_count 973 4431
stats: request 1118 12.181140114881488 5.492023884615986 1006.889892578125 7.79296875 11.850275733689958 3581
stats: connect 1120 1.461512102399554 1.2588853764753956 997.525146484375 0.7578125 1.730692102548332 3582
stats: page 1118 12.181140114881488 5.492023884615986 1006.889892578125 7.79296875 11.850275733689958 3581
stats: 200 1118 4699
stats: size_rcv 28501221 119598500
stats: newphase 1 7
stats: size_sent 207200 869870
stats: connected 153 280
# stats: dump at 1480607868
stats: users 254 299
stats: {freemem,"tsung_controller@ip-172-31-13-122"} 1 3128.4140625 0.0 3156.89453125 3128.4140625 3152.505859375 22
stats: {load,"tsung_controller@ip-172-31-13-122"} 1 0.19921875 0.0 0.19921875 0.0 0.009943181818181818 22
stats: {recvpackets,"tsung_controller@ip-172-31-13-122"} 1 29139.0 0.0 29139 70 4136.9047619047615 21
stats: {sentpackets,"tsung_controller@ip-172-31-13-122"} 1 25613.0 0.0 25613 66 3706.7619047619046 21
stats: {cpu,"tsung_controller@ip-172-31-13-122"} 1 34.84119345524543 0.0 34.84119345524543 1.0848126232741617 6.687604097800036 22
stats: session 1233 2057.937536630995 2015.7233433482916 16549.071044921875 12.130126953125 1946.4010074506143 4431
stats: users_count 1210 5918
stats: finish_users_count 1233 5664
stats: request 1217 12.247537529850558 4.539482499574543 1006.889892578125 7.781982421875 11.928995967393329 4699
stats: connect 1215 1.5369289319701642 1.655769400867484 997.525146484375 0.7578125 1.666574365379759 4702
stats: page 1217 12.247537529850558 4.539482499574543 1006.889892578125 7.781982421875 11.928995967393329 4699
stats: 200 1217 5916
stats: size_rcv 31083401 150681901
stats: newphase 0 7
stats: size_sent 224775 1094645
stats: connected -24 256
# stats: dump at 1480607878
stats: users 241 299
stats: {freemem,"tsung_controller@ip-172-31-13-122"} 1 3125.94140625 0.0 3156.89453125 3125.94140625 3151.458389945652 23
stats: {load,"tsung_controller@ip-172-31-13-122"} 1 0.25 0.0 0.25 0.0 0.018172554347826088 23
stats: {recvpackets,"tsung_controller@ip-172-31-13-122"} 1 2.75e4 0.0 29139 70 5273.363636363636 22
stats: {sentpackets,"tsung_controller@ip-172-31-13-122"} 1 24106.0 0.0 25613 66 4702.5 22
stats: {cpu,"tsung_controller@ip-172-31-13-122"} 1 33.964049195837276 0.0 34.84119345524543 1.0848126232741617 7.911673200297662 23
stats: session 1245 2026.3118740587372 2017.5889182865362 16549.071044921875 12.130126953125 1970.6814701058775 5664
stats: users_count 1232 7150
stats: finish_users_count 1245 6909
stats: request 1189 10.85263269422834 3.5411322580138176 1006.889892578125 7.781982421875 11.994524209704087 5916
stats: connect 1189 1.384973627063184 1.1828018430054947 997.525146484375 0.7578125 1.6399529015310756 5917
stats: page 1189 10.85263269422834 3.5411322580138176 1006.889892578125 7.781982421875 11.994524209704087 5916
stats: 200 1189 7105
stats: size_rcv 30086703 180768604
stats: newphase 0 7
stats: size_sent 219965 1314610
stats: connected 12 268
# stats: dump at 1480607888
stats: users 469 476
stats: {freemem,"tsung_controller@ip-172-31-13-122"} 1 3112.28125 0.0 3156.89453125 3112.28125 3150.3951822916665 24
stats: {load,"tsung_controller@ip-172-31-13-122"} 1 0.2109375 0.0 0.25 0.0 0.02783203125 24
stats: {recvpackets,"tsung_controller@ip-172-31-13-122"} 1 30361.0 0.0 30361 70 6239.739130434783 23
stats: {sentpackets,"tsung_controller@ip-172-31-13-122"} 1 26223.0 0.0 26223 66 5546.130434782609 23
stats: {cpu,"tsung_controller@ip-172-31-13-122"} 1 36.312323612417686 0.0 36.312323612417686 1.0848126232741617 8.99718886677848 24
stats: session 1760 1812.309866055576 1783.5184069403408 16549.071044921875 12.130126953125 1980.7060544048077 6909
stats: users_count 1988 9138
stats: finish_users_count 1760 8669
stats: request 1924 15.766592426260374 9.558120094885584 1006.889892578125 7.781982421875 11.803432160175493 7105
stats: connect 1925 2.409655793425322 3.4163334763063746 997.525146484375 0.614990234375 1.5972889052825077 7106
stats: page 1924 15.766592426260374 9.558120094885584 1006.889892578125 7.781982421875 11.803432160175493 7105
stats: 200 1924 9029
stats: size_rcv 48544080 229312684
stats: newphase 1 8
stats: size_sent 356125 1670735
stats: connected 197 465
# stats: dump at 1480607898
stats: users 441 487
stats: {freemem,"tsung_controller@ip-172-31-13-122"} 1 3079.83984375 0.0 3156.89453125 3079.83984375 3148.870625 25
stats: {load,"tsung_controller@ip-172-31-13-122"} 1 0.25 0.0 0.25 0.0 0.03515625 25
stats: {recvpackets,"tsung_controller@ip-172-31-13-122"} 1 50056.0 0.0 50056 70 7244.791666666667 24
stats: {sentpackets,"tsung_controller@ip-172-31-13-122"} 1 39363.0 0.0 39363 66 6407.666666666667 24
stats: {cpu,"tsung_controller@ip-172-31-13-122"} 1 47.17314487632509 0.0 47.17314487632509 1.0848126232741617 10.089794256604048 25
stats: session 2244 2012.3860967571527 1961.3626202626251 16949.455810546875 12.130126953125 1946.5178791256926 8669
stats: users_count 2216 11354
stats: finish_users_count 2244 10913
stats: request 2228 15.162580233287992 7.135173281476095 1006.889892578125 7.781982421875 12.647946541828755 9029
stats: connect 2229 2.307784767202222 3.234554765816869 997.525146484375 0.614990234375 1.7704487170060066 9031
stats: page 2228 15.162580233287992 7.135173281476095 1006.889892578125 7.781982421875 12.647946541828755 9029
stats: 200 2228 11257
stats: size_rcv 56316733 285629417
stats: newphase 0 8
stats: size_sent 412365 2083100
stats: connected -31 434
# stats: dump at 1480607908
stats: users 448 487
stats: {freemem,"tsung_controller@ip-172-31-13-122"} 1 3076.89453125 0.0 3156.89453125 3076.89453125 3146.215594951923 26
stats: {load,"tsung_controller@ip-172-31-13-122"} 1 0.37109375 0.0 0.37109375 0.0 0.04341947115384615 26
stats: {recvpackets,"tsung_controller@ip-172-31-13-122"} 1 50182.0 0.0 50182 70 8957.24 25
stats: {sentpackets,"tsung_controller@ip-172-31-13-122"} 1 39676.0 0.0 39676 66 7725.88 25
stats: {cpu,"tsung_controller@ip-172-31-13-122"} 1 47.51958224543081 0.0 47.51958224543081 1.0848126232741617 11.516076972747165 26
stats: session 2170 2004.8081478839645 1952.381719844654 16949.455810546875 12.041015625 1960.0621181401705 10913
stats: users_count 2177 13531
stats: finish_users_count 2170 13083
stats: request 2181 13.90141151564649 6.514414877926324 1006.889892578125 7.60791015625 13.145646094513411 11257
stats: connect 2178 2.090787917348202 2.7454858864234497 997.525146484375 0.614990234375 1.8768183489675843 11260
stats: page 2181 13.90141151564649 6.514414877926324 1006.889892578125 7.60791015625 13.145646094513411 11257
stats: 200 2181 13438
stats: size_rcv 55072928 340702345
stats: newphase 0 8
stats: size_sent 402930 2486030
stats: connected -2 432
# stats: dump at 1480607918
stats: users 709 730
stats: {freemem,"tsung_controller@ip-172-31-13-122"} 1 3019.07421875 0.0 3156.89453125 3019.07421875 3143.6481481481483 27
stats: {load,"tsung_controller@ip-172-31-13-122"} 1 0.51171875 0.0 0.51171875 0.0 0.05555555555555555 27
stats: {recvpackets,"tsung_controller@ip-172-31-13-122"} 1 55053.0 0.0 55053 70 10542.807692307691 26
stats: {sentpackets,"tsung_controller@ip-172-31-13-122"} 1 41148.0 0.0 41148 66 8954.73076923077 26
stats: {cpu,"tsung_controller@ip-172-31-13-122"} 1 47.50211685012701 0.0 47.51958224543081 1.0848126232741617 12.849540130994706 27
stats: session 2818 1892.8122879147443 1851.9077146617556 17276.973876953125 12.041015625 1967.4838780227687 13083
stats: users_count 3079 16610
stats: finish_users_count 2818 15901
stats: request 3050 23.37685042584522 24.964390667410775 1006.889892578125 7.60791015625 13.268307530998845 13438
stats: connect 3051 3.690434408672363 4.55289462144925 997.525146484375 0.614990234375 1.9114980423693542 13438
stats: page 3050 23.37685042584522 24.964390667410775 1006.889892578125 7.60791015625 13.268307530998845 13438
stats: 200 3051 16489
stats: size_rcv 77110765 417813110
stats: newphase 1 9
stats: size_sent 564435 3050465
stats: connected 281 713
# stats: dump at 1480607928
stats: users 648 730
stats: {freemem,"tsung_controller@ip-172-31-13-122"} 1 2954.25390625 0.0 3156.89453125 2954.25390625 3139.1990792410716 28
stats: {load,"tsung_controller@ip-172-31-13-122"} 1 0.58984375 0.0 0.58984375 0.0 0.07184709821428571 28
stats: {recvpackets,"tsung_controller@ip-172-31-13-122"} 1 75498.0 0.0 75498 70 12191.333333333334 27
stats: {sentpackets,"tsung_controller@ip-172-31-13-122"} 1 47837.0 0.0 47837 66 10147.074074074075 27
stats: {cpu,"tsung_controller@ip-172-31-13-122"} 1 50.964630225080384 0.0 50.964630225080384 1.0848126232741617 14.087132156678004 28
stats: session 3379 1989.4436967211304 1971.0168600856048 18145.52294921875 12.041015625 1954.2504624561745 15901
stats: users_count 3318 19928
stats: finish_users_count 3379 19280
stats: request 3347 19.588091364468216 8.452711894989395 1006.889892578125 7.60791015625 15.138216302789326 16488
stats: connect 3349 3.2275729607952 3.8962800539067746 997.525146484375 0.614990234375 2.240658989278838 16489
stats: page 3347 19.588091364468216 8.452711894989395 1006.889892578125 7.60791015625 15.138216302789326 16488
stats: 200 3347 19836
stats: size_rcv 84595485 502408595
stats: newphase 0 9
stats: size_sent 619565 3670030
stats: connected -53 660
# stats: dump at 1480607938
stats: users 702 730
stats: {freemem,"tsung_controller@ip-172-31-13-122"} 1 2950.53515625 0.0 3156.89453125 2950.53515625 3132.8216594827586 29
stats: {load,"tsung_controller@ip-172-31-13-122"} 1 0.6484375 0.0 0.6484375 0.0 0.08970905172413793 29
stats: {recvpackets,"tsung_controller@ip-172-31-13-122"} 1 75009.0 0.0 75498 70 14452.285714285714 28
stats: {sentpackets,"tsung_controller@ip-172-31-13-122"} 1 47914.0 0.0 47914 66 11493.142857142857 28
stats: {cpu,"tsung_controller@ip-172-31-13-122"} 1 50.11727912431587 0.0 50.964630225080384 1.0848126232741617 15.358770021105672 29
stats: session 3243 2021.1586155216519 2037.068147566834 18145.52294921875 12.041015625 1960.4184053286476 19280
stats: users_count 3297 23225
stats: finish_users_count 3243 22523
stats: request 3311 19.94572542283297 8.274686836102594 1006.889892578125 7.60791015625 15.889097665604513 19835
stats: connect 3319 3.313074197565156 4.037366926827116 997.525146484375 0.614990234375 2.4072672608086445 19838
stats: page 3311 19.94572542283297 8.274686836102594 1006.889892578125 7.60791015625 15.889097665604513 19835
stats: 200 3311 23147
stats: size_rcv 83724977 586133572
stats: newphase 0 9
stats: size_sent 614015 4284045
stats: connected 48 708
# stats: dump at 1480607948
stats: users 15 730
stats: {freemem,"tsung_controller@ip-172-31-13-122"} 1 2950.12890625 0.0 3156.89453125 2950.12890625 3126.7454427083335 30
stats: {load,"tsung_controller@ip-172-31-13-122"} 1 0.62890625 0.0 0.6484375 0.0 0.10833333333333334 30
stats: {recvpackets,"tsung_controller@ip-172-31-13-122"} 1 56891.0 0.0 75498 70 16540.44827586207 29
stats: {sentpackets,"tsung_controller@ip-172-31-13-122"} 1 37511.0 0.0 47914 66 12749.034482758621 29
stats: {cpu,"tsung_controller@ip-172-31-13-122"} 1 43.75 0.0 50.964630225080384 1.0848126232741617 16.51738699121268 30
stats: session 1484 2917.9687735256825 2715.530316142448 22780.0361328125 12.041015625 1969.1641541922945 22523
stats: users_count 797 24022
stats: finish_users_count 1484 24007
stats: request 876 23.79791176155823 12.971365259232392 1006.889892578125 7.60791015625 16.469392079506846 23146
stats: connect 865 4.490356021947251 5.496714440280798 997.525146484375 0.614990234375 2.537092938707114 23157
stats: page 876 23.79791176155823 12.971365259232392 1006.889892578125 7.60791015625 16.469392079506846 23146
stats: 200 875 24022
stats: size_rcv 22144490 608278062
stats: newphase 0 9
stats: size_sent 160025 4444070
stats: connected -692 16
# stats: dump at 1480607956
stats: users 0 730
stats: {freemem,"tsung_controller@ip-172-31-13-122"} 1 3014.49609375 0.0 3156.89453125 2950.12890625 3121.0481350806454 31
stats: {load,"tsung_controller@ip-172-31-13-122"} 1 0.53125 0.0 0.6484375 0.0 0.12512600806451613 31
stats: {recvpackets,"tsung_controller@ip-172-31-13-122"} 1 387.0 0.0 75498 70 17885.466666666667 30
stats: {sentpackets,"tsung_controller@ip-172-31-13-122"} 1 579.0 0.0 47914 66 13574.433333333332 30
stats: {cpu,"tsung_controller@ip-172-31-13-122"} 1 3.2416502946954813 0.0 50.964630225080384 1.0848126232741617 17.395858378592916 31
stats: session 15 11940.534244791666 2835.560814688189 22780.0361328125 12.041015625 2027.814800049367 24007
stats: users_count 0 24022
stats: finish_users_count 15 24022
stats: request 0 0 0 1006.889892578125 7.60791015625 16.736638072408226 24022
stats: connect 0 0 0 997.525146484375 0.614990234375 2.607427322480435 24022
stats: page 0 0 0 1006.889892578125 7.60791015625 16.736638072408226 24022
stats: 200 0 24022
stats: size_rcv 0 608278062
stats: newphase 0 9
stats: size_sent 0 4444070
stats: connected -16 0
EndMonitor:{1480,607956,849412}
