# stats: dump at 1480616172
stats: users 9 9
stats: {freemem,"tsung_controller@ip-172-31-13-122"} 1 3147.98828125 0 3147.98828125 3147.98828125 0 0
stats: {load,"tsung_controller@ip-172-31-13-122"} 1 0.26953125 0 0.26953125 0.26953125 0 0
stats: {cpu,"tsung_controller@ip-172-31-13-122"} 1 3.325303977407744 0 3.325303977407744 3.325303977407744 0 0
stats: users_count 9 9
stats: finish_users_count 0 0
stats: request 23 197.23427946671197 783.318783554874 3868.663818359375 7.27783203125 0 0
stats: connect 9 13.205647786458334 35.07516904259851 112.4130859375 0.742919921875 0 0
stats: page 23 197.23427946671197 783.318783554874 3868.663818359375 7.27783203125 0 0
stats: 200 23 23
stats: size_rcv 2457813 2457813
stats: size_sent 7849 7849
stats: connected 9 9
# stats: dump at 1480616182
stats: users 17 17
stats: {freemem,"tsung_controller@ip-172-31-13-122"} 1 3148.61328125 0.0 3148.61328125 3147.98828125 3147.98828125 1
stats: {load,"tsung_controller@ip-172-31-13-122"} 1 0.23046875 0.0 0.26953125 0.23046875 0.26953125 1
stats: {recvpackets,"tsung_controller@ip-172-31-13-122"} 1 2113 0 2113 2113 0 0
stats: {sentpackets,"tsung_controller@ip-172-31-13-122"} 1 892 0 892 892 0 0
stats: {cpu,"tsung_controller@ip-172-31-13-122"} 1 2.75049115913556 0.0 3.325303977407744 2.75049115913556 3.325303977407744 1
stats: users_count 8 17
stats: finish_users_count 0 0
stats: request 17 43.77956973805147 41.78767356305587 3868.663818359375 7.27783203125 197.23427946671197 23
stats: connect 8 0.767120361328125 0.034508013761182635 112.4130859375 0.701904296875 13.205647786458334 9
stats: page 17 43.77956973805147 41.78767356305587 3868.663818359375 7.27783203125 197.23427946671197 23
stats: 200 16 39
stats: size_rcv 2303224 4761037
stats: size_sent 12781 20630
stats: connected 8 17
stats: 500 1 1
# stats: dump at 1480616192
stats: users 26 26
stats: {freemem,"tsung_controller@ip-172-31-13-122"} 1 3149.0234375 0.0 3149.0234375 3147.98828125 3148.30078125 2
stats: {load,"tsung_controller@ip-172-31-13-122"} 1 0.19140625 0.0 0.26953125 0.19140625 0.25 2
stats: {recvpackets,"tsung_controller@ip-172-31-13-122"} 1 2701.0 0.0 2701 2113 2113.0 1
stats: {sentpackets,"tsung_controller@ip-172-31-13-122"} 1 1209.0 0.0 1209 892 892.0 1
stats: {cpu,"tsung_controller@ip-172-31-13-122"} 1 1.8700787401574805 0.0 3.325303977407744 1.8700787401574805 3.037897568271652 2
stats: users_count 9 26
stats: finish_users_count 0 0
stats: request 44 3443.2052889737215 3856.7585260842525 13382.544921875 7.27783203125 132.01602783203126 40
stats: connect 6 0.7611083984375 0.04076752481630858 112.4130859375 0.678955078125 7.352223115808823 17
stats: page 44 3443.2052889737215 3856.7585260842525 13382.544921875 7.27783203125 132.01602783203126 40
stats: 200 43 82
stats: size_rcv 9768861 14529898
stats: size_sent 17837 38467
stats: connected 6 23
stats: 500 1 2
# stats: dump at 1480616202
stats: users 42 42
stats: {freemem,"tsung_controller@ip-172-31-13-122"} 1 3148.796875 0.0 3149.0234375 3147.98828125 3148.5416666666665 3
stats: {load,"tsung_controller@ip-172-31-13-122"} 1 0.16015625 0.0 0.26953125 0.16015625 0.23046875 3
stats: {recvpackets,"tsung_controller@ip-172-31-13-122"} 1 5503.0 0.0 5503 2113 2407.0 2
stats: {sentpackets,"tsung_controller@ip-172-31-13-122"} 1 1802.0 0.0 1802 892 1050.5 2
stats: {cpu,"tsung_controller@ip-172-31-13-122"} 1 2.7450980392156863 0.0 3.325303977407744 1.8700787401574805 2.6486246255669283 3
stats: users_count 16 42
stats: finish_users_count 0 0
stats: request 89 2353.007203520014 3245.9005060643644 16739.95703125 7.27783203125 1866.448497953869 84
stats: connect 19 0.7451685855263158 0.07344115223393888 112.4130859375 0.60400390625 5.632801885190218 23
stats: page 85 2463.744152113971 3289.967729699702 16739.95703125 7.27783203125 1866.448497953869 84
stats: 302 7 7
stats: 200 75 157
stats: size_rcv 11173647 25703545
stats: newphase 1 1
stats: size_sent 33998 72465
stats: connected 19 42
stats: 500 7 9
# stats: dump at 1480616212
stats: users 66 66
stats: {freemem,"tsung_controller@ip-172-31-13-122"} 1 3145.65234375 0.0 3149.0234375 3145.65234375 3148.60546875 4
stats: {load,"tsung_controller@ip-172-31-13-122"} 1 0.140625 0.0 0.26953125 0.140625 0.212890625 4
stats: {recvpackets,"tsung_controller@ip-172-31-13-122"} 1 9379.0 0.0 9379 2113 3439.0 3
stats: {sentpackets,"tsung_controller@ip-172-31-13-122"} 1 3622.0 0.0 3622 892 1301.0 3
stats: {cpu,"tsung_controller@ip-172-31-13-122"} 1 3.645320197044335 0.0 3.645320197044335 1.8700787401574805 2.6727429789791177 4
stats: session 2 41889.87353515625 3680.9736328125 45570.84716796875 38208.89990234375 0 0
stats: users_count 26 68
stats: finish_users_count 2 2
stats: request 23 5591.080959154211 4896.8725388608045 16739.95703125 7.27783203125 2116.7590459040825 173
stats: connect 26 0.8060678335336539 0.12968389777107636 112.4130859375 0.60400390625 3.4217296781994047 42
stats: page 23 5591.080959154211 4896.8725388608045 16739.95703125 7.27783203125 2166.863471939719 169
stats: 302 2 9
stats: 200 20 177
stats: size_rcv 5080008 30783553
stats: newphase 0 1
stats: size_sent 26930 99395
stats: connected 24 66
stats: 500 1 10
# stats: dump at 1480616222
stats: users 84 84
stats: {freemem,"tsung_controller@ip-172-31-13-122"} 1 3146.4921875 0.0 3149.0234375 3145.65234375 3148.01484375 5
stats: {load,"tsung_controller@ip-172-31-13-122"} 1 0.12109375 0.0 0.26953125 0.12109375 0.1984375 5
stats: {recvpackets,"tsung_controller@ip-172-31-13-122"} 1 2679.0 0.0 9379 2113 4924.0 4
stats: {sentpackets,"tsung_controller@ip-172-31-13-122"} 1 1261.0 0.0 3622 892 1881.25 4
stats: {cpu,"tsung_controller@ip-172-31-13-122"} 1 2.649656526005888 0.0 3.645320197044335 1.8700787401574805 2.867258422592161 5
stats: session 1 43464.614990234375 0.0 45570.84716796875 38208.89990234375 41889.87353515625 2
stats: users_count 19 87
stats: finish_users_count 1 3
stats: request 67 8153.619596111244 1888.9252559386377 16739.95703125 7.27783203125 2524.4600867446593 196
stats: connect 19 0.8049958881578947 0.2731516652527952 112.4130859375 0.574951171875 2.4216236787683822 68
stats: page 65 8198.12098482572 1896.859705282293 16739.95703125 7.27783203125 2577.0561917622886 192
stats: 302 4 13
stats: 200 60 237
stats: size_rcv 7083791 37867344
stats: newphase 0 1
stats: size_sent 33371 132766
stats: connected 18 84
stats: 500 3 13
# stats: dump at 1480616232
stats: users 117 117
stats: {freemem,"tsung_controller@ip-172-31-13-122"} 1 3145.36328125 0.0 3149.0234375 3145.36328125 3147.7610677083335 6
stats: {load,"tsung_controller@ip-172-31-13-122"} 1 0.1015625 0.0 0.26953125 0.1015625 0.185546875 6
stats: {recvpackets,"tsung_controller@ip-172-31-13-122"} 1 4648.0 0.0 9379 2113 4475.0 5
stats: {sentpackets,"tsung_controller@ip-172-31-13-122"} 1 1777.0 0.0 3622 892 1757.2 5
stats: {cpu,"tsung_controller@ip-172-31-13-122"} 1 2.3738872403560833 0.0 3.645320197044335 1.8700787401574805 2.8309914398277822 6
stats: session 1 59017.85888671875 0.0 59017.85888671875 38208.89990234375 42414.787353515625 3
stats: users_count 34 121
stats: finish_users_count 1 4
stats: request 57 10075.62845651727 4172.22054658954 20650.586181640625 1.63818359375 3958.50452449204 263
stats: connect 34 0.7686767578125 0.1013873778323756 112.4130859375 0.574951171875 2.068567034841954 87
stats: page 57 10310.97836571409 4354.009119729674 20650.586181640625 1.63818359375 3998.7262756110167 257
stats: 302 1 14
stats: 200 49 286
stats: size_rcv 6108878 43976222
stats: newphase 1 2
stats: size_sent 30358 163124
stats: connected 33 117
stats: 503 5 5
stats: 500 2 15
# stats: dump at 1480616242
stats: users 157 157
stats: {freemem,"tsung_controller@ip-172-31-13-122"} 1 3145.23828125 0.0 3149.0234375 3145.23828125 3147.418526785714 7
stats: {load,"tsung_controller@ip-172-31-13-122"} 1 0.078125 0.0 0.26953125 0.078125 0.17354910714285715 7
stats: {recvpackets,"tsung_controller@ip-172-31-13-122"} 1 5536.0 0.0 9379 2113 4503.833333333333 6
stats: {sentpackets,"tsung_controller@ip-172-31-13-122"} 1 2451.0 0.0 3622 892 1760.5 6
stats: {cpu,"tsung_controller@ip-172-31-13-122"} 1 3.831041257367387 0.0 3.831041257367387 1.8700787401574805 2.765690839903254 7
stats: session 2 68394.99462890625 4131.321533203125 72526.31616210938 38208.89990234375 46565.555236816406 4
stats: users_count 42 163
stats: finish_users_count 2 6
stats: request 203 4738.305403084592 6668.29456097882 22887.869140625 0.697998046875 5048.117224884035 320
stats: connect 41 0.6966701600609756 0.06832919206156406 112.4130859375 0.552978515625 1.7033086098915289 121
stats: page 200 4752.623677978514 6685.03517303677 22887.869140625 0.697998046875 5144.580954387689 314
stats: 302 3 17
stats: 200 62 348
stats: size_rcv 11161994 55138216
stats: newphase 0 2
stats: size_sent 60923 224047
stats: connected 39 156
stats: 503 132 137
stats: 500 6 21
# stats: dump at 1480616252
stats: users 187 188
stats: {freemem,"tsung_controller@ip-172-31-13-122"} 1 3143.24609375 0.0 3149.0234375 3143.24609375 3147.14599609375 8
stats: {load,"tsung_controller@ip-172-31-13-122"} 1 0.0703125 0.0 0.26953125 0.0703125 0.16162109375 8
stats: {recvpackets,"tsung_controller@ip-172-31-13-122"} 1 7037.0 0.0 9379 2113 4651.285714285715 7
stats: {sentpackets,"tsung_controller@ip-172-31-13-122"} 1 2843.0 0.0 3622 892 1859.142857142857 7
stats: {cpu,"tsung_controller@ip-172-31-13-122"} 1 4.322200392927308 0.0 4.322200392927308 1.8700787401574805 2.8988596420862702 8
stats: session 3 56936.16267903646 14740.452629376914 74883.00708007813 38208.89990234375 53842.03503417969 6
stats: users_count 33 196
stats: finish_users_count 3 9
stats: request 335 2845.9817506704762 6258.7179487818175 27134.60595703125 0.673095703125 4927.865217569911 523
stats: connect 34 0.7617833754595589 0.17893451776825015 112.4130859375 0.552978515625 1.4485420886381173 162
stats: page 328 2851.9592568002095 6257.999909395455 27134.60595703125 0.676025390625 4992.068395473613 514
stats: 302 1 18
stats: 200 55 403
stats: size_rcv 8920652 64058868
stats: newphase 0 2
stats: size_sent 115737 339784
stats: connected 31 187
stats: 503 275 412
stats: 500 4 25
# stats: dump at 1480616262
stats: users 239 240
stats: {freemem,"tsung_controller@ip-172-31-13-122"} 1 3141.05078125 0.0 3149.0234375 3141.05078125 3146.7126736111113 9
stats: {load,"tsung_controller@ip-172-31-13-122"} 1 0.05859375 0.0 0.26953125 0.05859375 0.15147569444444445 9
stats: {recvpackets,"tsung_controller@ip-172-31-13-122"} 1 6634.0 0.0 9379 2113 4949.5 8
stats: {sentpackets,"tsung_controller@ip-172-31-13-122"} 1 3362.0 0.0 3622 892 1982.125 8
stats: {cpu,"tsung_controller@ip-172-31-13-122"} 1 5.206286836935167 0.0 5.206286836935167 1.8700787401574805 3.057008614401941 9
stats: session 10 51073.72360839844 23474.330596416177 92784.71997070313 18283.083984375 54873.41091579861 9
stats: users_count 62 258
stats: finish_users_count 10 19
stats: request 497 2723.6558250872413 6095.528956804253 29146.73095703125 0.641845703125 4115.00861918843 858
stats: connect 60 0.6750651041666667 0.0646822448823678 112.4130859375 0.51513671875 1.329410475127551 196
stats: page 474 2789.179092600377 6292.59885474069 30425.007080078125 0.656982421875 4158.391676370435 842
stats: 302 5 23
stats: 200 76 479
stats: size_rcv 10320006 74378874
stats: newphase 1 3
stats: size_sent 163688 503472
stats: connected 51 238
stats: 503 410 822
stats: 500 6 31
# stats: dump at 1480616272
stats: users 278 279
stats: {freemem,"tsung_controller@ip-172-31-13-122"} 1 3137.21875 0.0 3149.0234375 3137.21875 3146.146484375 10
stats: {load,"tsung_controller@ip-172-31-13-122"} 1 0.05078125 0.0 0.26953125 0.05078125 0.1421875 10
stats: {recvpackets,"tsung_controller@ip-172-31-13-122"} 1 7873.0 0.0 9379 2113 5136.666666666667 9
stats: {sentpackets,"tsung_controller@ip-172-31-13-122"} 1 4102.0 0.0 4102 892 2135.4444444444443 9
stats: {cpu,"tsung_controller@ip-172-31-13-122"} 1 7.32421875 0.0 7.32421875 1.8700787401574805 3.271936436655264 10
stats: session 22 46797.07103382457 17216.218167805946 92784.71997070313 14541.927001953125 52873.57549085115 19
stats: users_count 61 319
stats: finish_users_count 22 41
stats: request 666 1032.7633265589816 4329.7589171020645 30436.288818359375 0.631103515625 3604.674789912939 1355
stats: connect 63 0.7333558097718254 0.5988002869329992 112.4130859375 0.490966796875 1.1760482788085938 256
stats: page 633 1005.1052334802032 4391.434446447508 32795.430908203125 0.654052734375 3665.2254417906415 1316
stats: 302 5 28
stats: 200 25 504
stats: size_rcv 4069275 78448149
stats: newphase 0 3
stats: size_sent 205254 708726
stats: connected 41 279
stats: 503 629 1451
stats: 500 5 36
stats: 404 2 2
# stats: dump at 1480616282
stats: users 315 316
stats: {freemem,"tsung_controller@ip-172-31-13-122"} 1 3136.1015625 0.0 3149.0234375 3136.1015625 3145.334872159091 11
stats: {load,"tsung_controller@ip-172-31-13-122"} 1 0.0390625 0.0 0.26953125 0.0390625 0.1338778409090909 11
stats: {recvpackets,"tsung_controller@ip-172-31-13-122"} 1 4438.0 0.0 9379 2113 5410.3 10
stats: {sentpackets,"tsung_controller@ip-172-31-13-122"} 1 3057.0 0.0 4102 892 2332.1 10
stats: {cpu,"tsung_controller@ip-172-31-13-122"} 1 7.669902912621359 0.0 7.669902912621359 1.8700787401574805 3.6403257378684217 11
stats: session 53 54386.92989939564 25554.099288006233 105940.92407226563 9780.1279296875 49613.01212366616 41
stats: users_count 90 409
stats: finish_users_count 53 94
stats: request 857 708.3100329547116 3448.413751876368 30436.288818359375 0.631103515625 2757.127518961066 2021
stats: connect 89 0.6579233233848316 0.09500427825359742 112.4130859375 0.485107421875 1.0886199855505485 319
stats: page 799 741.8082286085152 3758.0541366114207 32795.430908203125 0.654052734375 2801.2664413491293 1949
stats: 302 4 32
stats: 200 25 529
stats: size_rcv 4732798 83180947
stats: newphase 0 3
stats: size_sent 240257 948983
stats: connected 36 315
stats: 503 820 2271
stats: 500 4 40
stats: 404 4 6
# stats: dump at 1480616292
stats: users 281 325
stats: {freemem,"tsung_controller@ip-172-31-13-122"} 1 3135.609375 0.0 3149.0234375 3135.609375 3144.5654296875 12
stats: {load,"tsung_controller@ip-172-31-13-122"} 1 0.26953125 0.0 0.26953125 0.0390625 0.1259765625 12
stats: {recvpackets,"tsung_controller@ip-172-31-13-122"} 1 3849.0 0.0 9379 2113 5321.909090909091 11
stats: {sentpackets,"tsung_controller@ip-172-31-13-122"} 1 3186.0 0.0 4102 892 2398.0 11
stats: {cpu,"tsung_controller@ip-172-31-13-122"} 1 9.239653512993263 0.0 9.239653512993263 1.8700787401574805 3.9761238357645 12
stats: session 59 39743.46652790651 24980.138300625717 120227.00415039063 9780.1279296875 52304.68916742852 94
stats: users_count 25 434
stats: finish_users_count 59 153
stats: request 795 1203.5194102545204 5387.957009817585 31568.2509765625 0.6162109375 2147.0383648584093 2878
stats: connect 26 0.6166522686298077 0.0436448489027117 112.4130859375 0.485107421875 0.9946689979702819 408
stats: page 726 1146.4725691529998 5271.3315816222 32795.430908203125 0.64599609375 2202.464726654897 2748
stats: 302 6 38
stats: 200 27 556
stats: size_rcv 6109926 89290873
stats: newphase 0 3
stats: size_sent 217977 1166960
stats: connected -33 282
stats: 503 757 3028
stats: 500 3 43
stats: 404 2 8
# stats: dump at 1480616302
stats: users 210 325
stats: {freemem,"tsung_controller@ip-172-31-13-122"} 1 3135.50390625 0.0 3149.0234375 3135.50390625 3143.876502403846 13
stats: {load,"tsung_controller@ip-172-31-13-122"} 1 0.23046875 0.0 0.26953125 0.0390625 0.13701923076923078 13
stats: {recvpackets,"tsung_controller@ip-172-31-13-122"} 1 4515.0 0.0 9379 2113 5199.166666666667 12
stats: {sentpackets,"tsung_controller@ip-172-31-13-122"} 1 3301.0 0.0 4102 892 2463.6666666666665 12
stats: {cpu,"tsung_controller@ip-172-31-13-122"} 1 7.953443258971872 0.0 9.239653512993263 1.8700787401574805 4.381010734012866 13
stats: session 71 44425.04033134352 24004.957541266307 120227.00415039063 9780.1279296875 47460.81899924683 153
stats: users_count 0 434
stats: finish_users_count 71 224
stats: request 501 1351.9199803517963 5943.618563512729 36204.114013671875 0.613037109375 1942.8190430751008 3673
stats: connect 0 0 0 112.4130859375 0.485107421875 0.9720228344614056 434
stats: page 426 1689.8358480963911 7090.659183043258 43404.742919921875 0.64599609375 1981.7824277641723 3474
stats: 302 1 39
stats: 200 20 576
stats: size_rcv 4101981 93392854
stats: newphase 0 3
stats: size_sent 177902 1344862
stats: connected -69 213
stats: 503 476 3504
stats: 500 2 45
stats: 404 2 10
# stats: dump at 1480616312
stats: users 170 325
stats: {freemem,"tsung_controller@ip-172-31-13-122"} 1 3135.4140625 0.0 3149.0234375 3135.4140625 3143.2784598214284 14
stats: {load,"tsung_controller@ip-172-31-13-122"} 1 0.19140625 0.0 0.26953125 0.0390625 0.14369419642857142 14
stats: {recvpackets,"tsung_controller@ip-172-31-13-122"} 1 4648.0 0.0 9379 2113 5146.538461538462 13
stats: {sentpackets,"tsung_controller@ip-172-31-13-122"} 1 2367.0 0.0 4102 892 2528.076923076923 13
stats: {cpu,"tsung_controller@ip-172-31-13-122"} 1 5.484818805093046 0.0 9.239653512993263 1.8700787401574805 4.636184485795653 14
stats: session 40 48087.06273193359 22493.481550786117 120227.00415039063 9780.1279296875 46498.5855821882 224
stats: users_count 0 434
stats: finish_users_count 40 264
stats: request 241 5162.530400066456 11799.254112894194 38602.639892578125 0.613037109375 1871.8941675541676 4174
stats: connect 0 0 0 112.4130859375 0.485107421875 0.9720228344614056 434
stats: page 204 6094.1257767022835 13148.431352431176 49209.573974609375 0.64599609375 1949.8928782927685 3900
stats: 302 2 41
stats: 200 29 605
stats: size_rcv 6166311 99559165
stats: newphase 0 3
stats: size_sent 98382 1443244
stats: connected -43 170
stats: 503 202 3706
stats: 500 3 48
stats: 404 5 15
# stats: dump at 1480616322
stats: users 148 325
stats: {freemem,"tsung_controller@ip-172-31-13-122"} 1 3135.46484375 0.0 3149.0234375 3135.4140625 3142.7541666666666 15
stats: {load,"tsung_controller@ip-172-31-13-122"} 1 0.16015625 0.0 0.26953125 0.0390625 0.146875 15
stats: {recvpackets,"tsung_controller@ip-172-31-13-122"} 1 3254.0 0.0 9379 2113 5110.928571428572 14
stats: {sentpackets,"tsung_controller@ip-172-31-13-122"} 1 1586.0 0.0 4102 892 2516.5714285714284 14
stats: {cpu,"tsung_controller@ip-172-31-13-122"} 1 3.902439024390244 0.0 9.239653512993263 1.8700787401574805 4.692760107082146 15
stats: session 22 62422.05963689631 27854.563633854697 120227.00415039063 9780.1279296875 46739.26393821023 264
stats: users_count 0 434
stats: finish_users_count 22 286
stats: request 149 5464.818678887896 12619.077642053931 45703.26416015625 0.613037109375 2051.518931322109 4415
stats: connect 0 0 0 112.4130859375 0.485107421875 0.9720228344614056 434
stats: page 129 6377.613498894742 14518.723570819418 55910.404052734375 0.64599609375 2155.892759207861 4104
stats: 302 2 43
stats: 200 16 621
stats: size_rcv 4268823 103827988
stats: newphase 0 3
stats: size_sent 65732 1508976
stats: connected -22 148
stats: 503 125 3831
stats: 500 2 50
stats: 404 4 19
# stats: dump at 1480616332
stats: users 129 325
stats: {freemem,"tsung_controller@ip-172-31-13-122"} 1 3135.21875 0.0 3149.0234375 3135.21875 3142.298583984375 16
stats: {load,"tsung_controller@ip-172-31-13-122"} 1 0.140625 0.0 0.26953125 0.0390625 0.147705078125 16
stats: {recvpackets,"tsung_controller@ip-172-31-13-122"} 1 4613.0 0.0 9379 2113 4987.133333333333 15
stats: {sentpackets,"tsung_controller@ip-172-31-13-122"} 1 2019.0 0.0 4102 892 2454.5333333333333 15
stats: {cpu,"tsung_controller@ip-172-31-13-122"} 1 3.048180924287119 0.0 9.239653512993263 1.8700787401574805 4.643365039413902 16
stats: session 19 65374.00681023849 26910.90713196553 151286.32299804688 9780.1279296875 47945.63283810916 286
stats: users_count 0 434
stats: finish_users_count 19 305
stats: request 114 7448.884230228894 13903.93438560402 45703.26416015625 0.613037109375 2162.952249110738 4564
stats: connect 0 0 0 112.4130859375 0.485107421875 0.9720228344614056 434
stats: page 92 8691.354922087297 16077.89781668244 55910.404052734375 0.64599609375 2284.549025548425 4233
stats: 302 4 47
stats: 200 11 632
stats: size_rcv 4860421 108688409
stats: newphase 0 3
stats: size_sent 48717 1557693
stats: connected -19 129
stats: 503 88 3919
stats: 500 5 55
stats: 404 6 25
# stats: dump at 1480616342
stats: users 84 325
stats: {freemem,"tsung_controller@ip-172-31-13-122"} 1 3135.26171875 0.0 3149.0234375 3135.21875 3141.882123161765 17
stats: {load,"tsung_controller@ip-172-31-13-122"} 1 0.12109375 0.0 0.26953125 0.0390625 0.14728860294117646 17
stats: {recvpackets,"tsung_controller@ip-172-31-13-122"} 1 4045.0 0.0 9379 2113 4963.75 16
stats: {sentpackets,"tsung_controller@ip-172-31-13-122"} 1 1909.0 0.0 4102 892 2427.3125 16
stats: {cpu,"tsung_controller@ip-172-31-13-122"} 1 2.564102564102564 0.0 9.239653512993263 1.8700787401574805 4.5495306797005615 17
stats: session 45 83867.28778211806 25388.75907223547 163820.4189453125 9780.1279296875 49031.3348232582 305
stats: users_count 0 434
stats: finish_users_count 45 350
stats: request 240 11379.411688232427 12184.616538622497 47595.18701171875 0.613037109375 2291.767179817765 4678
stats: connect 1 0.760009765625 0.0 112.4130859375 0.485107421875 0.9720228344614056 434
stats: page 201 14663.27932238223 14267.727111943315 61212.22802734375 0.64599609375 2420.8325267002347 4325
stats: 302 78 125
stats: 200 77 709
stats: size_rcv 7829167 116517576
stats: newphase 0 3
stats: size_sent 80089 1637782
stats: connected -45 84
stats: 503 10 3929
stats: 500 19 74
stats: 404 56 81
# stats: dump at 1480616352
stats: users 41 325
stats: {freemem,"tsung_controller@ip-172-31-13-122"} 1 3135.1484375 0.0 3149.0234375 3135.1484375 3141.5143229166665 18
stats: {load,"tsung_controller@ip-172-31-13-122"} 1 0.1015625 0.0 0.26953125 0.0390625 0.14583333333333334 18
stats: {recvpackets,"tsung_controller@ip-172-31-13-122"} 1 4227.0 0.0 9379 2113 4909.705882352941 17
stats: {sentpackets,"tsung_controller@ip-172-31-13-122"} 1 2126.0 0.0 4102 892 2396.823529411765 17
stats: {cpu,"tsung_controller@ip-172-31-13-122"} 1 3.257650542941757 0.0 9.239653512993263 1.8700787401574805 4.4392291177228955 18
stats: session 43 87661.22243482013 22837.961306398778 163820.4189453125 9780.1279296875 53510.243060825895 350
stats: users_count 0 434
stats: finish_users_count 43 393
stats: request 130 3432.043657977764 4997.619921514047 47595.18701171875 0.613037109375 2735.247188361791 4918
stats: connect 0 0 0 112.4130859375 0.485107421875 0.9715354480962644 435
stats: page 117 4106.600110176282 5454.21419102232 61212.22802734375 0.64599609375 2964.5205085676853 4526
stats: 302 75 200
stats: 200 43 752
stats: size_rcv 4416693 120934269
stats: newphase 0 3
stats: size_sent 57248 1695030
stats: connected -40 44
stats: 503 0 3929
stats: 500 9 83
stats: 404 3 84
# stats: dump at 1480616362
stats: users 21 325
stats: {freemem,"tsung_controller@ip-172-31-13-122"} 1 3135.21484375 0.0 3149.0234375 3135.1484375 3141.1792763157896 19
stats: {load,"tsung_controller@ip-172-31-13-122"} 1 0.078125 0.0 0.26953125 0.0390625 0.1435032894736842 19
stats: {recvpackets,"tsung_controller@ip-172-31-13-122"} 1 5984.0 0.0 9379 2113 4871.777777777777 18
stats: {sentpackets,"tsung_controller@ip-172-31-13-122"} 1 2707.0 0.0 4102 892 2381.777777777778 18
stats: {cpu,"tsung_controller@ip-172-31-13-122"} 1 3.2448377581120944 0.0 9.239653512993263 1.8700787401574805 4.377040771681783 19
stats: session 20 88743.54705810548 16635.558520418508 163820.4189453125 9780.1279296875 57246.86421370567 393
stats: users_count 0 434
stats: finish_users_count 20 413
stats: request 95 603.2354492187502 2686.879649617523 47595.18701171875 0.613037109375 2753.191629932725 5048
stats: connect 0 0 0 112.4130859375 0.485107421875 0.9715354480962644 435
stats: page 79 729.8054539161391 2931.065318385365 61212.22802734375 0.64599609375 2993.300029004516 4643
stats: 302 55 255
stats: 200 34 786
stats: size_rcv 4963540 125897809
stats: newphase 0 3
stats: size_sent 45984 1741014
stats: connected -23 21
stats: 503 0 3929
stats: 500 6 89
stats: 404 0 84
# stats: dump at 1480616372
stats: users 8 325
stats: {freemem,"tsung_controller@ip-172-31-13-122"} 1 3135.34375 0.0 3149.0234375 3135.1484375 3140.8810546875 20
stats: {load,"tsung_controller@ip-172-31-13-122"} 1 0.0703125 0.0 0.26953125 0.0390625 0.140234375 20
stats: {recvpackets,"tsung_controller@ip-172-31-13-122"} 1 1007.0 0.0 9379 1007 4930.315789473684 19
stats: {sentpackets,"tsung_controller@ip-172-31-13-122"} 1 577.0 0.0 4102 577 2398.8947368421054 19
stats: {cpu,"tsung_controller@ip-172-31-13-122"} 1 1.678183613030602 0.0 9.239653512993263 1.678183613030602 4.3204306210032986 20
stats: session 13 94987.64888822116 17419.433134264316 163820.4189453125 9780.1279296875 58772.127305444155 413
stats: users_count 0 434
stats: finish_users_count 13 426
stats: request 38 8.010761461759868 1.4409796376395725 47595.18701171875 0.613037109375 2713.4782647435695 5143
stats: connect 0 0 0 112.4130859375 0.485107421875 0.9715354480962644 435
stats: page 31 9.84660093245968 3.726410809043523 61212.22802734375 0.64599609375 2955.431314173516 4722
stats: 302 29 284
stats: 200 9 795
stats: size_rcv 219983 126117792
stats: newphase 0 3
stats: size_sent 21608 1762622
stats: connected -13 8
stats: 503 0 3929
stats: 500 0 89
stats: 404 0 84
# stats: dump at 1480616382
stats: users 3 325
stats: {freemem,"tsung_controller@ip-172-31-13-122"} 1 3135.41015625 0.0 3149.0234375 3135.1484375 3140.6173735119046 21
stats: {load,"tsung_controller@ip-172-31-13-122"} 1 0.05859375 0.0 0.26953125 0.0390625 0.13690476190476192 21
stats: {recvpackets,"tsung_controller@ip-172-31-13-122"} 1 126.0 0.0 9379 126 4734.15 20
stats: {sentpackets,"tsung_controller@ip-172-31-13-122"} 1 104.0 0.0 4102 104 2307.8 20
stats: {cpu,"tsung_controller@ip-172-31-13-122"} 1 1.4749262536873156 0.0 9.239653512993263 1.4749262536873156 4.1946093349093605 21
stats: session 5 116993.29125976563 28796.276386734342 173879.01391601563 9780.1279296875 59877.29580444909 426
stats: users_count 0 434
stats: finish_users_count 5 431
stats: request 18 8.011895073784721 0.7650381023187052 47595.18701171875 0.613037109375 2693.6350365782137 5181
stats: connect 1 0.77587890625 0.0 112.4130859375 0.485107421875 0.9715354480962644 435
stats: page 14 10.335239955357142 3.8430257139848334 61212.22802734375 0.64599609375 2936.2196318443616 4753
stats: 302 14 298
stats: 200 4 799
stats: size_rcv 98343 126216135
stats: newphase 0 3
stats: size_sent 10420 1773042
stats: connected -5 3
stats: 503 0 3929
stats: 500 0 89
stats: 404 0 84
# stats: dump at 1480616391
stats: users 0 325
stats: {freemem,"tsung_controller@ip-172-31-13-122"} 1 3135.4609375 0.0 3149.0234375 3135.1484375 3140.380681818182 22
stats: {load,"tsung_controller@ip-172-31-13-122"} 1 0.05078125 0.0 0.26953125 0.0390625 0.13334517045454547 22
stats: {recvpackets,"tsung_controller@ip-172-31-13-122"} 1 159.0 0.0 9379 126 4514.714285714285 21
stats: {sentpackets,"tsung_controller@ip-172-31-13-122"} 1 112.0 0.0 4102 104 2202.8571428571427 21
stats: {cpu,"tsung_controller@ip-172-31-13-122"} 1 1.2807881773399015 0.0 9.239653512993263 1.2807881773399015 4.070987376671995 22
stats: session 3 116173.1786295573 5014.865838936016 173879.01391601563 9780.1279296875 60539.89435961517 431
stats: users_count 0 434
stats: finish_users_count 3 434
stats: request 9 7.82177734375 0.5247651023749191 47595.18701171875 0.613037109375 2684.3368606699464 5199
stats: connect 0 0 0 112.4130859375 0.485107421875 0.9710866945599197 436
stats: page 7 10.095842633928571 3.804606699751973 61212.22802734375 0.64599609375 2927.62672614131 4767
stats: 302 7 305
stats: 200 2 801
stats: size_rcv 49167 126265302
stats: newphase 0 3
stats: size_sent 5148 1778190
stats: connected -3 0
stats: 503 0 3929
stats: 500 0 89
stats: 404 0 84
EndMonitor:{1480,616391,338553}
