# stats: dump at 1480595701
stats: users 6 6
stats: {freemem,"tsung_controller@ip-172-31-13-122"} 1 3160.1171875 0 3160.1171875 3160.1171875 0 0
stats: {load,"tsung_controller@ip-172-31-13-122"} 1 0.01171875 0 0.01171875 0.01171875 0 0
stats: {cpu,"tsung_controller@ip-172-31-13-122"} 1 1.764771125841641 0 1.764771125841641 1.764771125841641 0 0
stats: users_count 6 6
stats: finish_users_count 0 0
stats: request 14 63.918125697544646 74.7692597548835 281.73388671875 7.545166015625 0 0
stats: connect 6 32.159627278645836 45.43348942866583 113.301025390625 0.90283203125 0 0
stats: page 14 63.918125697544646 74.7692597548835 281.73388671875 7.545166015625 0 0
stats: 200 14 14
stats: size_rcv 1523196 1523196
stats: size_sent 5523 5523
stats: connected 6 6
# stats: dump at 1480595711
stats: users 20 20
stats: {freemem,"tsung_controller@ip-172-31-13-122"} 1 3160.51171875 0.0 3160.51171875 3160.1171875 3160.1171875 1
stats: {load,"tsung_controller@ip-172-31-13-122"} 1 0.01171875 0.0 0.01171875 0.01171875 0.01171875 1
stats: {recvpackets,"tsung_controller@ip-172-31-13-122"} 1 2020 0 2020 2020 0 0
stats: {sentpackets,"tsung_controller@ip-172-31-13-122"} 1 1029 0 1029 1029 0 0
stats: {cpu,"tsung_controller@ip-172-31-13-122"} 1 2.747791952894995 0.0 2.747791952894995 1.764771125841641 1.764771125841641 1
stats: users_count 14 20
stats: finish_users_count 0 0
stats: request 27 101.33857783564815 168.94952565138206 850.85107421875 7.545166015625 63.918125697544646 14
stats: connect 14 0.9713657924107143 0.3868699258974207 113.301025390625 0.809814453125 32.159627278645836 6
stats: page 27 101.33857783564815 168.94952565138206 850.85107421875 7.545166015625 63.918125697544646 14
stats: 200 27 41
stats: size_rcv 3477377 5000573
stats: size_sent 15508 21031
stats: connected 14 20
# stats: dump at 1480595721
stats: users 24 24
stats: {freemem,"tsung_controller@ip-172-31-13-122"} 1 3160.1640625 0.0 3160.51171875 3160.1171875 3160.314453125 2
stats: {load,"tsung_controller@ip-172-31-13-122"} 1 0.01171875 0.0 0.01171875 0.01171875 0.01171875 2
stats: {recvpackets,"tsung_controller@ip-172-31-13-122"} 1 1599.0 0.0 2020 1599 2020.0 1
stats: {sentpackets,"tsung_controller@ip-172-31-13-122"} 1 801.0 0.0 1029 801 1029.0 1
stats: {cpu,"tsung_controller@ip-172-31-13-122"} 1 1.6765285996055226 0.0 2.747791952894995 1.6765285996055226 2.256281539368318 2
stats: users_count 4 24
stats: finish_users_count 0 0
stats: request 20 6878.520947265625 2962.4032668977643 17356.73193359375 7.545166015625 88.56086247141768 41
stats: connect 4 0.9005126953125 0.08345441168225477 113.301025390625 0.809814453125 10.32784423828125 20
stats: page 20 6878.520947265625 2962.4032668977643 17356.73193359375 7.545166015625 88.56086247141768 41
stats: 200 20 61
stats: size_rcv 3325826 8326399
stats: size_sent 8545 29576
stats: connected 4 24
# stats: dump at 1480595731
stats: users 35 35
stats: {freemem,"tsung_controller@ip-172-31-13-122"} 1 3159.83203125 0.0 3160.51171875 3159.83203125 3160.2643229166665 3
stats: {load,"tsung_controller@ip-172-31-13-122"} 1 0.01171875 0.0 0.01171875 0.01171875 0.01171875 3
stats: {recvpackets,"tsung_controller@ip-172-31-13-122"} 1 2357.0 0.0 2357 1599 1809.5 2
stats: {sentpackets,"tsung_controller@ip-172-31-13-122"} 1 1146.0 0.0 1146 801 915.0 2
stats: {cpu,"tsung_controller@ip-172-31-13-122"} 1 1.7769002961500493 0.0 2.747791952894995 1.6765285996055226 2.063030559447386 3
stats: users_count 11 35
stats: finish_users_count 0 0
stats: request 57 4617.101995100054 5867.71796082329 23063.498046875 7.545166015625 2314.7772837154203 61
stats: connect 11 1.0235262784090908 0.3281863146665773 113.301025390625 0.748046875 8.756622314453125 24
stats: page 57 4617.101995100054 5867.71796082329 23063.498046875 7.545166015625 2314.7772837154203 61
stats: 200 56 117
stats: size_rcv 8649181 16975580
stats: newphase 1 1
stats: size_sent 20401 49977
stats: connected 11 35
stats: 500 1 1
# stats: dump at 1480595741
stats: users 60 60
stats: {freemem,"tsung_controller@ip-172-31-13-122"} 1 3158.38671875 0.0 3160.51171875 3158.38671875 3160.15625 4
stats: {load,"tsung_controller@ip-172-31-13-122"} 1 0.01171875 0.0 0.01171875 0.01171875 0.01171875 4
stats: {recvpackets,"tsung_controller@ip-172-31-13-122"} 1 6138.0 0.0 6138 1599 1992.0 3
stats: {sentpackets,"tsung_controller@ip-172-31-13-122"} 1 2882.0 0.0 2882 801 992.0 3
stats: {cpu,"tsung_controller@ip-172-31-13-122"} 1 2.472799208704253 0.0 2.747791952894995 1.6765285996055226 1.9914979936230521 4
stats: users_count 25 60
stats: finish_users_count 0 0
stats: request 1 25337.902099609375 0.0 25337.902099609375 7.545166015625 3426.9171866724046 118
stats: connect 24 0.848297119140625 0.06726354142010622 113.301025390625 0.718994140625 6.326220703125 35
stats: page 1 25337.902099609375 0.0 25337.902099609375 7.545166015625 3426.9171866724046 118
stats: 200 1 118
stats: size_rcv 515224 17490804
stats: newphase 0 1
stats: size_sent 13192 63169
stats: connected 24 59
stats: 500 0 1
# stats: dump at 1480595751
stats: users 81 81
stats: {freemem,"tsung_controller@ip-172-31-13-122"} 1 3158.03125 0.0 3160.51171875 3158.03125 3159.80234375 5
stats: {load,"tsung_controller@ip-172-31-13-122"} 1 0.01171875 0.0 0.01171875 0.01171875 0.01171875 5
stats: {recvpackets,"tsung_controller@ip-172-31-13-122"} 1 423.0 0.0 6138 423 3028.5 4
stats: {sentpackets,"tsung_controller@ip-172-31-13-122"} 1 257.0 0.0 2882 257 1464.5 4
stats: {cpu,"tsung_controller@ip-172-31-13-122"} 1 1.5779092702169626 0.0 2.747791952894995 1.5779092702169626 2.087758236639292 5
stats: users_count 21 81
stats: finish_users_count 0 0
stats: request 25 15201.5655078125 4473.771916305201 30865.3779296875 7.545166015625 3611.0431103105307 119
stats: connect 20 0.898681640625 0.10335819581066298 113.301025390625 0.6669921875 4.097912804555085 59
stats: page 25 15201.5655078125 4473.771916305201 30865.3779296875 7.545166015625 3611.0431103105307 119
stats: 200 25 143
stats: size_rcv 3943654 21434458
stats: newphase 0 1
stats: size_sent 15072 78241
stats: connected 20 79
stats: 500 0 1
# stats: dump at 1480595761
stats: users 114 114
stats: {freemem,"tsung_controller@ip-172-31-13-122"} 1 3157.31640625 0.0 3160.51171875 3157.31640625 3159.5071614583335 6
stats: {load,"tsung_controller@ip-172-31-13-122"} 1 0.0 0.0 0.01171875 0.0 0.01171875 6
stats: {recvpackets,"tsung_controller@ip-172-31-13-122"} 1 3574.0 0.0 6138 423 2507.4 5
stats: {sentpackets,"tsung_controller@ip-172-31-13-122"} 1 1591.0 0.0 2882 257 1223.0 5
stats: {cpu,"tsung_controller@ip-172-31-13-122"} 1 2.546523016650343 0.0 2.747791952894995 1.5779092702169626 2.0027834089022374 6
stats: users_count 33 114
stats: finish_users_count 0 0
stats: request 62 12505.33296843498 5664.395102828929 30865.3779296875 0.85791015625 5623.286582099066 144
stats: connect 34 0.9527013442095589 0.38442202493767025 113.301025390625 0.6669921875 3.2879808643196204 79
stats: page 60 12531.21484781901 5755.725715525889 30865.3779296875 0.85791015625 5623.286582099066 144
stats: 302 2 2
stats: 200 54 197
stats: size_rcv 6279479 27713937
stats: newphase 1 2
stats: size_sent 31291 109532
stats: connected 34 113
stats: 503 6 6
stats: 500 0 1
# stats: dump at 1480595771
stats: users 150 150
stats: {freemem,"tsung_controller@ip-172-31-13-122"} 1 3154.66015625 0.0 3160.51171875 3154.66015625 3159.1941964285716 7
stats: {load,"tsung_controller@ip-172-31-13-122"} 1 0.0 0.0 0.01171875 0.0 0.010044642857142858 7
stats: {recvpackets,"tsung_controller@ip-172-31-13-122"} 1 3853.0 0.0 6138 423 2685.1666666666665 6
stats: {sentpackets,"tsung_controller@ip-172-31-13-122"} 1 1970.0 0.0 2882 257 1284.3333333333333 6
stats: {cpu,"tsung_controller@ip-172-31-13-122"} 1 2.9585798816568047 0.0 2.9585798816568047 1.5779092702169626 2.0804604957233956 7
stats: session 1 70477.97900390625 0 70477.97900390625 70477.97900390625 0 0
stats: users_count 37 151
stats: finish_users_count 1 1
stats: request 163 1612.3861031561541 5950.010156784497 36229.451171875 0.69580078125 7694.582096433177 206
stats: connect 37 0.8580751161317568 0.12592299738587714 113.301025390625 0.664794921875 2.5853303892422566 113
stats: page 161 1511.0918484326482 5815.5972295945885 36229.451171875 0.69580078125 7655.030189663757 204
stats: 302 1 3
stats: 200 11 208
stats: size_rcv 1561701 29275638
stats: newphase 0 2
stats: size_sent 35683 145215
stats: connected 36 149
stats: 503 151 157
stats: 500 0 1
# stats: dump at 1480595781
stats: users 194 194
stats: {freemem,"tsung_controller@ip-172-31-13-122"} 1 3152.703125 0.0 3160.51171875 3152.703125 3158.62744140625 8
stats: {load,"tsung_controller@ip-172-31-13-122"} 1 0.0 0.0 0.01171875 0.0 0.0087890625 8
stats: {recvpackets,"tsung_controller@ip-172-31-13-122"} 1 1323.0 0.0 6138 423 2852.0 7
stats: {sentpackets,"tsung_controller@ip-172-31-13-122"} 1 954.0 0.0 2882 257 1382.2857142857142 7
stats: {cpu,"tsung_controller@ip-172-31-13-122"} 1 3.143418467583497 0.0 3.143418467583497 1.5779092702169626 2.190225418965072 8
stats: session 2 45140.12548828125 32128.9755859375 77269.10107421875 13011.14990234375 70477.97900390625 1
stats: users_count 46 197
stats: finish_users_count 2 3
stats: request 343 3179.1358553605596 8006.752093588766 36229.451171875 0.656982421875 5007.866793169885 369
stats: connect 47 0.878168633643617 0.34409498869601035 113.301025390625 0.664794921875 2.159274088541667 150
stats: page 337 3305.3516755146516 8279.2110274497 36229.451171875 0.656982421875 4944.96423640839 365
stats: 302 0 3
stats: 200 47 255
stats: size_rcv 4090813 33366451
stats: newphase 0 2
stats: size_sent 93407 238622
stats: connected 45 194
stats: 503 296 453
stats: 500 0 1
# stats: dump at 1480595791
stats: users 244 245
stats: {freemem,"tsung_controller@ip-172-31-13-122"} 1 3149.94921875 0.0 3160.51171875 3149.94921875 3157.969184027778 9
stats: {load,"tsung_controller@ip-172-31-13-122"} 1 0.0 0.0 0.01171875 0.0 0.0078125 9
stats: {recvpackets,"tsung_controller@ip-172-31-13-122"} 1 4515.0 0.0 6138 423 2660.875 8
stats: {sentpackets,"tsung_controller@ip-172-31-13-122"} 1 2689.0 0.0 2882 257 1328.75 8
stats: {cpu,"tsung_controller@ip-172-31-13-122"} 1 4.906771344455349 0.0 4.906771344455349 1.5779092702169626 2.2961357577004526 9
stats: session 14 38117.7621372768 24099.4964807142 87762.994140625 9355.137939453125 53586.07666015625 3
stats: users_count 64 261
stats: finish_users_count 14 17
stats: request 553 1045.6059746906076 5144.045509662642 36229.451171875 0.636962890625 4126.891074534213 712
stats: connect 63 0.7830829923115079 0.13445310067707364 113.301025390625 0.6240234375 1.8536296399111676 197
stats: page 531 1088.9392080648238 5245.028609301813 36229.451171875 0.636962890625 4157.85678196225 702
stats: 302 0 3
stats: 200 22 277
stats: size_rcv 2268056 35634507
stats: newphase 1 3
stats: size_sent 155839 394461
stats: connected 50 244
stats: 503 531 984
stats: 500 0 1
# stats: dump at 1480595801
stats: users 294 294
stats: {freemem,"tsung_controller@ip-172-31-13-122"} 1 3147.4296875 0.0 3160.51171875 3147.4296875 3157.1671875 10
stats: {load,"tsung_controller@ip-172-31-13-122"} 1 0.0 0.0 0.01171875 0.0 0.00703125 10
stats: {recvpackets,"tsung_controller@ip-172-31-13-122"} 1 3472.0 0.0 6138 423 2866.8888888888887 9
stats: {sentpackets,"tsung_controller@ip-172-31-13-122"} 1 2624.0 0.0 2882 257 1479.888888888889 9
stats: {cpu,"tsung_controller@ip-172-31-13-122"} 1 6.031128404669261 0.0 6.031128404669261 1.5779092702169626 2.557199316375942 10
stats: session 25 45913.99414062502 26413.475554966553 100447.041015625 9299.9521484375 40847.464700137876 17
stats: users_count 75 336
stats: finish_users_count 25 42
stats: request 748 2294.3161271855156 7981.7703582735985 46566.3779296875 0.635986328125 2779.894505195467 1265
stats: connect 75 0.9294661458333333 1.0796021940173144 113.301025390625 0.6240234375 1.5942279522235576 260
stats: page 709 2448.0850948877173 8288.412694356435 46566.3779296875 0.636962890625 2836.20614794803 1233
stats: 302 0 3
stats: 200 60 337
stats: size_rcv 9850057 45484564
stats: newphase 0 3
stats: size_sent 206224 600685
stats: connected 49 293
stats: 503 688 1672
stats: 500 0 1
# stats: dump at 1480595811
stats: users 330 330
stats: {freemem,"tsung_controller@ip-172-31-13-122"} 1 3144.0703125 0.0 3160.51171875 3144.0703125 3156.2819602272725 11
stats: {load,"tsung_controller@ip-172-31-13-122"} 1 0.0 0.0 0.01171875 0.0 0.006392045454545455 11
stats: {recvpackets,"tsung_controller@ip-172-31-13-122"} 1 5621.0 0.0 6138 423 2927.4 10
stats: {sentpackets,"tsung_controller@ip-172-31-13-122"} 1 3941.0 0.0 3941 257 1594.3 10
stats: {cpu,"tsung_controller@ip-172-31-13-122"} 1 7.59493670886076 0.0 7.59493670886076 1.5779092702169626 2.8730110516753347 11
stats: session 51 46966.98269952512 25889.828496406983 111127.76806640625 9299.9521484375 43863.25603376117 42
stats: users_count 87 423
stats: finish_users_count 51 93
stats: request 857 668.6438287403371 4267.449138526573 46566.3779296875 0.629150390625 2599.461009541496 2013
stats: connect 88 0.8802074085582386 0.5961260682426863 113.301025390625 0.609130859375 1.445400682136194 335
stats: page 805 679.1985333365685 4306.238562529341 46566.3779296875 0.629150390625 2694.507987999646 1942
stats: 302 2 5
stats: 200 18 355
stats: size_rcv 2350676 47835240
stats: newphase 0 3
stats: size_sent 232469 833154
stats: connected 37 330
stats: 503 836 2508
stats: 500 0 1
stats: 404 1 1
# stats: dump at 1480595821
stats: users 276 331
stats: {freemem,"tsung_controller@ip-172-31-13-122"} 1 3143.171875 0.0 3160.51171875 3143.171875 3155.2643229166665 12
stats: {load,"tsung_controller@ip-172-31-13-122"} 1 0.0 0.0 0.01171875 0.0 0.005859375 12
stats: {recvpackets,"tsung_controller@ip-172-31-13-122"} 1 2207.0 0.0 6138 423 3172.2727272727275 11
stats: {sentpackets,"tsung_controller@ip-172-31-13-122"} 1 2535.0 0.0 3941 257 1807.6363636363637 11
stats: {cpu,"tsung_controller@ip-172-31-13-122"} 1 7.314725697786333 0.0 7.59493670886076 1.5779092702169626 3.2665048564407866 12
stats: session 62 42598.00862367691 25040.34022715183 113685.13891601563 9299.9521484375 45565.29968918011 93
stats: users_count 8 431
stats: finish_users_count 62 155
stats: request 770 1785.6723870611816 7349.244817136575 46566.3779296875 0.6279296875 2022.9068896994775 2870
stats: connect 8 0.796142578125 0.04954024777681176 113.301025390625 0.609130859375 1.3278191027630024 423
stats: page 691 1951.974067036565 7677.104845957027 46566.3779296875 0.629150390625 2103.92767820577 2747
stats: 302 1 6
stats: 200 37 392
stats: size_rcv 5599421 53434661
stats: newphase 0 3
stats: size_sent 210702 1043856
stats: connected -52 278
stats: 503 726 3234
stats: 500 0 1
stats: 404 6 7
# stats: dump at 1480595831
stats: users 208 331
stats: {freemem,"tsung_controller@ip-172-31-13-122"} 1 3142.70703125 0.0 3160.51171875 3142.70703125 3154.3341346153848 13
stats: {load,"tsung_controller@ip-172-31-13-122"} 1 0.0 0.0 0.01171875 0.0 0.005408653846153846 13
stats: {recvpackets,"tsung_controller@ip-172-31-13-122"} 1 5027.0 0.0 6138 423 3091.8333333333335 12
stats: {sentpackets,"tsung_controller@ip-172-31-13-122"} 1 3577.0 0.0 3941 257 1868.25 12
stats: {cpu,"tsung_controller@ip-172-31-13-122"} 1 6.555772994129158 0.0 7.59493670886076 1.5779092702169626 3.5779064596212136 13
stats: session 68 43689.09360997817 24120.34544207784 130711.94702148438 9299.9521484375 44378.38326297883 155
stats: users_count 0 431
stats: finish_users_count 68 223
stats: request 425 1747.1696541819854 7578.853146568013 47888.27099609375 0.613037109375 1972.72266798753 3640
stats: connect 0 0 0 113.301025390625 0.609130859375 1.3179503969692576 431
stats: page 366 1944.9572600484548 7992.726748840147 47888.27099609375 0.629150390625 2073.3866818945658 3438
stats: 302 1 7
stats: 200 18 410
stats: size_rcv 4537266 57971927
stats: newphase 0 3
stats: size_sent 153136 1196992
stats: connected -69 209
stats: 503 403 3637
stats: 500 0 1
stats: 404 3 10
# stats: dump at 1480595841
stats: users 167 331
stats: {freemem,"tsung_controller@ip-172-31-13-122"} 1 3142.63671875 0.0 3160.51171875 3142.63671875 3153.5036272321427 14
stats: {load,"tsung_controller@ip-172-31-13-122"} 1 0.078125 0.0 0.078125 0.0 0.005022321428571429 14
stats: {recvpackets,"tsung_controller@ip-172-31-13-122"} 1 3210.0 0.0 6138 423 3240.6923076923076 13
stats: {sentpackets,"tsung_controller@ip-172-31-13-122"} 1 2191.0 0.0 3941 257 1999.6923076923076 13
stats: {cpu,"tsung_controller@ip-172-31-13-122"} 1 3.758654797230465 0.0 7.59493670886076 1.5779092702169626 3.7906112120860667 14
stats: session 41 49503.24484922828 25956.769205548342 134889.9599609375 9299.9521484375 44168.19628358849 223
stats: users_count 0 431
stats: finish_users_count 41 264
stats: request 223 1901.0987893690442 8831.942067341086 57229.570068359375 0.613037109375 1949.1408645761262 4065
stats: connect 0 0 0 113.301025390625 0.609130859375 1.3179503969692576 431
stats: page 183 2094.5338034707997 9275.664993053284 57229.570068359375 0.629150390625 2061.029907868363 3804
stats: 302 1 8
stats: 200 8 418
stats: size_rcv 2091623 60063550
stats: newphase 0 3
stats: size_sent 87398 1284390
stats: connected -42 167
stats: 503 213 3850
stats: 500 0 1
stats: 404 1 11
# stats: dump at 1480595851
stats: users 144 331
stats: {freemem,"tsung_controller@ip-172-31-13-122"} 1 3142.515625 0.0 3160.51171875 3142.515625 3152.7791666666667 15
stats: {load,"tsung_controller@ip-172-31-13-122"} 1 0.0703125 0.0 0.078125 0.0 0.009895833333333333 15
stats: {recvpackets,"tsung_controller@ip-172-31-13-122"} 1 1795.0 0.0 6138 423 3238.5 14
stats: {sentpackets,"tsung_controller@ip-172-31-13-122"} 1 1142.0 0.0 3941 257 2013.357142857143 14
stats: {cpu,"tsung_controller@ip-172-31-13-122"} 1 3.054187192118227 0.0 7.59493670886076 1.5779092702169626 3.7884807844290265 15
stats: session 23 60691.06981360394 23659.007548904854 134889.9599609375 9299.9521484375 44996.74549264619 264
stats: users_count 0 431
stats: finish_users_count 23 287
stats: request 190 8337.6753880551 16036.35179056672 57229.570068359375 0.613037109375 1946.642407773146 4288
stats: connect 0 0 0 113.301025390625 0.609130859375 1.3179503969692576 431
stats: page 157 8938.041216224621 16927.043273724386 66874.07983398438 0.629150390625 2062.567708945676 3987
stats: 302 6 14
stats: 200 33 451
stats: size_rcv 5563216 65626766
stats: newphase 0 3
stats: size_sent 85291 1369681
stats: connected -24 143
stats: 503 148 3998
stats: 500 0 1
stats: 404 3 14
# stats: dump at 1480595861
stats: users 121 331
stats: {freemem,"tsung_controller@ip-172-31-13-122"} 1 3142.421875 0.0 3160.51171875 3142.421875 3152.1376953125 16
stats: {load,"tsung_controller@ip-172-31-13-122"} 1 0.05859375 0.0 0.078125 0.0 0.013671875 16
stats: {recvpackets,"tsung_controller@ip-172-31-13-122"} 1 4057.0 0.0 6138 423 3142.266666666667 15
stats: {sentpackets,"tsung_controller@ip-172-31-13-122"} 1 2090.0 0.0 3941 257 1955.2666666666667 15
stats: {cpu,"tsung_controller@ip-172-31-13-122"} 1 2.66798418972332 0.0 7.59493670886076 1.5779092702169626 3.7425874349096016 16
stats: session 23 74512.42352029552 26965.014445661574 134889.9599609375 9299.9521484375 46254.478800597506 287
stats: users_count 0 431
stats: finish_users_count 23 310
stats: request 93 594.5171528477823 5693.149300564763 57229.570068359375 0.613037109375 2217.811739227717 4478
stats: connect 1 0.819091796875 0.0 113.301025390625 0.609130859375 1.3179503969692576 431
stats: page 76 727.5650666889392 6290.083609055908 66874.07983398438 0.629150390625 2323.0525884444196 4144
stats: 302 0 14
stats: 200 1 452
stats: size_rcv 916640 66543406
stats: newphase 0 3
stats: size_sent 47106 1416787
stats: connected -22 121
stats: 503 92 4090
stats: 500 0 1
stats: 404 0 14
# stats: dump at 1480595871
stats: users 115 331
stats: {freemem,"tsung_controller@ip-172-31-13-122"} 1 3142.48046875 0.0 3160.51171875 3142.421875 3151.5661764705883 17
stats: {load,"tsung_controller@ip-172-31-13-122"} 1 0.05078125 0.0 0.078125 0.0 0.01631433823529412 17
stats: {recvpackets,"tsung_controller@ip-172-31-13-122"} 1 723.0 0.0 6138 423 3199.4375 16
stats: {sentpackets,"tsung_controller@ip-172-31-13-122"} 1 477.0 0.0 3941 257 1963.6875 16
stats: {cpu,"tsung_controller@ip-172-31-13-122"} 1 1.483679525222552 0.0 7.59493670886076 1.483679525222552 3.6793754793104085 17
stats: session 6 108473.18733723958 35519.33100832221 160118.083984375 9299.9521484375 48351.035989478325 310
stats: users_count 0 431
stats: finish_users_count 6 316
stats: request 65 32464.751923076925 21347.18519452904 64582.60400390625 0.613037109375 2184.78474370522 4571
stats: connect 0 0 0 113.301025390625 0.609130859375 1.3167956316912617 432
stats: page 55 33092.978022904834 23212.08118294613 75111.90478515625 0.629150390625 2294.3186899483494 4220
stats: 302 8 22
stats: 200 25 477
stats: size_rcv 3943496 70486902
stats: newphase 0 3
stats: size_sent 25900 1442687
stats: connected -6 115
stats: 503 19 4109
stats: 500 2 3
stats: 404 11 25
# stats: dump at 1480595881
stats: users 105 331
stats: {freemem,"tsung_controller@ip-172-31-13-122"} 1 3142.5078125 0.0 3160.51171875 3142.421875 3151.0614149305557 18
stats: {load,"tsung_controller@ip-172-31-13-122"} 1 0.0390625 0.0 0.078125 0.0 0.018229166666666668 18
stats: {recvpackets,"tsung_controller@ip-172-31-13-122"} 1 4650.0 0.0 6138 423 3053.764705882353 17
stats: {sentpackets,"tsung_controller@ip-172-31-13-122"} 1 2088.0 0.0 3941 257 1876.235294117647 17
stats: {cpu,"tsung_controller@ip-172-31-13-122"} 1 2.6522593320235757 0.0 7.59493670886076 1.483679525222552 3.557392370749972 18
stats: session 10 81927.8293701172 18727.441622092152 160118.083984375 9299.9521484375 49492.59582519531 316
stats: users_count 0 431
stats: finish_users_count 10 326
stats: request 65 27145.35910456731 8964.400457868305 64582.60400390625 0.613037109375 2609.331306832735 4636
stats: connect 1 0.819091796875 0.0 113.301025390625 0.609130859375 1.3167956316912617 432
stats: page 58 33172.57985924028 15374.883858448991 75111.90478515625 0.629150390625 2690.5587515419415 4275
stats: 302 8 30
stats: 200 35 512
stats: size_rcv 4673360 75160262
stats: newphase 0 3
stats: size_sent 28403 1471090
stats: connected -10 105
stats: 503 0 4109
stats: 500 1 4
stats: 404 21 46
# stats: dump at 1480595891
stats: users 103 331
stats: {freemem,"tsung_controller@ip-172-31-13-122"} 1 3142.50390625 0.0 3160.51171875 3142.421875 3150.6112253289475 19
stats: {load,"tsung_controller@ip-172-31-13-122"} 1 0.0390625 0.0 0.078125 0.0 0.019325657894736843 19
stats: {recvpackets,"tsung_controller@ip-172-31-13-122"} 1 1656.0 0.0 6138 423 3142.4444444444443 18
stats: {sentpackets,"tsung_controller@ip-172-31-13-122"} 1 766.0 0.0 3941 257 1888.0 18
stats: {cpu,"tsung_controller@ip-172-31-13-122"} 1 1.7733990147783252 0.0 7.59493670886076 1.483679525222552 3.5097537897643725 19
stats: session 2 95524.02856445313 5057.7734375 160118.083984375 9299.9521484375 50487.54163945672 326
stats: users_count 0 431
stats: finish_users_count 2 328
stats: request 20 23762.529382324217 15211.14400032931 71172.63818359375 0.613037109375 2948.587168745679 4701
stats: connect 0 0 0 113.301025390625 0.609130859375 1.3156462002020786 433
stats: page 19 37202.351626747535 22085.132194296013 75111.90478515625 0.629150390625 3098.580266484592 4333
stats: 302 3 33
stats: 200 15 527
stats: size_rcv 1840273 77000535
stats: newphase 0 3
stats: size_sent 11754 1482844
stats: connected -2 103
stats: 503 0 4109
stats: 500 0 4
stats: 404 2 48
# stats: dump at 1480595901
stats: users 86 331
stats: {freemem,"tsung_controller@ip-172-31-13-122"} 1 3142.52734375 0.0 3160.51171875 3142.421875 3150.205859375 20
stats: {load,"tsung_controller@ip-172-31-13-122"} 1 0.03125 0.0 0.078125 0.0 0.0203125 20
stats: {recvpackets,"tsung_controller@ip-172-31-13-122"} 1 4364.0 0.0 6138 423 3064.2105263157896 19
stats: {sentpackets,"tsung_controller@ip-172-31-13-122"} 1 2080.0 0.0 3941 257 1828.9473684210527 19
stats: {cpu,"tsung_controller@ip-172-31-13-122"} 1 2.3692003948667324 0.0 7.59493670886076 1.483679525222552 3.42293605101507 20
stats: session 17 114859.37277401195 28707.11306155809 170969.26391601563 9299.9521484375 50762.15436460914 328
stats: users_count 0 431
stats: finish_users_count 17 345
stats: request 95 17144.391848273022 9277.779480409034 71172.63818359375 0.613037109375 3036.7631577885873 4721
stats: connect 0 0 0 113.301025390625 0.609130859375 1.3156462002020786 433
stats: page 79 21154.44492929193 12289.912935834798 75111.90478515625 0.629150390625 3247.4708124048575 4352
stats: 302 33 66
stats: 200 47 574
stats: size_rcv 6388202 83388737
stats: newphase 0 3
stats: size_sent 40413 1523257
stats: connected -17 86
stats: 503 0 4109
stats: 500 0 4
stats: 404 15 63
# stats: dump at 1480595911
stats: users 86 331
stats: {freemem,"tsung_controller@ip-172-31-13-122"} 1 3142.5390625 0.0 3160.51171875 3142.421875 3149.8402157738096 21
stats: {load,"tsung_controller@ip-172-31-13-122"} 1 0.03125 0.0 0.078125 0.0 0.020833333333333332 21
stats: {recvpackets,"tsung_controller@ip-172-31-13-122"} 1 1713.0 0.0 6138 423 3129.2 20
stats: {sentpackets,"tsung_controller@ip-172-31-13-122"} 1 869.0 0.0 3941 257 1841.5 20
stats: {cpu,"tsung_controller@ip-172-31-13-122"} 1 1.8682399213372665 0.0 7.59493670886076 1.483679525222552 3.372758162627054 21
stats: session 0 0 0 170969.26391601563 9299.9521484375 53920.56802536232 345
stats: users_count 0 431
stats: finish_users_count 0 345
stats: request 3 22139.742350260418 11201.681506868263 71172.63818359375 0.613037109375 3315.0490227379273 4816
stats: connect 0 0 0 113.301025390625 0.609130859375 1.3156462002020786 433
stats: page 3 28863.828287760418 10457.135354617745 75111.90478515625 0.629150390625 3566.7330455879037 4431
stats: 302 1 67
stats: 200 1 575
stats: size_rcv 26166 83414903
stats: newphase 0 3
stats: size_sent 4902 1528159
stats: connected 0 86
stats: 503 0 4109
stats: 500 1 5
stats: 404 0 63
# stats: dump at 1480595921
stats: users 70 331
stats: {freemem,"tsung_controller@ip-172-31-13-122"} 1 3142.5390625 0.0 3160.51171875 3142.421875 3149.5083451704545 22
stats: {load,"tsung_controller@ip-172-31-13-122"} 1 0.01953125 0.0 0.078125 0.0 0.02130681818181818 22
stats: {recvpackets,"tsung_controller@ip-172-31-13-122"} 1 1025.0 0.0 6138 423 3061.7619047619046 21
stats: {sentpackets,"tsung_controller@ip-172-31-13-122"} 1 483.0 0.0 3941 257 1795.1904761904761 21
stats: {cpu,"tsung_controller@ip-172-31-13-122"} 1 1.4749262536873156 0.0 7.59493670886076 1.4749262536873156 3.3043709698411545 22
stats: session 16 143858.75033569336 38163.31894966655 219428.1611328125 9299.9521484375 53920.56802536232 345
stats: users_count 0 431
stats: finish_users_count 16 361
stats: request 62 20074.119892735634 5061.647698870544 71172.63818359375 0.613037109375 3326.7680681794227 4819
stats: connect 0 0 0 113.301025390625 0.609130859375 1.3156462002020786 433
stats: page 60 22464.42755940755 6841.890698375719 75111.90478515625 0.629150390625 3583.84880691549 4434
stats: 302 25 92
stats: 200 37 612
stats: size_rcv 3919548 87334451
stats: newphase 0 3
stats: size_sent 22570 1550729
stats: connected -14 72
stats: 503 0 4109
stats: 500 0 5
stats: 404 0 63
# stats: dump at 1480595931
stats: users 67 331
stats: {freemem,"tsung_controller@ip-172-31-13-122"} 1 3142.546875 0.0 3160.51171875 3142.421875 3149.205332880435 23
stats: {load,"tsung_controller@ip-172-31-13-122"} 1 0.01953125 0.0 0.078125 0.0 0.02122961956521739 23
stats: {recvpackets,"tsung_controller@ip-172-31-13-122"} 1 2618.0 0.0 6138 423 2969.181818181818 22
stats: {sentpackets,"tsung_controller@ip-172-31-13-122"} 1 1153.0 0.0 3941 257 1735.5454545454545 22
stats: {cpu,"tsung_controller@ip-172-31-13-122"} 1 2.0710059171597637 0.0 7.59493670886076 1.4749262536873156 3.22482989522577 23
stats: session 3 140678.7667643229 20782.507158659595 219428.1611328125 9299.9521484375 57906.74785075095 361
stats: users_count 0 431
stats: finish_users_count 3 364
stats: request 25 16346.33662109375 6381.892859455519 71172.63818359375 0.613037109375 3539.49820813486 4881
stats: connect 0 0 0 113.301025390625 0.609130859375 1.3156462002020786 433
stats: page 16 18097.904098510735 7689.68560555365 75111.90478515625 0.629150390625 3835.9259598192557 4494
stats: 302 18 110
stats: 200 7 619
stats: size_rcv 1829824 89164275
stats: newphase 0 3
stats: size_sent 13553 1564282
stats: connected -5 67
stats: 503 0 4109
stats: 500 0 5
stats: 404 0 63
# stats: dump at 1480595941
stats: users 56 331
stats: {freemem,"tsung_controller@ip-172-31-13-122"} 1 3142.41015625 0.0 3160.51171875 3142.41015625 3148.9278971354165 24
stats: {load,"tsung_controller@ip-172-31-13-122"} 1 0.01953125 0.0 0.078125 0.0 0.021158854166666668 24
stats: {recvpackets,"tsung_controller@ip-172-31-13-122"} 1 660.0 0.0 6138 423 2953.913043478261 23
stats: {sentpackets,"tsung_controller@ip-172-31-13-122"} 1 306.0 0.0 3941 257 1710.2173913043478 23
stats: {cpu,"tsung_controller@ip-172-31-13-122"} 1 1.183431952662722 0.0 7.59493670886076 1.183431952662722 3.1767538961396866 24
stats: session 11 150705.14098011365 21190.806571891593 219428.1611328125 9299.9521484375 58588.93481981885 364
stats: users_count 0 431
stats: finish_users_count 11 375
stats: request 45 21833.715798611112 5318.855487052295 71172.63818359375 0.613037109375 3604.7593088939248 4906
stats: connect 0 0 0 113.301025390625 0.609130859375 1.3156462002020786 433
stats: page 40 25588.534216308595 7481.656547542142 75111.90478515625 0.629150390625 3886.5227780496466 4510
stats: 302 23 133
stats: 200 23 642
stats: size_rcv 3968806 93133081
stats: newphase 0 3
stats: size_sent 10299 1574581
stats: connected -7 60
stats: 503 0 4109
stats: 500 0 5
stats: 404 0 63
# stats: dump at 1480595951
stats: users 19 331
stats: {freemem,"tsung_controller@ip-172-31-13-122"} 1 3142.42578125 0.0 3160.51171875 3142.41015625 3148.6671875 25
stats: {load,"tsung_controller@ip-172-31-13-122"} 1 0.01171875 0.0 0.078125 0.0 0.02109375 25
stats: {recvpackets,"tsung_controller@ip-172-31-13-122"} 1 5495.0 0.0 6138 423 2858.3333333333335 24
stats: {sentpackets,"tsung_controller@ip-172-31-13-122"} 1 2423.0 0.0 3941 257 1651.7083333333333 24
stats: {cpu,"tsung_controller@ip-172-31-13-122"} 1 2.65748031496063 0.0 7.59493670886076 1.183431952662722 3.097021018400608 25
stats: session 37 151661.4585422825 17471.287287944957 219428.1611328125 9299.9521484375 61291.01020052083 375
stats: users_count 0 431
stats: finish_users_count 37 412
stats: request 154 2924.4164468344147 7306.037699216371 71172.63818359375 0.613037109375 3770.4436235853555 4951
stats: connect 0 0 0 113.301025390625 0.609130859375 1.3156462002020786 433
stats: page 136 4163.031874712774 8757.898525261799 75111.90478515625 0.629150390625 4077.3096917925823 4550
stats: 302 90 223
stats: 200 62 704
stats: size_rcv 5641502 98774583
stats: newphase 0 3
stats: size_sent 65351 1639932
stats: connected -41 19
stats: 503 0 4109
stats: 500 1 6
stats: 404 0 63
# stats: dump at 1480595961
stats: users 9 331
stats: {freemem,"tsung_controller@ip-172-31-13-122"} 1 3141.2421875 0.0 3160.51171875 3141.2421875 3148.4271334134614 26
stats: {load,"tsung_controller@ip-172-31-13-122"} 1 0.01171875 0.0 0.078125 0.0 0.020733173076923076 26
stats: {recvpackets,"tsung_controller@ip-172-31-13-122"} 1 2086.0 0.0 6138 423 2963.8 25
stats: {sentpackets,"tsung_controller@ip-172-31-13-122"} 1 1165.0 0.0 3941 257 1682.56 25
stats: {cpu,"tsung_controller@ip-172-31-13-122"} 1 2.561576354679803 0.0 7.59493670886076 1.183431952662722 3.08011560672984 26
stats: session 10 163051.07045898438 12698.495722273537 219428.1611328125 9299.9521484375 69406.80289140719 412
stats: users_count 0 431
stats: finish_users_count 10 422
stats: request 35 8.992410714285715 3.000193689185568 71172.63818359375 0.613037109375 3744.9219418577068 5105
stats: connect 0 0 0 113.301025390625 0.609130859375 1.3156462002020786 433
stats: page 30 10.509244791666667 3.7718261778448694 75111.90478515625 0.629150390625 4079.7975741820715 4686
stats: 302 20 243
stats: 200 15 719
stats: size_rcv 607402 99381985
stats: newphase 0 3
stats: size_sent 18930 1658862
stats: connected -10 9
stats: 503 0 4109
stats: 500 0 6
stats: 404 0 63
# stats: dump at 1480595971
stats: users 6 331
stats: {freemem,"tsung_controller@ip-172-31-13-122"} 1 3142.87109375 0.0 3160.51171875 3141.2421875 3148.1610243055557 27
stats: {load,"tsung_controller@ip-172-31-13-122"} 1 0.01171875 0.0 0.078125 0.0 0.020399305555555556 27
stats: {recvpackets,"tsung_controller@ip-172-31-13-122"} 1 289.0 0.0 6138 289 2930.0384615384614 26
stats: {sentpackets,"tsung_controller@ip-172-31-13-122"} 1 205.0 0.0 3941 205 1662.6538461538462 26
stats: {cpu,"tsung_controller@ip-172-31-13-122"} 1 1.2807881773399015 0.0 7.59493670886076 1.183431952662722 3.0609104492465047 27
stats: session 3 167979.4052734375 10332.267283923595 219428.1611328125 9299.9521484375 71625.86136457253 422
stats: users_count 0 431
stats: finish_users_count 3 425
stats: request 11 8.288307883522727 1.797977451441965 71172.63818359375 0.613037109375 3719.482732988053 5140
stats: connect 0 0 0 113.301025390625 0.609130859375 1.3156462002020786 433
stats: page 9 10.152587890625 4.4407316896175315 75111.90478515625 0.629150390625 4053.911516107069 4716
stats: 302 9 252
stats: 200 2 721
stats: size_rcv 49370 99431355
stats: newphase 0 3
stats: size_sent 6468 1665330
stats: connected -3 6
stats: 503 0 4109
stats: 500 0 6
stats: 404 0 63
# stats: dump at 1480595981
stats: users 3 331
stats: {freemem,"tsung_controller@ip-172-31-13-122"} 1 3142.93359375 0.0 3160.51171875 3141.2421875 3147.972098214286 28
stats: {load,"tsung_controller@ip-172-31-13-122"} 1 0.01171875 0.0 0.078125 0.0 0.020089285714285716 28
stats: {recvpackets,"tsung_controller@ip-172-31-13-122"} 1 80.0 0.0 6138 80 2832.222222222222 27
stats: {sentpackets,"tsung_controller@ip-172-31-13-122"} 1 62.0 0.0 3941 62 1608.6666666666667 27
stats: {cpu,"tsung_controller@ip-172-31-13-122"} 1 1.0848126232741617 0.0 7.59493670886076 1.0848126232741617 2.997334653821269 28
stats: session 3 180531.09936523438 11993.483954343494 219428.1611328125 9299.9521484375 72306.00402745864 425
stats: users_count 0 431
stats: finish_users_count 3 428
stats: request 12 8.541259765625 2.5769347843960997 71172.63818359375 0.613037109375 3711.5574488342677 5151
stats: connect 0 0 0 113.301025390625 0.609130859375 1.3156462002020786 433
stats: page 9 11.427001953125 3.7698009423040526 75111.90478515625 0.629150390625 4046.2091181485616 4725
stats: 302 9 261
stats: 200 3 724
stats: size_rcv 73595 99504950
stats: newphase 0 3
stats: size_sent 6918 1672248
stats: connected -3 3
stats: 503 0 4109
stats: 500 0 6
stats: 404 0 63
# stats: dump at 1480595991
stats: users 2 331
stats: {freemem,"tsung_controller@ip-172-31-13-122"} 1 3142.94140625 0.0 3160.51171875 3141.2421875 3147.7983566810344 29
stats: {load,"tsung_controller@ip-172-31-13-122"} 1 0.01171875 0.0 0.078125 0.0 0.019800646551724137 29
stats: {recvpackets,"tsung_controller@ip-172-31-13-122"} 1 37.0 0.0 6138 37 2733.9285714285716 28
stats: {sentpackets,"tsung_controller@ip-172-31-13-122"} 1 34.0 0.0 3941 34 1553.4285714285713 28
stats: {cpu,"tsung_controller@ip-172-31-13-122"} 1 1.1822660098522169 0.0 7.59493670886076 1.0848126232741617 2.931385618285162 29
stats: session 1 184050.39697265625 0.0 219428.1611328125 9299.9521484375 73064.5911443122 428
stats: users_count 0 431
stats: finish_users_count 1 429
stats: request 6 7.5994873046875 0.42989041132365824 71172.63818359375 0.613037109375 3702.9507871513656 5163
stats: connect 0 0 0 113.301025390625 0.609130859375 1.3156462002020786 433
stats: page 4 11.4547119140625 4.151166120894739 75111.90478515625 0.629150390625 4038.53842971473 4734
stats: 302 4 265
stats: 200 2 726
stats: size_rcv 48862 99553812
stats: newphase 0 3
stats: size_sent 3416 1675664
stats: connected -1 2
stats: 503 0 4109
stats: 500 0 6
stats: 404 0 63
# stats: dump at 1480596001
stats: users 1 331
stats: {freemem,"tsung_controller@ip-172-31-13-122"} 1 3141.4140625 0.0 3160.51171875 3141.2421875 3147.6364583333334 30
stats: {load,"tsung_controller@ip-172-31-13-122"} 1 0.01171875 0.0 0.078125 0.0 0.01953125 30
stats: {recvpackets,"tsung_controller@ip-172-31-13-122"} 1 70.0 0.0 6138 37 2640.9310344827586 29
stats: {sentpackets,"tsung_controller@ip-172-31-13-122"} 1 57.0 0.0 3941 34 1501.0344827586207 29
stats: {cpu,"tsung_controller@ip-172-31-13-122"} 1 1.27826941986234 0.0 7.59493670886076 1.0848126232741617 2.873081631337397 30
stats: session 1 183664.26196289063 0.0 219428.1611328125 9299.9521484375 73323.29931640624 429
stats: users_count 0 431
stats: finish_users_count 1 430
stats: request 2 7.900146484375 0.97998046875 71172.63818359375 0.613037109375 3698.6613486141086 5169
stats: connect 0 0 0 113.301025390625 0.609130859375 1.3156462002020786 433
stats: page 2 7.900146484375 0.97998046875 75111.90478515625 0.629150390625 4035.1386123083976 4738
stats: 302 2 267
stats: 200 0 726
stats: size_rcv 204 99554016
stats: newphase 0 3
stats: size_sent 1196 1676860
stats: connected -1 1
stats: 503 0 4109
stats: 500 0 6
stats: 404 0 63
# stats: dump at 1480596008
stats: users 0 331
stats: {freemem,"tsung_controller@ip-172-31-13-122"} 1 3142.80078125 0.0 3160.51171875 3141.2421875 3147.4357358870966 31
stats: {load,"tsung_controller@ip-172-31-13-122"} 1 0.0 0.0 0.078125 0.0 0.019279233870967742 31
stats: {recvpackets,"tsung_controller@ip-172-31-13-122"} 1 8.0 0.0 6138 8 2555.233333333333 30
stats: {sentpackets,"tsung_controller@ip-172-31-13-122"} 1 9.0 0.0 3941 9 1452.9 30
stats: {cpu,"tsung_controller@ip-172-31-13-122"} 1 0.9871668311944718 0.0 7.59493670886076 0.9871668311944718 2.821636076128524 31
stats: session 1 228962.3720703125 0.0 228962.3720703125 9299.9521484375 73579.90620628178 430
stats: users_count 0 431
stats: finish_users_count 1 431
stats: request 1 7.02197265625 0.0 71172.63818359375 0.613037109375 3697.233864103519 5171
stats: connect 0 0 0 113.301025390625 0.609130859375 1.3156462002020786 433
stats: page 1 7.02197265625 0.0 75111.90478515625 0.629150390625 4033.439355571763 4740
stats: 302 1 268
stats: 200 0 726
stats: size_rcv 99 99554115
stats: newphase 0 3
stats: size_sent 536 1677396
stats: connected -1 0
stats: 503 0 4109
stats: 500 0 6
stats: 404 0 63
EndMonitor:{1480,596008,818520}
