# stats: dump at 1480608742
stats: users 7 7
stats: {freemem,"tsung_controller@ip-172-31-13-122"} 1 3155.5703125 0 3155.5703125 3155.5703125 0 0
stats: {load,"tsung_controller@ip-172-31-13-122"} 1 0.01171875 0 0.01171875 0.01171875 0 0
stats: {cpu,"tsung_controller@ip-172-31-13-122"} 1 2.7913388108161263 0 2.7913388108161263 2.7913388108161263 0 0
stats: users_count 7 7
stats: finish_users_count 0 0
stats: request 13 65.45348182091347 49.03456292792883 169.800048828125 18.59521484375 0 0
stats: connect 6 21.8284912109375 45.3121039721294 123.14794921875 1.2099609375 0 0
stats: page 13 65.45348182091347 49.03456292792883 169.800048828125 18.59521484375 0 0
stats: 200 13 13
stats: size_rcv 2049077 2049077
stats: size_sent 7111 7111
stats: connected 6 6
# stats: dump at 1480608752
stats: users 14 14
stats: {freemem,"tsung_controller@ip-172-31-13-122"} 1 3155.453125 0.0 3155.5703125 3155.453125 3155.5703125 1
stats: {load,"tsung_controller@ip-172-31-13-122"} 1 0.01171875 0.0 0.01171875 0.01171875 0.01171875 1
stats: {recvpackets,"tsung_controller@ip-172-31-13-122"} 1 2159 0 2159 2159 0 0
stats: {sentpackets,"tsung_controller@ip-172-31-13-122"} 1 1163 0 1163 1163 0 0
stats: {cpu,"tsung_controller@ip-172-31-13-122"} 1 2.7613412228796843 0.0 2.7913388108161263 2.7613412228796843 2.7913388108161263 1
stats: users_count 7 14
stats: finish_users_count 0 0
stats: request 33 737.1458481297349 1573.313902139919 4957.9560546875 18.59521484375 65.45348182091347 13
stats: connect 8 1.576171875 0.46779611807293403 123.14794921875 1.2021484375 21.8284912109375 6
stats: page 33 737.1458481297349 1573.313902139919 4957.9560546875 18.59521484375 65.45348182091347 13
stats: 200 32 45
stats: size_rcv 8683338 10732415
stats: size_sent 19372 26483
stats: connected 8 14
stats: 500 1 1
# stats: dump at 1480608762
stats: users 23 23
stats: {freemem,"tsung_controller@ip-172-31-13-122"} 1 3154.40625 0.0 3155.5703125 3154.40625 3155.51171875 2
stats: {load,"tsung_controller@ip-172-31-13-122"} 1 0.01171875 0.0 0.01171875 0.01171875 0.01171875 2
stats: {recvpackets,"tsung_controller@ip-172-31-13-122"} 1 6691.0 0.0 6691 2159 2159.0 1
stats: {sentpackets,"tsung_controller@ip-172-31-13-122"} 1 3449.0 0.0 3449 1163 1163.0 1
stats: {cpu,"tsung_controller@ip-172-31-13-122"} 1 3.057199211045365 0.0 3.057199211045365 2.7613412228796843 2.7763400168479055 2
stats: users_count 9 23
stats: finish_users_count 0 0
stats: request 52 663.1556020883413 1823.698598782342 8150.089111328125 18.59521484375 547.3197446076766 46
stats: connect 9 1.8771158854166667 1.5097392262087386 123.14794921875 1.10205078125 10.2557373046875 14
stats: page 52 663.1556020883413 1823.698598782342 8150.089111328125 18.59521484375 547.3197446076766 46
stats: 200 52 97
stats: size_rcv 12865804 23598219
stats: size_sent 36679 63162
stats: connected 9 23
stats: 500 0 1
# stats: dump at 1480608772
stats: users 44 44
stats: {freemem,"tsung_controller@ip-172-31-13-122"} 1 3153.4609375 0.0 3155.5703125 3153.4609375 3155.1432291666665 3
stats: {load,"tsung_controller@ip-172-31-13-122"} 1 0.01171875 0.0 0.01171875 0.01171875 0.01171875 3
stats: {recvpackets,"tsung_controller@ip-172-31-13-122"} 1 7741.0 0.0 7741 2159 4425.0 2
stats: {sentpackets,"tsung_controller@ip-172-31-13-122"} 1 4048.0 0.0 4048 1163 2306.0 2
stats: {cpu,"tsung_controller@ip-172-31-13-122"} 1 3.9408866995073892 0.0 3.9408866995073892 2.7613412228796843 2.8699597482470587 3
stats: users_count 21 44
stats: finish_users_count 0 0
stats: request 54 4065.8238661024307 3249.4391811761557 12578.491943359375 18.59521484375 608.7836689851722 98
stats: connect 21 1.3856259300595237 0.28973097929143715 123.14794921875 1.027099609375 6.977146314538044 23
stats: page 54 4065.8238661024307 3249.4391811761557 12578.491943359375 18.59521484375 608.7836689851722 98
stats: 200 52 149
stats: size_rcv 12339834 35938053
stats: newphase 1 1
stats: size_sent 31186 94348
stats: connected 21 44
stats: 500 2 3
# stats: dump at 1480608782
stats: users 69 69
stats: {freemem,"tsung_controller@ip-172-31-13-122"} 1 3150.92578125 0.0 3155.5703125 3150.92578125 3154.72265625 4
stats: {load,"tsung_controller@ip-172-31-13-122"} 1 0.01171875 0.0 0.01171875 0.01171875 0.01171875 4
stats: {recvpackets,"tsung_controller@ip-172-31-13-122"} 1 10579.0 0.0 10579 2159 5530.333333333333 3
stats: {sentpackets,"tsung_controller@ip-172-31-13-122"} 1 5634.0 0.0 5634 1163 2886.6666666666665 3
stats: {cpu,"tsung_controller@ip-172-31-13-122"} 1 5.019685039370079 0.0 5.019685039370079 2.7613412228796843 3.1376914860621414 4
stats: users_count 25 69
stats: finish_users_count 0 0
stats: request 81 3319.2970920138887 3601.8667403617096 15260.4150390625 18.59521484375 1836.942686382093 152
stats: connect 23 1.5705672554347827 0.699266579787607 123.14794921875 0.988037109375 4.308466131036932 44
stats: page 81 3319.2970920138887 3601.8667403617096 15260.4150390625 18.59521484375 1836.942686382093 152
stats: 200 80 229
stats: size_rcv 19342132 55280185
stats: newphase 0 1
stats: size_sent 63191 157539
stats: connected 23 67
stats: 500 2 5
# stats: dump at 1480608792
stats: users 83 83
stats: {freemem,"tsung_controller@ip-172-31-13-122"} 1 3149.2421875 0.0 3155.5703125 3149.2421875 3153.96328125 5
stats: {load,"tsung_controller@ip-172-31-13-122"} 1 0.01171875 0.0 0.01171875 0.01171875 0.01171875 5
stats: {recvpackets,"tsung_controller@ip-172-31-13-122"} 1 12582.0 0.0 12582 2159 6792.5 4
stats: {sentpackets,"tsung_controller@ip-172-31-13-122"} 1 6662.0 0.0 6662 1163 3573.5 4
stats: {cpu,"tsung_controller@ip-172-31-13-122"} 1 6.372549019607843 0.0 6.372549019607843 2.7613412228796843 3.5140901967237292 5
stats: session 1 51394.527099609375 0 51394.527099609375 51394.527099609375 0 0
stats: users_count 15 84
stats: finish_users_count 1 1
stats: request 29 8629.407824286101 3856.6611976942763 15260.4150390625 18.59521484375 2352.2676085116013 233
stats: connect 17 1.7333122702205883 0.8965140783667795 123.14794921875 0.988037109375 3.3685903976212686 67
stats: page 29 8629.407824286101 3856.6611976942763 15260.4150390625 18.59521484375 2352.2676085116013 233
stats: 200 27 256
stats: size_rcv 11135996 66416181
stats: newphase 0 1
stats: size_sent 29738 187277
stats: connected 16 83
stats: 500 1 6
# stats: dump at 1480608802
stats: users 117 117
stats: {freemem,"tsung_controller@ip-172-31-13-122"} 1 3148.5234375 0.0 3155.5703125 3148.5234375 3153.1764322916665 6
stats: {load,"tsung_controller@ip-172-31-13-122"} 1 0.0 0.0 0.01171875 0.0 0.01171875 6
stats: {recvpackets,"tsung_controller@ip-172-31-13-122"} 1 8258.0 0.0 12582 2159 7950.4 5
stats: {sentpackets,"tsung_controller@ip-172-31-13-122"} 1 4205.0 0.0 6662 1163 4191.2 5
stats: {cpu,"tsung_controller@ip-172-31-13-122"} 1 3.5538005923000986 0.0 6.372549019607843 2.7613412228796843 3.990500000537748 6
stats: session 0 0 0 51394.527099609375 51394.527099609375 51394.527099609375 1
stats: users_count 34 118
stats: finish_users_count 0 1
stats: request 50 15103.11248046875 2581.0723676258904 19832.9130859375 18.59521484375 3047.065571326336 262
stats: connect 32 2.3688278198242188 4.560639655839648 123.14794921875 0.988037109375 3.0376412527901784 84
stats: page 50 15103.11248046875 2581.0723676258904 19832.9130859375 18.59521484375 3047.065571326336 262
stats: 200 50 306
stats: size_rcv 11636008 78052189
stats: newphase 1 2
stats: size_sent 26783 214060
stats: connected 32 115
stats: 500 1 7
# stats: dump at 1480608812
stats: users 151 151
stats: {freemem,"tsung_controller@ip-172-31-13-122"} 1 3144.171875 0.0 3155.5703125 3144.171875 3152.51171875 7
stats: {load,"tsung_controller@ip-172-31-13-122"} 1 0.0 0.0 0.01171875 0.0 0.010044642857142858 7
stats: {recvpackets,"tsung_controller@ip-172-31-13-122"} 1 9449.0 0.0 12582 2159 8001.666666666667 6
stats: {sentpackets,"tsung_controller@ip-172-31-13-122"} 1 5054.0 0.0 6662 1163 4193.5 6
stats: {cpu,"tsung_controller@ip-172-31-13-122"} 1 4.906771344455349 0.0 6.372549019607843 2.7613412228796843 3.9281143707895123 7
stats: session 0 0 0 51394.527099609375 51394.527099609375 51394.527099609375 1
stats: users_count 34 152
stats: finish_users_count 0 1
stats: request 90 11690.39466688368 6695.002300235668 28154.159912109375 18.59521484375 4979.12437086839 312
stats: connect 35 2.0086704799107142 1.8500036136225795 123.14794921875 0.988037109375 2.8531409954202585 116
stats: page 90 11690.39466688368 6695.002300235668 28154.159912109375 18.59521484375 4979.12437086839 312
stats: 200 88 394
stats: size_rcv 21379924 99432113
stats: newphase 0 2
stats: size_sent 68885 282945
stats: connected 35 150
stats: 500 1 8
# stats: dump at 1480608822
stats: users 191 191
stats: {freemem,"tsung_controller@ip-172-31-13-122"} 1 3141.76171875 0.0 3155.5703125 3141.76171875 3151.46923828125 8
stats: {load,"tsung_controller@ip-172-31-13-122"} 1 0.0 0.0 0.01171875 0.0 0.0087890625 8
stats: {recvpackets,"tsung_controller@ip-172-31-13-122"} 1 14302.0 0.0 14302 2159 8208.42857142857 7
stats: {sentpackets,"tsung_controller@ip-172-31-13-122"} 1 7429.0 0.0 7429 1163 4316.428571428572 7
stats: {cpu,"tsung_controller@ip-172-31-13-122"} 1 5.643564356435644 0.0 6.372549019607843 2.7613412228796843 4.050446492497742 8
stats: session 1 74596.18994140625 0.0 74596.18994140625 51394.527099609375 51394.527099609375 1
stats: users_count 41 193
stats: finish_users_count 1 2
stats: request 132 11828.199836499763 3381.2252874530836 28288.578125 18.59521484375 6481.647571468828 402
stats: connect 42 2.0370279947916674 2.3880787046224463 123.14794921875 0.9541015625 2.657402796461093 151
stats: page 132 11828.199836499763 3381.2252874530836 28288.578125 18.59521484375 6481.647571468828 402
stats: 200 128 522
stats: size_rcv 27674387 127106500
stats: newphase 0 2
stats: size_sent 84692 367637
stats: connected 41 191
stats: 500 4 12
# stats: dump at 1480608832
stats: users 254 254
stats: {freemem,"tsung_controller@ip-172-31-13-122"} 1 3137.5390625 0.0 3155.5703125 3137.5390625 3150.390625 9
stats: {load,"tsung_controller@ip-172-31-13-122"} 1 0.0 0.0 0.01171875 0.0 0.0078125 9
stats: {recvpackets,"tsung_controller@ip-172-31-13-122"} 1 21067.0 0.0 21067 2159 8970.125 8
stats: {sentpackets,"tsung_controller@ip-172-31-13-122"} 1 11146.0 0.0 11146 1163 4705.5 8
stats: {cpu,"tsung_controller@ip-172-31-13-122"} 1 8.250497017892645 0.0 8.250497017892645 2.7613412228796843 4.227459588490842 9
stats: session 1 81231.18310546875 0.0 81231.18310546875 51394.527099609375 62995.35852050781 2
stats: users_count 64 257
stats: finish_users_count 1 3
stats: request 116 8975.836714119749 6735.710471250867 28288.578125 1.5849609375 7803.26723248771 534
stats: connect 61 1.5131635822233607 0.5440674127513629 123.14794921875 0.9541015625 2.522398953610751 193
stats: page 116 8975.836714119749 6735.710471250867 28288.578125 1.5849609375 7803.26723248771 534
stats: 200 82 604
stats: size_rcv 18611033 145717533
stats: newphase 1 3
stats: size_sent 78634 446271
stats: connected 60 251
stats: 503 33 33
stats: 500 1 13
# stats: dump at 1480608842
stats: users 329 329
stats: {freemem,"tsung_controller@ip-172-31-13-122"} 1 3133.6640625 0.0 3155.5703125 3133.6640625 3149.10546875 10
stats: {load,"tsung_controller@ip-172-31-13-122"} 1 0.078125 0.0 0.078125 0.0 0.00703125 10
stats: {recvpackets,"tsung_controller@ip-172-31-13-122"} 1 11330.0 0.0 21067 2159 10314.222222222223 9
stats: {sentpackets,"tsung_controller@ip-172-31-13-122"} 1 6197.0 0.0 11146 1163 5421.111111111111 9
stats: {cpu,"tsung_controller@ip-172-31-13-122"} 1 6.588003933136677 0.0 8.250497017892645 2.7613412228796843 4.629763331431024 10
stats: session 5 95378.76298828125 6953.87266392779 103409.21704101563 51394.527099609375 69073.9667154948 3
stats: users_count 80 337
stats: finish_users_count 5 8
stats: request 474 3000.432983398438 6236.287714187228 28288.578125 1.35888671875 8012.525786132813 650
stats: connect 79 1.6119152986550636 0.8092678113368047 123.14794921875 0.925048828125 2.280023529773622 254
stats: page 474 3000.432983398438 6236.287714187228 28288.578125 1.35888671875 8012.525786132813 650
stats: 200 89 693
stats: size_rcv 17085421 162802954
stats: newphase 0 3
stats: size_sent 236626 682897
stats: connected 75 326
stats: 503 383 416
stats: 500 3 16
# stats: dump at 1480608852
stats: users 382 382
stats: {freemem,"tsung_controller@ip-172-31-13-122"} 1 3126.265625 0.0 3155.5703125 3126.265625 3147.7017045454545 11
stats: {load,"tsung_controller@ip-172-31-13-122"} 1 0.0703125 0.0 0.078125 0.0 0.013494318181818182 11
stats: {recvpackets,"tsung_controller@ip-172-31-13-122"} 1 14743.0 0.0 21067 2159 10415.8 10
stats: {sentpackets,"tsung_controller@ip-172-31-13-122"} 1 8536.0 0.0 11146 1163 5498.7 10
stats: {cpu,"tsung_controller@ip-172-31-13-122"} 1 9.683794466403162 0.0 9.683794466403162 2.7613412228796843 4.8077852043133555 11
stats: session 12 66555.24912516277 20798.131059928746 103409.21704101563 13215.199951171875 85514.46438598633 8
stats: users_count 65 402
stats: finish_users_count 12 20
stats: request 793 1892.6831116261442 5878.870213261479 29657.614990234375 1.23193359375 5898.885226972587 1124
stats: connect 68 1.8582871380974266 1.4809289468534006 123.14794921875 0.925048828125 2.1215233788475976 333
stats: page 793 1892.6831116261442 5878.870213261479 29657.614990234375 1.23193359375 5898.885226972587 1124
stats: 200 75 768
stats: size_rcv 19403999 182206953
stats: newphase 0 3
stats: size_sent 404128 1087025
stats: connected 55 381
stats: 503 716 1132
stats: 500 1 17
# stats: dump at 1480608862
stats: users 369 404
stats: {freemem,"tsung_controller@ip-172-31-13-122"} 1 3120.3046875 0.0 3155.5703125 3120.3046875 3145.9153645833335 12
stats: {load,"tsung_controller@ip-172-31-13-122"} 1 0.12890625 0.0 0.12890625 0.0 0.018229166666666668 12
stats: {recvpackets,"tsung_controller@ip-172-31-13-122"} 1 14004.0 0.0 21067 2159 10809.181818181818 11
stats: {sentpackets,"tsung_controller@ip-172-31-13-122"} 1 8639.0 0.0 11146 1163 5774.818181818182 11
stats: {cpu,"tsung_controller@ip-172-31-13-122"} 1 12.5 0.0 12.5 2.7613412228796843 5.214119309487506 12
stats: session 40 58744.03651123047 28364.232810833142 116729.125 13215.199951171875 74138.93522949218 20
stats: users_count 27 429
stats: finish_users_count 40 60
stats: request 837 1478.3039813298064 6107.682549651482 35734.48388671875 1.23193359375 4241.6508620953155 1917
stats: connect 28 2.5988071986607144 5.177082372381611 123.14794921875 0.925048828125 2.076884814331359 401
stats: page 837 1478.3039813298064 6107.682549651482 35734.48388671875 1.23193359375 4241.6508620953155 1917
stats: 200 45 813
stats: size_rcv 14218342 196425295
stats: newphase 0 3
stats: size_sent 423461 1510486
stats: connected -12 369
stats: 503 790 1922
stats: 500 2 19
# stats: dump at 1480608872
stats: users 320 404
stats: {freemem,"tsung_controller@ip-172-31-13-122"} 1 3118.74609375 0.0 3155.5703125 3118.74609375 3143.9453125 13
stats: {load,"tsung_controller@ip-172-31-13-122"} 1 0.19140625 0.0 0.19140625 0.0 0.02674278846153846 13
stats: {recvpackets,"tsung_controller@ip-172-31-13-122"} 1 8694.0 0.0 21067 2159 11075.416666666666 12
stats: {sentpackets,"tsung_controller@ip-172-31-13-122"} 1 5729.0 0.0 11146 1163 6013.5 12
stats: {cpu,"tsung_controller@ip-172-31-13-122"} 1 10.424710424710424 0.0 12.5 2.7613412228796843 5.774571670296159 13
stats: session 49 46733.03189273757 24883.535803852345 122587.09008789063 13215.199951171875 63875.66941731771 60
stats: users_count 0 429
stats: finish_users_count 49 109
stats: request 612 1563.2304775262978 7294.789303417049 40923.758056640625 1.23193359375 3401.810143431288 2754
stats: connect 0 0 0 123.14794921875 0.925048828125 2.1109496785766315 429
stats: page 612 1563.2304775262978 7294.789303417049 40923.758056640625 1.23193359375 3401.810143431288 2754
stats: 200 25 838
stats: size_rcv 7645098 204070393
stats: newphase 0 3
stats: size_sent 315504 1825990
stats: connected -49 320
stats: 503 585 2507
stats: 500 2 21
# stats: dump at 1480608882
stats: users 274 404
stats: {freemem,"tsung_controller@ip-172-31-13-122"} 1 3117.6640625 0.0 3155.5703125 3117.6640625 3142.1453683035716 14
stats: {load,"tsung_controller@ip-172-31-13-122"} 1 0.23046875 0.0 0.23046875 0.0 0.03850446428571429 14
stats: {recvpackets,"tsung_controller@ip-172-31-13-122"} 1 8212.0 0.0 21067 2159 10892.23076923077 13
stats: {sentpackets,"tsung_controller@ip-172-31-13-122"} 1 5041.0 0.0 11146 1163 5991.615384615385 13
stats: {cpu,"tsung_controller@ip-172-31-13-122"} 1 7.71484375 0.0 12.5 2.7613412228796843 6.106724438468606 14
stats: session 46 43423.76538616678 16841.268018629606 122587.09008789063 13215.199951171875 56169.346126451404 109
stats: users_count 0 429
stats: finish_users_count 46 155
stats: request 365 2685.686698683649 9960.543357050914 49264.47705078125 1.23193359375 3067.5229314485623 3366
stats: connect 0 0 0 123.14794921875 0.925048828125 2.1109496785766315 429
stats: page 365 2685.686698683649 9960.543357050914 49264.47705078125 1.23193359375 3067.5229314485623 3366
stats: 200 24 862
stats: size_rcv 9720903 213791296
stats: newphase 0 3
stats: size_sent 213961 2039951
stats: connected -46 274
stats: 503 340 2847
stats: 500 1 22
# stats: dump at 1480608892
stats: users 249 404
stats: {freemem,"tsung_controller@ip-172-31-13-122"} 1 3117.796875 0.0 3155.5703125 3117.6640625 3140.51328125 15
stats: {load,"tsung_controller@ip-172-31-13-122"} 1 0.19921875 0.0 0.23046875 0.0 0.05130208333333333 15
stats: {recvpackets,"tsung_controller@ip-172-31-13-122"} 1 6405.0 0.0 21067 2159 10700.785714285714 14
stats: {sentpackets,"tsung_controller@ip-172-31-13-122"} 1 3786.0 0.0 11146 1163 5923.714285714285 14
stats: {cpu,"tsung_controller@ip-172-31-13-122"} 1 5.962854349951124 0.0 12.5 2.7613412228796843 6.213932392570699 15
stats: session 25 75744.58260742185 35052.77471467145 139581.19897460938 13215.199951171875 52386.78668094758 155
stats: users_count 0 429
stats: finish_users_count 25 180
stats: request 223 12799.058717462514 20748.931192174747 59262.945068359375 1.23193359375 3030.1682745310623 3731
stats: connect 0 0 0 123.14794921875 0.925048828125 2.1109496785766315 429
stats: page 223 12799.058717462514 20748.931192174747 59262.945068359375 1.23193359375 3030.1682745310623 3731
stats: 504 2 2
stats: 200 59 921
stats: size_rcv 15459008 229250304
stats: newphase 0 3
stats: size_sent 139054 2179005
stats: connected -25 249
stats: 503 161 3008
stats: 500 1 23
# stats: dump at 1480608902
stats: users 236 404
stats: {freemem,"tsung_controller@ip-172-31-13-122"} 1 3117.44140625 0.0 3155.5703125 3117.44140625 3139.093505859375 16
stats: {load,"tsung_controller@ip-172-31-13-122"} 1 0.171875 0.0 0.23046875 0.0 0.060546875 16
stats: {recvpackets,"tsung_controller@ip-172-31-13-122"} 1 9904.0 0.0 21067 2159 10414.4 15
stats: {sentpackets,"tsung_controller@ip-172-31-13-122"} 1 5147.0 0.0 11146 1163 5781.2 15
stats: {cpu,"tsung_controller@ip-172-31-13-122"} 1 5.550146056475171 0.0 12.5 2.7613412228796843 6.198240014906976 16
stats: session 13 84685.91449444111 28195.25810857944 139581.19897460938 13215.199951171875 55630.92500406901 180
stats: users_count 0 429
stats: finish_users_count 13 193
stats: request 137 12652.633621549952 22976.6456897967 59858.5478515625 1.23193359375 3581.1198599568875 3954
stats: connect 0 0 0 123.14794921875 0.925048828125 2.1109496785766315 429
stats: page 137 12652.633621549952 22976.6456897967 59858.5478515625 1.23193359375 3581.1198599568875 3954
stats: 504 5 7
stats: 200 26 947
stats: size_rcv 7688026 236938330
stats: newphase 0 3
stats: size_sent 91623 2270628
stats: connected -13 236
stats: 503 105 3113
stats: 500 1 24
# stats: dump at 1480608912
stats: users 229 404
stats: {freemem,"tsung_controller@ip-172-31-13-122"} 1 3117.48046875 0.0 3155.5703125 3117.44140625 3137.8198529411766 17
stats: {load,"tsung_controller@ip-172-31-13-122"} 1 0.140625 0.0 0.23046875 0.0 0.06709558823529412 17
stats: {recvpackets,"tsung_controller@ip-172-31-13-122"} 1 4120.0 0.0 21067 2159 10382.5 16
stats: {sentpackets,"tsung_controller@ip-172-31-13-122"} 1 2170.0 0.0 11146 1163 5741.5625 16
stats: {cpu,"tsung_controller@ip-172-31-13-122"} 1 3.519061583577713 0.0 12.5 2.7613412228796843 6.160116840881576 17
stats: session 7 99059.19813755581 29137.07745873348 145564.1708984375 13215.199951171875 57587.996835026715 193
stats: users_count 0 429
stats: finish_users_count 7 200
stats: request 133 19521.4335809005 26885.844386932742 59972.406982421875 1.23193359375 3884.9080255247804 4091
stats: connect 0 0 0 123.14794921875 0.925048828125 2.1109496785766315 429
stats: page 133 19521.4335809005 26885.844386932742 59972.406982421875 1.23193359375 3884.9080255247804 4091
stats: 504 18 25
stats: 200 27 974
stats: size_rcv 4559390 241497720
stats: newphase 0 3
stats: size_sent 76513 2347141
stats: connected -7 229
stats: 503 87 3200
stats: 500 1 25
# stats: dump at 1480608922
stats: users 218 404
stats: {freemem,"tsung_controller@ip-172-31-13-122"} 1 3117.3359375 0.0 3155.5703125 3117.3359375 3136.689887152778 18
stats: {load,"tsung_controller@ip-172-31-13-122"} 1 0.12109375 0.0 0.23046875 0.0 0.07118055555555555 18
stats: {recvpackets,"tsung_controller@ip-172-31-13-122"} 1 4383.0 0.0 21067 2159 10014.117647058823 17
stats: {sentpackets,"tsung_controller@ip-172-31-13-122"} 1 2557.0 0.0 11146 1163 5531.470588235294 17
stats: {cpu,"tsung_controller@ip-172-31-13-122"} 1 3.353057199211045 0.0 12.5 2.7613412228796843 6.013391548809139 18
stats: session 11 106790.23746004971 29387.96335251154 157299.17407226563 13215.199951171875 59039.48888061524 200
stats: users_count 0 429
stats: finish_users_count 11 211
stats: request 105 16186.686030505945 25077.08165462102 59972.406982421875 1.23193359375 4377.25127809698 4224
stats: connect 0 0 0 123.14794921875 0.925048828125 2.1109496785766315 429
stats: page 105 16186.686030505945 25077.08165462102 59972.406982421875 1.23193359375 4377.25127809698 4224
stats: 504 9 34
stats: 200 22 996
stats: size_rcv 3403221 244900941
stats: newphase 0 3
stats: size_sent 63373 2410514
stats: connected -11 218
stats: 503 74 3274
stats: 500 0 25
# stats: dump at 1480608932
stats: users 212 404
stats: {freemem,"tsung_controller@ip-172-31-13-122"} 1 3117.34765625 0.0 3155.5703125 3117.3359375 3135.671258223684 19
stats: {load,"tsung_controller@ip-172-31-13-122"} 1 0.1015625 0.0 0.23046875 0.0 0.07380756578947369 19
stats: {recvpackets,"tsung_controller@ip-172-31-13-122"} 1 2151.0 0.0 21067 2151 9701.277777777777 18
stats: {sentpackets,"tsung_controller@ip-172-31-13-122"} 1 1287.0 0.0 11146 1163 5366.222222222223 18
stats: {cpu,"tsung_controller@ip-172-31-13-122"} 1 2.75049115913556 0.0 12.5 2.75049115913556 5.873373951461871 19
stats: session 6 114081.96936035156 35887.21757589975 157299.17407226563 13215.199951171875 61528.86439897438 211
stats: users_count 0 429
stats: finish_users_count 6 217
stats: request 44 43562.632235440324 22328.573948299552 59972.406982421875 1.23193359375 4663.689404454786 4329
stats: connect 0 0 0 123.14794921875 0.925048828125 2.1109496785766315 429
stats: page 44 43562.632235440324 22328.573948299552 59972.406982421875 1.23193359375 4663.689404454786 4329
stats: 504 10 44
stats: 200 25 1021
stats: size_rcv 4803447 249704388
stats: newphase 0 3
stats: size_sent 25763 2436277
stats: connected -6 212
stats: 503 9 3283
stats: 500 0 25
# stats: dump at 1480608942
stats: users 205 404
stats: {freemem,"tsung_controller@ip-172-31-13-122"} 1 3117.234375 0.0 3155.5703125 3117.234375 3134.755078125 20
stats: {load,"tsung_controller@ip-172-31-13-122"} 1 0.08984375 0.0 0.23046875 0.0 0.0751953125 20
stats: {recvpackets,"tsung_controller@ip-172-31-13-122"} 1 2781.0 0.0 21067 2151 9303.894736842105 19
stats: {sentpackets,"tsung_controller@ip-172-31-13-122"} 1 1465.0 0.0 11146 1163 5151.526315789473 19
stats: {cpu,"tsung_controller@ip-172-31-13-122"} 1 2.1653543307086616 0.0 12.5 2.1653543307086616 5.717229811845556 20
stats: session 7 116025.1267438616 31777.60152034196 185350.7109375 13215.199951171875 62981.9456421461 217
stats: users_count 0 429
stats: finish_users_count 7 224
stats: request 31 45265.71330015121 20248.71739325626 59997.629150390625 1.23193359375 5055.080551164909 4373
stats: connect 0 0 0 123.14794921875 0.925048828125 2.1109496785766315 429
stats: page 31 45265.71330015121 20248.71739325626 59997.629150390625 1.23193359375 5055.080551164909 4373
stats: 504 7 51
stats: 200 19 1040
stats: size_rcv 3382051 253086439
stats: newphase 0 3
stats: size_sent 20500 2456777
stats: connected -7 205
stats: 503 5 3288
stats: 500 0 25
# stats: dump at 1480608952
stats: users 200 404
stats: {freemem,"tsung_controller@ip-172-31-13-122"} 1 3117.2734375 0.0 3155.5703125 3117.234375 3133.9207589285716 21
stats: {load,"tsung_controller@ip-172-31-13-122"} 1 0.0703125 0.0 0.23046875 0.0 0.07589285714285714 21
stats: {recvpackets,"tsung_controller@ip-172-31-13-122"} 1 5034.0 0.0 21067 2151 8977.75 20
stats: {sentpackets,"tsung_controller@ip-172-31-13-122"} 1 2725.0 0.0 11146 1163 4967.2 20
stats: {cpu,"tsung_controller@ip-172-31-13-122"} 1 2.952755905511811 0.0 12.5 2.1653543307086616 5.5480928841723705 21
stats: session 5 146139.35278320313 20940.099275246914 185350.7109375 13215.199951171875 64639.54505157471 224
stats: users_count 0 429
stats: finish_users_count 5 229
stats: request 84 41942.55326915922 22424.091627686965 59997.629150390625 1.23193359375 5338.125422922078 4404
stats: connect 0 0 0 123.14794921875 0.925048828125 2.1109496785766315 429
stats: page 84 41942.55326915922 22424.091627686965 59997.629150390625 1.23193359375 5338.125422922078 4404
stats: 504 36 87
stats: 200 31 1071
stats: size_rcv 4859250 257945689
stats: newphase 0 3
stats: size_sent 40617 2497394
stats: connected -5 200
stats: 503 17 3305
stats: 500 0 25
# stats: dump at 1480608962
stats: users 194 404
stats: {freemem,"tsung_controller@ip-172-31-13-122"} 1 3117.28515625 0.0 3155.5703125 3117.234375 3133.1640625 22
stats: {load,"tsung_controller@ip-172-31-13-122"} 1 0.05859375 0.0 0.23046875 0.0 0.07563920454545453 22
stats: {recvpackets,"tsung_controller@ip-172-31-13-122"} 1 900.0 0.0 21067 900 8789.952380952382 21
stats: {sentpackets,"tsung_controller@ip-172-31-13-122"} 1 556.0 0.0 11146 556 4860.428571428572 21
stats: {cpu,"tsung_controller@ip-172-31-13-122"} 1 2.355250245338567 0.0 12.5 2.1653543307086616 5.430123021505981 22
stats: session 6 141080.85892740884 21182.18278336486 185350.7109375 13215.199951171875 66419.01683610807 229
stats: users_count 0 429
stats: finish_users_count 6 235
stats: request 101 17274.690606145574 25520.721392839598 59997.629150390625 1.23193359375 6023.235035017425 4488
stats: connect 0 0 0 123.14794921875 0.925048828125 2.1109496785766315 429
stats: page 101 17274.690606145574 25520.721392839598 59997.629150390625 1.23193359375 6023.235035017425 4488
stats: 504 16 103
stats: 200 15 1086
stats: size_rcv 5302351 263248040
stats: newphase 0 3
stats: size_sent 66396 2563790
stats: connected -6 194
stats: 503 69 3374
stats: 500 1 26
# stats: dump at 1480608972
stats: users 186 404
stats: {freemem,"tsung_controller@ip-172-31-13-122"} 1 3117.140625 0.0 3155.5703125 3117.140625 3132.473675271739 23
stats: {load,"tsung_controller@ip-172-31-13-122"} 1 0.05078125 0.0 0.23046875 0.0 0.07489809782608693 23
stats: {recvpackets,"tsung_controller@ip-172-31-13-122"} 1 4862.0 0.0 21067 900 8431.318181818182 22
stats: {sentpackets,"tsung_controller@ip-172-31-13-122"} 1 2582.0 0.0 11146 556 4664.772727272727 22
stats: {cpu,"tsung_controller@ip-172-31-13-122"} 1 3.5294117647058822 0.0 12.5 2.1653543307086616 5.29643290080305 23
stats: session 8 146883.80545043945 15064.503379791639 185350.7109375 13215.199951171875 68325.27663418383 235
stats: users_count 0 429
stats: finish_users_count 8 243
stats: request 39 35966.78494966947 24435.28827500373 59997.629150390625 1.23193359375 6270.870034512727 4589
stats: connect 0 0 0 123.14794921875 0.925048828125 2.1109496785766315 429
stats: page 39 35966.78494966947 24435.28827500373 59997.629150390625 1.23193359375 6270.870034512727 4589
stats: 504 6 109
stats: 200 19 1105
stats: size_rcv 3403083 266651123
stats: newphase 0 3
stats: size_sent 29210 2593000
stats: connected -7 187
stats: 503 12 3386
stats: 500 2 28
# stats: dump at 1480608982
stats: users 185 404
stats: {freemem,"tsung_controller@ip-172-31-13-122"} 1 3117.1796875 0.0 3155.5703125 3117.140625 3131.8347981770835 24
stats: {load,"tsung_controller@ip-172-31-13-122"} 1 0.0390625 0.0 0.23046875 0.0 0.07389322916666664 24
stats: {recvpackets,"tsung_controller@ip-172-31-13-122"} 1 1367.0 0.0 21067 900 8276.130434782608 23
stats: {sentpackets,"tsung_controller@ip-172-31-13-122"} 1 777.0 0.0 11146 556 4574.217391304348 23
stats: {cpu,"tsung_controller@ip-172-31-13-122"} 1 1.678183613030602 0.0 12.5 1.678183613030602 5.222807020132335 24
stats: session 1 128385.20581054688 0.0 185350.7109375 13215.199951171875 70911.56564871076 243
stats: users_count 0 429
stats: finish_users_count 1 244
stats: request 34 55471.90718347886 5547.524475286496 59997.629150390625 1.23193359375 6521.116508516858 4628
stats: connect 0 0 0 123.14794921875 0.925048828125 2.1109496785766315 429
stats: page 34 55471.90718347886 5547.524475286496 59997.629150390625 1.23193359375 6521.116508516858 4628
stats: 504 21 130
stats: 200 13 1118
stats: size_rcv 2705851 269356974
stats: newphase 0 3
stats: size_sent 15279 2608279
stats: connected -2 185
stats: 503 0 3386
stats: 500 0 28
# stats: dump at 1480608992
stats: users 179 404
stats: {freemem,"tsung_controller@ip-172-31-13-122"} 1 3117.19140625 0.0 3155.5703125 3117.140625 3131.24859375 25
stats: {load,"tsung_controller@ip-172-31-13-122"} 1 0.0390625 0.0 0.23046875 0.0 0.07249999999999998 25
stats: {recvpackets,"tsung_controller@ip-172-31-13-122"} 1 1938.0 0.0 21067 900 7988.25 24
stats: {sentpackets,"tsung_controller@ip-172-31-13-122"} 1 1060.0 0.0 11146 556 4416.0 24
stats: {cpu,"tsung_controller@ip-172-31-13-122"} 1 1.5810276679841897 0.0 12.5 1.5810276679841897 5.081022083848265 25
stats: session 6 149614.38549804688 12255.84598092693 185350.7109375 13215.199951171875 71147.11335429206 244
stats: users_count 0 429
stats: finish_users_count 6 250
stats: request 28 57086.85604422433 4050.478228827803 59997.629150390625 1.23193359375 6878.114981907829 4662
stats: connect 0 0 0 123.14794921875 0.925048828125 2.1109496785766315 429
stats: page 28 57086.85604422433 4050.478228827803 59997.629150390625 1.23193359375 6878.114981907829 4662
stats: 504 20 150
stats: 200 7 1125
stats: size_rcv 1400666 270757640
stats: newphase 0 3
stats: size_sent 17052 2625331
stats: connected -6 179
stats: 503 0 3386
stats: 500 1 29
# stats: dump at 1480609002
stats: users 173 404
stats: {freemem,"tsung_controller@ip-172-31-13-122"} 1 3117.19140625 0.0 3155.5703125 3117.140625 3130.7079326923076 26
stats: {load,"tsung_controller@ip-172-31-13-122"} 1 0.03125 0.0 0.23046875 0.0 0.07121394230769229 26
stats: {recvpackets,"tsung_controller@ip-172-31-13-122"} 1 2067.0 0.0 21067 900 7746.24 25
stats: {sentpackets,"tsung_controller@ip-172-31-13-122"} 1 1084.0 0.0 11146 556 4281.76 25
stats: {cpu,"tsung_controller@ip-172-31-13-122"} 1 1.6815034619188922 0.0 12.5 1.5810276679841897 4.94640691400734 26
stats: session 6 164449.1729736328 22618.500222652958 198365.11791992188 13215.199951171875 73030.32788574217 250
stats: users_count 0 429
stats: finish_users_count 6 256
stats: request 21 58273.245884486605 2867.5297291147635 59997.629150390625 1.23193359375 7177.8686598918075 4690
stats: connect 0 0 0 123.14794921875 0.925048828125 2.1109496785766315 429
stats: page 21 58273.245884486605 2867.5297291147635 59997.629150390625 1.23193359375 7177.8686598918075 4690
stats: 504 12 162
stats: 200 9 1134
stats: size_rcv 2107625 272865265
stats: newphase 0 3
stats: size_sent 12026 2637357
stats: connected -6 173
stats: 503 0 3386
stats: 500 0 29
# stats: dump at 1480609012
stats: users 165 404
stats: {freemem,"tsung_controller@ip-172-31-13-122"} 1 3117.19921875 0.0 3155.5703125 3117.140625 3130.2073206018517 27
stats: {load,"tsung_controller@ip-172-31-13-122"} 1 0.03125 0.0 0.23046875 0.0 0.06973379629629628 27
stats: {recvpackets,"tsung_controller@ip-172-31-13-122"} 1 1787.0 0.0 21067 900 7527.807692307692 26
stats: {sentpackets,"tsung_controller@ip-172-31-13-122"} 1 985.0 0.0 11146 556 4158.7692307692305 26
stats: {cpu,"tsung_controller@ip-172-31-13-122"} 1 1.678183613030602 0.0 12.5 1.5810276679841897 4.825484563929989 27
stats: session 8 187934.91055297852 23944.089794423267 219947.15502929688 13215.199951171875 75172.95706748961 256
stats: users_count 0 429
stats: finish_users_count 8 264
stats: request 57 55479.91497909814 5183.451234475442 59997.629150390625 1.23193359375 7405.634085855826 4711
stats: connect 0 0 0 123.14794921875 0.925048828125 2.1109496785766315 429
stats: page 57 55479.91497909814 5183.451234475442 59997.629150390625 1.23193359375 7405.634085855826 4711
stats: 504 25 187
stats: 200 32 1166
stats: size_rcv 5468997 278334262
stats: newphase 0 3
stats: size_sent 29191 2666548
stats: connected -8 165
stats: 503 0 3386
stats: 500 0 29
# stats: dump at 1480609022
stats: users 162 404
stats: {freemem,"tsung_controller@ip-172-31-13-122"} 1 3117.203125 0.0 3155.5703125 3117.140625 3129.742745535714 28
stats: {load,"tsung_controller@ip-172-31-13-122"} 1 0.01953125 0.0 0.23046875 0.0 0.06835937499999999 28
stats: {recvpackets,"tsung_controller@ip-172-31-13-122"} 1 2707.0 0.0 21067 900 7315.185185185185 27
stats: {sentpackets,"tsung_controller@ip-172-31-13-122"} 1 1481.0 0.0 11146 556 4041.222222222222 27
stats: {cpu,"tsung_controller@ip-172-31-13-122"} 1 2.073050345508391 0.0 12.5 1.5810276679841897 4.713080958540725 28
stats: session 3 229126.21931966147 27275.654874734173 253556.18212890625 13215.199951171875 78589.98596098927 264
stats: users_count 0 429
stats: finish_users_count 3 267
stats: request 22 51463.77402565696 13035.847038291864 59997.629150390625 1.23193359375 7980.3475948564155 4768
stats: connect 0 0 0 123.14794921875 0.925048828125 2.1109496785766315 429
stats: page 22 51463.77402565696 13035.847038291864 59997.629150390625 1.23193359375 7980.3475948564155 4768
stats: 504 12 199
stats: 200 9 1175
stats: size_rcv 2267389 280601651
stats: newphase 0 3
stats: size_sent 17880 2684428
stats: connected -3 162
stats: 503 1 3387
stats: 500 0 29
# stats: dump at 1480609032
stats: users 155 404
stats: {freemem,"tsung_controller@ip-172-31-13-122"} 1 3117.2265625 0.0 3155.5703125 3117.140625 3129.310344827586 29
stats: {load,"tsung_controller@ip-172-31-13-122"} 1 0.01953125 0.0 0.23046875 0.0 0.06667564655172412 29
stats: {recvpackets,"tsung_controller@ip-172-31-13-122"} 1 2411.0 0.0 21067 900 7150.607142857143 28
stats: {sentpackets,"tsung_controller@ip-172-31-13-122"} 1 1290.0 0.0 11146 556 3949.785714285714 28
stats: {cpu,"tsung_controller@ip-172-31-13-122"} 1 1.4866204162537164 0.0 12.5 1.4866204162537164 4.622045420160299 29
stats: session 7 217971.4442313058 26821.08087052453 263489.080078125 13215.199951171875 80281.4043133339 267
stats: users_count 0 429
stats: finish_users_count 7 274
stats: request 49 53274.10045141103 7955.615832028676 59997.629150390625 1.23193359375 8180.062705812076 4790
stats: connect 0 0 0 123.14794921875 0.925048828125 2.1109496785766315 429
stats: page 49 53274.10045141103 7955.615832028676 59997.629150390625 1.23193359375 8180.062705812076 4790
stats: 504 26 225
stats: 200 23 1198
stats: size_rcv 4418726 285020377
stats: newphase 0 3
stats: size_sent 22612 2707040
stats: connected -7 155
stats: 503 0 3387
stats: 500 0 29
# stats: dump at 1480609042
stats: users 151 404
stats: {freemem,"tsung_controller@ip-172-31-13-122"} 1 3117.08203125 0.0 3155.5703125 3117.08203125 3128.9075520833335 30
stats: {load,"tsung_controller@ip-172-31-13-122"} 1 0.01953125 0.0 0.23046875 0.0 0.06510416666666664 30
stats: {recvpackets,"tsung_controller@ip-172-31-13-122"} 1 2815.0 0.0 21067 900 6987.172413793103 29
stats: {sentpackets,"tsung_controller@ip-172-31-13-122"} 1 1543.0 0.0 11146 556 3858.0689655172414 29
stats: {cpu,"tsung_controller@ip-172-31-13-122"} 1 2.55653883972468 0.0 12.5 1.4866204162537164 4.517531253363414 30
stats: session 4 191375.6893310547 7135.955390389853 263489.080078125 13215.199951171875 83799.03307036238 274
stats: users_count 0 429
stats: finish_users_count 4 278
stats: request 20 52063.176696777344 8862.691914553196 59997.629150390625 1.23193359375 8636.687597222357 4839
stats: connect 0 0 0 123.14794921875 0.925048828125 2.1109496785766315 429
stats: page 20 52063.176696777344 8862.691914553196 59997.629150390625 1.23193359375 8636.687597222357 4839
stats: 504 9 234
stats: 200 10 1208
stats: size_rcv 2941836 287962213
stats: newphase 0 3
stats: size_sent 10747 2717787
stats: connected -4 151
stats: 503 0 3387
stats: 500 1 30
# stats: dump at 1480609052
stats: users 149 404
stats: {freemem,"tsung_controller@ip-172-31-13-122"} 1 3117.11328125 0.0 3155.5703125 3117.08203125 3128.5260836693546 31
stats: {load,"tsung_controller@ip-172-31-13-122"} 1 0.01171875 0.0 0.23046875 0.0 0.06363407258064514 31
stats: {recvpackets,"tsung_controller@ip-172-31-13-122"} 1 2011.0 0.0 21067 900 6848.1 30
stats: {sentpackets,"tsung_controller@ip-172-31-13-122"} 1 1070.0 0.0 11146 556 3780.9 30
stats: {cpu,"tsung_controller@ip-172-31-13-122"} 1 1.5810276679841897 0.0 12.5 1.4866204162537164 4.454273433568615 31
stats: session 2 207893.2264404297 12418.033569335938 263489.080078125 13215.199951171875 85346.89862807018 278
stats: users_count 0 429
stats: finish_users_count 2 280
stats: request 34 49247.36809943704 7903.658895172736 59997.629150390625 1.23193359375 8815.434208045797 4859
stats: connect 0 0 0 123.14794921875 0.925048828125 2.1109496785766315 429
stats: page 34 49247.36809943704 7903.658895172736 59997.629150390625 1.23193359375 8815.434208045797 4859
stats: 504 9 243
stats: 200 24 1232
stats: size_rcv 6783084 294745297
stats: newphase 0 3
stats: size_sent 18581 2736368
stats: connected -2 149
stats: 503 0 3387
stats: 500 1 31
# stats: dump at 1480609062
stats: users 142 404
stats: {freemem,"tsung_controller@ip-172-31-13-122"} 1 3117.1328125 0.0 3155.5703125 3117.08203125 3128.16943359375 32
stats: {load,"tsung_controller@ip-172-31-13-122"} 1 0.01171875 0.0 0.23046875 0.0 0.06201171874999998 32
stats: {recvpackets,"tsung_controller@ip-172-31-13-122"} 1 5238.0 0.0 21067 900 6692.064516129032 31
stats: {sentpackets,"tsung_controller@ip-172-31-13-122"} 1 2773.0 0.0 11146 556 3693.451612903226 31
stats: {cpu,"tsung_controller@ip-172-31-13-122"} 1 2.4801587301587302 0.0 12.5 1.4866204162537164 4.364484503394102 32
stats: session 7 258651.31288364955 36434.30983870868 291645.19287109375 13215.199951171875 86222.2295410156 280
stats: users_count 0 429
stats: finish_users_count 7 287
stats: request 25 47874.27201171875 10063.874036501866 59997.629150390625 1.23193359375 9096.383677146003 4893
stats: connect 0 0 0 123.14794921875 0.925048828125 2.1109496785766315 429
stats: page 25 47874.27201171875 10063.874036501866 59997.629150390625 1.23193359375 9096.383677146003 4893
stats: 504 3 246
stats: 200 21 1253
stats: size_rcv 2640401 297385698
stats: newphase 0 3
stats: size_sent 19812 2756180
stats: connected -7 142
stats: 503 0 3387
stats: 500 1 32
# stats: dump at 1480609072
stats: users 137 404
stats: {freemem,"tsung_controller@ip-172-31-13-122"} 1 3116.875 0.0 3155.5703125 3116.875 3127.834990530303 33
stats: {load,"tsung_controller@ip-172-31-13-122"} 1 0.01171875 0.0 0.23046875 0.0 0.06048768939393937 33
stats: {recvpackets,"tsung_controller@ip-172-31-13-122"} 1 3798.0 0.0 21067 900 6646.625 32
stats: {sentpackets,"tsung_controller@ip-172-31-13-122"} 1 2023.0 0.0 11146 556 3664.6875 32
stats: {cpu,"tsung_controller@ip-172-31-13-122"} 1 2.564102564102564 0.0 12.5 1.4866204162537164 4.30738372238697 33
stats: session 5 241886.78403320312 15370.699686520824 291645.19287109375 13215.199951171875 90427.81693961643 287
stats: users_count 0 429
stats: finish_users_count 5 292
stats: request 34 51655.610847024356 8916.947148141697 59997.629150390625 1.23193359375 9293.505923661724 4918
stats: connect 0 0 0 123.14794921875 0.925048828125 2.1109496785766315 429
stats: page 34 51655.610847024356 8916.947148141697 59997.629150390625 1.23193359375 9293.505923661724 4918
stats: 504 7 253
stats: 200 27 1280
stats: size_rcv 5822163 303207861
stats: newphase 0 3
stats: size_sent 17293 2773473
stats: connected -5 137
stats: 503 0 3387
stats: 500 0 32
# stats: dump at 1480609082
stats: users 131 404
stats: {freemem,"tsung_controller@ip-172-31-13-122"} 1 3116.93359375 0.0 3155.5703125 3116.875 3127.512637867647 34
stats: {load,"tsung_controller@ip-172-31-13-122"} 1 0.01171875 0.0 0.23046875 0.0 0.05905330882352938 34
stats: {recvpackets,"tsung_controller@ip-172-31-13-122"} 1 4450.0 0.0 21067 900 6560.30303030303 33
stats: {sentpackets,"tsung_controller@ip-172-31-13-122"} 1 2424.0 0.0 11146 556 3614.939393939394 33
stats: {cpu,"tsung_controller@ip-172-31-13-122"} 1 2.4703557312252964 0.0 12.5 1.4866204162537164 4.256110747143311 34
stats: session 6 244895.14416503906 14648.404741254857 291645.19287109375 13215.199951171875 93021.2924035477 292
stats: users_count 0 429
stats: finish_users_count 6 298
stats: request 41 43140.35126476753 11121.176714186018 59997.629150390625 1.23193359375 9584.36044050226 4952
stats: connect 0 0 0 123.14794921875 0.925048828125 2.1109496785766315 429
stats: page 41 43140.35126476753 11121.176714186018 59997.629150390625 1.23193359375 9584.36044050226 4952
stats: 504 1 254
stats: 200 39 1319
stats: size_rcv 6123132 309330993
stats: newphase 0 3
stats: size_sent 23881 2797354
stats: connected -6 131
stats: 503 0 3387
stats: 500 1 33
# stats: dump at 1480609092
stats: users 129 404
stats: {freemem,"tsung_controller@ip-172-31-13-122"} 1 3116.18359375 0.0 3155.5703125 3116.18359375 3127.210379464286 35
stats: {load,"tsung_controller@ip-172-31-13-122"} 1 0.01171875 0.0 0.23046875 0.0 0.05770089285714283 35
stats: {recvpackets,"tsung_controller@ip-172-31-13-122"} 1 2247.0 0.0 21067 900 6498.235294117647 34
stats: {sentpackets,"tsung_controller@ip-172-31-13-122"} 1 1179.0 0.0 11146 556 3579.9117647058824 34
stats: {cpu,"tsung_controller@ip-172-31-13-122"} 1 1.87192118226601 0.0 12.5 1.4866204162537164 4.205089175259939 35
stats: session 2 236408.291015625 2415.181884765625 291645.19287109375 13215.199951171875 96079.15519069183 298
stats: users_count 0 429
stats: finish_users_count 2 300
stats: request 28 47558.151986258374 9741.294656921586 59997.629150390625 1.23193359375 9859.905328103876 4993
stats: connect 0 0 0 123.14794921875 0.925048828125 2.1109496785766315 429
stats: page 28 47558.151986258374 9741.294656921586 59997.629150390625 1.23193359375 9859.905328103876 4993
stats: 504 7 261
stats: 200 20 1339
stats: size_rcv 5513344 314844337
stats: newphase 0 3
stats: size_sent 15948 2813302
stats: connected -2 129
stats: 503 0 3387
stats: 500 1 34
# stats: dump at 1480609102
stats: users 126 404
stats: {freemem,"tsung_controller@ip-172-31-13-122"} 1 3116.57421875 0.0 3155.5703125 3116.18359375 3126.9040798611113 36
stats: {load,"tsung_controller@ip-172-31-13-122"} 1 0.01171875 0.0 0.23046875 0.0 0.056423611111111084 36
stats: {recvpackets,"tsung_controller@ip-172-31-13-122"} 1 5085.0 0.0 21067 900 6376.771428571428 35
stats: {sentpackets,"tsung_controller@ip-172-31-13-122"} 1 2650.0 0.0 11146 556 3511.3142857142857 35
stats: {cpu,"tsung_controller@ip-172-31-13-122"} 1 2.2817460317460316 0.0 12.5 1.4866204162537164 4.14027895323233 36
stats: session 3 280577.85530598956 20554.78362408706 306441.18798828125 13215.199951171875 97014.68276285805 300
stats: users_count 0 429
stats: finish_users_count 3 303
stats: request 48 40038.63728332519 7207.009315599778 59997.629150390625 1.23193359375 10070.132555036425 5021
stats: connect 0 0 0 123.14794921875 0.925048828125 2.1109496785766315 429
stats: page 48 40038.63728332519 7207.009315599778 59997.629150390625 1.23193359375 10070.132555036425 5021
stats: 504 2 263
stats: 200 46 1385
stats: size_rcv 11566926 326411263
stats: newphase 0 3
stats: size_sent 21296 2834598
stats: connected -3 126
stats: 503 0 3387
stats: 500 0 34
# stats: dump at 1480609112
stats: users 119 404
stats: {freemem,"tsung_controller@ip-172-31-13-122"} 1 3116.58203125 0.0 3155.5703125 3116.18359375 3126.624894425676 37
stats: {load,"tsung_controller@ip-172-31-13-122"} 1 0.01171875 0.0 0.23046875 0.0 0.0552153716216216 37
stats: {recvpackets,"tsung_controller@ip-172-31-13-122"} 1 9541.0 0.0 21067 900 6340.888888888889 36
stats: {sentpackets,"tsung_controller@ip-172-31-13-122"} 1 4889.0 0.0 11146 556 3487.3888888888887 36
stats: {cpu,"tsung_controller@ip-172-31-13-122"} 1 4.6966731898238745 0.0 12.5 1.4866204162537164 4.0900483337327005 37
stats: session 7 295755.58551897324 24245.717676327 330075.1989746094 13215.199951171875 98832.13991675044 303
stats: users_count 0 429
stats: finish_users_count 7 310
stats: request 34 38161.7137594784 10116.957685909174 59997.629150390625 1.23193359375 10353.91401626307 5069
stats: connect 0 0 0 123.14794921875 0.925048828125 2.1109496785766315 429
stats: page 34 38161.7137594784 10116.957685909174 59997.629150390625 1.23193359375 10353.91401626307 5069
stats: 504 1 264
stats: 200 33 1418
stats: size_rcv 10475056 336886319
stats: newphase 0 3
stats: size_sent 27142 2861740
stats: connected -6 120
stats: 503 0 3387
stats: 500 0 34
# stats: dump at 1480609122
stats: users 113 404
stats: {freemem,"tsung_controller@ip-172-31-13-122"} 1 3116.59765625 0.0 3155.5703125 3116.18359375 3126.3606085526317 38
stats: {load,"tsung_controller@ip-172-31-13-122"} 1 0.0 0.0 0.23046875 0.0 0.0540707236842105 38
stats: {recvpackets,"tsung_controller@ip-172-31-13-122"} 1 7062.0 0.0 21067 900 6427.378378378378 37
stats: {sentpackets,"tsung_controller@ip-172-31-13-122"} 1 3642.0 0.0 11146 556 3525.2702702702704 37
stats: {cpu,"tsung_controller@ip-172-31-13-122"} 1 3.2544378698224854 0.0 12.5 1.4866204162537164 4.1060121457351 38
stats: session 6 306073.30411783856 34070.78596777618 354970.07177734375 13215.199951171875 103278.79836583289 310
stats: users_count 0 429
stats: finish_users_count 6 316
stats: request 77 26965.982510653408 9365.094514875107 59997.629150390625 1.23193359375 10539.190361798896 5103
stats: connect 0 0 0 123.14794921875 0.925048828125 2.1109496785766315 429
stats: page 77 26965.982510653408 9365.094514875107 59997.629150390625 1.23193359375 10539.190361798896 5103
stats: 504 0 264
stats: 200 76 1494
stats: size_rcv 16166361 353052680
stats: newphase 0 3
stats: size_sent 34449 2896189
stats: connected -7 113
stats: 503 0 3387
stats: 500 1 35
# stats: dump at 1480609132
stats: users 105 404
stats: {freemem,"tsung_controller@ip-172-31-13-122"} 1 3116.6171875 0.0 3155.5703125 3116.18359375 3126.1102764423076 39
stats: {load,"tsung_controller@ip-172-31-13-122"} 1 0.0 0.0 0.23046875 0.0 0.05268429487179485 39
stats: {recvpackets,"tsung_controller@ip-172-31-13-122"} 1 12236.0 0.0 21067 900 6444.078947368421 38
stats: {sentpackets,"tsung_controller@ip-172-31-13-122"} 1 6210.0 0.0 11146 556 3528.342105263158 38
stats: {cpu,"tsung_controller@ip-172-31-13-122"} 1 5.004906771344456 0.0 12.5 1.4866204162537164 4.084176907891187 39
stats: session 8 308347.18350219727 17963.865662108943 354970.07177734375 13215.199951171875 107129.32695606085 316
stats: users_count 0 429
stats: finish_users_count 8 324
stats: request 39 22510.689158904246 9823.13686555933 59997.629150390625 1.23193359375 10783.372407254841 5180
stats: connect 0 0 0 123.14794921875 0.925048828125 2.1109496785766315 429
stats: page 39 22510.689158904246 9823.13686555933 59997.629150390625 1.23193359375 10783.372407254841 5180
stats: 504 0 264
stats: 200 36 1530
stats: size_rcv 10986918 364039598
stats: newphase 0 3
stats: size_sent 28516 2924705
stats: connected -8 105
stats: 503 0 3387
stats: 500 3 38
# stats: dump at 1480609142
stats: users 98 404
stats: {freemem,"tsung_controller@ip-172-31-13-122"} 1 3116.47265625 0.0 3155.5703125 3116.18359375 3125.87294921875 40
stats: {load,"tsung_controller@ip-172-31-13-122"} 1 0.0 0.0 0.23046875 0.0 0.05136718749999998 40
stats: {recvpackets,"tsung_controller@ip-172-31-13-122"} 1 8496.0 0.0 21067 900 6592.589743589743 39
stats: {sentpackets,"tsung_controller@ip-172-31-13-122"} 1 4449.0 0.0 11146 556 3597.102564102564 39
stats: {cpu,"tsung_controller@ip-172-31-13-122"} 1 4.2198233562316 0.0 12.5 1.4866204162537164 4.107195154477519 40
stats: session 7 327739.45169503347 25532.126117190383 367385.2150878906 13215.199951171875 112097.66909300248 324
stats: users_count 0 429
stats: finish_users_count 7 331
stats: request 40 17859.60416870117 6993.885804899256 59997.629150390625 1.23193359375 10871.00707928288 5219
stats: connect 0 0 0 123.14794921875 0.925048828125 2.1109496785766315 429
stats: page 40 17859.60416870117 6993.885804899256 59997.629150390625 1.23193359375 10871.00707928288 5219
stats: 504 0 264
stats: 200 39 1569
stats: size_rcv 7904100 371943698
stats: newphase 0 3
stats: size_sent 27896 2952601
stats: connected -7 98
stats: 503 0 3387
stats: 500 1 39
# stats: dump at 1480609152
stats: users 97 404
stats: {freemem,"tsung_controller@ip-172-31-13-122"} 1 3116.51171875 0.0 3155.5703125 3116.18359375 3125.643673780488 41
stats: {load,"tsung_controller@ip-172-31-13-122"} 1 0.0 0.0 0.23046875 0.0 0.05011432926829266 41
stats: {recvpackets,"tsung_controller@ip-172-31-13-122"} 1 5669.0 0.0 21067 900 6640.175 40
stats: {sentpackets,"tsung_controller@ip-172-31-13-122"} 1 2868.0 0.0 11146 556 3618.4 40
stats: {cpu,"tsung_controller@ip-172-31-13-122"} 1 3.0511811023622046 0.0 12.5 1.4866204162537164 4.109942183788593 41
stats: session 1 306523.23486328125 0.0 367385.2150878906 13215.199951171875 116658.06932929921 331
stats: users_count 0 429
stats: finish_users_count 1 332
stats: request 23 18622.70905867867 6066.794420561725 59997.629150390625 1.23193359375 10924.162409873625 5259
stats: connect 0 0 0 123.14794921875 0.925048828125 2.1109496785766315 429
stats: page 23 18622.70905867867 6066.794420561725 59997.629150390625 1.23193359375 10924.162409873625 5259
stats: 504 0 264
stats: 200 23 1592
stats: size_rcv 10238160 382181858
stats: newphase 0 3
stats: size_sent 14813 2967414
stats: connected -1 97
stats: 503 0 3387
stats: 500 0 39
# stats: dump at 1480609162
stats: users 93 404
stats: {freemem,"tsung_controller@ip-172-31-13-122"} 1 3116.51953125 0.0 3155.5703125 3116.18359375 3125.426246279762 42
stats: {load,"tsung_controller@ip-172-31-13-122"} 1 0.0 0.0 0.23046875 0.0 0.04892113095238093 42
stats: {recvpackets,"tsung_controller@ip-172-31-13-122"} 1 3541.0 0.0 21067 900 6616.487804878048 41
stats: {sentpackets,"tsung_controller@ip-172-31-13-122"} 1 1842.0 0.0 11146 556 3600.0975609756097 41
stats: {cpu,"tsung_controller@ip-172-31-13-122"} 1 2.465483234714004 0.0 12.5 1.4866204162537164 4.084733586611774 42
stats: session 4 335205.1848144531 27198.889855250054 380160.169921875 13215.199951171875 117229.95235801603 332
stats: users_count 0 429
stats: finish_users_count 4 336
stats: request 33 22926.716922644413 9850.437089162191 59997.629150390625 1.23193359375 10957.685047685536 5282
stats: connect 0 0 0 123.14794921875 0.925048828125 2.1109496785766315 429
stats: page 33 22926.716922644413 9850.437089162191 59997.629150390625 1.23193359375 10957.685047685536 5282
stats: 504 0 264
stats: 200 30 1622
stats: size_rcv 6505423 388687281
stats: newphase 0 3
stats: size_sent 16898 2984312
stats: connected -4 93
stats: 503 0 3387
stats: 500 3 42
# stats: dump at 1480609172
stats: users 90 404
stats: {freemem,"tsung_controller@ip-172-31-13-122"} 1 3116.5234375 0.0 3155.5703125 3116.18359375 3125.219113372093 43
stats: {load,"tsung_controller@ip-172-31-13-122"} 1 0.0 0.0 0.23046875 0.0 0.04778343023255812 43
stats: {recvpackets,"tsung_controller@ip-172-31-13-122"} 1 4424.0 0.0 21067 900 6543.261904761905 42
stats: {sentpackets,"tsung_controller@ip-172-31-13-122"} 1 2359.0 0.0 11146 556 3558.2380952380954 42
stats: {cpu,"tsung_controller@ip-172-31-13-122"} 1 2.564102564102564 0.0 12.5 1.4866204162537164 4.047076601683919 43
stats: session 3 335704.84228515625 14387.47082169367 380160.169921875 13215.199951171875 119824.89560154504 336
stats: users_count 0 429
stats: finish_users_count 3 339
stats: request 25 30963.91983398438 14199.945105828194 59997.629150390625 1.23193359375 11031.998886231846 5315
stats: connect 0 0 0 123.14794921875 0.925048828125 2.1109496785766315 429
stats: page 25 30963.91983398438 14199.945105828194 59997.629150390625 1.23193359375 11031.998886231846 5315
stats: 504 0 264
stats: 200 25 1647
stats: size_rcv 6907272 395594553
stats: newphase 0 3
stats: size_sent 10154 2994466
stats: connected -3 90
stats: 503 0 3387
stats: 500 0 42
# stats: dump at 1480609182
stats: users 81 404
stats: {freemem,"tsung_controller@ip-172-31-13-122"} 1 3116.5390625 0.0 3155.5703125 3116.18359375 3125.021484375 44
stats: {load,"tsung_controller@ip-172-31-13-122"} 1 0.0 0.0 0.23046875 0.0 0.04669744318181816 44
stats: {recvpackets,"tsung_controller@ip-172-31-13-122"} 1 6251.0 0.0 21067 900 6493.976744186047 43
stats: {sentpackets,"tsung_controller@ip-172-31-13-122"} 1 3203.0 0.0 11146 556 3530.3488372093025 43
stats: {cpu,"tsung_controller@ip-172-31-13-122"} 1 2.8656126482213438 0.0 12.5 1.4866204162537164 4.013372646284343 44
stats: session 9 349763.07237413194 21283.971439948986 386267.1728515625 13215.199951171875 121735.3376075947 339
stats: users_count 0 429
stats: finish_users_count 9 348
stats: request 21 35449.1694452195 17174.400513924214 59997.629150390625 1.23193359375 11125.313122878626 5340
stats: connect 0 0 0 123.14794921875 0.925048828125 2.1109496785766315 429
stats: page 21 35449.1694452195 17174.400513924214 59997.629150390625 1.23193359375 11125.313122878626 5340
stats: 504 0 264
stats: 200 21 1668
stats: size_rcv 8396901 403991454
stats: newphase 0 3
stats: size_sent 14111 3008577
stats: connected -9 81
stats: 503 0 3387
stats: 500 0 42
# stats: dump at 1480609192
stats: users 69 404
stats: {freemem,"tsung_controller@ip-172-31-13-122"} 1 3116.38671875 0.0 3155.5703125 3116.18359375 3124.832986111111 45
stats: {load,"tsung_controller@ip-172-31-13-122"} 1 0.0 0.0 0.23046875 0.0 0.045659722222222206 45
stats: {recvpackets,"tsung_controller@ip-172-31-13-122"} 1 6241.0 0.0 21067 900 6488.454545454545 44
stats: {sentpackets,"tsung_controller@ip-172-31-13-122"} 1 3139.0 0.0 11146 556 3522.909090909091 44
stats: {cpu,"tsung_controller@ip-172-31-13-122"} 1 3.1341821743388834 0.0 12.5 1.4866204162537164 3.9878668685496095 45
stats: session 12 351988.7578531901 13956.455700137629 386267.1728515625 13215.199951171875 127632.60661017755 348
stats: users_count 0 429
stats: finish_users_count 12 360
stats: request 31 29465.98912392893 23652.300743073793 59997.629150390625 1.23193359375 11220.594037403744 5361
stats: connect 0 0 0 123.14794921875 0.925048828125 2.1109496785766315 429
stats: page 31 29465.98912392893 23652.300743073793 59997.629150390625 1.23193359375 11220.594037403744 5361
stats: 504 3 267
stats: 200 27 1695
stats: size_rcv 5708594 409700048
stats: newphase 0 3
stats: size_sent 12912 3021489
stats: connected -12 69
stats: 503 0 3387
stats: 500 1 43
# stats: dump at 1480609202
stats: users 60 404
stats: {freemem,"tsung_controller@ip-172-31-13-122"} 1 3116.421875 0.0 3155.5703125 3116.18359375 3124.649371603261 46
stats: {load,"tsung_controller@ip-172-31-13-122"} 1 0.0 0.0 0.23046875 0.0 0.04466711956521737 46
stats: {recvpackets,"tsung_controller@ip-172-31-13-122"} 1 1793.0 0.0 21067 900 6482.955555555555 45
stats: {sentpackets,"tsung_controller@ip-172-31-13-122"} 1 1002.0 0.0 11146 556 3514.3777777777777 45
stats: {cpu,"tsung_controller@ip-172-31-13-122"} 1 2.1653543307086616 0.0 12.5 1.4866204162537164 3.9693085056319855 46
stats: session 9 362556.73480902775 21550.846801496657 419151.18896484375 13215.199951171875 135111.14498494464 360
stats: users_count 0 429
stats: finish_users_count 9 369
stats: request 21 33149.59937686012 27986.798080212015 59997.629150390625 1.23193359375 11325.491523991705 5392
stats: connect 0 0 0 123.14794921875 0.925048828125 2.1109496785766315 429
stats: page 21 33149.59937686012 27986.798080212015 59997.629150390625 1.23193359375 11325.491523991705 5392
stats: 504 11 278
stats: 200 9 1704
stats: size_rcv 1269492 410969540
stats: newphase 0 3
stats: size_sent 10949 3032438
stats: connected -8 61
stats: 503 0 3387
stats: 500 1 44
# stats: dump at 1480609212
stats: users 50 404
stats: {freemem,"tsung_controller@ip-172-31-13-122"} 1 3116.5078125 0.0 3155.5703125 3116.18359375 3124.4743184840427 47
stats: {load,"tsung_controller@ip-172-31-13-122"} 1 0.0 0.0 0.23046875 0.0 0.04371675531914892 47
stats: {recvpackets,"tsung_controller@ip-172-31-13-122"} 1 1117.0 0.0 21067 900 6381.0 46
stats: {sentpackets,"tsung_controller@ip-172-31-13-122"} 1 632.0 0.0 11146 556 3459.7608695652175 46
stats: {cpu,"tsung_controller@ip-172-31-13-122"} 1 1.8664047151277015 0.0 12.5 1.4866204162537164 3.9309265019102124 47
stats: session 10 371175.4903076172 12410.101406940692 419151.18896484375 13215.199951171875 140658.59839528814 369
stats: users_count 0 429
stats: finish_users_count 10 379
stats: request 24 47230.42672729492 7245.444894973706 59997.629150390625 1.23193359375 11410.15922488035 5413
stats: connect 0 0 0 123.14794921875 0.925048828125 2.1109496785766315 429
stats: page 24 47230.42672729492 7245.444894973706 59997.629150390625 1.23193359375 11410.15922488035 5413
stats: 504 3 281
stats: 200 21 1725
stats: size_rcv 1835858 412805398
stats: newphase 0 3
stats: size_sent 8638 3041076
stats: connected -11 50
stats: 503 0 3387
stats: 500 0 44
# stats: dump at 1480609222
stats: users 41 404
stats: {freemem,"tsung_controller@ip-172-31-13-122"} 1 3116.4296875 0.0 3155.5703125 3116.18359375 3124.308349609375 48
stats: {load,"tsung_controller@ip-172-31-13-122"} 1 0.0 0.0 0.23046875 0.0 0.042805989583333315 48
stats: {recvpackets,"tsung_controller@ip-172-31-13-122"} 1 3062.0 0.0 21067 900 6269.0 47
stats: {sentpackets,"tsung_controller@ip-172-31-13-122"} 1 1595.0 0.0 11146 556 3399.595744680851 47
stats: {cpu,"tsung_controller@ip-172-31-13-122"} 1 2.263779527559055 0.0 12.5 1.4866204162537164 3.8879156313522434 48
stats: session 9 396027.9476453993 15510.864247568225 419151.18896484375 13215.199951171875 146740.83828743402 379
stats: users_count 0 429
stats: finish_users_count 9 388
stats: request 22 35325.59250710228 7539.143927338789 59997.629150390625 1.23193359375 11568.277014113006 5437
stats: connect 0 0 0 123.14794921875 0.925048828125 2.1109496785766315 429
stats: page 22 35325.59250710228 7539.143927338789 59997.629150390625 1.23193359375 11568.277014113006 5437
stats: 504 0 281
stats: 200 22 1747
stats: size_rcv 4253122 417058520
stats: newphase 0 3
stats: size_sent 8681 3049757
stats: connected -9 41
stats: 503 0 3387
stats: 500 0 44
# stats: dump at 1480609232
stats: users 35 404
stats: {freemem,"tsung_controller@ip-172-31-13-122"} 1 3116.484375 0.0 3155.5703125 3116.18359375 3124.1475605867345 49
stats: {load,"tsung_controller@ip-172-31-13-122"} 1 0.0 0.0 0.23046875 0.0 0.04193239795918365 49
stats: {recvpackets,"tsung_controller@ip-172-31-13-122"} 1 4574.0 0.0 21067 900 6202.1875 48
stats: {sentpackets,"tsung_controller@ip-172-31-13-122"} 1 2369.0 0.0 11146 556 3362.0 48
stats: {cpu,"tsung_controller@ip-172-31-13-122"} 1 2.561576354679803 0.0 12.5 1.4866204162537164 3.854769996580954 49
stats: session 6 404278.6406656901 24512.206238512175 434417.0920410156 13215.199951171875 152523.271236459 388
stats: users_count 0 429
stats: finish_users_count 6 394
stats: request 25 25595.543505859376 9442.275140120924 59997.629150390625 1.23193359375 11664.019996499113 5459
stats: connect 0 0 0 123.14794921875 0.925048828125 2.1109496785766315 429
stats: page 25 25595.543505859376 9442.275140120924 59997.629150390625 1.23193359375 11664.019996499113 5459
stats: 504 0 281
stats: 200 25 1772
stats: size_rcv 6279316 423337836
stats: newphase 0 3
stats: size_sent 13321 3063078
stats: connected -6 35
stats: 503 0 3387
stats: 500 0 44
# stats: dump at 1480609242
stats: users 29 404
stats: {freemem,"tsung_controller@ip-172-31-13-122"} 1 3116.4921875 0.0 3155.5703125 3116.18359375 3123.994296875 50
stats: {load,"tsung_controller@ip-172-31-13-122"} 1 0.0 0.0 0.23046875 0.0 0.041093749999999984 50
stats: {recvpackets,"tsung_controller@ip-172-31-13-122"} 1 3316.0 0.0 21067 900 6168.959183673469 49
stats: {sentpackets,"tsung_controller@ip-172-31-13-122"} 1 1678.0 0.0 11146 556 3341.734693877551 49
stats: {cpu,"tsung_controller@ip-172-31-13-122"} 1 2.0689655172413794 0.0 12.5 1.4866204162537164 3.828906123742931 50
stats: session 6 412197.4358723958 17266.61457400159 447172.1630859375 13215.199951171875 156357.1093495945 394
stats: users_count 0 429
stats: finish_users_count 6 400
stats: request 25 18173.004912109376 7845.698942353184 59997.629150390625 1.23193359375 11727.529859324424 5484
stats: connect 0 0 0 123.14794921875 0.925048828125 2.1109496785766315 429
stats: page 25 18173.004912109376 7845.698942353184 59997.629150390625 1.23193359375 11727.529859324424 5484
stats: 504 0 281
stats: 200 24 1796
stats: size_rcv 7039802 430377638
stats: newphase 0 3
stats: size_sent 12045 3075123
stats: connected -6 29
stats: 503 0 3387
stats: 500 1 45
# stats: dump at 1480609252
stats: users 25 404
stats: {freemem,"tsung_controller@ip-172-31-13-122"} 1 3116.5625 0.0 3155.5703125 3116.18359375 3123.8471966911766 51
stats: {load,"tsung_controller@ip-172-31-13-122"} 1 0.0 0.0 0.23046875 0.0 0.04028799019607841 51
stats: {recvpackets,"tsung_controller@ip-172-31-13-122"} 1 2459.0 0.0 21067 900 6111.9 50
stats: {sentpackets,"tsung_controller@ip-172-31-13-122"} 1 1331.0 0.0 11146 556 3308.46 50
stats: {cpu,"tsung_controller@ip-172-31-13-122"} 1 2.1632251720747298 0.0 12.5 1.4866204162537164 3.794397484399763 51
stats: session 4 424058.45251464844 29481.42928515308 468754.14208984375 13215.199951171875 160194.71424743652 400
stats: users_count 0 429
stats: finish_users_count 4 404
stats: request 23 12798.623651919157 6708.666527319329 59997.629150390625 1.23193359375 11756.779609972386 5509
stats: connect 0 0 0 123.14794921875 0.925048828125 2.1109496785766315 429
stats: page 23 12798.623651919157 6708.666527319329 59997.629150390625 1.23193359375 11756.779609972386 5509
stats: 504 0 281
stats: 200 23 1819
stats: size_rcv 3415648 433793286
stats: newphase 0 3
stats: size_sent 11388 3086511
stats: connected -4 25
stats: 503 0 3387
stats: 500 0 45
# stats: dump at 1480609262
stats: users 23 404
stats: {freemem,"tsung_controller@ip-172-31-13-122"} 1 3116.63671875 0.0 3155.5703125 3116.18359375 3123.7071063701924 52
stats: {load,"tsung_controller@ip-172-31-13-122"} 1 0.0 0.0 0.23046875 0.0 0.03951322115384614 52
stats: {recvpackets,"tsung_controller@ip-172-31-13-122"} 1 2136.0 0.0 21067 900 6040.274509803921 51
stats: {sentpackets,"tsung_controller@ip-172-31-13-122"} 1 1122.0 0.0 11146 556 3269.6862745098038 51
stats: {cpu,"tsung_controller@ip-172-31-13-122"} 1 1.7751479289940828 0.0 12.5 1.4866204162537164 3.76302878608582 52
stats: session 2 455972.1658935547 1414.9830322265625 468754.14208984375 13215.199951171875 162807.22650750793 404
stats: users_count 0 429
stats: finish_users_count 2 406
stats: request 5 17708.632421875 5746.339160721561 59997.629150390625 1.23193359375 11761.111210291398 5532
stats: connect 0 0 0 123.14794921875 0.925048828125 2.1109496785766315 429
stats: page 5 17708.632421875 5746.339160721561 59997.629150390625 1.23193359375 11761.111210291398 5532
stats: 504 0 281
stats: 200 5 1824
stats: size_rcv 2926721 436720007
stats: newphase 0 3
stats: size_sent 4073 3090584
stats: connected -2 23
stats: 503 0 3387
stats: 500 0 45
# stats: dump at 1480609272
stats: users 19 404
stats: {freemem,"tsung_controller@ip-172-31-13-122"} 1 3116.70703125 0.0 3155.5703125 3116.18359375 3123.5737028301887 53
stats: {load,"tsung_controller@ip-172-31-13-122"} 1 0.0 0.0 0.23046875 0.0 0.038767688679245266 53
stats: {recvpackets,"tsung_controller@ip-172-31-13-122"} 1 4506.0 0.0 21067 900 5965.192307692308 52
stats: {sentpackets,"tsung_controller@ip-172-31-13-122"} 1 2233.0 0.0 11146 556 3228.3846153846152 52
stats: {cpu,"tsung_controller@ip-172-31-13-122"} 1 2.55653883972468 0.0 12.5 1.4866204162537164 3.7255216001029567 53
stats: session 4 454775.65197753906 16420.077476612027 481847.1970214844 13215.199951171875 164251.3887704934 406
stats: users_count 0 429
stats: finish_users_count 4 410
stats: request 12 17211.937072753906 3673.119430487439 59997.629150390625 1.23193359375 11766.481917544046 5537
stats: connect 0 0 0 123.14794921875 0.925048828125 2.1109496785766315 429
stats: page 12 17211.937072753906 3673.119430487439 59997.629150390625 1.23193359375 11766.481917544046 5537
stats: 504 0 281
stats: 200 12 1836
stats: size_rcv 4691662 441411669
stats: newphase 0 3
stats: size_sent 4806 3095390
stats: connected -4 19
stats: 503 0 3387
stats: 500 0 45
# stats: dump at 1480609282
stats: users 5 404
stats: {freemem,"tsung_controller@ip-172-31-13-122"} 1 3116.74609375 0.0 3155.5703125 3116.18359375 3123.4465422453704 54
stats: {load,"tsung_controller@ip-172-31-13-122"} 1 0.0 0.0 0.23046875 0.0 0.038049768518518504 54
stats: {recvpackets,"tsung_controller@ip-172-31-13-122"} 1 2527.0 0.0 21067 900 5937.66037735849 53
stats: {sentpackets,"tsung_controller@ip-172-31-13-122"} 1 1335.0 0.0 11146 556 3209.603773584906 53
stats: {cpu,"tsung_controller@ip-172-31-13-122"} 1 1.7751479289940828 0.0 12.5 1.4866204162537164 3.703873771207063 54
stats: session 14 442495.6852155413 18393.511137319878 492033.208984375 13215.199951171875 167085.77182617187 410
stats: users_count 0 429
stats: finish_users_count 14 424
stats: request 21 12388.906808035714 9749.278423227754 59997.629150390625 1.23193359375 11778.257996452412 5549
stats: connect 0 0 0 123.14794921875 0.925048828125 2.1109496785766315 429
stats: page 21 12388.906808035714 9749.278423227754 59997.629150390625 1.23193359375 11778.257996452412 5549
stats: 504 0 281
stats: 200 21 1857
stats: size_rcv 4492963 445904632
stats: newphase 0 3
stats: size_sent 4847 3100237
stats: connected -14 5
stats: 503 0 3387
stats: 500 0 45
# stats: dump at 1480609292
stats: users 1 404
stats: {freemem,"tsung_controller@ip-172-31-13-122"} 1 3124.39453125 0.0 3155.5703125 3116.18359375 3123.324715909091 55
stats: {load,"tsung_controller@ip-172-31-13-122"} 1 0.0 0.0 0.23046875 0.0 0.03735795454545453 55
stats: {recvpackets,"tsung_controller@ip-172-31-13-122"} 1 2275.0 0.0 21067 900 5874.5 54
stats: {sentpackets,"tsung_controller@ip-172-31-13-122"} 1 1168.0 0.0 11146 556 3174.8888888888887 54
stats: {cpu,"tsung_controller@ip-172-31-13-122"} 1 2.2571148184494603 0.0 12.5 1.4866204162537164 3.668806028621372 55
stats: session 4 440252.46130371094 8656.26212353416 492033.208984375 13215.199951171875 176179.49538148125 424
stats: users_count 0 429
stats: finish_users_count 4 428
stats: request 7 7607.234270368303 10243.957928200085 59997.629150390625 1.23193359375 11780.560263066998 5570
stats: connect 0 0 0 123.14794921875 0.925048828125 2.1109496785766315 429
stats: page 7 7607.234270368303 10243.957928200085 59997.629150390625 1.23193359375 11780.560263066998 5570
stats: 504 0 281
stats: 200 7 1864
stats: size_rcv 2003754 447908386
stats: newphase 0 3
stats: size_sent 2792 3103029
stats: connected -4 1
stats: 503 0 3387
stats: 500 0 45
# stats: dump at 1480609295
stats: users 0 404
stats: {freemem,"tsung_controller@ip-172-31-13-122"} 0 0 0 3155.5703125 3116.18359375 3123.343819754464 56
stats: {load,"tsung_controller@ip-172-31-13-122"} 0 0 0 0.23046875 0.0 0.0366908482142857 56
stats: {recvpackets,"tsung_controller@ip-172-31-13-122"} 0 0 0 21067 900 5809.054545454545 55
stats: {sentpackets,"tsung_controller@ip-172-31-13-122"} 0 0 0 11146 556 3138.4 55
stats: {cpu,"tsung_controller@ip-172-31-13-122"} 0 0 0 12.5 1.4866204162537164 3.643597257011159 56
stats: session 1 454164.19091796875 0.0 492033.208984375 13215.199951171875 178647.46702561423 428
stats: users_count 0 429
stats: finish_users_count 1 429
stats: request 0 0 0 59997.629150390625 1.23193359375 11775.322091657838 5577
stats: connect 0 0 0 123.14794921875 0.925048828125 2.1109496785766315 429
stats: page 0 0 0 59997.629150390625 1.23193359375 11775.322091657838 5577
stats: 504 0 281
stats: 200 0 1864
stats: size_rcv 0 447908386
stats: newphase 0 3
stats: size_sent 0 3103029
stats: connected -1 0
stats: 503 0 3387
stats: 500 0 45
EndMonitor:{1480,609295,672460}
