# stats: dump at 1480609651
stats: users 6 6
stats: {freemem,"tsung_controller@ip-172-31-13-122"} 1 3155.21875 0 3155.21875 3155.21875 0 0
stats: {load,"tsung_controller@ip-172-31-13-122"} 1 0.01953125 0 0.01953125 0.01953125 0 0
stats: {cpu,"tsung_controller@ip-172-31-13-122"} 1 2.803498222442413 0 2.803498222442413 2.803498222442413 0 0
stats: users_count 6 6
stats: finish_users_count 0 0
stats: request 11 77.9208984375 58.733517048400685 209.130859375 10.655029296875 0 0
stats: connect 5 28.657470703125 54.31962945257112 137.296142578125 1.297119140625 0 0
stats: page 11 77.9208984375 58.733517048400685 209.130859375 10.655029296875 0 0
stats: 200 11 11
stats: size_rcv 1510604 1510604
stats: size_sent 4888 4888
stats: connected 5 5
# stats: dump at 1480609661
stats: users 15 15
stats: {freemem,"tsung_controller@ip-172-31-13-122"} 1 3155.0859375 0.0 3155.21875 3155.0859375 3155.21875 1
stats: {load,"tsung_controller@ip-172-31-13-122"} 1 0.01953125 0.0 0.01953125 0.01953125 0.01953125 1
stats: {recvpackets,"tsung_controller@ip-172-31-13-122"} 1 1858 0 1858 1858 0 0
stats: {sentpackets,"tsung_controller@ip-172-31-13-122"} 1 966 0 966 966 0 0
stats: {cpu,"tsung_controller@ip-172-31-13-122"} 1 2.6548672566371683 0.0 2.803498222442413 2.6548672566371683 2.803498222442413 1
stats: users_count 9 15
stats: finish_users_count 0 0
stats: request 37 640.9256558804899 1296.0703766117576 4618.916015625 10.3369140625 77.9208984375 11
stats: connect 8 1.967437744140625 1.031376592043991 137.296142578125 1.19384765625 28.657470703125 5
stats: page 37 640.9256558804899 1296.0703766117576 4618.916015625 10.3369140625 77.9208984375 11
stats: 200 37 48
stats: size_rcv 5638082 7148686
stats: size_sent 23298 28186
stats: connected 8 13
# stats: dump at 1480609671
stats: users 21 22
stats: {freemem,"tsung_controller@ip-172-31-13-122"} 1 3153.76171875 0.0 3155.21875 3153.76171875 3155.15234375 2
stats: {load,"tsung_controller@ip-172-31-13-122"} 1 0.01171875 0.0 0.01953125 0.01171875 0.01953125 2
stats: {recvpackets,"tsung_controller@ip-172-31-13-122"} 1 3562.0 0.0 3562 1858 1858.0 1
stats: {sentpackets,"tsung_controller@ip-172-31-13-122"} 1 1858.0 0.0 1858 966 966.0 1
stats: {cpu,"tsung_controller@ip-172-31-13-122"} 1 1.9801980198019802 0.0 2.803498222442413 1.9801980198019802 2.729182739539791 2
stats: session 2 17813.381469726563 143.8824462890625 17957.263916015625 17669.4990234375 0 0
stats: users_count 8 23
stats: finish_users_count 2 2
stats: request 74 519.2661462732264 1300.5920562911433 5323.35400390625 8.302978515625 511.9037322998047 48
stats: connect 10 2.0248046875 0.7649995249703122 137.296142578125 1.19384765625 12.232835036057692 13
stats: page 72 533.6943054199219 1315.6139327710184 5323.35400390625 8.302978515625 511.9037322998047 48
stats: 302 6 6
stats: 200 66 114
stats: size_rcv 11137331 18286017
stats: size_sent 49699 77885
stats: connected 8 21
stats: 500 2 2
# stats: dump at 1480609681
stats: users 35 35
stats: {freemem,"tsung_controller@ip-172-31-13-122"} 1 3151.9375 0.0 3155.21875 3151.9375 3154.6888020833335 3
stats: {load,"tsung_controller@ip-172-31-13-122"} 1 0.01171875 0.0 0.01953125 0.01171875 0.016927083333333332 3
stats: {recvpackets,"tsung_controller@ip-172-31-13-122"} 1 8594.0 0.0 8594 1858 2710.0 2
stats: {sentpackets,"tsung_controller@ip-172-31-13-122"} 1 4226.0 0.0 4226 966 1412.0 2
stats: {cpu,"tsung_controller@ip-172-31-13-122"} 1 3.732809430255403 0.0 3.732809430255403 1.9801980198019802 2.479521166293854 3
stats: session 2 28638.463500976563 4723.7694091796875 33362.23291015625 17669.4990234375 17813.381469726563 2
stats: users_count 16 39
stats: finish_users_count 2 4
stats: request 91 892.2817087697459 2314.5022760193096 9375.068115234375 8.302978515625 516.3694588082735 122
stats: connect 15 1.6738444010416667 0.4130028123038875 137.296142578125 1.15283203125 7.794560971467392 23
stats: page 89 912.3361267775632 2336.4618096665445 9375.068115234375 8.302978515625 524.978076171875 120
stats: 302 6 12
stats: 200 85 199
stats: size_rcv 15484103 33770120
stats: newphase 1 1
stats: size_sent 48822 126707
stats: connected 13 34
stats: 500 0 2
# stats: dump at 1480609691
stats: users 56 56
stats: {freemem,"tsung_controller@ip-172-31-13-122"} 1 3150.375 0.0 3155.21875 3150.375 3154.0009765625 4
stats: {load,"tsung_controller@ip-172-31-13-122"} 1 0.01171875 0.0 0.01953125 0.01171875 0.015625 4
stats: {recvpackets,"tsung_controller@ip-172-31-13-122"} 1 11394.0 0.0 11394 1858 4671.333333333333 3
stats: {sentpackets,"tsung_controller@ip-172-31-13-122"} 1 5736.0 0.0 5736 966 2350.0 3
stats: {cpu,"tsung_controller@ip-172-31-13-122"} 1 4.995102840352596 0.0 4.995102840352596 1.9801980198019802 2.792843232284241 4
stats: session 2 31842.239135742188 2716.7769775390625 34559.01611328125 17669.4990234375 23225.922485351563 4
stats: users_count 23 62
stats: finish_users_count 2 6
stats: request 132 349.63950232303506 1250.9430032157834 9375.068115234375 8.302978515625 676.9704670077758 213
stats: connect 23 1.7835109544836956 0.8824631966593685 137.296142578125 1.01904296875 5.378488641036184 38
stats: page 125 369.22721289062514 1282.7051440443295 9375.068115234375 8.302978515625 689.9295905446322 209
stats: 302 14 26
stats: 200 116 315
stats: size_rcv 16602502 50372622
stats: newphase 0 1
stats: size_sent 96336 223043
stats: connected 21 55
stats: 500 2 4
# stats: dump at 1480609701
stats: users 70 71
stats: {freemem,"tsung_controller@ip-172-31-13-122"} 1 3148.953125 0.0 3155.21875 3148.953125 3153.27578125 5
stats: {load,"tsung_controller@ip-172-31-13-122"} 1 0.01171875 0.0 0.01953125 0.01171875 0.01484375 5
stats: {recvpackets,"tsung_controller@ip-172-31-13-122"} 1 11254.0 0.0 11394 1858 6352.0 4
stats: {sentpackets,"tsung_controller@ip-172-31-13-122"} 1 5952.0 0.0 5952 966 3196.5 4
stats: {cpu,"tsung_controller@ip-172-31-13-122"} 1 6.2745098039215685 0.0 6.2745098039215685 1.9801980198019802 3.2332951538979118 5
stats: session 8 41466.807678222656 5704.893516081838 47920.513916015625 17669.4990234375 26098.02803548177 6
stats: users_count 22 84
stats: finish_users_count 8 14
stats: request 143 1882.2947016362527 3301.160285208555 12306.087158203125 8.302978515625 551.7307935631793 345
stats: connect 23 1.654020889945652 0.6031801102085423 137.296142578125 1.01904296875 4.02300525102459 61
stats: page 135 1993.8467664930538 3416.977876513114 12306.087158203125 8.302978515625 569.9062456142402 334
stats: 302 21 47
stats: 200 122 437
stats: size_rcv 19218143 69590765
stats: newphase 0 1
stats: size_sent 89366 312409
stats: connected 16 71
stats: 500 1 5
# stats: dump at 1480609711
stats: users 84 84
stats: {freemem,"tsung_controller@ip-172-31-13-122"} 1 3147.390625 0.0 3155.21875 3147.390625 3152.5553385416665 6
stats: {load,"tsung_controller@ip-172-31-13-122"} 1 0.01171875 0.0 0.01953125 0.01171875 0.014322916666666666 6
stats: {recvpackets,"tsung_controller@ip-172-31-13-122"} 1 15785.0 0.0 15785 1858 7332.4 5
stats: {sentpackets,"tsung_controller@ip-172-31-13-122"} 1 7670.0 0.0 7670 966 3747.6 5
stats: {cpu,"tsung_controller@ip-172-31-13-122"} 1 6.1204343534057255 0.0 6.2745098039215685 1.9801980198019802 3.740164262235188 6
stats: session 13 35625.6108210637 8696.078227744583 50656.712158203125 17669.4990234375 34880.18783133371 14
stats: users_count 27 111
stats: finish_users_count 13 27
stats: request 213 1610.604920866344 3319.1595753853126 17120.740966796875 7.637939453125 941.6296436747562 488
stats: connect 24 2.1966349283854165 2.45218821568046 137.296142578125 0.890869140625 3.374354771205357 84
stats: page 200 1698.353352050781 3404.6579034065458 17120.740966796875 7.637939453125 979.7825149503593 469
stats: 302 42 89
stats: 200 168 605
stats: size_rcv 24569852 94160617
stats: newphase 1 2
stats: size_sent 135322 447731
stats: connected 10 81
stats: 500 3 8
# stats: dump at 1480609721
stats: users 119 119
stats: {freemem,"tsung_controller@ip-172-31-13-122"} 1 3144.9765625 0.0 3155.21875 3144.9765625 3151.8175223214284 7
stats: {load,"tsung_controller@ip-172-31-13-122"} 1 0.01171875 0.0 0.01953125 0.01171875 0.013950892857142858 7
stats: {recvpackets,"tsung_controller@ip-172-31-13-122"} 1 16552.0 0.0 16552 1858 8741.166666666666 6
stats: {sentpackets,"tsung_controller@ip-172-31-13-122"} 1 8782.0 0.0 8782 966 4401.333333333333 6
stats: {cpu,"tsung_controller@ip-172-31-13-122"} 1 7.976653696498054 0.0 7.976653696498054 1.9801980198019802 4.080202846688122 7
stats: session 11 35416.447443181816 11439.411364611655 56852.60693359375 14662.51708984375 35239.09519675926 27
stats: users_count 46 157
stats: finish_users_count 11 38
stats: request 209 2110.7846189069983 3086.503625727501 17120.740966796875 7.637939453125 1144.8988791124284 701
stats: connect 46 1.722343113111413 0.8475062531092252 137.296142578125 0.890869140625 3.1126392505787037 108
stats: page 196 2243.8069956253994 3176.6566091452587 17120.740966796875 7.637939453125 1194.6018982389758 669
stats: 302 35 124
stats: 200 170 775
stats: size_rcv 22546306 116706923
stats: newphase 0 2
stats: size_sent 142132 589863
stats: connected 35 116
stats: 500 3 11
# stats: dump at 1480609731
stats: users 146 146
stats: {freemem,"tsung_controller@ip-172-31-13-122"} 1 3141.96484375 0.0 3155.21875 3141.96484375 3150.96240234375 8
stats: {load,"tsung_controller@ip-172-31-13-122"} 1 0.0 0.0 0.01953125 0.0 0.013671875 8
stats: {recvpackets,"tsung_controller@ip-172-31-13-122"} 1 17526.0 0.0 17526 1858 9857.0 7
stats: {sentpackets,"tsung_controller@ip-172-31-13-122"} 1 9038.0 0.0 9038 966 5027.142857142857 7
stats: {cpu,"tsung_controller@ip-172-31-13-122"} 1 8.487804878048781 0.0 8.487804878048781 1.9801980198019802 4.5672592029143635 8
stats: session 6 42382.47285970052 6827.612285843241 56852.60693359375 14662.51708984375 35290.43400493421 38
stats: users_count 33 190
stats: finish_users_count 6 44
stats: request 223 2981.9385718101885 3187.93419218381 17120.740966796875 7.637939453125 1366.7341753949177 910
stats: connect 36 1.5152723524305556 0.39559764054188146 137.296142578125 0.890869140625 2.697355988737825 154
stats: page 214 3077.828236802715 3268.2285298501556 17120.740966796875 7.637939453125 1432.3408567219112 865
stats: 302 22 146
stats: 200 200 975
stats: size_rcv 28251833 144958756
stats: newphase 0 2
stats: size_sent 158308 748171
stats: connected 30 146
stats: 500 1 12
# stats: dump at 1480609741
stats: users 218 218
stats: {freemem,"tsung_controller@ip-172-31-13-122"} 1 3138.04296875 0.0 3155.21875 3138.04296875 3149.9626736111113 9
stats: {load,"tsung_controller@ip-172-31-13-122"} 1 0.0 0.0 0.01953125 0.0 0.012152777777777778 9
stats: {recvpackets,"tsung_controller@ip-172-31-13-122"} 1 18676.0 0.0 18676 1858 10815.625 8
stats: {sentpackets,"tsung_controller@ip-172-31-13-122"} 1 8902.0 0.0 9038 966 5528.5 8
stats: {cpu,"tsung_controller@ip-172-31-13-122"} 1 8.21917808219178 0.0 8.487804878048781 1.9801980198019802 5.00287538904041 9
stats: session 4 50403.345275878906 13992.476058151691 59744.680908203125 14662.51708984375 36257.530212402344 44
stats: users_count 76 266
stats: finish_users_count 4 48
stats: request 213 3730.3170848004693 3996.27649028637 17979.670166015625 7.637939453125 1684.6428959603238 1133
stats: connect 75 1.7693033854166667 1.4505194195889444 137.296142578125 0.890869140625 2.4733822471217106 190
stats: page 207 3870.4358275777495 4084.389204690036 17979.670166015625 7.637939453125 1758.6933120854812 1079
stats: 302 14 160
stats: 200 196 1171
stats: size_rcv 28500896 173459652
stats: newphase 1 3
stats: size_sent 157181 905352
stats: connected 71 217
stats: 500 3 15
# stats: dump at 1480609751
stats: users 292 292
stats: {freemem,"tsung_controller@ip-172-31-13-122"} 1 3133.0859375 0.0 3155.21875 3133.0859375 3148.770703125 10
stats: {load,"tsung_controller@ip-172-31-13-122"} 1 0.0 0.0 0.01953125 0.0 0.0109375 10
stats: {recvpackets,"tsung_controller@ip-172-31-13-122"} 1 23519.0 0.0 23519 1858 11689.0 9
stats: {sentpackets,"tsung_controller@ip-172-31-13-122"} 1 12430.0 0.0 12430 966 5903.333333333333 9
stats: {cpu,"tsung_controller@ip-172-31-13-122"} 1 11.165048543689322 0.0 11.165048543689322 1.9801980198019802 5.324505658355547 10
stats: session 8 50292.44204711914 15576.293605438563 79054.84497070313 14662.51708984375 37436.34813435873 48
stats: users_count 82 348
stats: finish_users_count 8 56
stats: request 226 5117.429684259191 4892.049892083982 19063.203857421875 7.637939453125 2008.3639971660823 1346
stats: connect 82 2.7911674685594514 7.121647054279238 137.296142578125 0.890869140625 2.2741146447523586 265
stats: page 217 5272.910257506481 4926.442198775024 19063.203857421875 7.637939453125 2098.608320411219 1286
stats: 302 26 186
stats: 200 197 1368
stats: size_rcv 30757251 204216903
stats: newphase 0 3
stats: size_sent 168927 1074279
stats: connected 74 291
stats: 500 3 18
# stats: dump at 1480609761
stats: users 361 361
stats: {freemem,"tsung_controller@ip-172-31-13-122"} 1 3126.9609375 0.0 3155.21875 3126.9609375 3147.344815340909 11
stats: {load,"tsung_controller@ip-172-31-13-122"} 1 0.16015625 0.0 0.16015625 0.0 0.009943181818181818 11
stats: {recvpackets,"tsung_controller@ip-172-31-13-122"} 1 19733.0 0.0 23519 1858 12872.0 10
stats: {sentpackets,"tsung_controller@ip-172-31-13-122"} 1 10628.0 0.0 12430 966 6556.0 10
stats: {cpu,"tsung_controller@ip-172-31-13-122"} 1 10.341463414634147 0.0 11.165048543689322 1.9801980198019802 5.855464102476799 11
stats: session 3 60466.963704427086 9356.59466996926 79054.84497070313 14662.51708984375 39272.932979038786 56
stats: users_count 72 420
stats: finish_users_count 3 59
stats: request 214 10320.004753897121 6466.669272989619 25932.7509765625 2.0390625 2455.3416341145826 1572
stats: connect 70 1.6576311383928573 0.7874531564228158 137.296142578125 0.890869140625 2.3963000382744957 347
stats: page 206 10257.586699550582 6607.422954924511 25932.7509765625 2.0390625 2556.9074024801957 1503
stats: 302 15 201
stats: 200 147 1515
stats: size_rcv 20484270 224701173
stats: newphase 0 3
stats: size_sent 122934 1197213
stats: connected 67 358
stats: 503 47 47
stats: 500 5 23
# stats: dump at 1480609771
stats: users 368 374
stats: {freemem,"tsung_controller@ip-172-31-13-122"} 1 3119.421875 0.0 3155.21875 3119.421875 3145.6461588541665 12
stats: {load,"tsung_controller@ip-172-31-13-122"} 1 0.21875 0.0 0.21875 0.0 0.0224609375 12
stats: {recvpackets,"tsung_controller@ip-172-31-13-122"} 1 13666.0 0.0 23519 1858 13495.727272727272 11
stats: {sentpackets,"tsung_controller@ip-172-31-13-122"} 1 7264.0 0.0 12430 966 6926.181818181818 11
stats: {cpu,"tsung_controller@ip-172-31-13-122"} 1 6.9306930693069315 0.0 11.165048543689322 1.9801980198019802 6.229297378489911 12
stats: session 7 73580.31417410714 14113.4436274675 88037.6220703125 14662.51708984375 40350.59555829581 59
stats: users_count 14 434
stats: finish_users_count 7 66
stats: request 414 8243.081731676479 6657.562614992778 28817.18994140625 1.373046875 3397.6920863169694 1786
stats: connect 17 1.5366641773897058 0.3433714249257405 137.296142578125 0.890869140625 2.272302860836331 417
stats: page 400 8597.171703491216 6988.193847947538 30588.85205078125 1.448974609375 3485.134397914075 1709
stats: 302 21 222
stats: 200 298 1813
stats: size_rcv 29676570 254377743
stats: newphase 0 3
stats: size_sent 260225 1457438
stats: connected 10 368
stats: 503 93 140
stats: 500 2 25
# stats: dump at 1480609781
stats: users 365 374
stats: {freemem,"tsung_controller@ip-172-31-13-122"} 1 3107.66015625 0.0 3155.21875 3107.66015625 3143.62890625 13
stats: {load,"tsung_controller@ip-172-31-13-122"} 1 0.1796875 0.0 0.21875 0.0 0.03756009615384615 13
stats: {recvpackets,"tsung_controller@ip-172-31-13-122"} 1 31483.0 0.0 31483 1858 13509.916666666666 12
stats: {sentpackets,"tsung_controller@ip-172-31-13-122"} 1 15895.0 0.0 15895 966 6954.333333333333 12
stats: {cpu,"tsung_controller@ip-172-31-13-122"} 1 12.968299711815561 0.0 12.968299711815561 1.9801980198019802 6.283250893168144 13
stats: session 3 84783.99096679688 15166.374464919636 101485.89990234375 14662.51708984375 43874.95965391217 66
stats: users_count 0 434
stats: finish_users_count 3 69
stats: request 289 6506.324570177333 6736.534198926489 30225.087890625 1.34912109375 4309.506319580078 2200
stats: connect 0 0 0 137.296142578125 0.890869140625 2.2434875207013247 434
stats: page 279 6812.962618482584 7066.374819084602 30588.85205078125 1.448974609375 4454.700506131646 2109
stats: 302 18 240
stats: 200 191 2004
stats: size_rcv 35103932 289481675
stats: newphase 0 3
stats: size_sent 213091 1670529
stats: connected -4 364
stats: 503 79 219
stats: 500 1 26
# stats: dump at 1480609791
stats: users 353 374
stats: {freemem,"tsung_controller@ip-172-31-13-122"} 1 3103.5625 0.0 3155.21875 3103.5625 3141.0597098214284 14
stats: {load,"tsung_controller@ip-172-31-13-122"} 1 0.16015625 0.0 0.21875 0.0 0.04771205357142857 14
stats: {recvpackets,"tsung_controller@ip-172-31-13-122"} 1 16264.0 0.0 31483 1858 14892.461538461539 13
stats: {sentpackets,"tsung_controller@ip-172-31-13-122"} 1 7945.0 0.0 15895 966 7642.076923076923 13
stats: {cpu,"tsung_controller@ip-172-31-13-122"} 1 7.436399217221135 0.0 12.968299711815561 1.9801980198019802 6.7607543802143875 14
stats: session 12 77040.25134277344 11199.422846907304 101485.89990234375 14662.51708984375 45653.61318925498 69
stats: users_count 0 434
stats: finish_users_count 12 81
stats: request 262 9453.772934309402 8265.356672545242 30225.087890625 1.34912109375 4564.580837226766 2489
stats: connect 0 0 0 137.296142578125 0.890869140625 2.2434875207013247 434
stats: page 243 10001.017298820087 8456.114166204548 33827.7861328125 1.448974609375 4730.22610468521 2388
stats: 302 15 255
stats: 200 146 2150
stats: size_rcv 28989260 318470935
stats: newphase 0 3
stats: size_sent 169045 1839574
stats: connected -12 352
stats: 503 101 320
stats: 500 2 28
# stats: dump at 1480609801
stats: users 344 374
stats: {freemem,"tsung_controller@ip-172-31-13-122"} 1 3102.84375 0.0 3155.21875 3102.84375 3138.5598958333335 15
stats: {load,"tsung_controller@ip-172-31-13-122"} 1 0.2109375 0.0 0.21875 0.0 0.05520833333333333 15
stats: {recvpackets,"tsung_controller@ip-172-31-13-122"} 1 22620.0 0.0 31483 1858 14990.42857142857 14
stats: {sentpackets,"tsung_controller@ip-172-31-13-122"} 1 10595.0 0.0 15895 966 7663.714285714285 14
stats: {cpu,"tsung_controller@ip-172-31-13-122"} 1 8.494208494208493 0.0 12.968299711815561 1.9801980198019802 6.805797369348171 15
stats: session 9 97859.70651584202 9686.975652264644 113807.78393554688 14662.51708984375 50303.485508294754 81
stats: users_count 0 434
stats: finish_users_count 9 90
stats: request 216 15340.288015860098 9354.126118379587 35078.60888671875 1.344970703125 5030.218179806065 2751
stats: connect 1 28.43603515625 0.0 137.296142578125 0.890869140625 2.2434875207013247 434
stats: page 196 15874.815491968271 9721.54109512128 40059.805908203125 1.448974609375 5217.038062182274 2631
stats: 302 25 280
stats: 200 141 2291
stats: size_rcv 27952432 346423367
stats: newphase 0 3
stats: size_sent 152866 1992440
stats: connected -8 344
stats: 503 39 359
stats: 500 1 29
stats: 404 8 8
# stats: dump at 1480609811
stats: users 336 374
stats: {freemem,"tsung_controller@ip-172-31-13-122"} 1 3101.65234375 0.0 3155.21875 3101.65234375 3136.32763671875 16
stats: {load,"tsung_controller@ip-172-31-13-122"} 1 0.1796875 0.0 0.21875 0.0 0.06494140625 16
stats: {recvpackets,"tsung_controller@ip-172-31-13-122"} 1 16769.0 0.0 31483 1858 15499.066666666668 15
stats: {sentpackets,"tsung_controller@ip-172-31-13-122"} 1 8410.0 0.0 15895 966 7859.133333333333 15
stats: {cpu,"tsung_controller@ip-172-31-13-122"} 1 7.156862745098039 0.0 12.968299711815561 1.9801980198019802 6.911323064651941 16
stats: session 8 93163.88687133789 21128.342657810248 120232.64404296875 14662.51708984375 55059.10760904948 90
stats: users_count 0 434
stats: finish_users_count 8 98
stats: request 127 14263.360316959892 12056.192344170548 40855.127197265625 1.344970703125 5780.799603664397 2967
stats: connect 0 0 0 137.296142578125 0.890869140625 2.303700273886494 435
stats: page 117 15439.814705612313 12581.599263989525 40855.127197265625 1.448974609375 5955.957190671151 2827
stats: 302 9 289
stats: 200 73 2364
stats: size_rcv 15970336 362393703
stats: newphase 0 3
stats: size_sent 103296 2095736
stats: connected -8 336
stats: 503 45 404
stats: 500 0 29
stats: 404 0 8
# stats: dump at 1480609821
stats: users 324 374
stats: {freemem,"tsung_controller@ip-172-31-13-122"} 1 3101.3046875 0.0 3155.21875 3101.3046875 3134.287913602941 17
stats: {load,"tsung_controller@ip-172-31-13-122"} 1 0.1484375 0.0 0.21875 0.0 0.07169117647058823 17
stats: {recvpackets,"tsung_controller@ip-172-31-13-122"} 1 15662.0 0.0 31483 1858 15578.4375 16
stats: {sentpackets,"tsung_controller@ip-172-31-13-122"} 1 8066.0 0.0 15895 966 7893.5625 16
stats: {cpu,"tsung_controller@ip-172-31-13-122"} 1 6.4833005893909625 0.0 12.968299711815561 1.9801980198019802 6.925766575266417 17
stats: session 12 96029.2998046875 18048.60858471163 138770.59692382813 14662.51708984375 58169.70183454241 98
stats: users_count 0 434
stats: finish_users_count 12 110
stats: request 174 14946.549702260687 12208.986283327811 44496.85009765625 1.344970703125 6128.984868883701 3094
stats: connect 0 0 0 137.296142578125 0.890869140625 2.303700273886494 435
stats: page 156 15847.109985351563 13166.185489595044 54200.09619140625 1.448974609375 6332.863212834234 2944
stats: 302 18 307
stats: 200 86 2450
stats: size_rcv 22312209 384705912
stats: newphase 0 3
stats: size_sent 112238 2207974
stats: connected -11 325
stats: 503 60 464
stats: 500 2 31
stats: 404 8 16
# stats: dump at 1480609831
stats: users 309 374
stats: {freemem,"tsung_controller@ip-172-31-13-122"} 1 3101.07421875 0.0 3155.21875 3101.07421875 3132.455512152778 18
stats: {load,"tsung_controller@ip-172-31-13-122"} 1 0.19921875 0.0 0.21875 0.0 0.0759548611111111 18
stats: {recvpackets,"tsung_controller@ip-172-31-13-122"} 1 14572.0 0.0 31483 1858 15583.35294117647 17
stats: {sentpackets,"tsung_controller@ip-172-31-13-122"} 1 7649.0 0.0 15895 966 7903.705882352941 17
stats: {cpu,"tsung_controller@ip-172-31-13-122"} 1 6.391347099311701 0.0 12.968299711815561 1.9801980198019802 6.90118513160667 18
stats: session 15 101959.05146484375 13602.143513159574 138770.59692382813 14662.51708984375 62299.83979492188 110
stats: users_count 0 434
stats: finish_users_count 15 125
stats: request 190 16070.077596885287 12234.687369789102 44974.595947265625 1.344970703125 6598.463535042696 3268
stats: connect 0 0 0 137.296142578125 0.890869140625 2.303700273886494 435
stats: page 177 17441.500190346927 13276.58270209664 54200.09619140625 1.448974609375 6811.644663322202 3100
stats: 302 44 351
stats: 200 140 2590
stats: size_rcv 22888078 407593990
stats: newphase 0 3
stats: size_sent 105438 2313412
stats: connected -16 309
stats: 503 0 464
stats: 500 3 34
stats: 404 3 19
# stats: dump at 1480609841
stats: users 256 374
stats: {freemem,"tsung_controller@ip-172-31-13-122"} 1 3101.20703125 0.0 3155.21875 3101.07421875 3130.8038651315787 19
stats: {load,"tsung_controller@ip-172-31-13-122"} 1 0.171875 0.0 0.21875 0.0 0.08244243421052631 19
stats: {recvpackets,"tsung_controller@ip-172-31-13-122"} 1 16852.0 0.0 31483 1858 15527.166666666666 18
stats: {sentpackets,"tsung_controller@ip-172-31-13-122"} 1 8875.0 0.0 15895 966 7889.555555555556 18
stats: {cpu,"tsung_controller@ip-172-31-13-122"} 1 7.247796278158668 0.0 12.968299711815561 1.9801980198019802 6.874351550959567 19
stats: session 53 99908.98582602447 12973.713810777135 141700.27807617188 14662.51708984375 67058.9451953125 125
stats: users_count 0 434
stats: finish_users_count 53 178
stats: request 345 6293.7140978826965 10968.748108939588 44974.595947265625 1.344970703125 7118.881890088992 3458
stats: connect 0 0 0 137.296142578125 0.890869140625 2.303700273886494 435
stats: page 301 7558.861077495588 12413.448710052238 54200.09619140625 1.448974609375 7385.793100393725 3277
stats: 302 137 488
stats: 200 197 2787
stats: size_rcv 24887324 432481314
stats: newphase 0 3
stats: size_sent 213376 2526788
stats: connected -53 256
stats: 503 8 472
stats: 500 0 34
stats: 404 3 22
# stats: dump at 1480609851
stats: users 226 374
stats: {freemem,"tsung_controller@ip-172-31-13-122"} 1 3101.24609375 0.0 3155.21875 3101.07421875 3129.3240234375 20
stats: {load,"tsung_controller@ip-172-31-13-122"} 1 0.2109375 0.0 0.21875 0.0 0.0869140625 20
stats: {recvpackets,"tsung_controller@ip-172-31-13-122"} 1 14545.0 0.0 31483 1858 15596.894736842105 19
stats: {sentpackets,"tsung_controller@ip-172-31-13-122"} 1 7995.0 0.0 15895 966 7941.421052631579 19
stats: {cpu,"tsung_controller@ip-172-31-13-122"} 1 6.995073891625616 0.0 12.968299711815561 1.9801980198019802 6.893023787319521 20
stats: session 30 107072.06468098958 21741.17430697198 156533.09887695313 14662.51708984375 76840.13706850202 178
stats: users_count 0 434
stats: finish_users_count 30 208
stats: request 170 16320.030246151195 18159.100980068604 50402.211181640625 1.344970703125 7044.0244385215 3803
stats: connect 0 0 0 137.296142578125 0.890869140625 2.303700273886494 435
stats: page 144 18088.008855183914 19107.810383104712 59390.241943359375 1.448974609375 7400.352480244943 3578
stats: 302 74 562
stats: 200 89 2876
stats: size_rcv 13881626 446362940
stats: newphase 0 3
stats: size_sent 111150 2637938
stats: connected -29 227
stats: 503 0 472
stats: 500 1 35
stats: 404 6 28
# stats: dump at 1480609861
stats: users 215 374
stats: {freemem,"tsung_controller@ip-172-31-13-122"} 1 3101.10546875 0.0 3155.21875 3101.07421875 3127.9869791666665 21
stats: {load,"tsung_controller@ip-172-31-13-122"} 1 0.1796875 0.0 0.21875 0.0 0.09281994047619048 21
stats: {recvpackets,"tsung_controller@ip-172-31-13-122"} 1 8277.0 0.0 31483 1858 15544.3 20
stats: {sentpackets,"tsung_controller@ip-172-31-13-122"} 1 4284.0 0.0 15895 966 7944.1 20
stats: {cpu,"tsung_controller@ip-172-31-13-122"} 1 4.121687929342492 0.0 12.968299711815561 1.9801980198019802 6.897883316096002 21
stats: session 11 102484.8671875 8757.231562746383 156533.09887695313 14662.51708984375 81200.51124338004 208
stats: users_count 0 434
stats: finish_users_count 11 219
stats: request 56 12464.82727922712 17588.639695756287 59617.3759765625 1.344970703125 7440.933823695688 3973
stats: connect 0 0 0 137.296142578125 0.890869140625 2.303700273886494 435
stats: page 48 14585.276713053385 18602.91626105644 59617.3759765625 1.448974609375 7813.845902596156 3722
stats: 302 27 589
stats: 504 2 2
stats: 200 26 2902
stats: size_rcv 4237829 450600769
stats: newphase 0 3
stats: size_sent 54348 2692286
stats: connected -11 216
stats: 503 0 472
stats: 500 1 36
stats: 404 0 28
# stats: dump at 1480609871
stats: users 211 374
stats: {freemem,"tsung_controller@ip-172-31-13-122"} 1 3101.14453125 0.0 3155.21875 3101.07421875 3126.7650923295455 22
stats: {load,"tsung_controller@ip-172-31-13-122"} 1 0.1484375 0.0 0.21875 0.0 0.09676846590909091 22
stats: {recvpackets,"tsung_controller@ip-172-31-13-122"} 1 5342.0 0.0 31483 1858 15198.238095238095 21
stats: {sentpackets,"tsung_controller@ip-172-31-13-122"} 1 2748.0 0.0 15895 966 7769.809523809524 21
stats: {cpu,"tsung_controller@ip-172-31-13-122"} 1 2.766798418972332 0.0 12.968299711815561 1.9801980198019802 6.7716926166981155 22
stats: session 4 115909.72399902344 4522.165800553409 156533.09887695313 14662.51708984375 82269.5884825824 219
stats: users_count 0 434
stats: finish_users_count 4 223
stats: request 69 26357.64436495132 21600.288813875864 59958.932861328125 1.344970703125 7510.762077234968 4029
stats: connect 0 0 0 137.296142578125 0.890869140625 2.303700273886494 435
stats: page 56 31347.552150181367 24318.862798472095 75520.07885742188 1.448974609375 7900.060406283675 3770
stats: 302 25 614
stats: 504 5 7
stats: 200 35 2937
stats: size_rcv 6414523 457015292
stats: newphase 0 3
stats: size_sent 47999 2740285
stats: connected -5 211
stats: 503 0 472
stats: 500 2 38
stats: 404 2 30
# stats: dump at 1480609881
stats: users 204 374
stats: {freemem,"tsung_controller@ip-172-31-13-122"} 1 3101.13671875 0.0 3155.21875 3101.07421875 3125.6511548913045 23
stats: {load,"tsung_controller@ip-172-31-13-122"} 1 0.12890625 0.0 0.21875 0.0 0.09901494565217392 23
stats: {recvpackets,"tsung_controller@ip-172-31-13-122"} 1 2064.0 0.0 31483 1858 14750.227272727272 22
stats: {sentpackets,"tsung_controller@ip-172-31-13-122"} 1 1233.0 0.0 15895 966 7541.545454545455 22
stats: {cpu,"tsung_controller@ip-172-31-13-122"} 1 1.9762845849802373 0.0 12.968299711815561 1.9762845849802373 6.597566782014386 23
stats: session 7 144117.21173967634 26466.488947112743 182538.58911132813 14662.51708984375 82872.99898511947 223
stats: users_count 0 434
stats: finish_users_count 7 230
stats: request 64 31415.95294570923 15494.513930608953 59958.932861328125 1.344970703125 7828.096112826092 4098
stats: connect 0 0 0 137.296142578125 0.890869140625 2.303700273886494 435
stats: page 57 33965.65576171876 17551.694115961673 78434.82397460938 1.448974609375 8243.254221667436 3826
stats: 302 19 633
stats: 504 0 7
stats: 200 43 2980
stats: size_rcv 4218264 461233556
stats: newphase 0 3
stats: size_sent 46099 2786384
stats: connected -7 204
stats: 503 0 472
stats: 500 2 40
stats: 404 0 30
# stats: dump at 1480609891
stats: users 201 374
stats: {freemem,"tsung_controller@ip-172-31-13-122"} 1 3101.16015625 0.0 3155.21875 3101.07421875 3124.6297200520835 24
stats: {load,"tsung_controller@ip-172-31-13-122"} 1 0.109375 0.0 0.21875 0.0 0.10026041666666667 24
stats: {recvpackets,"tsung_controller@ip-172-31-13-122"} 1 2760.0 0.0 31483 1858 14198.652173913044 23
stats: {sentpackets,"tsung_controller@ip-172-31-13-122"} 1 1491.0 0.0 15895 966 7267.260869565217 23
stats: {cpu,"tsung_controller@ip-172-31-13-122"} 1 2.9382957884427032 0.0 12.968299711815561 1.9762845849802373 6.405013357137964 24
stats: session 3 141069.49894205728 4325.29518214845 182538.58911132813 14662.51708984375 84736.9532863451 230
stats: users_count 0 434
stats: finish_users_count 3 233
stats: request 75 38133.418971354164 12054.72745339539 59993.383056640625 1.344970703125 8190.811835388447 4162
stats: connect 0 0 0 137.296142578125 0.890869140625 2.303700273886494 435
stats: page 65 42498.52450045074 12494.738541663604 85932.73706054688 1.448974609375 8620.842912829663 3883
stats: 302 19 652
stats: 504 9 16
stats: 200 45 3025
stats: size_rcv 5279761 466513317
stats: newphase 0 3
stats: size_sent 45938 2832322
stats: connected -3 201
stats: 503 0 472
stats: 500 2 42
stats: 404 0 30
# stats: dump at 1480609901
stats: users 148 374
stats: {freemem,"tsung_controller@ip-172-31-13-122"} 1 3101.01953125 0.0 3155.21875 3101.01953125 3123.6909375 25
stats: {load,"tsung_controller@ip-172-31-13-122"} 1 0.08984375 0.0 0.21875 0.0 0.100625 25
stats: {recvpackets,"tsung_controller@ip-172-31-13-122"} 1 4105.0 0.0 31483 1858 13722.041666666666 24
stats: {sentpackets,"tsung_controller@ip-172-31-13-122"} 1 2264.0 0.0 15895 966 7026.583333333333 24
stats: {cpu,"tsung_controller@ip-172-31-13-122"} 1 3.143418467583497 0.0 12.968299711815561 1.9762845849802373 6.266344654390154 25
stats: session 53 172394.61278375593 17187.109495344248 212050.751953125 14662.51708984375 85462.26503298517 233
stats: users_count 0 434
stats: finish_users_count 53 286
stats: request 349 12487.054989003178 14184.193900499034 59993.383056640625 1.344970703125 8720.832023067804 4237
stats: connect 0 0 0 137.296142578125 0.890869140625 2.303700273886494 435
stats: page 312 16160.017038198612 18247.013480056863 94226.15502929688 1.448974609375 9178.606160852807 3948
stats: 302 132 784
stats: 504 1 17
stats: 200 214 3239
stats: size_rcv 16233545 482746862
stats: newphase 0 3
stats: size_sent 154510 2986832
stats: connected -48 153
stats: 503 0 472
stats: 500 0 42
stats: 404 2 32
# stats: dump at 1480609911
stats: users 68 374
stats: {freemem,"tsung_controller@ip-172-31-13-122"} 1 3101.5703125 0.0 3155.21875 3101.01953125 3122.8189603365386 26
stats: {load,"tsung_controller@ip-172-31-13-122"} 1 0.078125 0.0 0.21875 0.0 0.10021033653846154 26
stats: {recvpackets,"tsung_controller@ip-172-31-13-122"} 1 14681.0 0.0 31483 1858 13337.36 25
stats: {sentpackets,"tsung_controller@ip-172-31-13-122"} 1 8655.0 0.0 15895 966 6836.08 25
stats: {cpu,"tsung_controller@ip-172-31-13-122"} 1 8.88671875 0.0 12.968299711815561 1.9762845849802373 6.146232108743744 26
stats: session 80 163864.70394592284 14089.88741692111 212050.751953125 14662.51708984375 101572.10570008605 286
stats: users_count 0 434
stats: finish_users_count 80 366
stats: request 389 901.238906978029 5307.136820410209 59993.383056640625 1.344970703125 9007.446025490708 4586
stats: connect 0 0 0 137.296142578125 0.890869140625 2.303700273886494 435
stats: page 329 1154.2043182465807 5832.819869084066 94226.15502929688 1.448974609375 9689.920760320387 4260
stats: 302 225 1009
stats: 504 0 17
stats: 200 161 3400
stats: size_rcv 8624754 491371616
stats: newphase 0 3
stats: size_sent 253976 3240808
stats: connected -83 70
stats: 503 0 472
stats: 500 2 44
stats: 404 1 33
# stats: dump at 1480609921
stats: users 29 374
stats: {freemem,"tsung_controller@ip-172-31-13-122"} 1 3101.625 0.0 3155.21875 3101.01953125 3122.0319733796296 27
stats: {load,"tsung_controller@ip-172-31-13-122"} 1 0.0703125 0.0 0.21875 0.0 0.0993923611111111 27
stats: {recvpackets,"tsung_controller@ip-172-31-13-122"} 1 3375.0 0.0 31483 1858 13389.038461538461 26
stats: {sentpackets,"tsung_controller@ip-172-31-13-122"} 1 2193.0 0.0 15895 966 6906.038461538462 26
stats: {cpu,"tsung_controller@ip-172-31-13-122"} 1 3.9215686274509802 0.0 12.968299711815561 1.9762845849802373 6.247731613975457 27
stats: session 39 169522.08695788262 11681.621811420055 212050.751953125 14662.51708984375 115187.97416912141 366
stats: users_count 0 434
stats: finish_users_count 39 405
stats: request 143 15.94477470771418 3.3812509262854022 59993.383056640625 1.344970703125 8373.613951299467 4975
stats: connect 0 0 0 137.296142578125 0.890869140625 2.303700273886494 435
stats: page 113 20.209334381913724 6.692042003454516 94226.15502929688 1.448974609375 9077.968110627147 4589
stats: 302 103 1112
stats: 504 0 17
stats: 200 40 3440
stats: size_rcv 1263294 492634910
stats: newphase 0 3
stats: size_sent 108692 3349500
stats: connected -40 30
stats: 503 0 472
stats: 500 0 44
stats: 404 0 33
# stats: dump at 1480609931
stats: users 9 374
stats: {freemem,"tsung_controller@ip-172-31-13-122"} 1 3101.8515625 0.0 3155.21875 3101.01953125 3121.303152901786 28
stats: {load,"tsung_controller@ip-172-31-13-122"} 1 0.05859375 0.0 0.21875 0.0 0.09835379464285714 28
stats: {recvpackets,"tsung_controller@ip-172-31-13-122"} 1 690.0 0.0 31483 690 13018.148148148148 27
stats: {sentpackets,"tsung_controller@ip-172-31-13-122"} 1 557.0 0.0 15895 557 6731.481481481482 27
stats: {cpu,"tsung_controller@ip-172-31-13-122"} 1 2.066929133858268 0.0 12.968299711815561 1.9762845849802373 6.164654364456725 28
stats: session 20 177316.88771972657 11147.182620262962 212050.751953125 14662.51708984375 120420.14799322434 405
stats: users_count 0 434
stats: finish_users_count 20 425
stats: request 65 16.514892578125007 3.157749204923627 59993.383056640625 1.344970703125 8140.095644880433 5118
stats: connect 0 0 0 137.296142578125 0.890869140625 2.303700273886494 435
stats: page 52 20.675006573016827 7.001058564723958 94226.15502929688 1.448974609375 8860.28909282287 4702
stats: 302 52 1164
stats: 504 0 17
stats: 200 13 3453
stats: size_rcv 375726 493010636
stats: newphase 0 3
stats: size_sent 50170 3399670
stats: connected -20 10
stats: 503 0 472
stats: 500 0 44
stats: 404 0 33
# stats: dump at 1480609941
stats: users 2 374
stats: {freemem,"tsung_controller@ip-172-31-13-122"} 1 3118.69921875 0.0 3155.21875 3101.01953125 3120.6324084051726 29
stats: {load,"tsung_controller@ip-172-31-13-122"} 1 0.05078125 0.0 0.21875 0.0 0.09698275862068965 29
stats: {recvpackets,"tsung_controller@ip-172-31-13-122"} 1 237.0 0.0 31483 237 12577.857142857143 28
stats: {sentpackets,"tsung_controller@ip-172-31-13-122"} 1 212.0 0.0 15895 212 6510.964285714285 28
stats: {cpu,"tsung_controller@ip-172-31-13-122"} 1 1.2871287128712872 0.0 12.968299711815561 1.2871287128712872 6.023353494436089 29
stats: session 7 183079.15032087054 7580.4775436415985 212050.751953125 14662.51708984375 123097.64162741268 425
stats: users_count 0 434
stats: finish_users_count 7 432
stats: request 20 16.6859375 3.0007187095665846 59993.383056640625 1.344970703125 8038.217823367862 5183
stats: connect 0 0 0 137.296142578125 0.890869140625 2.303700273886494 435
stats: page 16 20.889434814453125 6.135965500704695 94226.15502929688 1.448974609375 8763.600003112102 4754
stats: 302 16 1180
stats: 504 0 17
stats: 200 4 3457
stats: size_rcv 113845 493124481
stats: newphase 0 3
stats: size_sent 15208 3414878
stats: connected -8 2
stats: 503 0 472
stats: 500 0 44
stats: 404 0 33
# stats: dump at 1480609950
stats: users 0 374
stats: {freemem,"tsung_controller@ip-172-31-13-122"} 1 3125.109375 0.0 3155.21875 3101.01953125 3120.56796875 30
stats: {load,"tsung_controller@ip-172-31-13-122"} 1 0.0390625 0.0 0.21875 0.0 0.09544270833333333 30
stats: {recvpackets,"tsung_controller@ip-172-31-13-122"} 1 54.0 0.0 31483 54 12152.310344827587 29
stats: {sentpackets,"tsung_controller@ip-172-31-13-122"} 1 50.0 0.0 15895 50 6293.758620689655 29
stats: {cpu,"tsung_controller@ip-172-31-13-122"} 1 1.1799410029498525 0.0 12.968299711815561 1.1799410029498525 5.865479335050596 30
stats: session 2 203432.6190185547 6431.9798583984375 212050.751953125 14662.51708984375 124069.5642219826 432
stats: users_count 0 434
stats: finish_users_count 2 434
stats: request 5 16.877783203125 2.027297770836914 59993.383056640625 1.344970703125 8007.383566647248 5203
stats: connect 0 0 0 137.296142578125 0.890869140625 2.303700273886494 435
stats: page 4 21.1307373046875 5.435949582730402 94226.15502929688 1.448974609375 8734.274349214249 4770
stats: 302 4 1184
stats: 504 0 17
stats: 200 1 3458
stats: size_rcv 28256 493152737
stats: newphase 0 3
stats: size_sent 3802 3418680
stats: connected -2 0
stats: 503 0 472
stats: 500 0 44
stats: 404 0 33
EndMonitor:{1480,609950,29713}
