
=INFO REPORT==== 1-Dec-2016::16:27:21 ===
    ts_config_server:(5:<0.55.0>) Config server started, logdir is "/home/ec2-user/.tsung/log/20161201-1627"
 
=INFO REPORT==== 1-Dec-2016::16:27:21 ===
              ts_mon:(5:<0.54.0>) starting monitor, global 

=INFO REPORT==== 1-Dec-2016::16:27:21 ===
           ts_config:(5:<0.55.0>) Reading config file: complete.xml

=INFO REPORT==== 1-Dec-2016::16:27:21 ===
      ts_config_http:(4:<0.55.0>) Get user agent: 100 "Mozilla/5.0 (Windows; U; Windows NT 5.2; fr-FR; rv:1.7.8) Gecko/20050511 Firefox/1.0.4" 

=INFO REPORT==== 1-Dec-2016::16:27:21 ===
           ts_config:(5:<0.55.0>) Session name for id 1 is "complete-test"

=INFO REPORT==== 1-Dec-2016::16:27:21 ===
    ts_config_server:(4:<0.55.0>) SYSINFO:Tsung version: 1.6.0

=INFO REPORT==== 1-Dec-2016::16:27:21 ===
    ts_config_server:(4:<0.55.0>) SYSINFO:Erlang version: Erlang R14B04 (erts-5.8.5) [source] [64-bit] [rq:1] [async-threads:8] [kernel-poll:true]


=INFO REPORT==== 1-Dec-2016::16:27:21 ===
    ts_config_server:(4:<0.55.0>) SYSINFO:System architecture x86_64-redhat-linux-gnu

=INFO REPORT==== 1-Dec-2016::16:27:21 ===
    ts_config_server:(4:<0.55.0>) SYSINFO:Current path: /usr/lib/erlang/lib/tsung-1.6.0/ebin/tsung.beam

=INFO REPORT==== 1-Dec-2016::16:27:21 ===
              ts_mon:(5:<0.56.0>) Activate clients with text backend

=INFO REPORT==== 1-Dec-2016::16:27:21 ===
              ts_mon:(5:<0.56.0>) Starting tsung clients on hosts: [localhost]

=INFO REPORT==== 1-Dec-2016::16:27:21 ===
    ts_config_server:(5:<0.55.0>) Start a launcher on the controller beam localhost

=INFO REPORT==== 1-Dec-2016::16:27:21 ===
  ts_launcher_static:(5:<0.111.0>) Launch msg receive ("localhost")

=INFO REPORT==== 1-Dec-2016::16:27:21 ===
         ts_launcher:(5:<0.112.0>) Launch msg receive ("localhost")

=INFO REPORT==== 1-Dec-2016::16:27:21 ===
    ts_config_server:(5:<0.55.0>) All remote beams started, syncing 

=INFO REPORT==== 1-Dec-2016::16:27:21 ===
    ts_config_server:(5:<0.55.0>) Undefined ports_range config 

=INFO REPORT==== 1-Dec-2016::16:27:21 ===
    ts_config_server:(5:<0.55.0>) New arrival phase 1 for client "localhost" (last ? true): will start 30 users

=INFO REPORT==== 1-Dec-2016::16:27:21 ===
    ts_config_server:(5:<0.55.0>) New arrival phase 2 for client "localhost" (last ? true): will start 60 users

=INFO REPORT==== 1-Dec-2016::16:27:21 ===
    ts_config_server:(5:<0.55.0>) New arrival phase 3 for client "localhost" (last ? true): will start 120 users

=INFO REPORT==== 1-Dec-2016::16:27:21 ===
    ts_config_server:(5:<0.55.0>) New arrival phase 4 for client "localhost" (last ? true): will start 240 users

=INFO REPORT==== 1-Dec-2016::16:27:21 ===
         ts_launcher:(5:<0.112.0>) Expected duration of first phase: 30.0 sec (30 users) 

=INFO REPORT==== 1-Dec-2016::16:27:22 ===
         ts_launcher:(5:<0.112.0>) Activate launcher (30 users) in 1597 msec 

=INFO REPORT==== 1-Dec-2016::16:27:54 ===
         ts_launcher:(5:<0.112.0>) Phase duration exceeded, but not all users were launched (6 users, 20.0% of phase)

=INFO REPORT==== 1-Dec-2016::16:27:54 ===
         ts_launcher:(5:<0.112.0>) Start a new arrival phase (60 users, 0.002); expected duration=30.0 sec

=INFO REPORT==== 1-Dec-2016::16:28:20 ===
         ts_launcher:(4:<0.112.0>) Need to wait 3.97 sec before changing phase, going to sleep

=INFO REPORT==== 1-Dec-2016::16:28:24 ===
         ts_launcher:(5:<0.112.0>) Waking up

=INFO REPORT==== 1-Dec-2016::16:28:24 ===
         ts_launcher:(5:<0.112.0>) Start a new arrival phase (120 users, 0.004); expected duration=30.0 sec

=INFO REPORT==== 1-Dec-2016::16:28:54 ===
         ts_launcher:(5:<0.112.0>) Phase duration exceeded, but not all users were launched (3 users, 2.5% of phase)

=INFO REPORT==== 1-Dec-2016::16:28:54 ===
         ts_launcher:(5:<0.112.0>) Start a new arrival phase (240 users, 0.008); expected duration=30.0 sec

=INFO REPORT==== 1-Dec-2016::16:29:24 ===
         ts_launcher:(5:<0.112.0>) Phase duration exceeded, but not all users were launched (7 users, 2.9% of phase)

=INFO REPORT==== 1-Dec-2016::16:29:24 ===
         ts_launcher:(5:<0.112.0>) This was the last phase, wait for connected users to finish their session

=INFO REPORT==== 1-Dec-2016::16:29:25 ===
           ts_search:(5:<0.215.0>) Dyn Var (RE): no Match (varname=created_news_id), 

=INFO REPORT==== 1-Dec-2016::16:29:25 ===
           ts_search:(5:<0.215.0>) Dyn Var (RE): no Match (varname=created_news_url), 

=INFO REPORT==== 1-Dec-2016::16:29:29 ===
           ts_search:(5:<0.233.0>) Dyn Var (RE): no Match (varname=created_news_id), 

=INFO REPORT==== 1-Dec-2016::16:29:29 ===
           ts_search:(5:<0.233.0>) Dyn Var (RE): no Match (varname=created_news_url), 

=INFO REPORT==== 1-Dec-2016::16:29:30 ===
           ts_search:(5:<0.251.0>) Dyn Var (RE): no Match (varname=created_news_id), 

=INFO REPORT==== 1-Dec-2016::16:29:30 ===
           ts_search:(5:<0.251.0>) Dyn Var (RE): no Match (varname=created_news_url), 

=INFO REPORT==== 1-Dec-2016::16:29:37 ===
           ts_search:(5:<0.247.0>) Dyn Var (RE): no Match (varname=created_news_id), 

=INFO REPORT==== 1-Dec-2016::16:29:37 ===
           ts_search:(5:<0.247.0>) Dyn Var (RE): no Match (varname=created_news_url), 

=INFO REPORT==== 1-Dec-2016::16:29:40 ===
           ts_search:(5:<0.224.0>) Dyn Var (RE): no Match (varname=created_news_id), 

=INFO REPORT==== 1-Dec-2016::16:29:40 ===
           ts_search:(5:<0.224.0>) Dyn Var (RE): no Match (varname=created_news_url), 

=INFO REPORT==== 1-Dec-2016::16:29:40 ===
           ts_search:(5:<0.196.0>) Dyn Var (RE): no Match (varname=created_news_id), 

=INFO REPORT==== 1-Dec-2016::16:29:40 ===
           ts_search:(5:<0.196.0>) Dyn Var (RE): no Match (varname=created_news_url), 

=INFO REPORT==== 1-Dec-2016::16:29:41 ===
           ts_search:(5:<0.297.0>) Dyn Var (RE): no Match (varname=created_news_id), 

=INFO REPORT==== 1-Dec-2016::16:29:41 ===
           ts_search:(5:<0.297.0>) Dyn Var (RE): no Match (varname=created_news_url), 

=INFO REPORT==== 1-Dec-2016::16:29:42 ===
           ts_search:(5:<0.193.0>) Dyn Var (RE): no Match (varname=created_news_id), 

=INFO REPORT==== 1-Dec-2016::16:29:42 ===
           ts_search:(5:<0.193.0>) Dyn Var (RE): no Match (varname=created_news_url), 

=INFO REPORT==== 1-Dec-2016::16:29:42 ===
           ts_search:(5:<0.174.0>) Dyn Var (RE): no Match (varname=created_news_id), 

=INFO REPORT==== 1-Dec-2016::16:29:42 ===
           ts_search:(5:<0.174.0>) Dyn Var (RE): no Match (varname=created_news_url), 

=INFO REPORT==== 1-Dec-2016::16:29:42 ===
           ts_search:(5:<0.231.0>) Dyn Var (RE): no Match (varname=created_news_id), 

=INFO REPORT==== 1-Dec-2016::16:29:42 ===
           ts_search:(5:<0.231.0>) Dyn Var (RE): no Match (varname=created_news_url), 

=INFO REPORT==== 1-Dec-2016::16:29:43 ===
           ts_search:(5:<0.272.0>) Dyn Var (RE): no Match (varname=created_news_id), 

=INFO REPORT==== 1-Dec-2016::16:29:43 ===
           ts_search:(5:<0.272.0>) Dyn Var (RE): no Match (varname=created_news_url), 

=INFO REPORT==== 1-Dec-2016::16:29:43 ===
           ts_search:(5:<0.227.0>) Dyn Var (RE): no Match (varname=created_news_id), 

=INFO REPORT==== 1-Dec-2016::16:29:43 ===
           ts_search:(5:<0.227.0>) Dyn Var (RE): no Match (varname=created_news_url), 

=INFO REPORT==== 1-Dec-2016::16:29:44 ===
           ts_search:(5:<0.234.0>) Dyn Var (RE): no Match (varname=created_news_id), 

=INFO REPORT==== 1-Dec-2016::16:29:44 ===
           ts_search:(5:<0.234.0>) Dyn Var (RE): no Match (varname=created_news_url), 

=INFO REPORT==== 1-Dec-2016::16:29:44 ===
           ts_search:(5:<0.250.0>) Dyn Var (RE): no Match (varname=created_news_id), 

=INFO REPORT==== 1-Dec-2016::16:29:44 ===
           ts_search:(5:<0.250.0>) Dyn Var (RE): no Match (varname=created_news_url), 

=INFO REPORT==== 1-Dec-2016::16:29:49 ===
           ts_search:(5:<0.406.0>) Dyn Var (RE): no Match (varname=created_news_id), 

=INFO REPORT==== 1-Dec-2016::16:29:49 ===
           ts_search:(5:<0.406.0>) Dyn Var (RE): no Match (varname=created_news_url), 

=INFO REPORT==== 1-Dec-2016::16:29:49 ===
           ts_search:(5:<0.474.0>) Dyn Var (RE): no Match (varname=created_news_id), 

=INFO REPORT==== 1-Dec-2016::16:29:49 ===
           ts_search:(5:<0.474.0>) Dyn Var (RE): no Match (varname=created_news_url), 

=INFO REPORT==== 1-Dec-2016::16:29:49 ===
           ts_search:(5:<0.225.0>) Dyn Var (RE): no Match (varname=created_news_id), 

=INFO REPORT==== 1-Dec-2016::16:29:49 ===
           ts_search:(5:<0.225.0>) Dyn Var (RE): no Match (varname=created_news_url), 

=INFO REPORT==== 1-Dec-2016::16:29:50 ===
           ts_search:(5:<0.221.0>) Dyn Var (RE): no Match (varname=created_news_id), 

=INFO REPORT==== 1-Dec-2016::16:29:50 ===
           ts_search:(5:<0.221.0>) Dyn Var (RE): no Match (varname=created_news_url), 

=INFO REPORT==== 1-Dec-2016::16:29:50 ===
           ts_search:(5:<0.286.0>) Dyn Var (RE): no Match (varname=created_news_id), 

=INFO REPORT==== 1-Dec-2016::16:29:50 ===
           ts_search:(5:<0.286.0>) Dyn Var (RE): no Match (varname=created_news_url), 

=INFO REPORT==== 1-Dec-2016::16:29:51 ===
           ts_search:(5:<0.290.0>) Dyn Var (RE): no Match (varname=created_news_id), 

=INFO REPORT==== 1-Dec-2016::16:29:51 ===
           ts_search:(5:<0.290.0>) Dyn Var (RE): no Match (varname=created_news_url), 

=INFO REPORT==== 1-Dec-2016::16:29:53 ===
           ts_search:(5:<0.362.0>) Dyn Var (RE): no Match (varname=created_news_id), 

=INFO REPORT==== 1-Dec-2016::16:29:53 ===
           ts_search:(5:<0.362.0>) Dyn Var (RE): no Match (varname=created_news_url), 

=INFO REPORT==== 1-Dec-2016::16:29:53 ===
           ts_search:(5:<0.162.0>) Dyn Var (RE): no Match (varname=created_news_id), 

=INFO REPORT==== 1-Dec-2016::16:29:53 ===
           ts_search:(5:<0.162.0>) Dyn Var (RE): no Match (varname=created_news_url), 

=INFO REPORT==== 1-Dec-2016::16:29:55 ===
           ts_search:(5:<0.230.0>) Dyn Var (RE): no Match (varname=created_news_id), 

=INFO REPORT==== 1-Dec-2016::16:29:55 ===
           ts_search:(5:<0.230.0>) Dyn Var (RE): no Match (varname=created_news_url), 

=INFO REPORT==== 1-Dec-2016::16:29:59 ===
           ts_search:(5:<0.239.0>) Dyn Var (RE): no Match (varname=created_news_id), 

=INFO REPORT==== 1-Dec-2016::16:29:59 ===
           ts_search:(5:<0.239.0>) Dyn Var (RE): no Match (varname=created_news_url), 

=INFO REPORT==== 1-Dec-2016::16:30:04 ===
           ts_search:(5:<0.471.0>) Dyn Var (RE): no Match (varname=created_news_id), 

=INFO REPORT==== 1-Dec-2016::16:30:04 ===
           ts_search:(5:<0.471.0>) Dyn Var (RE): no Match (varname=created_news_url), 

=INFO REPORT==== 1-Dec-2016::16:30:05 ===
           ts_search:(5:<0.404.0>) Dyn Var (RE): no Match (varname=created_news_id), 

=INFO REPORT==== 1-Dec-2016::16:30:05 ===
           ts_search:(5:<0.404.0>) Dyn Var (RE): no Match (varname=created_news_url), 

=INFO REPORT==== 1-Dec-2016::16:30:06 ===
           ts_search:(5:<0.381.0>) Dyn Var (RE): no Match (varname=created_news_id), 

=INFO REPORT==== 1-Dec-2016::16:30:06 ===
           ts_search:(5:<0.381.0>) Dyn Var (RE): no Match (varname=created_news_url), 

=INFO REPORT==== 1-Dec-2016::16:30:08 ===
           ts_search:(5:<0.194.0>) Dyn Var (RE): no Match (varname=created_news_id), 

=INFO REPORT==== 1-Dec-2016::16:30:08 ===
           ts_search:(5:<0.194.0>) Dyn Var (RE): no Match (varname=created_news_url), 

=INFO REPORT==== 1-Dec-2016::16:30:11 ===
           ts_search:(5:<0.329.0>) Dyn Var (RE): no Match (varname=created_news_id), 

=INFO REPORT==== 1-Dec-2016::16:30:11 ===
           ts_search:(5:<0.329.0>) Dyn Var (RE): no Match (varname=created_news_url), 

=INFO REPORT==== 1-Dec-2016::16:30:11 ===
           ts_search:(5:<0.269.0>) Dyn Var (RE): no Match (varname=created_news_id), 

=INFO REPORT==== 1-Dec-2016::16:30:11 ===
           ts_search:(5:<0.269.0>) Dyn Var (RE): no Match (varname=created_news_url), 

=INFO REPORT==== 1-Dec-2016::16:30:14 ===
           ts_search:(5:<0.357.0>) Dyn Var (RE): no Match (varname=created_news_id), 

=INFO REPORT==== 1-Dec-2016::16:30:14 ===
           ts_search:(5:<0.357.0>) Dyn Var (RE): no Match (varname=created_news_url), 

=INFO REPORT==== 1-Dec-2016::16:30:16 ===
           ts_search:(5:<0.377.0>) Dyn Var (RE): no Match (varname=created_news_id), 

=INFO REPORT==== 1-Dec-2016::16:30:16 ===
           ts_search:(5:<0.377.0>) Dyn Var (RE): no Match (varname=created_news_url), 

=INFO REPORT==== 1-Dec-2016::16:30:17 ===
           ts_search:(5:<0.219.0>) Dyn Var (RE): no Match (varname=created_news_id), 

=INFO REPORT==== 1-Dec-2016::16:30:17 ===
           ts_search:(5:<0.219.0>) Dyn Var (RE): no Match (varname=created_news_url), 

=INFO REPORT==== 1-Dec-2016::16:30:19 ===
           ts_search:(5:<0.394.0>) Dyn Var (RE): no Match (varname=created_news_id), 

=INFO REPORT==== 1-Dec-2016::16:30:19 ===
           ts_search:(5:<0.394.0>) Dyn Var (RE): no Match (varname=created_news_url), 

=INFO REPORT==== 1-Dec-2016::16:30:20 ===
           ts_search:(5:<0.524.0>) Dyn Var (RE): no Match (varname=created_news_id), 

=INFO REPORT==== 1-Dec-2016::16:30:20 ===
           ts_search:(5:<0.524.0>) Dyn Var (RE): no Match (varname=created_news_url), 

=INFO REPORT==== 1-Dec-2016::16:30:34 ===
           ts_search:(5:<0.263.0>) Dyn Var (RE): no Match (varname=created_news_id), 

=INFO REPORT==== 1-Dec-2016::16:30:34 ===
           ts_search:(5:<0.263.0>) Dyn Var (RE): no Match (varname=created_news_url), 

=INFO REPORT==== 1-Dec-2016::16:32:29 ===
     ts_launcher_mgr:(5:<0.106.0>) No more active users 'tsung_controller@ip-172-31-13-122' "2825"

=INFO REPORT==== 1-Dec-2016::16:32:30 ===
              ts_mon:(5:<0.56.0>) stopping monitor (normal)
