# stats: dump at 1480593888
stats: users 1 4
stats: {freemem,"tsung_controller@ip-172-31-13-122"} 1 3162.62109375 0 3162.62109375 3162.62109375 0 0
stats: {load,"tsung_controller@ip-172-31-13-122"} 1 0.0 0 0.0 0.0 0 0
stats: {cpu,"tsung_controller@ip-172-31-13-122"} 1 1.320441649121793 0 1.320441649121793 1.320441649121793 0 0
stats: session 9 896.5774468315972 860.0234870041479 2583.1220703125 50.053955078125 0 0
stats: users_count 10 10
stats: finish_users_count 9 9
stats: request 10 18.45712890625 31.878652515053663 114.055908203125 7.161865234375 0 0
stats: connect 10 11.244677734375 31.019463659658893 104.302978515625 0.81103515625 0 0
stats: page 10 18.45712890625 31.878652515053663 114.055908203125 7.161865234375 0 0
stats: 200 10 10
stats: size_rcv 246208 246208
stats: size_sent 1400 1400
stats: connected 1 1
# stats: dump at 1480593898
stats: users 4 5
stats: {freemem,"tsung_controller@ip-172-31-13-122"} 1 3161.66015625 0.0 3162.62109375 3161.66015625 3162.62109375 1
stats: {load,"tsung_controller@ip-172-31-13-122"} 1 0.0 0.0 0.0 0.0 0.0 1
stats: {recvpackets,"tsung_controller@ip-172-31-13-122"} 1 228 0 228 228 0 0
stats: {sentpackets,"tsung_controller@ip-172-31-13-122"} 1 180 0 180 180 0 0
stats: {cpu,"tsung_controller@ip-172-31-13-122"} 1 2.6418786692759295 0.0 2.6418786692759295 1.320441649121793 1.320441649121793 1
stats: session 8 2132.8604125976563 2878.27939883356 9431.14111328125 50.053955078125 896.5774468315972 9
stats: users_count 11 21
stats: finish_users_count 8 17
stats: request 11 7.615545099431818 0.6829499943745596 114.055908203125 7.0478515625 18.45712890625 10
stats: connect 11 0.90576171875 0.01539723239066297 104.302978515625 0.81103515625 11.244677734375 10
stats: page 11 7.615545099431818 0.6829499943745596 114.055908203125 7.0478515625 18.45712890625 10
stats: 200 11 21
stats: size_rcv 270831 517039
stats: size_sent 1540 2940
stats: connected 3 4
# stats: dump at 1480593908
stats: users 2 5
stats: {freemem,"tsung_controller@ip-172-31-13-122"} 1 3161.82421875 0.0 3162.62109375 3161.66015625 3162.140625 2
stats: {load,"tsung_controller@ip-172-31-13-122"} 1 0.0 0.0 0.0 0.0 0.0 2
stats: {recvpackets,"tsung_controller@ip-172-31-13-122"} 1 251.0 0.0 251 228 228.0 1
stats: {sentpackets,"tsung_controller@ip-172-31-13-122"} 1 214.0 0.0 214 180 180.0 1
stats: {cpu,"tsung_controller@ip-172-31-13-122"} 1 1.3793103448275863 0.0 2.6418786692759295 1.320441649121793 1.9811601591988612 2
stats: session 10 2319.3401123046874 1960.2431569898856 9431.14111328125 50.053955078125 1478.357666015625 17
stats: users_count 8 29
stats: finish_users_count 10 27
stats: request 8 7.911163330078125 1.470573391391321 114.055908203125 6.884033203125 12.778204055059524 21
stats: connect 8 0.94635009765625 0.08290225778796428 104.302978515625 0.80908203125 5.829055059523809 21
stats: page 8 7.911163330078125 1.470573391391321 114.055908203125 6.884033203125 12.778204055059524 21
stats: 200 8 29
stats: size_rcv 196968 714007
stats: size_sent 1120 4060
stats: connected -2 2
# stats: dump at 1480593918
stats: users 5 7
stats: {freemem,"tsung_controller@ip-172-31-13-122"} 1 3161.82421875 0.0 3162.62109375 3161.66015625 3162.03515625 3
stats: {load,"tsung_controller@ip-172-31-13-122"} 1 0.0 0.0 0.0 0.0 0.0 3
stats: {recvpackets,"tsung_controller@ip-172-31-13-122"} 1 206.0 0.0 251 206 239.5 2
stats: {sentpackets,"tsung_controller@ip-172-31-13-122"} 1 168.0 0.0 214 168 197.0 2
stats: {cpu,"tsung_controller@ip-172-31-13-122"} 1 1.0869565217391304 0.0 2.6418786692759295 1.0869565217391304 1.7805435544084363 3
stats: session 7 4851.401436941965 5922.061130228701 15468.14892578125 50.053955078125 1789.8326461226852 27
stats: users_count 10 39
stats: finish_users_count 7 34
stats: request 9 7.528537326388889 0.37064995257734057 114.055908203125 6.884033203125 11.435572130926724 29
stats: connect 9 0.9319390190972222 0.05408665760780278 104.302978515625 0.80908203125 4.482101966594827 29
stats: page 9 7.528537326388889 0.37064995257734057 114.055908203125 6.884033203125 11.435572130926724 29
stats: 200 9 38
stats: size_rcv 221589 935596
stats: newphase 1 1
stats: size_sent 1260 5320
stats: connected 2 4
# stats: dump at 1480593928
stats: users 4 7
stats: {freemem,"tsung_controller@ip-172-31-13-122"} 1 3161.69140625 0.0 3162.62109375 3161.66015625 3161.982421875 4
stats: {load,"tsung_controller@ip-172-31-13-122"} 1 0.0 0.0 0.0 0.0 0.0 4
stats: {recvpackets,"tsung_controller@ip-172-31-13-122"} 1 250.0 0.0 251 206 228.33333333333334 3
stats: {sentpackets,"tsung_controller@ip-172-31-13-122"} 1 219.0 0.0 219 168 187.33333333333334 3
stats: {cpu,"tsung_controller@ip-172-31-13-122"} 1 1.4763779527559056 0.0 2.6418786692759295 1.0869565217391304 1.6071467962411097 4
stats: session 15 3046.7874674479167 2566.2280579489716 15468.14892578125 50.053955078125 2420.155632467831 34
stats: users_count 14 53
stats: finish_users_count 15 49
stats: request 13 7.655667818509615 0.8685679695128127 114.055908203125 6.884033203125 10.510221782483553 38
stats: connect 13 0.9251051682692307 0.060000557793426536 104.302978515625 0.80908203125 3.6412739000822367 38
stats: page 13 7.655667818509615 0.8685679695128127 114.055908203125 6.884033203125 10.510221782483553 38
stats: 200 13 51
stats: size_rcv 320072 1255668
stats: newphase 0 1
stats: size_sent 1820 7140
stats: connected 0 4
# stats: dump at 1480593938
stats: users 4 9
stats: {freemem,"tsung_controller@ip-172-31-13-122"} 1 3161.4609375 0.0 3162.62109375 3161.4609375 3161.92421875 5
stats: {load,"tsung_controller@ip-172-31-13-122"} 1 0.0 0.0 0.0 0.0 0.0 5
stats: {recvpackets,"tsung_controller@ip-172-31-13-122"} 1 279.0 0.0 279 206 233.75 4
stats: {sentpackets,"tsung_controller@ip-172-31-13-122"} 1 232.0 0.0 232 168 195.25 4
stats: {cpu,"tsung_controller@ip-172-31-13-122"} 1 1.3806706114398422 0.0 2.6418786692759295 1.0869565217391304 1.580993027544069 5
stats: session 20 2592.8157470703127 2491.739994014193 15468.14892578125 20.071044921875 2611.9817044005104 49
stats: users_count 20 73
stats: finish_users_count 20 69
stats: request 21 7.818184988839286 1.2896900386615573 114.055908203125 6.2568359375 9.782590379901961 51
stats: connect 21 0.8763834635416666 0.08290028450640767 104.302978515625 0.658935546875 2.948917164522059 51
stats: page 21 7.818184988839286 1.2896900386615573 114.055908203125 6.2568359375 9.782590379901961 51
stats: 200 21 72
stats: size_rcv 517040 1772708
stats: newphase 0 1
stats: size_sent 2940 10080
stats: connected 0 4
# stats: dump at 1480593948
stats: users 6 9
stats: {freemem,"tsung_controller@ip-172-31-13-122"} 1 3161.21875 0.0 3162.62109375 3161.21875 3161.8470052083335 6
stats: {load,"tsung_controller@ip-172-31-13-122"} 1 0.0 0.0 0.0 0.0 0.0 6
stats: {recvpackets,"tsung_controller@ip-172-31-13-122"} 1 501.0 0.0 501 206 242.8 5
stats: {sentpackets,"tsung_controller@ip-172-31-13-122"} 1 438.0 0.0 438 168 202.6 5
stats: {cpu,"tsung_controller@ip-172-31-13-122"} 1 2.06286836935167 0.0 2.6418786692759295 1.0869565217391304 1.5476059581933643 6
stats: session 28 1941.2627912248881 1674.7385229350252 15468.14892578125 20.071044921875 2606.4263544497285 69
stats: users_count 30 103
stats: finish_users_count 28 97
stats: request 31 6.979413432459677 0.35673040709865117 114.055908203125 5.991943359375 9.20963880750868 72
stats: connect 31 0.9174883442540323 0.18325965328682264 104.302978515625 0.658935546875 2.3444281684027777 72
stats: page 31 6.979413432459677 0.35673040709865117 114.055908203125 5.991943359375 9.20963880750868 72
stats: 200 31 103
stats: size_rcv 763251 2535959
stats: newphase 1 2
stats: size_sent 4340 14420
stats: connected 3 7
# stats: dump at 1480593958
stats: users 10 10
stats: {freemem,"tsung_controller@ip-172-31-13-122"} 1 3161.2421875 0.0 3162.62109375 3161.21875 3161.757254464286 7
stats: {load,"tsung_controller@ip-172-31-13-122"} 1 0.0 0.0 0.0 0.0 0.0 7
stats: {recvpackets,"tsung_controller@ip-172-31-13-122"} 1 694.0 0.0 694 206 285.8333333333333 6
stats: {sentpackets,"tsung_controller@ip-172-31-13-122"} 1 613.0 0.0 613 168 241.83333333333334 6
stats: {cpu,"tsung_controller@ip-172-31-13-122"} 1 2.0710059171597637 0.0 2.6418786692759295 1.0869565217391304 1.621214874073122 7
stats: session 32 1800.1116943359375 1688.2266962778276 15468.14892578125 20.071044921875 2414.4203774363727 97
stats: users_count 36 139
stats: finish_users_count 32 129
stats: request 34 8.200604607077207 1.4453887212460304 114.055908203125 5.991943359375 8.538405927639563 103
stats: connect 34 0.8551815257352942 0.09282921160270315 104.302978515625 0.658935546875 1.9149608426881068 103
stats: page 34 8.200604607077207 1.4453887212460304 114.055908203125 5.991943359375 8.538405927639563 103
stats: 200 34 137
stats: size_rcv 837114 3373073
stats: newphase 0 2
stats: size_sent 4760 19180
stats: connected 2 9
# stats: dump at 1480593968
stats: users 10 11
stats: {freemem,"tsung_controller@ip-172-31-13-122"} 1 3161.109375 0.0 3162.62109375 3161.109375 3161.69287109375 8
stats: {load,"tsung_controller@ip-172-31-13-122"} 1 0.0 0.0 0.0 0.0 0.0 8
stats: {recvpackets,"tsung_controller@ip-172-31-13-122"} 1 822.0 0.0 822 206 344.14285714285717 7
stats: {sentpackets,"tsung_controller@ip-172-31-13-122"} 1 671.0 0.0 671 168 294.85714285714283 7
stats: {cpu,"tsung_controller@ip-172-31-13-122"} 1 2.167487684729064 0.0 2.6418786692759295 1.0869565217391304 1.6774387544589522 8
stats: session 35 1979.907868303571 1740.919517090373 15468.14892578125 14.067138671875 2262.0337273649466 129
stats: users_count 35 174
stats: finish_users_count 35 164
stats: request 34 7.264260684742647 0.39339104575167505 114.055908203125 5.991943359375 8.454572023266424 137
stats: connect 34 0.8709285960477942 0.09238987519516206 104.302978515625 0.658935546875 1.6519499173129562 137
stats: page 34 7.264260684742647 0.39339104575167505 114.055908203125 5.991943359375 8.454572023266424 137
stats: 200 34 171
stats: size_rcv 837114 4210187
stats: newphase 0 2
stats: size_sent 4760 23940
stats: connected -2 7
# stats: dump at 1480593978
stats: users 10 24
stats: {freemem,"tsung_controller@ip-172-31-13-122"} 1 3161.1328125 0.0 3162.62109375 3161.109375 3161.6280381944443 9
stats: {load,"tsung_controller@ip-172-31-13-122"} 1 0.0 0.0 0.0 0.0 0.0 9
stats: {recvpackets,"tsung_controller@ip-172-31-13-122"} 1 894.0 0.0 894 206 403.875 8
stats: {sentpackets,"tsung_controller@ip-172-31-13-122"} 1 778.0 0.0 778 168 341.875 8
stats: {cpu,"tsung_controller@ip-172-31-13-122"} 1 2.559055118110236 0.0 2.6418786692759295 1.0869565217391304 1.7318886356000758 9
stats: session 79 1882.9879969343353 1852.1755280952627 15468.14892578125 14.067138671875 2201.823940370141 164
stats: users_count 79 253
stats: finish_users_count 79 243
stats: request 79 7.8209923852848116 3.9269826236336587 114.055908203125 5.925048828125 8.21790193256579 171
stats: connect 79 0.8489109473892406 0.13311145243912864 104.302978515625 0.635009765625 1.4966591282894737 171
stats: page 79 7.8209923852848116 3.9269826236336587 114.055908203125 5.925048828125 8.21790193256579 171
stats: 200 79 250
stats: size_rcv 1945055 6155242
stats: newphase 1 3
stats: size_sent 11060 35000
stats: connected 1 8
# stats: dump at 1480593988
stats: users 20 24
stats: {freemem,"tsung_controller@ip-172-31-13-122"} 1 3159.6015625 0.0 3162.62109375 3159.6015625 3161.578515625 10
stats: {load,"tsung_controller@ip-172-31-13-122"} 1 0.0 0.0 0.0 0.0 0.0 10
stats: {recvpackets,"tsung_controller@ip-172-31-13-122"} 1 2171.0 0.0 2171 206 458.3333333333333 9
stats: {sentpackets,"tsung_controller@ip-172-31-13-122"} 1 1836.0 0.0 1836 168 390.3333333333333 9
stats: {cpu,"tsung_controller@ip-172-31-13-122"} 1 4.2926829268292686 0.0 4.2926829268292686 1.0869565217391304 1.8146052838510918 10
stats: session 82 1866.286737209413 1935.919283057494 15468.14892578125 14.067138671875 2098.1694567017103 243
stats: users_count 92 345
stats: finish_users_count 82 325
stats: request 93 8.164684664818548 1.7457392500851818 114.055908203125 5.925048828125 8.092478515625 250
stats: connect 93 0.8062258484543009 0.11303612442210813 104.302978515625 0.591064453125 1.291970703125 250
stats: page 93 8.164684664818548 1.7457392500851818 114.055908203125 5.925048828125 8.092478515625 250
stats: 200 93 343
stats: size_rcv 2289752 8444994
stats: newphase 0 3
stats: size_sent 13020 48020
stats: connected 11 19
# stats: dump at 1480593998
stats: users 19 24
stats: {freemem,"tsung_controller@ip-172-31-13-122"} 1 3159.93359375 0.0 3162.62109375 3159.6015625 3161.3987926136365 11
stats: {load,"tsung_controller@ip-172-31-13-122"} 1 0.0 0.0 0.0 0.0 0.0 11
stats: {recvpackets,"tsung_controller@ip-172-31-13-122"} 1 1935.0 0.0 2171 206 629.6 10
stats: {sentpackets,"tsung_controller@ip-172-31-13-122"} 1 1697.0 0.0 1836 168 534.9 10
stats: {cpu,"tsung_controller@ip-172-31-13-122"} 1 3.8272816486751715 0.0 4.2926829268292686 1.0869565217391304 2.0398850695763806 11
stats: session 65 2115.8312950721156 1968.3289127666535 15468.14892578125 14.067138671875 2039.663662860577 325
stats: users_count 64 409
stats: finish_users_count 65 390
stats: request 66 8.01397520123106 3.6844655776119604 114.055908203125 5.925048828125 8.112056276193513 343
stats: connect 66 0.8350460168087122 0.11100714246129341 104.302978515625 0.591064453125 1.1602672877186588 343
stats: page 66 8.01397520123106 3.6844655776119604 114.055908203125 5.925048828125 8.112056276193513 343
stats: 200 66 409
stats: size_rcv 1624984 10069978
stats: newphase 0 3
stats: size_sent 9240 57260
stats: connected 1 20
# stats: dump at 1480594008
stats: users 31 34
stats: {freemem,"tsung_controller@ip-172-31-13-122"} 1 3159.9296875 0.0 3162.62109375 3159.6015625 3161.2766927083335 12
stats: {load,"tsung_controller@ip-172-31-13-122"} 1 0.0 0.0 0.0 0.0 0.0 12
stats: {recvpackets,"tsung_controller@ip-172-31-13-122"} 1 1384.0 0.0 2171 206 748.2727272727273 11
stats: {sentpackets,"tsung_controller@ip-172-31-13-122"} 1 1227.0 0.0 1836 168 640.5454545454545 11
stats: {cpu,"tsung_controller@ip-172-31-13-122"} 1 2.8627838104639687 0.0 4.2926829268292686 1.0869565217391304 2.18883478450128 12
stats: session 115 1955.8204971976902 2060.785727998903 15468.14892578125 14.067138671875 2052.3582682291667 390
stats: users_count 127 536
stats: finish_users_count 115 505
stats: request 125 7.233966796875 1.4056656255744575 114.055908203125 5.6689453125 8.096229012263143 409
stats: connect 125 0.8054453125 0.14194181515489135 104.302978515625 0.591064453125 1.1077865936353912 409
stats: page 125 7.233966796875 1.4056656255744575 114.055908203125 5.6689453125 8.096229012263143 409
stats: 200 125 534
stats: size_rcv 3077624 13147602
stats: newphase 1 4
stats: size_sent 17500 74760
stats: connected 10 30
# stats: dump at 1480594018
stats: users 25 39
stats: {freemem,"tsung_controller@ip-172-31-13-122"} 1 3158.48828125 0.0 3162.62109375 3158.48828125 3161.173076923077 13
stats: {load,"tsung_controller@ip-172-31-13-122"} 1 0.078125 0.0 0.078125 0.0 0.0 13
stats: {recvpackets,"tsung_controller@ip-172-31-13-122"} 1 3372.0 0.0 3372 206 801.25 12
stats: {sentpackets,"tsung_controller@ip-172-31-13-122"} 1 2870.0 0.0 2870 168 689.4166666666666 12
stats: {cpu,"tsung_controller@ip-172-31-13-122"} 1 5.750487329434698 0.0 5.750487329434698 1.0869565217391304 2.2406770172676405 13
stats: session 152 2028.6976880525292 1924.3318952844152 15468.14892578125 14.067138671875 2030.3744193804146 505
stats: users_count 146 682
stats: finish_users_count 152 657
stats: request 147 7.519625916772959 2.0673953804977367 114.055908203125 5.426025390625 7.894388606039326 534
stats: connect 147 0.8625587930484693 0.4626033337861848 104.302978515625 0.588134765625 1.0370138218340357 534
stats: page 147 7.519625916772959 2.0673953804977367 114.055908203125 5.426025390625 7.894388606039326 534
stats: 200 147 681
stats: size_rcv 3619285 16766887
stats: newphase 0 4
stats: size_sent 20580 95340
stats: connected -3 27
# stats: dump at 1480594028
stats: users 26 39
stats: {freemem,"tsung_controller@ip-172-31-13-122"} 1 3159.01171875 0.0 3162.62109375 3158.48828125 3160.9813058035716 14
stats: {load,"tsung_controller@ip-172-31-13-122"} 1 0.05859375 0.0 0.078125 0.0 0.005580357142857143 14
stats: {recvpackets,"tsung_controller@ip-172-31-13-122"} 1 3239.0 0.0 3372 206 999.0 13
stats: {sentpackets,"tsung_controller@ip-172-31-13-122"} 1 2892.0 0.0 2892 168 857.1538461538462 13
stats: {cpu,"tsung_controller@ip-172-31-13-122"} 1 6.2439024390243905 0.0 6.2439024390243905 1.0869565217391304 2.4913777538510016 14
stats: session 141 2146.384687707781 1908.390925270403 15468.14892578125 14.067138671875 2029.9864998037956 657
stats: users_count 142 824
stats: finish_users_count 141 798
stats: request 139 7.780693218862412 2.7602970127781066 114.055908203125 5.426025390625 7.813492695140418 681
stats: connect 140 0.8381556919642859 0.2083604398466844 104.302978515625 0.574951171875 0.9993561283957415 681
stats: page 139 7.780693218862412 2.7602970127781066 114.055908203125 5.426025390625 7.813492695140418 681
stats: 200 139 820
stats: size_rcv 3422316 20189203
stats: newphase 0 4
stats: size_sent 19600 114940
stats: connected -3 24
# stats: dump at 1480594038
stats: users 73 76
stats: {freemem,"tsung_controller@ip-172-31-13-122"} 1 3158.11328125 0.0 3162.62109375 3158.11328125 3160.85 15
stats: {load,"tsung_controller@ip-172-31-13-122"} 1 0.05078125 0.0 0.078125 0.0 0.009114583333333334 15
stats: {recvpackets,"tsung_controller@ip-172-31-13-122"} 1 3334.0 0.0 3372 206 1159.0 14
stats: {sentpackets,"tsung_controller@ip-172-31-13-122"} 1 2883.0 0.0 2892 168 1002.5 14
stats: {cpu,"tsung_controller@ip-172-31-13-122"} 1 5.680705190989226 0.0 6.2439024390243905 1.0869565217391304 2.741546066195894 15
stats: session 214 1654.7929493556512 1512.2866602872873 15468.14892578125 9.112060546875 2050.5530969146503 798
stats: users_count 261 1085
stats: finish_users_count 214 1012
stats: request 262 7.678094994930821 3.442220553477492 114.055908203125 5.426025390625 7.807932783917683 820
stats: connect 261 0.7867239882662833 0.17758868102339115 104.302978515625 0.574951171875 0.97186762522838 821
stats: page 262 7.678094994930821 3.442220553477492 114.055908203125 5.426025390625 7.807932783917683 820
stats: 200 262 1082
stats: size_rcv 6450698 26639901
stats: newphase 1 5
stats: size_sent 36540 151480
stats: connected 51 75
# stats: dump at 1480594048
stats: users 65 80
stats: {freemem,"tsung_controller@ip-172-31-13-122"} 1 3154.78125 0.0 3162.62109375 3154.78125 3160.678955078125 16
stats: {load,"tsung_controller@ip-172-31-13-122"} 1 0.05078125 0.0 0.078125 0.0 0.01171875 16
stats: {recvpackets,"tsung_controller@ip-172-31-13-122"} 1 6685.0 0.0 6685 206 1304.0 15
stats: {sentpackets,"tsung_controller@ip-172-31-13-122"} 1 5640.0 0.0 5640 168 1127.8666666666666 15
stats: {cpu,"tsung_controller@ip-172-31-13-122"} 1 10.184287099903006 0.0 10.184287099903006 1.0869565217391304 2.925243511495477 16
stats: session 305 2235.175638767932 2123.4051036839096 15468.14892578125 9.112060546875 1966.8646862648225 1012
stats: users_count 297 1382
stats: finish_users_count 305 1317
stats: request 296 7.7010390822951855 3.017504151378726 114.055908203125 5.426025390625 7.776493319301641 1082
stats: connect 296 0.7882030590160471 0.13379866014055142 104.302978515625 0.574951171875 0.9272072839648798 1082
stats: page 296 7.7010390822951855 3.017504151378726 114.055908203125 5.426025390625 7.776493319301641 1082
stats: 200 296 1378
stats: size_rcv 7287806 33927707
stats: newphase 0 5
stats: size_sent 41440 192920
stats: connected -13 62
# stats: dump at 1480594058
stats: users 52 80
stats: {freemem,"tsung_controller@ip-172-31-13-122"} 1 3153.05859375 0.0 3162.62109375 3153.05859375 3160.33203125 17
stats: {load,"tsung_controller@ip-172-31-13-122"} 1 0.0390625 0.0 0.078125 0.0 0.01401654411764706 17
stats: {recvpackets,"tsung_controller@ip-172-31-13-122"} 1 6988.0 0.0 6988 206 1640.3125 16
stats: {sentpackets,"tsung_controller@ip-172-31-13-122"} 1 5802.0 0.0 5802 168 1409.875 16
stats: {cpu,"tsung_controller@ip-172-31-13-122"} 1 10.37827352085354 0.0 10.37827352085354 1.0869565217391304 3.3522460755194494 17
stats: session 306 1943.8967309091618 1971.805229512128 15468.14892578125 9.112060546875 2029.0019987275775 1317
stats: users_count 293 1675
stats: finish_users_count 306 1623
stats: request 296 8.001261118296027 3.03805897440958 114.055908203125 5.426025390625 7.760285442557148 1378
stats: connect 296 0.7974408123944254 0.27231027096968546 104.302978515625 0.574951171875 0.8973486115520682 1378
stats: page 296 8.001261118296027 3.03805897440958 114.055908203125 5.426025390625 7.760285442557148 1378
stats: 200 296 1674
stats: size_rcv 7287799 41215506
stats: newphase 0 5
stats: size_sent 41440 234360
stats: connected -8 54
# stats: dump at 1480594068
stats: users 123 135
stats: {freemem,"tsung_controller@ip-172-31-13-122"} 1 3154.27734375 0.0 3162.62109375 3153.05859375 3159.9279513888887 18
stats: {load,"tsung_controller@ip-172-31-13-122"} 1 0.109375 0.0 0.109375 0.0 0.015407986111111112 18
stats: {recvpackets,"tsung_controller@ip-172-31-13-122"} 1 7001.0 0.0 7001 206 1954.8823529411766 17
stats: {sentpackets,"tsung_controller@ip-172-31-13-122"} 1 5919.0 0.0 5919 168 1668.235294117647 17
stats: {cpu,"tsung_controller@ip-172-31-13-122"} 1 10.745401742497581 0.0 10.745401742497581 1.0869565217391304 3.7425809335935654 18
stats: session 455 1751.0876700935783 1826.827592971495 15468.14892578125 9.112060546875 2012.9562735566378 1623
stats: users_count 526 2201
stats: finish_users_count 455 2078
stats: request 527 9.818914829666747 5.462936028679462 114.055908203125 5.426025390625 7.802895239461992 1674
stats: connect 527 0.8557541212049335 0.5385486274757507 104.302978515625 0.56201171875 0.8796827163605138 1674
stats: page 527 9.818914829666747 5.462936028679462 114.055908203125 5.426025390625 7.802895239461992 1674
stats: 200 527 2201
stats: size_rcv 12975244 54190750
stats: newphase 1 6
stats: size_sent 73780 308140
stats: connected 71 125
# stats: dump at 1480594078
stats: users 103 150
stats: {freemem,"tsung_controller@ip-172-31-13-122"} 1 3145.74609375 0.0 3162.62109375 3145.74609375 3159.630550986842 19
stats: {load,"tsung_controller@ip-172-31-13-122"} 1 0.1015625 0.0 0.109375 0.0 0.02035361842105263 19
stats: {recvpackets,"tsung_controller@ip-172-31-13-122"} 1 14118.0 0.0 14118 206 2235.222222222222 18
stats: {sentpackets,"tsung_controller@ip-172-31-13-122"} 1 12074.0 0.0 12074 168 1904.388888888889 18
stats: {cpu,"tsung_controller@ip-172-31-13-122"} 1 17.79257849666984 0.0 17.79257849666984 1.0869565217391304 4.111150449851671 19
stats: session 627 2080.5897798918486 2059.7918751605034 15468.14892578125 9.112060546875 1955.6173830004818 2078
stats: users_count 607 2808
stats: finish_users_count 627 2705
stats: request 601 9.92414904196131 4.592828785030866 114.055908203125 5.426025390625 8.28560415542651 2201
stats: connect 601 0.8599530567543675 0.5527323791997346 104.302978515625 0.56201171875 0.8739533344218537 2201
stats: page 601 9.92414904196131 4.592828785030866 114.055908203125 5.426025390625 8.28560415542651 2201
stats: 200 601 2802
stats: size_rcv 14797204 68987954
stats: newphase 0 6
stats: size_sent 84140 392280
stats: connected -28 97
# stats: dump at 1480594088
stats: users 106 150
stats: {freemem,"tsung_controller@ip-172-31-13-122"} 1 3144.94921875 0.0 3162.62109375 3144.94921875 3158.936328125 20
stats: {load,"tsung_controller@ip-172-31-13-122"} 1 0.078125 0.0 0.109375 0.0 0.0244140625 20
stats: {recvpackets,"tsung_controller@ip-172-31-13-122"} 1 14224.0 0.0 14224 206 2860.6315789473683 19
stats: {sentpackets,"tsung_controller@ip-172-31-13-122"} 1 12212.0 0.0 12212 168 2439.6315789473683 19
stats: {cpu,"tsung_controller@ip-172-31-13-122"} 1 19.65811965811966 0.0 19.65811965811966 1.0869565217391304 4.79522185219258 20
stats: session 591 1972.1415160513163 1946.1643958833597 15468.14892578125 9.112060546875 1984.5851067900887 2705
stats: users_count 594 3402
stats: finish_users_count 591 3296
stats: request 600 10.54421183268229 6.674303690691654 114.055908203125 5.426025390625 8.637055075057994 2802
stats: connect 600 0.8594132486979162 0.5711564759096562 104.302978515625 0.56201171875 0.8709504197615543 2802
stats: page 600 10.54421183268229 6.674303690691654 114.055908203125 5.426025390625 8.637055075057994 2802
stats: 200 600 3402
stats: size_rcv 14772580 83760534
stats: newphase 0 6
stats: size_sent 84000 476280
stats: connected 9 106
# stats: dump at 1480594098
stats: users 252 264
stats: {freemem,"tsung_controller@ip-172-31-13-122"} 1 3143.79296875 0.0 3162.62109375 3143.79296875 3158.2702752976193 21
stats: {load,"tsung_controller@ip-172-31-13-122"} 1 0.0703125 0.0 0.109375 0.0 0.026971726190476192 21
stats: {recvpackets,"tsung_controller@ip-172-31-13-122"} 1 14356.0 0.0 14356 206 3428.8 20
stats: {sentpackets,"tsung_controller@ip-172-31-13-122"} 1 12548.0 0.0 12548 168 2928.25 20
stats: {cpu,"tsung_controller@ip-172-31-13-122"} 1 18.618042226487525 0.0 19.65811965811966 1.0869565217391304 5.50297889057006 21
stats: session 921 1774.477513349536 1715.0248837695326 15468.14892578125 9.112060546875 1982.3538682808005 3296
stats: users_count 1067 4469
stats: finish_users_count 921 4217
stats: request 1002 15.689771579887102 10.44680565956446 114.055908203125 5.426025390625 8.973414291570217 3402
stats: connect 1008 0.9214700365823413 0.8045659087503843 104.302978515625 0.56201171875 0.868915645323523 3402
stats: page 1002 15.689771579887102 10.44680565956446 114.055908203125 5.426025390625 8.973414291570217 3402
stats: 200 1005 4407
stats: size_rcv 24670218 108430752
stats: newphase 1 7
stats: size_sent 141120 617400
stats: connected 149 255
# stats: dump at 1480594108
stats: users 240 289
stats: {freemem,"tsung_controller@ip-172-31-13-122"} 1 3131.8125 0.0 3162.62109375 3131.8125 3157.612215909091 22
stats: {load,"tsung_controller@ip-172-31-13-122"} 1 0.140625 0.0 0.140625 0.0 0.028941761363636364 22
stats: {recvpackets,"tsung_controller@ip-172-31-13-122"} 1 28191.0 0.0 28191 206 3949.1428571428573 21
stats: {sentpackets,"tsung_controller@ip-172-31-13-122"} 1 23866.0 0.0 23866 168 3386.3333333333335 21
stats: {cpu,"tsung_controller@ip-172-31-13-122"} 1 31.70731707317073 0.0 31.70731707317073 1.0869565217391304 6.099118133111762 22
stats: session 1265 1995.7018353971098 1961.3657052418387 15468.14892578125 9.112060546875 1936.9533174409394 4217
stats: users_count 1253 5722
stats: finish_users_count 1265 5482
stats: request 1256 15.656429412258658 10.07239485199499 114.055908203125 5.426025390625 10.501522829920244 4404
stats: connect 1252 0.9800028938074076 0.929984919195142 104.302978515625 0.56201171875 0.8809280776112528 4410
stats: page 1256 15.656429412258658 10.07239485199499 114.055908203125 5.426025390625 10.501522829920244 4404
stats: 200 1254 5661
stats: size_rcv 30923941 139354693
stats: newphase 0 7
stats: size_sent 175280 792680
stats: connected -6 249
# stats: dump at 1480594118
stats: users 252 289
stats: {freemem,"tsung_controller@ip-172-31-13-122"} 1 3128.93359375 0.0 3162.62109375 3128.93359375 3156.490489130435 23
stats: {load,"tsung_controller@ip-172-31-13-122"} 1 0.12109375 0.0 0.140625 0.0 0.03379755434782609 23
stats: {recvpackets,"tsung_controller@ip-172-31-13-122"} 1 28332.0 0.0 28332 206 5051.045454545455 22
stats: {sentpackets,"tsung_controller@ip-172-31-13-122"} 1 23835.0 0.0 23866 168 4317.227272727273 22
stats: {cpu,"tsung_controller@ip-172-31-13-122"} 1 32.74418604651162 0.0 32.74418604651162 1.0869565217391304 7.21251808702737 23
stats: session 1257 2024.5190499608439 1978.9463306513014 15468.14892578125 9.112060546875 1950.5098433830326 5482
stats: users_count 1269 6991
stats: finish_users_count 1257 6739
stats: request 1275 15.619484145220587 9.910456375583864 114.055908203125 5.426025390625 11.64543849554163 5660
stats: connect 1273 0.9042564086434604 0.6385652192669626 104.302978515625 0.56201171875 0.9028358257351641 5662
stats: page 1275 15.619484145220587 9.910456375583864 114.055908203125 5.426025390625 11.64543849554163 5660
stats: 200 1274 6935
stats: size_rcv 31391702 170746395
stats: newphase 0 7
stats: size_sent 178220 970900
stats: connected 18 267
# stats: dump at 1480594128
stats: users 586 614
stats: {freemem,"tsung_controller@ip-172-31-13-122"} 1 3121.19140625 0.0 3162.62109375 3121.19140625 3155.34228515625 24
stats: {load,"tsung_controller@ip-172-31-13-122"} 1 0.171875 0.0 0.171875 0.0 0.037434895833333336 24
stats: {recvpackets,"tsung_controller@ip-172-31-13-122"} 1 31183.0 0.0 31183 206 6063.260869565217 23
stats: {sentpackets,"tsung_controller@ip-172-31-13-122"} 1 24538.0 0.0 24538 168 5165.826086956522 23
stats: {cpu,"tsung_controller@ip-172-31-13-122"} 1 33.89990557129367 0.0 33.89990557129367 1.0869565217391304 8.276337585339215 24
stats: session 1805 1910.7154068289035 1683.7835744090753 15468.14892578125 9.112060546875 1964.3144987723053 6739
stats: users_count 2139 9130
stats: finish_users_count 1805 8544
stats: request 2000 192.56211059570313 173.41180857392584 486.076171875 1.333984375 12.376066931495584 6935
stats: connect 2100 1.1801542736235087 2.1566284709509174 104.302978515625 0.56201171875 0.9030965902690157 6935
stats: page 2000 192.56211059570313 173.41180857392584 486.076171875 1.333984375 12.376066931495584 6935
stats: 200 1936 8871
stats: size_rcv 47648801 218395196
stats: newphase 1 8
stats: size_sent 294000 1264900
stats: connected 337 604
stats: 503 66 66
# stats: dump at 1480594138
stats: users 569 614
stats: {freemem,"tsung_controller@ip-172-31-13-122"} 1 3106.92578125 0.0 3162.62109375 3106.92578125 3153.97625 25
stats: {load,"tsung_controller@ip-172-31-13-122"} 1 0.1484375 0.0 0.171875 0.0 0.0428125 25
stats: {recvpackets,"tsung_controller@ip-172-31-13-122"} 1 50769.0 0.0 50769 206 7109.916666666667 24
stats: {sentpackets,"tsung_controller@ip-172-31-13-122"} 1 39726.0 0.0 39726 168 5973.0 24
stats: {cpu,"tsung_controller@ip-172-31-13-122"} 1 45.878136200716845 0.0 45.878136200716845 1.0869565217391304 9.301280304777395 25
stats: session 2330 2360.929513248557 1848.8490308846006 15468.14892578125 9.112060546875 1952.9911887351052 8544
stats: users_count 2313 11443
stats: finish_users_count 2330 10874
stats: request 2299 409.09941588904144 99.13884150787608 541.39208984375 1.31787109375 52.70870121559352 8935
stats: connect 2298 1.1209819850141436 1.1909345429381595 104.302978515625 0.561767578125 0.9674929527531813 9035
stats: page 2299 409.09941588904144 99.13884150787608 541.39208984375 1.31787109375 52.70870121559352 8935
stats: 200 2204 11075
stats: size_rcv 54358787 272753983
stats: newphase 0 8
stats: size_sent 321720 1586620
stats: connected -54 550
stats: 503 93 159
# stats: dump at 1480594148
stats: users 556 614
stats: {freemem,"tsung_controller@ip-172-31-13-122"} 1 3104.08984375 0.0 3162.62109375 3104.08984375 3152.1666165865386 26
stats: {load,"tsung_controller@ip-172-31-13-122"} 1 0.12109375 0.0 0.171875 0.0 0.046875 26
stats: {recvpackets,"tsung_controller@ip-172-31-13-122"} 1 50409.0 0.0 50769 206 8856.28 25
stats: {sentpackets,"tsung_controller@ip-172-31-13-122"} 1 41160.0 0.0 41160 168 7323.12 25
stats: {cpu,"tsung_controller@ip-172-31-13-122"} 1 47.76386404293381 0.0 47.76386404293381 1.0869565217391304 10.708082454621218 26
stats: session 2347 2422.0897625084863 2015.6763484921785 16535.31787109375 5.985107421875 2040.4011846994551 10874
stats: users_count 2334 13777
stats: finish_users_count 2347 13221
stats: request 2349 430.73501398533966 142.5687412184038 561.592041015625 1.281005859375 125.64285227792722 11234
stats: connect 2353 1.161504366931844 1.378446653626026 104.302978515625 0.561767578125 0.9986160266202677 11333
stats: page 2349 430.73501398533966 142.5687412184038 561.592041015625 1.281005859375 125.64285227792722 11234
stats: 200 2125 13200
stats: size_rcv 52403603 325157586
stats: newphase 0 8
stats: size_sent 329420 1916040
stats: connected 8 558
stats: 503 225 384
# stats: dump at 1480594158
stats: users 869 887
stats: {freemem,"tsung_controller@ip-172-31-13-122"} 1 3094.87109375 0.0 3162.62109375 3094.87109375 3150.3859953703704 27
stats: {load,"tsung_controller@ip-172-31-13-122"} 1 0.3203125 0.0 0.3203125 0.0 0.049623842592592594 27
stats: {recvpackets,"tsung_controller@ip-172-31-13-122"} 1 49226.0 0.0 50769 206 10454.461538461539 26
stats: {sentpackets,"tsung_controller@ip-172-31-13-122"} 1 40885.0 0.0 41160 168 8624.538461538461 26
stats: {cpu,"tsung_controller@ip-172-31-13-122"} 1 47.686832740213525 0.0 47.76386404293381 1.0869565217391304 12.080518809743907 27
stats: session 3090 2217.3485732390254 1978.8726903606141 19118.64501953125 5.985107421875 2108.1587743006803 13221
stats: users_count 3403 17180
stats: finish_users_count 3090 16311
stats: request 3367 314.1668286053058 253.75512762090514 606.8330078125 1.281005859375 178.40450197613174 13583
stats: connect 3370 2.1837158203125053 2.899218422252946 104.302978515625 0.561767578125 1.0266210145461145 13686
stats: page 3367 314.1668286053058 253.75512762090514 606.8330078125 1.281005859375 178.40450197613174 13583
stats: 200 2024 15224
stats: size_rcv 50433076 375590662
stats: newphase 1 9
stats: size_sent 471800 2387840
stats: connected 308 866
stats: 503 1345 1729
# stats: dump at 1480594168
stats: users 898 925
stats: {freemem,"tsung_controller@ip-172-31-13-122"} 1 3081.2578125 0.0 3162.62109375 3081.2578125 3148.4033203125 28
stats: {load,"tsung_controller@ip-172-31-13-122"} 1 0.4296875 0.0 0.4296875 0.0 0.059291294642857144 28
stats: {recvpackets,"tsung_controller@ip-172-31-13-122"} 1 53187.0 0.0 53187 206 11890.444444444445 27
stats: {sentpackets,"tsung_controller@ip-172-31-13-122"} 1 43834.0 0.0 43834 168 9819.37037037037 27
stats: {cpu,"tsung_controller@ip-172-31-13-122"} 1 50.72115384615385 0.0 50.72115384615385 1.0869565217391304 13.352172878689249 28
stats: session 3667 2286.3171165680615 1984.7973333772197 19118.64501953125 5.985107421875 2128.843985429335 16311
stats: users_count 3696 20876
stats: finish_users_count 3667 19978
stats: request 3677 292.1666262089514 258.39890645035473 606.8330078125 1.281005859375 205.37274703574408 16950
stats: connect 3720 2.3740296722740237 3.0715535320235214 104.302978515625 0.55712890625 1.255244929616045 17056
stats: page 3677 292.1666262089514 258.39890645035473 606.8330078125 1.281005859375 205.37274703574408 16950
stats: 200 2039 17263
stats: size_rcv 50992588 426583250
stats: newphase 0 9
stats: size_sent 520800 2908640
stats: connected 45 911
stats: 503 1634 3363
stats: 500 4 4
# stats: dump at 1480594178
stats: users 913 962
stats: {freemem,"tsung_controller@ip-172-31-13-122"} 1 3075.1875 0.0 3162.62109375 3075.1875 3146.087957974138 29
stats: {load,"tsung_controller@ip-172-31-13-122"} 1 0.51953125 0.0 0.51953125 0.0 0.07206357758620689 29
stats: {recvpackets,"tsung_controller@ip-172-31-13-122"} 1 54425.0 0.0 54425 206 13365.32142857143 28
stats: {sentpackets,"tsung_controller@ip-172-31-13-122"} 1 45134.0 0.0 45134 168 11034.17857142857 28
stats: {cpu,"tsung_controller@ip-172-31-13-122"} 1 50.27932960893855 0.0 50.72115384615385 1.0869565217391304 14.640758429291477 29
stats: session 3702 2463.674709128402 1983.5750829665099 19118.64501953125 5.985107421875 2157.748478966512 19978
stats: users_count 3717 24593
stats: finish_users_count 3702 23680
stats: request 3715 447.5315379742178 396.8499919334984 1762.862060546875 1.251953125 220.8447542941861 20627
stats: connect 3672 123.55644694808278 326.30246236533395 1014.59814453125 0.553955078125 1.4555664180010894 20776
stats: page 3715 447.5315379742178 396.8499919334984 1762.862060546875 1.251953125 220.8447542941861 20627
stats: 200 2083 19346
stats: size_rcv 52144872 478728122
stats: newphase 0 9
stats: size_sent 514080 3422720
stats: connected -66 845
stats: 503 1621 4984
stats: 500 8 12
# stats: dump at 1480594188
stats: users 21 962
stats: {freemem,"tsung_controller@ip-172-31-13-122"} 1 3070.453125 0.0 3162.62109375 3070.453125 3143.724609375 30
stats: {load,"tsung_controller@ip-172-31-13-122"} 1 0.44140625 0.0 0.51953125 0.0 0.08697916666666666 30
stats: {recvpackets,"tsung_controller@ip-172-31-13-122"} 1 47064.0 0.0 54425 206 14781.172413793103 29
stats: {sentpackets,"tsung_controller@ip-172-31-13-122"} 1 39642.0 0.0 45134 168 12210.034482758621 29
stats: {cpu,"tsung_controller@ip-172-31-13-122"} 1 46.97478991596638 0.0 50.72115384615385 1.0869565217391304 15.82871080194638 30
stats: session 1897 2995.0719088733817 2406.355470012787 19118.64501953125 5.985107421875 2205.575290793341 23680
stats: users_count 1005 25598
stats: finish_users_count 1897 25577
stats: request 1256 331.86045711055704 319.25394270142993 1762.862060546875 1.251953125 255.44098309097018 24342
stats: connect 1150 60.36522142493205 234.21506758870197 1014.59814453125 0.547119140625 19.79467118348129 24448
stats: page 1256 331.86045711055704 319.25394270142993 1762.862060546875 1.251953125 255.44098309097018 24342
stats: 200 677 20023
stats: size_rcv 16947221 495675343
stats: newphase 0 9
stats: size_sent 161000 3583720
stats: connected -824 21
stats: 503 573 5557
stats: 500 6 18
# stats: dump at 1480594198
stats: users 1 962
stats: {freemem,"tsung_controller@ip-172-31-13-122"} 1 3083.06640625 0.0 3162.62109375 3070.453125 3141.3610131048385 31
stats: {load,"tsung_controller@ip-172-31-13-122"} 1 0.37109375 0.0 0.51953125 0.0 0.09841229838709678 31
stats: {recvpackets,"tsung_controller@ip-172-31-13-122"} 1 562.0 0.0 54425 206 15857.266666666666 30
stats: {sentpackets,"tsung_controller@ip-172-31-13-122"} 1 837.0 0.0 45134 168 13124.433333333332 30
stats: {cpu,"tsung_controller@ip-172-31-13-122"} 1 3.9100684261974585 0.0 50.72115384615385 1.0869565217391304 16.833423031430897 31
stats: session 20 11122.474609375 3076.0103517653492 21024.343017578125 5.985107421875 2264.130832275838 25577
stats: users_count 0 25598
stats: finish_users_count 20 25597
stats: request 0 0 0 1762.862060546875 1.251953125 259.190606474383 25598
stats: connect 0 0 0 1014.59814453125 0.547119140625 21.617318764451223 25598
stats: page 0 0 0 1762.862060546875 1.251953125 259.190606474383 25598
stats: 200 0 20023
stats: size_rcv 0 495675343
stats: newphase 0 9
stats: size_sent 0 3583720
stats: connected -20 1
stats: 503 0 5557
stats: 500 0 18
# stats: dump at 1480594201
stats: users 0 962
stats: {freemem,"tsung_controller@ip-172-31-13-122"} 0 0 0 3162.62109375 3070.453125 3139.539306640625 32
stats: {load,"tsung_controller@ip-172-31-13-122"} 0 0 0 0.51953125 0.0 0.10693359375 32
stats: {recvpackets,"tsung_controller@ip-172-31-13-122"} 0 0 0 54425 206 15363.870967741936 31
stats: {sentpackets,"tsung_controller@ip-172-31-13-122"} 0 0 0 45134 168 12728.064516129032 31
stats: {cpu,"tsung_controller@ip-172-31-13-122"} 0 0 0 50.72115384615385 1.0869565217391304 16.42956820001735 32
stats: session 1 19156.10693359375 0.0 21024.343017578125 5.985107421875 2271.0522244523427 25597
stats: users_count 0 25598
stats: finish_users_count 1 25598
stats: request 0 0 0 1762.862060546875 1.251953125 259.190606474383 25598
stats: connect 0 0 0 1014.59814453125 0.547119140625 21.617318764451223 25598
stats: page 0 0 0 1762.862060546875 1.251953125 259.190606474383 25598
stats: 200 0 20023
stats: size_rcv 0 495675343
stats: newphase 0 9
stats: size_sent 0 3583720
stats: connected -1 0
stats: 503 0 5557
stats: 500 0 18
EndMonitor:{1480,594201,146407}
