# stats: dump at 1480602148
stats: users 11 11
stats: {freemem,"tsung_controller@ip-172-31-13-122"} 1 3159.22265625 0 3159.22265625 3159.22265625 0 0
stats: {load,"tsung_controller@ip-172-31-13-122"} 1 0.3984375 0 0.3984375 0.3984375 0 0
stats: {cpu,"tsung_controller@ip-172-31-13-122"} 1 2.338727778261288 0 2.338727778261288 2.338727778261288 0 0
stats: users_count 11 11
stats: finish_users_count 0 0
stats: request 24 490.6369934082031 749.2154511029324 2233.63916015625 7.508056640625 0 0
stats: connect 10 11.674755859375 32.67683024194823 109.705078125 0.6630859375 0 0
stats: page 24 490.6369934082031 749.2154511029324 2233.63916015625 7.508056640625 0 0
stats: 200 24 24
stats: size_rcv 2358812 2358812
stats: size_sent 8373 8373
stats: connected 10 10
# stats: dump at 1480602158
stats: users 27 27
stats: {freemem,"tsung_controller@ip-172-31-13-122"} 1 3158.3671875 0.0 3159.22265625 3158.3671875 3159.22265625 1
stats: {load,"tsung_controller@ip-172-31-13-122"} 1 0.33984375 0.0 0.3984375 0.33984375 0.3984375 1
stats: {recvpackets,"tsung_controller@ip-172-31-13-122"} 1 1964 0 1964 1964 0 0
stats: {sentpackets,"tsung_controller@ip-172-31-13-122"} 1 932 0 932 932 0 0
stats: {cpu,"tsung_controller@ip-172-31-13-122"} 1 2.952755905511811 0.0 2.952755905511811 2.338727778261288 2.338727778261288 1
stats: users_count 16 27
stats: finish_users_count 0 0
stats: request 63 520.5754665798611 1249.4412429157903 5326.831787109375 7.23681640625 490.6369934082031 24
stats: connect 15 0.7396647135416666 0.05087363162271571 109.705078125 0.6630859375 11.674755859375 10
stats: page 63 520.5754665798611 1249.4412429157903 5326.831787109375 7.23681640625 490.6369934082031 24
stats: 200 62 86
stats: size_rcv 9893063 12251875
stats: size_sent 29111 37484
stats: connected 15 25
stats: 500 1 1
# stats: dump at 1480602168
stats: users 29 30
stats: {freemem,"tsung_controller@ip-172-31-13-122"} 1 3156.078125 0.0 3159.22265625 3156.078125 3158.794921875 2
stats: {load,"tsung_controller@ip-172-31-13-122"} 1 0.2890625 0.0 0.3984375 0.2890625 0.369140625 2
stats: {recvpackets,"tsung_controller@ip-172-31-13-122"} 1 6742.0 0.0 6742 1964 1964.0 1
stats: {sentpackets,"tsung_controller@ip-172-31-13-122"} 1 2690.0 0.0 2690 932 932.0 1
stats: {cpu,"tsung_controller@ip-172-31-13-122"} 1 2.665350444225074 0.0 2.952755905511811 2.338727778261288 2.6457418418865495 2
stats: session 1 27668.44287109375 0 27668.44287109375 27668.44287109375 0 0
stats: users_count 3 30
stats: finish_users_count 1 1
stats: request 60 3150.3148844401044 2502.3299578710753 9929.867919921875 7.23681640625 512.316577429059 87
stats: connect 5 0.939990234375 0.41443750637873067 109.705078125 0.632080078125 5.113701171875 25
stats: page 59 3203.712576138771 2516.7665657808566 9929.867919921875 7.23681640625 512.316577429059 87
stats: 302 2 2
stats: 200 58 144
stats: size_rcv 11193038 23444913
stats: size_sent 23736 61220
stats: connected 5 30
stats: 500 0 1
# stats: dump at 1480602178
stats: users 37 37
stats: {freemem,"tsung_controller@ip-172-31-13-122"} 1 3153.66796875 0.0 3159.22265625 3153.66796875 3157.8893229166665 3
stats: {load,"tsung_controller@ip-172-31-13-122"} 1 0.390625 0.0 0.3984375 0.2890625 0.3424479166666667 3
stats: {recvpackets,"tsung_controller@ip-172-31-13-122"} 1 8372.0 0.0 8372 1964 4353.0 2
stats: {sentpackets,"tsung_controller@ip-172-31-13-122"} 1 3158.0 0.0 3158 932 1811.0 2
stats: {cpu,"tsung_controller@ip-172-31-13-122"} 1 3.343166175024582 0.0 3.343166175024582 2.338727778261288 2.6522780426660577 3
stats: session 5 30516.335009765626 4190.8904428294845 36986.56201171875 26477.1240234375 27668.44287109375 1
stats: users_count 13 43
stats: finish_users_count 5 6
stats: request 96 1693.1200154622395 2063.9148499042667 9929.867919921875 7.23681640625 1589.05058029071 147
stats: connect 11 0.7238547585227273 0.0837145386951848 109.705078125 0.567138671875 4.418082682291667 30
stats: page 88 1847.0511752041896 2160.10432350493 9929.867919921875 7.23681640625 1599.9355084144906 146
stats: 302 16 18
stats: 200 80 224
stats: size_rcv 11095285 34540198
stats: newphase 1 1
stats: size_sent 46901 108121
stats: connected 7 37
stats: 500 1 2
# stats: dump at 1480602188
stats: users 52 52
stats: {freemem,"tsung_controller@ip-172-31-13-122"} 1 3151.62109375 0.0 3159.22265625 3151.62109375 3156.833984375 4
stats: {load,"tsung_controller@ip-172-31-13-122"} 1 0.328125 0.0 0.3984375 0.2890625 0.3544921875 4
stats: {recvpackets,"tsung_controller@ip-172-31-13-122"} 1 10280.0 0.0 10280 1964 5692.666666666667 3
stats: {sentpackets,"tsung_controller@ip-172-31-13-122"} 1 3527.0 0.0 3527 932 2260.0 3
stats: {cpu,"tsung_controller@ip-172-31-13-122"} 1 3.74384236453202 0.0 3.74384236453202 2.338727778261288 2.8250000757556886 4
stats: session 4 37340.17755126953 2990.320736134859 40975.754150390625 26477.1240234375 30041.68631998698 6
stats: users_count 19 62
stats: finish_users_count 4 10
stats: request 126 1578.102015904018 1797.3465150655127 9929.867919921875 7.23681640625 1630.1644312226724 243
stats: connect 21 0.7070661272321429 0.0668280654069197 109.705078125 0.56103515625 3.4269483612804876 41
stats: page 117 1699.5045009515222 1862.8354210383873 9929.867919921875 7.23681640625 1692.8678959251467 234
stats: 302 23 41
stats: 200 100 324
stats: size_rcv 11778832 46319030
stats: newphase 0 1
stats: size_sent 59282 167403
stats: connected 15 52
stats: 500 2 4
# stats: dump at 1480602198
stats: users 62 62
stats: {freemem,"tsung_controller@ip-172-31-13-122"} 1 3150.41796875 0.0 3159.22265625 3150.41796875 3155.79140625 5
stats: {load,"tsung_controller@ip-172-31-13-122"} 1 0.28125 0.0 0.3984375 0.28125 0.34921875 5
stats: {recvpackets,"tsung_controller@ip-172-31-13-122"} 1 6318.0 0.0 10280 1964 6839.5 4
stats: {sentpackets,"tsung_controller@ip-172-31-13-122"} 1 2266.0 0.0 3527 932 2576.75 4
stats: {cpu,"tsung_controller@ip-172-31-13-122"} 1 3.251231527093596 0.0 3.74384236453202 2.338727778261288 3.008768533510955 5
stats: session 7 41619.18352399553 6566.658483369747 51485.384033203125 26477.1240234375 32961.0828125 10
stats: users_count 17 79
stats: finish_users_count 7 17
stats: request 104 2386.288294865534 1794.0397850404022 10506.4990234375 7.23681640625 1612.3870211138635 369
stats: connect 16 0.7471923828125 0.06903942266311797 109.705078125 0.56103515625 2.5056979271673385 62
stats: page 100 2460.939470214843 1813.1618918252254 10506.4990234375 7.23681640625 1695.080097600605 351
stats: 302 17 58
stats: 200 85 409
stats: size_rcv 14426369 60745399
stats: newphase 0 1
stats: size_sent 54156 221559
stats: connected 9 61
stats: 500 2 6
# stats: dump at 1480602208
stats: users 99 99
stats: {freemem,"tsung_controller@ip-172-31-13-122"} 1 3149.33984375 0.0 3159.22265625 3149.33984375 3154.8958333333335 6
stats: {load,"tsung_controller@ip-172-31-13-122"} 1 0.23828125 0.0 0.3984375 0.23828125 0.337890625 6
stats: {recvpackets,"tsung_controller@ip-172-31-13-122"} 1 11192.0 0.0 11192 1964 6735.2 5
stats: {sentpackets,"tsung_controller@ip-172-31-13-122"} 1 4688.0 0.0 4688 932 2514.6 5
stats: {cpu,"tsung_controller@ip-172-31-13-122"} 1 4.523107177974435 0.0 4.523107177974435 2.338727778261288 3.0491790324413954 6
stats: session 2 52127.3740234375 5427.89599609375 57555.27001953125 26477.1240234375 36526.18310546875 17
stats: users_count 39 118
stats: finish_users_count 2 19
stats: request 88 3600.6456576260653 1867.7554688256798 10506.4990234375 7.23681640625 1782.5471320444635 473
stats: connect 38 0.7578125 0.12631430577987862 109.705078125 0.56103515625 2.1449788411458335 78
stats: page 85 3738.8164206112124 1974.5433735500155 10506.4990234375 7.23681640625 1864.8937057190612 451
stats: 302 7 65
stats: 200 81 490
stats: size_rcv 12397208 73142607
stats: newphase 1 2
stats: size_sent 55411 276970
stats: connected 36 97
stats: 500 0 6
# stats: dump at 1480602218
stats: users 138 138
stats: {freemem,"tsung_controller@ip-172-31-13-122"} 1 3144.9921875 0.0 3159.22265625 3144.9921875 3154.102120535714 7
stats: {load,"tsung_controller@ip-172-31-13-122"} 1 0.19921875 0.0 0.3984375 0.19921875 0.3236607142857143 7
stats: {recvpackets,"tsung_controller@ip-172-31-13-122"} 1 10086.0 0.0 11192 1964 7478.0 6
stats: {sentpackets,"tsung_controller@ip-172-31-13-122"} 1 4295.0 0.0 4688 932 2876.8333333333335 6
stats: {cpu,"tsung_controller@ip-172-31-13-122"} 1 4.330708661417323 0.0 4.523107177974435 2.338727778261288 3.2597401960889725 7
stats: session 2 57994.404541015625 1398.869384765625 59393.27392578125 26477.1240234375 38168.41372841283 19
stats: users_count 41 159
stats: finish_users_count 2 21
stats: request 121 5464.871103838455 3691.9574196596163 12112.6220703125 0.75 2067.7390576258913 561
stats: connect 42 0.8152611142113095 0.4305562884117189 109.705078125 0.5390625 1.6905622811153018 116
stats: page 114 5380.916007058662 3775.878611475159 12112.6220703125 0.75 2162.064285506063 536
stats: 302 11 76
stats: 200 74 564
stats: size_rcv 11949899 85092506
stats: newphase 0 2
stats: size_sent 49557 326527
stats: connected 40 137
stats: 503 35 35
stats: 500 1 7
# stats: dump at 1480602228
stats: users 166 166
stats: {freemem,"tsung_controller@ip-172-31-13-122"} 1 3140.04296875 0.0 3159.22265625 3140.04296875 3152.96337890625 8
stats: {load,"tsung_controller@ip-172-31-13-122"} 1 0.171875 0.0 0.3984375 0.171875 0.30810546875 8
stats: {recvpackets,"tsung_controller@ip-172-31-13-122"} 1 7239.0 0.0 11192 1964 7850.571428571428 7
stats: {sentpackets,"tsung_controller@ip-172-31-13-122"} 1 3206.0 0.0 4688 932 3079.4285714285716 7
stats: {cpu,"tsung_controller@ip-172-31-13-122"} 1 4.3095004897159646 0.0 4.523107177974435 2.338727778261288 3.393611254255016 8
stats: session 7 60431.60501534598 10266.600652633391 69884.72680664063 26477.1240234375 40056.60332961309 21
stats: users_count 35 194
stats: finish_users_count 7 28
stats: request 311 3454.2527310779224 3705.474747278261 15455.498046875 0.7080078125 2670.4560335668302 682
stats: connect 34 0.6831916360294119 0.1263208707908328 109.705078125 0.5390625 1.4578872873813291 158
stats: page 303 3684.8392837574797 4048.795636780476 16417.0068359375 0.75 2726.601356670673 650
stats: 302 19 95
stats: 200 209 773
stats: size_rcv 29800249 114892755
stats: newphase 0 2
stats: size_sent 129021 455548
stats: connected 27 164
stats: 503 83 118
stats: 500 0 7
# stats: dump at 1480602238
stats: users 215 215
stats: {freemem,"tsung_controller@ip-172-31-13-122"} 1 3133.60546875 0.0 3159.22265625 3133.60546875 3151.527777777778 9
stats: {load,"tsung_controller@ip-172-31-13-122"} 1 0.140625 0.0 0.3984375 0.140625 0.29296875 9
stats: {recvpackets,"tsung_controller@ip-172-31-13-122"} 1 23261.0 0.0 23261 1964 7774.125 8
stats: {sentpackets,"tsung_controller@ip-172-31-13-122"} 1 9838.0 0.0 9838 932 3095.25 8
stats: {cpu,"tsung_controller@ip-172-31-13-122"} 1 9.21435499515034 0.0 9.21435499515034 2.338727778261288 3.495376724861788 9
stats: session 16 56978.599197387695 13626.000336877578 83738.03002929688 21921.031982421875 45150.353751046314 28
stats: users_count 65 259
stats: finish_users_count 16 44
stats: request 462 1240.2016347909887 3312.2379372163537 15455.498046875 0.662109375 2915.9351603804753 993
stats: connect 66 0.6779822147253788 0.0669146639145531 109.705078125 0.5390625 1.3207015991210938 192
stats: page 447 1264.9216445137718 3350.05738322233 16417.0068359375 0.680908203125 3031.26672068673 953
stats: 302 4 99
stats: 200 55 828
stats: size_rcv 13861438 128754193
stats: newphase 1 3
stats: size_sent 162056 617604
stats: connected 51 215
stats: 503 401 519
stats: 500 2 9
# stats: dump at 1480602248
stats: users 272 272
stats: {freemem,"tsung_controller@ip-172-31-13-122"} 1 3133.00390625 0.0 3159.22265625 3133.00390625 3149.735546875 10
stats: {load,"tsung_controller@ip-172-31-13-122"} 1 0.19921875 0.0 0.3984375 0.140625 0.277734375 10
stats: {recvpackets,"tsung_controller@ip-172-31-13-122"} 1 9163.0 0.0 23261 1964 9494.888888888889 9
stats: {sentpackets,"tsung_controller@ip-172-31-13-122"} 1 4642.0 0.0 9838 932 3844.4444444444443 9
stats: {cpu,"tsung_controller@ip-172-31-13-122"} 1 7.262021589793916 0.0 9.21435499515034 2.338727778261288 4.067274551890643 10
stats: session 20 46524.601550292966 14538.314682531896 83738.03002929688 14579.931884765625 49451.53391335227 44
stats: users_count 77 336
stats: finish_users_count 20 64
stats: request 663 1735.6861102764424 5010.857374434126 20318.85693359375 0.655029296875 2383.846576997422 1455
stats: connect 76 0.6602847450657895 0.08477502062253416 109.705078125 0.510009765625 1.156285012415213 258
stats: page 626 1788.4898693340656 5135.997429719293 24645.998046875 0.673095703125 2467.2979713657924 1400
stats: 302 6 105
stats: 200 64 892
stats: size_rcv 13014924 141769117
stats: newphase 0 3
stats: size_sent 210337 827941
stats: connected 56 271
stats: 503 591 1110
stats: 500 1 10
stats: 404 1 1
# stats: dump at 1480602258
stats: users 319 323
stats: {freemem,"tsung_controller@ip-172-31-13-122"} 1 3132.07421875 0.0 3159.22265625 3132.07421875 3148.2144886363635 11
stats: {load,"tsung_controller@ip-172-31-13-122"} 1 0.171875 0.0 0.3984375 0.140625 0.2705965909090909 11
stats: {recvpackets,"tsung_controller@ip-172-31-13-122"} 1 9607.0 0.0 23261 1964 9461.7 10
stats: {sentpackets,"tsung_controller@ip-172-31-13-122"} 1 5082.0 0.0 9838 932 3924.2 10
stats: {cpu,"tsung_controller@ip-172-31-13-122"} 1 7.9178885630498534 0.0 9.21435499515034 2.338727778261288 4.35770610079094 11
stats: session 45 42863.60620659722 17883.06834172946 83738.03002929688 14579.931884765625 48536.86754989624 64
stats: users_count 92 428
stats: finish_users_count 45 109
stats: request 911 1501.8296278986008 3980.600513841813 24403.47998046875 0.64013671875 2180.9521532788144 2118
stats: connect 92 0.6753221594769023 0.1231045944565178 109.705078125 0.510009765625 1.0434226761321108 334
stats: page 862 1621.2929959396752 4257.029078765413 26134.763916015625 0.662109375 2257.557659484321 2026
stats: 302 4 109
stats: 200 112 1004
stats: size_rcv 16296554 158065671
stats: newphase 0 3
stats: size_sent 293525 1121466
stats: connected 47 318
stats: 503 784 1894
stats: 500 0 10
stats: 404 11 12
# stats: dump at 1480602268
stats: users 278 325
stats: {freemem,"tsung_controller@ip-172-31-13-122"} 1 3127.90625 0.0 3159.22265625 3127.90625 3146.8694661458335 12
stats: {load,"tsung_controller@ip-172-31-13-122"} 1 0.140625 0.0 0.3984375 0.140625 0.26236979166666663 12
stats: {recvpackets,"tsung_controller@ip-172-31-13-122"} 1 13669.0 0.0 23261 1964 9474.90909090909 11
stats: {sentpackets,"tsung_controller@ip-172-31-13-122"} 1 6798.0 0.0 9838 932 4029.4545454545455 11
stats: {cpu,"tsung_controller@ip-172-31-13-122"} 1 11.527377521613833 0.0 11.527377521613833 2.338727778261288 4.65438797264585 12
stats: session 56 43696.22176688058 19519.688884025283 83738.03002929688 10683.968017578125 46194.69543569022 109
stats: users_count 15 443
stats: finish_users_count 56 165
stats: request 879 969.0694234281676 2764.572436124266 24403.47998046875 0.64013671875 1976.6997199274197 3029
stats: connect 17 0.7348776424632353 0.30355931578412937 109.705078125 0.510009765625 0.9639267899061033 426
stats: page 799 1024.9976172608322 2889.245853979357 26134.763916015625 0.662109375 2067.6476387171865 2888
stats: 302 8 117
stats: 200 84 1088
stats: size_rcv 15934278 173999949
stats: newphase 0 3
stats: size_sent 325061 1446527
stats: connected -39 279
stats: 503 776 2670
stats: 500 0 10
stats: 404 11 23
# stats: dump at 1480602278
stats: users 211 325
stats: {freemem,"tsung_controller@ip-172-31-13-122"} 1 3127.8125 0.0 3159.22265625 3127.8125 3145.4107572115386 13
stats: {load,"tsung_controller@ip-172-31-13-122"} 1 0.12109375 0.0 0.3984375 0.12109375 0.25300480769230765 13
stats: {recvpackets,"tsung_controller@ip-172-31-13-122"} 1 9128.0 0.0 23261 1964 9824.416666666666 12
stats: {sentpackets,"tsung_controller@ip-172-31-13-122"} 1 5087.0 0.0 9838 932 4260.166666666667 12
stats: {cpu,"tsung_controller@ip-172-31-13-122"} 1 9.21435499515034 0.0 11.527377521613833 2.338727778261288 5.183079476412617 13
stats: session 67 39849.37822484259 16665.551600806884 84393.96704101563 10683.968017578125 45346.72861476089 165
stats: users_count 0 443
stats: finish_users_count 67 232
stats: request 516 2362.468377165095 4829.235584144813 24403.47998046875 0.64013671875 1750.0602545684528 3908
stats: connect 0 0 0 109.705078125 0.510009765625 0.9551370935031038 443
stats: page 443 2517.25128352938 5168.163878412306 26134.763916015625 0.662109375 1841.6977154344015 3687
stats: 302 14 131
stats: 200 66 1154
stats: size_rcv 10258644 184258593
stats: newphase 0 3
stats: size_sent 228635 1675162
stats: connected -68 211
stats: 503 415 3085
stats: 500 1 11
stats: 404 20 43
# stats: dump at 1480602288
stats: users 151 325
stats: {freemem,"tsung_controller@ip-172-31-13-122"} 1 3127.21875 0.0 3159.22265625 3127.21875 3144.153738839286 14
stats: {load,"tsung_controller@ip-172-31-13-122"} 1 0.1796875 0.0 0.3984375 0.12109375 0.24358258928571425 14
stats: {recvpackets,"tsung_controller@ip-172-31-13-122"} 1 11819.0 0.0 23261 1964 9770.846153846154 13
stats: {sentpackets,"tsung_controller@ip-172-31-13-122"} 1 4989.0 0.0 9838 932 4323.7692307692305 13
stats: {cpu,"tsung_controller@ip-172-31-13-122"} 1 7.482993197278912 0.0 11.527377521613833 2.338727778261288 5.471027727751027 14
stats: session 60 49977.48849690755 19863.87691665031 100142.82202148438 10683.968017578125 43759.13173491379 232
stats: users_count 0 443
stats: finish_users_count 60 292
stats: request 375 3523.335141276043 3112.8254300769395 24403.47998046875 0.64013671875 1821.4894117248425 4424
stats: connect 0 0 0 109.705078125 0.510009765625 0.9551370935031038 443
stats: page 298 4830.833626356699 4352.578891187799 26134.763916015625 0.662109375 1914.1602410194077 4130
stats: 302 90 221
stats: 200 145 1299
stats: size_rcv 15371110 199629703
stats: newphase 0 3
stats: size_sent 173608 1848770
stats: connected -58 153
stats: 503 70 3155
stats: 500 1 12
stats: 404 69 112
# stats: dump at 1480602298
stats: users 44 325
stats: {freemem,"tsung_controller@ip-172-31-13-122"} 1 3126.90234375 0.0 3159.22265625 3126.90234375 3143.0247395833335 15
stats: {load,"tsung_controller@ip-172-31-13-122"} 1 0.1484375 0.0 0.3984375 0.12109375 0.23932291666666664 15
stats: {recvpackets,"tsung_controller@ip-172-31-13-122"} 1 9838.0 0.0 23261 1964 9917.142857142857 14
stats: {sentpackets,"tsung_controller@ip-172-31-13-122"} 1 3903.0 0.0 9838 932 4371.285714285715 14
stats: {cpu,"tsung_controller@ip-172-31-13-122"} 1 5.098039215686274 0.0 11.527377521613833 2.338727778261288 5.605158759052886 15
stats: session 107 52747.90761901285 16796.458961130815 110341.96606445313 10683.968017578125 45036.87627504949 292
stats: users_count 0 443
stats: finish_users_count 107 399
stats: request 355 792.8003025968306 1442.476174749692 24403.47998046875 0.64013671875 1954.4738144299267 4799
stats: connect 0 0 0 109.705078125 0.510009765625 0.9551370935031038 443
stats: page 314 1006.3180926863562 1665.158005054673 26134.763916015625 0.662109375 2110.4494616225047 4428
stats: 302 218 439
stats: 200 117 1416
stats: size_rcv 9157784 208787487
stats: newphase 0 3
stats: size_sent 154561 2003331
stats: connected -109 44
stats: 503 0 3155
stats: 500 2 14
stats: 404 18 130
# stats: dump at 1480602308
stats: users 23 325
stats: {freemem,"tsung_controller@ip-172-31-13-122"} 1 3130.48828125 0.0 3159.22265625 3126.90234375 3142.01708984375 16
stats: {load,"tsung_controller@ip-172-31-13-122"} 1 0.12890625 0.0 0.3984375 0.12109375 0.23364257812499997 16
stats: {recvpackets,"tsung_controller@ip-172-31-13-122"} 1 5437.0 0.0 23261 1964 9911.866666666667 15
stats: {sentpackets,"tsung_controller@ip-172-31-13-122"} 1 2130.0 0.0 9838 932 4340.0666666666675 15
stats: {cpu,"tsung_controller@ip-172-31-13-122"} 1 3.937007874015748 0.0 11.527377521613833 2.338727778261288 5.573463787592472 16
stats: session 21 54280.38459123884 12850.274367286964 110341.96606445313 10683.968017578125 47104.746835961974 399
stats: users_count 0 443
stats: finish_users_count 21 420
stats: request 81 73.830078125 583.6936904204227 24403.47998046875 0.64013671875 1874.4594378872903 5154
stats: connect 0 0 0 109.705078125 0.510009765625 0.9551370935031038 443
stats: page 68 87.96622242647057 636.09204065964 26134.763916015625 0.662109375 2037.3374308662942 4742
stats: 302 52 491
stats: 200 29 1445
stats: size_rcv 2157683 210945170
stats: newphase 0 3
stats: size_sent 44648 2047979
stats: connected -20 24
stats: 503 0 3155
stats: 500 0 14
stats: 404 0 130
# stats: dump at 1480602318
stats: users 8 325
stats: {freemem,"tsung_controller@ip-172-31-13-122"} 1 3132.1015625 0.0 3159.22265625 3126.90234375 3141.338924632353 17
stats: {load,"tsung_controller@ip-172-31-13-122"} 1 0.109375 0.0 0.3984375 0.109375 0.2274816176470588 17
stats: {recvpackets,"tsung_controller@ip-172-31-13-122"} 1 775.0 0.0 23261 775 9632.1875 16
stats: {sentpackets,"tsung_controller@ip-172-31-13-122"} 1 446.0 0.0 9838 446 4201.937500000001 16
stats: {cpu,"tsung_controller@ip-172-31-13-122"} 1 1.6765285996055226 0.0 11.527377521613833 1.6765285996055226 5.477201675029136 17
stats: session 15 62784.00735677083 9261.129918203122 110341.96606445313 10683.968017578125 47463.528723725816 420
stats: users_count 0 443
stats: finish_users_count 15 435
stats: request 56 8.619201660156246 1.2315981288141342 24403.47998046875 0.64013671875 1846.5986970772146 5235
stats: connect 0 0 0 109.705078125 0.510009765625 0.9551370935031038 443
stats: page 43 11.259334120639535 4.225006958193818 26134.763916015625 0.662109375 2009.7787526596605 4810
stats: 302 41 532
stats: 200 15 1460
stats: size_rcv 405627 211350797
stats: newphase 0 3
stats: size_sent 31740 2079719
stats: connected -16 8
stats: 503 0 3155
stats: 500 0 14
stats: 404 0 130
# stats: dump at 1480602328
stats: users 2 325
stats: {freemem,"tsung_controller@ip-172-31-13-122"} 1 3132.25 0.0 3159.22265625 3126.90234375 3140.825737847222 18
stats: {load,"tsung_controller@ip-172-31-13-122"} 1 0.08984375 0.0 0.3984375 0.08984375 0.22092013888888887 18
stats: {recvpackets,"tsung_controller@ip-172-31-13-122"} 1 237.0 0.0 23261 237 9111.176470588236 17
stats: {sentpackets,"tsung_controller@ip-172-31-13-122"} 1 161.0 0.0 9838 161 3981.000000000001 17
stats: {cpu,"tsung_controller@ip-172-31-13-122"} 1 1.3793103448275863 0.0 11.527377521613833 1.3793103448275863 5.266053170838934 18
stats: session 6 71711.68139648438 7785.741399607123 110341.96606445313 10683.968017578125 47991.821090382546 435
stats: users_count 0 443
stats: finish_users_count 6 441
stats: request 22 8.669511274857955 1.040358653146158 24403.47998046875 0.64013671875 1827.145502644526 5291
stats: connect 0 0 0 109.705078125 0.510009765625 0.9551370935031038 443
stats: page 17 11.254466337316176 4.589107154504631 26134.763916015625 0.662109375 1992.0708740284679 4853
stats: 302 17 549
stats: 200 5 1465
stats: size_rcv 122856 211473653
stats: newphase 0 3
stats: size_sent 12682 2092401
stats: connected -6 2
stats: 503 0 3155
stats: 500 0 14
stats: 404 0 130
# stats: dump at 1480602335
stats: users 0 325
stats: {freemem,"tsung_controller@ip-172-31-13-122"} 1 3137.78125 0.0 3159.22265625 3126.90234375 3140.374383223684 19
stats: {load,"tsung_controller@ip-172-31-13-122"} 1 0.078125 0.0 0.3984375 0.078125 0.21402138157894737 19
stats: {recvpackets,"tsung_controller@ip-172-31-13-122"} 1 139.0 0.0 23261 139 8618.166666666666 18
stats: {sentpackets,"tsung_controller@ip-172-31-13-122"} 1 92.0 0.0 9838 92 3768.7777777777787 18
stats: {cpu,"tsung_controller@ip-172-31-13-122"} 1 1.0869565217391304 0.0 11.527377521613833 1.0869565217391304 5.061487758943601 19
stats: session 2 77568.99450683594 422.8956298828125 110341.96606445313 10683.968017578125 48314.540278220666 441
stats: users_count 0 443
stats: finish_users_count 2 443
stats: request 3 8.297688802083334 0.8153110765599305 24403.47998046875 0.64013671875 1819.6155813552107 5313
stats: connect 0 0 0 109.705078125 0.510009765625 0.9551370935031038 443
stats: page 3 8.297688802083334 0.8153110765599305 26134.763916015625 0.662109375 1985.1563198332422 4870
stats: 302 3 552
stats: 200 0 1465
stats: size_rcv 295 211473948
stats: newphase 0 3
stats: size_sent 1726 2094127
stats: connected -2 0
stats: 503 0 3155
stats: 500 0 14
stats: 404 0 130
EndMonitor:{1480,602335,335550}
