# stats: dump at 1480606396
stats: users 4 6
stats: {freemem,"tsung_controller@ip-172-31-13-122"} 1 3157.34765625 0 3157.34765625 3157.34765625 0 0
stats: {load,"tsung_controller@ip-172-31-13-122"} 1 0.078125 0 0.078125 0.078125 0 0
stats: {cpu,"tsung_controller@ip-172-31-13-122"} 1 2.6219453570499685 0 2.6219453570499685 2.6219453570499685 0 0
stats: session 7 1391.175013950893 2049.854212359967 6219.97900390625 22.06103515625 0 0
stats: users_count 11 11
stats: finish_users_count 7 7
stats: request 19 19.53042763157895 28.36598729110571 126.318115234375 5.711181640625 0 0
stats: connect 10 13.272900390625 34.046096024445006 114.886962890625 0.525146484375 0 0
stats: page 18 20.62383355034722 28.84454051061705 126.318115234375 5.711181640625 0 0
stats: 302 3 3
stats: 200 16 16
stats: size_rcv 788420 788420
stats: size_sent 6518 6518
stats: connected 5 5
# stats: dump at 1480606406
stats: users 10 10
stats: {freemem,"tsung_controller@ip-172-31-13-122"} 1 3156.859375 0.0 3157.34765625 3156.859375 3157.34765625 1
stats: {load,"tsung_controller@ip-172-31-13-122"} 1 0.0703125 0.0 0.078125 0.0703125 0.078125 1
stats: {recvpackets,"tsung_controller@ip-172-31-13-122"} 1 651 0 651 651 0 0
stats: {sentpackets,"tsung_controller@ip-172-31-13-122"} 1 356 0 356 356 0 0
stats: {cpu,"tsung_controller@ip-172-31-13-122"} 1 2.55653883972468 0.0 2.6219453570499685 2.55653883972468 2.6219453570499685 1
stats: session 6 4110.895914713542 4104.259963317951 12500.159912109375 22.06103515625 1391.175013950893 7
stats: users_count 12 23
stats: finish_users_count 6 13
stats: request 31 281.98423324092744 995.4956724619096 4320.358154296875 5.06298828125 19.53042763157895 19
stats: connect 12 0.7087809244791666 0.08784499691208235 114.886962890625 0.51318359375 13.272900390625 10
stats: page 29 301.4396214978448 1026.4006134037531 4320.358154296875 5.06298828125 20.62383355034722 18
stats: 302 6 9
stats: 200 24 40
stats: size_rcv 3087925 3876345
stats: size_sent 11022 17540
stats: connected 4 9
stats: 500 1 1
# stats: dump at 1480606416
stats: users 9 13
stats: {freemem,"tsung_controller@ip-172-31-13-122"} 1 3155.66015625 0.0 3157.34765625 3155.66015625 3157.103515625 2
stats: {load,"tsung_controller@ip-172-31-13-122"} 1 0.05859375 0.0 0.078125 0.05859375 0.07421875 2
stats: {recvpackets,"tsung_controller@ip-172-31-13-122"} 1 2848.0 0.0 2848 651 651.0 1
stats: {sentpackets,"tsung_controller@ip-172-31-13-122"} 1 1016.0 0.0 1016 356 356.0 1
stats: {cpu,"tsung_controller@ip-172-31-13-122"} 1 1.87192118226601 0.0 2.6219453570499685 1.87192118226601 2.5892420983873246 2
stats: session 8 9203.599090576172 6582.748120854931 22541.261962890625 22.06103515625 2646.4308143028848 13
stats: users_count 7 30
stats: finish_users_count 8 21
stats: request 35 700.5575334821428 1297.9649516348802 4904.273193359375 5.06298828125 182.251787109375 50
stats: connect 8 0.756591796875 0.12319761458648254 114.886962890625 0.51318359375 6.419744318181818 22
stats: page 33 743.0253536339962 1326.040699898347 4904.273193359375 5.06298828125 193.89314951795214 47
stats: 302 6 15
stats: 200 29 69
stats: size_rcv 6367593 10243938
stats: size_sent 15679 33219
stats: connected 1 10
stats: 500 0 1
# stats: dump at 1480606426
stats: users 15 18
stats: {freemem,"tsung_controller@ip-172-31-13-122"} 1 3155.0625 0.0 3157.34765625 3155.0625 3156.6223958333335 3
stats: {load,"tsung_controller@ip-172-31-13-122"} 1 0.05078125 0.0 0.078125 0.05078125 0.06901041666666667 3
stats: {recvpackets,"tsung_controller@ip-172-31-13-122"} 1 4612.0 0.0 4612 651 1749.5 2
stats: {sentpackets,"tsung_controller@ip-172-31-13-122"} 1 2072.0 0.0 2072 356 686.0 2
stats: {cpu,"tsung_controller@ip-172-31-13-122"} 1 2.1696252465483234 0.0 2.6219453570499685 1.87192118226601 2.350135126346886 3
stats: session 10 9525.050830078126 6793.60674745217 22541.261962890625 22.06103515625 5144.3996814546135 21
stats: users_count 16 46
stats: finish_users_count 10 31
stats: request 55 532.209130859375 1477.877477283149 5818.67919921875 5.06298828125 395.6718003216912 85
stats: connect 16 0.6733856201171875 0.0720485943348353 114.886962890625 0.51318359375 4.9095703125 30
stats: page 52 562.9207153320311 1514.2145151995169 5818.67919921875 5.06298828125 420.4101837158203 80
stats: 302 7 22
stats: 200 47 116
stats: size_rcv 8375477 18619415
stats: newphase 1 1
stats: size_sent 21794 55013
stats: connected 5 15
stats: 500 1 2
# stats: dump at 1480606436
stats: users 19 21
stats: {freemem,"tsung_controller@ip-172-31-13-122"} 1 3154.23046875 0.0 3157.34765625 3154.23046875 3156.232421875 4
stats: {load,"tsung_controller@ip-172-31-13-122"} 1 0.0390625 0.0 0.078125 0.0390625 0.064453125 4
stats: {recvpackets,"tsung_controller@ip-172-31-13-122"} 1 5598.0 0.0 5598 651 2703.6666666666665 3
stats: {sentpackets,"tsung_controller@ip-172-31-13-122"} 1 2579.0 0.0 2579 356 1148.0 3
stats: {cpu,"tsung_controller@ip-172-31-13-122"} 1 2.8515240904621435 0.0 2.8515240904621435 1.87192118226601 2.3050076563972453 4
stats: session 16 9028.269973754883 6936.023963695743 24147.072021484375 22.06103515625 6557.5129552041335 31
stats: users_count 20 66
stats: finish_users_count 16 47
stats: request 66 506.3616166548297 1415.4660188385978 5818.67919921875 5.06298828125 449.311465890067 140
stats: connect 20 0.70531005859375 0.07189688453045849 114.886962890625 0.51318359375 3.4361147673233696 46
stats: page 62 539.0379244896676 1454.3720978073657 5818.67919921875 5.06298828125 476.55069617069125 132
stats: 302 11 33
stats: 200 53 169
stats: size_rcv 8556304 27175719
stats: newphase 0 1
stats: size_sent 26218 81231
stats: connected 5 20
stats: 500 2 4
# stats: dump at 1480606446
stats: users 16 23
stats: {freemem,"tsung_controller@ip-172-31-13-122"} 1 3153.39453125 0.0 3157.34765625 3153.39453125 3155.83203125 5
stats: {load,"tsung_controller@ip-172-31-13-122"} 1 0.0390625 0.0 0.078125 0.0390625 0.059375 5
stats: {recvpackets,"tsung_controller@ip-172-31-13-122"} 1 5827.0 0.0 5827 651 3427.25 4
stats: {sentpackets,"tsung_controller@ip-172-31-13-122"} 1 2715.0 0.0 2715 356 1505.75 4
stats: {cpu,"tsung_controller@ip-172-31-13-122"} 1 3.2480314960629917 0.0 3.2480314960629917 1.87192118226601 2.414310943210225 5
stats: session 25 8317.79150390625 7227.067809866624 26005.280029296875 22.06103515625 7398.621727476729 47
stats: users_count 22 88
stats: finish_users_count 25 72
stats: request 70 382.91013881138394 1170.4034658760577 5818.67919921875 5.06298828125 467.58966953314626 206
stats: connect 22 0.7259965376420454 0.11644087146515333 114.886962890625 0.51318359375 2.6085981889204546 66
stats: page 66 406.12465968276507 1201.437310224706 5818.67919921875 5.06298828125 496.5208413035599 194
stats: 302 14 47
stats: 200 56 225
stats: size_rcv 6121470 33297189
stats: newphase 0 1
stats: size_sent 27336 108567
stats: connected -4 16
stats: 500 0 4
# stats: dump at 1480606456
stats: users 31 32
stats: {freemem,"tsung_controller@ip-172-31-13-122"} 1 3153.28125 0.0 3157.34765625 3153.28125 3155.42578125 6
stats: {load,"tsung_controller@ip-172-31-13-122"} 1 0.03125 0.0 0.078125 0.03125 0.055989583333333336 6
stats: {recvpackets,"tsung_controller@ip-172-31-13-122"} 1 4386.0 0.0 5827 651 3907.2 5
stats: {sentpackets,"tsung_controller@ip-172-31-13-122"} 1 2073.0 0.0 2715 356 1747.6 5
stats: {cpu,"tsung_controller@ip-172-31-13-122"} 1 3.2352941176470593 0.0 3.2480314960629917 1.87192118226601 2.5532643686856864 6
stats: session 26 4533.039165790265 5276.383457872805 26005.280029296875 22.06103515625 7717.77789984809 72
stats: users_count 41 129
stats: finish_users_count 26 98
stats: request 97 468.57043079494184 1129.8702061794245 6030.783935546875 5.06298828125 446.11297695878625 276
stats: connect 40 0.67047119140625 0.0711558259608752 114.886962890625 0.51318359375 2.137947776100852 88
stats: page 88 516.505595814098 1175.7651479149754 6030.783935546875 5.06298828125 473.5741182767428 260
stats: 302 22 69
stats: 200 75 300
stats: size_rcv 8662439 41959628
stats: newphase 1 2
stats: size_sent 42464 151031
stats: connected 14 30
stats: 500 0 4
# stats: dump at 1480606466
stats: users 50 54
stats: {freemem,"tsung_controller@ip-172-31-13-122"} 1 3150.74609375 0.0 3157.34765625 3150.74609375 3155.1194196428573 7
stats: {load,"tsung_controller@ip-172-31-13-122"} 1 0.03125 0.0 0.078125 0.03125 0.052455357142857144 7
stats: {recvpackets,"tsung_controller@ip-172-31-13-122"} 1 8719.0 0.0 8719 651 3987.0 6
stats: {sentpackets,"tsung_controller@ip-172-31-13-122"} 1 3250.0 0.0 3250 356 1801.8333333333333 6
stats: {cpu,"tsung_controller@ip-172-31-13-122"} 1 4.411764705882353 0.0 4.411764705882353 1.87192118226601 2.650697189965882 7
stats: session 29 8953.149060479525 9135.131953733764 38957.968994140625 22.06103515625 6872.847215302137 98
stats: users_count 48 177
stats: finish_users_count 29 127
stats: request 135 828.6662109374998 1538.5336208955093 7874.333984375 5.06298828125 451.9531191092074 373
stats: connect 49 0.7627501195790817 0.49272047636172805 114.886962890625 0.51318359375 1.6793613433837888 128
stats: page 125 862.4093496093749 1578.722555713557 7874.333984375 5.06298828125 484.4303539758441 348
stats: 302 25 94
stats: 200 109 409
stats: size_rcv 16633891 58593519
stats: newphase 0 2
stats: size_sent 60620 211651
stats: connected 21 51
stats: 500 1 5
# stats: dump at 1480606476
stats: users 49 63
stats: {freemem,"tsung_controller@ip-172-31-13-122"} 1 3148.82421875 0.0 3157.34765625 3148.82421875 3154.57275390625 8
stats: {load,"tsung_controller@ip-172-31-13-122"} 1 0.01953125 0.0 0.078125 0.01953125 0.0498046875 8
stats: {recvpackets,"tsung_controller@ip-172-31-13-122"} 1 1.01e4 0.0 10100 651 4663.0 7
stats: {sentpackets,"tsung_controller@ip-172-31-13-122"} 1 3762.0 0.0 3762 356 2008.7142857142858 7
stats: {cpu,"tsung_controller@ip-172-31-13-122"} 1 4.803921568627452 0.0 4.803921568627452 1.87192118226601 2.8708306294554413 8
stats: session 33 11146.171061197916 7255.885767214855 38957.968994140625 22.06103515625 7347.876770500123 127
stats: users_count 32 209
stats: finish_users_count 33 160
stats: request 118 2205.9866198523564 2397.2871878539504 9909.072021484375 5.06298828125 552.0638817013718 508
stats: connect 32 0.7939376831054688 0.7121512262210533 114.886962890625 0.510986328125 1.4256102136299433 177
stats: page 112 2353.3681248256144 2470.799012051603 9909.072021484375 5.06298828125 584.3190948937962 473
stats: 302 19 113
stats: 200 98 507
stats: size_rcv 12680284 71273803
stats: newphase 0 2
stats: size_sent 44163 255814
stats: connected 0 51
stats: 500 1 6
# stats: dump at 1480606486
stats: users 78 80
stats: {freemem,"tsung_controller@ip-172-31-13-122"} 1 3147.13671875 0.0 3157.34765625 3147.13671875 3153.934027777778 9
stats: {load,"tsung_controller@ip-172-31-13-122"} 1 0.1015625 0.0 0.1015625 0.01953125 0.046440972222222224 9
stats: {recvpackets,"tsung_controller@ip-172-31-13-122"} 1 10788.0 0.0 10788 651 5342.625 8
stats: {sentpackets,"tsung_controller@ip-172-31-13-122"} 1 4144.0 0.0 4144 356 2227.875 8
stats: {cpu,"tsung_controller@ip-172-31-13-122"} 1 4.500978473581213 0.0 4.803921568627452 1.87192118226601 3.0856185115856647 9
stats: session 27 13428.514838324652 9360.741734539279 38957.968994140625 22.06103515625 8131.274967956543 160
stats: users_count 56 265
stats: finish_users_count 27 187
stats: request 106 3866.9702954562217 1869.8223785609418 11071.762939453125 5.06298828125 863.82567579373 626
stats: connect 55 0.790234375 0.537552626938815 114.886962890625 0.489013671875 1.3288948022577751 209
stats: page 97 4234.020633658181 2084.202205734043 11071.762939453125 5.06298828125 923.0088237012553 585
stats: 302 18 131
stats: 200 87 594
stats: size_rcv 13041630 84315433
stats: newphase 1 3
stats: size_sent 47455 303269
stats: connected 27 78
stats: 500 1 7
# stats: dump at 1480606496
stats: users 105 112
stats: {freemem,"tsung_controller@ip-172-31-13-122"} 1 3145.55078125 0.0 3157.34765625 3145.55078125 3153.254296875 10
stats: {load,"tsung_controller@ip-172-31-13-122"} 1 0.078125 0.0 0.1015625 0.01953125 0.051953125 10
stats: {recvpackets,"tsung_controller@ip-172-31-13-122"} 1 8373.0 0.0 10788 651 5947.666666666667 9
stats: {sentpackets,"tsung_controller@ip-172-31-13-122"} 1 3416.0 0.0 4144 356 2440.777777777778 9
stats: {cpu,"tsung_controller@ip-172-31-13-122"} 1 4.3095004897159646 0.0 4.803921568627452 1.87192118226601 3.2271545077852197 10
stats: session 49 12482.394317004146 10755.496959184184 38957.968994140625 22.06103515625 8896.117088277073 187
stats: users_count 76 341
stats: finish_users_count 49 236
stats: request 155 3792.8461331275203 2522.7787347571943 11071.762939453125 5.06298828125 1298.707273722998 732
stats: connect 73 0.6848177975171235 0.18505086571830823 114.886962890625 0.489013671875 1.2166738799124053 264
stats: page 152 3867.7074520713404 2525.416973433172 11071.762939453125 5.06298828125 1393.9298582552462 682
stats: 302 18 149
stats: 200 136 730
stats: size_rcv 14886494 99201927
stats: newphase 0 3
stats: size_sent 53923 357192
stats: connected 24 102
stats: 500 1 8
# stats: dump at 1480606506
stats: users 143 145
stats: {freemem,"tsung_controller@ip-172-31-13-122"} 1 3141.54296875 0.0 3157.34765625 3141.54296875 3152.5539772727275 11
stats: {load,"tsung_controller@ip-172-31-13-122"} 1 0.140625 0.0 0.140625 0.01953125 0.05433238636363636 11
stats: {recvpackets,"tsung_controller@ip-172-31-13-122"} 1 11497.0 0.0 11497 651 6190.2 10
stats: {sentpackets,"tsung_controller@ip-172-31-13-122"} 1 4906.0 0.0 4906 356 2538.3 10
stats: {cpu,"tsung_controller@ip-172-31-13-122"} 1 5.703048180924287 0.0 5.703048180924287 1.87192118226601 3.325549597051651 11
stats: session 34 18023.47109087776 14153.247484261079 45600.6259765625 22.06103515625 9640.725495936507 236
stats: users_count 72 413
stats: finish_users_count 34 270
stats: request 197 4024.6006169198126 2781.7471619602843 13549.026123046875 0.68701171875 1734.5489007891772 887
stats: connect 75 0.7293294270833334 0.25318059533121373 114.886962890625 0.489013671875 1.1014646988594214 337
stats: page 181 4147.800667947169 2919.1432018857863 13549.026123046875 0.76904296875 1844.7862062888748 834
stats: 302 21 170
stats: 200 133 863
stats: size_rcv 20912058 120113985
stats: newphase 0 3
stats: size_sent 74011 431203
stats: connected 42 144
stats: 503 43 43
stats: 500 0 8
# stats: dump at 1480606516
stats: users 124 146
stats: {freemem,"tsung_controller@ip-172-31-13-122"} 1 3139.56640625 0.0 3157.34765625 3139.56640625 3151.6363932291665 12
stats: {load,"tsung_controller@ip-172-31-13-122"} 1 0.12109375 0.0 0.140625 0.01953125 0.0615234375 12
stats: {recvpackets,"tsung_controller@ip-172-31-13-122"} 1 14138.0 0.0 14138 651 6672.636363636364 11
stats: {sentpackets,"tsung_controller@ip-172-31-13-122"} 1 6064.0 0.0 6064 356 2753.5454545454545 11
stats: {cpu,"tsung_controller@ip-172-31-13-122"} 1 6.268364348677767 0.0 6.268364348677767 1.87192118226601 3.5236744790410373 12
stats: session 26 16274.306152343748 12804.281710252273 48684.072998046875 22.06103515625 10696.33049678096 270
stats: users_count 7 420
stats: finish_users_count 26 296
stats: request 85 5806.264355468749 2708.226058784185 13549.026123046875 0.68701171875 2150.7298861007407 1084
stats: connect 8 0.6602783203125 0.09676342045068151 114.886962890625 0.489013671875 1.0337216275409586 412
stats: page 78 6622.265624999999 2923.332345789496 13549.026123046875 0.76904296875 2255.471543786561 1015
stats: 302 10 180
stats: 200 66 929
stats: size_rcv 10681480 130795465
stats: newphase 0 3
stats: size_sent 54330 485533
stats: connected -20 124
stats: 503 6 49
stats: 500 1 9
stats: 404 2 2
# stats: dump at 1480606526
stats: users 114 146
stats: {freemem,"tsung_controller@ip-172-31-13-122"} 1 3135.796875 0.0 3157.34765625 3135.796875 3150.7079326923076 13
stats: {load,"tsung_controller@ip-172-31-13-122"} 1 0.1796875 0.0 0.1796875 0.01953125 0.06610576923076923 13
stats: {recvpackets,"tsung_controller@ip-172-31-13-122"} 1 9165.0 0.0 14138 651 7294.75 12
stats: {sentpackets,"tsung_controller@ip-172-31-13-122"} 1 3.2e3 0.0 6064 356 3029.4166666666665 12
stats: {cpu,"tsung_controller@ip-172-31-13-122"} 1 4.105571847507331 0.0 6.268364348677767 1.87192118226601 3.734804469013093 13
stats: session 10 35059.991528320315 9127.072403528233 48684.072998046875 22.06103515625 11186.287817877692 296
stats: users_count 0 420
stats: finish_users_count 10 306
stats: request 60 11935.477567545575 1643.1913435977158 17476.972900390625 0.68701171875 2416.5300827613746 1169
stats: connect 0 0 0 114.886962890625 0.489013671875 1.026608421688988 420
stats: page 54 12187.676310221354 1817.225588063233 17476.972900390625 0.76904296875 2567.1000326563217 1093
stats: 302 13 193
stats: 200 45 974
stats: size_rcv 11166986 141962451
stats: newphase 0 3
stats: size_sent 29686 515219
stats: connected -10 114
stats: 503 0 49
stats: 500 0 9
stats: 404 2 4
# stats: dump at 1480606536
stats: users 98 146
stats: {freemem,"tsung_controller@ip-172-31-13-122"} 1 3135.578125 0.0 3157.34765625 3135.578125 3149.6428571428573 14
stats: {load,"tsung_controller@ip-172-31-13-122"} 1 0.1484375 0.0 0.1796875 0.01953125 0.07421875 14
stats: {recvpackets,"tsung_controller@ip-172-31-13-122"} 1 6620.0 0.0 14138 651 7438.615384615385 13
stats: {sentpackets,"tsung_controller@ip-172-31-13-122"} 1 2664.0 0.0 6064 356 3042.5384615384614 13
stats: {cpu,"tsung_controller@ip-172-31-13-122"} 1 2.949852507374631 0.0 6.268364348677767 1.87192118226601 3.7612878531912526 14
stats: session 16 45941.51281738281 5577.575561899406 56592.055908203125 22.06103515625 11966.47421364379 306
stats: users_count 0 420
stats: finish_users_count 16 322
stats: request 81 14451.26722547743 2099.0362954363536 22098.614013671875 0.68701171875 2881.2468029298466 1229
stats: connect 0 0 0 114.886962890625 0.489013671875 1.026608421688988 420
stats: page 65 15313.445928485577 3244.4971847436823 25456.887939453125 0.76904296875 3020.0303892286943 1147
stats: 302 28 221
stats: 200 51 1025
stats: size_rcv 11722380 153684831
stats: newphase 0 3
stats: size_sent 30827 546046
stats: connected -15 99
stats: 503 0 49
stats: 500 0 9
stats: 404 2 6
# stats: dump at 1480606546
stats: users 83 146
stats: {freemem,"tsung_controller@ip-172-31-13-122"} 1 3135.63671875 0.0 3157.34765625 3135.578125 3148.7052083333333 15
stats: {load,"tsung_controller@ip-172-31-13-122"} 1 0.12890625 0.0 0.1796875 0.01953125 0.07916666666666666 15
stats: {recvpackets,"tsung_controller@ip-172-31-13-122"} 1 7632.0 0.0 14138 651 7380.142857142857 14
stats: {sentpackets,"tsung_controller@ip-172-31-13-122"} 1 3160.0 0.0 6064 356 3015.5 14
stats: {cpu,"tsung_controller@ip-172-31-13-122"} 1 3.257650542941757 0.0 6.268364348677767 1.87192118226601 3.7071921634701446 15
stats: session 15 53513.75556640625 6843.215223062901 74021.65405273438 22.06103515625 13654.674889605978 322
stats: users_count 0 420
stats: finish_users_count 15 337
stats: request 55 11904.496546519886 2965.857316033027 22098.614013671875 0.68701171875 3596.6450122629412 1310
stats: connect 0 0 0 114.886962890625 0.489013671875 1.026608421688988 420
stats: page 47 16263.127695935835 6197.231155120977 26389.343017578125 0.76904296875 3679.3307275551774 1212
stats: 302 16 237
stats: 200 37 1062
stats: size_rcv 7315599 161000430
stats: newphase 0 3
stats: size_sent 28556 574602
stats: connected -16 83
stats: 503 0 49
stats: 500 0 9
stats: 404 2 8
# stats: dump at 1480606556
stats: users 65 146
stats: {freemem,"tsung_controller@ip-172-31-13-122"} 1 3136.19921875 0.0 3157.34765625 3135.578125 3147.888427734375 16
stats: {load,"tsung_controller@ip-172-31-13-122"} 1 0.109375 0.0 0.1796875 0.01953125 0.082275390625 16
stats: {recvpackets,"tsung_controller@ip-172-31-13-122"} 1 7571.0 0.0 14138 651 7396.933333333333 15
stats: {sentpackets,"tsung_controller@ip-172-31-13-122"} 1 3197.0 0.0 6064 356 3025.133333333333 15
stats: {cpu,"tsung_controller@ip-172-31-13-122"} 1 3.330068560235064 0.0 6.268364348677767 1.87192118226601 3.67909581218712 16
stats: session 18 57232.32675509983 4326.418303104431 74021.65405273438 22.06103515625 15428.817946436851 337
stats: users_count 0 420
stats: finish_users_count 18 355
stats: request 64 12919.280742645264 1941.9388065038947 22098.614013671875 0.68701171875 3931.393608881353 1365
stats: connect 0 0 0 114.886962890625 0.489013671875 1.026608421688988 420
stats: page 57 15555.873201069078 4865.996989148329 27178.885986328125 0.76904296875 4149.099160846592 1259
stats: 302 28 265
stats: 200 36 1098
stats: size_rcv 9392810 170393240
stats: newphase 0 3
stats: size_sent 26380 600982
stats: connected -18 65
stats: 503 0 49
stats: 500 0 9
stats: 404 0 8
# stats: dump at 1480606566
stats: users 8 146
stats: {freemem,"tsung_controller@ip-172-31-13-122"} 1 3136.2578125 0.0 3157.34765625 3135.578125 3147.2008272058824 17
stats: {load,"tsung_controller@ip-172-31-13-122"} 1 0.08984375 0.0 0.1796875 0.01953125 0.08386948529411764 17
stats: {recvpackets,"tsung_controller@ip-172-31-13-122"} 1 4490.0 0.0 14138 651 7407.8125 16
stats: {sentpackets,"tsung_controller@ip-172-31-13-122"} 1 1703.0 0.0 6064 356 3035.875 16
stats: {cpu,"tsung_controller@ip-172-31-13-122"} 1 2.649656526005888 0.0 6.268364348677767 1.87192118226601 3.658564797366411 17
stats: session 57 64083.98966899671 5358.276603317588 85233.72607421875 22.06103515625 17548.432477580325 355
stats: users_count 0 420
stats: finish_users_count 57 412
stats: request 104 7492.54493361253 6284.659487536197 22098.614013671875 0.68701171875 4333.930191499191 1429
stats: connect 0 0 0 114.886962890625 0.489013671875 1.026608421688988 420
stats: page 102 8451.234925513178 7358.503816704971 27178.885986328125 0.76904296875 4643.1615622848 1316
stats: 302 61 326
stats: 200 42 1140
stats: size_rcv 9931581 180324821
stats: newphase 0 3
stats: size_sent 23843 624825
stats: connected -56 9
stats: 503 0 49
stats: 500 1 10
stats: 404 0 8
# stats: dump at 1480606576
stats: users 0 146
stats: {freemem,"tsung_controller@ip-172-31-13-122"} 1 3136.30078125 0.0 3157.34765625 3135.578125 3146.5928819444443 18
stats: {load,"tsung_controller@ip-172-31-13-122"} 1 0.078125 0.0 0.1796875 0.01953125 0.0842013888888889 18
stats: {recvpackets,"tsung_controller@ip-172-31-13-122"} 1 6438.0 0.0 14138 651 7236.176470588235 17
stats: {sentpackets,"tsung_controller@ip-172-31-13-122"} 1 2932.0 0.0 6064 356 2957.470588235294 17
stats: {cpu,"tsung_controller@ip-172-31-13-122"} 1 3.23846908734053 0.0 6.268364348677767 1.87192118226601 3.6025143378463818 18
stats: session 8 64935.25454711914 2437.3556327899564 85233.72607421875 22.06103515625 23986.604224936476 412
stats: users_count 0 420
stats: finish_users_count 8 420
stats: request 6 7.147989908854167 0.8939750243242086 22098.614013671875 0.68701171875 4548.213252934147 1533
stats: connect 0 0 0 114.886962890625 0.489013671875 1.026608421688988 420
stats: page 6 7.147989908854167 0.8939750243242086 27178.885986328125 0.76904296875 4917.085034110819 1418
stats: 302 3 329
stats: 200 3 1143
stats: size_rcv 81907 180406728
stats: newphase 0 3
stats: size_sent 3120 627945
stats: connected -9 0
stats: 503 0 49
stats: 500 0 10
stats: 404 0 8
# stats: dump at 1480606578
stats: users 0 146
stats: {freemem,"tsung_controller@ip-172-31-13-122"} 0 0 0 3157.34765625 3135.578125 3146.0511924342104 19
stats: {load,"tsung_controller@ip-172-31-13-122"} 0 0 0 0.1796875 0.01953125 0.08388157894736842 19
stats: {recvpackets,"tsung_controller@ip-172-31-13-122"} 0 0 0 14138 651 7191.833333333333 18
stats: {sentpackets,"tsung_controller@ip-172-31-13-122"} 0 0 0 6064 356 2956.0555555555557 18
stats: {cpu,"tsung_controller@ip-172-31-13-122"} 0 0 0 6.268364348677767 1.87192118226601 3.583354061503969 19
stats: session 0 0 0 85233.72607421875 22.06103515625 24766.578516787573 420
stats: users_count 0 420
stats: finish_users_count 0 420
stats: request 0 0 0 22098.614013671875 0.68701171875 4530.509294793698 1539
stats: connect 0 0 0 114.886962890625 0.489013671875 1.026608421688988 420
stats: page 0 0 0 27178.885986328125 0.76904296875 4896.397097126822 1424
stats: 302 0 329
stats: 200 0 1143
stats: size_rcv 0 180406728
stats: newphase 0 3
stats: size_sent 0 627945
stats: connected 0 0
stats: 503 0 49
stats: 500 0 10
stats: 404 0 8
EndMonitor:{1480,606578,58454}
