
=INFO REPORT==== 1-Dec-2016::06:27:15 ===
    ts_config_server:(5:<0.55.0>) Config server started, logdir is "/home/ec2-user/.tsung/log/20161201-0627"
 
=INFO REPORT==== 1-Dec-2016::06:27:15 ===
              ts_mon:(5:<0.54.0>) starting monitor, global 

=INFO REPORT==== 1-Dec-2016::06:27:15 ===
           ts_config:(5:<0.55.0>) Reading config file: critical.xml

=INFO REPORT==== 1-Dec-2016::06:27:16 ===
      ts_config_http:(4:<0.55.0>) Get user agent: 100 "Mozilla/5.0 (Windows; U; Windows NT 5.2; fr-FR; rv:1.7.8) Gecko/20050511 Firefox/1.0.4" 

=INFO REPORT==== 1-Dec-2016::06:27:16 ===
           ts_config:(5:<0.55.0>) Session name for id 1 is "stats-viewer"

=INFO REPORT==== 1-Dec-2016::06:27:16 ===
           ts_config:(5:<0.55.0>) Session name for id 2 is "search-viewer"

=INFO REPORT==== 1-Dec-2016::06:27:16 ===
           ts_config:(5:<0.55.0>) Session name for id 3 is "news-session"

=INFO REPORT==== 1-Dec-2016::06:27:16 ===
    ts_config_server:(4:<0.55.0>) SYSINFO:Tsung version: 1.6.0

=INFO REPORT==== 1-Dec-2016::06:27:16 ===
    ts_config_server:(4:<0.55.0>) SYSINFO:Erlang version: Erlang R14B04 (erts-5.8.5) [source] [64-bit] [rq:1] [async-threads:8] [kernel-poll:true]


=INFO REPORT==== 1-Dec-2016::06:27:16 ===
    ts_config_server:(4:<0.55.0>) SYSINFO:System architecture x86_64-redhat-linux-gnu

=INFO REPORT==== 1-Dec-2016::06:27:16 ===
    ts_config_server:(4:<0.55.0>) SYSINFO:Current path: /usr/lib/erlang/lib/tsung-1.6.0/ebin/tsung.beam

=INFO REPORT==== 1-Dec-2016::06:27:16 ===
              ts_mon:(5:<0.56.0>) Activate clients with text backend

=INFO REPORT==== 1-Dec-2016::06:27:16 ===
              ts_mon:(5:<0.56.0>) Starting tsung clients on hosts: [localhost]

=INFO REPORT==== 1-Dec-2016::06:27:16 ===
    ts_config_server:(5:<0.55.0>) Start a launcher on the controller beam localhost

=INFO REPORT==== 1-Dec-2016::06:27:16 ===
  ts_launcher_static:(5:<0.111.0>) Launch msg receive ("localhost")

=INFO REPORT==== 1-Dec-2016::06:27:16 ===
         ts_launcher:(5:<0.112.0>) Launch msg receive ("localhost")

=INFO REPORT==== 1-Dec-2016::06:27:16 ===
    ts_config_server:(5:<0.55.0>) All remote beams started, syncing 

=INFO REPORT==== 1-Dec-2016::06:27:16 ===
    ts_config_server:(5:<0.55.0>) Undefined ports_range config 

=INFO REPORT==== 1-Dec-2016::06:27:16 ===
    ts_config_server:(5:<0.55.0>) New arrival phase 1 for client "localhost" (last ? true): will start 30 users

=INFO REPORT==== 1-Dec-2016::06:27:16 ===
    ts_config_server:(5:<0.55.0>) New arrival phase 2 for client "localhost" (last ? true): will start 60 users

=INFO REPORT==== 1-Dec-2016::06:27:16 ===
    ts_config_server:(5:<0.55.0>) New arrival phase 3 for client "localhost" (last ? true): will start 120 users

=INFO REPORT==== 1-Dec-2016::06:27:16 ===
    ts_config_server:(5:<0.55.0>) New arrival phase 4 for client "localhost" (last ? true): will start 240 users

=INFO REPORT==== 1-Dec-2016::06:27:16 ===
    ts_config_server:(5:<0.55.0>) New arrival phase 5 for client "localhost" (last ? true): will start 480 users

=INFO REPORT==== 1-Dec-2016::06:27:16 ===
    ts_config_server:(5:<0.55.0>) New arrival phase 6 for client "localhost" (last ? true): will start 960 users

=INFO REPORT==== 1-Dec-2016::06:27:16 ===
         ts_launcher:(5:<0.112.0>) Expected duration of first phase: 30.0 sec (30 users) 

=INFO REPORT==== 1-Dec-2016::06:27:16 ===
         ts_launcher:(5:<0.112.0>) Activate launcher (30 users) in 4203 msec 

=INFO REPORT==== 1-Dec-2016::06:27:29 ===
           ts_search:(5:<0.123.0>) Dyn Var (RE): no Match (varname=created_news_id), 

=INFO REPORT==== 1-Dec-2016::06:27:39 ===
           ts_search:(5:<0.128.0>) Dyn Var (RE): no Match (varname=created_news_id), 

=INFO REPORT==== 1-Dec-2016::06:27:40 ===
           ts_search:(5:<0.144.0>) Dyn Var (RE): no Match (varname=created_news_id), 

=INFO REPORT==== 1-Dec-2016::06:27:41 ===
         ts_launcher:(4:<0.112.0>) Need to wait 9.569 sec before changing phase, going to sleep

=INFO REPORT==== 1-Dec-2016::06:27:43 ===
           ts_search:(5:<0.140.0>) Dyn Var (RE): no Match (varname=created_news_id), 

=INFO REPORT==== 1-Dec-2016::06:27:50 ===
         ts_launcher:(5:<0.112.0>) Waking up

=INFO REPORT==== 1-Dec-2016::06:27:50 ===
         ts_launcher:(5:<0.112.0>) Start a new arrival phase (60 users, 0.002); expected duration=30.0 sec

=INFO REPORT==== 1-Dec-2016::06:27:50 ===
           ts_search:(5:<0.147.0>) Dyn Var (RE): no Match (varname=created_news_id), 

=INFO REPORT==== 1-Dec-2016::06:27:53 ===
           ts_search:(5:<0.150.0>) Dyn Var (RE): no Match (varname=created_news_id), 

=INFO REPORT==== 1-Dec-2016::06:27:53 ===
           ts_search:(5:<0.133.0>) Dyn Var (RE): no Match (varname=created_news_id), 

=INFO REPORT==== 1-Dec-2016::06:27:54 ===
           ts_search:(5:<0.148.0>) Dyn Var (RE): no Match (varname=created_news_id), 

=INFO REPORT==== 1-Dec-2016::06:28:00 ===
           ts_search:(5:<0.157.0>) Dyn Var (RE): no Match (varname=created_news_id), 

=INFO REPORT==== 1-Dec-2016::06:28:02 ===
           ts_search:(5:<0.137.0>) Dyn Var (RE): no Match (varname=created_news_id), 

=INFO REPORT==== 1-Dec-2016::06:28:07 ===
           ts_search:(5:<0.126.0>) Dyn Var (RE): no Match (varname=created_news_id), 

=INFO REPORT==== 1-Dec-2016::06:28:17 ===
           ts_search:(5:<0.169.0>) Dyn Var (RE): no Match (varname=created_news_id), 

=INFO REPORT==== 1-Dec-2016::06:28:18 ===
           ts_search:(5:<0.168.0>) Dyn Var (RE): no Match (varname=created_news_id), 

=INFO REPORT==== 1-Dec-2016::06:28:19 ===
           ts_search:(5:<0.171.0>) Dyn Var (RE): no Match (varname=created_news_id), 

=INFO REPORT==== 1-Dec-2016::06:28:21 ===
         ts_launcher:(5:<0.112.0>) Phase duration exceeded, but not all users were launched (11 users, 18.3% of phase)

=INFO REPORT==== 1-Dec-2016::06:28:21 ===
         ts_launcher:(5:<0.112.0>) Start a new arrival phase (120 users, 0.004); expected duration=30.0 sec

=INFO REPORT==== 1-Dec-2016::06:28:25 ===
           ts_search:(5:<0.183.0>) Dyn Var (RE): no Match (varname=created_news_id), 

=INFO REPORT==== 1-Dec-2016::06:28:27 ===
           ts_search:(5:<0.184.0>) Dyn Var (RE): no Match (varname=created_news_id), 

=INFO REPORT==== 1-Dec-2016::06:28:29 ===
           ts_search:(5:<0.186.0>) Dyn Var (RE): no Match (varname=created_news_id), 

=INFO REPORT==== 1-Dec-2016::06:28:37 ===
           ts_search:(5:<0.202.0>) Dyn Var (RE): no Match (varname=created_news_id), 

=INFO REPORT==== 1-Dec-2016::06:28:37 ===
           ts_search:(5:<0.192.0>) Dyn Var (RE): no Match (varname=created_news_id), 

=INFO REPORT==== 1-Dec-2016::06:28:40 ===
           ts_search:(5:<0.194.0>) Dyn Var (RE): no Match (varname=created_news_id), 

=INFO REPORT==== 1-Dec-2016::06:28:44 ===
           ts_search:(5:<0.190.0>) Dyn Var (RE): no Match (varname=created_news_id), 

=INFO REPORT==== 1-Dec-2016::06:28:47 ===
           ts_search:(5:<0.204.0>) Dyn Var (RE): no Match (varname=created_news_id), 

=INFO REPORT==== 1-Dec-2016::06:28:51 ===
         ts_launcher:(5:<0.112.0>) Phase duration exceeded, but not all users were launched (2 users, 1.7% of phase)

=INFO REPORT==== 1-Dec-2016::06:28:51 ===
         ts_launcher:(5:<0.112.0>) Start a new arrival phase (240 users, 0.008); expected duration=30.0 sec

=INFO REPORT==== 1-Dec-2016::06:28:53 ===
           ts_search:(5:<0.252.0>) Dyn Var (RE): no Match (varname=created_news_id), 

=INFO REPORT==== 1-Dec-2016::06:28:54 ===
           ts_search:(5:<0.265.0>) Dyn Var (RE): no Match (varname=created_news_id), 

=INFO REPORT==== 1-Dec-2016::06:28:56 ===
           ts_search:(5:<0.207.0>) Dyn Var (RE): no Match (varname=created_news_id), 

=INFO REPORT==== 1-Dec-2016::06:28:57 ===
           ts_search:(5:<0.235.0>) Dyn Var (RE): no Match (varname=created_news_id), 

=INFO REPORT==== 1-Dec-2016::06:28:57 ===
           ts_search:(5:<0.217.0>) Dyn Var (RE): no Match (varname=created_news_id), 

=INFO REPORT==== 1-Dec-2016::06:28:58 ===
           ts_search:(5:<0.253.0>) Dyn Var (RE): no Match (varname=created_news_id), 

=INFO REPORT==== 1-Dec-2016::06:28:59 ===
           ts_search:(5:<0.262.0>) Dyn Var (RE): no Match (varname=created_news_id), 

=INFO REPORT==== 1-Dec-2016::06:28:59 ===
           ts_search:(5:<0.355.0>) Dyn Var (RE): no Match (varname=created_news_id), 

=INFO REPORT==== 1-Dec-2016::06:29:00 ===
           ts_search:(5:<0.351.0>) Dyn Var (RE): no Match (varname=created_news_id), 

=INFO REPORT==== 1-Dec-2016::06:29:01 ===
           ts_search:(5:<0.380.0>) Dyn Var (RE): no Match (varname=created_news_id), 

=INFO REPORT==== 1-Dec-2016::06:29:02 ===
           ts_search:(5:<0.339.0>) Dyn Var (RE): no Match (varname=created_news_id), 

=INFO REPORT==== 1-Dec-2016::06:29:03 ===
           ts_search:(5:<0.312.0>) Dyn Var (RE): no Match (varname=created_news_id), 

=INFO REPORT==== 1-Dec-2016::06:29:03 ===
           ts_search:(5:<0.388.0>) Dyn Var (RE): no Match (varname=created_news_id), 

=INFO REPORT==== 1-Dec-2016::06:29:04 ===
           ts_search:(5:<0.374.0>) Dyn Var (RE): no Match (varname=created_news_id), 

=INFO REPORT==== 1-Dec-2016::06:29:04 ===
           ts_search:(5:<0.392.0>) Dyn Var (RE): no Match (varname=created_news_id), 

=INFO REPORT==== 1-Dec-2016::06:29:05 ===
           ts_search:(5:<0.393.0>) Dyn Var (RE): no Match (varname=created_news_id), 

=INFO REPORT==== 1-Dec-2016::06:29:05 ===
           ts_search:(5:<0.385.0>) Dyn Var (RE): no Match (varname=created_news_id), 

=INFO REPORT==== 1-Dec-2016::06:29:05 ===
           ts_search:(5:<0.398.0>) Dyn Var (RE): no Match (varname=created_news_id), 

=INFO REPORT==== 1-Dec-2016::06:29:06 ===
           ts_search:(5:<0.234.0>) Dyn Var (RE): no Match (varname=created_news_id), 

=INFO REPORT==== 1-Dec-2016::06:29:06 ===
           ts_search:(5:<0.333.0>) Dyn Var (RE): no Match (varname=created_news_id), 

=INFO REPORT==== 1-Dec-2016::06:29:07 ===
           ts_search:(5:<0.370.0>) Dyn Var (RE): no Match (varname=created_news_id), 

=INFO REPORT==== 1-Dec-2016::06:29:07 ===
           ts_search:(5:<0.260.0>) Dyn Var (RE): no Match (varname=created_news_id), 

=INFO REPORT==== 1-Dec-2016::06:29:07 ===
           ts_search:(5:<0.399.0>) Dyn Var (RE): no Match (varname=created_news_id), 

=INFO REPORT==== 1-Dec-2016::06:29:08 ===
           ts_search:(5:<0.402.0>) Dyn Var (RE): no Match (varname=created_news_id), 

=INFO REPORT==== 1-Dec-2016::06:29:08 ===
           ts_search:(5:<0.413.0>) Dyn Var (RE): no Match (varname=created_news_id), 

=INFO REPORT==== 1-Dec-2016::06:29:09 ===
           ts_search:(5:<0.180.0>) Dyn Var (RE): no Match (varname=created_news_id), 

=INFO REPORT==== 1-Dec-2016::06:29:09 ===
           ts_search:(5:<0.386.0>) Dyn Var (RE): no Match (varname=created_news_id), 

=INFO REPORT==== 1-Dec-2016::06:29:10 ===
           ts_search:(5:<0.363.0>) Dyn Var (RE): no Match (varname=created_news_id), 

=INFO REPORT==== 1-Dec-2016::06:29:10 ===
           ts_search:(5:<0.415.0>) Dyn Var (RE): no Match (varname=created_news_id), 

=INFO REPORT==== 1-Dec-2016::06:29:10 ===
           ts_search:(5:<0.448.0>) Dyn Var (RE): no Match (varname=created_news_id), 

=INFO REPORT==== 1-Dec-2016::06:29:10 ===
           ts_search:(5:<0.470.0>) Dyn Var (RE): no Match (varname=created_news_id), 

=INFO REPORT==== 1-Dec-2016::06:29:10 ===
           ts_search:(5:<0.379.0>) Dyn Var (RE): no Match (varname=created_news_id), 

=INFO REPORT==== 1-Dec-2016::06:29:12 ===
           ts_search:(5:<0.203.0>) Dyn Var (RE): no Match (varname=created_news_id), 

=INFO REPORT==== 1-Dec-2016::06:29:12 ===
           ts_search:(5:<0.454.0>) Dyn Var (RE): no Match (varname=created_news_id), 

=INFO REPORT==== 1-Dec-2016::06:29:12 ===
           ts_search:(5:<0.208.0>) Dyn Var (RE): no Match (varname=created_news_id), 

=INFO REPORT==== 1-Dec-2016::06:29:12 ===
           ts_search:(5:<0.188.0>) Dyn Var (RE): no Match (varname=created_news_id), 

=INFO REPORT==== 1-Dec-2016::06:29:12 ===
           ts_search:(5:<0.187.0>) Dyn Var (RE): no Match (varname=created_news_id), 

=INFO REPORT==== 1-Dec-2016::06:29:12 ===
           ts_search:(5:<0.422.0>) Dyn Var (RE): no Match (varname=created_news_id), 

=INFO REPORT==== 1-Dec-2016::06:29:13 ===
           ts_search:(5:<0.237.0>) Dyn Var (RE): no Match (varname=created_news_id), 

=INFO REPORT==== 1-Dec-2016::06:29:15 ===
           ts_search:(5:<0.459.0>) Dyn Var (RE): no Match (varname=created_news_id), 

=INFO REPORT==== 1-Dec-2016::06:29:15 ===
           ts_search:(5:<0.375.0>) Dyn Var (RE): no Match (varname=created_news_id), 

=INFO REPORT==== 1-Dec-2016::06:29:15 ===
           ts_search:(5:<0.441.0>) Dyn Var (RE): no Match (varname=created_news_id), 

=INFO REPORT==== 1-Dec-2016::06:29:16 ===
           ts_search:(5:<0.472.0>) Dyn Var (RE): no Match (varname=created_news_id), 

=INFO REPORT==== 1-Dec-2016::06:29:16 ===
           ts_search:(5:<0.294.0>) Dyn Var (RE): no Match (varname=created_news_id), 

=INFO REPORT==== 1-Dec-2016::06:29:17 ===
           ts_search:(5:<0.518.0>) Dyn Var (RE): no Match (varname=created_news_id), 

=INFO REPORT==== 1-Dec-2016::06:29:18 ===
           ts_search:(5:<0.229.0>) Dyn Var (RE): no Match (varname=created_news_id), 

=INFO REPORT==== 1-Dec-2016::06:29:18 ===
           ts_search:(5:<0.471.0>) Dyn Var (RE): no Match (varname=created_news_id), 

=INFO REPORT==== 1-Dec-2016::06:29:18 ===
           ts_search:(5:<0.504.0>) Dyn Var (RE): no Match (varname=created_news_id), 

=INFO REPORT==== 1-Dec-2016::06:29:18 ===
           ts_search:(5:<0.501.0>) Dyn Var (RE): no Match (varname=created_news_id), 

=INFO REPORT==== 1-Dec-2016::06:29:18 ===
           ts_search:(5:<0.457.0>) Dyn Var (RE): no Match (varname=created_news_id), 

=INFO REPORT==== 1-Dec-2016::06:29:19 ===
           ts_search:(5:<0.515.0>) Dyn Var (RE): no Match (varname=created_news_id), 

=INFO REPORT==== 1-Dec-2016::06:29:20 ===
           ts_search:(5:<0.299.0>) Dyn Var (RE): no Match (varname=created_news_id), 

=INFO REPORT==== 1-Dec-2016::06:29:21 ===
           ts_search:(5:<0.341.0>) Dyn Var (RE): no Match (varname=created_news_id), 

=INFO REPORT==== 1-Dec-2016::06:29:21 ===
           ts_search:(5:<0.405.0>) Dyn Var (RE): no Match (varname=created_news_id), 

=INFO REPORT==== 1-Dec-2016::06:29:21 ===
           ts_search:(5:<0.483.0>) Dyn Var (RE): no Match (varname=created_news_id), 

=INFO REPORT==== 1-Dec-2016::06:29:21 ===
           ts_search:(5:<0.416.0>) Dyn Var (RE): no Match (varname=created_news_id), 

=INFO REPORT==== 1-Dec-2016::06:29:21 ===
         ts_launcher:(5:<0.112.0>) Phase duration exceeded, but not all users were launched (15 users, 6.3% of phase)

=INFO REPORT==== 1-Dec-2016::06:29:21 ===
         ts_launcher:(5:<0.112.0>) Start a new arrival phase (480 users, 0.016); expected duration=30.0 sec

=INFO REPORT==== 1-Dec-2016::06:29:22 ===
           ts_search:(5:<0.506.0>) Dyn Var (RE): no Match (varname=created_news_id), 

=INFO REPORT==== 1-Dec-2016::06:29:22 ===
           ts_search:(5:<0.516.0>) Dyn Var (RE): no Match (varname=created_news_id), 

=INFO REPORT==== 1-Dec-2016::06:29:23 ===
           ts_search:(5:<0.541.0>) Dyn Var (RE): no Match (varname=created_news_id), 

=INFO REPORT==== 1-Dec-2016::06:29:23 ===
           ts_search:(5:<0.233.0>) Dyn Var (RE): no Match (varname=created_news_id), 

=INFO REPORT==== 1-Dec-2016::06:29:24 ===
           ts_search:(5:<0.473.0>) Dyn Var (RE): no Match (varname=created_news_id), 

=INFO REPORT==== 1-Dec-2016::06:29:24 ===
           ts_search:(5:<0.290.0>) Dyn Var (RE): no Match (varname=created_news_id), 

=INFO REPORT==== 1-Dec-2016::06:29:24 ===
           ts_search:(5:<0.286.0>) Dyn Var (RE): no Match (varname=created_news_id), 

=INFO REPORT==== 1-Dec-2016::06:29:25 ===
           ts_search:(5:<0.508.0>) Dyn Var (RE): no Match (varname=created_news_id), 

=INFO REPORT==== 1-Dec-2016::06:29:25 ===
           ts_search:(5:<0.356.0>) Dyn Var (RE): no Match (varname=created_news_id), 

=INFO REPORT==== 1-Dec-2016::06:29:26 ===
           ts_search:(5:<0.432.0>) Dyn Var (RE): no Match (varname=created_news_id), 

=INFO REPORT==== 1-Dec-2016::06:29:26 ===
           ts_search:(5:<0.573.0>) Dyn Var (RE): no Match (varname=created_news_id), 

=INFO REPORT==== 1-Dec-2016::06:29:26 ===
           ts_search:(5:<0.348.0>) Dyn Var (RE): no Match (varname=created_news_id), 

=INFO REPORT==== 1-Dec-2016::06:29:26 ===
           ts_search:(5:<0.636.0>) Dyn Var (RE): no Match (varname=created_news_id), 

=INFO REPORT==== 1-Dec-2016::06:29:26 ===
           ts_search:(5:<0.482.0>) Dyn Var (RE): no Match (varname=created_news_id), 

=INFO REPORT==== 1-Dec-2016::06:29:28 ===
           ts_search:(5:<0.554.0>) Dyn Var (RE): no Match (varname=created_news_id), 

=INFO REPORT==== 1-Dec-2016::06:29:28 ===
           ts_search:(5:<0.288.0>) Dyn Var (RE): no Match (varname=created_news_id), 

=INFO REPORT==== 1-Dec-2016::06:29:28 ===
           ts_search:(5:<0.601.0>) Dyn Var (RE): no Match (varname=created_news_id), 

=INFO REPORT==== 1-Dec-2016::06:29:28 ===
           ts_search:(5:<0.627.0>) Dyn Var (RE): no Match (varname=created_news_id), 

=INFO REPORT==== 1-Dec-2016::06:29:28 ===
           ts_search:(5:<0.487.0>) Dyn Var (RE): no Match (varname=created_news_id), 

=INFO REPORT==== 1-Dec-2016::06:29:28 ===
           ts_search:(5:<0.665.0>) Dyn Var (RE): no Match (varname=created_news_id), 

=INFO REPORT==== 1-Dec-2016::06:29:28 ===
           ts_search:(5:<0.597.0>) Dyn Var (RE): no Match (varname=created_news_id), 

=INFO REPORT==== 1-Dec-2016::06:29:28 ===
           ts_search:(5:<0.440.0>) Dyn Var (RE): no Match (varname=created_news_id), 

=INFO REPORT==== 1-Dec-2016::06:29:28 ===
           ts_search:(5:<0.342.0>) Dyn Var (RE): no Match (varname=created_news_id), 

=INFO REPORT==== 1-Dec-2016::06:29:28 ===
           ts_search:(5:<0.558.0>) Dyn Var (RE): no Match (varname=created_news_id), 

=INFO REPORT==== 1-Dec-2016::06:29:28 ===
           ts_search:(5:<0.538.0>) Dyn Var (RE): no Match (varname=created_news_id), 

=INFO REPORT==== 1-Dec-2016::06:29:30 ===
           ts_search:(5:<0.581.0>) Dyn Var (RE): no Match (varname=created_news_id), 

=INFO REPORT==== 1-Dec-2016::06:29:31 ===
           ts_search:(5:<0.332.0>) Dyn Var (RE): no Match (varname=created_news_id), 

=INFO REPORT==== 1-Dec-2016::06:29:31 ===
           ts_search:(5:<0.586.0>) Dyn Var (RE): no Match (varname=created_news_id), 

=INFO REPORT==== 1-Dec-2016::06:29:31 ===
           ts_search:(5:<0.438.0>) Dyn Var (RE): no Match (varname=created_news_id), 

=INFO REPORT==== 1-Dec-2016::06:29:31 ===
           ts_search:(5:<0.633.0>) Dyn Var (RE): no Match (varname=created_news_id), 

=INFO REPORT==== 1-Dec-2016::06:29:31 ===
           ts_search:(5:<0.535.0>) Dyn Var (RE): no Match (varname=created_news_id), 

=INFO REPORT==== 1-Dec-2016::06:29:31 ===
           ts_search:(5:<0.686.0>) Dyn Var (RE): no Match (varname=created_news_id), 

=INFO REPORT==== 1-Dec-2016::06:29:32 ===
           ts_search:(5:<0.461.0>) Dyn Var (RE): no Match (varname=created_news_id), 

=INFO REPORT==== 1-Dec-2016::06:29:32 ===
           ts_search:(5:<0.536.0>) Dyn Var (RE): no Match (varname=created_news_id), 

=INFO REPORT==== 1-Dec-2016::06:29:33 ===
           ts_search:(5:<0.372.0>) Dyn Var (RE): no Match (varname=created_news_id), 

=INFO REPORT==== 1-Dec-2016::06:29:33 ===
           ts_search:(5:<0.302.0>) Dyn Var (RE): no Match (varname=created_news_id), 

=INFO REPORT==== 1-Dec-2016::06:29:33 ===
           ts_search:(5:<0.628.0>) Dyn Var (RE): no Match (varname=created_news_id), 

=INFO REPORT==== 1-Dec-2016::06:29:33 ===
           ts_search:(5:<0.279.0>) Dyn Var (RE): no Match (varname=created_news_id), 

=INFO REPORT==== 1-Dec-2016::06:29:33 ===
           ts_search:(5:<0.688.0>) Dyn Var (RE): no Match (varname=created_news_id), 

=INFO REPORT==== 1-Dec-2016::06:29:33 ===
           ts_search:(5:<0.713.0>) Dyn Var (RE): no Match (varname=created_news_id), 

=INFO REPORT==== 1-Dec-2016::06:29:34 ===
           ts_search:(5:<0.326.0>) Dyn Var (RE): no Match (varname=created_news_id), 

=INFO REPORT==== 1-Dec-2016::06:29:34 ===
           ts_search:(5:<0.270.0>) Dyn Var (RE): no Match (varname=created_news_id), 

=INFO REPORT==== 1-Dec-2016::06:29:34 ===
           ts_search:(5:<0.337.0>) Dyn Var (RE): no Match (varname=created_news_id), 

=INFO REPORT==== 1-Dec-2016::06:29:35 ===
           ts_search:(5:<0.613.0>) Dyn Var (RE): no Match (varname=created_news_id), 

=INFO REPORT==== 1-Dec-2016::06:29:35 ===
           ts_search:(5:<0.525.0>) Dyn Var (RE): no Match (varname=created_news_id), 

=INFO REPORT==== 1-Dec-2016::06:29:35 ===
           ts_search:(5:<0.693.0>) Dyn Var (RE): no Match (varname=created_news_id), 

=INFO REPORT==== 1-Dec-2016::06:29:35 ===
           ts_search:(5:<0.277.0>) Dyn Var (RE): no Match (varname=created_news_id), 

=INFO REPORT==== 1-Dec-2016::06:29:35 ===
           ts_search:(5:<0.744.0>) Dyn Var (RE): no Match (varname=created_news_id), 

=INFO REPORT==== 1-Dec-2016::06:29:35 ===
           ts_search:(5:<0.517.0>) Dyn Var (RE): no Match (varname=created_news_id), 

=INFO REPORT==== 1-Dec-2016::06:29:35 ===
           ts_search:(5:<0.285.0>) Dyn Var (RE): no Match (varname=created_news_id), 

=INFO REPORT==== 1-Dec-2016::06:29:36 ===
           ts_search:(5:<0.575.0>) Dyn Var (RE): no Match (varname=created_news_id), 

=INFO REPORT==== 1-Dec-2016::06:29:36 ===
           ts_search:(5:<0.644.0>) Dyn Var (RE): no Match (varname=created_news_id), 

=INFO REPORT==== 1-Dec-2016::06:29:37 ===
           ts_search:(5:<0.584.0>) Dyn Var (RE): no Match (varname=created_news_id), 

=INFO REPORT==== 1-Dec-2016::06:29:37 ===
           ts_search:(5:<0.562.0>) Dyn Var (RE): no Match (varname=created_news_id), 

=INFO REPORT==== 1-Dec-2016::06:29:37 ===
           ts_search:(5:<0.766.0>) Dyn Var (RE): no Match (varname=created_news_id), 

=INFO REPORT==== 1-Dec-2016::06:29:38 ===
           ts_search:(5:<0.310.0>) Dyn Var (RE): no Match (varname=created_news_id), 

=INFO REPORT==== 1-Dec-2016::06:29:38 ===
           ts_search:(5:<0.403.0>) Dyn Var (RE): no Match (varname=created_news_id), 

=INFO REPORT==== 1-Dec-2016::06:29:39 ===
           ts_search:(5:<0.654.0>) Dyn Var (RE): no Match (varname=created_news_id), 

=INFO REPORT==== 1-Dec-2016::06:29:39 ===
           ts_search:(5:<0.488.0>) Dyn Var (RE): no Match (varname=created_news_id), 

=INFO REPORT==== 1-Dec-2016::06:29:39 ===
           ts_search:(5:<0.439.0>) Dyn Var (RE): no Match (varname=created_news_id), 

=INFO REPORT==== 1-Dec-2016::06:29:39 ===
           ts_search:(5:<0.812.0>) Dyn Var (RE): no Match (varname=created_news_id), 

=INFO REPORT==== 1-Dec-2016::06:29:39 ===
           ts_search:(5:<0.477.0>) Dyn Var (RE): no Match (varname=created_news_id), 

=INFO REPORT==== 1-Dec-2016::06:29:39 ===
           ts_search:(5:<0.455.0>) Dyn Var (RE): no Match (varname=created_news_id), 

=INFO REPORT==== 1-Dec-2016::06:29:40 ===
           ts_search:(5:<0.522.0>) Dyn Var (RE): no Match (varname=created_news_id), 

=INFO REPORT==== 1-Dec-2016::06:29:40 ===
           ts_search:(5:<0.702.0>) Dyn Var (RE): no Match (varname=created_news_id), 

=INFO REPORT==== 1-Dec-2016::06:29:40 ===
           ts_search:(5:<0.778.0>) Dyn Var (RE): no Match (varname=created_news_id), 

=INFO REPORT==== 1-Dec-2016::06:29:40 ===
           ts_search:(5:<0.803.0>) Dyn Var (RE): no Match (varname=created_news_id), 

=INFO REPORT==== 1-Dec-2016::06:29:40 ===
           ts_search:(5:<0.836.0>) Dyn Var (RE): no Match (varname=created_news_id), 

=INFO REPORT==== 1-Dec-2016::06:29:40 ===
           ts_search:(5:<0.354.0>) Dyn Var (RE): no Match (varname=created_news_id), 

=INFO REPORT==== 1-Dec-2016::06:29:40 ===
           ts_search:(5:<0.796.0>) Dyn Var (RE): no Match (varname=created_news_id), 

=INFO REPORT==== 1-Dec-2016::06:29:40 ===
           ts_search:(5:<0.705.0>) Dyn Var (RE): no Match (varname=created_news_id), 

=INFO REPORT==== 1-Dec-2016::06:29:40 ===
           ts_search:(5:<0.600.0>) Dyn Var (RE): no Match (varname=created_news_id), 

=INFO REPORT==== 1-Dec-2016::06:29:40 ===
           ts_search:(5:<0.618.0>) Dyn Var (RE): no Match (varname=created_news_id), 

=INFO REPORT==== 1-Dec-2016::06:29:40 ===
           ts_search:(5:<0.478.0>) Dyn Var (RE): no Match (varname=created_news_id), 

=INFO REPORT==== 1-Dec-2016::06:29:41 ===
           ts_search:(5:<0.712.0>) Dyn Var (RE): no Match (varname=created_news_id), 

=INFO REPORT==== 1-Dec-2016::06:29:41 ===
           ts_search:(5:<0.320.0>) Dyn Var (RE): no Match (varname=created_news_id), 

=INFO REPORT==== 1-Dec-2016::06:29:41 ===
           ts_search:(5:<0.817.0>) Dyn Var (RE): no Match (varname=created_news_id), 

=INFO REPORT==== 1-Dec-2016::06:29:41 ===
           ts_search:(5:<0.819.0>) Dyn Var (RE): no Match (varname=created_news_id), 

=INFO REPORT==== 1-Dec-2016::06:29:42 ===
           ts_search:(5:<0.726.0>) Dyn Var (RE): no Match (varname=created_news_id), 

=INFO REPORT==== 1-Dec-2016::06:29:42 ===
           ts_search:(5:<0.452.0>) Dyn Var (RE): no Match (varname=created_news_id), 

=INFO REPORT==== 1-Dec-2016::06:29:42 ===
           ts_search:(5:<0.781.0>) Dyn Var (RE): no Match (varname=created_news_id), 

=INFO REPORT==== 1-Dec-2016::06:29:42 ===
           ts_search:(5:<0.505.0>) Dyn Var (RE): no Match (varname=created_news_id), 

=INFO REPORT==== 1-Dec-2016::06:29:42 ===
           ts_search:(5:<0.818.0>) Dyn Var (RE): no Match (varname=created_news_id), 

=INFO REPORT==== 1-Dec-2016::06:29:43 ===
           ts_search:(5:<0.619.0>) Dyn Var (RE): no Match (varname=created_news_id), 

=INFO REPORT==== 1-Dec-2016::06:29:43 ===
           ts_search:(5:<0.776.0>) Dyn Var (RE): no Match (varname=created_news_id), 

=INFO REPORT==== 1-Dec-2016::06:29:43 ===
           ts_search:(5:<0.811.0>) Dyn Var (RE): no Match (varname=created_news_id), 

=INFO REPORT==== 1-Dec-2016::06:29:43 ===
           ts_search:(5:<0.678.0>) Dyn Var (RE): no Match (varname=created_news_id), 

=INFO REPORT==== 1-Dec-2016::06:29:43 ===
           ts_search:(5:<0.593.0>) Dyn Var (RE): no Match (varname=created_news_id), 

=INFO REPORT==== 1-Dec-2016::06:29:43 ===
           ts_search:(5:<0.783.0>) Dyn Var (RE): no Match (varname=created_news_id), 

=INFO REPORT==== 1-Dec-2016::06:29:43 ===
           ts_search:(5:<0.617.0>) Dyn Var (RE): no Match (varname=created_news_id), 

=INFO REPORT==== 1-Dec-2016::06:29:44 ===
           ts_search:(5:<0.795.0>) Dyn Var (RE): no Match (varname=created_news_id), 

=INFO REPORT==== 1-Dec-2016::06:29:44 ===
           ts_search:(5:<0.711.0>) Dyn Var (RE): no Match (varname=created_news_id), 

=INFO REPORT==== 1-Dec-2016::06:29:44 ===
           ts_search:(5:<0.456.0>) Dyn Var (RE): no Match (varname=created_news_id), 

=INFO REPORT==== 1-Dec-2016::06:29:44 ===
           ts_search:(5:<0.862.0>) Dyn Var (RE): no Match (varname=created_news_id), 

=INFO REPORT==== 1-Dec-2016::06:29:44 ===
           ts_search:(5:<0.709.0>) Dyn Var (RE): no Match (varname=created_news_id), 

=INFO REPORT==== 1-Dec-2016::06:29:45 ===
           ts_search:(5:<0.510.0>) Dyn Var (RE): no Match (varname=created_news_id), 

=INFO REPORT==== 1-Dec-2016::06:29:45 ===
           ts_search:(5:<0.271.0>) Dyn Var (RE): no Match (varname=created_news_id), 

=INFO REPORT==== 1-Dec-2016::06:29:45 ===
           ts_search:(5:<0.551.0>) Dyn Var (RE): no Match (varname=created_news_id), 

=INFO REPORT==== 1-Dec-2016::06:29:45 ===
           ts_search:(5:<0.460.0>) Dyn Var (RE): no Match (varname=created_news_id), 

=INFO REPORT==== 1-Dec-2016::06:29:46 ===
           ts_search:(5:<0.787.0>) Dyn Var (RE): no Match (varname=created_news_id), 

=INFO REPORT==== 1-Dec-2016::06:29:46 ===
           ts_search:(5:<0.772.0>) Dyn Var (RE): no Match (varname=created_news_id), 

=INFO REPORT==== 1-Dec-2016::06:29:47 ===
           ts_search:(5:<0.490.0>) Dyn Var (RE): no Match (varname=created_news_id), 

=INFO REPORT==== 1-Dec-2016::06:29:47 ===
           ts_search:(5:<0.883.0>) Dyn Var (RE): no Match (varname=created_news_id), 

=INFO REPORT==== 1-Dec-2016::06:29:47 ===
           ts_search:(5:<0.671.0>) Dyn Var (RE): no Match (varname=created_news_id), 

=INFO REPORT==== 1-Dec-2016::06:29:48 ===
           ts_search:(5:<0.641.0>) Dyn Var (RE): no Match (varname=created_news_id), 

=INFO REPORT==== 1-Dec-2016::06:29:48 ===
           ts_search:(5:<0.638.0>) Dyn Var (RE): no Match (varname=created_news_id), 

=INFO REPORT==== 1-Dec-2016::06:29:48 ===
           ts_search:(5:<0.940.0>) Dyn Var (RE): no Match (varname=created_news_id), 

=INFO REPORT==== 1-Dec-2016::06:29:48 ===
           ts_search:(5:<0.696.0>) Dyn Var (RE): no Match (varname=created_news_id), 

=INFO REPORT==== 1-Dec-2016::06:29:48 ===
           ts_search:(5:<0.913.0>) Dyn Var (RE): no Match (varname=created_news_id), 

=INFO REPORT==== 1-Dec-2016::06:29:48 ===
           ts_search:(5:<0.969.0>) Dyn Var (RE): no Match (varname=created_news_id), 

=INFO REPORT==== 1-Dec-2016::06:29:49 ===
           ts_search:(5:<0.983.0>) Dyn Var (RE): no Match (varname=created_news_id), 

=INFO REPORT==== 1-Dec-2016::06:29:50 ===
           ts_search:(5:<0.771.0>) Dyn Var (RE): no Match (varname=created_news_id), 

=INFO REPORT==== 1-Dec-2016::06:29:50 ===
           ts_search:(5:<0.758.0>) Dyn Var (RE): no Match (varname=created_news_id), 

=INFO REPORT==== 1-Dec-2016::06:29:50 ===
           ts_search:(5:<0.561.0>) Dyn Var (RE): no Match (varname=created_news_id), 

=INFO REPORT==== 1-Dec-2016::06:29:50 ===
           ts_search:(5:<0.749.0>) Dyn Var (RE): no Match (varname=created_news_id), 

=INFO REPORT==== 1-Dec-2016::06:29:50 ===
           ts_search:(5:<0.330.0>) Dyn Var (RE): no Match (varname=created_news_id), 

=INFO REPORT==== 1-Dec-2016::06:29:50 ===
           ts_search:(5:<0.424.0>) Dyn Var (RE): no Match (varname=created_news_id), 

=INFO REPORT==== 1-Dec-2016::06:29:50 ===
           ts_search:(5:<0.825.0>) Dyn Var (RE): no Match (varname=created_news_id), 

=INFO REPORT==== 1-Dec-2016::06:29:51 ===
           ts_search:(5:<0.435.0>) Dyn Var (RE): no Match (varname=created_news_id), 

=INFO REPORT==== 1-Dec-2016::06:29:51 ===
           ts_search:(5:<0.532.0>) Dyn Var (RE): no Match (varname=created_news_id), 

=INFO REPORT==== 1-Dec-2016::06:29:51 ===
           ts_search:(5:<0.875.0>) Dyn Var (RE): no Match (varname=created_news_id), 

=INFO REPORT==== 1-Dec-2016::06:29:51 ===
           ts_search:(5:<0.690.0>) Dyn Var (RE): no Match (varname=created_news_id), 

=INFO REPORT==== 1-Dec-2016::06:29:51 ===
         ts_launcher:(4:<0.112.0>) Need to wait 0.22 sec before changing phase, going to sleep

=INFO REPORT==== 1-Dec-2016::06:29:51 ===
           ts_search:(5:<0.1035.0>) Dyn Var (RE): no Match (varname=created_news_id), 

=INFO REPORT==== 1-Dec-2016::06:29:51 ===
         ts_launcher:(5:<0.112.0>) Waking up

=INFO REPORT==== 1-Dec-2016::06:29:51 ===
         ts_launcher:(5:<0.112.0>) Start a new arrival phase (960 users, 0.032); expected duration=30.0 sec

=INFO REPORT==== 1-Dec-2016::06:29:52 ===
           ts_search:(5:<0.1007.0>) Dyn Var (RE): no Match (varname=created_news_id), 

=INFO REPORT==== 1-Dec-2016::06:29:52 ===
           ts_search:(5:<0.902.0>) Dyn Var (RE): no Match (varname=created_news_id), 

=INFO REPORT==== 1-Dec-2016::06:29:53 ===
           ts_search:(5:<0.880.0>) Dyn Var (RE): no Match (varname=created_news_id), 

=INFO REPORT==== 1-Dec-2016::06:29:53 ===
           ts_search:(5:<0.548.0>) Dyn Var (RE): no Match (varname=created_news_id), 

=INFO REPORT==== 1-Dec-2016::06:29:53 ===
           ts_search:(5:<0.878.0>) Dyn Var (RE): no Match (varname=created_news_id), 

=INFO REPORT==== 1-Dec-2016::06:29:53 ===
           ts_search:(5:<0.1055.0>) Dyn Var (RE): no Match (varname=created_news_id), 

=INFO REPORT==== 1-Dec-2016::06:29:54 ===
           ts_search:(5:<0.963.0>) Dyn Var (RE): no Match (varname=created_news_id), 

=INFO REPORT==== 1-Dec-2016::06:29:54 ===
           ts_search:(5:<0.989.0>) Dyn Var (RE): no Match (varname=created_news_id), 

=INFO REPORT==== 1-Dec-2016::06:29:54 ===
           ts_search:(5:<0.921.0>) Dyn Var (RE): no Match (varname=created_news_id), 

=INFO REPORT==== 1-Dec-2016::06:29:54 ===
           ts_search:(5:<0.738.0>) Dyn Var (RE): no Match (varname=created_news_id), 

=INFO REPORT==== 1-Dec-2016::06:29:54 ===
           ts_search:(5:<0.1108.0>) Dyn Var (RE): no Match (varname=created_news_id), 

=INFO REPORT==== 1-Dec-2016::06:29:55 ===
           ts_search:(5:<0.1039.0>) Dyn Var (RE): no Match (varname=created_news_id), 

=INFO REPORT==== 1-Dec-2016::06:29:55 ===
           ts_search:(5:<0.1050.0>) Dyn Var (RE): no Match (varname=created_news_id), 

=INFO REPORT==== 1-Dec-2016::06:29:55 ===
           ts_search:(5:<0.1089.0>) Dyn Var (RE): no Match (varname=created_news_id), 

=INFO REPORT==== 1-Dec-2016::06:29:55 ===
           ts_search:(5:<0.959.0>) Dyn Var (RE): no Match (varname=created_news_id), 

=INFO REPORT==== 1-Dec-2016::06:29:55 ===
           ts_search:(5:<0.826.0>) Dyn Var (RE): no Match (varname=created_news_id), 

=INFO REPORT==== 1-Dec-2016::06:29:55 ===
           ts_search:(5:<0.936.0>) Dyn Var (RE): no Match (varname=created_news_id), 

=INFO REPORT==== 1-Dec-2016::06:29:55 ===
           ts_search:(5:<0.896.0>) Dyn Var (RE): no Match (varname=created_news_id), 

=INFO REPORT==== 1-Dec-2016::06:29:55 ===
           ts_search:(5:<0.911.0>) Dyn Var (RE): no Match (varname=created_news_id), 

=INFO REPORT==== 1-Dec-2016::06:29:55 ===
           ts_search:(5:<0.837.0>) Dyn Var (RE): no Match (varname=created_news_id), 

=INFO REPORT==== 1-Dec-2016::06:29:55 ===
           ts_search:(5:<0.938.0>) Dyn Var (RE): no Match (varname=created_news_id), 

=INFO REPORT==== 1-Dec-2016::06:29:56 ===
           ts_search:(5:<0.497.0>) Dyn Var (RE): no Match (varname=created_news_id), 

=INFO REPORT==== 1-Dec-2016::06:29:56 ===
           ts_search:(5:<0.1030.0>) Dyn Var (RE): no Match (varname=created_news_id), 

=INFO REPORT==== 1-Dec-2016::06:29:57 ===
           ts_search:(5:<0.869.0>) Dyn Var (RE): no Match (varname=created_news_id), 

=INFO REPORT==== 1-Dec-2016::06:29:57 ===
           ts_search:(5:<0.835.0>) Dyn Var (RE): no Match (varname=created_news_id), 

=INFO REPORT==== 1-Dec-2016::06:29:58 ===
           ts_search:(5:<0.962.0>) Dyn Var (RE): no Match (varname=created_news_id), 

=INFO REPORT==== 1-Dec-2016::06:29:58 ===
           ts_search:(5:<0.990.0>) Dyn Var (RE): no Match (varname=created_news_id), 

=INFO REPORT==== 1-Dec-2016::06:29:58 ===
           ts_search:(5:<0.1079.0>) Dyn Var (RE): no Match (varname=created_news_id), 

=INFO REPORT==== 1-Dec-2016::06:29:58 ===
           ts_search:(5:<0.1207.0>) Dyn Var (RE): no Match (varname=created_news_id), 

=INFO REPORT==== 1-Dec-2016::06:29:58 ===
           ts_search:(5:<0.853.0>) Dyn Var (RE): no Match (varname=created_news_id), 

=INFO REPORT==== 1-Dec-2016::06:29:58 ===
           ts_search:(5:<0.1177.0>) Dyn Var (RE): no Match (varname=created_news_id), 

=INFO REPORT==== 1-Dec-2016::06:29:59 ===
           ts_search:(5:<0.895.0>) Dyn Var (RE): no Match (varname=created_news_id), 

=INFO REPORT==== 1-Dec-2016::06:29:59 ===
           ts_search:(5:<0.1153.0>) Dyn Var (RE): no Match (varname=created_news_id), 

=INFO REPORT==== 1-Dec-2016::06:29:59 ===
           ts_search:(5:<0.1168.0>) Dyn Var (RE): no Match (varname=created_news_id), 

=INFO REPORT==== 1-Dec-2016::06:29:59 ===
           ts_search:(5:<0.1048.0>) Dyn Var (RE): no Match (varname=created_news_id), 

=INFO REPORT==== 1-Dec-2016::06:29:59 ===
           ts_search:(5:<0.724.0>) Dyn Var (RE): no Match (varname=created_news_id), 

=INFO REPORT==== 1-Dec-2016::06:29:59 ===
           ts_search:(5:<0.784.0>) Dyn Var (RE): no Match (varname=created_news_id), 

=INFO REPORT==== 1-Dec-2016::06:29:59 ===
           ts_search:(5:<0.301.0>) Dyn Var (RE): no Match (varname=created_news_id), 

=INFO REPORT==== 1-Dec-2016::06:29:59 ===
           ts_search:(5:<0.743.0>) Dyn Var (RE): no Match (varname=created_news_id), 

=INFO REPORT==== 1-Dec-2016::06:30:00 ===
           ts_search:(5:<0.1178.0>) Dyn Var (RE): no Match (varname=created_news_id), 

=INFO REPORT==== 1-Dec-2016::06:30:00 ===
           ts_search:(5:<0.1098.0>) Dyn Var (RE): no Match (varname=created_news_id), 

=INFO REPORT==== 1-Dec-2016::06:30:00 ===
           ts_search:(5:<0.1211.0>) Dyn Var (RE): no Match (varname=created_news_id), 

=INFO REPORT==== 1-Dec-2016::06:30:00 ===
           ts_search:(5:<0.1141.0>) Dyn Var (RE): no Match (varname=created_news_id), 

=INFO REPORT==== 1-Dec-2016::06:30:00 ===
           ts_search:(5:<0.1103.0>) Dyn Var (RE): no Match (varname=created_news_id), 

=INFO REPORT==== 1-Dec-2016::06:30:00 ===
           ts_search:(5:<0.1134.0>) Dyn Var (RE): no Match (varname=created_news_id), 

=INFO REPORT==== 1-Dec-2016::06:30:00 ===
           ts_search:(5:<0.1122.0>) Dyn Var (RE): no Match (varname=created_news_id), 

=INFO REPORT==== 1-Dec-2016::06:30:00 ===
           ts_search:(5:<0.1244.0>) Dyn Var (RE): no Match (varname=created_news_id), 

=INFO REPORT==== 1-Dec-2016::06:30:00 ===
           ts_search:(5:<0.949.0>) Dyn Var (RE): no Match (varname=created_news_id), 

=INFO REPORT==== 1-Dec-2016::06:30:01 ===
           ts_search:(5:<0.1213.0>) Dyn Var (RE): no Match (varname=created_news_id), 

=INFO REPORT==== 1-Dec-2016::06:30:01 ===
           ts_search:(5:<0.1198.0>) Dyn Var (RE): no Match (varname=created_news_id), 

=INFO REPORT==== 1-Dec-2016::06:30:01 ===
           ts_search:(5:<0.1085.0>) Dyn Var (RE): no Match (varname=created_news_id), 

=INFO REPORT==== 1-Dec-2016::06:30:01 ===
           ts_search:(5:<0.1221.0>) Dyn Var (RE): no Match (varname=created_news_id), 

=INFO REPORT==== 1-Dec-2016::06:30:01 ===
           ts_search:(5:<0.1148.0>) Dyn Var (RE): no Match (varname=created_news_id), 

=INFO REPORT==== 1-Dec-2016::06:30:01 ===
           ts_search:(5:<0.1191.0>) Dyn Var (RE): no Match (varname=created_news_id), 

=INFO REPORT==== 1-Dec-2016::06:30:01 ===
           ts_search:(5:<0.1072.0>) Dyn Var (RE): no Match (varname=created_news_id), 

=INFO REPORT==== 1-Dec-2016::06:30:02 ===
           ts_search:(5:<0.1059.0>) Dyn Var (RE): no Match (varname=created_news_id), 

=INFO REPORT==== 1-Dec-2016::06:30:02 ===
           ts_search:(5:<0.998.0>) Dyn Var (RE): no Match (varname=created_news_id), 

=INFO REPORT==== 1-Dec-2016::06:30:02 ===
           ts_search:(5:<0.1145.0>) Dyn Var (RE): no Match (varname=created_news_id), 

=INFO REPORT==== 1-Dec-2016::06:30:02 ===
           ts_search:(5:<0.1264.0>) Dyn Var (RE): no Match (varname=created_news_id), 

=INFO REPORT==== 1-Dec-2016::06:30:02 ===
           ts_search:(5:<0.731.0>) Dyn Var (RE): no Match (varname=created_news_id), 

=INFO REPORT==== 1-Dec-2016::06:30:02 ===
           ts_search:(5:<0.1273.0>) Dyn Var (RE): no Match (varname=created_news_id), 

=INFO REPORT==== 1-Dec-2016::06:30:02 ===
           ts_search:(5:<0.1009.0>) Dyn Var (RE): no Match (varname=created_news_id), 

=INFO REPORT==== 1-Dec-2016::06:30:03 ===
           ts_search:(5:<0.994.0>) Dyn Var (RE): no Match (varname=created_news_id), 

=INFO REPORT==== 1-Dec-2016::06:30:03 ===
           ts_search:(5:<0.1278.0>) Dyn Var (RE): no Match (varname=created_news_id), 

=INFO REPORT==== 1-Dec-2016::06:30:03 ===
           ts_search:(5:<0.934.0>) Dyn Var (RE): no Match (varname=created_news_id), 

=INFO REPORT==== 1-Dec-2016::06:30:03 ===
           ts_search:(5:<0.740.0>) Dyn Var (RE): no Match (varname=created_news_id), 

=INFO REPORT==== 1-Dec-2016::06:30:04 ===
           ts_search:(5:<0.1058.0>) Dyn Var (RE): no Match (varname=created_news_id), 

=INFO REPORT==== 1-Dec-2016::06:30:04 ===
           ts_search:(5:<0.768.0>) Dyn Var (RE): no Match (varname=created_news_id), 

=INFO REPORT==== 1-Dec-2016::06:30:04 ===
           ts_search:(5:<0.1169.0>) Dyn Var (RE): no Match (varname=created_news_id), 

=INFO REPORT==== 1-Dec-2016::06:30:04 ===
           ts_search:(5:<0.941.0>) Dyn Var (RE): no Match (varname=created_news_id), 

=INFO REPORT==== 1-Dec-2016::06:30:04 ===
           ts_search:(5:<0.1131.0>) Dyn Var (RE): no Match (varname=created_news_id), 

=INFO REPORT==== 1-Dec-2016::06:30:04 ===
           ts_search:(5:<0.1274.0>) Dyn Var (RE): no Match (varname=created_news_id), 

=INFO REPORT==== 1-Dec-2016::06:30:04 ===
           ts_search:(5:<0.295.0>) Dyn Var (RE): no Match (varname=created_news_id), 

=INFO REPORT==== 1-Dec-2016::06:30:04 ===
           ts_search:(5:<0.1167.0>) Dyn Var (RE): no Match (varname=created_news_id), 

=INFO REPORT==== 1-Dec-2016::06:30:05 ===
           ts_search:(5:<0.1170.0>) Dyn Var (RE): no Match (varname=created_news_id), 

=INFO REPORT==== 1-Dec-2016::06:30:05 ===
           ts_search:(5:<0.493.0>) Dyn Var (RE): no Match (varname=created_news_id), 

=INFO REPORT==== 1-Dec-2016::06:30:05 ===
           ts_search:(5:<0.906.0>) Dyn Var (RE): no Match (varname=created_news_id), 

=INFO REPORT==== 1-Dec-2016::06:30:05 ===
           ts_search:(5:<0.1152.0>) Dyn Var (RE): no Match (varname=created_news_id), 

=INFO REPORT==== 1-Dec-2016::06:30:05 ===
           ts_search:(5:<0.1371.0>) Dyn Var (RE): no Match (varname=created_news_id), 

=INFO REPORT==== 1-Dec-2016::06:30:05 ===
           ts_search:(5:<0.1116.0>) Dyn Var (RE): no Match (varname=created_news_id), 

=INFO REPORT==== 1-Dec-2016::06:30:05 ===
           ts_search:(5:<0.901.0>) Dyn Var (RE): no Match (varname=created_news_id), 

=INFO REPORT==== 1-Dec-2016::06:30:06 ===
           ts_search:(5:<0.958.0>) Dyn Var (RE): no Match (varname=created_news_id), 

=INFO REPORT==== 1-Dec-2016::06:30:06 ===
           ts_search:(5:<0.1260.0>) Dyn Var (RE): no Match (varname=created_news_id), 

=INFO REPORT==== 1-Dec-2016::06:30:06 ===
           ts_search:(5:<0.1322.0>) Dyn Var (RE): no Match (varname=created_news_id), 

=INFO REPORT==== 1-Dec-2016::06:30:06 ===
           ts_search:(5:<0.670.0>) Dyn Var (RE): no Match (varname=created_news_id), 

=INFO REPORT==== 1-Dec-2016::06:30:06 ===
           ts_search:(5:<0.1014.0>) Dyn Var (RE): no Match (varname=created_news_id), 

=INFO REPORT==== 1-Dec-2016::06:30:07 ===
           ts_search:(5:<0.1190.0>) Dyn Var (RE): no Match (varname=created_news_id), 

=INFO REPORT==== 1-Dec-2016::06:30:07 ===
           ts_search:(5:<0.1162.0>) Dyn Var (RE): no Match (varname=created_news_id), 

=INFO REPORT==== 1-Dec-2016::06:30:07 ===
           ts_search:(5:<0.595.0>) Dyn Var (RE): no Match (varname=created_news_id), 

=INFO REPORT==== 1-Dec-2016::06:30:07 ===
           ts_search:(5:<0.1266.0>) Dyn Var (RE): no Match (varname=created_news_id), 

=INFO REPORT==== 1-Dec-2016::06:30:07 ===
           ts_search:(5:<0.1219.0>) Dyn Var (RE): no Match (varname=created_news_id), 

=INFO REPORT==== 1-Dec-2016::06:30:07 ===
           ts_search:(5:<0.1326.0>) Dyn Var (RE): no Match (varname=created_news_id), 

=INFO REPORT==== 1-Dec-2016::06:30:07 ===
           ts_search:(5:<0.707.0>) Dyn Var (RE): no Match (varname=created_news_id), 

=INFO REPORT==== 1-Dec-2016::06:30:08 ===
           ts_search:(5:<0.1155.0>) Dyn Var (RE): no Match (varname=created_news_id), 

=INFO REPORT==== 1-Dec-2016::06:30:08 ===
           ts_search:(5:<0.1104.0>) Dyn Var (RE): no Match (varname=created_news_id), 

=INFO REPORT==== 1-Dec-2016::06:30:08 ===
           ts_search:(5:<0.1263.0>) Dyn Var (RE): no Match (varname=created_news_id), 

=INFO REPORT==== 1-Dec-2016::06:30:08 ===
           ts_search:(5:<0.1504.0>) Dyn Var (RE): no Match (varname=created_news_id), 

=INFO REPORT==== 1-Dec-2016::06:30:08 ===
           ts_search:(5:<0.1505.0>) Dyn Var (RE): no Match (varname=created_news_id), 

=INFO REPORT==== 1-Dec-2016::06:30:09 ===
           ts_search:(5:<0.710.0>) Dyn Var (RE): no Match (varname=created_news_id), 

=INFO REPORT==== 1-Dec-2016::06:30:09 ===
           ts_search:(5:<0.1056.0>) Dyn Var (RE): no Match (varname=created_news_id), 

=INFO REPORT==== 1-Dec-2016::06:30:09 ===
           ts_search:(5:<0.1002.0>) Dyn Var (RE): no Match (varname=created_news_id), 

=INFO REPORT==== 1-Dec-2016::06:30:09 ===
           ts_search:(5:<0.1205.0>) Dyn Var (RE): no Match (varname=created_news_id), 

=INFO REPORT==== 1-Dec-2016::06:30:09 ===
           ts_search:(5:<0.1441.0>) Dyn Var (RE): no Match (varname=created_news_id), 

=INFO REPORT==== 1-Dec-2016::06:30:10 ===
           ts_search:(5:<0.1466.0>) Dyn Var (RE): no Match (varname=created_news_id), 

=INFO REPORT==== 1-Dec-2016::06:30:10 ===
           ts_search:(5:<0.924.0>) Dyn Var (RE): no Match (varname=created_news_id), 

=INFO REPORT==== 1-Dec-2016::06:30:10 ===
           ts_search:(5:<0.1209.0>) Dyn Var (RE): no Match (varname=created_news_id), 

=INFO REPORT==== 1-Dec-2016::06:30:10 ===
           ts_search:(5:<0.1556.0>) Dyn Var (RE): no Match (varname=created_news_id), 

=INFO REPORT==== 1-Dec-2016::06:30:10 ===
           ts_search:(5:<0.1537.0>) Dyn Var (RE): no Match (varname=created_news_id), 

=INFO REPORT==== 1-Dec-2016::06:30:10 ===
           ts_search:(5:<0.1531.0>) Dyn Var (RE): no Match (varname=created_news_id), 

=INFO REPORT==== 1-Dec-2016::06:30:10 ===
           ts_search:(5:<0.1487.0>) Dyn Var (RE): no Match (varname=created_news_id), 

=INFO REPORT==== 1-Dec-2016::06:30:11 ===
           ts_search:(5:<0.1630.0>) Dyn Var (RE): no Match (varname=created_news_id), 

=INFO REPORT==== 1-Dec-2016::06:30:11 ===
           ts_search:(5:<0.1480.0>) Dyn Var (RE): no Match (varname=created_news_id), 

=INFO REPORT==== 1-Dec-2016::06:30:11 ===
           ts_search:(5:<0.1495.0>) Dyn Var (RE): no Match (varname=created_news_id), 

=INFO REPORT==== 1-Dec-2016::06:30:11 ===
           ts_search:(5:<0.1516.0>) Dyn Var (RE): no Match (varname=created_news_id), 

=INFO REPORT==== 1-Dec-2016::06:30:11 ===
           ts_search:(5:<0.1300.0>) Dyn Var (RE): no Match (varname=created_news_id), 

=INFO REPORT==== 1-Dec-2016::06:30:11 ===
           ts_search:(5:<0.1542.0>) Dyn Var (RE): no Match (varname=created_news_id), 

=INFO REPORT==== 1-Dec-2016::06:30:11 ===
           ts_search:(5:<0.1573.0>) Dyn Var (RE): no Match (varname=created_news_id), 

=INFO REPORT==== 1-Dec-2016::06:30:11 ===
           ts_search:(5:<0.1471.0>) Dyn Var (RE): no Match (varname=created_news_id), 

=INFO REPORT==== 1-Dec-2016::06:30:11 ===
           ts_search:(5:<0.1448.0>) Dyn Var (RE): no Match (varname=created_news_id), 

=INFO REPORT==== 1-Dec-2016::06:30:11 ===
           ts_search:(5:<0.1538.0>) Dyn Var (RE): no Match (varname=created_news_id), 

=INFO REPORT==== 1-Dec-2016::06:30:11 ===
           ts_search:(5:<0.1566.0>) Dyn Var (RE): no Match (varname=created_news_id), 

=INFO REPORT==== 1-Dec-2016::06:30:11 ===
           ts_search:(5:<0.1156.0>) Dyn Var (RE): no Match (varname=created_news_id), 

=INFO REPORT==== 1-Dec-2016::06:30:12 ===
           ts_search:(5:<0.1235.0>) Dyn Var (RE): no Match (varname=created_news_id), 

=INFO REPORT==== 1-Dec-2016::06:30:12 ===
           ts_search:(5:<0.1398.0>) Dyn Var (RE): no Match (varname=created_news_id), 

=INFO REPORT==== 1-Dec-2016::06:30:12 ===
           ts_search:(5:<0.1533.0>) Dyn Var (RE): no Match (varname=created_news_id), 

=INFO REPORT==== 1-Dec-2016::06:30:12 ===
           ts_search:(5:<0.1465.0>) Dyn Var (RE): no Match (varname=created_news_id), 

=INFO REPORT==== 1-Dec-2016::06:30:12 ===
           ts_search:(5:<0.1125.0>) Dyn Var (RE): no Match (varname=created_news_id), 

=INFO REPORT==== 1-Dec-2016::06:30:12 ===
           ts_search:(5:<0.1606.0>) Dyn Var (RE): no Match (varname=created_news_id), 

=INFO REPORT==== 1-Dec-2016::06:30:12 ===
           ts_search:(5:<0.821.0>) Dyn Var (RE): no Match (varname=created_news_id), 

=INFO REPORT==== 1-Dec-2016::06:30:12 ===
           ts_search:(5:<0.1231.0>) Dyn Var (RE): no Match (varname=created_news_id), 

=INFO REPORT==== 1-Dec-2016::06:30:12 ===
           ts_search:(5:<0.1565.0>) Dyn Var (RE): no Match (varname=created_news_id), 

=INFO REPORT==== 1-Dec-2016::06:30:13 ===
           ts_search:(5:<0.639.0>) Dyn Var (RE): no Match (varname=created_news_id), 

=INFO REPORT==== 1-Dec-2016::06:30:13 ===
           ts_search:(5:<0.1627.0>) Dyn Var (RE): no Match (varname=created_news_id), 

=INFO REPORT==== 1-Dec-2016::06:30:13 ===
           ts_search:(5:<0.842.0>) Dyn Var (RE): no Match (varname=created_news_id), 

=INFO REPORT==== 1-Dec-2016::06:30:13 ===
           ts_search:(5:<0.1607.0>) Dyn Var (RE): no Match (varname=created_news_id), 

=INFO REPORT==== 1-Dec-2016::06:30:13 ===
           ts_search:(5:<0.1110.0>) Dyn Var (RE): no Match (varname=created_news_id), 

=INFO REPORT==== 1-Dec-2016::06:30:13 ===
           ts_search:(5:<0.790.0>) Dyn Var (RE): no Match (varname=created_news_id), 

=INFO REPORT==== 1-Dec-2016::06:30:13 ===
           ts_search:(5:<0.1669.0>) Dyn Var (RE): no Match (varname=created_news_id), 

=INFO REPORT==== 1-Dec-2016::06:30:14 ===
           ts_search:(5:<0.1543.0>) Dyn Var (RE): no Match (varname=created_news_id), 

=INFO REPORT==== 1-Dec-2016::06:30:14 ===
           ts_search:(5:<0.1605.0>) Dyn Var (RE): no Match (varname=created_news_id), 

=INFO REPORT==== 1-Dec-2016::06:30:14 ===
           ts_search:(5:<0.1601.0>) Dyn Var (RE): no Match (varname=created_news_id), 

=INFO REPORT==== 1-Dec-2016::06:30:15 ===
           ts_search:(5:<0.1290.0>) Dyn Var (RE): no Match (varname=created_news_id), 

=INFO REPORT==== 1-Dec-2016::06:30:15 ===
           ts_search:(5:<0.1097.0>) Dyn Var (RE): no Match (varname=created_news_id), 

=INFO REPORT==== 1-Dec-2016::06:30:15 ===
           ts_search:(5:<0.1658.0>) Dyn Var (RE): no Match (varname=created_news_id), 

=INFO REPORT==== 1-Dec-2016::06:30:15 ===
           ts_search:(5:<0.1107.0>) Dyn Var (RE): no Match (varname=created_news_id), 

=INFO REPORT==== 1-Dec-2016::06:30:15 ===
           ts_search:(5:<0.1327.0>) Dyn Var (RE): no Match (varname=created_news_id), 

=INFO REPORT==== 1-Dec-2016::06:30:15 ===
           ts_search:(5:<0.1597.0>) Dyn Var (RE): no Match (varname=created_news_id), 

=INFO REPORT==== 1-Dec-2016::06:30:15 ===
           ts_search:(5:<0.1366.0>) Dyn Var (RE): no Match (varname=created_news_id), 

=INFO REPORT==== 1-Dec-2016::06:30:15 ===
           ts_search:(5:<0.1666.0>) Dyn Var (RE): no Match (varname=created_news_id), 

=INFO REPORT==== 1-Dec-2016::06:30:15 ===
           ts_search:(5:<0.1667.0>) Dyn Var (RE): no Match (varname=created_news_id), 

=INFO REPORT==== 1-Dec-2016::06:30:16 ===
           ts_search:(5:<0.1603.0>) Dyn Var (RE): no Match (varname=created_news_id), 

=INFO REPORT==== 1-Dec-2016::06:30:16 ===
           ts_search:(5:<0.1514.0>) Dyn Var (RE): no Match (varname=created_news_id), 

=INFO REPORT==== 1-Dec-2016::06:30:16 ===
           ts_search:(5:<0.1791.0>) Dyn Var (RE): no Match (varname=created_news_id), 

=INFO REPORT==== 1-Dec-2016::06:30:16 ===
           ts_search:(5:<0.1136.0>) Dyn Var (RE): no Match (varname=created_news_id), 

=INFO REPORT==== 1-Dec-2016::06:30:16 ===
           ts_search:(5:<0.1127.0>) Dyn Var (RE): no Match (varname=created_news_id), 

=INFO REPORT==== 1-Dec-2016::06:30:16 ===
           ts_search:(5:<0.1229.0>) Dyn Var (RE): no Match (varname=created_news_id), 

=INFO REPORT==== 1-Dec-2016::06:30:16 ===
           ts_search:(5:<0.1586.0>) Dyn Var (RE): no Match (varname=created_news_id), 

=INFO REPORT==== 1-Dec-2016::06:30:17 ===
           ts_search:(5:<0.1024.0>) Dyn Var (RE): no Match (varname=created_news_id), 

=INFO REPORT==== 1-Dec-2016::06:30:17 ===
           ts_search:(5:<0.1005.0>) Dyn Var (RE): no Match (varname=created_news_id), 

=INFO REPORT==== 1-Dec-2016::06:30:17 ===
           ts_search:(5:<0.1725.0>) Dyn Var (RE): no Match (varname=created_news_id), 

=INFO REPORT==== 1-Dec-2016::06:30:17 ===
           ts_search:(5:<0.1615.0>) Dyn Var (RE): no Match (varname=created_news_id), 

=INFO REPORT==== 1-Dec-2016::06:30:17 ===
           ts_search:(5:<0.1292.0>) Dyn Var (RE): no Match (varname=created_news_id), 

=INFO REPORT==== 1-Dec-2016::06:30:17 ===
           ts_search:(5:<0.1341.0>) Dyn Var (RE): no Match (varname=created_news_id), 

=INFO REPORT==== 1-Dec-2016::06:30:18 ===
           ts_search:(5:<0.1187.0>) Dyn Var (RE): no Match (varname=created_news_id), 

=INFO REPORT==== 1-Dec-2016::06:30:18 ===
           ts_search:(5:<0.1551.0>) Dyn Var (RE): no Match (varname=created_news_id), 

=INFO REPORT==== 1-Dec-2016::06:30:18 ===
           ts_search:(5:<0.1372.0>) Dyn Var (RE): no Match (varname=created_news_id), 

=INFO REPORT==== 1-Dec-2016::06:30:18 ===
           ts_search:(5:<0.1449.0>) Dyn Var (RE): no Match (varname=created_news_id), 

=INFO REPORT==== 1-Dec-2016::06:30:18 ===
           ts_search:(5:<0.1639.0>) Dyn Var (RE): no Match (varname=created_news_id), 

=INFO REPORT==== 1-Dec-2016::06:30:18 ===
           ts_search:(5:<0.1158.0>) Dyn Var (RE): no Match (varname=created_news_id), 

=INFO REPORT==== 1-Dec-2016::06:30:18 ===
           ts_search:(5:<0.1685.0>) Dyn Var (RE): no Match (varname=created_news_id), 

=INFO REPORT==== 1-Dec-2016::06:30:19 ===
           ts_search:(5:<0.585.0>) Dyn Var (RE): no Match (varname=created_news_id), 

=INFO REPORT==== 1-Dec-2016::06:30:19 ===
           ts_search:(5:<0.1631.0>) Dyn Var (RE): no Match (varname=created_news_id), 

=INFO REPORT==== 1-Dec-2016::06:30:19 ===
           ts_search:(5:<0.1599.0>) Dyn Var (RE): no Match (varname=created_news_id), 

=INFO REPORT==== 1-Dec-2016::06:30:19 ===
           ts_search:(5:<0.1208.0>) Dyn Var (RE): no Match (varname=created_news_id), 

=INFO REPORT==== 1-Dec-2016::06:30:19 ===
           ts_search:(5:<0.775.0>) Dyn Var (RE): no Match (varname=created_news_id), 

=INFO REPORT==== 1-Dec-2016::06:30:19 ===
           ts_search:(5:<0.1525.0>) Dyn Var (RE): no Match (varname=created_news_id), 

=INFO REPORT==== 1-Dec-2016::06:30:19 ===
           ts_search:(5:<0.1473.0>) Dyn Var (RE): no Match (varname=created_news_id), 

=INFO REPORT==== 1-Dec-2016::06:30:19 ===
           ts_search:(5:<0.1614.0>) Dyn Var (RE): no Match (varname=created_news_id), 

=INFO REPORT==== 1-Dec-2016::06:30:20 ===
           ts_search:(5:<0.1655.0>) Dyn Var (RE): no Match (varname=created_news_id), 

=INFO REPORT==== 1-Dec-2016::06:30:20 ===
           ts_search:(5:<0.1428.0>) Dyn Var (RE): no Match (varname=created_news_id), 

=INFO REPORT==== 1-Dec-2016::06:30:20 ===
           ts_search:(5:<0.1032.0>) Dyn Var (RE): no Match (varname=created_news_id), 

=INFO REPORT==== 1-Dec-2016::06:30:20 ===
           ts_search:(5:<0.1899.0>) Dyn Var (RE): no Match (varname=created_news_id), 

=INFO REPORT==== 1-Dec-2016::06:30:20 ===
           ts_search:(5:<0.820.0>) Dyn Var (RE): no Match (varname=created_news_id), 

=INFO REPORT==== 1-Dec-2016::06:30:21 ===
           ts_search:(5:<0.1883.0>) Dyn Var (RE): no Match (varname=created_news_id), 

=INFO REPORT==== 1-Dec-2016::06:30:21 ===
           ts_search:(5:<0.1348.0>) Dyn Var (RE): no Match (varname=created_news_id), 

=INFO REPORT==== 1-Dec-2016::06:30:21 ===
           ts_search:(5:<0.1369.0>) Dyn Var (RE): no Match (varname=created_news_id), 

=INFO REPORT==== 1-Dec-2016::06:30:21 ===
           ts_search:(5:<0.1764.0>) Dyn Var (RE): no Match (varname=created_news_id), 

=INFO REPORT==== 1-Dec-2016::06:30:21 ===
           ts_search:(5:<0.1832.0>) Dyn Var (RE): no Match (varname=created_news_id), 

=INFO REPORT==== 1-Dec-2016::06:30:21 ===
           ts_search:(5:<0.1564.0>) Dyn Var (RE): no Match (varname=created_news_id), 

=INFO REPORT==== 1-Dec-2016::06:30:21 ===
           ts_search:(5:<0.1742.0>) Dyn Var (RE): no Match (varname=created_news_id), 

=INFO REPORT==== 1-Dec-2016::06:30:21 ===
           ts_search:(5:<0.855.0>) Dyn Var (RE): no Match (varname=created_news_id), 

=INFO REPORT==== 1-Dec-2016::06:30:21 ===
           ts_search:(5:<0.1185.0>) Dyn Var (RE): no Match (varname=created_news_id), 

=INFO REPORT==== 1-Dec-2016::06:30:21 ===
           ts_search:(5:<0.1452.0>) Dyn Var (RE): no Match (varname=created_news_id), 

=INFO REPORT==== 1-Dec-2016::06:30:21 ===
           ts_search:(5:<0.1076.0>) Dyn Var (RE): no Match (varname=created_news_id), 

=INFO REPORT==== 1-Dec-2016::06:30:21 ===
         ts_launcher:(5:<0.112.0>) Phase duration exceeded, but not all users were launched (24 users, 2.5% of phase)

=INFO REPORT==== 1-Dec-2016::06:30:21 ===
         ts_launcher:(5:<0.112.0>) This was the last phase, wait for connected users to finish their session

=INFO REPORT==== 1-Dec-2016::06:30:22 ===
           ts_search:(5:<0.1642.0>) Dyn Var (RE): no Match (varname=created_news_id), 

=INFO REPORT==== 1-Dec-2016::06:30:22 ===
           ts_search:(5:<0.1692.0>) Dyn Var (RE): no Match (varname=created_news_id), 

=INFO REPORT==== 1-Dec-2016::06:30:22 ===
           ts_search:(5:<0.1848.0>) Dyn Var (RE): no Match (varname=created_news_id), 

=INFO REPORT==== 1-Dec-2016::06:30:22 ===
           ts_search:(5:<0.1659.0>) Dyn Var (RE): no Match (varname=created_news_id), 

=INFO REPORT==== 1-Dec-2016::06:30:22 ===
           ts_search:(5:<0.1828.0>) Dyn Var (RE): no Match (varname=created_news_id), 

=INFO REPORT==== 1-Dec-2016::06:30:22 ===
           ts_search:(5:<0.1906.0>) Dyn Var (RE): no Match (varname=created_news_id), 

=INFO REPORT==== 1-Dec-2016::06:30:22 ===
           ts_search:(5:<0.1901.0>) Dyn Var (RE): no Match (varname=created_news_id), 

=INFO REPORT==== 1-Dec-2016::06:30:22 ===
           ts_search:(5:<0.1681.0>) Dyn Var (RE): no Match (varname=created_news_id), 

=INFO REPORT==== 1-Dec-2016::06:30:22 ===
           ts_search:(5:<0.1403.0>) Dyn Var (RE): no Match (varname=created_news_id), 

=INFO REPORT==== 1-Dec-2016::06:30:22 ===
           ts_search:(5:<0.1712.0>) Dyn Var (RE): no Match (varname=created_news_id), 

=INFO REPORT==== 1-Dec-2016::06:30:22 ===
           ts_search:(5:<0.1722.0>) Dyn Var (RE): no Match (varname=created_news_id), 

=INFO REPORT==== 1-Dec-2016::06:30:23 ===
           ts_search:(5:<0.1837.0>) Dyn Var (RE): no Match (varname=created_news_id), 

=INFO REPORT==== 1-Dec-2016::06:30:23 ===
           ts_search:(5:<0.999.0>) Dyn Var (RE): no Match (varname=created_news_id), 

=INFO REPORT==== 1-Dec-2016::06:30:23 ===
           ts_search:(5:<0.1416.0>) Dyn Var (RE): no Match (varname=created_news_id), 

=INFO REPORT==== 1-Dec-2016::06:30:23 ===
           ts_search:(5:<0.1807.0>) Dyn Var (RE): no Match (varname=created_news_id), 

=INFO REPORT==== 1-Dec-2016::06:30:23 ===
           ts_search:(5:<0.985.0>) Dyn Var (RE): no Match (varname=created_news_id), 

=INFO REPORT==== 1-Dec-2016::06:30:23 ===
           ts_search:(5:<0.1702.0>) Dyn Var (RE): no Match (varname=created_news_id), 

=INFO REPORT==== 1-Dec-2016::06:30:23 ===
           ts_search:(5:<0.1960.0>) Dyn Var (RE): no Match (varname=created_news_id), 

=INFO REPORT==== 1-Dec-2016::06:30:23 ===
           ts_search:(5:<0.625.0>) Dyn Var (RE): no Match (varname=created_news_id), 

=INFO REPORT==== 1-Dec-2016::06:30:23 ===
           ts_search:(5:<0.1017.0>) Dyn Var (RE): no Match (varname=created_news_id), 

=INFO REPORT==== 1-Dec-2016::06:30:23 ===
           ts_search:(5:<0.1395.0>) Dyn Var (RE): no Match (varname=created_news_id), 

=INFO REPORT==== 1-Dec-2016::06:30:23 ===
           ts_search:(5:<0.751.0>) Dyn Var (RE): no Match (varname=created_news_id), 

=INFO REPORT==== 1-Dec-2016::06:30:23 ===
           ts_search:(5:<0.1737.0>) Dyn Var (RE): no Match (varname=created_news_id), 

=INFO REPORT==== 1-Dec-2016::06:30:23 ===
           ts_search:(5:<0.1841.0>) Dyn Var (RE): no Match (varname=created_news_id), 

=INFO REPORT==== 1-Dec-2016::06:30:23 ===
           ts_search:(5:<0.1869.0>) Dyn Var (RE): no Match (varname=created_news_id), 

=INFO REPORT==== 1-Dec-2016::06:30:23 ===
           ts_search:(5:<0.800.0>) Dyn Var (RE): no Match (varname=created_news_id), 

=INFO REPORT==== 1-Dec-2016::06:30:23 ===
           ts_search:(5:<0.1923.0>) Dyn Var (RE): no Match (varname=created_news_id), 

=INFO REPORT==== 1-Dec-2016::06:30:23 ===
           ts_search:(5:<0.1581.0>) Dyn Var (RE): no Match (varname=created_news_id), 

=INFO REPORT==== 1-Dec-2016::06:30:23 ===
           ts_search:(5:<0.920.0>) Dyn Var (RE): no Match (varname=created_news_id), 

=INFO REPORT==== 1-Dec-2016::06:30:24 ===
           ts_search:(5:<0.926.0>) Dyn Var (RE): no Match (varname=created_news_id), 

=INFO REPORT==== 1-Dec-2016::06:30:24 ===
           ts_search:(5:<0.1946.0>) Dyn Var (RE): no Match (varname=created_news_id), 

=INFO REPORT==== 1-Dec-2016::06:30:24 ===
           ts_search:(5:<0.1802.0>) Dyn Var (RE): no Match (varname=created_news_id), 

=INFO REPORT==== 1-Dec-2016::06:30:24 ===
           ts_search:(5:<0.1608.0>) Dyn Var (RE): no Match (varname=created_news_id), 

=INFO REPORT==== 1-Dec-2016::06:30:24 ===
           ts_search:(5:<0.1844.0>) Dyn Var (RE): no Match (varname=created_news_id), 

=INFO REPORT==== 1-Dec-2016::06:30:24 ===
           ts_search:(5:<0.1026.0>) Dyn Var (RE): no Match (varname=created_news_id), 

=INFO REPORT==== 1-Dec-2016::06:30:24 ===
           ts_search:(5:<0.1350.0>) Dyn Var (RE): no Match (varname=created_news_id), 

=INFO REPORT==== 1-Dec-2016::06:30:24 ===
           ts_search:(5:<0.1727.0>) Dyn Var (RE): no Match (varname=created_news_id), 

=INFO REPORT==== 1-Dec-2016::06:30:24 ===
           ts_search:(5:<0.975.0>) Dyn Var (RE): no Match (varname=created_news_id), 

=INFO REPORT==== 1-Dec-2016::06:30:24 ===
           ts_search:(5:<0.779.0>) Dyn Var (RE): no Match (varname=created_news_id), 

=INFO REPORT==== 1-Dec-2016::06:30:24 ===
           ts_search:(5:<0.1800.0>) Dyn Var (RE): no Match (varname=created_news_id), 

=INFO REPORT==== 1-Dec-2016::06:30:24 ===
           ts_search:(5:<0.704.0>) Dyn Var (RE): no Match (varname=created_news_id), 

=INFO REPORT==== 1-Dec-2016::06:30:25 ===
           ts_search:(5:<0.831.0>) Dyn Var (RE): no Match (varname=created_news_id), 

=INFO REPORT==== 1-Dec-2016::06:30:25 ===
           ts_search:(5:<0.1829.0>) Dyn Var (RE): no Match (varname=created_news_id), 

=INFO REPORT==== 1-Dec-2016::06:30:25 ===
           ts_search:(5:<0.1968.0>) Dyn Var (RE): no Match (varname=created_news_id), 

=INFO REPORT==== 1-Dec-2016::06:30:25 ===
           ts_search:(5:<0.1433.0>) Dyn Var (RE): no Match (varname=created_news_id), 

=INFO REPORT==== 1-Dec-2016::06:30:25 ===
           ts_search:(5:<0.1478.0>) Dyn Var (RE): no Match (varname=created_news_id), 

=INFO REPORT==== 1-Dec-2016::06:30:25 ===
           ts_search:(5:<0.1436.0>) Dyn Var (RE): no Match (varname=created_news_id), 

=INFO REPORT==== 1-Dec-2016::06:30:25 ===
           ts_search:(5:<0.1553.0>) Dyn Var (RE): no Match (varname=created_news_id), 

=INFO REPORT==== 1-Dec-2016::06:30:25 ===
           ts_search:(5:<0.1821.0>) Dyn Var (RE): no Match (varname=created_news_id), 

=INFO REPORT==== 1-Dec-2016::06:30:26 ===
           ts_search:(5:<0.1670.0>) Dyn Var (RE): no Match (varname=created_news_id), 

=INFO REPORT==== 1-Dec-2016::06:30:26 ===
           ts_search:(5:<0.1817.0>) Dyn Var (RE): no Match (varname=created_news_id), 

=INFO REPORT==== 1-Dec-2016::06:30:26 ===
           ts_search:(5:<0.1664.0>) Dyn Var (RE): no Match (varname=created_news_id), 

=INFO REPORT==== 1-Dec-2016::06:30:26 ===
           ts_search:(5:<0.1220.0>) Dyn Var (RE): no Match (varname=created_news_id), 

=INFO REPORT==== 1-Dec-2016::06:30:26 ===
           ts_search:(5:<0.1875.0>) Dyn Var (RE): no Match (varname=created_news_id), 

=INFO REPORT==== 1-Dec-2016::06:30:26 ===
           ts_search:(5:<0.1958.0>) Dyn Var (RE): no Match (varname=created_news_id), 

=INFO REPORT==== 1-Dec-2016::06:30:26 ===
           ts_search:(5:<0.1871.0>) Dyn Var (RE): no Match (varname=created_news_id), 

=INFO REPORT==== 1-Dec-2016::06:30:26 ===
           ts_search:(5:<0.1835.0>) Dyn Var (RE): no Match (varname=created_news_id), 

=INFO REPORT==== 1-Dec-2016::06:30:26 ===
           ts_search:(5:<0.1074.0>) Dyn Var (RE): no Match (varname=created_news_id), 

=INFO REPORT==== 1-Dec-2016::06:30:26 ===
           ts_search:(5:<0.1429.0>) Dyn Var (RE): no Match (varname=created_news_id), 

=INFO REPORT==== 1-Dec-2016::06:30:26 ===
           ts_search:(5:<0.1409.0>) Dyn Var (RE): no Match (varname=created_news_id), 

=INFO REPORT==== 1-Dec-2016::06:30:27 ===
           ts_search:(5:<0.1698.0>) Dyn Var (RE): no Match (varname=created_news_id), 

=INFO REPORT==== 1-Dec-2016::06:30:27 ===
           ts_search:(5:<0.1612.0>) Dyn Var (RE): no Match (varname=created_news_id), 

=INFO REPORT==== 1-Dec-2016::06:30:27 ===
           ts_search:(5:<0.1965.0>) Dyn Var (RE): no Match (varname=created_news_id), 

=INFO REPORT==== 1-Dec-2016::06:30:27 ===
           ts_search:(5:<0.1953.0>) Dyn Var (RE): no Match (varname=created_news_id), 

=INFO REPORT==== 1-Dec-2016::06:30:27 ===
           ts_search:(5:<0.1286.0>) Dyn Var (RE): no Match (varname=created_news_id), 

=INFO REPORT==== 1-Dec-2016::06:30:27 ===
           ts_search:(5:<0.1043.0>) Dyn Var (RE): no Match (varname=created_news_id), 

=INFO REPORT==== 1-Dec-2016::06:30:28 ===
           ts_search:(5:<0.1746.0>) Dyn Var (RE): no Match (varname=created_news_id), 

=INFO REPORT==== 1-Dec-2016::06:30:28 ===
           ts_search:(5:<0.1143.0>) Dyn Var (RE): no Match (varname=created_news_id), 

=INFO REPORT==== 1-Dec-2016::06:30:28 ===
           ts_search:(5:<0.608.0>) Dyn Var (RE): no Match (varname=created_news_id), 

=INFO REPORT==== 1-Dec-2016::06:30:28 ===
           ts_search:(5:<0.1879.0>) Dyn Var (RE): no Match (varname=created_news_id), 

=INFO REPORT==== 1-Dec-2016::06:30:28 ===
           ts_search:(5:<0.1557.0>) Dyn Var (RE): no Match (varname=created_news_id), 

=INFO REPORT==== 1-Dec-2016::06:30:29 ===
           ts_search:(5:<0.565.0>) Dyn Var (RE): no Match (varname=created_news_id), 

=INFO REPORT==== 1-Dec-2016::06:30:29 ===
           ts_search:(5:<0.1741.0>) Dyn Var (RE): no Match (varname=created_news_id), 

=INFO REPORT==== 1-Dec-2016::06:30:29 ===
           ts_search:(5:<0.1865.0>) Dyn Var (RE): no Match (varname=created_news_id), 

=INFO REPORT==== 1-Dec-2016::06:30:30 ===
           ts_search:(5:<0.1242.0>) Dyn Var (RE): no Match (varname=created_news_id), 

=INFO REPORT==== 1-Dec-2016::06:30:30 ===
           ts_search:(5:<0.1915.0>) Dyn Var (RE): no Match (varname=created_news_id), 

=INFO REPORT==== 1-Dec-2016::06:30:30 ===
           ts_search:(5:<0.1926.0>) Dyn Var (RE): no Match (varname=created_news_id), 

=INFO REPORT==== 1-Dec-2016::06:30:31 ===
           ts_search:(5:<0.1671.0>) Dyn Var (RE): no Match (varname=created_news_id), 

=INFO REPORT==== 1-Dec-2016::06:30:31 ===
           ts_search:(5:<0.1695.0>) Dyn Var (RE): no Match (varname=created_news_id), 

=INFO REPORT==== 1-Dec-2016::06:30:31 ===
           ts_search:(5:<0.984.0>) Dyn Var (RE): no Match (varname=created_news_id), 

=INFO REPORT==== 1-Dec-2016::06:30:31 ===
           ts_search:(5:<0.1935.0>) Dyn Var (RE): no Match (varname=created_news_id), 

=INFO REPORT==== 1-Dec-2016::06:30:31 ===
           ts_search:(5:<0.1413.0>) Dyn Var (RE): no Match (varname=created_news_id), 

=INFO REPORT==== 1-Dec-2016::06:30:32 ===
           ts_search:(5:<0.1938.0>) Dyn Var (RE): no Match (varname=created_news_id), 

=INFO REPORT==== 1-Dec-2016::06:30:32 ===
           ts_search:(5:<0.1296.0>) Dyn Var (RE): no Match (varname=created_news_id), 

=INFO REPORT==== 1-Dec-2016::06:30:32 ===
           ts_search:(5:<0.1936.0>) Dyn Var (RE): no Match (varname=created_news_id), 

=INFO REPORT==== 1-Dec-2016::06:30:32 ===
           ts_search:(5:<0.1870.0>) Dyn Var (RE): no Match (varname=created_news_id), 

=INFO REPORT==== 1-Dec-2016::06:30:32 ===
           ts_search:(5:<0.1970.0>) Dyn Var (RE): no Match (varname=created_news_id), 

=INFO REPORT==== 1-Dec-2016::06:30:32 ===
           ts_search:(5:<0.1924.0>) Dyn Var (RE): no Match (varname=created_news_id), 

=INFO REPORT==== 1-Dec-2016::06:30:33 ===
           ts_search:(5:<0.965.0>) Dyn Var (RE): no Match (varname=created_news_id), 

=INFO REPORT==== 1-Dec-2016::06:30:33 ===
           ts_search:(5:<0.1633.0>) Dyn Var (RE): no Match (varname=created_news_id), 

=INFO REPORT==== 1-Dec-2016::06:30:33 ===
           ts_search:(5:<0.1867.0>) Dyn Var (RE): no Match (varname=created_news_id), 

=INFO REPORT==== 1-Dec-2016::06:30:33 ===
           ts_search:(5:<0.1902.0>) Dyn Var (RE): no Match (varname=created_news_id), 

=INFO REPORT==== 1-Dec-2016::06:30:33 ===
           ts_search:(5:<0.1862.0>) Dyn Var (RE): no Match (varname=created_news_id), 

=INFO REPORT==== 1-Dec-2016::06:30:34 ===
           ts_search:(5:<0.1078.0>) Dyn Var (RE): no Match (varname=created_news_id), 

=INFO REPORT==== 1-Dec-2016::06:30:35 ===
           ts_search:(5:<0.1912.0>) Dyn Var (RE): no Match (varname=created_news_id), 

=INFO REPORT==== 1-Dec-2016::06:30:36 ===
           ts_search:(5:<0.1507.0>) Dyn Var (RE): no Match (varname=created_news_id), 

=INFO REPORT==== 1-Dec-2016::06:30:36 ===
           ts_search:(5:<0.950.0>) Dyn Var (RE): no Match (varname=created_news_id), 

=INFO REPORT==== 1-Dec-2016::06:30:37 ===
           ts_search:(5:<0.1618.0>) Dyn Var (RE): no Match (varname=created_news_id), 

=INFO REPORT==== 1-Dec-2016::06:30:37 ===
           ts_search:(5:<0.1482.0>) Dyn Var (RE): no Match (varname=created_news_id), 

=INFO REPORT==== 1-Dec-2016::06:30:37 ===
           ts_search:(5:<0.1657.0>) Dyn Var (RE): no Match (varname=created_news_id), 

=INFO REPORT==== 1-Dec-2016::06:30:38 ===
           ts_search:(5:<0.1306.0>) Dyn Var (RE): no Match (varname=created_news_id), 

=INFO REPORT==== 1-Dec-2016::06:30:39 ===
           ts_search:(5:<0.1720.0>) Dyn Var (RE): no Match (varname=created_news_id), 

=INFO REPORT==== 1-Dec-2016::06:30:39 ===
           ts_search:(5:<0.1955.0>) Dyn Var (RE): no Match (varname=created_news_id), 

=INFO REPORT==== 1-Dec-2016::06:30:39 ===
           ts_search:(5:<0.1080.0>) Dyn Var (RE): no Match (varname=created_news_id), 

=INFO REPORT==== 1-Dec-2016::06:30:40 ===
           ts_search:(5:<0.1214.0>) Dyn Var (RE): no Match (varname=created_news_id), 

=INFO REPORT==== 1-Dec-2016::06:30:40 ===
           ts_search:(5:<0.1813.0>) Dyn Var (RE): no Match (varname=created_news_id), 

=INFO REPORT==== 1-Dec-2016::06:30:40 ===
           ts_search:(5:<0.1947.0>) Dyn Var (RE): no Match (varname=created_news_id), 

=INFO REPORT==== 1-Dec-2016::06:30:40 ===
           ts_search:(5:<0.1267.0>) Dyn Var (RE): no Match (varname=created_news_id), 

=INFO REPORT==== 1-Dec-2016::06:30:41 ===
           ts_search:(5:<0.1683.0>) Dyn Var (RE): no Match (varname=created_news_id), 

=INFO REPORT==== 1-Dec-2016::06:30:41 ===
           ts_search:(5:<0.1934.0>) Dyn Var (RE): no Match (varname=created_news_id), 

=INFO REPORT==== 1-Dec-2016::06:30:41 ===
           ts_search:(5:<0.866.0>) Dyn Var (RE): no Match (varname=created_news_id), 

=INFO REPORT==== 1-Dec-2016::06:30:42 ===
           ts_search:(5:<0.935.0>) Dyn Var (RE): no Match (varname=created_news_id), 

=INFO REPORT==== 1-Dec-2016::06:30:42 ===
           ts_search:(5:<0.1408.0>) Dyn Var (RE): no Match (varname=created_news_id), 

=INFO REPORT==== 1-Dec-2016::06:30:43 ===
           ts_search:(5:<0.1714.0>) Dyn Var (RE): no Match (varname=created_news_id), 

=INFO REPORT==== 1-Dec-2016::06:30:44 ===
           ts_search:(5:<0.1701.0>) Dyn Var (RE): no Match (varname=created_news_id), 

=INFO REPORT==== 1-Dec-2016::06:30:45 ===
           ts_search:(5:<0.1941.0>) Dyn Var (RE): no Match (varname=created_news_id), 

=INFO REPORT==== 1-Dec-2016::06:30:45 ===
           ts_search:(5:<0.788.0>) Dyn Var (RE): no Match (varname=created_news_id), 

=INFO REPORT==== 1-Dec-2016::06:30:45 ===
           ts_search:(5:<0.1584.0>) Dyn Var (RE): no Match (varname=created_news_id), 

=INFO REPORT==== 1-Dec-2016::06:30:46 ===
           ts_search:(5:<0.1594.0>) Dyn Var (RE): no Match (varname=created_news_id), 

=INFO REPORT==== 1-Dec-2016::06:30:46 ===
           ts_search:(5:<0.1316.0>) Dyn Var (RE): no Match (varname=created_news_id), 

=INFO REPORT==== 1-Dec-2016::06:30:51 ===
           ts_search:(5:<0.1128.0>) Dyn Var (RE): no Match (varname=created_news_id), 

=INFO REPORT==== 1-Dec-2016::06:30:56 ===
           ts_search:(5:<0.1464.0>) Dyn Var (RE): no Match (varname=created_news_id), 

=INFO REPORT==== 1-Dec-2016::06:30:57 ===
           ts_search:(5:<0.1609.0>) Dyn Var (RE): no Match (varname=created_news_id), 

=INFO REPORT==== 1-Dec-2016::06:30:57 ===
           ts_search:(5:<0.1255.0>) Dyn Var (RE): no Match (varname=created_news_id), 

=INFO REPORT==== 1-Dec-2016::06:30:57 ===
           ts_search:(5:<0.1964.0>) Dyn Var (RE): no Match (varname=created_news_id), 

=INFO REPORT==== 1-Dec-2016::06:30:57 ===
           ts_search:(5:<0.1674.0>) Dyn Var (RE): no Match (varname=created_news_id), 

=INFO REPORT==== 1-Dec-2016::06:30:57 ===
           ts_search:(5:<0.1644.0>) Dyn Var (RE): no Match (varname=created_news_id), 

=INFO REPORT==== 1-Dec-2016::06:30:57 ===
           ts_search:(5:<0.1785.0>) Dyn Var (RE): no Match (varname=created_news_id), 

=INFO REPORT==== 1-Dec-2016::06:30:58 ===
           ts_search:(5:<0.1898.0>) Dyn Var (RE): no Match (varname=created_news_id), 

=INFO REPORT==== 1-Dec-2016::06:31:01 ===
           ts_search:(5:<0.1754.0>) Dyn Var (RE): no Match (varname=created_news_id), 

=INFO REPORT==== 1-Dec-2016::06:31:08 ===
           ts_search:(5:<0.1818.0>) Dyn Var (RE): no Match (varname=created_news_id), 

=INFO REPORT==== 1-Dec-2016::06:31:11 ===
           ts_search:(5:<0.1660.0>) Dyn Var (RE): no Match (varname=created_news_id), 

=INFO REPORT==== 1-Dec-2016::06:31:11 ===
           ts_search:(5:<0.1572.0>) Dyn Var (RE): no Match (varname=created_news_id), 

=INFO REPORT==== 1-Dec-2016::06:31:11 ===
           ts_search:(5:<0.1189.0>) Dyn Var (RE): no Match (varname=created_news_id), 

=INFO REPORT==== 1-Dec-2016::06:31:18 ===
           ts_search:(5:<0.1463.0>) Dyn Var (RE): no Match (varname=created_news_id), 

=INFO REPORT==== 1-Dec-2016::06:31:19 ===
           ts_search:(5:<0.1752.0>) Dyn Var (RE): no Match (varname=created_news_id), 

=INFO REPORT==== 1-Dec-2016::06:31:19 ===
           ts_search:(5:<0.1949.0>) Dyn Var (RE): no Match (varname=created_news_id), 

=INFO REPORT==== 1-Dec-2016::06:31:19 ===
           ts_search:(5:<0.1694.0>) Dyn Var (RE): no Match (varname=created_news_id), 

=INFO REPORT==== 1-Dec-2016::06:31:32 ===
           ts_search:(5:<0.1297.0>) Dyn Var (RE): no Match (varname=created_news_id), 

=INFO REPORT==== 1-Dec-2016::06:31:38 ===
           ts_search:(5:<0.1781.0>) Dyn Var (RE): no Match (varname=created_news_id), 

=INFO REPORT==== 1-Dec-2016::06:31:38 ===
           ts_search:(5:<0.1513.0>) Dyn Var (RE): no Match (varname=created_news_id), 

=INFO REPORT==== 1-Dec-2016::06:31:39 ===
           ts_search:(5:<0.1808.0>) Dyn Var (RE): no Match (varname=created_news_id), 

=INFO REPORT==== 1-Dec-2016::06:31:39 ===
           ts_search:(5:<0.1921.0>) Dyn Var (RE): no Match (varname=created_news_id), 

=INFO REPORT==== 1-Dec-2016::06:31:49 ===
           ts_search:(5:<0.1904.0>) Dyn Var (RE): no Match (varname=created_news_id), 

=INFO REPORT==== 1-Dec-2016::06:31:49 ===
           ts_search:(5:<0.1909.0>) Dyn Var (RE): no Match (varname=created_news_id), 

=INFO REPORT==== 1-Dec-2016::06:31:49 ===
           ts_search:(5:<0.1677.0>) Dyn Var (RE): no Match (varname=created_news_id), 

=INFO REPORT==== 1-Dec-2016::06:31:50 ===
           ts_search:(5:<0.1163.0>) Dyn Var (RE): no Match (varname=created_news_id), 

=INFO REPORT==== 1-Dec-2016::06:31:50 ===
           ts_search:(5:<0.1552.0>) Dyn Var (RE): no Match (varname=created_news_id), 

=INFO REPORT==== 1-Dec-2016::06:31:52 ===
           ts_search:(5:<0.1984.0>) Dyn Var (RE): no Match (varname=created_news_id), 

=INFO REPORT==== 1-Dec-2016::06:31:52 ===
           ts_search:(5:<0.1470.0>) Dyn Var (RE): no Match (varname=created_news_id), 

=INFO REPORT==== 1-Dec-2016::06:31:59 ===
           ts_search:(5:<0.1285.0>) Dyn Var (RE): no Match (varname=created_news_id), 

=INFO REPORT==== 1-Dec-2016::06:31:59 ===
           ts_search:(5:<0.1884.0>) Dyn Var (RE): no Match (varname=created_news_id), 

=INFO REPORT==== 1-Dec-2016::06:31:59 ===
           ts_search:(5:<0.1430.0>) Dyn Var (RE): no Match (varname=created_news_id), 

=INFO REPORT==== 1-Dec-2016::06:31:59 ===
           ts_search:(5:<0.1733.0>) Dyn Var (RE): no Match (varname=created_news_id), 

=INFO REPORT==== 1-Dec-2016::06:31:59 ===
           ts_search:(5:<0.1979.0>) Dyn Var (RE): no Match (varname=created_news_id), 

=INFO REPORT==== 1-Dec-2016::06:32:00 ===
           ts_search:(5:<0.1959.0>) Dyn Var (RE): no Match (varname=created_news_id), 

=INFO REPORT==== 1-Dec-2016::06:32:00 ===
           ts_search:(5:<0.1914.0>) Dyn Var (RE): no Match (varname=created_news_id), 

=INFO REPORT==== 1-Dec-2016::06:32:09 ===
           ts_search:(5:<0.1707.0>) Dyn Var (RE): no Match (varname=created_news_id), 

=INFO REPORT==== 1-Dec-2016::06:32:09 ===
           ts_search:(5:<0.1578.0>) Dyn Var (RE): no Match (varname=created_news_id), 

=INFO REPORT==== 1-Dec-2016::06:32:10 ===
           ts_search:(5:<0.1414.0>) Dyn Var (RE): no Match (varname=created_news_id), 

=INFO REPORT==== 1-Dec-2016::06:32:10 ===
           ts_search:(5:<0.1400.0>) Dyn Var (RE): no Match (varname=created_news_id), 

=INFO REPORT==== 1-Dec-2016::06:32:12 ===
           ts_search:(5:<0.1811.0>) Dyn Var (RE): no Match (varname=created_news_id), 

=INFO REPORT==== 1-Dec-2016::06:32:30 ===
           ts_search:(5:<0.1809.0>) Dyn Var (RE): no Match (varname=created_news_id), 

=INFO REPORT==== 1-Dec-2016::06:33:17 ===
     ts_launcher_mgr:(5:<0.106.0>) No more active users 'tsung_controller@ip-172-31-6-21' "6526"

=INFO REPORT==== 1-Dec-2016::06:33:17 ===
              ts_mon:(5:<0.56.0>) stopping monitor (normal)
