# stats: dump at 1480573646
stats: users 4 4
stats: {freemem,"tsung_controller@ip-172-31-6-21"} 1 3164.3359375 0 3164.3359375 3164.3359375 0 0
stats: {load,"tsung_controller@ip-172-31-6-21"} 1 0.33984375 0 0.33984375 0.33984375 0 0
stats: {cpu,"tsung_controller@ip-172-31-6-21"} 1 18.024194877542275 0 18.024194877542275 18.024194877542275 0 0
stats: users_count 4 4
stats: finish_users_count 0 0
stats: request 6 69.88529459635417 61.69370459444168 141.42578125 7.2119140625 0 0
stats: connect 3 36.794596354166664 50.77899092019928 108.60693359375 0.8818359375 0 0
stats: page 6 69.88529459635417 61.69370459444168 141.42578125 7.2119140625 0 0
stats: 200 6 6
stats: size_rcv 673710 673710
stats: size_sent 2322 2322
stats: connected 3 3
# stats: dump at 1480573656
stats: users 19 19
stats: {freemem,"tsung_controller@ip-172-31-6-21"} 1 3165.171875 0.0 3165.171875 3164.3359375 3164.3359375 1
stats: {load,"tsung_controller@ip-172-31-6-21"} 1 0.2890625 0.0 0.33984375 0.2890625 0.33984375 1
stats: {recvpackets,"tsung_controller@ip-172-31-6-21"} 1 550 0 550 550 0 0
stats: {sentpackets,"tsung_controller@ip-172-31-6-21"} 1 275 0 275 275 0 0
stats: {cpu,"tsung_controller@ip-172-31-6-21"} 1 2.1653543307086616 0.0 18.024194877542275 2.1653543307086616 18.024194877542275 1
stats: session 2 9166.412963867188 176.9678955078125 9343.380859375 8989.445068359375 0 0
stats: users_count 17 21
stats: finish_users_count 2 2
stats: request 48 164.33796183268223 378.6133934915943 1829.1669921875 0.508056640625 69.88529459635417 6
stats: connect 19 0.8143246299342105 0.08385957364298265 108.60693359375 0.625 36.794596354166664 3
stats: page 47 167.8399372506649 381.85024232122134 1829.1669921875 1.414794921875 69.88529459635417 6
stats: 200 44 50
stats: size_rcv 3457475 4131185
stats: size_sent 19835 22157
stats: connected 15 18
stats: 400 4 4
# stats: dump at 1480573666
stats: users 20 26
stats: {freemem,"tsung_controller@ip-172-31-6-21"} 1 3163.4609375 0.0 3165.171875 3163.4609375 3164.75390625 2
stats: {load,"tsung_controller@ip-172-31-6-21"} 1 0.23828125 0.0 0.33984375 0.23828125 0.314453125 2
stats: {recvpackets,"tsung_controller@ip-172-31-6-21"} 1 3016.0 0.0 3016 550 550.0 1
stats: {sentpackets,"tsung_controller@ip-172-31-6-21"} 1 1325.0 0.0 1325 275 275.0 1
stats: {cpu,"tsung_controller@ip-172-31-6-21"} 1 1.3902681231380336 0.0 18.024194877542275 1.3902681231380336 10.094774604125469 2
stats: session 8 13645.163177490234 4556.509916261072 22007.91015625 6909.941162109375 9166.412963867188 2
stats: users_count 9 30
stats: finish_users_count 8 10
stats: request 59 645.2497806872352 1809.7387019315076 7161.84814453125 0.508056640625 153.84322102864576 54
stats: connect 14 0.8156563895089286 0.07309430198142487 108.60693359375 0.625 5.7207253196022725 22
stats: page 56 679.8315865652902 1851.2406373307915 7161.84814453125 1.269775390625 156.750732421875 53
stats: 200 49 99
stats: size_rcv 4367480 8498665
stats: size_sent 26848 49005
stats: connected 3 21
stats: 400 10 14
# stats: dump at 1480573676
stats: users 21 26
stats: {freemem,"tsung_controller@ip-172-31-6-21"} 1 3162.88671875 0.0 3165.171875 3162.88671875 3164.3229166666665 3
stats: {load,"tsung_controller@ip-172-31-6-21"} 1 0.19921875 0.0 0.33984375 0.19921875 0.2890625 3
stats: {recvpackets,"tsung_controller@ip-172-31-6-21"} 1 2658.0 0.0 3016 550 1783.0 2
stats: {sentpackets,"tsung_controller@ip-172-31-6-21"} 1 1184.0 0.0 1325 275 800.0 2
stats: {cpu,"tsung_controller@ip-172-31-6-21"} 1 1.6831683168316833 0.0 18.024194877542275 1.3902681231380336 7.193272443796324 3
stats: session 4 12789.040283203125 1744.0046859420002 22007.91015625 6909.941162109375 12749.413134765626 10
stats: users_count 5 35
stats: finish_users_count 4 14
stats: request 27 2645.662009910301 3212.267772804529 9834.4541015625 0.508056640625 410.41832739905976 113
stats: connect 4 0.80029296875 0.06610262403141884 108.60693359375 0.625 3.813198513454861 36
stats: page 23 3105.815228006114 3268.7305017513904 9834.4541015625 1.269775390625 425.489519871703 109
stats: 200 16 115
stats: size_rcv 1255168 9753833
stats: newphase 1 1
stats: size_sent 14669 63674
stats: connected -8 13
stats: 400 11 25
# stats: dump at 1480573686
stats: users 27 27
stats: {freemem,"tsung_controller@ip-172-31-6-21"} 1 3162.87890625 0.0 3165.171875 3162.87890625 3163.9638671875 4
stats: {load,"tsung_controller@ip-172-31-6-21"} 1 0.171875 0.0 0.33984375 0.171875 0.2666015625 4
stats: {recvpackets,"tsung_controller@ip-172-31-6-21"} 1 1164.0 0.0 3016 550 2074.6666666666665 3
stats: {sentpackets,"tsung_controller@ip-172-31-6-21"} 1 586.0 0.0 1325 275 928.0 3
stats: {cpu,"tsung_controller@ip-172-31-6-21"} 1 1.188118811881188 0.0 18.024194877542275 1.188118811881188 5.815746412055163 4
stats: session 10 22497.214624023436 6114.13993823635 30928.941162109375 6909.941162109375 12760.735177176339 14
stats: users_count 16 51
stats: finish_users_count 10 24
stats: request 69 770.174118263134 2169.5281411809246 9834.4541015625 0.508056640625 841.5010375976563 140
stats: connect 25 0.75646484375 0.09347409963651132 108.60693359375 0.590087890625 3.511907958984375 40
stats: page 67 793.1717365321829 2197.5246832042913 9834.4541015625 1.214111328125 892.5159690163352 132
stats: 200 57 172
stats: size_rcv 5546782 15300615
stats: newphase 0 1
stats: size_sent 28933 92607
stats: connected 9 22
stats: 400 12 37
# stats: dump at 1480573696
stats: users 37 38
stats: {freemem,"tsung_controller@ip-172-31-6-21"} 1 3162.796875 0.0 3165.171875 3162.796875 3163.746875 5
stats: {load,"tsung_controller@ip-172-31-6-21"} 1 0.1484375 0.0 0.33984375 0.1484375 0.24765625 5
stats: {recvpackets,"tsung_controller@ip-172-31-6-21"} 1 3979.0 0.0 3979 550 1847.0 4
stats: {sentpackets,"tsung_controller@ip-172-31-6-21"} 1 1971.0 0.0 1971 275 842.5 4
stats: {cpu,"tsung_controller@ip-172-31-6-21"} 1 2.561576354679803 0.0 18.024194877542275 1.188118811881188 4.890220892020368 5
stats: session 7 27785.29715401786 12148.211921214657 42011.931884765625 6909.941162109375 16817.60161336263 24
stats: users_count 17 68
stats: finish_users_count 7 31
stats: request 35 1590.9278459821428 2776.7776018219943 9834.4541015625 0.508056640625 817.9529159034838 209
stats: connect 24 0.8331197102864584 0.1344526587528733 108.60693359375 0.590087890625 2.4521221454326922 65
stats: page 34 1637.726957433364 2803.679333622881 9834.4541015625 1.214111328125 859.0684133558417 199
stats: 200 29 201
stats: size_rcv 2081535 17382150
stats: newphase 0 1
stats: size_sent 24577 117184
stats: connected 14 36
stats: 400 6 43
# stats: dump at 1480573706
stats: users 62 62
stats: {freemem,"tsung_controller@ip-172-31-6-21"} 1 3162.84375 0.0 3165.171875 3162.796875 3163.5885416666665 6
stats: {load,"tsung_controller@ip-172-31-6-21"} 1 0.12109375 0.0 0.33984375 0.12109375 0.23111979166666666 6
stats: {recvpackets,"tsung_controller@ip-172-31-6-21"} 1 1948.0 0.0 3979 550 2273.4 5
stats: {sentpackets,"tsung_controller@ip-172-31-6-21"} 1 887.0 0.0 1971 275 1068.2 5
stats: {cpu,"tsung_controller@ip-172-31-6-21"} 1 1.4866204162537164 0.0 18.024194877542275 1.188118811881188 4.502113469130274 6
stats: session 7 27343.042061941964 11406.45212453191 48369.57177734375 6909.941162109375 19294.178025768648 31
stats: users_count 32 100
stats: finish_users_count 7 38
stats: request 46 5104.128853175951 3202.175656815385 14731.671875 0.508056640625 928.8304673491931 244
stats: connect 33 0.876760771780303 0.34016207834815915 108.60693359375 0.590087890625 2.0155372191011236 89
stats: page 43 5460.247075990189 3004.20473931825 14731.671875 1.214111328125 972.6924069122183 233
stats: 200 37 238
stats: size_rcv 2319711 19701861
stats: newphase 1 2
stats: size_sent 23021 140205
stats: connected 22 58
stats: 400 9 52
# stats: dump at 1480573716
stats: users 92 92
stats: {freemem,"tsung_controller@ip-172-31-6-21"} 1 3161.9765625 0.0 3165.171875 3161.9765625 3163.4821428571427 7
stats: {load,"tsung_controller@ip-172-31-6-21"} 1 0.1015625 0.0 0.33984375 0.1015625 0.21540178571428573 7
stats: {recvpackets,"tsung_controller@ip-172-31-6-21"} 1 1778.0 0.0 3979 550 2219.1666666666665 6
stats: {sentpackets,"tsung_controller@ip-172-31-6-21"} 1 1015.0 0.0 1971 275 1038.0 6
stats: {cpu,"tsung_controller@ip-172-31-6-21"} 1 1.7804154302670623 0.0 18.024194877542275 1.188118811881188 4.0713287472907655 7
stats: session 10 28810.83203125 9703.297828461556 52564.966064453125 6909.941162109375 20776.863506116366 38
stats: users_count 40 140
stats: finish_users_count 10 48
stats: request 122 3876.7679743532276 2543.084380848102 15030.568115234375 0.508056640625 1591.1191768251617 290
stats: connect 50 0.765380859375 0.07278606344171631 108.60693359375 0.590087890625 1.7075075243340163 122
stats: page 119 3974.508075105042 2498.406020305531 15030.568115234375 1.214111328125 1671.8404169497283 276
stats: 200 107 345
stats: size_rcv 6631161 26333022
stats: newphase 0 2
stats: size_sent 56566 196771
stats: connected 32 90
stats: 400 15 67
# stats: dump at 1480573726
stats: users 122 122
stats: {freemem,"tsung_controller@ip-172-31-6-21"} 1 3157.640625 0.0 3165.171875 3157.640625 3163.2939453125 8
stats: {load,"tsung_controller@ip-172-31-6-21"} 1 0.08984375 0.0 0.33984375 0.08984375 0.201171875 8
stats: {recvpackets,"tsung_controller@ip-172-31-6-21"} 1 5816.0 0.0 5816 550 2156.1428571428573 7
stats: {sentpackets,"tsung_controller@ip-172-31-6-21"} 1 2944.0 0.0 2944 275 1034.7142857142858 7
stats: {cpu,"tsung_controller@ip-172-31-6-21"} 1 2.783300198807157 0.0 18.024194877542275 1.188118811881188 3.784964582662803 8
stats: session 5 31220.571630859376 7765.772750833389 52564.966064453125 6909.941162109375 22450.60694885254 48
stats: users_count 35 175
stats: finish_users_count 5 53
stats: request 61 4791.727511046362 3935.23777698458 15852.94189453125 0.508056640625 2267.937510073764 412
stats: connect 40 0.76563720703125 0.06829983870674347 108.60693359375 0.590087890625 1.4336334938226745 172
stats: page 57 5128.005075555098 3853.4206769496755 15852.94189453125 0.951904296875 2365.5554835838607 395
stats: 200 42 387
stats: size_rcv 4147187 30480209
stats: newphase 0 2
stats: size_sent 40590 237361
stats: connected 28 118
stats: 400 13 80
stats: 503 6 6
# stats: dump at 1480573736
stats: users 159 160
stats: {freemem,"tsung_controller@ip-172-31-6-21"} 1 3156.8984375 0.0 3165.171875 3156.8984375 3162.6657986111113 9
stats: {load,"tsung_controller@ip-172-31-6-21"} 1 0.078125 0.0 0.33984375 0.078125 0.18880208333333334 9
stats: {recvpackets,"tsung_controller@ip-172-31-6-21"} 1 1902.0 0.0 5816 550 2613.625 8
stats: {sentpackets,"tsung_controller@ip-172-31-6-21"} 1 1028.0 0.0 2944 275 1273.375 8
stats: {cpu,"tsung_controller@ip-172-31-6-21"} 1 1.787487586891758 0.0 18.024194877542275 1.188118811881188 3.673668540012175 9
stats: session 11 27310.073153409092 13798.134369865575 52564.966064453125 1366.95703125 23277.96210753243 53
stats: users_count 48 223
stats: finish_users_count 11 64
stats: request 156 4546.690025916467 6567.460182620302 21149.61083984375 0.508056640625 2593.415713159025 473
stats: connect 56 0.7930079868861607 0.2793558871124319 108.60693359375 0.571044921875 1.3075964585790094 212
stats: page 153 4635.845640893078 6600.296659828338 21149.61083984375 0.735107421875 2713.9174896510303 452
stats: 200 51 438
stats: size_rcv 4754810 35235019
stats: newphase 1 3
stats: size_sent 47115 284476
stats: connected 39 157
stats: 400 9 89
stats: 503 96 102
# stats: dump at 1480573746
stats: users 203 204
stats: {freemem,"tsung_controller@ip-172-31-6-21"} 1 3155.28515625 0.0 3165.171875 3155.28515625 3162.0890625 10
stats: {load,"tsung_controller@ip-172-31-6-21"} 1 0.05859375 0.0 0.33984375 0.05859375 0.177734375 10
stats: {recvpackets,"tsung_controller@ip-172-31-6-21"} 1 3656.0 0.0 5816 550 2534.5555555555557 9
stats: {sentpackets,"tsung_controller@ip-172-31-6-21"} 1 1911.0 0.0 2944 275 1246.111111111111 9
stats: {cpu,"tsung_controller@ip-172-31-6-21"} 1 2.4801587301587302 0.0 18.024194877542275 1.188118811881188 3.4850504447001334 10
stats: session 39 21788.815655048078 17296.551636049357 61448.978759765625 1366.95703125 23970.98119354248 64
stats: users_count 83 306
stats: finish_users_count 39 103
stats: request 291 1400.1889270900458 5629.648754790619 26887.611083984375 0.508056640625 3077.8525856394076 629
stats: connect 97 0.9107150048324744 0.8670823097000332 108.60693359375 0.56591796875 1.2000705092700559 268
stats: page 275 1481.6683638139207 5780.670674585422 26887.611083984375 0.638916015625 3199.9588237667876 605
stats: 200 17 455
stats: size_rcv 936890 36171909
stats: newphase 0 3
stats: size_sent 68029 352505
stats: connected 35 192
stats: 400 31 120
stats: 503 243 345
# stats: dump at 1480573756
stats: users 229 230
stats: {freemem,"tsung_controller@ip-172-31-6-21"} 1 3153.76171875 0.0 3165.171875 3153.76171875 3161.470525568182 11
stats: {load,"tsung_controller@ip-172-31-6-21"} 1 0.05078125 0.0 0.33984375 0.05078125 0.1669034090909091 11
stats: {recvpackets,"tsung_controller@ip-172-31-6-21"} 1 1253.0 0.0 5816 550 2646.7 10
stats: {sentpackets,"tsung_controller@ip-172-31-6-21"} 1 1222.0 0.0 2944 275 1312.6 10
stats: {cpu,"tsung_controller@ip-172-31-6-21"} 1 3.084577114427861 0.0 18.024194877542275 1.188118811881188 3.3936966524690964 11
stats: session 51 25557.421329273897 18241.339143252775 65185.330078125 1366.95703125 23144.724339161105 103
stats: users_count 77 383
stats: finish_users_count 51 154
stats: request 424 2875.0494839650282 8693.090149302929 33609.39306640625 0.4951171875 2547.2002762504244 920
stats: connect 119 0.7810202205882353 0.47033446834127984 108.60693359375 0.56591796875 1.1231732930222602 365
stats: page 400 3047.56671142578 8920.696367509123 33609.39306640625 0.638916015625 2662.993055031517 880
stats: 200 48 503
stats: size_rcv 2311847 38483756
stats: newphase 0 3
stats: size_sent 111834 464339
stats: connected 21 213
stats: 400 71 191
stats: 503 305 650
# stats: dump at 1480573766
stats: users 271 272
stats: {freemem,"tsung_controller@ip-172-31-6-21"} 1 3150.70703125 0.0 3165.171875 3150.70703125 3160.828125 12
stats: {load,"tsung_controller@ip-172-31-6-21"} 1 0.05078125 0.0 0.33984375 0.05078125 0.1572265625 12
stats: {recvpackets,"tsung_controller@ip-172-31-6-21"} 1 2783.0 0.0 5816 550 2520.0 11
stats: {sentpackets,"tsung_controller@ip-172-31-6-21"} 1 2201.0 0.0 2944 275 1304.3636363636363 11
stats: {cpu,"tsung_controller@ip-172-31-6-21"} 1 3.3932135728542914 0.0 18.024194877542275 1.188118811881188 3.36793669096566 12
stats: session 68 27468.561236213234 19087.199578145206 80872.96508789063 1366.95703125 23943.734381341314 154
stats: users_count 110 493
stats: finish_users_count 68 222
stats: request 482 2953.8839673560674 9035.687487364843 40519.093017578125 0.4951171875 2650.628895350865 1344
stats: connect 149 0.767886168204698 0.45797216998818396 108.60693359375 0.56591796875 1.039048880584969 484
stats: page 459 3101.9114902471415 9234.480822762665 40519.093017578125 0.638916015625 2783.172322654724 1280
stats: 200 46 549
stats: size_rcv 6407769 44891525
stats: newphase 1 4
stats: size_sent 121691 586030
stats: connected 41 254
stats: 400 66 257
stats: 503 370 1020
# stats: dump at 1480573776
stats: users 342 344
stats: {freemem,"tsung_controller@ip-172-31-6-21"} 1 3149.859375 0.0 3165.171875 3149.859375 3160.049579326923 13
stats: {load,"tsung_controller@ip-172-31-6-21"} 1 0.0390625 0.0 0.33984375 0.0390625 0.14903846153846154 13
stats: {recvpackets,"tsung_controller@ip-172-31-6-21"} 1 5850.0 0.0 5850 550 2541.9166666666665 12
stats: {sentpackets,"tsung_controller@ip-172-31-6-21"} 1 3635.0 0.0 3635 275 1379.0833333333333 12
stats: {cpu,"tsung_controller@ip-172-31-6-21"} 1 4.504504504504505 0.0 18.024194877542275 1.188118811881188 3.3698810664955547 13
stats: session 83 23223.76294533603 18414.185323768314 80872.96508789063 1036.055908203125 25023.41107562641 222
stats: users_count 154 647
stats: finish_users_count 83 305
stats: request 769 1301.8721604762682 5575.488349700407 41576.976806640625 0.493896484375 2730.6776054858638 1826
stats: connect 218 0.8137811783256881 0.9475699316863726 108.60693359375 0.56591796875 0.9752206907829779 633
stats: page 729 1373.3173272194338 5717.851455410205 41576.976806640625 0.627197265625 2867.3018671773916 1739
stats: 200 38 587
stats: size_rcv 3711203 48602728
stats: newphase 0 4
stats: size_sent 183992 770022
stats: connected 61 315
stats: 400 105 362
stats: 503 626 1646
# stats: dump at 1480573786
stats: users 376 378
stats: {freemem,"tsung_controller@ip-172-31-6-21"} 1 3149.07421875 0.0 3165.171875 3149.07421875 3159.321707589286 14
stats: {load,"tsung_controller@ip-172-31-6-21"} 1 0.03125 0.0 0.33984375 0.03125 0.14118303571428573 14
stats: {recvpackets,"tsung_controller@ip-172-31-6-21"} 1 4383.0 0.0 5850 550 2796.3846153846152 13
stats: {sentpackets,"tsung_controller@ip-172-31-6-21"} 1 3562.0 0.0 3635 275 1552.6153846153845 13
stats: {cpu,"tsung_controller@ip-172-31-6-21"} 1 5.141129032258065 0.0 18.024194877542275 1.188118811881188 3.450925597781908 14
stats: session 129 25471.189076504965 21546.827561104386 100751.95581054688 750.93017578125 24533.670764760504 305
stats: users_count 163 810
stats: finish_users_count 129 434
stats: request 853 873.4122931244499 4378.454526879463 41576.976806640625 0.493896484375 2307.266666290342 2595
stats: connect 243 0.6924471129115228 0.12638627006512984 108.60693359375 0.56103515625 0.9338648579795829 851
stats: page 803 927.8096423689493 4507.15621290116 41576.976806640625 0.627197265625 2426.0074062254666 2468
stats: 200 28 615
stats: size_rcv 3692301 52295029
stats: newphase 0 4
stats: size_sent 209443 979465
stats: connected 23 338
stats: 400 138 500
stats: 503 687 2333
# stats: dump at 1480573796
stats: users 411 411
stats: {freemem,"tsung_controller@ip-172-31-6-21"} 1 3146.93359375 0.0 3165.171875 3146.93359375 3158.6385416666667 15
stats: {load,"tsung_controller@ip-172-31-6-21"} 1 0.03125 0.0 0.33984375 0.03125 0.13385416666666666 15
stats: {recvpackets,"tsung_controller@ip-172-31-6-21"} 1 3467.0 0.0 5850 550 2909.714285714286 14
stats: {sentpackets,"tsung_controller@ip-172-31-6-21"} 1 3350.0 0.0 3635 275 1696.142857142857 14
stats: {cpu,"tsung_controller@ip-172-31-6-21"} 1 6.030150753768844 0.0 18.024194877542275 1.188118811881188 3.5636058267469854 15
stats: session 173 24729.08557340588 19430.79431792848 100751.95581054688 750.93017578125 24812.33404175367 434
stats: users_count 208 1018
stats: finish_users_count 173 607
stats: request 935 1314.161895523479 5625.811040258911 41576.976806640625 0.493896484375 1952.5457323255782 3448
stats: connect 295 0.681893869173729 0.060386694593579995 108.60693359375 0.55908203125 0.8802409895595292 1094
stats: page 890 1380.6191436424688 5758.330592614855 41576.976806640625 0.627197265625 2058.213824942439 3271
stats: 200 46 661
stats: size_rcv 4033068 56328097
stats: newphase 1 5
stats: size_sent 220759 1200224
stats: connected 35 373
stats: 400 135 635
stats: 503 754 3087
# stats: dump at 1480573806
stats: users 567 572
stats: {freemem,"tsung_controller@ip-172-31-6-21"} 1 3146.015625 0.0 3165.171875 3146.015625 3157.906982421875 16
stats: {load,"tsung_controller@ip-172-31-6-21"} 1 0.01953125 0.0 0.33984375 0.01953125 0.12744140625 16
stats: {recvpackets,"tsung_controller@ip-172-31-6-21"} 1 4301.0 0.0 5850 550 2946.866666666667 15
stats: {sentpackets,"tsung_controller@ip-172-31-6-21"} 1 4238.0 0.0 4238 275 1806.4 15
stats: {cpu,"tsung_controller@ip-172-31-6-21"} 1 8.316633266533065 0.0 18.024194877542275 1.188118811881188 3.7177648846858515 16
stats: session 186 19851.92379531041 17731.95611392313 100751.95581054688 646.966796875 24788.60754253758 607
stats: users_count 342 1360
stats: finish_users_count 186 793
stats: request 1500 577.2412654622384 3983.807771704667 41576.976806640625 0.493896484375 1816.3630064734307 4383
stats: connect 448 0.8789803641183036 0.8360193474718699 108.60693359375 0.55908203125 0.8381154312342513 1389
stats: page 1440 601.3025375366209 4064.1809809900633 41576.976806640625 0.627197265625 1913.2824944072372 4161
stats: 200 30 691
stats: size_rcv 2726914 59055011
stats: newphase 0 5
stats: size_sent 302623 1502847
stats: connected 147 520
stats: 400 165 800
stats: 503 1305 4392
# stats: dump at 1480573816
stats: users 614 618
stats: {freemem,"tsung_controller@ip-172-31-6-21"} 1 3140.984375 0.0 3165.171875 3140.984375 3157.2074908088234 17
stats: {load,"tsung_controller@ip-172-31-6-21"} 1 0.01953125 0.0 0.33984375 0.01953125 0.12109375 17
stats: {recvpackets,"tsung_controller@ip-172-31-6-21"} 1 4393.0 0.0 5850 550 3031.5 16
stats: {sentpackets,"tsung_controller@ip-172-31-6-21"} 1 5076.0 0.0 5076 275 1958.375 16
stats: {cpu,"tsung_controller@ip-172-31-6-21"} 1 10.65326633165829 0.0 18.024194877542275 1.188118811881188 3.9882865542062755 17
stats: session 264 16153.955303770123 14191.37318384267 100751.95581054688 646.966796875 23630.696852771813 793
stats: users_count 311 1671
stats: finish_users_count 264 1057
stats: request 1526 812.697729748167 4982.958804676001 41576.976806640625 0.493896484375 1500.4217160575224 5883
stats: connect 423 0.7132715536347518 0.18089415793464386 108.60693359375 0.556884765625 0.8480814028902423 1837
stats: page 1458 850.6110893427427 5094.67050189115 41576.976806640625 0.627197265625 1575.9764530050434 5601
stats: 200 40 731
stats: size_rcv 3873080 62928091
stats: newphase 0 5
stats: size_sent 310781 1813628
stats: connected 38 558
stats: 400 180 980
stats: 503 1306 5698
# stats: dump at 1480573826
stats: users 511 623
stats: {freemem,"tsung_controller@ip-172-31-6-21"} 1 3137.3515625 0.0 3165.171875 3137.3515625 3156.306206597222 18
stats: {load,"tsung_controller@ip-172-31-6-21"} 1 0.01953125 0.0 0.33984375 0.01953125 0.1154513888888889 18
stats: {recvpackets,"tsung_controller@ip-172-31-6-21"} 1 5731.0 0.0 5850 550 3111.5882352941176 17
stats: {sentpackets,"tsung_controller@ip-172-31-6-21"} 1 5833.0 0.0 5833 275 2141.764705882353 17
stats: {cpu,"tsung_controller@ip-172-31-6-21"} 1 10.440122824974411 0.0 18.024194877542275 1.188118811881188 4.358563208509165 18
stats: session 270 20782.51381383824 16798.13263588341 104168.96118164063 503.9619140625 21763.27985283194 1057
stats: users_count 167 1838
stats: finish_users_count 270 1327
stats: request 1393 858.4949501623631 5107.107445976 42856.97900390625 0.489013671875 1358.7741518642338 7409
stats: connect 340 0.7435589958639703 0.28813450056366874 108.60693359375 0.556884765625 0.8228492939366704 2260
stats: page 1299 920.6325191177705 5283.262247537925 42856.97900390625 0.627197265625 1426.155982652354 7059
stats: 200 36 767
stats: size_rcv 3508497 66436588
stats: newphase 0 5
stats: size_sent 337994 2151622
stats: connected -116 442
stats: 400 268 1248
stats: 503 1089 6787
# stats: dump at 1480573836
stats: users 277 623
stats: {freemem,"tsung_controller@ip-172-31-6-21"} 1 3136.8984375 0.0 3165.171875 3136.8984375 3155.30859375 19
stats: {load,"tsung_controller@ip-172-31-6-21"} 1 0.01171875 0.0 0.33984375 0.01171875 0.11040296052631579 19
stats: {recvpackets,"tsung_controller@ip-172-31-6-21"} 1 4750.0 0.0 5850 550 3257.1111111111113 18
stats: {sentpackets,"tsung_controller@ip-172-31-6-21"} 1 4549.0 0.0 5833 275 2346.8333333333335 18
stats: {cpu,"tsung_controller@ip-172-31-6-21"} 1 7.661290322580645 0.0 18.024194877542275 1.188118811881188 4.678645293586283 19
stats: session 234 25356.652553460535 14969.37679148562 104168.96118164063 503.9619140625 21563.726853187403 1327
stats: users_count 0 1838
stats: finish_users_count 234 1561
stats: request 533 1676.2103058491139 6952.651370653479 42856.97900390625 0.489013671875 1279.6002223060987 8802
stats: connect 160 0.7119491577148438 0.08480909896964266 108.60693359375 0.556884765625 0.8124805626502404 2600
stats: page 487 1834.556789014374 7253.6094313906015 42856.97900390625 0.627197265625 1347.5875477239713 8358
stats: 200 29 796
stats: size_rcv 2193255 68629843
stats: newphase 0 5
stats: size_sent 177078 2328700
stats: connected -200 242
stats: 400 207 1455
stats: 503 297 7084
# stats: dump at 1480573846
stats: users 176 623
stats: {freemem,"tsung_controller@ip-172-31-6-21"} 1 3136.7421875 0.0 3165.171875 3136.7421875 3154.3880859375 20
stats: {load,"tsung_controller@ip-172-31-6-21"} 1 0.01171875 0.0 0.33984375 0.01171875 0.10546875 20
stats: {recvpackets,"tsung_controller@ip-172-31-6-21"} 1 2876.0 0.0 5850 550 3335.684210526316 19
stats: {sentpackets,"tsung_controller@ip-172-31-6-21"} 1 2306.0 0.0 5833 275 2462.7368421052633 19
stats: {cpu,"tsung_controller@ip-172-31-6-21"} 1 3.493013972055888 0.0 18.024194877542275 1.188118811881188 4.8277775450360005 20
stats: session 101 35767.38970161665 16273.836153353384 117609.94604492188 503.9619140625 22132.30123746922 1561
stats: users_count 0 1838
stats: finish_users_count 101 1662
stats: request 211 5951.780098720747 11554.956379089406 42856.97900390625 0.489013671875 1302.2454472154106 9335
stats: connect 64 0.7565803527832031 0.15524021386850817 108.60693359375 0.556884765625 0.8066526551177536 2760
stats: page 188 6679.9502433614525 12041.09571829695 42856.97900390625 0.627197265625 1374.399760330916 8845
stats: 200 42 838
stats: size_rcv 3037315 71667158
stats: newphase 0 5
stats: size_sent 79973 2408673
stats: connected -89 153
stats: 400 90 1545
stats: 503 79 7163
# stats: dump at 1480573856
stats: users 134 623
stats: {freemem,"tsung_controller@ip-172-31-6-21"} 1 3136.7578125 0.0 3165.171875 3136.7421875 3153.547805059524 21
stats: {load,"tsung_controller@ip-172-31-6-21"} 1 0.01171875 0.0 0.33984375 0.01171875 0.10100446428571429 21
stats: {recvpackets,"tsung_controller@ip-172-31-6-21"} 1 3538.0 0.0 5850 550 3312.7 20
stats: {sentpackets,"tsung_controller@ip-172-31-6-21"} 1 2088.0 0.0 5833 275 2454.9 20
stats: {cpu,"tsung_controller@ip-172-31-6-21"} 1 2.8712871287128716 0.0 18.024194877542275 1.188118811881188 4.76421737489409 21
stats: session 42 44583.97689964658 12733.304255665904 117609.94604492188 503.9619140625 22960.90769648179 1662
stats: users_count 0 1838
stats: finish_users_count 42 1704
stats: request 89 6643.1961519048455 11444.30470295786 42856.97900390625 0.489013671875 1405.0164310272298 9546
stats: connect 40 0.7727355957031249 0.0983276812353809 108.60693359375 0.556884765625 0.8055178720620131 2824
stats: page 86 6874.943657453668 11573.610673713798 42856.97900390625 0.627197265625 1484.821933563479 9033
stats: 200 21 859
stats: size_rcv 2605210 74272368
stats: newphase 0 5
stats: size_sent 47876 2456549
stats: connected -23 130
stats: 400 45 1590
stats: 503 23 7186
# stats: dump at 1480573866
stats: users 116 623
stats: {freemem,"tsung_controller@ip-172-31-6-21"} 1 3136.77734375 0.0 3165.171875 3136.7421875 3152.7846235795455 22
stats: {load,"tsung_controller@ip-172-31-6-21"} 1 0.01171875 0.0 0.33984375 0.01171875 0.09694602272727272 22
stats: {recvpackets,"tsung_controller@ip-172-31-6-21"} 1 733.0 0.0 5850 550 3323.4285714285716 21
stats: {sentpackets,"tsung_controller@ip-172-31-6-21"} 1 525.0 0.0 5833 275 2437.4285714285716 21
stats: {cpu,"tsung_controller@ip-172-31-6-21"} 1 1.4866204162537164 0.0 18.024194877542275 1.188118811881188 4.678175090976762 22
stats: session 18 53281.27521430122 9354.023343618654 117609.94604492188 503.9619140625 23493.87066979923 1704
stats: users_count 0 1838
stats: finish_users_count 18 1722
stats: request 40 15099.99546508789 15304.832194969284 42856.97900390625 0.489013671875 1453.4023153197163 9635
stats: connect 11 0.8191583806818182 0.12742733574976609 108.60693359375 0.556884765625 0.8050600190402409 2864
stats: page 31 19483.9339954007 14725.478116836659 42856.97900390625 0.627197265625 1535.6554096304333 9119
stats: 200 11 870
stats: size_rcv 682847 74955215
stats: newphase 0 5
stats: size_sent 16977 2473526
stats: connected -21 109
stats: 400 29 1619
stats: 503 0 7186
# stats: dump at 1480573876
stats: users 103 623
stats: {freemem,"tsung_controller@ip-172-31-6-21"} 1 3136.90234375 0.0 3165.171875 3136.7421875 3152.0886548913045 23
stats: {load,"tsung_controller@ip-172-31-6-21"} 1 0.01171875 0.0 0.33984375 0.01171875 0.09324048913043478 23
stats: {recvpackets,"tsung_controller@ip-172-31-6-21"} 1 640.0 0.0 5850 550 3205.681818181818 22
stats: {sentpackets,"tsung_controller@ip-172-31-6-21"} 1 398.0 0.0 5833 275 2350.5 22
stats: {cpu,"tsung_controller@ip-172-31-6-21"} 1 1.1869436201780417 0.0 18.024194877542275 1.1869436201780417 4.539411844249672 23
stats: session 13 61647.55615234375 9640.619474701918 117609.94604492188 503.9619140625 23805.237267825385 1722
stats: users_count 0 1838
stats: finish_users_count 13 1735
stats: request 38 15531.320961400083 17334.084060306675 42856.97900390625 0.489013671875 1509.822338677931 9675
stats: connect 17 0.8037827435661765 0.07103684087426929 108.60693359375 0.556884765625 0.8051139605978261 2875
stats: page 34 17358.56550867417 17438.700739076306 42856.97900390625 0.627197265625 1596.463785166923 9150
stats: 200 13 883
stats: size_rcv 779986 75735201
stats: newphase 0 5
stats: size_sent 14235 2487761
stats: connected -7 102
stats: 400 25 1644
stats: 503 0 7186
# stats: dump at 1480573886
stats: users 92 623
stats: {freemem,"tsung_controller@ip-172-31-6-21"} 1 3136.9375 0.0 3165.171875 3136.7421875 3151.4558919270835 24
stats: {load,"tsung_controller@ip-172-31-6-21"} 1 0.01171875 0.0 0.33984375 0.01171875 0.08984375 24
stats: {recvpackets,"tsung_controller@ip-172-31-6-21"} 1 683.0 0.0 5850 550 3094.1304347826085 23
stats: {sentpackets,"tsung_controller@ip-172-31-6-21"} 1 392.0 0.0 5833 275 2265.608695652174 23
stats: {cpu,"tsung_controller@ip-172-31-6-21"} 1 1.0901883052527255 0.0 18.024194877542275 1.0901883052527255 4.399725668246687 24
stats: session 11 75808.60102982954 7141.430012541919 117609.94604492188 503.9619140625 24088.782020274226 1735
stats: users_count 0 1838
stats: finish_users_count 11 1746
stats: request 30 25685.708154296874 19602.71641135972 43681.9580078125 0.489013671875 1564.6784024752585 9713
stats: connect 7 0.8206612723214286 0.07460345124390189 108.60693359375 0.556884765625 0.8051061353248185 2892
stats: page 26 29637.391301081734 18063.110792733318 43681.9580078125 0.627197265625 1654.8165136729383 9184
stats: 200 15 898
stats: size_rcv 1422518 77157719
stats: newphase 0 5
stats: size_sent 9118 2496879
stats: connected -13 89
stats: 400 15 1659
stats: 503 0 7186
# stats: dump at 1480573896
stats: users 82 623
stats: {freemem,"tsung_controller@ip-172-31-6-21"} 1 3137.109375 0.0 3165.171875 3136.7421875 3150.87515625 25
stats: {load,"tsung_controller@ip-172-31-6-21"} 1 0.01171875 0.0 0.33984375 0.01171875 0.08671875 25
stats: {recvpackets,"tsung_controller@ip-172-31-6-21"} 1 939.0 0.0 5850 550 2993.6666666666665 24
stats: {sentpackets,"tsung_controller@ip-172-31-6-21"} 1 477.0 0.0 5833 275 2187.5416666666665 24
stats: {cpu,"tsung_controller@ip-172-31-6-21"} 1 1.183431952662722 0.0 18.024194877542275 1.0901883052527255 4.267344173726928 25
stats: session 10 79576.01640625 7283.520551237815 117609.94604492188 503.9619140625 24414.622804412316 1746
stats: users_count 0 1838
stats: finish_users_count 10 1756
stats: request 22 29177.01743386008 22118.543141261143 49323.779052734375 0.489013671875 1638.9502789562857 9743
stats: connect 7 0.839599609375 0.03464462753289157 108.60693359375 0.556884765625 0.805143695158891 2899
stats: page 21 30566.411167689734 21680.8942418698 49323.779052734375 0.627197265625 1733.8118388056885 9210
stats: 200 13 911
stats: size_rcv 1073629 78231348
stats: newphase 0 5
stats: size_sent 6998 2503877
stats: connected -7 82
stats: 400 9 1668
stats: 503 0 7186
# stats: dump at 1480573906
stats: users 72 623
stats: {freemem,"tsung_controller@ip-172-31-6-21"} 1 3137.1328125 0.0 3165.171875 3136.7421875 3150.345703125 26
stats: {load,"tsung_controller@ip-172-31-6-21"} 1 0.0 0.0 0.33984375 0.0 0.08383413461538461 26
stats: {recvpackets,"tsung_controller@ip-172-31-6-21"} 1 517.0 0.0 5850 517 2911.48 25
stats: {sentpackets,"tsung_controller@ip-172-31-6-21"} 1 279.0 0.0 5833 275 2119.12 25
stats: {cpu,"tsung_controller@ip-172-31-6-21"} 1 0.8902077151335311 0.0 18.024194877542275 0.8902077151335311 4.148732165224459 26
stats: session 10 88526.60109863282 3021.8943611172076 117609.94604492188 503.9619140625 24728.753747475173 1756
stats: users_count 0 1838
stats: finish_users_count 10 1766
stats: request 24 26499.528889973957 26508.83475691748 55558.89404296875 0.489013671875 1700.9920073134679 9765
stats: connect 8 0.805877685546875 0.08738916713338181 108.60693359375 0.556884765625 0.8052266928875602 2906
stats: page 20 31799.47677001953 25975.78782237304 55558.89404296875 0.627197265625 1799.4043624658082 9231
stats: 200 8 919
stats: size_rcv 318862 78550210
stats: newphase 0 5
stats: size_sent 6442 2510319
stats: connected -10 72
stats: 400 16 1684
stats: 503 0 7186
# stats: dump at 1480573916
stats: users 63 623
stats: {freemem,"tsung_controller@ip-172-31-6-21"} 1 3137.12890625 0.0 3165.171875 3136.7421875 3149.8563368055557 27
stats: {load,"tsung_controller@ip-172-31-6-21"} 1 0.0 0.0 0.33984375 0.0 0.08072916666666667 27
stats: {recvpackets,"tsung_controller@ip-172-31-6-21"} 1 1088.0 0.0 5850 517 2819.3846153846152 26
stats: {sentpackets,"tsung_controller@ip-172-31-6-21"} 1 494.0 0.0 5833 275 2048.346153846154 26
stats: {cpu,"tsung_controller@ip-172-31-6-21"} 1 1.2833168805528135 0.0 18.024194877542275 0.8902077151335311 4.028046074480351 27
stats: session 9 100860.44650607639 10325.700390015436 126550.99487304688 503.9619140625 25090.009961241638 1766
stats: users_count 0 1838
stats: finish_users_count 9 1775
stats: request 36 38387.45436604818 28922.22525022044 64318.052978515625 0.489013671875 1761.7913622203894 9789
stats: connect 6 0.7305094401041666 0.019876813935062625 108.60693359375 0.556884765625 0.8052284801014499 2914
stats: page 29 47653.44638166756 24430.973716259887 64318.052978515625 0.627197265625 1864.2623722108167 9251
stats: 200 16 935
stats: size_rcv 1811191 80361401
stats: newphase 0 5
stats: size_sent 7645 2517964
stats: connected -13 59
stats: 400 20 1704
stats: 503 0 7186
# stats: dump at 1480573926
stats: users 52 623
stats: {freemem,"tsung_controller@ip-172-31-6-21"} 1 3137.26953125 0.0 3165.171875 3136.7421875 3149.401785714286 28
stats: {load,"tsung_controller@ip-172-31-6-21"} 1 0.0 0.0 0.33984375 0.0 0.07784598214285714 28
stats: {recvpackets,"tsung_controller@ip-172-31-6-21"} 1 869.0 0.0 5850 517 2755.259259259259 27
stats: {sentpackets,"tsung_controller@ip-172-31-6-21"} 1 463.0 0.0 5833 275 1990.7777777777778 27
stats: {cpu,"tsung_controller@ip-172-31-6-21"} 1 0.9910802775024776 0.0 18.024194877542275 0.8902077151335311 3.930020031840081 28
stats: session 11 108492.30357776988 6351.195428745488 126550.99487304688 503.9619140625 25474.198090201364 1775
stats: users_count 0 1838
stats: finish_users_count 11 1786
stats: request 40 23230.23252563476 30169.45935285678 70536.96704101563 0.489013671875 1895.9922648298345 9825
stats: connect 18 0.9538981119791666 0.2324518955479089 108.60693359375 0.556884765625 0.8050749478274829 2920
stats: page 33 28157.905088482483 31056.949593358815 70536.96704101563 0.627197265625 2007.353572240369 9280
stats: 200 8 943
stats: size_rcv 592006 80953407
stats: newphase 0 5
stats: size_sent 14376 2532340
stats: connected -11 48
stats: 400 32 1736
stats: 503 0 7186
# stats: dump at 1480573936
stats: users 41 623
stats: {freemem,"tsung_controller@ip-172-31-6-21"} 1 3137.42578125 0.0 3165.171875 3136.7421875 3148.983432112069 29
stats: {load,"tsung_controller@ip-172-31-6-21"} 1 0.0 0.0 0.33984375 0.0 0.07516163793103449 29
stats: {recvpackets,"tsung_controller@ip-172-31-6-21"} 1 592.0 0.0 5850 517 2687.8928571428573 28
stats: {sentpackets,"tsung_controller@ip-172-31-6-21"} 1 338.0 0.0 5833 275 1936.2142857142858 28
stats: {cpu,"tsung_controller@ip-172-31-6-21"} 1 1.085883514313919 0.0 18.024194877542275 0.8902077151335311 3.8286772816905086 29
stats: session 11 121845.1386940696 8808.507921476907 132669.58081054688 503.9619140625 25985.507810449548 1786
stats: users_count 0 1838
stats: finish_users_count 11 1797
stats: request 39 34794.18965970553 27168.670299130303 70536.96704101563 0.489013671875 1982.497040342475 9865
stats: connect 9 0.816162109375 0.07005923777069398 108.60693359375 0.556884765625 0.80598673031718 2938
stats: page 34 39911.01691032859 25347.183434494316 70536.96704101563 0.627197265625 2100.016323237469 9313
stats: 200 20 963
stats: size_rcv 1647502 82600909
stats: newphase 0 5
stats: size_sent 14099 2546439
stats: connected -9 39
stats: 400 19 1755
stats: 503 0 7186
# stats: dump at 1480573946
stats: users 30 623
stats: {freemem,"tsung_controller@ip-172-31-6-21"} 1 3137.55078125 0.0 3165.171875 3136.7421875 3148.598177083333 30
stats: {load,"tsung_controller@ip-172-31-6-21"} 1 0.0 0.0 0.33984375 0.0 0.07265625 30
stats: {recvpackets,"tsung_controller@ip-172-31-6-21"} 1 1396.0 0.0 5850 517 2615.6206896551726 29
stats: {sentpackets,"tsung_controller@ip-172-31-6-21"} 1 687.0 0.0 5833 275 1881.103448275862 29
stats: {cpu,"tsung_controller@ip-172-31-6-21"} 1 1.188118811881188 0.0 18.024194877542275 0.8902077151335311 3.737250822777956 30
stats: session 11 127239.87626509233 10503.804971972866 158292.65185546875 503.9619140625 26572.294643905207 1797
stats: users_count 0 1838
stats: finish_users_count 11 1808
stats: request 20 30288.889270019532 23055.52971305247 70536.96704101563 0.489013671875 2111.7030189526486 9904
stats: connect 5 0.8275390625 0.0659177155666434 108.60693359375 0.556884765625 0.8060178054483373 2947
stats: page 20 30288.889270019532 23055.52971305247 70536.96704101563 0.627197265625 2237.55500088389 9347
stats: 200 15 978
stats: size_rcv 1072576 83673485
stats: newphase 0 5
stats: size_sent 7244 2553683
stats: connected -9 30
stats: 400 5 1760
stats: 503 0 7186
# stats: dump at 1480573956
stats: users 24 623
stats: {freemem,"tsung_controller@ip-172-31-6-21"} 1 3137.71484375 0.0 3165.171875 3136.7421875 3148.2418094758063 31
stats: {load,"tsung_controller@ip-172-31-6-21"} 1 0.0 0.0 0.33984375 0.0 0.0703125 31
stats: {recvpackets,"tsung_controller@ip-172-31-6-21"} 1 351.0 0.0 5850 351 2574.9666666666667 30
stats: {sentpackets,"tsung_controller@ip-172-31-6-21"} 1 177.0 0.0 5833 177 1841.3 30
stats: {cpu,"tsung_controller@ip-172-31-6-21"} 1 0.7928642220019821 0.0 18.024194877542275 0.7928642220019821 3.655020757910318 31
stats: session 6 143056.62748209634 10305.68752606138 163455.953125 503.9619140625 27184.763337396944 1808
stats: users_count 0 1838
stats: finish_users_count 6 1814
stats: request 14 21912.3744594029 9942.503866028062 70536.96704101563 0.489013671875 2168.4889646420215 9924
stats: connect 0 0 0 108.60693359375 0.556884765625 0.8060542574419884 2952
stats: page 13 23597.957876352164 8165.953462897887 70536.96704101563 0.627197265625 2297.44895683379 9367
stats: 200 12 990
stats: size_rcv 585241 84258726
stats: newphase 0 5
stats: size_sent 4206 2557889
stats: connected -7 23
stats: 400 2 1762
stats: 503 0 7186
# stats: dump at 1480573966
stats: users 18 623
stats: {freemem,"tsung_controller@ip-172-31-6-21"} 1 3142.96484375 0.0 3165.171875 3136.7421875 3147.912841796875 32
stats: {load,"tsung_controller@ip-172-31-6-21"} 1 0.0 0.0 0.33984375 0.0 0.068115234375 32
stats: {recvpackets,"tsung_controller@ip-172-31-6-21"} 1 540.0 0.0 5850 351 2503.2258064516127 31
stats: {sentpackets,"tsung_controller@ip-172-31-6-21"} 1 302.0 0.0 5833 177 1787.6129032258063 31
stats: {cpu,"tsung_controller@ip-172-31-6-21"} 1 0.9891196834817012 0.0 18.024194877542275 0.7928642220019821 3.5655783661631824 32
stats: session 6 148147.94327799478 8524.796431741821 163455.953125 503.9619140625 27568.02198396155 1814
stats: users_count 0 1838
stats: finish_users_count 6 1820
stats: request 13 17926.192119891828 8918.749514569166 70536.96704101563 0.489013671875 2196.302850426551 9938
stats: connect 2 0.9163818359375 0.0435791015625 108.60693359375 0.556884765625 0.8060542574419884 2952
stats: page 13 17926.192119891828 8918.749514569166 70536.96704101563 0.627197265625 2326.9699180228877 9380
stats: 200 11 1001
stats: size_rcv 512926 84771652
stats: newphase 0 5
stats: size_sent 2420 2560309
stats: connected -5 18
stats: 400 2 1764
stats: 503 0 7186
# stats: dump at 1480573976
stats: users 12 623
stats: {freemem,"tsung_controller@ip-172-31-6-21"} 1 3143.30078125 0.0 3165.171875 3136.7421875 3147.762902462121 33
stats: {load,"tsung_controller@ip-172-31-6-21"} 1 0.0 0.0 0.33984375 0.0 0.06605113636363637 33
stats: {recvpackets,"tsung_controller@ip-172-31-6-21"} 1 332.0 0.0 5850 332 2441.875 32
stats: {sentpackets,"tsung_controller@ip-172-31-6-21"} 1 164.0 0.0 5833 164 1741.1875 32
stats: {cpu,"tsung_controller@ip-172-31-6-21"} 1 1.083743842364532 0.0 18.024194877542275 0.7928642220019821 3.48750386062738 33
stats: session 6 153534.70206705728 2201.0228718363473 163455.953125 503.9619140625 27965.538208007813 1820
stats: users_count 0 1838
stats: finish_users_count 6 1826
stats: request 9 18516.517144097223 7495.203240536976 70536.96704101563 0.489013671875 2216.85239926617 9951
stats: connect 0 0 0 108.60693359375 0.556884765625 0.8061289545161222 2954
stats: page 9 18516.517144097223 7495.203240536976 70536.96704101563 0.627197265625 2348.5593876943767 9393
stats: 200 9 1010
stats: size_rcv 372929 85144581
stats: newphase 0 5
stats: size_sent 2788 2563097
stats: connected -6 12
stats: 400 0 1764
stats: 503 0 7186
# stats: dump at 1480573986
stats: users 3 623
stats: {freemem,"tsung_controller@ip-172-31-6-21"} 1 3143.47265625 0.0 3165.171875 3136.7421875 3147.631663602941 34
stats: {load,"tsung_controller@ip-172-31-6-21"} 1 0.0 0.0 0.33984375 0.0 0.06410845588235294 34
stats: {recvpackets,"tsung_controller@ip-172-31-6-21"} 1 187.0 0.0 5850 187 2377.939393939394 33
stats: {sentpackets,"tsung_controller@ip-172-31-6-21"} 1 115.0 0.0 5833 115 1693.3939393939395 33
stats: {cpu,"tsung_controller@ip-172-31-6-21"} 1 0.891089108910891 0.0 18.024194877542275 0.7928642220019821 3.4168050365608256 34
stats: session 9 166229.75775824653 4834.810216780662 174806.01098632813 503.9619140625 28378.142251356276 1826
stats: users_count 0 1838
stats: finish_users_count 9 1835
stats: request 9 12437.426106770834 4640.1387676084505 70536.96704101563 0.489013671875 2231.5810119874027 9960
stats: connect 0 0 0 108.60693359375 0.556884765625 0.8061289545161222 2954
stats: page 9 12437.426106770834 4640.1387676084505 70536.96704101563 0.627197265625 2364.0360543405823 9402
stats: 200 9 1019
stats: size_rcv 253518 85398099
stats: newphase 0 5
stats: size_sent 465 2563562
stats: connected -9 3
stats: 400 0 1764
stats: 503 0 7186
# stats: dump at 1480573996
stats: users 1 623
stats: {freemem,"tsung_controller@ip-172-31-6-21"} 1 3145.1796875 0.0 3165.171875 3136.7421875 3147.5128348214284 35
stats: {load,"tsung_controller@ip-172-31-6-21"} 1 0.0 0.0 0.33984375 0.0 0.062276785714285715 35
stats: {recvpackets,"tsung_controller@ip-172-31-6-21"} 1 135.0 0.0 5850 135 2313.5 34
stats: {sentpackets,"tsung_controller@ip-172-31-6-21"} 1 79.0 0.0 5833 79 1646.9705882352941 34
stats: {cpu,"tsung_controller@ip-172-31-6-21"} 1 0.9871668311944718 0.0 18.024194877542275 0.7928642220019821 3.3446417243422557 35
stats: session 2 174855.49340820313 466.510498046875 175322.00390625 503.9619140625 29054.253717057647 1835
stats: users_count 0 1838
stats: finish_users_count 2 1837
stats: request 0 0 0 70536.96704101563 0.489013671875 2240.7948354253654 9969
stats: connect 0 0 0 108.60693359375 0.556884765625 0.8061289545161222 2954
stats: page 0 0 0 70536.96704101563 0.627197265625 2373.6695162970027 9411
stats: 200 0 1019
stats: size_rcv 0 85398099
stats: newphase 0 5
stats: size_sent 0 2563562
stats: connected -2 1
stats: 400 0 1764
stats: 503 0 7186
# stats: dump at 1480573997
stats: users 0 623
stats: {freemem,"tsung_controller@ip-172-31-6-21"} 0 0 0 3165.171875 3136.7421875 3147.4480251736113 36
stats: {load,"tsung_controller@ip-172-31-6-21"} 0 0 0 0.33984375 0.0 0.060546875 36
stats: {recvpackets,"tsung_controller@ip-172-31-6-21"} 0 0 0 5850 135 2251.2571428571428 35
stats: {sentpackets,"tsung_controller@ip-172-31-6-21"} 0 0 0 5833 79 1602.1714285714286 35
stats: {cpu,"tsung_controller@ip-172-31-6-21"} 0 0 0 18.024194877542275 0.7928642220019821 3.2791563106437063 36
stats: session 1 184829.86889648438 0.0 184829.86889648438 503.9619140625 29212.992138060526 1837
stats: users_count 0 1838
stats: finish_users_count 1 1838
stats: request 0 0 0 70536.96704101563 0.489013671875 2240.7948354253654 9969
stats: connect 0 0 0 108.60693359375 0.556884765625 0.8061289545161222 2954
stats: page 0 0 0 70536.96704101563 0.627197265625 2373.6695162970027 9411
stats: 200 0 1019
stats: size_rcv 0 85398099
stats: newphase 0 5
stats: size_sent 0 2563562
stats: connected -1 0
stats: 400 0 1764
stats: 503 0 7186
EndMonitor:{1480,573997,528418}
