# stats: dump at 1480612005
stats: users 0 6
stats: {freemem,"tsung_controller@ip-172-31-13-122"} 1 3156.7578125 0 3156.7578125 3156.7578125 0 0
stats: {load,"tsung_controller@ip-172-31-13-122"} 1 0.0390625 0 0.0390625 0.0390625 0 0
stats: {cpu,"tsung_controller@ip-172-31-13-122"} 1 3.0865514879558424 0 3.0865514879558424 3.0865514879558424 0 0
stats: session 14 1477.429443359375 1675.6731958965186 6205.14697265625 43.06298828125 0 0
stats: users_count 14 14
stats: finish_users_count 14 14
stats: request 13 20.924222506009617 31.816878371824316 130.947998046875 10.02685546875 0 0
stats: connect 13 10.787616436298077 32.05100523068266 121.806884765625 1.09716796875 0 0
stats: page 13 20.924222506009617 31.816878371824316 130.947998046875 10.02685546875 0 0
stats: 200 13 13
stats: size_rcv 321138 321138
stats: size_sent 2405 2405
stats: connected 1 1
# stats: dump at 1480612015
stats: users 1 6
stats: {freemem,"tsung_controller@ip-172-31-13-122"} 1 3156.1484375 0.0 3156.7578125 3156.1484375 3156.7578125 1
stats: {load,"tsung_controller@ip-172-31-13-122"} 1 0.37890625 0.0 0.37890625 0.0390625 0.0390625 1
stats: {recvpackets,"tsung_controller@ip-172-31-13-122"} 1 330 0 330 330 0 0
stats: {sentpackets,"tsung_controller@ip-172-31-13-122"} 1 276 0 276 276 0 0
stats: {cpu,"tsung_controller@ip-172-31-13-122"} 1 3.140333660451423 0.0 3.140333660451423 3.0865514879558424 3.0865514879558424 1
stats: session 8 1729.3728942871094 1181.6425570441659 6205.14697265625 43.06298828125 1477.429443359375 14
stats: users_count 9 23
stats: finish_users_count 8 22
stats: request 10 11.360498046875 1.6819412731834116 130.947998046875 9.612060546875 20.924222506009617 13
stats: connect 10 1.5961181640625 0.41905760853961416 121.806884765625 1.09716796875 10.787616436298077 13
stats: page 10 11.360498046875 1.6819412731834116 130.947998046875 9.612060546875 20.924222506009617 13
stats: 200 10 23
stats: size_rcv 247244 568382
stats: size_sent 1850 4255
stats: connected 0 1
# stats: dump at 1480612025
stats: users 3 6
stats: {freemem,"tsung_controller@ip-172-31-13-122"} 1 3156.03515625 0.0 3156.7578125 3156.03515625 3156.453125 2
stats: {load,"tsung_controller@ip-172-31-13-122"} 1 0.3203125 0.0 0.37890625 0.0390625 0.208984375 2
stats: {recvpackets,"tsung_controller@ip-172-31-13-122"} 1 211.0 0.0 330 211 330.0 1
stats: {sentpackets,"tsung_controller@ip-172-31-13-122"} 1 184.0 0.0 276 184 276.0 1
stats: {cpu,"tsung_controller@ip-172-31-13-122"} 1 1.0869565217391304 0.0 3.140333660451423 1.0869565217391304 3.1134425742036327 2
stats: session 4 2719.3497924804688 1162.8102453641345 6205.14697265625 43.06298828125 1569.045243696733 22
stats: users_count 6 29
stats: finish_users_count 4 26
stats: request 5 11.25166015625 1.570854969364719 130.947998046875 9.612060546875 16.766081436820652 23
stats: connect 5 1.439599609375 0.3751809510119048 121.806884765625 1.09716796875 6.791312839673913 23
stats: page 5 11.25166015625 1.570854969364719 130.947998046875 9.612060546875 16.766081436820652 23
stats: 200 5 28
stats: size_rcv 124148 692530
stats: size_sent 925 5180
stats: connected 1 2
# stats: dump at 1480612035
stats: users 5 6
stats: {freemem,"tsung_controller@ip-172-31-13-122"} 1 3155.92578125 0.0 3156.7578125 3155.92578125 3156.3138020833335 3
stats: {load,"tsung_controller@ip-172-31-13-122"} 1 0.26953125 0.0 0.37890625 0.0390625 0.24609375 3
stats: {recvpackets,"tsung_controller@ip-172-31-13-122"} 1 161.0 0.0 330 161 270.5 2
stats: {sentpackets,"tsung_controller@ip-172-31-13-122"} 1 139.0 0.0 276 139 230.0 2
stats: {cpu,"tsung_controller@ip-172-31-13-122"} 1 1.4792899408284024 0.0 3.140333660451423 1.0869565217391304 2.4379472233821318 3
stats: session 9 1347.0082465277778 837.0316222747128 6205.14697265625 43.06298828125 1746.0151742788462 26
stats: users_count 11 40
stats: finish_users_count 9 35
stats: request 11 11.824351917613637 1.6823066384628633 130.947998046875 9.612060546875 15.781363351004464 28
stats: connect 12 1.6749674479166667 0.4737007573038904 121.806884765625 1.09716796875 5.835649762834821 28
stats: page 11 11.824351917613637 1.6823066384628633 130.947998046875 9.612060546875 15.781363351004464 28
stats: 200 11 39
stats: size_rcv 272919 965449
stats: newphase 1 1
stats: size_sent 2220 7400
stats: connected 4 6
# stats: dump at 1480612045
stats: users 2 6
stats: {freemem,"tsung_controller@ip-172-31-13-122"} 1 3155.453125 0.0 3156.7578125 3155.453125 3156.216796875 4
stats: {load,"tsung_controller@ip-172-31-13-122"} 1 0.23046875 0.0 0.37890625 0.0390625 0.251953125 4
stats: {recvpackets,"tsung_controller@ip-172-31-13-122"} 1 234.0 0.0 330 161 234.0 3
stats: {sentpackets,"tsung_controller@ip-172-31-13-122"} 1 192.0 0.0 276 139 199.66666666666666 3
stats: {cpu,"tsung_controller@ip-172-31-13-122"} 1 1.1846001974333662 0.0 3.140333660451423 1.0869565217391304 2.198282902743699 4
stats: session 18 1960.7932942708326 1298.2975372186643 6205.14697265625 43.06298828125 1643.4133928571428 35
stats: users_count 15 55
stats: finish_users_count 18 53
stats: request 16 12.749755859375 5.108279221532313 130.947998046875 9.612060546875 14.665283203125 39
stats: connect 15 1.9173828125 1.0334400188583377 121.806884765625 0.949951171875 4.587445068359375 40
stats: page 16 12.749755859375 5.108279221532313 130.947998046875 9.612060546875 14.665283203125 39
stats: 200 16 55
stats: size_rcv 399145 1364594
stats: newphase 0 1
stats: size_sent 2775 10175
stats: connected -4 2
# stats: dump at 1480612055
stats: users 5 6
stats: {freemem,"tsung_controller@ip-172-31-13-122"} 1 3155.53515625 0.0 3156.7578125 3155.453125 3156.0640625 5
stats: {load,"tsung_controller@ip-172-31-13-122"} 1 0.19140625 0.0 0.37890625 0.0390625 0.24765625 5
stats: {recvpackets,"tsung_controller@ip-172-31-13-122"} 1 395.0 0.0 395 161 234.0 4
stats: {sentpackets,"tsung_controller@ip-172-31-13-122"} 1 345.0 0.0 345 139 197.75 4
stats: {cpu,"tsung_controller@ip-172-31-13-122"} 1 1.7716535433070866 0.0 3.140333660451423 1.0869565217391304 1.9955463616816325 5
stats: session 15 1345.1207194010417 1248.4263077470837 6205.14697265625 43.06298828125 1751.202793337264 53
stats: users_count 18 73
stats: finish_users_count 15 68
stats: request 17 14.508588005514707 6.659090023683636 130.947998046875 9.402099609375 14.108038884943182 55
stats: connect 17 2.08935546875 1.6049182734863876 121.806884765625 0.876953125 3.859246271306818 55
stats: page 17 14.508588005514707 6.659090023683636 130.947998046875 9.402099609375 14.108038884943182 55
stats: 200 17 72
stats: size_rcv 421677 1786271
stats: newphase 0 1
stats: size_sent 3145 13320
stats: connected 2 4
# stats: dump at 1480612065
stats: users 7 12
stats: {freemem,"tsung_controller@ip-172-31-13-122"} 1 3155.54296875 0.0 3156.7578125 3155.453125 3155.9759114583335 6
stats: {load,"tsung_controller@ip-172-31-13-122"} 1 0.16015625 0.0 0.37890625 0.0390625 0.23828125 6
stats: {recvpackets,"tsung_controller@ip-172-31-13-122"} 1 398.0 0.0 398 161 266.2 5
stats: {sentpackets,"tsung_controller@ip-172-31-13-122"} 1 347.0 0.0 347 139 227.2 5
stats: {cpu,"tsung_controller@ip-172-31-13-122"} 1 1.3820335636722607 0.0 3.140333660451423 1.0869565217391304 1.9582308919525415 6
stats: session 30 2184.659879557292 1625.2399788403497 6668.990966796875 38.0869140625 1661.6258652630972 68
stats: users_count 32 105
stats: finish_users_count 30 98
stats: request 31 14.229555191532258 7.336443717974893 130.947998046875 9.402099609375 14.202612982855904 72
stats: connect 31 2.650548135080645 4.877001052957978 121.806884765625 0.876953125 3.4413553873697915 72
stats: page 31 14.229555191532258 7.336443717974893 130.947998046875 9.402099609375 14.202612982855904 72
stats: 200 31 103
stats: size_rcv 776853 2563124
stats: newphase 1 2
stats: size_sent 5735 19055
stats: connected 3 7
# stats: dump at 1480612075
stats: users 9 12
stats: {freemem,"tsung_controller@ip-172-31-13-122"} 1 3154.44140625 0.0 3156.7578125 3154.44140625 3155.9140625 7
stats: {load,"tsung_controller@ip-172-31-13-122"} 1 0.140625 0.0 0.37890625 0.0390625 0.22712053571428573 7
stats: {recvpackets,"tsung_controller@ip-172-31-13-122"} 1 883.0 0.0 883 161 288.1666666666667 6
stats: {sentpackets,"tsung_controller@ip-172-31-13-122"} 1 745.0 0.0 745 139 247.16666666666666 6
stats: {cpu,"tsung_controller@ip-172-31-13-122"} 1 2.2615535889872174 0.0 3.140333660451423 1.0869565217391304 1.8759169879125015 7
stats: session 33 1958.3531531131632 2081.8422382962426 8650.308837890625 29.037109375 1821.738318618463 98
stats: users_count 35 140
stats: finish_users_count 33 131
stats: request 36 16.482774522569443 17.85420381072594 130.947998046875 9.343994140625 14.210721802942961 103
stats: connect 36 3.8468560112847223 12.93660287395819 121.806884765625 0.876953125 3.203345437651699 103
stats: page 36 16.482774522569443 17.85420381072594 130.947998046875 9.343994140625 14.210721802942961 103
stats: 200 36 139
stats: size_rcv 897860 3460984
stats: newphase 0 2
stats: size_sent 6660 25715
stats: connected 2 9
# stats: dump at 1480612085
stats: users 7 14
stats: {freemem,"tsung_controller@ip-172-31-13-122"} 1 3154.46484375 0.0 3156.7578125 3154.44140625 3155.72998046875 8
stats: {load,"tsung_controller@ip-172-31-13-122"} 1 0.12109375 0.0 0.37890625 0.0390625 0.21630859375 8
stats: {recvpackets,"tsung_controller@ip-172-31-13-122"} 1 812.0 0.0 883 161 373.14285714285717 7
stats: {sentpackets,"tsung_controller@ip-172-31-13-122"} 1 704.0 0.0 745 139 318.2857142857143 7
stats: {cpu,"tsung_controller@ip-172-31-13-122"} 1 2.4533856722276743 0.0 3.140333660451423 1.0869565217391304 1.924121563046841 8
stats: session 48 1809.0772501627605 1827.621461544127 9066.2021484375 29.037109375 1856.152742575143 131
stats: users_count 46 186
stats: finish_users_count 48 179
stats: request 46 11.961271866508152 5.787965797980824 130.947998046875 9.135986328125 14.799167111623202 139
stats: connect 46 1.9411408797554348 2.6508388740110145 121.806884765625 0.876953125 3.37001004665018 139
stats: page 46 11.961271866508152 5.787965797980824 130.947998046875 9.135986328125 14.799167111623202 139
stats: 200 46 185
stats: size_rcv 1147244 4608228
stats: newphase 0 2
stats: size_sent 8510 34225
stats: connected -1 8
# stats: dump at 1480612095
stats: users 18 25
stats: {freemem,"tsung_controller@ip-172-31-13-122"} 1 3154.35546875 0.0 3156.7578125 3154.35546875 3155.589409722222 9
stats: {load,"tsung_controller@ip-172-31-13-122"} 1 0.1015625 0.0 0.37890625 0.0390625 0.20572916666666666 9
stats: {recvpackets,"tsung_controller@ip-172-31-13-122"} 1 1058.0 0.0 1058 161 428.0 8
stats: {sentpackets,"tsung_controller@ip-172-31-13-122"} 1 934.0 0.0 934 139 366.5 8
stats: {cpu,"tsung_controller@ip-172-31-13-122"} 1 2.665350444225074 0.0 3.140333660451423 1.0869565217391304 1.9829286862891555 9
stats: session 67 1787.3331717875467 1324.750177397664 9066.2021484375 29.037109375 1843.5291468444484 179
stats: users_count 78 264
stats: finish_users_count 67 246
stats: request 76 11.347463507401315 1.6172860813213885 130.947998046875 8.866943359375 14.093528293918919 185
stats: connect 76 1.727002595600329 0.8442672516151228 121.806884765625 0.876953125 3.014723659206081 185
stats: page 76 11.347463507401315 1.6172860813213885 130.947998046875 8.866943359375 14.093528293918919 185
stats: 200 76 261
stats: size_rcv 1900528 6508756
stats: newphase 1 3
stats: size_sent 14060 48285
stats: connected 11 19
# stats: dump at 1480612105
stats: users 13 26
stats: {freemem,"tsung_controller@ip-172-31-13-122"} 1 3154.23828125 0.0 3156.7578125 3154.23828125 3155.466015625 10
stats: {load,"tsung_controller@ip-172-31-13-122"} 1 0.078125 0.0 0.37890625 0.0390625 0.1953125 10
stats: {recvpackets,"tsung_controller@ip-172-31-13-122"} 1 1810.0 0.0 1810 161 498.0 9
stats: {sentpackets,"tsung_controller@ip-172-31-13-122"} 1 1554.0 0.0 1554 139 429.55555555555554 9
stats: {cpu,"tsung_controller@ip-172-31-13-122"} 1 3.4482758620689653 0.0 3.4482758620689653 1.0869565217391304 2.0511708620827473 10
stats: session 69 2534.4413708673005 2363.5579441290038 10069.06494140625 29.037109375 1828.2237390037474 246
stats: users_count 64 328
stats: finish_users_count 69 315
stats: request 66 11.482617927320076 2.3200057584557015 130.947998046875 8.866943359375 13.29390789631226 261
stats: connect 66 1.6673103101325757 1.0484310871007014 121.806884765625 0.8701171875 2.6397550736350577 261
stats: page 66 11.482617927320076 2.3200057584557015 130.947998046875 8.866943359375 13.29390789631226 261
stats: 200 66 327
stats: size_rcv 1643774 8152530
stats: newphase 0 3
stats: size_sent 12210 60495
stats: connected -5 14
# stats: dump at 1480612115
stats: users 16 26
stats: {freemem,"tsung_controller@ip-172-31-13-122"} 1 3154.24609375 0.0 3156.7578125 3154.23828125 3155.354403409091 11
stats: {load,"tsung_controller@ip-172-31-13-122"} 1 0.0703125 0.0 0.37890625 0.0390625 0.1846590909090909 11
stats: {recvpackets,"tsung_controller@ip-172-31-13-122"} 1 1672.0 0.0 1810 161 629.2 10
stats: {sentpackets,"tsung_controller@ip-172-31-13-122"} 1 1496.0 0.0 1554 139 542.0 10
stats: {cpu,"tsung_controller@ip-172-31-13-122"} 1 3.648915187376726 0.0 3.648915187376726 1.0869565217391304 2.17818040753604 11
stats: session 71 2053.1854574713907 2554.0256097868164 15879.130126953125 15.10107421875 1982.9190297929067 315
stats: users_count 74 402
stats: finish_users_count 71 386
stats: request 72 10.920661078559029 1.4665826707801575 130.947998046875 8.866943359375 12.92832643468081 327
stats: connect 73 1.496986702696918 0.5367457943807991 121.806884765625 0.8701171875 2.443481818616208 327
stats: page 72 10.920661078559029 1.4665826707801575 130.947998046875 8.866943359375 12.92832643468081 327
stats: 200 72 399
stats: size_rcv 1798883 9951413
stats: newphase 0 3
stats: size_sent 13505 74000
stats: connected 1 15
# stats: dump at 1480612125
stats: users 40 40
stats: {freemem,"tsung_controller@ip-172-31-13-122"} 1 3154.06640625 0.0 3156.7578125 3154.06640625 3155.2620442708335 12
stats: {load,"tsung_controller@ip-172-31-13-122"} 1 0.05859375 0.0 0.37890625 0.0390625 0.17513020833333334 12
stats: {recvpackets,"tsung_controller@ip-172-31-13-122"} 1 1736.0 0.0 1810 161 724.0 11
stats: {sentpackets,"tsung_controller@ip-172-31-13-122"} 1 1473.0 0.0 1554 139 628.7272727272727 11
stats: {cpu,"tsung_controller@ip-172-31-13-122"} 1 3.532875368007851 0.0 3.648915187376726 1.0869565217391304 2.30074163918943 12
stats: session 135 1678.360885054977 1662.1945365431884 15879.130126953125 15.10107421875 1995.84368358869 386
stats: users_count 159 561
stats: finish_users_count 135 521
stats: request 157 11.278889455613058 3.112352303507323 130.947998046875 8.258056640625 12.566040956884398 399
stats: connect 156 1.6767875475761211 2.3028586302350758 121.806884765625 0.8701171875 2.2707464599609377 400
stats: page 157 11.278889455613058 3.112352303507323 130.947998046875 8.258056640625 12.566040956884398 399
stats: 200 157 556
stats: size_rcv 3941884 13893297
stats: newphase 1 4
stats: size_sent 28860 102860
stats: connected 22 37
# stats: dump at 1480612135
stats: users 32 48
stats: {freemem,"tsung_controller@ip-172-31-13-122"} 1 3151.8125 0.0 3156.7578125 3151.8125 3155.1700721153848 13
stats: {load,"tsung_controller@ip-172-31-13-122"} 1 0.05078125 0.0 0.37890625 0.0390625 0.1661658653846154 13
stats: {recvpackets,"tsung_controller@ip-172-31-13-122"} 1 4034.0 0.0 4034 161 808.3333333333334 12
stats: {sentpackets,"tsung_controller@ip-172-31-13-122"} 1 3371.0 0.0 3371 139 699.0833333333334 12
stats: {cpu,"tsung_controller@ip-172-31-13-122"} 1 6.5048543689320395 0.0 6.5048543689320395 1.0869565217391304 2.395521156790847 13
stats: session 163 2139.806892254601 2027.7070212019514 15879.130126953125 13.076904296875 1913.578467078035 521
stats: users_count 155 716
stats: finish_users_count 163 684
stats: request 160 11.63076019287109 8.596794799251402 130.947998046875 8.258056640625 12.202582709223247 556
stats: connect 160 1.436334228515625 0.7936289857196733 121.806884765625 0.8701171875 2.10409611763714 556
stats: page 160 11.63076019287109 8.596794799251402 130.947998046875 8.258056640625 12.202582709223247 556
stats: 200 160 716
stats: size_rcv 4029367 17922664
stats: newphase 0 4
stats: size_sent 29600 132460
stats: connected -3 34
# stats: dump at 1480612145
stats: users 30 48
stats: {freemem,"tsung_controller@ip-172-31-13-122"} 1 3151.75 0.0 3156.7578125 3151.75 3154.930245535714 14
stats: {load,"tsung_controller@ip-172-31-13-122"} 1 0.0390625 0.0 0.37890625 0.0390625 0.15792410714285715 14
stats: {recvpackets,"tsung_controller@ip-172-31-13-122"} 1 3474.0 0.0 4034 161 1056.4615384615386 13
stats: {sentpackets,"tsung_controller@ip-172-31-13-122"} 1 3015.0 0.0 3371 139 904.6153846153846 13
stats: {cpu,"tsung_controller@ip-172-31-13-122"} 1 6.2745098039215685 0.0 6.5048543689320395 1.0869565217391304 2.689044957658075 14
stats: session 141 1921.2130083665788 1896.370604531284 15879.130126953125 13.076904296875 1967.4896268788834 684
stats: users_count 139 855
stats: finish_users_count 141 825
stats: request 137 11.196812984717152 1.8224182290724695 130.947998046875 8.258056640625 12.074801141323324 716
stats: connect 137 1.5104891366332116 0.7460898479154566 121.806884765625 0.8701171875 1.9548755837552374 716
stats: page 137 11.196812984717152 1.8224182290724695 130.947998046875 8.258056640625 12.074801141323324 716
stats: 200 137 853
stats: size_rcv 3440021 21362685
stats: newphase 0 4
stats: size_sent 25345 157805
stats: connected -6 28
# stats: dump at 1480612155
stats: users 70 71
stats: {freemem,"tsung_controller@ip-172-31-13-122"} 1 3151.4921875 0.0 3156.7578125 3151.4921875 3154.718229166667 15
stats: {load,"tsung_controller@ip-172-31-13-122"} 1 0.0390625 0.0 0.37890625 0.0390625 0.15 15
stats: {recvpackets,"tsung_controller@ip-172-31-13-122"} 1 3719.0 0.0 4034 161 1229.142857142857 14
stats: {sentpackets,"tsung_controller@ip-172-31-13-122"} 1 3205.0 0.0 3371 139 1055.357142857143 14
stats: {cpu,"tsung_controller@ip-172-31-13-122"} 1 6.096361848574238 0.0 6.5048543689320395 1.0869565217391304 2.9280759474089746 15
stats: session 267 1636.1495256173923 1466.2673942846077 15879.130126953125 13.076904296875 1959.5805320785985 825
stats: users_count 307 1162
stats: finish_users_count 267 1092
stats: request 305 10.880507972592214 2.1392672323270725 130.947998046875 7.948974609375 11.933787803157973 853
stats: connect 305 1.458475281762295 1.0541559250951622 121.806884765625 0.868896484375 1.8835028484026963 853
stats: page 305 10.880507972592214 2.1392672323270725 130.947998046875 7.948974609375 11.933787803157973 853
stats: 200 305 1158
stats: size_rcv 7657729 29020414
stats: newphase 1 5
stats: size_sent 56425 214230
stats: connected 40 68
# stats: dump at 1480612165
stats: users 71 78
stats: {freemem,"tsung_controller@ip-172-31-13-122"} 1 3149.70703125 0.0 3156.7578125 3149.70703125 3154.5166015625 16
stats: {load,"tsung_controller@ip-172-31-13-122"} 1 0.03125 0.0 0.37890625 0.03125 0.14306640625 16
stats: {recvpackets,"tsung_controller@ip-172-31-13-122"} 1 7525.0 0.0 7525 161 1395.1333333333334 15
stats: {sentpackets,"tsung_controller@ip-172-31-13-122"} 1 6547.0 0.0 6547 139 1198.6666666666667 15
stats: {cpu,"tsung_controller@ip-172-31-13-122"} 1 12.294288480154888 0.0 12.294288480154888 1.0869565217391304 3.1260938162318035 16
stats: session 312 2064.2539352025747 2122.8809128947805 15879.130126953125 13.076904296875 1880.4998739053915 1092
stats: users_count 313 1475
stats: finish_users_count 312 1404
stats: request 312 10.991139729817709 1.9969118176263339 130.947998046875 7.948974609375 11.656369540357836 1158
stats: connect 312 1.4412207970252406 0.9754850387701635 121.806884765625 0.81298828125 1.7715569003670122 1158
stats: page 312 10.991139729817709 1.9969118176263339 130.947998046875 7.948974609375 11.656369540357836 1158
stats: 200 312 1470
stats: size_rcv 7853136 36873550
stats: newphase 0 5
stats: size_sent 57720 271950
stats: connected 5 73
# stats: dump at 1480612175
stats: users 71 79
stats: {freemem,"tsung_controller@ip-172-31-13-122"} 1 3149.62109375 0.0 3156.7578125 3149.62109375 3154.233685661765 17
stats: {load,"tsung_controller@ip-172-31-13-122"} 1 0.03125 0.0 0.37890625 0.03125 0.13648897058823528 17
stats: {recvpackets,"tsung_controller@ip-172-31-13-122"} 1 7465.0 0.0 7525 161 1778.25 16
stats: {sentpackets,"tsung_controller@ip-172-31-13-122"} 1 6560.0 0.0 6560 139 1532.9375 16
stats: {cpu,"tsung_controller@ip-172-31-13-122"} 1 11.661807580174926 0.0 12.294288480154888 1.0869565217391304 3.665399384697867 17
stats: session 322 2053.203836192256 2094.370665727196 15879.130126953125 13.076904296875 1921.3341097492098 1404
stats: users_count 322 1797
stats: finish_users_count 322 1726
stats: request 327 11.12446617569763 2.3907986435693926 130.947998046875 7.948974609375 11.51517790710034 1470
stats: connect 327 1.3954898939220175 0.6840235234822316 121.806884765625 0.800048828125 1.7014447478210033 1470
stats: page 327 11.12446617569763 2.3907986435693926 130.947998046875 7.948974609375 11.51517790710034 1470
stats: 200 327 1797
stats: size_rcv 8271491 45145041
stats: newphase 0 5
stats: size_sent 60495 332445
stats: connected 0 73
# stats: dump at 1480612185
stats: users 137 139
stats: {freemem,"tsung_controller@ip-172-31-13-122"} 1 3148.0625 0.0 3156.7578125 3148.0625 3153.9774305555557 18
stats: {load,"tsung_controller@ip-172-31-13-122"} 1 0.01953125 0.0 0.37890625 0.01953125 0.1306423611111111 18
stats: {recvpackets,"tsung_controller@ip-172-31-13-122"} 1 7856.0 0.0 7856 161 2112.764705882353 17
stats: {sentpackets,"tsung_controller@ip-172-31-13-122"} 1 6792.0 0.0 6792 139 1828.6470588235295 17
stats: {cpu,"tsung_controller@ip-172-31-13-122"} 1 12.03883495145631 0.0 12.294288480154888 1.0869565217391304 4.109644284446592 18
stats: session 518 1783.769378544281 1740.016750251191 15879.130126953125 13.076904296875 1945.9355303254906 1726
stats: users_count 584 2381
stats: finish_users_count 518 2244
stats: request 579 10.956771086328805 2.62678875226723 130.947998046875 7.7529296875 11.444080112905189 1797
stats: connect 581 1.501682931502798 1.7616112889139712 121.806884765625 0.79296875 1.6457701583802864 1797
stats: page 579 10.956771086328805 2.62678875226723 130.947998046875 7.7529296875 11.444080112905189 1797
stats: 200 579 2376
stats: size_rcv 14678069 59823110
stats: newphase 1 6
stats: size_sent 107485 439930
stats: connected 64 137
# stats: dump at 1480612195
stats: users 122 140
stats: {freemem,"tsung_controller@ip-172-31-13-122"} 1 3140.546875 0.0 3156.7578125 3140.546875 3153.6661184210525 19
stats: {load,"tsung_controller@ip-172-31-13-122"} 1 0.01953125 0.0 0.37890625 0.01953125 0.12479440789473684 19
stats: {recvpackets,"tsung_controller@ip-172-31-13-122"} 1 14450.0 0.0 14450 161 2431.8333333333335 18
stats: {sentpackets,"tsung_controller@ip-172-31-13-122"} 1 12247.0 0.0 12247 139 2104.3888888888887 18
stats: {cpu,"tsung_controller@ip-172-31-13-122"} 1 20.582706766917294 0.0 20.582706766917294 1.0869565217391304 4.52697010902605 19
stats: session 642 1921.5255685966706 1834.4860184970278 15879.130126953125 13.076904296875 1908.5014542904341 2244
stats: users_count 627 3008
stats: finish_users_count 642 2886
stats: request 629 10.84814841265899 2.244655102438156 130.947998046875 7.7529296875 11.325329302135945 2376
stats: connect 628 1.3481526951880973 0.8058879136973126 121.806884765625 0.787841796875 1.610566340543524 2378
stats: page 629 10.84814841265899 2.244655102438156 130.947998046875 7.7529296875 11.325329302135945 2376
stats: 200 629 3005
stats: size_rcv 15951896 75775006
stats: newphase 0 6
stats: size_sent 116180 556110
stats: connected -17 120
# stats: dump at 1480612205
stats: users 150 152
stats: {freemem,"tsung_controller@ip-172-31-13-122"} 1 3139.54296875 0.0 3156.7578125 3139.54296875 3153.01015625 20
stats: {load,"tsung_controller@ip-172-31-13-122"} 1 0.01953125 0.0 0.37890625 0.01953125 0.11953125 20
stats: {recvpackets,"tsung_controller@ip-172-31-13-122"} 1 15247.0 0.0 15247 161 3064.3684210526317 19
stats: {sentpackets,"tsung_controller@ip-172-31-13-122"} 1 13242.0 0.0 13242 139 2638.2105263157896 19
stats: {cpu,"tsung_controller@ip-172-31-13-122"} 1 21.346153846153847 0.0 21.346153846153847 1.0869565217391304 5.329756941920612 20
stats: session 645 2060.5791500121136 2068.7973554956598 16387.943115234375 13.076904296875 1911.3987104874557 2886
stats: users_count 673 3681
stats: finish_users_count 645 3531
stats: request 674 11.714405455999627 3.192528399387631 130.947998046875 7.698974609375 11.225446846401832 3005
stats: connect 675 1.6204940682870363 1.4051470914019197 121.806884765625 0.787841796875 1.555744062006196 3006
stats: page 674 11.714405455999627 3.192528399387631 130.947998046875 7.698974609375 11.225446846401832 3005
stats: 200 675 3680
stats: size_rcv 17093680 92868686
stats: newphase 0 6
stats: size_sent 124875 680985
stats: connected 31 151
# stats: dump at 1480612215
stats: users 256 268
stats: {freemem,"tsung_controller@ip-172-31-13-122"} 1 3136.796875 0.0 3156.7578125 3136.796875 3152.3688616071427 21
stats: {load,"tsung_controller@ip-172-31-13-122"} 1 0.01171875 0.0 0.37890625 0.01171875 0.11476934523809523 21
stats: {recvpackets,"tsung_controller@ip-172-31-13-122"} 1 16581.0 0.0 16581 161 3673.5 20
stats: {sentpackets,"tsung_controller@ip-172-31-13-122"} 1 14093.0 0.0 14093 139 3168.4 20
stats: {cpu,"tsung_controller@ip-172-31-13-122"} 1 22.378277153558052 0.0 22.378277153558052 1.0869565217391304 6.092442508788862 21
stats: session 1007 1804.188242604503 1733.2519649998276 16387.943115234375 13.076904296875 1938.6491731024103 3531
stats: users_count 1113 4794
stats: finish_users_count 1007 4538
stats: request 1051 11.640022197981093 3.446355402266228 130.947998046875 7.593017578125 11.31502502059833 3679
stats: connect 1049 1.6376766935772162 1.6877859671494297 121.806884765625 0.760009765625 1.56761753504058 3681
stats: page 1051 11.640022197981093 3.446355402266228 130.947998046875 7.593017578125 11.31502502059833 3679
stats: 200 1050 4730
stats: size_rcv 26720044 119588730
stats: newphase 1 7
stats: size_sent 194065 875050
stats: connected 103 254
# stats: dump at 1480612225
stats: users 252 268
stats: {freemem,"tsung_controller@ip-172-31-13-122"} 1 3127.6796875 0.0 3156.7578125 3127.6796875 3151.661044034091 22
stats: {load,"tsung_controller@ip-172-31-13-122"} 1 0.08984375 0.0 0.37890625 0.01171875 0.11008522727272728 22
stats: {recvpackets,"tsung_controller@ip-172-31-13-122"} 1 27444.0 0.0 27444 161 4288.142857142857 21
stats: {sentpackets,"tsung_controller@ip-172-31-13-122"} 1 23388.0 0.0 23388 139 3688.6190476190477 21
stats: {cpu,"tsung_controller@ip-172-31-13-122"} 1 34.127740705433744 0.0 34.127740705433744 1.0869565217391304 6.832707719914734 22
stats: session 1222 1983.9279697249642 2044.1739244765292 16387.943115234375 13.076904296875 1908.811765210962 4538
stats: users_count 1218 6012
stats: finish_users_count 1222 5760
stats: request 1208 11.27901898314621 2.9246025621825367 130.947998046875 7.455078125 11.387238981154205 4730
stats: connect 1209 1.575198139604012 1.4901125602644416 121.806884765625 0.760009765625 1.5831549678746035 4730
stats: page 1208 11.27901898314621 2.9246025621825367 130.947998046875 7.455078125 11.387238981154205 4730
stats: 200 1209 5939
stats: size_rcv 30598674 150187404
stats: newphase 0 7
stats: size_sent 223665 1098715
stats: connected -19 235
# stats: dump at 1480612235
stats: users 255 282
stats: {freemem,"tsung_controller@ip-172-31-13-122"} 1 3125.6640625 0.0 3156.7578125 3125.6640625 3150.6183763586955 23
stats: {load,"tsung_controller@ip-172-31-13-122"} 1 0.078125 0.0 0.37890625 0.01171875 0.10920516304347826 23
stats: {recvpackets,"tsung_controller@ip-172-31-13-122"} 1 29314.0 0.0 29314 161 5340.681818181818 22
stats: {sentpackets,"tsung_controller@ip-172-31-13-122"} 1 24510.0 0.0 24510 139 4584.045454545455 22
stats: {cpu,"tsung_controller@ip-172-31-13-122"} 1 35.59962228517469 0.0 35.59962228517469 1.0869565217391304 8.019448284502518 23
stats: session 1297 1992.988502990676 1953.5322423712494 16387.943115234375 13.033935546875 1924.7478766547313 5760
stats: users_count 1300 7312
stats: finish_users_count 1297 7057
stats: request 1319 10.88285174019143 2.6756971824051914 130.947998046875 7.455078125 11.365223191731225 5938
stats: connect 1319 1.4534359600075824 1.1607253822758374 121.806884765625 0.760009765625 1.5815351993312217 5939
stats: page 1319 10.88285174019143 2.6756971824051914 130.947998046875 7.455078125 11.365223191731225 5938
stats: 200 1318 7257
stats: size_rcv 33481811 183669215
stats: newphase 0 7
stats: size_sent 244015 1342730
stats: connected 15 250
# stats: dump at 1480612245
stats: users 461 477
stats: {freemem,"tsung_controller@ip-172-31-13-122"} 1 3103.96875 0.0 3156.7578125 3103.96875 3149.57861328125 24
stats: {load,"tsung_controller@ip-172-31-13-122"} 1 0.21875 0.0 0.37890625 0.01171875 0.10791015625 24
stats: {recvpackets,"tsung_controller@ip-172-31-13-122"} 1 32615.0 0.0 32615 161 6383.0 23
stats: {sentpackets,"tsung_controller@ip-172-31-13-122"} 1 26150.0 0.0 26150 139 5450.391304347827 23
stats: {cpu,"tsung_controller@ip-172-31-13-122"} 1 38.313473877176904 0.0 38.313473877176904 1.0869565217391304 9.168622201197191 24
stats: session 1906 1845.009873092988 1797.8881681829814 16387.943115234375 13.033935546875 1937.2897630593961 7057
stats: users_count 2112 9424
stats: finish_users_count 1906 8963
stats: request 2067 13.017121143830124 6.99264345682691 130.947998046875 7.445068359375 11.277549505003792 7257
stats: connect 2068 2.041508864618592 3.2270248249723332 121.806884765625 0.738037109375 1.5582556599721862 7258
stats: page 2067 13.017121143830124 6.99264345682691 130.947998046875 7.445068359375 11.277549505003792 7257
stats: 200 2069 9326
stats: size_rcv 52341593 236010808
stats: newphase 1 8
stats: size_sent 382580 1725310
stats: connected 218 468
# stats: dump at 1480612255
stats: users 474 494
stats: {freemem,"tsung_controller@ip-172-31-13-122"} 1 3075.41015625 0.0 3156.7578125 3075.41015625 3147.75421875 25
stats: {load,"tsung_controller@ip-172-31-13-122"} 1 0.33984375 0.0 0.37890625 0.01171875 0.11234375 25
stats: {recvpackets,"tsung_controller@ip-172-31-13-122"} 1 51349.0 0.0 51349 161 7476.0 24
stats: {sentpackets,"tsung_controller@ip-172-31-13-122"} 1 38158.0 0.0 38158 139 6312.875 24
stats: {cpu,"tsung_controller@ip-172-31-13-122"} 1 46.50170648464164 0.0 46.50170648464164 1.0869565217391304 10.33441626823638 25
stats: session 2263 1946.6372185747973 1891.1524427138618 16387.943115234375 13.033935546875 1917.6662586215994 8963
stats: users_count 2276 11700
stats: finish_users_count 2263 11226
stats: request 2285 13.126344856913299 8.316429828708939 315.823974609375 7.4248046875 11.663188134074364 9324
stats: connect 2284 1.9367046189182886 2.242553279496199 121.806884765625 0.738037109375 1.6654149594798815 9326
stats: page 2285 13.126344856913299 8.316429828708939 315.823974609375 7.4248046875 11.663188134074364 9324
stats: 200 2283 11609
stats: size_rcv 57816623 293827431
stats: newphase 0 8
stats: size_sent 422540 2147850
stats: connected 5 473
# stats: dump at 1480612265
stats: users 466 494
stats: {freemem,"tsung_controller@ip-172-31-13-122"} 1 3068.1640625 0.0 3156.7578125 3068.1640625 3144.9717548076924 26
stats: {load,"tsung_controller@ip-172-31-13-122"} 1 0.359375 0.0 0.37890625 0.01171875 0.12109375 26
stats: {recvpackets,"tsung_controller@ip-172-31-13-122"} 1 51870.0 0.0 51870 161 9230.92 25
stats: {sentpackets,"tsung_controller@ip-172-31-13-122"} 1 39454.0 0.0 39454 139 7586.68 25
stats: {cpu,"tsung_controller@ip-172-31-13-122"} 1 48.18339100346021 0.0 48.18339100346021 1.0869565217391304 11.725465891944275 26
stats: session 2242 2052.301192652002 1985.5093367298591 16387.943115234375 13.033935546875 1923.5063871067307 11226
stats: users_count 2234 13934
stats: finish_users_count 2242 13468
stats: request 2240 13.424103655133926 21.54450566932378 1007.2919921875 7.4248046875 11.95118133863005 11609
stats: connect 2244 2.388681884330437 21.23156999776601 1000.535888671875 0.738037109375 1.71878494932978 11610
stats: page 2240 13.424103655133926 21.54450566932378 1007.2919921875 7.4248046875 11.95118133863005 11609
stats: 200 2241 13850
stats: size_rcv 56787799 350615230
stats: newphase 0 8
stats: size_sent 415140 2562990
stats: connected -3 470
# stats: dump at 1480612275
stats: users 699 703
stats: {freemem,"tsung_controller@ip-172-31-13-122"} 1 2997.4296875 0.0 3156.7578125 2997.4296875 3142.127025462963 27
stats: {load,"tsung_controller@ip-172-31-13-122"} 1 0.4609375 0.0 0.4609375 0.01171875 0.12991898148148148 27
stats: {recvpackets,"tsung_controller@ip-172-31-13-122"} 1 58441.0 0.0 58441 161 10870.884615384615 26
stats: {sentpackets,"tsung_controller@ip-172-31-13-122"} 1 41727.0 0.0 41727 139 8812.346153846154 26
stats: {cpu,"tsung_controller@ip-172-31-13-122"} 1 48.46473029045643 0.0 48.46473029045643 1.0869565217391304 13.075759414593014 27
stats: session 2928 1885.7329780286773 1911.660519859491 16387.943115234375 10.9580078125 1944.9466866339433 13468
stats: users_count 3161 17095
stats: finish_users_count 2928 16396
stats: request 3141 18.403098479534755 19.440556748549554 1017.910888671875 7.4248046875 12.189418466868096 13849
stats: connect 3141 3.6735618321692924 18.348542149170687 1006.239990234375 0.718017578125 1.8272914255923376 13854
stats: page 3141 18.403098479534755 19.440556748549554 1017.910888671875 7.4248046875 12.189418466868096 13849
stats: 200 3142 16992
stats: size_rcv 79797822 430413052
stats: newphase 1 9
stats: size_sent 581085 3144075
stats: connected 201 671
# stats: dump at 1480612285
stats: users 684 709
stats: {freemem,"tsung_controller@ip-172-31-13-122"} 1 2954.74609375 0.0 3156.7578125 2954.74609375 3136.9592633928573 28
stats: {load,"tsung_controller@ip-172-31-13-122"} 1 0.5390625 0.0 0.5390625 0.01171875 0.14174107142857142 28
stats: {recvpackets,"tsung_controller@ip-172-31-13-122"} 1 72759.0 0.0 72759 161 12632.74074074074 27
stats: {sentpackets,"tsung_controller@ip-172-31-13-122"} 1 43366.0 0.0 43366 139 10031.407407407407 27
stats: {cpu,"tsung_controller@ip-172-31-13-122"} 1 50.99601593625498 0.0 50.99601593625498 1.0869565217391304 14.339651231588135 28
stats: session 3252 2039.7088277706596 1964.9135601737323 16387.943115234375 10.9580078125 1934.3722941725978 16396
stats: users_count 3237 20332
stats: finish_users_count 3252 19648
stats: request 3246 18.044113939512062 7.25169544202068 1017.910888671875 7.4248046875 13.338162958909647 16990
stats: connect 3245 3.3212082591005383 3.7560508227844847 1006.239990234375 0.578125 2.1685173948220062 16995
stats: page 3246 18.044113939512062 7.25169544202068 1017.910888671875 7.4248046875 13.338162958909647 16990
stats: 200 3246 20238
stats: size_rcv 82428960 512842012
stats: newphase 0 9
stats: size_sent 600325 3744400
stats: connected 9 680
# stats: dump at 1480612295
stats: users 667 738
stats: {freemem,"tsung_controller@ip-172-31-13-122"} 1 2945.2890625 0.0 3156.7578125 2945.2890625 3130.6760506465516 29
stats: {load,"tsung_controller@ip-172-31-13-122"} 1 0.609375 0.0 0.609375 0.01171875 0.1554418103448276 29
stats: {recvpackets,"tsung_controller@ip-172-31-13-122"} 1 73356.0 0.0 73356 161 14780.107142857143 28
stats: {sentpackets,"tsung_controller@ip-172-31-13-122"} 1 43377.0 0.0 43377 139 11221.92857142857 28
stats: {cpu,"tsung_controller@ip-172-31-13-122"} 1 51.23505976095617 0.0 51.23505976095617 1.0869565217391304 15.603663807611131 29
stats: session 3317 2077.17003235286 2045.7207316159727 21242.827880859375 10.9580078125 1951.8068629460556 19648
stats: users_count 3300 23632
stats: finish_users_count 3317 22965
stats: request 3324 17.831705215031807 6.789140362465184 1017.910888671875 7.4248046875 14.093031355976036 20236
stats: connect 3326 3.3346572664941005 3.910566908900102 1006.239990234375 0.578125 2.353323810562314 20240
stats: page 3324 17.831705215031807 6.789140362465184 1017.910888671875 7.4248046875 14.093031355976036 20236
stats: 200 3323 23561
stats: size_rcv 84362820 597204832
stats: newphase 0 9
stats: size_sent 615310 4359710
stats: connected -30 650
# stats: dump at 1480612305
stats: users 11 738
stats: {freemem,"tsung_controller@ip-172-31-13-122"} 1 2940.64453125 0.0 3156.7578125 2940.64453125 3124.496484375 30
stats: {load,"tsung_controller@ip-172-31-13-122"} 1 0.6015625 0.0 0.609375 0.01171875 0.17057291666666666 30
stats: {recvpackets,"tsung_controller@ip-172-31-13-122"} 1 50196.0 0.0 73356 161 16799.96551724138 29
stats: {sentpackets,"tsung_controller@ip-172-31-13-122"} 1 30025.0 0.0 43377 139 12330.724137931034 29
stats: {cpu,"tsung_controller@ip-172-31-13-122"} 1 41.702127659574465 0.0 51.23505976095617 1.0869565217391304 16.791377006055964 30
stats: session 1126 3069.2774536783295 2639.1260656215327 21242.827880859375 10.9580078125 1969.913966491554 22965
stats: users_count 470 24102
stats: finish_users_count 1126 24091
stats: request 542 18.23742315426084 6.669051894572443 1017.910888671875 7.4248046875 14.620508092287642 23560
stats: connect 536 3.574948894443797 4.070457731827167 1006.239990234375 0.578125 2.4918248321370036 23566
stats: page 542 18.23742315426084 6.669051894572443 1017.910888671875 7.4248046875 14.620508092287642 23560
stats: 200 541 24102
stats: size_rcv 13764285 610969117
stats: newphase 0 9
stats: size_sent 99160 4458870
stats: connected -639 11
# stats: dump at 1480612312
stats: users 0 738
stats: {freemem,"tsung_controller@ip-172-31-13-122"} 1 3019.55078125 0.0 3156.7578125 2940.64453125 3118.5657762096776 31
stats: {load,"tsung_controller@ip-172-31-13-122"} 1 0.51171875 0.0 0.609375 0.01171875 0.1844758064516129 31
stats: {recvpackets,"tsung_controller@ip-172-31-13-122"} 1 226.0 0.0 73356 161 17913.166666666668 30
stats: {sentpackets,"tsung_controller@ip-172-31-13-122"} 1 339.0 0.0 43377 139 12920.533333333333 30
stats: {cpu,"tsung_controller@ip-172-31-13-122"} 1 2.2682445759368837 0.0 51.23505976095617 1.0869565217391304 17.594949607782368 31
stats: session 11 11859.323996803978 1427.0471605840812 21242.827880859375 10.9580078125 2021.297607127987 24091
stats: users_count 0 24102
stats: finish_users_count 11 24102
stats: request 0 0 0 1017.910888671875 7.4248046875 14.701844411414248 24102
stats: connect 0 0 0 1006.239990234375 0.578125 2.5159122314149243 24102
stats: page 0 0 0 1017.910888671875 7.4248046875 14.701844411414248 24102
stats: 200 0 24102
stats: size_rcv 0 610969117
stats: newphase 0 9
stats: size_sent 0 4458870
stats: connected -11 0
EndMonitor:{1480,612312,789766}
