# stats: dump at 1480612335
stats: users 4 4
stats: {freemem,"tsung_controller@ip-172-31-13-122"} 1 3141.00390625 0 3141.00390625 3141.00390625 0 0
stats: {load,"tsung_controller@ip-172-31-13-122"} 1 0.390625 0 0.390625 0.390625 0 0
stats: {cpu,"tsung_controller@ip-172-31-13-122"} 1 3.248725052981374 0 3.248725052981374 3.248725052981374 0 0
stats: users_count 4 4
stats: finish_users_count 0 0
stats: request 6 33.5555419921875 44.43916308897501 132.87109375 11.824951171875 0 0
stats: connect 4 30.60601806640625 50.269071669029884 117.6728515625 1.280029296875 0 0
stats: page 6 33.5555419921875 44.43916308897501 132.87109375 11.824951171875 0 0
stats: 200 6 6
stats: size_rcv 132291 132291
stats: size_sent 2070 2070
stats: connected 4 4
# stats: dump at 1480612345
stats: users 16 16
stats: {freemem,"tsung_controller@ip-172-31-13-122"} 1 3140.8828125 0.0 3141.00390625 3140.8828125 3141.00390625 1
stats: {load,"tsung_controller@ip-172-31-13-122"} 1 0.328125 0.0 0.390625 0.328125 0.390625 1
stats: {recvpackets,"tsung_controller@ip-172-31-13-122"} 1 169 0 169 169 0 0
stats: {sentpackets,"tsung_controller@ip-172-31-13-122"} 1 136 0 136 136 0 0
stats: {cpu,"tsung_controller@ip-172-31-13-122"} 1 2.259332023575639 0.0 3.248725052981374 2.259332023575639 3.248725052981374 1
stats: session 2 7887.8460693359375 371.9949951171875 8259.841064453125 7515.85107421875 0 0
stats: users_count 14 18
stats: finish_users_count 2 2
stats: request 42 12.92317127046131 2.419438717100932 132.87109375 9.741943359375 33.5555419921875 6
stats: connect 14 1.5402134486607142 0.39927838310240005 117.6728515625 1.163818359375 30.60601806640625 4
stats: page 37 14.688232421875 5.114250680507929 132.87109375 9.741943359375 33.5555419921875 6
stats: 302 11 11
stats: 200 31 37
stats: size_rcv 750789 883080
stats: size_sent 22864 24934
stats: connected 12 16
# stats: dump at 1480612355
stats: users 16 21
stats: {freemem,"tsung_controller@ip-172-31-13-122"} 1 3140.06640625 0.0 3141.00390625 3140.06640625 3140.943359375 2
stats: {load,"tsung_controller@ip-172-31-13-122"} 1 0.28125 0.0 0.390625 0.28125 0.359375 2
stats: {recvpackets,"tsung_controller@ip-172-31-13-122"} 1 720.0 0.0 720 169 169.0 1
stats: {sentpackets,"tsung_controller@ip-172-31-13-122"} 1 563.0 0.0 563 136 136.0 1
stats: {cpu,"tsung_controller@ip-172-31-13-122"} 1 2.060843964671246 0.0 3.248725052981374 2.060843964671246 2.754028538278506 2
stats: session 12 10711.813110351563 4366.052315751832 23978.1259765625 6305.679931640625 7887.8460693359375 2
stats: users_count 12 30
stats: finish_users_count 12 14
stats: request 76 13.823341771175986 3.5161411506990037 132.87109375 9.2470703125 15.502217610677084 48
stats: connect 12 1.5834147135416667 0.5058818535574701 117.6728515625 1.066162109375 7.999281141493055 18
stats: page 64 16.440155029296875 5.8422689501405705 132.87109375 9.2470703125 17.320880268895348 43
stats: 302 37 48
stats: 200 39 76
stats: size_rcv 1077879 1960959
stats: size_sent 49863 74797
stats: connected 0 16
# stats: dump at 1480612365
stats: users 27 27
stats: {freemem,"tsung_controller@ip-172-31-13-122"} 1 3140.328125 0.0 3141.00390625 3140.06640625 3140.6510416666665 3
stats: {load,"tsung_controller@ip-172-31-13-122"} 1 0.30078125 0.0 0.390625 0.28125 0.3333333333333333 3
stats: {recvpackets,"tsung_controller@ip-172-31-13-122"} 1 710.0 0.0 720 169 444.5 2
stats: {sentpackets,"tsung_controller@ip-172-31-13-122"} 1 557.0 0.0 563 136 349.5 2
stats: {cpu,"tsung_controller@ip-172-31-13-122"} 1 1.5873015873015872 0.0 3.248725052981374 1.5873015873015872 2.5229670137427527 3
stats: session 14 14622.606916155133 6308.091593066007 26582.366943359375 2511.218994140625 10308.38924734933 14
stats: users_count 25 55
stats: finish_users_count 14 28
stats: request 102 14.149983723958334 3.983808380564633 132.87109375 9.2470703125 14.473229192918346 124
stats: connect 24 2.2571004231770835 2.694729920711331 117.6728515625 0.928955078125 5.4329345703125 30
stats: page 86 16.807974881904077 6.321817793119628 132.87109375 9.2470703125 16.794091340537385 107
stats: 302 43 91
stats: 200 59 135
stats: size_rcv 1644811 3605770
stats: newphase 1 1
stats: size_sent 62191 136988
stats: connected 10 26
# stats: dump at 1480612375
stats: users 37 38
stats: {freemem,"tsung_controller@ip-172-31-13-122"} 1 3139.0234375 0.0 3141.00390625 3139.0234375 3140.5703125 4
stats: {load,"tsung_controller@ip-172-31-13-122"} 1 0.25 0.0 0.390625 0.25 0.3251953125 4
stats: {recvpackets,"tsung_controller@ip-172-31-13-122"} 1 1513.0 0.0 1513 169 533.0 3
stats: {sentpackets,"tsung_controller@ip-172-31-13-122"} 1 1115.0 0.0 1115 136 418.6666666666667 3
stats: {cpu,"tsung_controller@ip-172-31-13-122"} 1 3.02734375 0.0 3.248725052981374 1.5873015873015872 2.2890506571324614 4
stats: session 16 12777.154312133789 6804.5430923696185 29073.369873046875 2079.402099609375 12465.498081752232 28
stats: users_count 26 81
stats: finish_users_count 16 44
stats: request 132 13.76129150390625 3.8412040894954083 132.87109375 8.464111328125 14.327339644980642 226
stats: connect 26 2.1907207782451925 2.1054183999880633 117.6728515625 0.928955078125 4.021452727141203 54
stats: page 111 16.389232738597975 6.1703170933549485 132.87109375 8.464111328125 16.800277789022026 193
stats: 302 57 148
stats: 200 75 210
stats: size_rcv 2149846 5755616
stats: newphase 0 1
stats: size_sent 83372 220360
stats: connected 10 36
# stats: dump at 1480612385
stats: users 21 38
stats: {freemem,"tsung_controller@ip-172-31-13-122"} 1 3137.83984375 0.0 3141.00390625 3137.83984375 3140.2609375 5
stats: {load,"tsung_controller@ip-172-31-13-122"} 1 0.21875 0.0 0.390625 0.21875 0.31015625 5
stats: {recvpackets,"tsung_controller@ip-172-31-13-122"} 1 1612.0 0.0 1612 169 778.0 4
stats: {sentpackets,"tsung_controller@ip-172-31-13-122"} 1 1208.0 0.0 1208 136 592.75 4
stats: {cpu,"tsung_controller@ip-172-31-13-122"} 1 3.0392156862745097 0.0 3.248725052981374 1.5873015873015872 2.436709275705969 5
stats: session 25 12345.828212890625 5216.453935895359 29073.369873046875 2079.402099609375 12578.827620072798 44
stats: users_count 9 90
stats: finish_users_count 25 69
stats: request 104 13.97417978140024 3.9039903505661955 132.87109375 8.464111328125 14.118629157210195 358
stats: connect 10 1.89423828125 1.4105159598728512 117.6728515625 0.928955078125 3.42646484375 80
stats: page 85 17.125709443933818 6.816356300840811 132.87109375 8.464111328125 16.65019226074219 304
stats: 302 62 210
stats: 200 42 252
stats: size_rcv 1294414 7050030
stats: newphase 0 1
stats: size_sent 72601 292961
stats: connected -13 23
# stats: dump at 1480612395
stats: users 35 38
stats: {freemem,"tsung_controller@ip-172-31-13-122"} 1 3139.453125 0.0 3141.00390625 3137.83984375 3139.857421875 6
stats: {load,"tsung_controller@ip-172-31-13-122"} 1 0.1796875 0.0 0.390625 0.1796875 0.294921875 6
stats: {recvpackets,"tsung_controller@ip-172-31-13-122"} 1 958.0 0.0 1612 169 944.8 5
stats: {sentpackets,"tsung_controller@ip-172-31-13-122"} 1 734.0 0.0 1208 136 715.8 5
stats: {cpu,"tsung_controller@ip-172-31-13-122"} 1 2.167487684729064 0.0 3.248725052981374 1.5873015873015872 2.537127010800726 6
stats: session 15 15095.724593098957 8058.121522706548 30019.60400390625 2079.402099609375 12494.407545006794 69
stats: users_count 29 119
stats: finish_users_count 15 84
stats: request 121 14.862403554364665 10.121154180757683 132.87109375 8.4599609375 14.086112414603626 462
stats: connect 29 1.6459455818965518 0.48998690331336214 117.6728515625 0.928955078125 3.256217447916667 90
stats: page 103 17.482052108616504 12.738307194810586 132.87109375 8.4599609375 16.7540970437018 389
stats: 302 52 262
stats: 200 69 321
stats: size_rcv 1978668 9028698
stats: newphase 1 2
stats: size_sent 74344 367305
stats: connected 12 35
# stats: dump at 1480612405
stats: users 47 47
stats: {freemem,"tsung_controller@ip-172-31-13-122"} 1 3138.97265625 0.0 3141.00390625 3137.83984375 3139.7996651785716 7
stats: {load,"tsung_controller@ip-172-31-13-122"} 1 0.1484375 0.0 0.390625 0.1484375 0.27845982142857145 7
stats: {recvpackets,"tsung_controller@ip-172-31-13-122"} 1 1895.0 0.0 1895 169 947.0 6
stats: {sentpackets,"tsung_controller@ip-172-31-13-122"} 1 1394.0 0.0 1394 136 718.8333333333334 6
stats: {cpu,"tsung_controller@ip-172-31-13-122"} 1 2.952755905511811 0.0 3.248725052981374 1.5873015873015872 2.4843213927904886 7
stats: session 23 13464.021824048914 9073.366635805627 40630.58203125 2079.402099609375 12958.928446451822 84
stats: users_count 35 154
stats: finish_users_count 23 107
stats: request 156 14.048209948417467 3.4127561350800586 132.87109375 8.4599609375 14.247229443610635 583
stats: connect 32 1.5122299194335938 0.40725661406735136 117.6728515625 0.928955078125 2.8637982536764706 119
stats: page 131 16.7542845747853 5.81960083533562 132.87109375 8.4599609375 16.906494140625 492
stats: 302 71 333
stats: 200 85 406
stats: size_rcv 2651160 11679858
stats: newphase 0 2
stats: size_sent 97601 464906
stats: connected 10 45
# stats: dump at 1480612415
stats: users 73 73
stats: {freemem,"tsung_controller@ip-172-31-13-122"} 1 3137.015625 0.0 3141.00390625 3137.015625 3139.6962890625 8
stats: {load,"tsung_controller@ip-172-31-13-122"} 1 0.12890625 0.0 0.390625 0.12890625 0.26220703125 8
stats: {recvpackets,"tsung_controller@ip-172-31-13-122"} 1 2343.0 0.0 2343 169 1082.4285714285713 7
stats: {sentpackets,"tsung_controller@ip-172-31-13-122"} 1 1674.0 0.0 1674 136 815.2857142857143 7
stats: {cpu,"tsung_controller@ip-172-31-13-122"} 1 3.4448818897637796 0.0 3.4448818897637796 1.5873015873015872 2.542875706880654 8
stats: session 28 14805.947719029018 9377.452735129382 46059.302978515625 2079.402099609375 13067.499920140917 107
stats: users_count 54 208
stats: finish_users_count 28 135
stats: request 250 13.967822265625 3.399692370718676 132.87109375 8.4599609375 14.205217209172023 739
stats: connect 54 1.7612892433449074 1.1663551670986223 117.6728515625 0.887939453125 2.5773731762210264 151
stats: page 211 16.573733939943715 5.563266050018252 132.87109375 8.4599609375 16.87448859788824 623
stats: 302 101 434
stats: 200 149 555
stats: size_rcv 5116029 16795887
stats: newphase 0 2
stats: size_sent 154616 619522
stats: connected 26 71
# stats: dump at 1480612425
stats: users 79 84
stats: {freemem,"tsung_controller@ip-172-31-13-122"} 1 3134.76953125 0.0 3141.00390625 3134.76953125 3139.3984375 9
stats: {load,"tsung_controller@ip-172-31-13-122"} 1 0.109375 0.0 0.390625 0.109375 0.24739583333333334 9
stats: {recvpackets,"tsung_controller@ip-172-31-13-122"} 1 3968.0 0.0 3968 169 1240.0 8
stats: {sentpackets,"tsung_controller@ip-172-31-13-122"} 1 2680.0 0.0 2680 136 922.625 8
stats: {cpu,"tsung_controller@ip-172-31-13-122"} 1 5.452775073028238 0.0 5.452775073028238 1.5873015873015872 2.64309861608989 9
stats: session 61 12323.135530065318 8242.961208868284 46059.302978515625 2079.402099609375 13428.066871021412 135
stats: users_count 67 275
stats: finish_users_count 61 196
stats: request 353 14.456536052584985 4.096255778218348 132.87109375 8.4599609375 14.145208376121714 989
stats: connect 69 1.974174167798913 2.768554201337165 117.6728515625 0.887939453125 2.362404725609756 205
stats: page 299 17.093058404316487 5.901805191921064 132.87109375 8.4599609375 16.798398390662467 834
stats: 302 172 606
stats: 200 181 736
stats: size_rcv 7127856 23923743
stats: newphase 1 3
stats: size_sent 225576 845098
stats: connected 9 80
# stats: dump at 1480612435
stats: users 101 109
stats: {freemem,"tsung_controller@ip-172-31-13-122"} 1 3133.33203125 0.0 3141.00390625 3133.33203125 3138.935546875 10
stats: {load,"tsung_controller@ip-172-31-13-122"} 1 0.08984375 0.0 0.390625 0.08984375 0.23359375 10
stats: {recvpackets,"tsung_controller@ip-172-31-13-122"} 1 5802.0 0.0 5802 169 1543.111111111111 9
stats: {sentpackets,"tsung_controller@ip-172-31-13-122"} 1 3905.0 0.0 3905 136 1117.888888888889 9
stats: {cpu,"tsung_controller@ip-172-31-13-122"} 1 6.066536203522505 0.0 6.066536203522505 1.5873015873015872 2.9240662617837248 10
stats: session 54 11633.617852105035 6803.466483281586 46059.302978515625 1890.721923828125 13084.185178172831 196
stats: users_count 76 351
stats: finish_users_count 54 250
stats: request 397 14.563830781643578 4.77904755176354 132.87109375 8.4599609375 14.22710008237472 1342
stats: connect 75 1.7115852864583336 2.466655736705689 117.6728515625 0.8662109375 2.2646386362340327 274
stats: page 334 17.33573721697231 6.608748142076567 132.87109375 8.4599609375 16.876159506357567 1133
stats: 302 172 778
stats: 200 225 961
stats: size_rcv 8861437 32785180
stats: newphase 0 3
stats: size_sent 250971 1096069
stats: connected 21 101
# stats: dump at 1480612445
stats: users 108 118
stats: {freemem,"tsung_controller@ip-172-31-13-122"} 1 3132.1875 0.0 3141.00390625 3132.1875 3138.4261363636365 11
stats: {load,"tsung_controller@ip-172-31-13-122"} 1 0.078125 0.0 0.390625 0.078125 0.22052556818181818 11
stats: {recvpackets,"tsung_controller@ip-172-31-13-122"} 1 6750.0 0.0 6750 169 1969.0 10
stats: {sentpackets,"tsung_controller@ip-172-31-13-122"} 1 4553.0 0.0 4553 136 1396.6 10
stats: {cpu,"tsung_controller@ip-172-31-13-122"} 1 6.869479882237488 0.0 6.869479882237488 1.5873015873015872 3.2097453473963413 11
stats: session 63 13720.200179811507 7522.107825983068 46059.302978515625 1890.721923828125 12770.862635742187 250
stats: users_count 70 421
stats: finish_users_count 63 313
stats: request 400 15.565496215820312 6.090174334428692 132.87109375 8.3427734375 14.303973048222757 1739
stats: connect 72 1.5135362413194444 0.44594005307323287 117.6728515625 0.8662109375 2.1457876298352434 349
stats: page 334 18.667624467861174 7.452838570045418 132.87109375 8.3427734375 16.98079410441164 1467
stats: 302 196 974
stats: 200 204 1165
stats: size_rcv 9207077 41992257
stats: newphase 0 3
stats: size_sent 258522 1354591
stats: connected 9 110
# stats: dump at 1480612455
stats: users 49 118
stats: {freemem,"tsung_controller@ip-172-31-13-122"} 1 3131.12890625 0.0 3141.00390625 3131.12890625 3137.90625 12
stats: {load,"tsung_controller@ip-172-31-13-122"} 1 0.0703125 0.0 0.390625 0.0703125 0.20865885416666666 12
stats: {recvpackets,"tsung_controller@ip-172-31-13-122"} 1 6706.0 0.0 6750 169 2403.6363636363635 11
stats: {sentpackets,"tsung_controller@ip-172-31-13-122"} 1 4398.0 0.0 4553 136 1683.5454545454545 11
stats: {cpu,"tsung_controller@ip-172-31-13-122"} 1 6.47693817468106 0.0 6.869479882237488 1.5873015873015872 3.51472322529977 12
stats: session 64 15850.236904144285 9644.542924348068 50835.906005859375 1890.721923828125 12961.94335547499 313
stats: users_count 5 426
stats: finish_users_count 64 377
stats: request 266 14.646196178923873 3.835812422568407 132.87109375 8.3427734375 14.539882008970313 2139
stats: connect 5 1.31005859375 0.32898389031295927 117.6728515625 0.8662109375 2.0376591263361044 421
stats: page 211 18.495009580494667 6.782479104676604 132.87109375 8.3427734375 17.293621056878127 1801
stats: 302 187 1161
stats: 200 79 1244
stats: size_rcv 2393509 44385766
stats: newphase 0 3
stats: size_sent 200002 1554593
stats: connected -60 50
# stats: dump at 1480612465
stats: users 19 118
stats: {freemem,"tsung_controller@ip-172-31-13-122"} 1 3132.32421875 0.0 3141.00390625 3131.12890625 3137.3849158653848 13
stats: {load,"tsung_controller@ip-172-31-13-122"} 1 0.05859375 0.0 0.390625 0.05859375 0.19801682692307693 13
stats: {recvpackets,"tsung_controller@ip-172-31-13-122"} 1 1293.0 0.0 6750 169 2762.1666666666665 12
stats: {sentpackets,"tsung_controller@ip-172-31-13-122"} 1 1102.0 0.0 4553 136 1909.75 12
stats: {cpu,"tsung_controller@ip-172-31-13-122"} 1 2.8627838104639687 0.0 6.869479882237488 1.5873015873015872 3.7425859137137154 13
stats: session 30 22391.485367838537 8977.272380819926 50835.906005859375 1890.721923828125 13452.263745700016 377
stats: users_count 0 426
stats: finish_users_count 30 407
stats: request 94 14.17679417386968 2.7287586657902327 132.87109375 8.3427734375 14.55164066560551 2405
stats: connect 0 0 0 117.6728515625 0.8662109375 2.029119213981807 426
stats: page 73 18.289574191994866 6.23586481287823 132.87109375 8.3427734375 17.41961160284388 2012
stats: 302 72 1233
stats: 200 22 1266
stats: size_rcv 615890 45001656
stats: newphase 0 3
stats: size_sent 71639 1626232
stats: connected -31 19
# stats: dump at 1480612475
stats: users 6 118
stats: {freemem,"tsung_controller@ip-172-31-13-122"} 1 3137.2421875 0.0 3141.00390625 3131.12890625 3137.0234375 14
stats: {load,"tsung_controller@ip-172-31-13-122"} 1 0.05078125 0.0 0.390625 0.05078125 0.18805803571428573 14
stats: {recvpackets,"tsung_controller@ip-172-31-13-122"} 1 424.0 0.0 6750 169 2649.153846153846 13
stats: {sentpackets,"tsung_controller@ip-172-31-13-122"} 1 349.0 0.0 4553 136 1847.6153846153845 13
stats: {cpu,"tsung_controller@ip-172-31-13-122"} 1 1.8700787401574805 0.0 6.869479882237488 1.5873015873015872 3.6797429063387335 14
stats: session 13 32235.735201322117 7861.333431797978 50835.906005859375 1890.721923828125 14111.174430378533 407
stats: users_count 0 426
stats: finish_users_count 13 420
stats: request 42 15.101800827752976 3.3729040621682254 132.87109375 8.3427734375 14.537540797569028 2499
stats: connect 0 0 0 117.6728515625 0.8662109375 2.029119213981807 426
stats: page 33 19.257664535984848 6.355839948810647 132.87109375 8.3427734375 17.45007072467027 2085
stats: 302 33 1266
stats: 200 9 1275
stats: size_rcv 255494 45257150
stats: newphase 0 3
stats: size_sent 32282 1658514
stats: connected -13 6
# stats: dump at 1480612485
stats: users 2 118
stats: {freemem,"tsung_controller@ip-172-31-13-122"} 1 3140.390625 0.0 3141.00390625 3131.12890625 3137.038020833333 15
stats: {load,"tsung_controller@ip-172-31-13-122"} 1 0.0390625 0.0 0.390625 0.0390625 0.17890625 15
stats: {recvpackets,"tsung_controller@ip-172-31-13-122"} 1 123.0 0.0 6750 123 2490.214285714286 14
stats: {sentpackets,"tsung_controller@ip-172-31-13-122"} 1 122.0 0.0 4553 122 1740.5714285714287 14
stats: {cpu,"tsung_controller@ip-172-31-13-122"} 1 0.9881422924901186 0.0 6.869479882237488 0.9881422924901186 3.5590986285933166 15
stats: session 4 48644.42449951172 8024.787469296051 59210.30517578125 1890.721923828125 14672.172739955357 420
stats: users_count 0 426
stats: finish_users_count 4 424
stats: request 9 12.48562282986111 1.8999177526093773 132.87109375 8.3427734375 14.546867409638184 2541
stats: connect 0 0 0 117.6728515625 0.8662109375 2.029119213981807 426
stats: page 7 16.090262276785715 4.837681500908877 132.87109375 8.3427734375 17.47823436762276 2118
stats: 302 7 1273
stats: 200 2 1277
stats: size_rcv 54642 45311792
stats: newphase 0 3
stats: size_sent 6752 1665266
stats: connected -4 2
# stats: dump at 1480612492
stats: users 0 118
stats: {freemem,"tsung_controller@ip-172-31-13-122"} 1 3140.40234375 0.0 3141.00390625 3131.12890625 3137.24755859375 16
stats: {load,"tsung_controller@ip-172-31-13-122"} 1 0.03125 0.0 0.390625 0.03125 0.170166015625 16
stats: {recvpackets,"tsung_controller@ip-172-31-13-122"} 1 71.0 0.0 6750 71 2332.4 15
stats: {sentpackets,"tsung_controller@ip-172-31-13-122"} 1 55.0 0.0 4553 55 1632.6666666666667 15
stats: {cpu,"tsung_controller@ip-172-31-13-122"} 1 1.279527559055118 0.0 6.869479882237488 0.9881422924901186 3.3984138575868665 16
stats: session 2 53164.95397949219 10584.694946289063 63749.64892578125 1890.721923828125 14992.665681083246 424
stats: users_count 0 426
stats: finish_users_count 2 426
stats: request 6 13.366455078125 2.7792694526511568 132.87109375 8.3427734375 14.539592428768382 2550
stats: connect 0 0 0 117.6728515625 0.8662109375 2.029119213981807 426
stats: page 5 16.06474609375 4.298334666956122 132.87109375 8.3427734375 17.47366222426471 2125
stats: 302 5 1278
stats: 200 1 1278
stats: size_rcv 30103 45341895
stats: newphase 0 3
stats: size_sent 4654 1669920
stats: connected -2 0
EndMonitor:{1480,612492,173490}
