# stats: dump at 1480615346
stats: users 7 8
stats: {freemem,"tsung_controller@ip-172-31-13-122"} 1 3159.17578125 0 3159.17578125 3159.17578125 0 0
stats: {load,"tsung_controller@ip-172-31-13-122"} 1 0.0390625 0 0.0390625 0.0390625 0 0
stats: {cpu,"tsung_controller@ip-172-31-13-122"} 1 3.196783806559375 0 3.196783806559375 3.196783806559375 0 0
stats: session 1 6283.0888671875 0 6283.0888671875 6283.0888671875 0 0
stats: users_count 8 8
stats: finish_users_count 1 1
stats: request 16 32.80851745605469 34.34153753575715 132.7421875 7.383056640625 0 0
stats: connect 8 14.69464111328125 36.824140862384255 112.1220703125 0.65283203125 0 0
stats: page 15 35.005419921875 36.05524976443606 132.7421875 7.383056640625 0 0
stats: 302 2 2
stats: 200 14 14
stats: size_rcv 1351788 1351788
stats: size_sent 5742 5742
stats: connected 8 8
# stats: dump at 1480615356
stats: users 13 13
stats: {freemem,"tsung_controller@ip-172-31-13-122"} 1 3156.6328125 0.0 3159.17578125 3156.6328125 3159.17578125 1
stats: {load,"tsung_controller@ip-172-31-13-122"} 1 0.0390625 0.0 0.0390625 0.0390625 0.0390625 1
stats: {recvpackets,"tsung_controller@ip-172-31-13-122"} 1 1545 0 1545 1545 0 0
stats: {sentpackets,"tsung_controller@ip-172-31-13-122"} 1 592 0 592 592 0 0
stats: {cpu,"tsung_controller@ip-172-31-13-122"} 1 2.455795677799607 0.0 3.196783806559375 2.455795677799607 3.196783806559375 1
stats: session 5 5033.671484375 2382.6261883963675 8116.18408203125 1800.130126953125 6283.0888671875 1
stats: users_count 11 19
stats: finish_users_count 5 6
stats: request 43 330.0849893259448 1127.1464590387302 5345.416015625 7.383056640625 32.80851745605469 16
stats: connect 11 0.7838245738636364 0.061261774219176515 112.1220703125 0.652099609375 14.69464111328125 8
stats: page 40 354.8517700195313 1164.8945754824376 5345.416015625 7.383056640625 35.005419921875 15
stats: 302 8 10
stats: 200 33 47
stats: size_rcv 3868066 5219854
stats: size_sent 17201 22943
stats: connected 5 13
stats: 500 3 3
# stats: dump at 1480615366
stats: users 12 19
stats: {freemem,"tsung_controller@ip-172-31-13-122"} 1 3156.296875 0.0 3159.17578125 3156.296875 3157.904296875 2
stats: {load,"tsung_controller@ip-172-31-13-122"} 1 0.03125 0.0 0.0390625 0.03125 0.0390625 2
stats: {recvpackets,"tsung_controller@ip-172-31-13-122"} 1 3.3e3 0.0 3300 1545 1545.0 1
stats: {sentpackets,"tsung_controller@ip-172-31-13-122"} 1 1209.0 0.0 1209 592 592.0 1
stats: {cpu,"tsung_controller@ip-172-31-13-122"} 1 2.2615535889872174 0.0 3.196783806559375 2.2615535889872174 2.8262897421794912 2
stats: session 12 7813.097798665364 7496.839901012384 19694.84814453125 39.05322265625 5241.90771484375 6
stats: users_count 11 30
stats: finish_users_count 12 18
stats: request 33 488.2530554569128 1701.073580501756 8406.787841796875 7.383056640625 249.46764102224577 59
stats: connect 11 0.7959428267045454 0.06474777574607028 112.1220703125 0.652099609375 6.641010485197368 19
stats: page 32 503.5144958496093 1725.2277290320435 8406.787841796875 7.383056640625 267.620947265625 55
stats: 302 5 15
stats: 200 27 74
stats: size_rcv 4936100 10155954
stats: size_sent 14106 37049
stats: connected -1 12
stats: 500 0 3
# stats: dump at 1480615376
stats: users 23 23
stats: {freemem,"tsung_controller@ip-172-31-13-122"} 1 3155.69921875 0.0 3159.17578125 3155.69921875 3157.3684895833335 3
stats: {load,"tsung_controller@ip-172-31-13-122"} 1 0.03125 0.0 0.0390625 0.03125 0.036458333333333336 3
stats: {recvpackets,"tsung_controller@ip-172-31-13-122"} 1 2887.0 0.0 3300 1545 2422.5 2
stats: {sentpackets,"tsung_controller@ip-172-31-13-122"} 1 1167.0 0.0 1209 592 900.5 2
stats: {cpu,"tsung_controller@ip-172-31-13-122"} 1 1.9704433497536946 0.0 3.196783806559375 1.9704433497536946 2.6380443577820665 3
stats: session 11 8506.943292791193 9110.796247685705 25284.0849609375 39.05322265625 6956.034437391493 18
stats: users_count 22 52
stats: finish_users_count 11 29
stats: request 51 1068.7025026807596 3062.2397148329032 10801.55712890625 7.383056640625 335.1189309825068 92
stats: connect 22 0.744873046875 0.07724803820838079 112.1220703125 0.548095703125 4.497819010416666 30
stats: page 50 1090.0796923828123 3088.943095132699 10801.55712890625 7.383056640625 354.38639042295256 87
stats: 302 3 18
stats: 200 47 121
stats: size_rcv 9239126 19395080
stats: newphase 1 1
stats: size_sent 20316 57365
stats: connected 11 23
stats: 500 1 4
# stats: dump at 1480615386
stats: users 33 33
stats: {freemem,"tsung_controller@ip-172-31-13-122"} 1 3154.875 0.0 3159.17578125 3154.875 3156.951171875 4
stats: {load,"tsung_controller@ip-172-31-13-122"} 1 0.01953125 0.0 0.0390625 0.01953125 0.03515625 4
stats: {recvpackets,"tsung_controller@ip-172-31-13-122"} 1 6953.0 0.0 6953 1545 2577.3333333333335 3
stats: {sentpackets,"tsung_controller@ip-172-31-13-122"} 1 2824.0 0.0 2824 592 989.3333333333334 3
stats: {cpu,"tsung_controller@ip-172-31-13-122"} 1 3.434739941118744 0.0 3.434739941118744 1.9704433497536946 2.4711441057749735 4
stats: session 7 12048.592180524554 9786.91044460881 25284.0849609375 39.05322265625 7544.310210129311 29
stats: users_count 17 69
stats: finish_users_count 7 36
stats: request 40 3597.269854736328 2662.347174576442 10801.55712890625 7.383056640625 596.7466383713943 143
stats: connect 17 1.259765625 1.8152790043861147 112.1220703125 0.548095703125 2.9100341796875 52
stats: page 36 3996.9812282986113 2802.40260603368 10801.55712890625 7.383056640625 622.8875955177919 137
stats: 302 5 23
stats: 200 33 154
stats: size_rcv 4709423 24104503
stats: newphase 0 1
stats: size_sent 16944 74309
stats: connected 10 33
stats: 500 2 6
# stats: dump at 1480615396
stats: users 34 35
stats: {freemem,"tsung_controller@ip-172-31-13-122"} 1 3153.91015625 0.0 3159.17578125 3153.91015625 3156.5359375 5
stats: {load,"tsung_controller@ip-172-31-13-122"} 1 0.01953125 0.0 0.0390625 0.01953125 0.03203125 5
stats: {recvpackets,"tsung_controller@ip-172-31-13-122"} 1 2633.0 0.0 6953 1545 3671.25 4
stats: {sentpackets,"tsung_controller@ip-172-31-13-122"} 1 1160.0 0.0 2824 592 1448.0 4
stats: {cpu,"tsung_controller@ip-172-31-13-122"} 1 2.073050345508391 0.0 3.434739941118744 1.9704433497536946 2.6638632728437277 5
stats: session 18 13654.563462999133 11248.425587960415 39495.97021484375 39.05322265625 8420.142815483941 36
stats: users_count 19 88
stats: finish_users_count 18 54
stats: request 50 2610.63716796875 3476.5158189722547 13710.782958984375 7.383056640625 1252.5987075221994 183
stats: connect 19 0.7593287417763158 0.05119461767700222 112.1220703125 0.548095703125 2.5034462749094204 69
stats: page 46 2837.6631814707885 3540.0681099848475 13710.782958984375 7.383056640625 1325.0111260386561 173
stats: 302 10 33
stats: 200 35 189
stats: size_rcv 5246591 29351094
stats: newphase 0 1
stats: size_sent 24331 98640
stats: connected 1 34
stats: 500 5 11
# stats: dump at 1480615406
stats: users 35 35
stats: {freemem,"tsung_controller@ip-172-31-13-122"} 1 3153.4296875 0.0 3159.17578125 3153.4296875 3156.0983072916665 6
stats: {load,"tsung_controller@ip-172-31-13-122"} 1 0.01953125 0.0 0.0390625 0.01953125 0.029947916666666668 6
stats: {recvpackets,"tsung_controller@ip-172-31-13-122"} 1 5193.0 0.0 6953 1545 3463.6 5
stats: {sentpackets,"tsung_controller@ip-172-31-13-122"} 1 2403.0 0.0 2824 592 1390.4 5
stats: {cpu,"tsung_controller@ip-172-31-13-122"} 1 2.7613412228796843 0.0 3.434739941118744 1.9704433497536946 2.5653944516211715 6
stats: session 21 19403.87875511533 12723.859720639435 49876.547119140625 39.05322265625 10164.949697989005 54
stats: users_count 22 110
stats: finish_users_count 21 75
stats: request 110 2366.458531605113 3274.1966892645523 14701.55810546875 7.383056640625 1544.0232698497855 233
stats: connect 22 0.7488014914772727 0.060473485823075566 112.1220703125 0.548095703125 2.1268754438920454 88
stats: page 101 2577.3430127436573 3362.7663903523353 14701.55810546875 7.383056640625 1642.7371285495149 219
stats: 302 27 60
stats: 200 67 256
stats: size_rcv 9555056 38906150
stats: newphase 1 2
stats: size_sent 35363 134003
stats: connected 1 35
stats: 500 16 27
# stats: dump at 1480615416
stats: users 68 70
stats: {freemem,"tsung_controller@ip-172-31-13-122"} 1 3153.1875 0.0 3159.17578125 3153.1875 3155.7170758928573 7
stats: {load,"tsung_controller@ip-172-31-13-122"} 1 0.01171875 0.0 0.0390625 0.01171875 0.028459821428571428 7
stats: {recvpackets,"tsung_controller@ip-172-31-13-122"} 1 5567.0 0.0 6953 1545 3751.8333333333335 6
stats: {sentpackets,"tsung_controller@ip-172-31-13-122"} 1 2436.0 0.0 2824 592 1559.1666666666667 6
stats: {cpu,"tsung_controller@ip-172-31-13-122"} 1 3.3398821218074657 0.0 3.434739941118744 1.9704433497536946 2.593386847515245 7
stats: session 7 16723.053292410714 11711.318397490862 49876.547119140625 39.05322265625 12751.849833984375 75
stats: users_count 40 150
stats: finish_users_count 7 82
stats: request 25 6293.815419921875 2546.717478911503 14701.55810546875 7.383056640625 1807.7780185176746 343
stats: connect 40 0.766156005859375 0.10833433008270339 112.1220703125 0.548095703125 1.851260653409091 110
stats: page 24 6406.213521321614 2537.75038186608 14701.55810546875 7.383056640625 1937.722110748291 320
stats: 302 6 66
stats: 200 16 272
stats: size_rcv 4124720 43030870
stats: newphase 0 2
stats: size_sent 20064 154067
stats: connected 34 69
stats: 500 3 30
# stats: dump at 1480615426
stats: users 74 76
stats: {freemem,"tsung_controller@ip-172-31-13-122"} 1 3152.828125 0.0 3159.17578125 3152.828125 3155.40087890625 8
stats: {load,"tsung_controller@ip-172-31-13-122"} 1 0.01171875 0.0 0.0390625 0.01171875 0.0263671875 8
stats: {recvpackets,"tsung_controller@ip-172-31-13-122"} 1 3678.0 0.0 6953 1545 4011.1428571428573 7
stats: {sentpackets,"tsung_controller@ip-172-31-13-122"} 1 1696.0 0.0 2824 592 1684.4285714285713 7
stats: {cpu,"tsung_controller@ip-172-31-13-122"} 1 2.843137254901961 0.0 3.434739941118744 1.9704433497536946 2.6866987568017726 8
stats: session 43 12892.137496593386 12789.142457619715 49876.547119140625 39.05322265625 13090.855007264672 82
stats: users_count 49 199
stats: finish_users_count 43 125
stats: request 160 3833.3948837280245 3070.086578958348 17800.533935546875 7.383056640625 2112.535994156547 368
stats: connect 48 0.7317454020182291 0.19530265935637856 112.1220703125 0.548095703125 1.5618994140625 150
stats: page 147 4135.258377178998 3163.846371114905 17800.533935546875 7.383056640625 2249.477325439453 344
stats: 302 24 90
stats: 200 113 385
stats: size_rcv 13081259 56112129
stats: newphase 0 2
stats: size_sent 43273 197340
stats: connected 4 73
stats: 500 23 53
# stats: dump at 1480615436
stats: users 135 135
stats: {freemem,"tsung_controller@ip-172-31-13-122"} 1 3149.92578125 0.0 3159.17578125 3149.92578125 3155.1150173611113 9
stats: {load,"tsung_controller@ip-172-31-13-122"} 1 0.01171875 0.0 0.0390625 0.01171875 0.024739583333333332 9
stats: {recvpackets,"tsung_controller@ip-172-31-13-122"} 1 9640.0 0.0 9640 1545 3969.5 8
stats: {sentpackets,"tsung_controller@ip-172-31-13-122"} 1 4415.0 0.0 4415 592 1685.875 8
stats: {cpu,"tsung_controller@ip-172-31-13-122"} 1 4.518664047151278 0.0 4.518664047151278 1.9704433497536946 2.704080812146238 9
stats: session 15 10591.7412109375 13130.663346270898 49876.547119140625 39.05322265625 13022.49618359375 125
stats: users_count 76 275
stats: finish_users_count 15 140
stats: request 65 2835.5260329026446 3783.460642830559 18633.193115234375 0.87109375 2634.008384935783 528
stats: connect 76 0.6978824013157895 0.09577628901677762 112.1220703125 0.5 1.3606499565972223 198
stats: page 62 2924.977562689012 3867.890231829551 18633.193115234375 0.87109375 2814.0594325793977 491
stats: 302 5 95
stats: 200 30 415
stats: size_rcv 3956028 60068157
stats: newphase 1 3
stats: size_sent 41276 238616
stats: connected 61 134
stats: 503 26 26
stats: 500 4 57
# stats: dump at 1480615446
stats: users 171 171
stats: {freemem,"tsung_controller@ip-172-31-13-122"} 1 3147.61328125 0.0 3159.17578125 3147.61328125 3154.59609375 10
stats: {load,"tsung_controller@ip-172-31-13-122"} 1 0.01171875 0.0 0.0390625 0.01171875 0.0234375 10
stats: {recvpackets,"tsung_controller@ip-172-31-13-122"} 1 4065.0 0.0 9640 1545 4599.555555555556 9
stats: {sentpackets,"tsung_controller@ip-172-31-13-122"} 1 2037.0 0.0 4415 592 1989.111111111111 9
stats: {cpu,"tsung_controller@ip-172-31-13-122"} 1 3.74384236453202 0.0 4.518664047151278 1.9704433497536946 2.8855391356467424 10
stats: session 56 13991.600354875836 14302.920947907363 52957.02685546875 39.05322265625 12762.05815080915 140
stats: users_count 92 367
stats: finish_users_count 56 196
stats: request 258 3719.017084166062 5192.369138146641 18633.193115234375 0.64013671875 2656.097165910228 593
stats: connect 88 0.7208584872159093 0.22782364932108762 112.1220703125 0.5 1.176816620095803 274
stats: page 238 3780.286884724596 5310.267865929794 18633.193115234375 0.697998046875 2826.4950999696257 553
stats: 302 17 112
stats: 200 56 471
stats: size_rcv 8432654 68500811
stats: newphase 0 3
stats: size_sent 69213 307829
stats: connected 33 167
stats: 503 169 195
stats: 500 16 73
# stats: dump at 1480615456
stats: users 170 179
stats: {freemem,"tsung_controller@ip-172-31-13-122"} 1 3145.1796875 0.0 3159.17578125 3145.1796875 3153.9612926136365 11
stats: {load,"tsung_controller@ip-172-31-13-122"} 1 0.01171875 0.0 0.0390625 0.01171875 0.022372159090909092 11
stats: {recvpackets,"tsung_controller@ip-172-31-13-122"} 1 4829.0 0.0 9640 1545 4546.1 10
stats: {sentpackets,"tsung_controller@ip-172-31-13-122"} 1 2672.0 0.0 4415 592 1993.9 10
stats: {cpu,"tsung_controller@ip-172-31-13-122"} 1 6.048780487804878 0.0 6.048780487804878 1.9704433497536946 2.9635667019090404 11
stats: session 80 15190.417022705078 14517.999124661204 57479.14404296875 8.072998046875 13113.355923399633 196
stats: users_count 79 446
stats: finish_users_count 80 276
stats: request 316 3905.4252002571216 6913.983446813313 23411.777099609375 0.64013671875 2978.3455077551225 851
stats: connect 84 0.6764061337425596 0.10190570643233793 112.1220703125 0.5 1.0659759690089778 362
stats: page 296 4138.828466466955 7341.888460984666 25197.341064453125 0.682861328125 3113.476698922449 791
stats: 302 8 120
stats: 200 55 526
stats: size_rcv 10185021 78685832
stats: newphase 0 3
stats: size_sent 79353 387182
stats: connected 6 173
stats: 503 238 433
stats: 500 11 84
stats: 404 4 4
# stats: dump at 1480615466
stats: users 135 179
stats: {freemem,"tsung_controller@ip-172-31-13-122"} 1 3142.49609375 0.0 3159.17578125 3142.49609375 3153.2294921875 12
stats: {load,"tsung_controller@ip-172-31-13-122"} 1 0.01171875 0.0 0.0390625 0.01171875 0.021484375 12
stats: {recvpackets,"tsung_controller@ip-172-31-13-122"} 1 9989.0 0.0 9989 1545 4571.818181818182 11
stats: {sentpackets,"tsung_controller@ip-172-31-13-122"} 1 4626.0 0.0 4626 592 2055.5454545454545 11
stats: {cpu,"tsung_controller@ip-172-31-13-122"} 1 6.906614785992218 0.0 6.906614785992218 1.9704433497536946 3.2206678507336934 12
stats: session 39 26393.840069110578 14332.034412286037 57479.14404296875 8.072998046875 13715.402618850487 276
stats: users_count 4 450
stats: finish_users_count 39 315
stats: request 161 4654.5503414935965 6709.6906766459615 27518.822998046875 0.64013671875 3229.379940343496 1167
stats: connect 4 0.670166015625 0.07326720764051844 112.1220703125 0.5 0.9926040717839125 446
stats: page 151 5057.299681808774 7353.303890235608 29881.97802734375 0.682861328125 3392.689323755176 1087
stats: 302 4 124
stats: 200 43 569
stats: size_rcv 6638471 85324303
stats: newphase 0 3
stats: size_sent 52818 440000
stats: connected -39 134
stats: 503 106 539
stats: 500 4 88
stats: 404 4 8
# stats: dump at 1480615476
stats: users 111 179
stats: {freemem,"tsung_controller@ip-172-31-13-122"} 1 3142.38671875 0.0 3159.17578125 3142.38671875 3152.403846153846 13
stats: {load,"tsung_controller@ip-172-31-13-122"} 1 0.0 0.0 0.0390625 0.0 0.020733173076923076 13
stats: {recvpackets,"tsung_controller@ip-172-31-13-122"} 1 5746.0 0.0 9989 1545 5023.25 12
stats: {sentpackets,"tsung_controller@ip-172-31-13-122"} 1 2473.0 0.0 4626 592 2269.75 12
stats: {cpu,"tsung_controller@ip-172-31-13-122"} 1 3.9177277179236047 0.0 6.906614785992218 1.9704433497536946 3.5042022303689646 13
stats: session 24 24039.30291748047 13383.417265998001 59634.412109375 8.072998046875 15285.113922216022 315
stats: users_count 0 450
stats: finish_users_count 24 339
stats: request 47 14502.26438871343 3904.2315534338954 28924.131103515625 0.64013671875 3402.16038807329 1328
stats: connect 0 0 0 112.1220703125 0.5 0.9897379557291667 450
stats: page 44 15549.332142223011 5161.805132804493 29881.97802734375 0.682861328125 3595.7233819668827 1238
stats: 302 6 130
stats: 200 38 607
stats: size_rcv 7726758 93051061
stats: newphase 0 3
stats: size_sent 25343 465343
stats: connected -24 110
stats: 503 0 539
stats: 500 1 89
stats: 404 2 10
# stats: dump at 1480615486
stats: users 98 179
stats: {freemem,"tsung_controller@ip-172-31-13-122"} 1 3142.41796875 0.0 3159.17578125 3142.38671875 3151.6883370535716 14
stats: {load,"tsung_controller@ip-172-31-13-122"} 1 0.0 0.0 0.0390625 0.0 0.019252232142857144 14
stats: {recvpackets,"tsung_controller@ip-172-31-13-122"} 1 2966.0 0.0 9989 1545 5078.846153846154 13
stats: {sentpackets,"tsung_controller@ip-172-31-13-122"} 1 756.0 0.0 4626 592 2285.3846153846152 13
stats: {cpu,"tsung_controller@ip-172-31-13-122"} 1 1.3875123885034688 0.0 6.906614785992218 1.3875123885034688 3.5337397651942957 14
stats: session 13 49422.775916466344 12388.78644355002 67643.97412109375 8.072998046875 15904.879514801116 339
stats: users_count 0 450
stats: finish_users_count 13 352
stats: request 49 19897.4672403141 3300.995566426176 28924.131103515625 0.64013671875 3781.582124822444 1375
stats: connect 1 0.9599609375 0.0 112.1220703125 0.5 0.9897379557291667 450
stats: page 40 20694.344635009766 4430.641963097193 36922.29296875 0.682861328125 4005.987645189402 1282
stats: 302 12 142
stats: 200 33 640
stats: size_rcv 5615153 98666214
stats: newphase 0 3
stats: size_sent 15866 481209
stats: connected -12 98
stats: 503 0 539
stats: 500 1 90
stats: 404 3 13
# stats: dump at 1480615496
stats: users 89 179
stats: {freemem,"tsung_controller@ip-172-31-13-122"} 1 3141.5546875 0.0 3159.17578125 3141.5546875 3151.0703125 15
stats: {load,"tsung_controller@ip-172-31-13-122"} 1 0.0 0.0 0.0390625 0.0 0.01796875 15
stats: {recvpackets,"tsung_controller@ip-172-31-13-122"} 1 3293.0 0.0 9989 1545 4927.928571428572 14
stats: {sentpackets,"tsung_controller@ip-172-31-13-122"} 1 1294.0 0.0 4626 592 2176.1428571428573 14
stats: {cpu,"tsung_controller@ip-172-31-13-122"} 1 2.450980392156863 0.0 6.906614785992218 1.3875123885034688 3.390657940081574 15
stats: session 9 68809.12269422744 9297.334172271856 81167.46411132813 8.072998046875 17142.756370544434 352
stats: users_count 0 450
stats: finish_users_count 9 361
stats: request 38 25045.18720446135 3200.936110619659 34678.9501953125 0.64013671875 4336.13154242012 1424
stats: connect 0 0 0 112.1220703125 0.5 0.9896719312985033 451
stats: page 35 26286.603536551338 4498.628336970191 37322.593017578125 0.682861328125 4510.930368028142 1322
stats: 302 7 149
stats: 200 27 667
stats: size_rcv 7502708 106168922
stats: newphase 0 3
stats: size_sent 13065 494274
stats: connected -9 89
stats: 503 0 539
stats: 500 0 90
stats: 404 4 17
# stats: dump at 1480615506
stats: users 84 179
stats: {freemem,"tsung_controller@ip-172-31-13-122"} 1 3141.44140625 0.0 3159.17578125 3141.44140625 3150.4755859375 16
stats: {load,"tsung_controller@ip-172-31-13-122"} 1 0.0 0.0 0.0390625 0.0 0.016845703125 16
stats: {recvpackets,"tsung_controller@ip-172-31-13-122"} 1 5420.0 0.0 9989 1545 4818.933333333333 15
stats: {sentpackets,"tsung_controller@ip-172-31-13-122"} 1 1967.0 0.0 4626 592 2117.3333333333335 15
stats: {cpu,"tsung_controller@ip-172-31-13-122"} 1 1.9723865877712032 0.0 6.906614785992218 1.3875123885034688 3.3319280933362796 16
stats: session 5 70645.66416015624 8711.286055254093 81527.42700195313 8.072998046875 18430.8375254285 361
stats: users_count 0 450
stats: finish_users_count 5 366
stats: request 22 28312.155795010654 3799.8286790499133 35505.35498046875 0.64013671875 4874.397011064147 1462
stats: connect 0 0 0 112.1220703125 0.5 0.9896719312985033 451
stats: page 16 33011.25341796875 7270.697122026241 46743.241943359375 0.682861328125 5072.572638402727 1357
stats: 302 9 158
stats: 200 13 680
stats: size_rcv 2994563 109163485
stats: newphase 0 3
stats: size_sent 9921 504195
stats: connected -5 84
stats: 503 0 539
stats: 500 0 90
stats: 404 0 17
# stats: dump at 1480615516
stats: users 81 179
stats: {freemem,"tsung_controller@ip-172-31-13-122"} 1 3141.47265625 0.0 3159.17578125 3141.44140625 3149.944163602941 17
stats: {load,"tsung_controller@ip-172-31-13-122"} 1 0.0 0.0 0.0390625 0.0 0.015854779411764705 17
stats: {recvpackets,"tsung_controller@ip-172-31-13-122"} 1 4267.0 0.0 9989 1545 4856.5 16
stats: {sentpackets,"tsung_controller@ip-172-31-13-122"} 1 1817.0 0.0 4626 592 2107.9375 16
stats: {cpu,"tsung_controller@ip-172-31-13-122"} 1 2.1632251720747298 0.0 6.906614785992218 1.3875123885034688 3.2519550635971575 17
stats: session 3 68300.12841796875 7743.662197544099 81527.42700195313 8.072998046875 19144.154829181607 366
stats: users_count 0 450
stats: finish_users_count 3 369
stats: request 12 30492.420817057293 6370.982466036705 41769.371826171875 0.64013671875 5221.857046944755 1484
stats: connect 0 0 0 112.1220703125 0.5 0.9896719312985033 451
stats: page 12 39059.54547119141 4838.33076177153 46743.241943359375 0.682861328125 5398.150855790241 1373
stats: 302 0 158
stats: 200 11 691
stats: size_rcv 4318854 113482339
stats: newphase 0 3
stats: size_sent 7640 511835
stats: connected -3 81
stats: 503 0 539
stats: 500 1 91
stats: 404 0 17
# stats: dump at 1480615526
stats: users 79 179
stats: {freemem,"tsung_controller@ip-172-31-13-122"} 1 3141.484375 0.0 3159.17578125 3141.44140625 3149.4735243055557 18
stats: {load,"tsung_controller@ip-172-31-13-122"} 1 0.0 0.0 0.0390625 0.0 0.014973958333333334 18
stats: {recvpackets,"tsung_controller@ip-172-31-13-122"} 1 2042.0 0.0 9989 1545 4821.823529411765 17
stats: {sentpackets,"tsung_controller@ip-172-31-13-122"} 1 682.0 0.0 4626 592 2090.823529411765 17
stats: {cpu,"tsung_controller@ip-172-31-13-122"} 1 1.4792899408284024 0.0 6.906614785992218 1.3875123885034688 3.1914700696236893 18
stats: session 2 75551.47143554688 3001.761474609375 81527.42700195313 8.072998046875 19543.79689087906 369
stats: users_count 0 450
stats: finish_users_count 2 371
stats: request 15 36644.22954101562 2683.1515908849033 43669.14404296875 0.64013671875 5424.562103924268 1496
stats: connect 0 0 0 112.1220703125 0.5 0.9896719312985033 451
stats: page 11 37240.14055841619 2783.42757473612 46743.241943359375 0.682861328125 5689.801928270251 1385
stats: 302 6 164
stats: 200 8 699
stats: size_rcv 4450127 117932466
stats: newphase 0 3
stats: size_sent 7729 519564
stats: connected -2 79
stats: 503 0 539
stats: 500 0 91
stats: 404 1 18
# stats: dump at 1480615536
stats: users 72 179
stats: {freemem,"tsung_controller@ip-172-31-13-122"} 1 3141.3359375 0.0 3159.17578125 3141.3359375 3149.053042763158 19
stats: {load,"tsung_controller@ip-172-31-13-122"} 1 0.0703125 0.0 0.0703125 0.0 0.014185855263157895 19
stats: {recvpackets,"tsung_controller@ip-172-31-13-122"} 1 2942.0 0.0 9989 1545 4667.388888888889 18
stats: {sentpackets,"tsung_controller@ip-172-31-13-122"} 1 1148.0 0.0 4626 592 2012.5555555555557 18
stats: {cpu,"tsung_controller@ip-172-31-13-122"} 1 1.678183613030602 0.0 6.906614785992218 1.3875123885034688 3.101355326002885 19
stats: session 7 91992.0754045759 12385.405854149538 117014.21508789063 8.072998046875 19845.72505554034 371
stats: users_count 0 450
stats: finish_users_count 7 378
stats: request 25 38061.78911132812 5171.959909160539 49534.462890625 0.64013671875 5734.4860030350355 1511
stats: connect 0 0 0 112.1220703125 0.5 0.9896719312985033 451
stats: page 22 41260.07871315696 8844.204176774472 60594.8359375 0.682861328125 5938.407748421831 1396
stats: 302 8 172
stats: 200 16 715
stats: size_rcv 3528160 121460626
stats: newphase 0 3
stats: size_sent 8922 528486
stats: connected -7 72
stats: 503 0 539
stats: 500 1 92
stats: 404 0 18
# stats: dump at 1480615546
stats: users 55 179
stats: {freemem,"tsung_controller@ip-172-31-13-122"} 1 3141.37109375 0.0 3159.17578125 3141.3359375 3148.6671875 20
stats: {load,"tsung_controller@ip-172-31-13-122"} 1 0.05859375 0.0 0.0703125 0.0 0.0169921875 20
stats: {recvpackets,"tsung_controller@ip-172-31-13-122"} 1 1538.0 0.0 9989 1538 4576.578947368421 19
stats: {sentpackets,"tsung_controller@ip-172-31-13-122"} 1 688.0 0.0 4626 592 1967.0526315789473 19
stats: {cpu,"tsung_controller@ip-172-31-13-122"} 1 1.574803149606299 0.0 6.906614785992218 1.3875123885034688 3.030196740354271 20
stats: session 17 106834.94429285386 8784.934176064995 123915.5 8.072998046875 21181.76858052248 378
stats: users_count 0 450
stats: finish_users_count 17 395
stats: request 54 31297.344636140046 8637.90919897992 49534.462890625 0.64013671875 6260.646535396577 1536
stats: connect 0 0 0 112.1220703125 0.5 0.9896719312985033 451
stats: page 51 39702.205542470896 14662.372666145959 67841.07299804688 0.682861328125 6486.416747874702 1418
stats: 302 18 190
stats: 200 35 750
stats: size_rcv 5659268 127119894
stats: newphase 0 3
stats: size_sent 16276 544762
stats: connected -17 55
stats: 503 0 539
stats: 500 0 92
stats: 404 1 19
# stats: dump at 1480615556
stats: users 22 179
stats: {freemem,"tsung_controller@ip-172-31-13-122"} 1 3141.21484375 0.0 3159.17578125 3141.21484375 3148.319754464286 21
stats: {load,"tsung_controller@ip-172-31-13-122"} 1 0.05078125 0.0 0.0703125 0.0 0.018973214285714284 21
stats: {recvpackets,"tsung_controller@ip-172-31-13-122"} 1 4601.0 0.0 9989 1538 4424.65 20
stats: {sentpackets,"tsung_controller@ip-172-31-13-122"} 1 1498.0 0.0 4626 592 1903.1 20
stats: {cpu,"tsung_controller@ip-172-31-13-122"} 1 2.935420743639922 0.0 6.906614785992218 1.3875123885034688 2.960892283651986 21
stats: session 33 110895.576208866 8403.58790162263 128334.19506835938 8.072998046875 24868.107788394966 395
stats: users_count 0 450
stats: finish_users_count 33 428
stats: request 51 14404.877608953737 11399.847733760638 55556.369873046875 0.64013671875 7110.9494897614495 1590
stats: connect 0 0 0 112.1220703125 0.5 0.9896719312985033 451
stats: page 51 16049.606330422794 12856.923013739135 67841.07299804688 0.682861328125 7639.585725767422 1469
stats: 302 30 220
stats: 200 21 771
stats: size_rcv 4055981 131175875
stats: newphase 0 3
stats: size_sent 9599 554361
stats: connected -27 28
stats: 503 0 539
stats: 500 0 92
stats: 404 0 19
# stats: dump at 1480615566
stats: users 0 179
stats: {freemem,"tsung_controller@ip-172-31-13-122"} 1 3143.47265625 0.0 3159.17578125 3141.21484375 3147.9968039772725 22
stats: {load,"tsung_controller@ip-172-31-13-122"} 1 0.0390625 0.0 0.0703125 0.0 0.02041903409090909 22
stats: {recvpackets,"tsung_controller@ip-172-31-13-122"} 1 3179.0 0.0 9989 1538 4433.047619047619 21
stats: {sentpackets,"tsung_controller@ip-172-31-13-122"} 1 1485.0 0.0 4626 592 1883.8095238095239 21
stats: {cpu,"tsung_controller@ip-172-31-13-122"} 1 2.4485798237022527 0.0 6.906614785992218 1.3875123885034688 2.9597344863787103 22
stats: session 22 113375.17578125 13378.425341090673 164869.34204101563 8.072998046875 31501.066802122874 428
stats: users_count 0 450
stats: finish_users_count 22 450
stats: request 30 4196.188297526041 9337.797998128986 55556.369873046875 0.64013671875 7337.634641546219 1641
stats: connect 0 0 0 112.1220703125 0.5 0.9896719312985033 451
stats: page 30 4196.188297526041 9337.797998128986 67841.07299804688 0.682861328125 7921.76404868678 1520
stats: 302 18 238
stats: 200 12 783
stats: size_rcv 3283671 134459546
stats: newphase 0 3
stats: size_sent 10086 564447
stats: connected -28 0
stats: 503 0 539
stats: 500 0 92
stats: 404 0 19
# stats: dump at 1480615567
stats: users 0 179
stats: {freemem,"tsung_controller@ip-172-31-13-122"} 0 0 0 3159.17578125 3141.21484375 3147.800101902174 23
stats: {load,"tsung_controller@ip-172-31-13-122"} 0 0 0 0.0703125 0.0 0.02122961956521739 23
stats: {recvpackets,"tsung_controller@ip-172-31-13-122"} 0 0 0 9989 1538 4376.045454545455 22
stats: {sentpackets,"tsung_controller@ip-172-31-13-122"} 0 0 0 4626 592 1865.6818181818182 22
stats: {cpu,"tsung_controller@ip-172-31-13-122"} 0 0 0 6.906614785992218 1.3875123885034688 2.9375103706101684 23
stats: session 0 0 0 164869.34204101563 8.072998046875 35503.8010188802 450
stats: users_count 0 450
stats: finish_users_count 0 450
stats: request 0 0 0 55556.369873046875 0.64013671875 7281.235245782841 1671
stats: connect 0 0 0 112.1220703125 0.5 0.9896719312985033 451
stats: page 0 0 0 67841.07299804688 0.682861328125 7849.656130922379 1550
stats: 302 0 238
stats: 200 0 783
stats: size_rcv 0 134459546
stats: newphase 0 3
stats: size_sent 0 564447
stats: connected 0 0
stats: 503 0 539
stats: 500 0 92
stats: 404 0 19
EndMonitor:{1480,615567,471464}
