
=INFO REPORT==== 1-Dec-2016::18:10:11 ===
    ts_config_server:(5:<0.55.0>) Config server started, logdir is "/home/ec2-user/.tsung/log/20161201-1810"
 
=INFO REPORT==== 1-Dec-2016::18:10:11 ===
              ts_mon:(5:<0.54.0>) starting monitor, global 

=INFO REPORT==== 1-Dec-2016::18:10:11 ===
           ts_config:(5:<0.55.0>) Reading config file: landing-page.xml

=INFO REPORT==== 1-Dec-2016::18:10:11 ===
      ts_config_http:(4:<0.55.0>) Get user agent: 100 "Mozilla/5.0 (Windows; U; Windows NT 5.2; fr-FR; rv:1.7.8) Gecko/20050511 Firefox/1.0.4" 

=INFO REPORT==== 1-Dec-2016::18:10:11 ===
           ts_config:(5:<0.55.0>) Session name for id 1 is "landing-page"

=INFO REPORT==== 1-Dec-2016::18:10:11 ===
    ts_config_server:(4:<0.55.0>) SYSINFO:Tsung version: 1.6.0

=INFO REPORT==== 1-Dec-2016::18:10:11 ===
    ts_config_server:(4:<0.55.0>) SYSINFO:Erlang version: Erlang R14B04 (erts-5.8.5) [source] [64-bit] [rq:1] [async-threads:8] [kernel-poll:true]


=INFO REPORT==== 1-Dec-2016::18:10:11 ===
    ts_config_server:(4:<0.55.0>) SYSINFO:System architecture x86_64-redhat-linux-gnu

=INFO REPORT==== 1-Dec-2016::18:10:11 ===
    ts_config_server:(4:<0.55.0>) SYSINFO:Current path: /usr/lib/erlang/lib/tsung-1.6.0/ebin/tsung.beam

=INFO REPORT==== 1-Dec-2016::18:10:11 ===
              ts_mon:(5:<0.56.0>) Activate clients with text backend

=INFO REPORT==== 1-Dec-2016::18:10:11 ===
              ts_mon:(5:<0.56.0>) Starting tsung clients on hosts: [localhost]

=INFO REPORT==== 1-Dec-2016::18:10:11 ===
    ts_config_server:(5:<0.55.0>) Start a launcher on the controller beam localhost

=INFO REPORT==== 1-Dec-2016::18:10:11 ===
  ts_launcher_static:(5:<0.111.0>) Launch msg receive ("localhost")

=INFO REPORT==== 1-Dec-2016::18:10:11 ===
         ts_launcher:(5:<0.112.0>) Launch msg receive ("localhost")

=INFO REPORT==== 1-Dec-2016::18:10:11 ===
    ts_config_server:(5:<0.55.0>) All remote beams started, syncing 

=INFO REPORT==== 1-Dec-2016::18:10:11 ===
    ts_config_server:(5:<0.55.0>) Undefined ports_range config 

=INFO REPORT==== 1-Dec-2016::18:10:11 ===
    ts_config_server:(5:<0.55.0>) New arrival phase 1 for client "localhost" (last ? true): will start 30 users

=INFO REPORT==== 1-Dec-2016::18:10:11 ===
    ts_config_server:(5:<0.55.0>) New arrival phase 2 for client "localhost" (last ? true): will start 60 users

=INFO REPORT==== 1-Dec-2016::18:10:11 ===
    ts_config_server:(5:<0.55.0>) New arrival phase 3 for client "localhost" (last ? true): will start 120 users

=INFO REPORT==== 1-Dec-2016::18:10:11 ===
    ts_config_server:(5:<0.55.0>) New arrival phase 4 for client "localhost" (last ? true): will start 240 users

=INFO REPORT==== 1-Dec-2016::18:10:11 ===
    ts_config_server:(5:<0.55.0>) New arrival phase 5 for client "localhost" (last ? true): will start 480 users

=INFO REPORT==== 1-Dec-2016::18:10:11 ===
    ts_config_server:(5:<0.55.0>) New arrival phase 6 for client "localhost" (last ? true): will start 960 users

=INFO REPORT==== 1-Dec-2016::18:10:11 ===
    ts_config_server:(5:<0.55.0>) New arrival phase 7 for client "localhost" (last ? true): will start 1920 users

=INFO REPORT==== 1-Dec-2016::18:10:11 ===
    ts_config_server:(5:<0.55.0>) New arrival phase 8 for client "localhost" (last ? true): will start 3840 users

=INFO REPORT==== 1-Dec-2016::18:10:11 ===
    ts_config_server:(5:<0.55.0>) New arrival phase 9 for client "localhost" (last ? true): will start 7680 users

=INFO REPORT==== 1-Dec-2016::18:10:11 ===
    ts_config_server:(5:<0.55.0>) New arrival phase 10 for client "localhost" (last ? true): will start 15360 users

=INFO REPORT==== 1-Dec-2016::18:10:11 ===
         ts_launcher:(5:<0.112.0>) Expected duration of first phase: 30.0 sec (30 users) 

=INFO REPORT==== 1-Dec-2016::18:10:12 ===
         ts_launcher:(5:<0.112.0>) Activate launcher (30 users) in 1455 msec 

=INFO REPORT==== 1-Dec-2016::18:10:43 ===
         ts_launcher:(5:<0.112.0>) Phase duration exceeded, but not all users were launched (8 users, 26.7% of phase)

=INFO REPORT==== 1-Dec-2016::18:10:43 ===
         ts_launcher:(5:<0.112.0>) Start a new arrival phase (60 users, 0.002); expected duration=30.0 sec

=INFO REPORT==== 1-Dec-2016::18:11:10 ===
         ts_launcher:(4:<0.112.0>) Need to wait 2.482 sec before changing phase, going to sleep

=INFO REPORT==== 1-Dec-2016::18:11:13 ===
         ts_launcher:(5:<0.112.0>) Waking up

=INFO REPORT==== 1-Dec-2016::18:11:13 ===
         ts_launcher:(5:<0.112.0>) Start a new arrival phase (120 users, 0.004); expected duration=30.0 sec

=INFO REPORT==== 1-Dec-2016::18:11:43 ===
         ts_launcher:(5:<0.112.0>) Phase duration exceeded, but not all users were launched (18 users, 15.0% of phase)

=INFO REPORT==== 1-Dec-2016::18:11:43 ===
         ts_launcher:(5:<0.112.0>) Start a new arrival phase (240 users, 0.008); expected duration=30.0 sec

=INFO REPORT==== 1-Dec-2016::18:12:13 ===
         ts_launcher:(5:<0.112.0>) Phase duration exceeded, but not all users were launched (7 users, 2.9% of phase)

=INFO REPORT==== 1-Dec-2016::18:12:13 ===
         ts_launcher:(5:<0.112.0>) Start a new arrival phase (480 users, 0.016); expected duration=30.0 sec

=INFO REPORT==== 1-Dec-2016::18:12:43 ===
         ts_launcher:(5:<0.112.0>) Phase duration exceeded, but not all users were launched (17 users, 3.5% of phase)

=INFO REPORT==== 1-Dec-2016::18:12:43 ===
         ts_launcher:(5:<0.112.0>) Start a new arrival phase (960 users, 0.032); expected duration=30.0 sec

=INFO REPORT==== 1-Dec-2016::18:13:13 ===
         ts_launcher:(4:<0.112.0>) Need to wait 0.389 sec before changing phase, going to sleep

=INFO REPORT==== 1-Dec-2016::18:13:13 ===
         ts_launcher:(5:<0.112.0>) Waking up

=INFO REPORT==== 1-Dec-2016::18:13:13 ===
         ts_launcher:(5:<0.112.0>) Start a new arrival phase (1920 users, 0.064); expected duration=30.0 sec

=INFO REPORT==== 1-Dec-2016::18:13:43 ===
         ts_launcher:(5:<0.112.0>) Phase duration exceeded, but not all users were launched (23 users, 1.2% of phase)

=INFO REPORT==== 1-Dec-2016::18:13:43 ===
         ts_launcher:(5:<0.112.0>) Start a new arrival phase (3840 users, 0.128); expected duration=30.0 sec

=INFO REPORT==== 1-Dec-2016::18:14:13 ===
         ts_launcher:(5:<0.112.0>) Phase duration exceeded, but not all users were launched (288 users, 7.5% of phase)

=INFO REPORT==== 1-Dec-2016::18:14:13 ===
         ts_launcher:(5:<0.112.0>) Start a new arrival phase (7680 users, 0.256); expected duration=30.0 sec

=INFO REPORT==== 1-Dec-2016::18:14:43 ===
         ts_launcher:(5:<0.112.0>) Phase duration exceeded, but not all users were launched (682 users, 8.9% of phase)

=INFO REPORT==== 1-Dec-2016::18:14:43 ===
         ts_launcher:(5:<0.112.0>) Start a new arrival phase (15360 users, 0.512); expected duration=30.0 sec

=INFO REPORT==== 1-Dec-2016::18:15:13 ===
         ts_launcher:(4:<0.112.0>) Phase duration exceeded, more than 20% (31.9%) of users were not launched in time (4904 users), tsung may be overloaded !

=INFO REPORT==== 1-Dec-2016::18:15:13 ===
         ts_launcher:(5:<0.112.0>) This was the last phase, wait for connected users to finish their session

=INFO REPORT==== 1-Dec-2016::18:15:28 ===
     ts_launcher_mgr:(5:<0.106.0>) No more active users 'tsung_controller@ip-172-31-13-122' "4876"

=INFO REPORT==== 1-Dec-2016::18:15:29 ===
              ts_mon:(5:<0.56.0>) stopping monitor (normal)
