# stats: dump at 1480615821
stats: users 2 4
stats: {freemem,"tsung_controller@ip-172-31-13-122"} 1 3159.59375 0 3159.59375 3159.59375 0 0
stats: {load,"tsung_controller@ip-172-31-13-122"} 1 0.01171875 0 0.01171875 0.01171875 0 0
stats: {cpu,"tsung_controller@ip-172-31-13-122"} 1 3.1932908070365773 0 3.1932908070365773 3.1932908070365773 0 0
stats: session 7 1911.2455357142858 1486.7763090642673 5479.141845703125 974.829833984375 0 0
stats: users_count 9 9
stats: finish_users_count 7 7
stats: request 9 19.676350911458332 33.7497471640971 115.095947265625 7.160888671875 0 0
stats: connect 9 12.462212456597221 33.005875728806416 105.81689453125 0.738037109375 0 0
stats: page 9 19.676350911458332 33.7497471640971 115.095947265625 7.160888671875 0 0
stats: 200 9 9
stats: size_rcv 221600 221600
stats: size_sent 1260 1260
stats: connected 3 3
# stats: dump at 1480615831
stats: users 1 4
stats: {freemem,"tsung_controller@ip-172-31-13-122"} 1 3158.49609375 0.0 3159.59375 3158.49609375 3159.59375 1
stats: {load,"tsung_controller@ip-172-31-13-122"} 1 0.01171875 0.0 0.01171875 0.01171875 0.01171875 1
stats: {recvpackets,"tsung_controller@ip-172-31-13-122"} 1 227 0 227 227 0 0
stats: {sentpackets,"tsung_controller@ip-172-31-13-122"} 1 165 0 165 165 0 0
stats: {cpu,"tsung_controller@ip-172-31-13-122"} 1 2.549019607843137 0.0 3.1932908070365773 2.549019607843137 3.1932908070365773 1
stats: session 8 1230.5922546386719 794.6898089542068 5479.141845703125 273.14501953125 1911.2455357142858 7
stats: users_count 7 16
stats: finish_users_count 8 15
stats: request 7 7.372000558035714 0.1247302765398944 115.095947265625 7.160888671875 19.676350911458332 9
stats: connect 7 0.84521484375 0.061270889634758005 105.81689453125 0.738037109375 12.462212456597221 9
stats: page 7 7.372000558035714 0.1247302765398944 115.095947265625 7.160888671875 19.676350911458332 9
stats: 200 7 16
stats: size_rcv 172351 393951
stats: size_sent 980 2240
stats: connected -2 1
# stats: dump at 1480615841
stats: users 0 4
stats: {freemem,"tsung_controller@ip-172-31-13-122"} 1 3158.5390625 0.0 3159.59375 3158.49609375 3159.044921875 2
stats: {load,"tsung_controller@ip-172-31-13-122"} 1 0.01171875 0.0 0.01171875 0.01171875 0.01171875 2
stats: {recvpackets,"tsung_controller@ip-172-31-13-122"} 1 135.0 0.0 227 135 227.0 1
stats: {sentpackets,"tsung_controller@ip-172-31-13-122"} 1 86.0 0.0 165 86 165.0 1
stats: {cpu,"tsung_controller@ip-172-31-13-122"} 1 1.0848126232741617 0.0 3.1932908070365773 1.0848126232741617 2.871155207439857 2
stats: session 4 1814.8604736328125 781.342484366139 5479.141845703125 273.14501953125 1548.2304524739584 15
stats: users_count 3 19
stats: finish_users_count 4 19
stats: request 3 7.385579427083333 0.17323027059326035 115.095947265625 7.14697265625 14.293197631835938 16
stats: connect 3 0.7882486979166666 0.022330824070498034 105.81689453125 0.738037109375 7.3797760009765625 16
stats: page 3 7.385579427083333 0.17323027059326035 115.095947265625 7.14697265625 14.293197631835938 16
stats: 200 3 19
stats: size_rcv 73869 467820
stats: size_sent 420 2660
stats: connected -1 0
# stats: dump at 1480615851
stats: users 5 5
stats: {freemem,"tsung_controller@ip-172-31-13-122"} 1 3158.58203125 0.0 3159.59375 3158.49609375 3158.8763020833335 3
stats: {load,"tsung_controller@ip-172-31-13-122"} 1 0.01171875 0.0 0.01171875 0.01171875 0.01171875 3
stats: {recvpackets,"tsung_controller@ip-172-31-13-122"} 1 110.0 0.0 227 110 181.0 2
stats: {sentpackets,"tsung_controller@ip-172-31-13-122"} 1 84.0 0.0 165 84 125.5 2
stats: {cpu,"tsung_controller@ip-172-31-13-122"} 1 1.085883514313919 0.0 3.1932908070365773 1.0848126232741617 2.275707679384625 3
stats: session 11 2059.5757057883525 1503.9904468809111 5479.141845703125 107.14697265625 1604.3630885074012 19
stats: users_count 16 35
stats: finish_users_count 11 30
stats: request 13 7.456768329326923 0.33509507384850834 115.095947265625 7.14697265625 13.20252107319079 19
stats: connect 14 0.8227887834821429 0.16142134444701228 105.81689453125 0.6201171875 6.339008532072368 19
stats: page 13 7.456768329326923 0.33509507384850834 115.095947265625 7.14697265625 13.20252107319079 19
stats: 200 13 32
stats: size_rcv 320071 787891
stats: newphase 1 1
stats: size_sent 1960 4620
stats: connected 5 5
# stats: dump at 1480615861
stats: users 5 6
stats: {freemem,"tsung_controller@ip-172-31-13-122"} 1 3158.3203125 0.0 3159.59375 3158.3203125 3158.802734375 4
stats: {load,"tsung_controller@ip-172-31-13-122"} 1 0.01171875 0.0 0.01171875 0.01171875 0.01171875 4
stats: {recvpackets,"tsung_controller@ip-172-31-13-122"} 1 339.0 0.0 339 110 157.33333333333334 3
stats: {sentpackets,"tsung_controller@ip-172-31-13-122"} 1 248.0 0.0 248 84 111.66666666666667 3
stats: {cpu,"tsung_controller@ip-172-31-13-122"} 1 1.5763546798029555 0.0 3.1932908070365773 1.0848126232741617 1.9782516381169484 4
stats: session 23 1391.6931258491848 1325.6248078446567 6076.034912109375 42.07080078125 1771.2743815104166 30
stats: users_count 23 58
stats: finish_users_count 23 53
stats: request 26 7.2998046875 0.2351548547505946 115.095947265625 6.717041015625 10.868309020996094 32
stats: connect 25 0.774951171875 0.13707377523166936 105.81689453125 0.593017578125 3.998794093276515 33
stats: page 26 7.2998046875 0.2351548547505946 115.095947265625 6.717041015625 10.868309020996094 32
stats: 200 26 58
stats: size_rcv 640144 1428035
stats: newphase 0 1
stats: size_sent 3500 8120
stats: connected 1 6
# stats: dump at 1480615871
stats: users 2 8
stats: {freemem,"tsung_controller@ip-172-31-13-122"} 1 3157.984375 0.0 3159.59375 3157.984375 3158.70625 5
stats: {load,"tsung_controller@ip-172-31-13-122"} 1 0.01171875 0.0 0.01171875 0.01171875 0.01171875 5
stats: {recvpackets,"tsung_controller@ip-172-31-13-122"} 1 564.0 0.0 564 110 202.75 4
stats: {sentpackets,"tsung_controller@ip-172-31-13-122"} 1 408.0 0.0 408 84 145.75 4
stats: {cpu,"tsung_controller@ip-172-31-13-122"} 1 1.8700787401574805 0.0 3.1932908070365773 1.0848126232741617 1.8978722464541498 5
stats: session 27 2311.264964916088 1943.0867639222272 7854.177978515625 42.07080078125 1606.5504403744103 53
stats: users_count 24 82
stats: finish_users_count 27 80
stats: request 24 7.43487548828125 0.44414625346012415 115.095947265625 6.717041015625 9.268634664601294 58
stats: connect 24 0.7669474283854166 0.07794358860618714 105.81689453125 0.549072265625 2.6092066271551726 58
stats: page 24 7.43487548828125 0.44414625346012415 115.095947265625 6.717041015625 9.268634664601294 58
stats: 200 24 82
stats: size_rcv 590928 2018963
stats: newphase 0 1
stats: size_sent 3360 11480
stats: connected -4 2
# stats: dump at 1480615881
stats: users 6 8
stats: {freemem,"tsung_controller@ip-172-31-13-122"} 1 3157.87109375 0.0 3159.59375 3157.87109375 3158.5859375 6
stats: {load,"tsung_controller@ip-172-31-13-122"} 1 0.0 0.0 0.01171875 0.0 0.01171875 6
stats: {recvpackets,"tsung_controller@ip-172-31-13-122"} 1 480.0 0.0 564 110 275.0 5
stats: {sentpackets,"tsung_controller@ip-172-31-13-122"} 1 366.0 0.0 408 84 198.2 5
stats: {cpu,"tsung_controller@ip-172-31-13-122"} 1 1.6798418972332017 0.0 3.1932908070365773 1.0848126232741617 1.893239995404705 6
stats: session 25 1496.3069921875 1401.303214552443 7854.177978515625 39.049072265625 1844.3915924072267 80
stats: users_count 29 111
stats: finish_users_count 25 105
stats: request 29 7.429131869612069 0.7298759966135182 115.095947265625 6.703857421875 8.731924661775915 82
stats: connect 29 0.7516837284482759 0.14280686436120046 105.81689453125 0.51708984375 2.0700088128810976 82
stats: page 29 7.429131869612069 0.7298759966135182 115.095947265625 6.703857421875 8.731924661775915 82
stats: 200 29 111
stats: size_rcv 714061 2733024
stats: newphase 1 2
stats: size_sent 4060 15540
stats: connected 4 6
# stats: dump at 1480615891
stats: users 8 18
stats: {freemem,"tsung_controller@ip-172-31-13-122"} 1 3157.765625 0.0 3159.59375 3157.765625 3158.483816964286 7
stats: {load,"tsung_controller@ip-172-31-13-122"} 1 0.0 0.0 0.01171875 0.0 0.010044642857142858 7
stats: {recvpackets,"tsung_controller@ip-172-31-13-122"} 1 807.0 0.0 807 110 309.1666666666667 6
stats: {sentpackets,"tsung_controller@ip-172-31-13-122"} 1 578.0 0.0 578 84 226.16666666666666 6
stats: {cpu,"tsung_controller@ip-172-31-13-122"} 1 2.0710059171597637 0.0 3.1932908070365773 1.0848126232741617 1.8627545528087759 7
stats: session 41 1968.9890910823171 1787.9908494153922 7854.177978515625 14.052001953125 1761.514306640625 105
stats: users_count 43 154
stats: finish_users_count 41 146
stats: request 43 7.259351153706396 0.6358720754263198 115.095947265625 5.94189453125 8.391555373733109 111
stats: connect 43 0.7022165697674417 0.08876020357215708 105.81689453125 0.50390625 1.7255815385698199 111
stats: page 43 7.259351153706396 0.6358720754263198 115.095947265625 5.94189453125 8.391555373733109 111
stats: 200 43 154
stats: size_rcv 1058771 3791795
stats: newphase 0 2
stats: size_sent 6020 21560
stats: connected 3 9
# stats: dump at 1480615901
stats: users 4 18
stats: {freemem,"tsung_controller@ip-172-31-13-122"} 1 3157.3203125 0.0 3159.59375 3157.3203125 3158.39404296875 8
stats: {load,"tsung_controller@ip-172-31-13-122"} 1 0.0 0.0 0.01171875 0.0 0.0087890625 8
stats: {recvpackets,"tsung_controller@ip-172-31-13-122"} 1 911.0 0.0 911 110 380.2857142857143 7
stats: {sentpackets,"tsung_controller@ip-172-31-13-122"} 1 641.0 0.0 641 84 276.42857142857144 7
stats: {cpu,"tsung_controller@ip-172-31-13-122"} 1 2.0689655172413794 0.0 3.1932908070365773 1.0848126232741617 1.8887859733526495 8
stats: session 30 2576.8590169270833 2761.1905975057525 12314.135986328125 14.052001953125 1819.7777735043878 146
stats: users_count 26 180
stats: finish_users_count 30 176
stats: request 25 7.325703125 0.5845597609291929 115.095947265625 5.94189453125 8.075420429180195 154
stats: connect 25 0.726005859375 0.08894850867974177 105.81689453125 0.50390625 1.4398367745535714 154
stats: page 25 7.325703125 0.5845597609291929 115.095947265625 5.94189453125 8.075420429180195 154
stats: 200 25 179
stats: size_rcv 615581 4407376
stats: newphase 0 2
stats: size_sent 3500 25060
stats: connected -6 3
# stats: dump at 1480615911
stats: users 20 22
stats: {freemem,"tsung_controller@ip-172-31-13-122"} 1 3157.171875 0.0 3159.59375 3157.171875 3158.2747395833335 9
stats: {load,"tsung_controller@ip-172-31-13-122"} 1 0.0 0.0 0.01171875 0.0 0.0078125 9
stats: {recvpackets,"tsung_controller@ip-172-31-13-122"} 1 554.0 0.0 911 110 446.625 8
stats: {sentpackets,"tsung_controller@ip-172-31-13-122"} 1 377.0 0.0 641 84 322.0 8
stats: {cpu,"tsung_controller@ip-172-31-13-122"} 1 1.8737672583826428 0.0 3.1932908070365773 1.0848126232741617 1.9088059226736196 9
stats: session 46 1628.204048488451 1461.7046865197397 12314.135986328125 14.052001953125 1948.8257127241654 176
stats: users_count 62 242
stats: finish_users_count 46 222
stats: request 62 7.29228751890121 0.6039803320206458 115.095947265625 5.94189453125 7.970711308484637 179
stats: connect 62 0.7123157132056451 0.11716616936249759 105.81689453125 0.50390625 1.3401397193610336 179
stats: page 62 7.29228751890121 0.6039803320206458 115.095947265625 5.94189453125 7.970711308484637 179
stats: 200 62 241
stats: size_rcv 1526655 5934031
stats: newphase 1 3
stats: size_sent 8680 33740
stats: connected 18 21
# stats: dump at 1480615921
stats: users 14 24
stats: {freemem,"tsung_controller@ip-172-31-13-122"} 1 3156.8046875 0.0 3159.59375 3156.8046875 3158.164453125 10
stats: {load,"tsung_controller@ip-172-31-13-122"} 1 0.0 0.0 0.01171875 0.0 0.00703125 10
stats: {recvpackets,"tsung_controller@ip-172-31-13-122"} 1 1603.0 0.0 1603 110 458.55555555555554 9
stats: {sentpackets,"tsung_controller@ip-172-31-13-122"} 1 1149.0 0.0 1149 84 328.1111111111111 9
stats: {cpu,"tsung_controller@ip-172-31-13-122"} 1 3.054187192118227 0.0 3.1932908070365773 1.0848126232741617 1.905302056244522 10
stats: session 79 2116.619004647943 1808.3995604090328 12314.135986328125 14.052001953125 1882.390593107756 222
stats: users_count 73 315
stats: finish_users_count 79 301
stats: request 74 7.09973804370777 0.29995549174381475 115.095947265625 5.94189453125 7.796179047264004 241
stats: connect 74 0.6914920291385136 0.08193961104957018 105.81689453125 0.50390625 1.1786248298106847 241
stats: page 74 7.09973804370777 0.29995549174381475 115.095947265625 5.94189453125 7.796179047264004 241
stats: 200 74 315
stats: size_rcv 1822091 7756122
stats: newphase 0 3
stats: size_sent 10360 44100
stats: connected -7 14
# stats: dump at 1480615931
stats: users 22 24
stats: {freemem,"tsung_controller@ip-172-31-13-122"} 1 3155.8203125 0.0 3159.59375 3155.8203125 3158.040838068182 11
stats: {load,"tsung_controller@ip-172-31-13-122"} 1 0.0 0.0 0.01171875 0.0 0.006392045454545455 11
stats: {recvpackets,"tsung_controller@ip-172-31-13-122"} 1 1638.0 0.0 1638 110 573.0 10
stats: {sentpackets,"tsung_controller@ip-172-31-13-122"} 1 1184.0 0.0 1184 84 410.2 10
stats: {cpu,"tsung_controller@ip-172-31-13-122"} 1 3.1620553359683794 0.0 3.1932908070365773 1.0848126232741617 2.009746159505768 11
stats: session 79 1983.4381706141219 2230.659947458728 12649.06103515625 14.052001953125 1943.8658240435527 301
stats: users_count 87 402
stats: finish_users_count 79 380
stats: request 85 7.2359288832720585 0.6347227175992639 115.095947265625 5.848876953125 7.6325706845238095 315
stats: connect 85 0.7330106847426471 0.16285033067475302 105.81689453125 0.50390625 1.0641872829861112 315
stats: page 85 7.2359288832720585 0.6347227175992639 115.095947265625 5.848876953125 7.6325706845238095 315
stats: 200 85 400
stats: size_rcv 2092932 9849054
stats: newphase 0 3
stats: size_sent 11900 56000
stats: connected 8 22
# stats: dump at 1480615941
stats: users 27 37
stats: {freemem,"tsung_controller@ip-172-31-13-122"} 1 3156.40625 0.0 3159.59375 3155.8203125 3157.8557942708335 12
stats: {load,"tsung_controller@ip-172-31-13-122"} 1 0.0 0.0 0.01171875 0.0 0.005859375 12
stats: {recvpackets,"tsung_controller@ip-172-31-13-122"} 1 1976.0 0.0 1976 110 669.8181818181819 11
stats: {sentpackets,"tsung_controller@ip-172-31-13-122"} 1 1436.0 0.0 1436 84 480.54545454545456 11
stats: {cpu,"tsung_controller@ip-172-31-13-122"} 1 3.7475345167652856 0.0 3.7475345167652856 1.0848126232741617 2.1057719242109854 12
stats: session 135 1858.382535807292 1712.5451464067 12649.06103515625 13.0400390625 1952.0927066200659 380
stats: users_count 140 542
stats: finish_users_count 135 515
stats: request 141 7.0801698941711 0.8925921040218585 115.095947265625 5.823974609375 7.548284301757812 400
stats: connect 141 0.6760496315381207 0.15786489584281618 105.81689453125 0.495849609375 0.9938122558593752 400
stats: page 141 7.0801698941711 0.8925921040218585 115.095947265625 5.823974609375 7.548284301757812 400
stats: 200 141 541
stats: size_rcv 3471858 13320912
stats: newphase 1 4
stats: size_sent 19740 75740
stats: connected 7 29
# stats: dump at 1480615951
stats: users 33 41
stats: {freemem,"tsung_controller@ip-172-31-13-122"} 1 3154.28515625 0.0 3159.59375 3154.28515625 3157.7442908653848 13
stats: {load,"tsung_controller@ip-172-31-13-122"} 1 0.0 0.0 0.01171875 0.0 0.005408653846153846 13
stats: {recvpackets,"tsung_controller@ip-172-31-13-122"} 1 3555.0 0.0 3555 110 778.6666666666666 12
stats: {sentpackets,"tsung_controller@ip-172-31-13-122"} 1 2567.0 0.0 2567 84 560.1666666666666 12
stats: {cpu,"tsung_controller@ip-172-31-13-122"} 1 5.615763546798029 0.0 5.615763546798029 1.0848126232741617 2.23206135440747 13
stats: session 161 2089.112582188956 1864.1051527903617 12649.06103515625 13.0400390625 1927.5279045623483 515
stats: users_count 167 709
stats: finish_users_count 161 676
stats: request 165 7.194304865056818 0.9168599239600193 115.095947265625 5.823974609375 7.426280361887708 541
stats: connect 165 0.6980616714015152 0.6262215542186113 105.81689453125 0.495849609375 0.9109942705926526 541
stats: page 165 7.194304865056818 0.9168599239600193 115.095947265625 5.823974609375 7.426280361887708 541
stats: 200 165 706
stats: size_rcv 4062794 17383706
stats: newphase 0 4
stats: size_sent 23100 98840
stats: connected 6 35
# stats: dump at 1480615961
stats: users 28 41
stats: {freemem,"tsung_controller@ip-172-31-13-122"} 1 3152.75390625 0.0 3159.59375 3152.75390625 3157.4972098214284 14
stats: {load,"tsung_controller@ip-172-31-13-122"} 1 0.0 0.0 0.01171875 0.0 0.005022321428571429 14
stats: {recvpackets,"tsung_controller@ip-172-31-13-122"} 1 3584.0 0.0 3584 110 992.2307692307693 13
stats: {sentpackets,"tsung_controller@ip-172-31-13-122"} 1 2621.0 0.0 2621 84 714.5384615384615 13
stats: {cpu,"tsung_controller@ip-172-31-13-122"} 1 5.88235294117647 0.0 5.88235294117647 1.0848126232741617 2.4737543681496525 14
stats: session 152 1862.7035410027754 1738.2725829240126 12649.06103515625 13.0400390625 1966.01182926336 676
stats: users_count 147 856
stats: finish_users_count 152 828
stats: request 146 7.176033751605308 0.728777555341223 115.095947265625 5.823974609375 7.372065125376239 706
stats: connect 146 0.6686610391695205 0.09669511619370585 105.81689453125 0.495849609375 0.8612295696485484 706
stats: page 146 7.176033751605308 0.728777555341223 115.095947265625 5.823974609375 7.372065125376239 706
stats: 200 146 852
stats: size_rcv 3594960 20978666
stats: newphase 0 4
stats: size_sent 20440 119280
stats: connected -7 28
# stats: dump at 1480615971
stats: users 74 75
stats: {freemem,"tsung_controller@ip-172-31-13-122"} 1 3153.06640625 0.0 3159.59375 3152.75390625 3157.1809895833335 15
stats: {load,"tsung_controller@ip-172-31-13-122"} 1 0.0 0.0 0.01171875 0.0 0.0046875 15
stats: {recvpackets,"tsung_controller@ip-172-31-13-122"} 1 3388.0 0.0 3584 110 1177.357142857143 14
stats: {sentpackets,"tsung_controller@ip-172-31-13-122"} 1 2531.0 0.0 2621 84 850.7142857142857 14
stats: {cpu,"tsung_controller@ip-172-31-13-122"} 1 5.986261040235525 0.0 5.986261040235525 1.0848126232741617 2.700994273018107 15
stats: session 231 1596.2033395478218 1566.3312587779965 12649.06103515625 13.0400390625 1947.0470227227695 828
stats: users_count 277 1133
stats: finish_users_count 231 1059
stats: request 275 7.184998224431818 1.0752010539707981 115.095947265625 5.72705078125 7.338472894659624 852
stats: connect 275 0.659016335227273 0.350721895081746 105.81689453125 0.4931640625 0.8282307369608276 852
stats: page 275 7.184998224431818 1.0752010539707981 115.095947265625 5.72705078125 7.338472894659624 852
stats: 200 275 1127
stats: size_rcv 6771366 27750032
stats: newphase 1 5
stats: size_sent 38500 157780
stats: connected 42 70
# stats: dump at 1480615981
stats: users 63 76
stats: {freemem,"tsung_controller@ip-172-31-13-122"} 1 3149.3828125 0.0 3159.59375 3149.3828125 3156.923828125 16
stats: {load,"tsung_controller@ip-172-31-13-122"} 1 0.0 0.0 0.01171875 0.0 0.00439453125 16
stats: {recvpackets,"tsung_controller@ip-172-31-13-122"} 1 7007.0 0.0 7007 110 1324.7333333333333 15
stats: {sentpackets,"tsung_controller@ip-172-31-13-122"} 1 4977.0 0.0 4977 84 962.7333333333333 15
stats: {cpu,"tsung_controller@ip-172-31-13-122"} 1 10.097087378640776 0.0 10.097087378640776 1.0848126232741617 2.906323445969196 16
stats: session 336 1957.4185195196246 1835.5578847565248 12649.06103515625 13.0400390625 1870.5173807837582 1059
stats: users_count 325 1458
stats: finish_users_count 336 1395
stats: request 331 7.12211087967334 0.9383705641588654 115.095947265625 5.72705078125 7.30102344096606 1127
stats: connect 331 0.621924270675982 0.10352299498492135 105.81689453125 0.47900390625 0.7869406211873339 1127
stats: page 331 7.12211087967334 0.9383705641588654 115.095947265625 5.72705078125 7.30102344096606 1127
stats: 200 331 1458
stats: size_rcv 8150159 35900191
stats: newphase 0 5
stats: size_sent 46340 204120
stats: connected 2 72
# stats: dump at 1480615991
stats: users 50 84
stats: {freemem,"tsung_controller@ip-172-31-13-122"} 1 3148.03515625 0.0 3159.59375 3148.03515625 3156.4802389705883 17
stats: {load,"tsung_controller@ip-172-31-13-122"} 1 0.0 0.0 0.01171875 0.0 0.004136029411764706 17
stats: {recvpackets,"tsung_controller@ip-172-31-13-122"} 1 7492.0 0.0 7492 110 1679.875 16
stats: {sentpackets,"tsung_controller@ip-172-31-13-122"} 1 5387.0 0.0 5387 84 1213.625 16
stats: {cpu,"tsung_controller@ip-172-31-13-122"} 1 11.295034079844205 0.0 11.295034079844205 1.0848126232741617 3.329309559655759 17
stats: session 342 2053.2661489743236 2050.8019815605735 12649.06103515625 13.0400390625 1891.4484077480959 1395
stats: users_count 329 1787
stats: finish_users_count 342 1737
stats: request 328 7.211308921255717 1.9343925522367214 115.095947265625 5.72705078125 7.260406117380401 1458
stats: connect 328 0.6384121034203505 0.08889771584114571 105.81689453125 0.47900390625 0.7494780615033437 1458
stats: page 328 7.211308921255717 1.9343925522367214 115.095947265625 5.72705078125 7.260406117380401 1458
stats: 200 328 1786
stats: size_rcv 8076363 43976554
stats: newphase 0 5
stats: size_sent 45920 250040
stats: connected -20 52
# stats: dump at 1480616001
stats: users 132 134
stats: {freemem,"tsung_controller@ip-172-31-13-122"} 1 3146.65625 0.0 3159.59375 3146.65625 3156.0110677083335 18
stats: {load,"tsung_controller@ip-172-31-13-122"} 1 0.0 0.0 0.01171875 0.0 0.00390625 18
stats: {recvpackets,"tsung_controller@ip-172-31-13-122"} 1 7504.0 0.0 7504 110 2021.764705882353 17
stats: {sentpackets,"tsung_controller@ip-172-31-13-122"} 1 5324.0 0.0 5387 84 1459.1176470588234 17
stats: {cpu,"tsung_controller@ip-172-31-13-122"} 1 11.445198836081474 0.0 11.445198836081474 1.0848126232741617 3.771849810777339 18
stats: session 465 1677.3067692582326 1606.0840376338322 12649.06103515625 12.06396484375 1923.3088956579231 1737
stats: users_count 547 2334
stats: finish_users_count 465 2202
stats: request 545 9.976531590452982 16.86051975598597 175.053955078125 5.65087890625 7.251389387073068 1786
stats: connect 545 2.4211188360091738 12.529851432755638 144.1201171875 0.47314453125 0.7290807298957168 1786
stats: page 545 9.976531590452982 16.86051975598597 175.053955078125 5.65087890625 7.251389387073068 1786
stats: 200 545 2331
stats: size_rcv 13419730 57396284
stats: newphase 1 6
stats: size_sent 76300 326340
stats: connected 79 131
# stats: dump at 1480616011
stats: users 133 157
stats: {freemem,"tsung_controller@ip-172-31-13-122"} 1 3138.65234375 0.0 3159.59375 3138.65234375 3155.5187088815787 19
stats: {load,"tsung_controller@ip-172-31-13-122"} 1 0.16015625 0.0 0.16015625 0.0 0.003700657894736842 19
stats: {recvpackets,"tsung_controller@ip-172-31-13-122"} 1 13818.0 0.0 13818 110 2326.3333333333335 18
stats: {sentpackets,"tsung_controller@ip-172-31-13-122"} 1 10010.0 0.0 10010 84 1673.8333333333333 18
stats: {cpu,"tsung_controller@ip-172-31-13-122"} 1 18.761904761904763 0.0 18.761904761904763 1.0848126232741617 4.175710285793346 19
stats: session 637 2144.195031182545 1991.3794800444716 12649.06103515625 10.0458984375 1871.3602177397324 2202
stats: users_count 638 2972
stats: finish_users_count 637 2839
stats: request 639 7.381594089275233 1.7048570287819929 175.053955078125 5.65087890625 7.888541897086819 2331
stats: connect 640 0.6553627014160163 0.33746209898198987 144.1201171875 0.47314453125 1.1246880949029388 2331
stats: page 639 7.381594089275233 1.7048570287819929 175.053955078125 5.65087890625 7.888541897086819 2331
stats: 200 639 2970
stats: size_rcv 15734276 73130560
stats: newphase 0 6
stats: size_sent 89600 415940
stats: connected 1 132
# stats: dump at 1480616021
stats: users 111 157
stats: {freemem,"tsung_controller@ip-172-31-13-122"} 1 3135.51171875 0.0 3159.59375 3135.51171875 3154.6753906249996 20
stats: {load,"tsung_controller@ip-172-31-13-122"} 1 0.140625 0.0 0.16015625 0.0 0.0115234375 20
stats: {recvpackets,"tsung_controller@ip-172-31-13-122"} 1 14670.0 0.0 14670 110 2931.157894736842 19
stats: {sentpackets,"tsung_controller@ip-172-31-13-122"} 1 10859.0 0.0 10859 84 2112.5789473684213 19
stats: {cpu,"tsung_controller@ip-172-31-13-122"} 1 18.86429258902791 0.0 18.86429258902791 1.0848126232741617 4.905020009598917 20
stats: session 631 2022.4667229750637 1954.2863841889598 13706.9091796875 10.0458984375 1932.5774689419416 2839
stats: users_count 609 3581
stats: finish_users_count 631 3470
stats: request 611 7.29469371739464 1.4970261198338979 175.053955078125 5.65087890625 7.7794713081334175 2970
stats: connect 610 0.6596699699026638 0.439704731823201 144.1201171875 0.47314453125 1.0235880437983846 2971
stats: page 611 7.29469371739464 1.4970261198338979 175.053955078125 5.65087890625 7.7794713081334175 2970
stats: 200 611 3581
stats: size_rcv 15045082 88175642
stats: newphase 0 6
stats: size_sent 85400 501340
stats: connected -20 112
# stats: dump at 1480616031
stats: users 241 266
stats: {freemem,"tsung_controller@ip-172-31-13-122"} 1 3133.7421875 0.0 3159.59375 3133.7421875 3153.7628348214284 21
stats: {load,"tsung_controller@ip-172-31-13-122"} 1 0.12109375 0.0 0.16015625 0.0 0.017671130952380952 21
stats: {recvpackets,"tsung_controller@ip-172-31-13-122"} 1 14958.0 0.0 14958 110 3518.1 20
stats: {sentpackets,"tsung_controller@ip-172-31-13-122"} 1 10660.0 0.0 10859 84 2549.9000000000005 20
stats: {cpu,"tsung_controller@ip-172-31-13-122"} 1 20.0 0.0 20.0 1.0848126232741617 5.569747275286012 21
stats: session 954 1727.23247689621 1805.3871474373577 18968.088134765625 10.0458984375 1948.9233246465237 3470
stats: users_count 1084 4665
stats: finish_users_count 954 4424
stats: request 1036 7.670586898980456 2.7396915873482874 175.053955078125 5.65087890625 7.696757231634844 3581
stats: connect 1036 0.7161068713803092 0.8599069590044152 144.1201171875 0.47314453125 0.961596972847145 3581
stats: page 1036 7.670586898980456 2.7396915873482874 175.053955078125 5.65087890625 7.696757231634844 3581
stats: 200 1036 4617
stats: size_rcv 25510119 113685761
stats: newphase 1 7
stats: size_sent 145040 646380
stats: connected 145 257
# stats: dump at 1480616041
stats: users 239 266
stats: {freemem,"tsung_controller@ip-172-31-13-122"} 1 3120.8671875 0.0 3159.59375 3120.8671875 3152.8528053977275 22
stats: {load,"tsung_controller@ip-172-31-13-122"} 1 0.1796875 0.0 0.1796875 0.0 0.022372159090909092 22
stats: {recvpackets,"tsung_controller@ip-172-31-13-122"} 1 26344.0 0.0 26344 110 4062.8571428571427 21
stats: {sentpackets,"tsung_controller@ip-172-31-13-122"} 1 18707.0 0.0 18707 84 2936.095238095239 21
stats: {cpu,"tsung_controller@ip-172-31-13-122"} 1 30.64066852367688 0.0 30.64066852367688 1.0848126232741617 6.225667853682102 22
stats: session 1190 2058.0543670397865 2075.2509713345385 18968.088134765625 10.0400390625 1901.1174772790284 4424
stats: users_count 1188 5853
stats: finish_users_count 1190 5614
stats: request 1180 7.3592127913135625 1.61754832044341 175.053955078125 5.65087890625 7.690884919607565 4617
stats: connect 1182 0.6514969001163282 0.5595323094086303 144.1201171875 0.47314453125 0.9065119078439735 4617
stats: page 1180 7.3592127913135625 1.61754832044341 175.053955078125 5.65087890625 7.690884919607565 4617
stats: 200 1180 5797
stats: size_rcv 29055888 142741649
stats: newphase 0 7
stats: size_sent 165480 811860
stats: connected -15 242
# stats: dump at 1480616051
stats: users 235 266
stats: {freemem,"tsung_controller@ip-172-31-13-122"} 1 3119.6015625 0.0 3159.59375 3119.6015625 3151.4621263586955 23
stats: {load,"tsung_controller@ip-172-31-13-122"} 1 0.23046875 0.0 0.23046875 0.0 0.029211956521739132 23
stats: {recvpackets,"tsung_controller@ip-172-31-13-122"} 1 25946.0 0.0 26344 110 5075.636363636364 22
stats: {sentpackets,"tsung_controller@ip-172-31-13-122"} 1 18783.0 0.0 18783 84 3652.954545454547 22
stats: {cpu,"tsung_controller@ip-172-31-13-122"} 1 30.61611374407583 0.0 30.64066852367688 1.0848126232741617 7.287189621942745 23
stats: session 1166 1957.7950638367013 1924.8936310317374 18968.088134765625 10.0400390625 1934.3834015425307 5614
stats: users_count 1162 7015
stats: finish_users_count 1166 6780
stats: request 1160 7.517994637324892 1.6901310589820913 175.053955078125 5.65087890625 7.623371876415064 5797
stats: connect 1158 0.6633041460897023 0.4943827826745853 144.1201171875 0.47314453125 0.8545326460515823 5799
stats: page 1160 7.517994637324892 1.6901310589820913 175.053955078125 5.65087890625 7.623371876415064 5797
stats: 200 1160 6957
stats: size_rcv 28563583 171305232
stats: newphase 0 7
stats: size_sent 162120 973980
stats: connected -6 236
# stats: dump at 1480616061
stats: users 471 507
stats: {freemem,"tsung_controller@ip-172-31-13-122"} 1 3099.859375 0.0 3159.59375 3099.859375 3150.1346028645835 24
stats: {load,"tsung_controller@ip-172-31-13-122"} 1 0.3515625 0.0 0.3515625 0.0 0.03759765625 24
stats: {recvpackets,"tsung_controller@ip-172-31-13-122"} 1 30051.0 0.0 30051 110 5983.04347826087 23
stats: {sentpackets,"tsung_controller@ip-172-31-13-122"} 1 21113.0 0.0 21113 84 4310.782608695654 23
stats: {cpu,"tsung_controller@ip-172-31-13-122"} 1 34.64711274060495 0.0 34.64711274060495 1.0848126232741617 8.259228127031623 24
stats: session 1902 1781.8933833269668 1711.3070128057943 18968.088134765625 10.0400390625 1938.4096549695223 6780
stats: users_count 2138 9153
stats: finish_users_count 1902 8682
stats: request 2086 9.055000575825455 3.757460683249689 175.053955078125 5.65087890625 7.605801429764985 6957
stats: connect 2086 0.8049297680219321 1.2165870291986038 144.1201171875 0.472900390625 0.822702460201955 6957
stats: page 2086 9.055000575825455 3.757460683249689 175.053955078125 5.65087890625 7.605801429764985 6957
stats: 200 2086 9043
stats: size_rcv 51365581 222670813
stats: newphase 1 8
stats: size_sent 292040 1266020
stats: connected 233 469
# stats: dump at 1480616071
stats: users 476 507
stats: {freemem,"tsung_controller@ip-172-31-13-122"} 1 3073.93359375 0.0 3159.59375 3073.93359375 3148.12359375 25
stats: {load,"tsung_controller@ip-172-31-13-122"} 1 0.37109375 0.0 0.37109375 0.0 0.05015625 25
stats: {recvpackets,"tsung_controller@ip-172-31-13-122"} 1 50612.0 0.0 50612 110 6985.875 24
stats: {sentpackets,"tsung_controller@ip-172-31-13-122"} 1 35011.0 0.0 35011 84 5010.875000000002 24
stats: {cpu,"tsung_controller@ip-172-31-13-122"} 1 45.938628158844764 0.0 45.938628158844764 1.0848126232741617 9.314743511574557 25
stats: session 2286 2052.1796473438885 2051.0206163335847 18968.088134765625 10.0400390625 1904.121017712653 8682
stats: users_count 2291 11444
stats: finish_users_count 2286 10968
stats: request 2309 9.369176468946236 3.675280971130413 175.053955078125 5.65087890625 7.940096400314818 9043
stats: connect 2312 0.7782300269314986 0.9051019791654388 144.1201171875 0.47216796875 0.8186027326903407 9043
stats: page 2309 9.369176468946236 3.675280971130413 175.053955078125 5.65087890625 7.940096400314818 9043
stats: 200 2309 11352
stats: size_rcv 56856470 279527283
stats: newphase 0 8
stats: size_sent 323680 1589700
stats: connected 9 478
# stats: dump at 1480616081
stats: users 460 507
stats: {freemem,"tsung_controller@ip-172-31-13-122"} 1 3061.3203125 0.0 3159.59375 3061.3203125 3145.2701322115386 26
stats: {load,"tsung_controller@ip-172-31-13-122"} 1 0.390625 0.0 0.390625 0.0 0.0625 26
stats: {recvpackets,"tsung_controller@ip-172-31-13-122"} 1 51971.0 0.0 51971 110 8730.92 25
stats: {sentpackets,"tsung_controller@ip-172-31-13-122"} 1 34943.0 0.0 35011 84 6210.880000000002 25
stats: {cpu,"tsung_controller@ip-172-31-13-122"} 1 46.89165186500888 0.0 46.89165186500888 1.0848126232741617 10.723354459546488 26
stats: session 2380 1995.9765758354122 1891.4700397348072 20367.153076171875 10.0400390625 1934.9800646981566 10968
stats: users_count 2364 13808
stats: finish_users_count 2380 13348
stats: request 2361 9.73946400326929 4.190387448026637 175.053955078125 5.65087890625 8.230771689115906 11352
stats: connect 2359 0.8343634708496714 1.332516071210053 144.1201171875 0.47216796875 0.8103824160268054 11355
stats: page 2361 9.73946400326929 4.190387448026637 175.053955078125 5.65087890625 8.230771689115906 11352
stats: 200 2362 13714
stats: size_rcv 58137336 337664619
stats: newphase 0 8
stats: size_sent 330260 1919960
stats: connected -27 451
# stats: dump at 1480616091
stats: users 737 741
stats: {freemem,"tsung_controller@ip-172-31-13-122"} 1 3003.125 0.0 3159.59375 3003.125 3142.1608796296296 27
stats: {load,"tsung_controller@ip-172-31-13-122"} 1 0.41015625 0.0 0.41015625 0.0 0.07465277777777778 27
stats: {recvpackets,"tsung_controller@ip-172-31-13-122"} 1 58097.0 0.0 58097 110 10394.0 26
stats: {sentpackets,"tsung_controller@ip-172-31-13-122"} 1 38177.0 0.0 38177 84 7315.961538461541 26
stats: {cpu,"tsung_controller@ip-172-31-13-122"} 1 48.06866952789699 0.0 48.06866952789699 1.0848126232741617 12.06292103011917 27
stats: session 3033 1819.8536282371788 1836.0803022019998 20367.153076171875 10.0400390625 1945.8559784310505 13348
stats: users_count 3310 17118
stats: finish_users_count 3033 16381
stats: request 3269 15.407163081456485 7.032927094473391 175.053955078125 5.65087890625 8.49052685237093 13713
stats: connect 3281 1.3627746637839062 2.310074627685682 144.1201171875 0.4619140625 0.8145074931981005 13714
stats: page 3269 15.407163081456485 7.032927094473391 175.053955078125 5.65087890625 8.49052685237093 13713
stats: 200 3269 16983
stats: size_rcv 80493891 418158510
stats: newphase 1 9
stats: size_sent 459340 2379300
stats: connected 269 720
# stats: dump at 1480616101
stats: users 705 757
stats: {freemem,"tsung_controller@ip-172-31-13-122"} 1 2950.54296875 0.0 3159.59375 2950.54296875 3137.1953125 28
stats: {load,"tsung_controller@ip-172-31-13-122"} 1 0.5 0.0 0.5 0.0 0.08663504464285714 28
stats: {recvpackets,"tsung_controller@ip-172-31-13-122"} 1 77271.0 0.0 77271 110 12160.777777777777 27
stats: {sentpackets,"tsung_controller@ip-172-31-13-122"} 1 42774.0 0.0 42774 84 8458.962962962965 27
stats: {cpu,"tsung_controller@ip-172-31-13-122"} 1 50.0 0.0 50.0 1.0848126232741617 13.34884061932552 28
stats: session 3503 2045.7357042178128 1973.3049591104811 20367.153076171875 10.0400390625 1922.526198311521 16381
stats: users_count 3471 20589
stats: finish_users_count 3503 19884
stats: request 3492 16.200807132262167 6.693797506903844 175.053955078125 5.65087890625 9.821965071242717 16982
stats: connect 3484 1.6436490782640285 2.848002258811357 144.1201171875 0.4619140625 0.9203541885021328 16995
stats: page 3492 16.200807132262167 6.693797506903844 175.053955078125 5.65087890625 9.821965071242717 16982
stats: 200 3491 20474
stats: size_rcv 85986459 504144969
stats: newphase 0 9
stats: size_sent 487760 2867060
stats: connected -25 695
# stats: dump at 1480616111
stats: users 682 757
stats: {freemem,"tsung_controller@ip-172-31-13-122"} 1 2936.2890625 0.0 3159.59375 2936.2890625 3130.759024784483 29
stats: {load,"tsung_controller@ip-172-31-13-122"} 1 0.578125 0.0 0.578125 0.0 0.10088900862068965 29
stats: {recvpackets,"tsung_controller@ip-172-31-13-122"} 1 75252.0 0.0 77271 110 14486.142857142857 28
stats: {sentpackets,"tsung_controller@ip-172-31-13-122"} 1 41469.0 0.0 42774 84 9684.500000000002 28
stats: {cpu,"tsung_controller@ip-172-31-13-122"} 1 49.680511182108624 0.0 50.0 1.0848126232741617 14.612673701417744 29
stats: session 3463 1993.2708642592224 1956.416616648445 20367.153076171875 10.0400390625 1944.2322383029584 19884
stats: users_count 3440 24029
stats: finish_users_count 3463 23347
stats: request 3454 16.64951718964879 6.978658950985577 175.053955078125 5.65087890625 10.909926215966752 20474
stats: connect 3457 1.7353288928035508 3.209689601930984 144.1201171875 0.4619140625 1.043405089226311 20479
stats: page 3454 16.64951718964879 6.978658950985577 175.053955078125 5.65087890625 10.909926215966752 20474
stats: 200 3454 23928
stats: size_rcv 85050572 589195541
stats: newphase 0 9
stats: size_sent 483980 3351040
stats: connected -28 667
# stats: dump at 1480616121
stats: users 11 757
stats: {freemem,"tsung_controller@ip-172-31-13-122"} 1 2936.34765625 0.0 3159.59375 2936.2890625 3124.2766927083335 30
stats: {load,"tsung_controller@ip-172-31-13-122"} 1 0.55859375 0.0 0.578125 0.0 0.116796875 30
stats: {recvpackets,"tsung_controller@ip-172-31-13-122"} 1 57846.0 0.0 77271 110 16581.51724137931 29
stats: {sentpackets,"tsung_controller@ip-172-31-13-122"} 1 32256.0 0.0 42774 84 10780.517241379312 29
stats: {cpu,"tsung_controller@ip-172-31-13-122"} 1 43.44885883347422 0.0 50.0 1.0848126232741617 15.781601617440773 30
stats: session 1385 2944.148601083036 2483.1776154767927 20367.153076171875 10.0400390625 1951.5060105943253 23347
stats: users_count 714 24743
stats: finish_users_count 1385 24732
stats: request 815 16.085969552818234 5.689144104718407 175.053955078125 5.65087890625 11.738434541906981 23928
stats: connect 807 1.4952327534464054 2.388807267627322 144.1201171875 0.4619140625 1.1433374333509148 23936
stats: page 815 16.085969552818234 5.689144104718407 175.053955078125 5.65087890625 11.738434541906981 23928
stats: 200 815 24743
stats: size_rcv 20068472 609264013
stats: newphase 0 9
stats: size_sent 112980 3464020
stats: connected -655 12
# stats: dump at 1480616129
stats: users 0 757
stats: {freemem,"tsung_controller@ip-172-31-13-122"} 1 3013.1171875 0.0 3159.59375 2936.2890625 3118.2144657258063 31
stats: {load,"tsung_controller@ip-172-31-13-122"} 1 0.48046875 0.0 0.578125 0.0 0.1310483870967742 31
stats: {recvpackets,"tsung_controller@ip-172-31-13-122"} 1 358.0 0.0 77271 110 17957.0 30
stats: {sentpackets,"tsung_controller@ip-172-31-13-122"} 1 546.0 0.0 42774 84 11496.366666666669 30
stats: {cpu,"tsung_controller@ip-172-31-13-122"} 1 2.5691699604743086 0.0 50.0 1.0848126232741617 16.674093785699917 31
stats: session 11 12647.708806818182 2332.6835545032 20367.153076171875 10.0400390625 2007.0943167493822 24732
stats: users_count 0 24743
stats: finish_users_count 11 24743
stats: request 0 0 0 175.053955078125 5.65087890625 11.881636297308212 24743
stats: connect 0 0 0 144.1201171875 0.4619140625 1.154814599552146 24743
stats: page 0 0 0 175.053955078125 5.65087890625 11.881636297308212 24743
stats: 200 0 24743
stats: size_rcv 0 609264013
stats: newphase 0 9
stats: size_sent 0 3464020
stats: connected -12 0
EndMonitor:{1480,616129,422722}
