# stats: dump at 1480596482
stats: users 11 11
stats: {freemem,"tsung_controller@ip-172-31-13-122"} 1 3160.46484375 0 3160.46484375 3160.46484375 0 0
stats: {load,"tsung_controller@ip-172-31-13-122"} 1 0.0 0 0.0 0.0 0 0
stats: {cpu,"tsung_controller@ip-172-31-13-122"} 1 1.7859702932014963 0 1.7859702932014963 1.7859702932014963 0 0
stats: users_count 11 11
stats: finish_users_count 0 0
stats: request 28 180.15006801060267 296.85586905121045 1306.779052734375 5.9599609375 0 0
stats: connect 11 11.06103515625 32.40709433747757 113.5400390625 0.6220703125 0 0
stats: page 28 180.15006801060267 296.85586905121045 1306.779052734375 5.9599609375 0 0
stats: 200 28 28
stats: size_rcv 3090469 3090469
stats: size_sent 11795 11795
stats: connected 11 11
# stats: dump at 1480596492
stats: users 22 22
stats: {freemem,"tsung_controller@ip-172-31-13-122"} 1 3159.625 0.0 3160.46484375 3159.625 3160.46484375 1
stats: {load,"tsung_controller@ip-172-31-13-122"} 1 0.0 0.0 0.0 0.0 0.0 1
stats: {recvpackets,"tsung_controller@ip-172-31-13-122"} 1 3050 0 3050 3050 0 0
stats: {sentpackets,"tsung_controller@ip-172-31-13-122"} 1 1353 0 1353 1353 0 0
stats: {cpu,"tsung_controller@ip-172-31-13-122"} 1 3.996101364522417 0.0 3.996101364522417 1.7859702932014963 1.7859702932014963 1
stats: users_count 11 22
stats: finish_users_count 0 0
stats: request 10 155.058642578125 99.73468034102578 1306.779052734375 5.9599609375 180.15006801060267 28
stats: connect 10 0.790771484375 0.06686966705449311 113.5400390625 0.6220703125 11.06103515625 11
stats: page 10 155.058642578125 99.73468034102578 1306.779052734375 5.9599609375 180.15006801060267 28
stats: 200 10 38
stats: size_rcv 1432507 4522976
stats: size_sent 8850 20645
stats: connected 10 21
# stats: dump at 1480596502
stats: users 29 29
stats: {freemem,"tsung_controller@ip-172-31-13-122"} 1 3159.79296875 0.0 3160.46484375 3159.625 3160.044921875 2
stats: {load,"tsung_controller@ip-172-31-13-122"} 1 0.078125 0.0 0.078125 0.0 0.0 2
stats: {recvpackets,"tsung_controller@ip-172-31-13-122"} 1 219.0 0.0 3050 219 3050.0 1
stats: {sentpackets,"tsung_controller@ip-172-31-13-122"} 1 137.0 0.0 1353 137 1353.0 1
stats: {cpu,"tsung_controller@ip-172-31-13-122"} 1 1.3806706114398422 0.0 3.996101364522417 1.3806706114398422 2.8910358288619564 2
stats: users_count 7 29
stats: finish_users_count 0 0
stats: request 6 15744.305501302084 2627.860972195489 21288.850830078125 5.9599609375 173.5470613178454 38
stats: connect 8 0.77984619140625 0.0331048633441314 113.5400390625 0.6220703125 6.170433407738095 21
stats: page 6 15744.305501302084 2627.860972195489 21288.850830078125 5.9599609375 173.5470613178454 38
stats: 200 6 44
stats: size_rcv 1809115 6332091
stats: size_sent 2591 23236
stats: connected 8 29
# stats: dump at 1480596512
stats: users 47 47
stats: {freemem,"tsung_controller@ip-172-31-13-122"} 1 3159.55078125 0.0 3160.46484375 3159.55078125 3159.9609375 3
stats: {load,"tsung_controller@ip-172-31-13-122"} 1 0.1484375 0.0 0.1484375 0.0 0.026041666666666668 3
stats: {recvpackets,"tsung_controller@ip-172-31-13-122"} 1 1277.0 0.0 3050 219 1634.5 2
stats: {sentpackets,"tsung_controller@ip-172-31-13-122"} 1 334.0 0.0 1353 137 745.0 2
stats: {cpu,"tsung_controller@ip-172-31-13-122"} 1 1.2845849802371543 0.0 3.996101364522417 1.2845849802371543 2.3875807563879183 3
stats: users_count 18 47
stats: finish_users_count 0 0
stats: request 96 4223.409609476726 5956.172935524666 26419.1650390625 5.9599609375 2296.8323031338778 44
stats: connect 17 0.7208180147058824 0.05562361706346828 113.5400390625 0.597900390625 4.683374865301724 29
stats: page 95 4267.868616365134 5976.3744924326065 26419.1650390625 5.9599609375 2296.8323031338778 44
stats: 302 1 1
stats: 200 95 139
stats: size_rcv 11372861 17704952
stats: newphase 1 1
stats: size_sent 41827 65063
stats: connected 17 46
stats: 500 1 1
# stats: dump at 1480596522
stats: users 73 73
stats: {freemem,"tsung_controller@ip-172-31-13-122"} 1 3156.41015625 0.0 3160.46484375 3156.41015625 3159.8583984375 4
stats: {load,"tsung_controller@ip-172-31-13-122"} 1 0.12890625 0.0 0.1484375 0.0 0.056640625 4
stats: {recvpackets,"tsung_controller@ip-172-31-13-122"} 1 8164.0 0.0 8164 219 1515.3333333333333 3
stats: {sentpackets,"tsung_controller@ip-172-31-13-122"} 1 3695.0 0.0 3695 137 608.0 3
stats: {cpu,"tsung_controller@ip-172-31-13-122"} 1 3.9292730844793713 0.0 3.996101364522417 1.2845849802371543 2.1118318123502275 4
stats: users_count 26 73
stats: finish_users_count 0 0
stats: request 15 11537.557828776042 6563.431821423655 34963.216064453125 5.9599609375 3617.913884626116 140
stats: connect 24 0.7376505533854166 0.1609732856078576 113.5400390625 0.529052734375 3.2189516813858696 46
stats: page 15 11537.557828776042 6563.431821423655 34963.216064453125 5.9599609375 3643.943452464592 139
stats: 302 0 1
stats: 200 14 153
stats: size_rcv 2947038 20651990
stats: newphase 0 1
stats: size_sent 15691 80754
stats: connected 24 70
stats: 500 0 1
# stats: dump at 1480596532
stats: users 90 90
stats: {freemem,"tsung_controller@ip-172-31-13-122"} 1 3155.68359375 0.0 3160.46484375 3155.68359375 3159.16875 5
stats: {load,"tsung_controller@ip-172-31-13-122"} 1 0.109375 0.0 0.1484375 0.0 0.07109375 5
stats: {recvpackets,"tsung_controller@ip-172-31-13-122"} 1 2380.0 0.0 8164 219 3177.5 4
stats: {sentpackets,"tsung_controller@ip-172-31-13-122"} 1 1142.0 0.0 3695 137 1379.75 4
stats: {cpu,"tsung_controller@ip-172-31-13-122"} 1 1.9762845849802373 0.0 3.996101364522417 1.2845849802371543 2.475320066776056 5
stats: users_count 17 90
stats: finish_users_count 0 0
stats: request 14 16345.363106863839 6944.527974997526 36866.89501953125 5.9599609375 4384.331040511593 155
stats: connect 20 0.76317138671875 0.05173123090954979 113.5400390625 0.529052734375 2.3682198660714286 70
stats: page 14 16345.363106863839 6944.527974997526 36866.89501953125 5.9599609375 4412.801995611811 154
stats: 302 0 1
stats: 200 12 165
stats: size_rcv 1521693 22173683
stats: newphase 0 1
stats: size_sent 10238 90992
stats: connected 20 90
stats: 500 2 3
# stats: dump at 1480596542
stats: users 123 123
stats: {freemem,"tsung_controller@ip-172-31-13-122"} 1 3155.11328125 0.0 3160.46484375 3155.11328125 3158.587890625 6
stats: {load,"tsung_controller@ip-172-31-13-122"} 1 0.078125 0.0 0.1484375 0.0 0.07747395833333333 6
stats: {recvpackets,"tsung_controller@ip-172-31-13-122"} 1 1043.0 0.0 8164 219 3018.0 5
stats: {sentpackets,"tsung_controller@ip-172-31-13-122"} 1 529.0 0.0 3695 137 1332.2 5
stats: {cpu,"tsung_controller@ip-172-31-13-122"} 1 1.6748768472906401 0.0 3.996101364522417 1.2845849802371543 2.392147486476753 6
stats: users_count 33 123
stats: finish_users_count 0 0
stats: request 36 8575.505594889322 10191.064618426626 36866.89501953125 1.123046875 5375.185767901719 169
stats: connect 31 0.793913810483871 0.22432901820431903 113.5400390625 0.529052734375 2.0115424262152777 90
stats: page 36 8575.505594889322 10191.064618426626 36866.89501953125 1.123046875 5407.182088216147 168
stats: 302 1 2
stats: 200 13 178
stats: size_rcv 1255682 23429365
stats: newphase 1 2
stats: size_sent 13123 104115
stats: connected 31 121
stats: 503 21 21
stats: 500 1 4
# stats: dump at 1480596552
stats: users 151 151
stats: {freemem,"tsung_controller@ip-172-31-13-122"} 1 3154.3984375 0.0 3160.46484375 3154.3984375 3158.0915178571427 7
stats: {load,"tsung_controller@ip-172-31-13-122"} 1 0.0703125 0.0 0.1484375 0.0 0.07756696428571429 7
stats: {recvpackets,"tsung_controller@ip-172-31-13-122"} 1 837.0 0.0 8164 219 2688.8333333333335 6
stats: {sentpackets,"tsung_controller@ip-172-31-13-122"} 1 441.0 0.0 3695 137 1198.3333333333333 6
stats: {cpu,"tsung_controller@ip-172-31-13-122"} 1 1.966568338249754 0.0 3.996101364522417 1.2845849802371543 2.2896802523073085 7
stats: session 1 71726.541015625 0 71726.541015625 71726.541015625 0 0
stats: users_count 29 152
stats: finish_users_count 1 1
stats: request 154 1594.7755491578737 7323.286418547652 39622.586181640625 0.632080078125 5937.1931521532015 205
stats: connect 30 0.7096435546875 0.08321572150214389 113.5400390625 0.529052734375 1.6995879874741735 121
stats: page 153 1605.200899011948 7346.040589427543 39622.586181640625 0.632080078125 5966.298001158472 204
stats: 302 0 2
stats: 200 7 185
stats: size_rcv 3165932 26595297
stats: newphase 0 2
stats: size_sent 27076 131191
stats: connected 29 150
stats: 503 147 168
stats: 500 0 4
# stats: dump at 1480596562
stats: users 192 192
stats: {freemem,"tsung_controller@ip-172-31-13-122"} 1 3151.75390625 0.0 3160.46484375 3151.75390625 3157.6298828125 8
stats: {load,"tsung_controller@ip-172-31-13-122"} 1 0.05859375 0.0 0.1484375 0.0 0.07666015625 8
stats: {recvpackets,"tsung_controller@ip-172-31-13-122"} 1 3016.0 0.0 8164 219 2424.285714285714 7
stats: {sentpackets,"tsung_controller@ip-172-31-13-122"} 1 1618.0 0.0 3695 137 1090.142857142857 7
stats: {cpu,"tsung_controller@ip-172-31-13-122"} 1 3.7181996086105675 0.0 3.996101364522417 1.2845849802371543 2.249291263050114 8
stats: session 5 26866.872412109376 22533.182179216965 71880.97900390625 14014.88818359375 71726.541015625 1
stats: users_count 46 198
stats: finish_users_count 5 6
stats: request 324 2993.8058855975114 9974.232896646054 44369.30078125 0.630126953125 4074.4290550465703 359
stats: connect 46 0.6733451511548911 0.24156302930411647 113.5400390625 0.528076171875 1.5029102855960266 151
stats: page 315 3079.3520593067933 10102.688077242938 44369.30078125 0.632080078125 4097.256385952819 357
stats: 302 0 2
stats: 200 27 212
stats: size_rcv 3842568 30437865
stats: newphase 0 2
stats: size_sent 78964 210155
stats: connected 41 191
stats: 503 297 465
stats: 500 0 4
# stats: dump at 1480596572
stats: users 249 249
stats: {freemem,"tsung_controller@ip-172-31-13-122"} 1 3149.55078125 0.0 3160.46484375 3149.55078125 3156.976996527778 9
stats: {load,"tsung_controller@ip-172-31-13-122"} 1 0.05078125 0.0 0.1484375 0.0 0.07465277777777778 9
stats: {recvpackets,"tsung_controller@ip-172-31-13-122"} 1 2459.0 0.0 8164 219 2498.25 8
stats: {sentpackets,"tsung_controller@ip-172-31-13-122"} 1 1703.0 0.0 3695 137 1156.125 8
stats: {cpu,"tsung_controller@ip-172-31-13-122"} 1 4.019607843137255 0.0 4.019607843137255 1.2845849802371543 2.41250330144572 9
stats: session 23 43230.547299592385 28111.48546551276 93058.87890625 14014.88818359375 34343.48384602865 6
stats: users_count 80 278
stats: finish_users_count 23 29
stats: request 564 0.9227840342420213 0.8718359694062495 44369.30078125 0.60302734375 3561.805472467515 683
stats: connect 77 0.708270977069805 0.8902489619623565 113.5400390625 0.489013671875 1.3092047212087563 197
stats: page 535 0.9887325679030374 0.9107280800661388 44369.30078125 0.632080078125 3620.113732837495 672
stats: 302 0 2
stats: 200 0 212
stats: size_rcv 272412 30710277
stats: newphase 1 3
stats: size_sent 123701 333856
stats: connected 54 245
stats: 503 564 1029
stats: 500 0 4
# stats: dump at 1480596582
stats: users 313 313
stats: {freemem,"tsung_controller@ip-172-31-13-122"} 1 3147.39453125 0.0 3160.46484375 3147.39453125 3156.234375 10
stats: {load,"tsung_controller@ip-172-31-13-122"} 1 0.12109375 0.0 0.1484375 0.0 0.072265625 10
stats: {recvpackets,"tsung_controller@ip-172-31-13-122"} 1 873.0 0.0 8164 219 2493.8888888888887 9
stats: {sentpackets,"tsung_controller@ip-172-31-13-122"} 1 1520.0 0.0 3695 137 1216.888888888889 9
stats: {cpu,"tsung_controller@ip-172-31-13-122"} 1 6.595538312318137 0.0 6.595538312318137 1.2845849802371543 2.5732137556148738 10
stats: session 28 35523.94990757534 25541.14503170323 102959.84399414063 14014.88818359375 41391.84451609645 29
stats: users_count 92 370
stats: finish_users_count 28 57
stats: request 796 4562.026729411212 13217.924944897191 57703.1171875 0.60302734375 1951.2699181159783 1247
stats: connect 94 0.5929344664228723 0.048125707758583026 113.5400390625 0.489013671875 1.1403291799726278 274
stats: page 761 4647.135208992074 13303.736057792707 57703.1171875 0.6240234375 2015.9448221960436 1207
stats: 302 3 5
stats: 200 85 297
stats: size_rcv 8332156 39042433
stats: newphase 0 3
stats: size_sent 196232 530088
stats: connected 66 311
stats: 503 707 1736
stats: 500 1 5
# stats: dump at 1480596592
stats: users 343 350
stats: {freemem,"tsung_controller@ip-172-31-13-122"} 1 3141.80078125 0.0 3160.46484375 3141.80078125 3155.430752840909 11
stats: {load,"tsung_controller@ip-172-31-13-122"} 1 0.1796875 0.0 0.1796875 0.0 0.07670454545454546 11
stats: {recvpackets,"tsung_controller@ip-172-31-13-122"} 1 9127.0 0.0 9127 219 2331.8 10
stats: {sentpackets,"tsung_controller@ip-172-31-13-122"} 1 5351.0 0.0 5351 137 1247.2 10
stats: {cpu,"tsung_controller@ip-172-31-13-122"} 1 9.002904162633108 0.0 9.002904162633108 1.2845849802371543 2.938879624406079 11
stats: session 40 44356.23334350586 27843.39645696171 112605.02392578125 14014.88818359375 38509.36997155976 57
stats: users_count 70 440
stats: finish_users_count 40 97
stats: request 982 595.8504743090475 4404.408123587642 62417.64697265625 0.599853515625 2968.4810888408956 2043
stats: connect 72 0.6319105360243057 0.20822892608237834 113.5400390625 0.489013671875 1.0005055303158967 368
stats: page 929 673.016833614354 4902.717699006205 62417.64697265625 0.60498046875 3033.391917903248 1968
stats: 302 1 6
stats: 200 24 321
stats: size_rcv 6160711 45203144
stats: newphase 0 3
stats: size_sent 272067 802155
stats: connected 33 344
stats: 503 955 2691
stats: 500 0 5
stats: 404 2 2
# stats: dump at 1480596602
stats: users 270 350
stats: {freemem,"tsung_controller@ip-172-31-13-122"} 1 3139.47265625 0.0 3160.46484375 3139.47265625 3154.294921875 12
stats: {load,"tsung_controller@ip-172-31-13-122"} 1 0.16015625 0.0 0.1796875 0.0 0.08528645833333333 12
stats: {recvpackets,"tsung_controller@ip-172-31-13-122"} 1 2898.0 0.0 9127 219 2949.5454545454545 11
stats: {sentpackets,"tsung_controller@ip-172-31-13-122"} 1 2950.0 0.0 5351 137 1620.2727272727273 11
stats: {cpu,"tsung_controller@ip-172-31-13-122"} 1 9.849906191369605 0.0 9.849906191369605 1.2845849802371543 3.444215002591665 12
stats: session 73 38363.369618873076 27098.671818044273 120933.71997070313 12397.89013671875 40920.44765071279 97
stats: users_count 0 440
stats: finish_users_count 73 170
stats: request 717 438.8087847721628 4098.858501193711 77092.90112304688 0.599853515625 2198.258522404441 3025
stats: connect 0 0 0 113.5400390625 0.489013671875 0.9401899857954545 440
stats: page 635 495.5081358421504 4352.248023327773 77092.90112304688 0.60498046875 2276.474950935909 2897
stats: 302 0 6
stats: 200 8 329
stats: size_rcv 2518277 47721421
stats: newphase 0 3
stats: size_sent 196052 998207
stats: connected -74 270
stats: 503 707 3398
stats: 500 0 5
stats: 404 2 4
# stats: dump at 1480596612
stats: users 217 350
stats: {freemem,"tsung_controller@ip-172-31-13-122"} 1 3139.140625 0.0 3160.46484375 3139.140625 3153.154747596154 13
stats: {load,"tsung_controller@ip-172-31-13-122"} 1 0.12890625 0.0 0.1796875 0.0 0.09104567307692307 13
stats: {recvpackets,"tsung_controller@ip-172-31-13-122"} 1 2869.0 0.0 9127 219 2945.25 12
stats: {sentpackets,"tsung_controller@ip-172-31-13-122"} 1 2294.0 0.0 5351 137 1731.0833333333333 12
stats: {cpu,"tsung_controller@ip-172-31-13-122"} 1 6.110572259941804 0.0 9.849906191369605 1.2845849802371543 3.9369604786515064 13
stats: session 53 45293.54986917748 28586.861397588513 134753.86303710938 12397.89013671875 39822.40826056985 170
stats: users_count 0 440
stats: finish_users_count 53 223
stats: request 467 3652.3429422970753 10091.230226037515 77092.90112304688 0.599853515625 1861.1325304529862 3742
stats: connect 0 0 0 113.5400390625 0.489013671875 0.9401899857954545 440
stats: page 392 4155.837148238201 11062.724868212212 77092.90112304688 0.60498046875 1956.2841447115215 3532
stats: 302 4 10
stats: 200 50 379
stats: size_rcv 7296055 55017476
stats: newphase 0 3
stats: size_sent 167331 1165538
stats: connected -53 217
stats: 503 412 3810
stats: 500 0 5
stats: 404 1 5
# stats: dump at 1480596622
stats: users 163 350
stats: {freemem,"tsung_controller@ip-172-31-13-122"} 1 3138.91796875 0.0 3160.46484375 3138.91796875 3152.153738839286 14
stats: {load,"tsung_controller@ip-172-31-13-122"} 1 0.109375 0.0 0.1796875 0.0 0.09375 14
stats: {recvpackets,"tsung_controller@ip-172-31-13-122"} 1 5080.0 0.0 9127 219 2939.3846153846152 13
stats: {sentpackets,"tsung_controller@ip-172-31-13-122"} 1 3034.0 0.0 5351 137 1774.3846153846155 13
stats: {cpu,"tsung_controller@ip-172-31-13-122"} 1 4.81335952848723 0.0 9.849906191369605 1.2845849802371543 4.0922184630293845 14
stats: session 54 52174.88137930411 28618.394709866665 140955.39697265625 12397.89013671875 41122.72442763803 223
stats: users_count 0 440
stats: finish_users_count 54 277
stats: request 290 0.8963395743534482 0.32966531665075177 77092.90112304688 0.599853515625 2059.8721983862697 4209
stats: connect 0 0 0 113.5400390625 0.489013671875 0.9401899857954545 440
stats: page 245 1.1112912547831628 0.5587816258982915 77092.90112304688 0.60498046875 2176.015229671373 3924
stats: 302 0 10
stats: 200 0 379
stats: size_rcv 140070 55157546
stats: newphase 0 3
stats: size_sent 125667 1291205
stats: connected -54 163
stats: 503 290 4100
stats: 500 0 5
stats: 404 0 5
# stats: dump at 1480596632
stats: users 139 350
stats: {freemem,"tsung_controller@ip-172-31-13-122"} 1 3138.94921875 0.0 3160.46484375 3138.91796875 3151.2713541666667 15
stats: {load,"tsung_controller@ip-172-31-13-122"} 1 0.08984375 0.0 0.1796875 0.0 0.09479166666666666 15
stats: {recvpackets,"tsung_controller@ip-172-31-13-122"} 1 331.0 0.0 9127 219 3092.285714285714 14
stats: {sentpackets,"tsung_controller@ip-172-31-13-122"} 1 605.0 0.0 5351 137 1864.357142857143 14
stats: {cpu,"tsung_controller@ip-172-31-13-122"} 1 3.1189083820662766 0.0 9.849906191369605 1.2845849802371543 4.140294534059908 15
stats: session 24 65523.93061319987 26991.428921616454 140955.39697265625 12397.89013671875 43277.296540959214 277
stats: users_count 0 440
stats: finish_users_count 24 301
stats: request 154 9186.113395393666 18709.62899222961 77092.90112304688 0.599853515625 1927.153149918731 4499
stats: connect 0 0 0 113.5400390625 0.489013671875 0.9401899857954545 440
stats: page 133 10367.988962273846 19681.96926737523 77092.90112304688 0.60498046875 2048.202453247275 4169
stats: 302 1 11
stats: 200 25 404
stats: size_rcv 4698926 59856472
stats: newphase 0 3
stats: size_sent 69333 1360538
stats: connected -24 139
stats: 503 124 4224
stats: 500 1 6
stats: 404 3 8
# stats: dump at 1480596642
stats: users 115 350
stats: {freemem,"tsung_controller@ip-172-31-13-122"} 1 3139.48828125 0.0 3160.46484375 3138.91796875 3150.501220703125 16
stats: {load,"tsung_controller@ip-172-31-13-122"} 1 0.078125 0.0 0.1796875 0.0 0.094482421875 16
stats: {recvpackets,"tsung_controller@ip-172-31-13-122"} 1 5387.0 0.0 9127 219 2908.2 15
stats: {sentpackets,"tsung_controller@ip-172-31-13-122"} 1 2286.0 0.0 5351 137 1780.4 15
stats: {cpu,"tsung_controller@ip-172-31-13-122"} 1 3.525954946131244 0.0 9.849906191369605 1.2845849802371543 4.076457899560307 16
stats: session 24 77611.66197713216 26489.234827107677 148111.3330078125 12397.89013671875 45051.11454007475 301
stats: users_count 0 440
stats: finish_users_count 24 325
stats: request 100 23064.687429199217 11603.592061833073 77092.90112304688 0.599853515625 2167.4024251826772 4653
stats: connect 0 0 0 113.5400390625 0.489013671875 0.9401899857954545 440
stats: page 84 25790.893807547433 13831.585176924997 77092.90112304688 0.60498046875 2305.4157507136943 4302
stats: 302 16 27
stats: 200 45 449
stats: size_rcv 4118259 63974731
stats: newphase 0 3
stats: size_sent 43582 1404120
stats: connected -24 115
stats: 503 0 4224
stats: 500 0 6
stats: 404 39 47
# stats: dump at 1480596652
stats: users 110 350
stats: {freemem,"tsung_controller@ip-172-31-13-122"} 1 3139.51171875 0.0 3160.46484375 3138.91796875 3149.853400735294 17
stats: {load,"tsung_controller@ip-172-31-13-122"} 1 0.0703125 0.0 0.1796875 0.0 0.0935202205882353 17
stats: {recvpackets,"tsung_controller@ip-172-31-13-122"} 1 1285.0 0.0 9127 219 3063.125 16
stats: {sentpackets,"tsung_controller@ip-172-31-13-122"} 1 670.0 0.0 5351 137 1812.0 16
stats: {cpu,"tsung_controller@ip-172-31-13-122"} 1 2.0648967551622417 0.0 9.849906191369605 1.2845849802371543 4.04407537288801 17
stats: session 5 77298.71279296876 18090.28081951106 148111.3330078125 12397.89013671875 47455.585735426685 325
stats: users_count 0 440
stats: finish_users_count 5 330
stats: request 36 11625.013882107205 13088.841128847924 77092.90112304688 0.599853515625 2607.0675841142265 4753
stats: connect 0 0 0 113.5400390625 0.489013671875 0.9401899857954545 440
stats: page 29 19951.436472925645 20030.413986385305 77092.90112304688 0.60498046875 2755.2060281359545 4386
stats: 302 3 30
stats: 200 13 462
stats: size_rcv 763951 64738682
stats: newphase 0 3
stats: size_sent 13309 1417429
stats: connected -5 110
stats: 503 16 4240
stats: 500 0 6
stats: 404 4 51
# stats: dump at 1480596662
stats: users 99 350
stats: {freemem,"tsung_controller@ip-172-31-13-122"} 1 3139.25 0.0 3160.46484375 3138.91796875 3149.278862847222 18
stats: {load,"tsung_controller@ip-172-31-13-122"} 1 0.05859375 0.0 0.1796875 0.0 0.09223090277777778 18
stats: {recvpackets,"tsung_controller@ip-172-31-13-122"} 1 2354.0 0.0 9127 219 2958.529411764706 17
stats: {sentpackets,"tsung_controller@ip-172-31-13-122"} 1 1083.0 0.0 5351 137 1744.8235294117646 17
stats: {cpu,"tsung_controller@ip-172-31-13-122"} 1 1.9646365422396856 0.0 9.849906191369605 1.2845849802371543 3.9341210052365785 18
stats: session 11 84326.57490678267 17822.845563687537 148111.3330078125 12397.89013671875 47907.75432720762 330
stats: users_count 0 440
stats: finish_users_count 11 341
stats: request 59 24532.27816720736 11103.340244208324 77092.90112304688 0.599853515625 2674.8575333160948 4789
stats: connect 0 0 0 113.5400390625 0.489013671875 0.9401899857954545 440
stats: page 53 26899.68744011645 12419.90572209366 77092.90112304688 0.60498046875 2868.159750196861 4415
stats: 302 10 40
stats: 200 35 497
stats: size_rcv 7532274 72270956
stats: newphase 0 3
stats: size_sent 26915 1444344
stats: connected -11 99
stats: 503 0 4240
stats: 500 0 6
stats: 404 14 65
# stats: dump at 1480596672
stats: users 99 350
stats: {freemem,"tsung_controller@ip-172-31-13-122"} 1 3138.89453125 0.0 3160.46484375 3138.89453125 3148.7510279605262 19
stats: {load,"tsung_controller@ip-172-31-13-122"} 1 0.05078125 0.0 0.1796875 0.0 0.09046052631578948 19
stats: {recvpackets,"tsung_controller@ip-172-31-13-122"} 1 3585.0 0.0 9127 219 2924.9444444444443 18
stats: {sentpackets,"tsung_controller@ip-172-31-13-122"} 1 1528.0 0.0 5351 137 1708.0555555555557 18
stats: {cpu,"tsung_controller@ip-172-31-13-122"} 1 2.4485798237022527 0.0 9.849906191369605 1.2845849802371543 3.830463928236742 19
stats: session 0 0 0 148111.3330078125 12397.89013671875 49082.554991064884 341
stats: users_count 0 440
stats: finish_users_count 0 341
stats: request 0 0 0 77092.90112304688 0.599853515625 2940.8616210635337 4848
stats: connect 0 0 0 113.5400390625 0.489013671875 0.9401899857954545 440
stats: page 0 0 0 77092.90112304688 0.60498046875 3153.224872749622 4468
stats: 302 0 40
stats: 200 0 497
stats: size_rcv 0 72270956
stats: newphase 0 3
stats: size_sent 5998 1450342
stats: connected -2 97
stats: 503 0 4240
stats: 500 0 6
stats: 404 0 65
# stats: dump at 1480596682
stats: users 92 350
stats: {freemem,"tsung_controller@ip-172-31-13-122"} 1 3138.93359375 0.0 3160.46484375 3138.89453125 3148.258203125 20
stats: {load,"tsung_controller@ip-172-31-13-122"} 1 0.0390625 0.0 0.1796875 0.0 0.0884765625 20
stats: {recvpackets,"tsung_controller@ip-172-31-13-122"} 1 720.0 0.0 9127 219 2959.684210526316 19
stats: {sentpackets,"tsung_controller@ip-172-31-13-122"} 1 344.0 0.0 5351 137 1698.578947368421 19
stats: {cpu,"tsung_controller@ip-172-31-13-122"} 1 1.2833168805528135 0.0 9.849906191369605 1.2833168805528135 3.7613697230100174 20
stats: session 7 115124.05276925223 24879.9879452674 151289.72314453125 12397.89013671875 49082.554991064884 341
stats: users_count 0 440
stats: finish_users_count 7 348
stats: request 48 28435.48548380534 6795.089795027252 77092.90112304688 0.599853515625 2940.8616210635337 4848
stats: connect 0 0 0 113.5400390625 0.489013671875 0.9401899857954545 440
stats: page 39 30101.91609074519 7646.4669543055015 77092.90112304688 0.60498046875 3153.224872749622 4468
stats: 302 22 62
stats: 200 19 516
stats: size_rcv 2733182 75004138
stats: newphase 0 3
stats: size_sent 19635 1469977
stats: connected -7 90
stats: 503 0 4240
stats: 500 1 7
stats: 404 6 71
# stats: dump at 1480596692
stats: users 87 350
stats: {freemem,"tsung_controller@ip-172-31-13-122"} 1 3138.9453125 0.0 3160.46484375 3138.89453125 3147.8141741071427 21
stats: {load,"tsung_controller@ip-172-31-13-122"} 1 0.0390625 0.0 0.1796875 0.0 0.0861235119047619 21
stats: {recvpackets,"tsung_controller@ip-172-31-13-122"} 1 2178.0 0.0 9127 219 2847.7 20
stats: {sentpackets,"tsung_controller@ip-172-31-13-122"} 1 793.0 0.0 5351 137 1630.85 20
stats: {cpu,"tsung_controller@ip-172-31-13-122"} 1 1.678183613030602 0.0 9.849906191369605 1.2833168805528135 3.6433672067025316 21
stats: session 5 133677.824609375 35802.8281844424 181185.85693359375 12397.89013671875 50410.97592338474 348
stats: users_count 0 440
stats: finish_users_count 5 353
stats: request 27 28825.61880606192 6925.648789442577 77092.90112304688 0.599853515625 3190.808913835512 4896
stats: connect 0 0 0 113.5400390625 0.489013671875 0.9401899857954545 440
stats: page 21 31574.815359933036 9233.008731570297 77092.90112304688 0.60498046875 3386.4174526257766 4507
stats: 302 13 75
stats: 200 11 527
stats: size_rcv 2668023 77672161
stats: newphase 0 3
stats: size_sent 13425 1483402
stats: connected -5 85
stats: 503 0 4240
stats: 500 0 7
stats: 404 3 74
# stats: dump at 1480596702
stats: users 82 350
stats: {freemem,"tsung_controller@ip-172-31-13-122"} 1 3138.80078125 0.0 3160.46484375 3138.80078125 3147.411044034091 22
stats: {load,"tsung_controller@ip-172-31-13-122"} 1 0.03125 0.0 0.1796875 0.0 0.083984375 22
stats: {recvpackets,"tsung_controller@ip-172-31-13-122"} 1 1053.0 0.0 9127 219 2815.809523809524 21
stats: {sentpackets,"tsung_controller@ip-172-31-13-122"} 1 493.0 0.0 5351 137 1590.952380952381 21
stats: {cpu,"tsung_controller@ip-172-31-13-122"} 1 1.4792899408284024 0.0 9.849906191369605 1.2833168805528135 3.5540406797174438 22
stats: session 5 135220.88994140626 27531.243084911846 187881.80883789063 12397.89013671875 51590.3930435829 353
stats: users_count 0 440
stats: finish_users_count 5 358
stats: request 27 33891.325358072914 5745.406812094891 77092.90112304688 0.599853515625 3331.4020211054926 4923
stats: connect 1 0.7470703125 0.0 113.5400390625 0.489013671875 0.9401899857954545 440
stats: page 24 46162.483489990234 12819.865791387094 77092.90112304688 0.60498046875 3517.1498634149666 4528
stats: 302 7 82
stats: 200 19 546
stats: size_rcv 2714486 80386647
stats: newphase 0 3
stats: size_sent 6660 1490062
stats: connected -4 81
stats: 503 0 4240
stats: 500 0 7
stats: 404 2 76
# stats: dump at 1480596712
stats: users 50 350
stats: {freemem,"tsung_controller@ip-172-31-13-122"} 1 3138.87109375 0.0 3160.46484375 3138.80078125 3147.0366847826085 23
stats: {load,"tsung_controller@ip-172-31-13-122"} 1 0.03125 0.0 0.1796875 0.0 0.08169157608695653 23
stats: {recvpackets,"tsung_controller@ip-172-31-13-122"} 1 2460.0 0.0 9127 219 2735.681818181818 22
stats: {sentpackets,"tsung_controller@ip-172-31-13-122"} 1 966.0 0.0 5351 137 1541.0454545454545 22
stats: {cpu,"tsung_controller@ip-172-31-13-122"} 1 1.8682399213372665 0.0 9.849906191369605 1.2833168805528135 3.463834125852703 23
stats: session 32 149793.28562164307 26211.776114513228 204230.2080078125 12397.89013671875 52758.41674327318 358
stats: users_count 0 440
stats: finish_users_count 32 390
stats: request 153 10612.361337699145 11066.287247482047 77092.90112304688 0.599853515625 3498.092512034406 4950
stats: connect 1 1.3779296875 0.0 113.5400390625 0.489013671875 0.9397520727040817 441
stats: page 137 13907.22250477588 14365.123094023447 77092.90112304688 0.60498046875 3741.993450198316 4552
stats: 302 83 165
stats: 200 69 615
stats: size_rcv 5764251 86150898
stats: newphase 0 3
stats: size_sent 60392 1550454
stats: connected -31 50
stats: 503 0 4240
stats: 500 0 7
stats: 404 0 76
# stats: dump at 1480596722
stats: users 37 350
stats: {freemem,"tsung_controller@ip-172-31-13-122"} 1 3138.8515625 0.0 3160.46484375 3138.80078125 3146.6964518229165 24
stats: {load,"tsung_controller@ip-172-31-13-122"} 1 0.01953125 0.0 0.1796875 0.0 0.07958984375000001 24
stats: {recvpackets,"tsung_controller@ip-172-31-13-122"} 1 4999.0 0.0 9127 219 2723.695652173913 23
stats: {sentpackets,"tsung_controller@ip-172-31-13-122"} 1 2008.0 0.0 5351 137 1516.0434782608695 23
stats: {cpu,"tsung_controller@ip-172-31-13-122"} 1 3.048180924287119 0.0 9.849906191369605 1.2833168805528135 3.397351033997893 24
stats: session 13 152509.10811673678 35968.35830392469 223624.05297851563 12397.89013671875 60720.25213842148 390
stats: users_count 0 440
stats: finish_users_count 13 403
stats: request 30 3672.853377278647 8910.312919923317 77092.90112304688 0.599853515625 3711.3951046910206 5103
stats: connect 0 0 0 113.5400390625 0.489013671875 0.9407434247737556 442
stats: page 27 3881.0653483072915 9369.404325548474 77092.90112304688 0.60498046875 4038.99417113607 4689
stats: 302 19 184
stats: 200 11 626
stats: size_rcv 1276782 87427680
stats: newphase 0 3
stats: size_sent 17679 1568133
stats: connected -13 37
stats: 503 0 4240
stats: 500 0 7
stats: 404 0 76
# stats: dump at 1480596732
stats: users 13 350
stats: {freemem,"tsung_controller@ip-172-31-13-122"} 1 3138.95703125 0.0 3160.46484375 3138.80078125 3146.38265625 25
stats: {load,"tsung_controller@ip-172-31-13-122"} 1 0.01953125 0.0 0.1796875 0.0 0.07718750000000002 25
stats: {recvpackets,"tsung_controller@ip-172-31-13-122"} 1 692.0 0.0 9127 219 2818.5 24
stats: {sentpackets,"tsung_controller@ip-172-31-13-122"} 1 353.0 0.0 5351 137 1536.5416666666667 24
stats: {cpu,"tsung_controller@ip-172-31-13-122"} 1 1.3806706114398422 0.0 9.849906191369605 1.2833168805528135 3.383384229609462 25
stats: session 24 173734.0485127767 25939.328282026003 242007.89086914063 12397.89013671875 63681.18297643164 403
stats: users_count 0 440
stats: finish_users_count 24 427
stats: request 85 4285.319924747243 9279.15237325148 77092.90112304688 0.599853515625 3711.169846202345 5133
stats: connect 0 0 0 113.5400390625 0.489013671875 0.9407434247737556 442
stats: page 73 5070.690048426798 9891.041566849228 77092.90112304688 0.60498046875 4038.0899984862867 4716
stats: 302 52 236
stats: 200 32 658
stats: size_rcv 2577018 90004698
stats: newphase 0 3
stats: size_sent 32288 1600421
stats: connected -24 13
stats: 503 0 4240
stats: 500 1 8
stats: 404 0 76
# stats: dump at 1480596742
stats: users 5 350
stats: {freemem,"tsung_controller@ip-172-31-13-122"} 1 3139.08984375 0.0 3160.46484375 3138.80078125 3146.0970552884614 26
stats: {load,"tsung_controller@ip-172-31-13-122"} 1 0.01953125 0.0 0.1796875 0.0 0.07496995192307694 26
stats: {recvpackets,"tsung_controller@ip-172-31-13-122"} 1 2561.0 0.0 9127 219 2733.44 25
stats: {sentpackets,"tsung_controller@ip-172-31-13-122"} 1 1235.0 0.0 5351 137 1489.2 25
stats: {cpu,"tsung_controller@ip-172-31-13-122"} 1 2.359882005899705 0.0 9.849906191369605 1.2833168805528135 3.3063567827567844 26
stats: session 8 158137.91790771484 3783.0292580312534 242007.89086914063 12397.89013671875 69866.82413069929 427
stats: users_count 0 440
stats: finish_users_count 8 435
stats: request 50 814.8081494140625 3960.909062643681 77092.90112304688 0.599853515625 3720.522616742076 5218
stats: connect 0 0 0 113.5400390625 0.489013671875 0.9407434247737556 442
stats: page 41 993.693008050686 4353.726407130682 77092.90112304688 0.60498046875 4053.830195530692 4789
stats: 302 27 263
stats: 200 23 681
stats: size_rcv 1932856 91937554
stats: newphase 0 3
stats: size_sent 26614 1627035
stats: connected -7 6
stats: 503 0 4240
stats: 500 0 8
stats: 404 0 76
# stats: dump at 1480596752
stats: users 0 350
stats: {freemem,"tsung_controller@ip-172-31-13-122"} 1 3139.25390625 0.0 3160.46484375 3138.80078125 3145.837528935185 27
stats: {load,"tsung_controller@ip-172-31-13-122"} 1 0.01171875 0.0 0.1796875 0.0 0.07291666666666669 27
stats: {recvpackets,"tsung_controller@ip-172-31-13-122"} 1 273.0 0.0 9127 219 2726.8076923076924 26
stats: {sentpackets,"tsung_controller@ip-172-31-13-122"} 1 170.0 0.0 5351 137 1479.423076923077 26
stats: {cpu,"tsung_controller@ip-172-31-13-122"} 1 1.0869565217391304 0.0 9.849906191369605 1.0869565217391304 3.2713021613917075 27
stats: session 5 176030.99306640626 20611.992022912054 242007.89086914063 12397.89013671875 71490.20056797774 435
stats: users_count 0 440
stats: finish_users_count 5 440
stats: request 12 8.780253092447916 2.345267699748646 77092.90112304688 0.599853515625 3692.9437019041106 5268
stats: connect 0 0 0 113.5400390625 0.489013671875 0.9407434247737556 442
stats: page 10 10.5587890625 4.346070797297493 77092.90112304688 0.60498046875 4027.8538757197853 4830
stats: 302 10 273
stats: 200 2 683
stats: size_rcv 49441 91986995
stats: newphase 0 3
stats: size_sent 6734 1633769
stats: connected -6 0
stats: 503 0 4240
stats: 500 0 8
stats: 404 0 76
EndMonitor:{1480,596752,52590}
