# stats: dump at 1480554386
stats: users 4 5
stats: {cpu,"tsung_controller@ip-172-31-12-72"} 1 2.6166913835672347 0 2.6166913835672347 2.6166913835672347 0 0
stats: {load,"tsung_controller@ip-172-31-12-72"} 1 0.0 0 0.0 0.0 0 0
stats: {freemem,"tsung_controller@ip-172-31-12-72"} 1 3155.30078125 0 3155.30078125 3155.30078125 0 0
stats: session 1 3384.925048828125 0 3384.925048828125 3384.925048828125 0 0
stats: users_count 5 5
stats: finish_users_count 1 1
stats: request 15 19.2048828125 27.746056053081944 121.385009765625 5.135009765625 0 0
stats: connect 5 24.412353515625 43.36812915855143 110.947998046875 0.8349609375 0 0
stats: page 15 19.2048828125 27.746056053081944 121.385009765625 5.135009765625 0 0
stats: 200 11 11
stats: size_rcv 263083 263083
stats: size_sent 5347 5347
stats: connected 4 4
stats: 404 4 4
# stats: dump at 1480554396
stats: users 6 7
stats: {recvpackets,"tsung_controller@ip-172-31-12-72"} 1 219 0 219 219 0 0
stats: {sentpackets,"tsung_controller@ip-172-31-12-72"} 1 176 0 176 176 0 0
stats: {cpu,"tsung_controller@ip-172-31-12-72"} 1 2.55653883972468 0.0 2.6166913835672347 2.55653883972468 2.6166913835672347 1
stats: {load,"tsung_controller@ip-172-31-12-72"} 1 0.0 0.0 0.0 0.0 0.0 1
stats: {freemem,"tsung_controller@ip-172-31-12-72"} 1 3155.17578125 0.0 3155.30078125 3155.17578125 3155.30078125 1
stats: session 6 7357.71630859375 5282.541146052331 18460.5400390625 3121.932861328125 3384.925048828125 1
stats: users_count 8 13
stats: finish_users_count 6 7
stats: request 21 7.071754092261905 1.7591695722616572 121.385009765625 4.9931640625 19.2048828125 15
stats: connect 7 1.0247628348214286 0.4319463801143644 110.947998046875 0.794921875 24.412353515625 5
stats: page 21 7.071754092261905 1.7591695722616572 121.385009765625 4.9931640625 19.2048828125 15
stats: 200 11 22
stats: size_rcv 280831 543914
stats: size_sent 7569 12916
stats: connected 2 6
stats: 404 10 14
# stats: dump at 1480554406
stats: users 17 17
stats: {recvpackets,"tsung_controller@ip-172-31-12-72"} 1 304.0 0.0 304 219 219.0 1
stats: {sentpackets,"tsung_controller@ip-172-31-12-72"} 1 251.0 0.0 251 176 176.0 1
stats: {cpu,"tsung_controller@ip-172-31-12-72"} 1 1.0880316518298714 0.0 2.6166913835672347 1.0880316518298714 2.5866151116459575 2
stats: {load,"tsung_controller@ip-172-31-12-72"} 1 0.0 0.0 0.0 0.0 0.0 2
stats: {freemem,"tsung_controller@ip-172-31-12-72"} 1 3154.9453125 0.0 3155.30078125 3154.9453125 3155.23828125 2
stats: session 4 7483.118225097656 6971.12482185548 19548.968017578125 3088.634033203125 6790.174700055803 7
stats: users_count 15 28
stats: finish_users_count 4 11
stats: request 38 7.199167351973684 2.6569295817875553 121.385009765625 3.618896484375 12.12722439236111 36
stats: connect 13 1.3027907151442308 1.5631230393110362 110.947998046875 0.673095703125 10.76959228515625 12
stats: page 38 7.199167351973684 2.6569295817875553 121.385009765625 3.618896484375 12.12722439236111 36
stats: 200 19 41
stats: size_rcv 487653 1031567
stats: size_sent 13498 26414
stats: connected 8 14
stats: 404 19 33
# stats: dump at 1480554416
stats: users 25 26
stats: {recvpackets,"tsung_controller@ip-172-31-12-72"} 1 529.0 0.0 529 219 261.5 2
stats: {sentpackets,"tsung_controller@ip-172-31-12-72"} 1 440.0 0.0 440 176 213.5 2
stats: {cpu,"tsung_controller@ip-172-31-12-72"} 1 1.5810276679841897 0.0 2.6166913835672347 1.0880316518298714 2.087087291707262 3
stats: {load,"tsung_controller@ip-172-31-12-72"} 1 0.0 0.0 0.0 0.0 0.0 3
stats: {freemem,"tsung_controller@ip-172-31-12-72"} 1 3153.984375 0.0 3155.30078125 3153.984375 3155.140625 3
stats: session 11 9763.757612748579 6259.233735656347 20687.930908203125 2614.966064453125 7042.154163707386 11
stats: users_count 19 47
stats: finish_users_count 11 22
stats: request 83 9.357189500188255 5.987496288969154 121.385009765625 3.576171875 9.596600506756756 74
stats: connect 21 1.0492582775297619 0.922955948103576 110.947998046875 0.60400390625 5.84685546875 25
stats: page 83 9.357189500188255 5.987496288969154 121.385009765625 3.576171875 9.596600506756756 74
stats: 200 45 86
stats: size_rcv 1125046 2156613
stats: newphase 1 1
stats: size_sent 31788 58202
stats: connected 11 25
stats: 404 38 71
# stats: dump at 1480554426
stats: users 25 29
stats: {recvpackets,"tsung_controller@ip-172-31-12-72"} 1 931.0 0.0 931 219 350.6666666666667 3
stats: {sentpackets,"tsung_controller@ip-172-31-12-72"} 1 666.0 0.0 666 176 289.0 3
stats: {cpu,"tsung_controller@ip-172-31-12-72"} 1 1.7786561264822136 0.0 2.6166913835672347 1.0880316518298714 1.9605723857764938 4
stats: {load,"tsung_controller@ip-172-31-12-72"} 1 0.078125 0.0 0.078125 0.0 0.0 4
stats: {freemem,"tsung_controller@ip-172-31-12-72"} 1 3152.17578125 0.0 3155.30078125 3152.17578125 3154.8515625 4
stats: session 12 11152.873026529947 6166.485071072149 22699.975830078125 2276.930908203125 8402.955888227983 22
stats: users_count 12 59
stats: finish_users_count 12 34
stats: request 57 7.207746539199562 3.109020891268743 121.385009765625 3.576171875 9.470032904558122 157
stats: connect 13 0.9336688701923077 0.34548539335054745 110.947998046875 0.60400390625 3.6566480553668477 46
stats: page 57 7.207746539199562 3.109020891268743 121.385009765625 3.576171875 9.470032904558122 157
stats: 200 24 110
stats: size_rcv 625605 2782218
stats: newphase 0 1
stats: size_sent 22321 80523
stats: connected 0 25
stats: 404 33 104
# stats: dump at 1480554436
stats: users 27 29
stats: {recvpackets,"tsung_controller@ip-172-31-12-72"} 1 575.0 0.0 931 219 495.75 4
stats: {sentpackets,"tsung_controller@ip-172-31-12-72"} 1 473.0 0.0 666 176 383.25 4
stats: {cpu,"tsung_controller@ip-172-31-12-72"} 1 1.2896825396825395 0.0 2.6166913835672347 1.0880316518298714 1.9241891339176376 5
stats: {load,"tsung_controller@ip-172-31-12-72"} 1 0.0703125 0.0 0.078125 0.0 0.015625 5
stats: {freemem,"tsung_controller@ip-172-31-12-72"} 1 3152.06640625 0.0 3155.30078125 3152.06640625 3154.31640625 5
stats: session 19 17514.990337171053 10481.563833161206 39528.987060546875 2276.930908203125 9373.514878216913 34
stats: users_count 21 80
stats: finish_users_count 19 53
stats: request 72 6.742689344618055 2.152574882893037 121.385009765625 3.339111328125 8.867461302570094 214
stats: connect 20 0.8131591796875 0.09560545316390162 110.947998046875 0.60400390625 3.0566695908368646 59
stats: page 72 6.742689344618055 2.152574882893037 121.385009765625 3.339111328125 8.867461302570094 214
stats: 200 35 145
stats: size_rcv 891415 3673633
stats: newphase 0 1
stats: size_sent 27068 107591
stats: connected 3 28
stats: 404 37 141
# stats: dump at 1480554446
stats: users 40 44
stats: {recvpackets,"tsung_controller@ip-172-31-12-72"} 1 849.0 0.0 931 219 511.6 5
stats: {sentpackets,"tsung_controller@ip-172-31-12-72"} 1 698.0 0.0 698 176 401.2 5
stats: {cpu,"tsung_controller@ip-172-31-12-72"} 1 1.9762845849802373 0.0 2.6166913835672347 1.0880316518298714 1.8184380348784546 6
stats: {load,"tsung_controller@ip-172-31-12-72"} 1 0.05859375 0.0 0.078125 0.0 0.024739583333333332 6
stats: {freemem,"tsung_controller@ip-172-31-12-72"} 1 3151.83203125 0.0 3155.30078125 3151.83203125 3153.94140625 6
stats: session 26 15370.783024714545 9402.47445925273 39528.987060546875 2276.930908203125 12292.157023879718 53
stats: users_count 39 119
stats: finish_users_count 26 79
stats: request 137 7.029879604812956 2.5044343386849626 121.385009765625 3.339111328125 8.332553676791958 286
stats: connect 38 0.8084010074013158 0.17302768304806404 110.947998046875 0.56005859375 2.4886922715585444 79
stats: page 137 7.029879604812956 2.5044343386849626 121.385009765625 3.339111328125 8.332553676791958 286
stats: 200 76 221
stats: size_rcv 1901315 5574948
stats: newphase 1 2
stats: size_sent 51410 159001
stats: connected 11 39
stats: 404 61 202
# stats: dump at 1480554456
stats: users 51 52
stats: {recvpackets,"tsung_controller@ip-172-31-12-72"} 1 1885.0 0.0 1885 219 567.8333333333334 6
stats: {sentpackets,"tsung_controller@ip-172-31-12-72"} 1 1475.0 0.0 1475 176 450.6666666666667 6
stats: {cpu,"tsung_controller@ip-172-31-12-72"} 1 2.6785714285714284 0.0 2.6785714285714284 1.0880316518298714 1.8409875420358521 7
stats: {load,"tsung_controller@ip-172-31-12-72"} 1 0.05078125 0.0 0.078125 0.0 0.029575892857142856 7
stats: {freemem,"tsung_controller@ip-172-31-12-72"} 1 3150.38671875 0.0 3155.30078125 3150.38671875 3153.640066964286 7
stats: session 31 9794.963347404233 6694.234242056254 39528.987060546875 1141.9560546875 13305.375707698773 79
stats: users_count 42 161
stats: finish_users_count 31 110
stats: request 159 9.47327044025157 11.52466643117519 121.385009765625 3.260009765625 7.91064741707299 423
stats: connect 43 0.8409622547238372 0.18956682196261754 110.947998046875 0.547119140625 1.9429566473023505 117
stats: page 159 9.47327044025157 11.52466643117519 121.385009765625 3.260009765625 7.91064741707299 423
stats: 200 76 297
stats: size_rcv 1943082 7518030
stats: newphase 0 2
stats: size_sent 60027 219028
stats: connected 12 51
stats: 404 83 285
# stats: dump at 1480554466
stats: users 65 65
stats: {recvpackets,"tsung_controller@ip-172-31-12-72"} 1 1677.0 0.0 1885 219 756.0 7
stats: {sentpackets,"tsung_controller@ip-172-31-12-72"} 1 1367.0 0.0 1475 176 597.0 7
stats: {cpu,"tsung_controller@ip-172-31-12-72"} 1 3.0602171767028628 0.0 3.0602171767028628 1.0880316518298714 1.9456855278527991 8
stats: {load,"tsung_controller@ip-172-31-12-72"} 1 0.0390625 0.0 0.078125 0.0 0.0322265625 8
stats: {freemem,"tsung_controller@ip-172-31-12-72"} 1 3149.06640625 0.0 3155.30078125 3149.06640625 3153.2333984375 8
stats: session 27 12437.490035445602 5626.439795842916 39528.987060546875 1141.9560546875 12316.077678888494 110
stats: users_count 41 202
stats: finish_users_count 27 137
stats: request 171 8.137476870888165 7.247424863943696 121.385009765625 3.180908203125 8.337549583199097 582
stats: connect 42 1.669340587797619 4.969773018699077 110.947998046875 0.547119140625 1.646795654296875 160
stats: page 171 8.137476870888165 7.247424863943696 121.385009765625 3.180908203125 8.337549583199097 582
stats: 200 82 379
stats: size_rcv 2092298 9610328
stats: newphase 0 2
stats: size_sent 66000 285028
stats: connected 14 65
stats: 404 89 374
# stats: dump at 1480554476
stats: users 96 97
stats: {recvpackets,"tsung_controller@ip-172-31-12-72"} 1 1714.0 0.0 1885 219 871.125 8
stats: {sentpackets,"tsung_controller@ip-172-31-12-72"} 1 1355.0 0.0 1475 176 693.25 8
stats: {cpu,"tsung_controller@ip-172-31-12-72"} 1 2.284011916583913 0.0 3.0602171767028628 1.0880316518298714 2.0695223777250282 9
stats: {load,"tsung_controller@ip-172-31-12-72"} 1 0.0390625 0.0 0.078125 0.0 0.03298611111111111 9
stats: {freemem,"tsung_controller@ip-172-31-12-72"} 1 3148.69921875 0.0 3155.30078125 3148.69921875 3152.7703993055557 9
stats: session 41 12672.220578077362 7493.272206173409 39528.987060546875 654.943115234375 12340.005661567633 137
stats: users_count 72 274
stats: finish_users_count 41 178
stats: request 237 7.937353721650844 4.94975411385893 121.385009765625 3.035888671875 8.292114744148407 753
stats: connect 71 0.9843990702024648 0.923829764472059 110.947998046875 0.547119140625 1.6514832147277227 202
stats: page 237 7.937353721650844 4.94975411385893 121.385009765625 3.035888671875 8.292114744148407 753
stats: 200 121 500
stats: size_rcv 3084809 12695137
stats: newphase 1 3
stats: size_sent 87192 372220
stats: connected 30 95
stats: 404 116 490
# stats: dump at 1480554486
stats: users 112 119
stats: {recvpackets,"tsung_controller@ip-172-31-12-72"} 1 3117.0 0.0 3117 219 964.7777777777778 9
stats: {sentpackets,"tsung_controller@ip-172-31-12-72"} 1 2475.0 0.0 2475 176 766.7777777777778 9
stats: {cpu,"tsung_controller@ip-172-31-12-72"} 1 4.079601990049751 0.0 4.079601990049751 1.0880316518298714 2.090971331610917 10
stats: {load,"tsung_controller@ip-172-31-12-72"} 1 0.03125 0.0 0.078125 0.0 0.03359375 10
stats: {freemem,"tsung_controller@ip-172-31-12-72"} 1 3146.26171875 0.0 3155.30078125 3146.26171875 3152.36328125 10
stats: session 55 15039.878875177557 10166.609894059431 44538.944091796875 654.943115234375 12416.527074920998 178
stats: users_count 71 345
stats: finish_users_count 55 233
stats: request 316 7.661862143987341 4.194750949149025 121.385009765625 3.035888671875 8.207187105429293 990
stats: connect 70 0.9168178013392859 0.6826941103435629 110.947998046875 0.547119140625 1.4779924665178572 273
stats: page 316 7.661862143987341 4.194750949149025 121.385009765625 3.035888671875 8.207187105429293 990
stats: 200 134 634
stats: size_rcv 3489642 16184779
stats: newphase 0 3
stats: size_sent 124441 496661
stats: connected 18 113
stats: 404 182 672
# stats: dump at 1480554496
stats: users 123 130
stats: {recvpackets,"tsung_controller@ip-172-31-12-72"} 1 3271.0 0.0 3271 219 1180.0 10
stats: {sentpackets,"tsung_controller@ip-172-31-12-72"} 1 2628.0 0.0 2628 176 937.6 10
stats: {cpu,"tsung_controller@ip-172-31-12-72"} 1 4.369414101290963 0.0 4.369414101290963 1.0880316518298714 2.2717559369235385 11
stats: {load,"tsung_controller@ip-172-31-12-72"} 1 0.03125 0.0 0.078125 0.0 0.033380681818181816 11
stats: {freemem,"tsung_controller@ip-172-31-12-72"} 1 3144.203125 0.0 3155.30078125 3144.203125 3151.80859375 11
stats: session 80 14027.22745361328 8052.782229369367 44538.944091796875 654.943115234375 13035.77320802877 233
stats: users_count 91 436
stats: finish_users_count 80 313
stats: request 382 8.047070568144635 6.755796876181288 121.385009765625 3.035888671875 8.075240177545941 1306
stats: connect 91 0.7170651614010988 0.11968405680746291 110.947998046875 0.5458984375 1.3634670246446794 343
stats: page 382 8.047070568144635 6.755796876181288 121.385009765625 3.035888671875 8.075240177545941 1306
stats: 200 154 788
stats: size_rcv 4075644 20260423
stats: newphase 0 3
stats: size_sent 148103 644764
stats: connected 10 123
stats: 404 228 900
# stats: dump at 1480554506
stats: users 174 176
stats: {recvpackets,"tsung_controller@ip-172-31-12-72"} 1 3874.0 0.0 3874 219 1370.090909090909 11
stats: {sentpackets,"tsung_controller@ip-172-31-12-72"} 1 3267.0 0.0 3267 176 1091.2727272727273 11
stats: {cpu,"tsung_controller@ip-172-31-12-72"} 1 5.928853754940711 0.0 5.928853754940711 1.0880316518298714 2.446560783954157 12
stats: {load,"tsung_controller@ip-172-31-12-72"} 1 0.01953125 0.0 0.078125 0.0 0.033203125 12
stats: {freemem,"tsung_controller@ip-172-31-12-72"} 1 3141.99609375 0.0 3155.30078125 3141.99609375 3151.1748046875 12
stats: session 86 13112.998875817588 8522.993268636972 44538.944091796875 654.943115234375 13289.180043960912 313
stats: users_count 137 573
stats: finish_users_count 86 399
stats: request 505 8.729053701268567 6.536833641967708 121.385009765625 2.94287109375 8.068865301484745 1688
stats: connect 137 0.752616046989051 0.7145688088327117 110.947998046875 0.52587890625 1.227931150093606 434
stats: page 505 8.729053701268567 6.536833641967708 121.385009765625 2.94287109375 8.068865301484745 1688
stats: 200 246 1034
stats: size_rcv 6274359 26534782
stats: newphase 1 4
stats: size_sent 191142 835906
stats: connected 53 176
stats: 404 259 1159
# stats: dump at 1480554516
stats: users 216 222
stats: {recvpackets,"tsung_controller@ip-172-31-12-72"} 1 6319.0 0.0 6319 219 1578.75 12
stats: {sentpackets,"tsung_controller@ip-172-31-12-72"} 1 5220.0 0.0 5220 176 1272.5833333333333 12
stats: {cpu,"tsung_controller@ip-172-31-12-72"} 1 7.897334649555774 0.0 7.897334649555774 1.0880316518298714 2.714429474030046 13
stats: {load,"tsung_controller@ip-172-31-12-72"} 1 0.01953125 0.0 0.078125 0.0 0.032151442307692304 13
stats: {freemem,"tsung_controller@ip-172-31-12-72"} 1 3138.40625 0.0 3155.30078125 3138.40625 3150.46875 13
stats: session 115 12879.229899796195 8429.824675414206 44538.944091796875 654.943115234375 13251.206158095434 399
stats: users_count 157 730
stats: finish_users_count 115 514
stats: request 607 9.321723045587932 6.240291405284049 121.385009765625 2.94287109375 8.220892269971214 2193
stats: connect 157 0.7339520302547765 0.6636156446767714 110.947998046875 0.51708984375 1.1138888223785026 571
stats: page 607 9.321723045587932 6.240291405284049 121.385009765625 2.94287109375 8.220892269971214 2193
stats: 200 303 1337
stats: size_rcv 7687465 34222247
stats: newphase 0 4
stats: size_sent 231336 1067242
stats: connected 40 216
stats: 404 304 1463
# stats: dump at 1480554526
stats: users 234 240
stats: {recvpackets,"tsung_controller@ip-172-31-12-72"} 1 7159.0 0.0 7159 219 1943.3846153846155 13
stats: {sentpackets,"tsung_controller@ip-172-31-12-72"} 1 5933.0 0.0 5933 176 1576.2307692307693 13
stats: {cpu,"tsung_controller@ip-172-31-12-72"} 1 8.358208955223882 0.0 8.358208955223882 1.0880316518298714 3.084636986567598 14
stats: {load,"tsung_controller@ip-172-31-12-72"} 1 0.08984375 0.0 0.08984375 0.0 0.031249999999999997 14
stats: {freemem,"tsung_controller@ip-172-31-12-72"} 1 3134.8984375 0.0 3155.30078125 3134.8984375 3149.6071428571427 14
stats: session 134 13062.354355541625 7956.886106004091 44538.944091796875 654.943115234375 13167.981897970118 514
stats: users_count 152 882
stats: finish_users_count 134 648
stats: request 616 9.47972483449168 7.321965359154054 121.385009765625 2.94287109375 8.45953665597098 2800
stats: connect 151 0.7340484012831124 0.35723809597070366 110.947998046875 0.51708984375 1.0319519042968748 728
stats: page 616 9.47972483449168 7.321965359154054 121.385009765625 2.94287109375 8.45953665597098 2800
stats: 200 304 1641
stats: size_rcv 7714607 41936854
stats: newphase 0 4
stats: size_sent 237822 1305064
stats: connected 18 234
stats: 404 312 1775
# stats: dump at 1480554536
stats: users 346 347
stats: {recvpackets,"tsung_controller@ip-172-31-12-72"} 1 6754.0 0.0 7159 219 2315.9285714285716 14
stats: {sentpackets,"tsung_controller@ip-172-31-12-72"} 1 5557.0 0.0 5933 176 1887.4285714285713 14
stats: {cpu,"tsung_controller@ip-172-31-12-72"} 1 8.341608738828203 0.0 8.358208955223882 1.0880316518298714 3.4362084511446835 15
stats: {load,"tsung_controller@ip-172-31-12-72"} 1 0.1484375 0.0 0.1484375 0.0 0.03515625 15
stats: {freemem,"tsung_controller@ip-172-31-12-72"} 1 3134.5625 0.0 3155.30078125 3134.5625 3148.6265625 15
stats: session 172 14268.658433071403 8836.785302227288 44538.944091796875 654.943115234375 13146.139165430894 648
stats: users_count 284 1166
stats: finish_users_count 172 820
stats: request 975 12.762095602964743 11.102721980483725 121.385009765625 2.94287109375 8.64350501603209 3416
stats: connect 284 0.6641622194102114 0.22545385910229987 110.947998046875 0.489013671875 0.9807762172034982 879
stats: page 975 12.762095602964743 11.102721980483725 121.385009765625 2.94287109375 8.64350501603209 3416
stats: 200 506 2147
stats: size_rcv 12803389 54740243
stats: newphase 1 5
stats: size_sent 363952 1669016
stats: connected 110 344
stats: 404 470 2245
# stats: dump at 1480554546
stats: users 433 433
stats: {recvpackets,"tsung_controller@ip-172-31-12-72"} 1 12888.0 0.0 12888 219 2611.8 15
stats: {sentpackets,"tsung_controller@ip-172-31-12-72"} 1 10503.0 0.0 10503 176 2132.0666666666666 15
stats: {cpu,"tsung_controller@ip-172-31-12-72"} 1 14.271457085828343 0.0 14.271457085828343 1.0880316518298714 3.742795969124903 16
stats: {load,"tsung_controller@ip-172-31-12-72"} 1 0.12890625 0.0 0.1484375 0.0 0.042236328125 16
stats: {freemem,"tsung_controller@ip-172-31-12-72"} 1 3121.78515625 0.0 3155.30078125 3121.78515625 3147.74755859375 16
stats: session 249 12501.459011828565 8204.90601668626 47246.947021484375 654.943115234375 13381.594426448171 820
stats: users_count 336 1502
stats: finish_users_count 249 1069
stats: request 1246 16.854667161479206 13.631469485943564 121.385009765625 2.94287109375 9.55801784278211 4391
stats: connect 334 0.66658723568488 0.249605227300364 110.947998046875 0.489013671875 0.9034603312419389 1163
stats: page 1246 16.854667161479206 13.631469485943564 121.385009765625 2.94287109375 9.55801784278211 4391
stats: 200 606 2753
stats: size_rcv 15408515 70148758
stats: newphase 0 5
stats: size_sent 474738 2143754
stats: connected 86 430
stats: 404 642 2887
# stats: dump at 1480554556
stats: users 452 455
stats: {recvpackets,"tsung_controller@ip-172-31-12-72"} 1 14025.0 0.0 14025 219 3254.0625 16
stats: {sentpackets,"tsung_controller@ip-172-31-12-72"} 1 11281.0 0.0 11281 176 2655.25 16
stats: {cpu,"tsung_controller@ip-172-31-12-72"} 1 15.992102665350444 0.0 15.992102665350444 1.0880316518298714 4.362128975989812 17
stats: {load,"tsung_controller@ip-172-31-12-72"} 1 0.109375 0.0 0.1484375 0.0 0.04733455882352941 17
stats: {freemem,"tsung_controller@ip-172-31-12-72"} 1 3113.88671875 0.0 3155.30078125 3113.88671875 3146.2203584558824 17
stats: session 274 12973.034696481527 8945.788296632545 65605.03295898438 654.943115234375 13176.586270938085 1069
stats: users_count 293 1795
stats: finish_users_count 274 1343
stats: request 1273 18.8245670291634 15.243914710252254 121.385009765625 2.94287109375 11.170865998023652 5637
stats: connect 298 0.6651807951447146 0.4780238935754778 110.947998046875 0.489013671875 0.8506108897482465 1497
stats: page 1273 18.8245670291634 15.243914710252254 121.385009765625 2.94287109375 11.170865998023652 5637
stats: 200 560 3313
stats: size_rcv 14547378 84696136
stats: newphase 0 5
stats: size_sent 495746 2639500
stats: connected 22 452
stats: 404 712 3599
# stats: dump at 1480554566
stats: users 230 458
stats: {recvpackets,"tsung_controller@ip-172-31-12-72"} 1 12965.0 0.0 14025 219 3887.6470588235293 17
stats: {sentpackets,"tsung_controller@ip-172-31-12-72"} 1 10737.0 0.0 11281 176 3162.6470588235293 17
stats: {cpu,"tsung_controller@ip-172-31-12-72"} 1 15.553339980059821 0.0 15.992102665350444 1.0880316518298714 5.008238625398736 18
stats: {load,"tsung_controller@ip-172-31-12-72"} 1 0.171875 0.0 0.171875 0.0 0.05078125 18
stats: {freemem,"tsung_controller@ip-172-31-12-72"} 1 3112.296875 0.0 3155.30078125 3112.296875 3144.4240451388887 18
stats: session 265 15998.078189489976 8667.817534115135 65605.03295898438 654.943115234375 13135.057505933544 1343
stats: users_count 43 1838
stats: finish_users_count 265 1608
stats: request 669 10.330030683622944 9.380287155129155 121.385009765625 2.94287109375 12.580874885525953 6910
stats: connect 43 0.6233648255813954 0.06482898322518503 110.947998046875 0.489013671875 0.819826394933844 1795
stats: page 669 10.330030683622944 9.380287155129155 121.385009765625 2.94287109375 12.580874885525953 6910
stats: 200 164 3477
stats: size_rcv 4760384 89456520
stats: newphase 0 5
stats: size_sent 293939 2933439
stats: connected -222 230
stats: 404 503 4102
# stats: dump at 1480554576
stats: users 80 458
stats: {recvpackets,"tsung_controller@ip-172-31-12-72"} 1 2056.0 0.0 14025 219 4391.944444444444 18
stats: {sentpackets,"tsung_controller@ip-172-31-12-72"} 1 2252.0 0.0 11281 176 3583.4444444444443 18
stats: {cpu,"tsung_controller@ip-172-31-12-72"} 1 6.416584402764067 0.0 15.992102665350444 1.0880316518298714 5.5632439598545815 19
stats: {load,"tsung_controller@ip-172-31-12-72"} 1 0.140625 0.0 0.171875 0.0 0.057154605263157895 19
stats: {freemem,"tsung_controller@ip-172-31-12-72"} 1 3111.90234375 0.0 3155.30078125 3111.90234375 3142.7331414473683 19
stats: session 150 21038.894482421863 7101.44354756761 65605.03295898438 654.943115234375 13606.886163360445 1608
stats: users_count 0 1838
stats: finish_users_count 150 1758
stats: request 137 4.729410213275548 1.5076380460358936 121.385009765625 2.94287109375 12.382192371860151 7579
stats: connect 0 0 0 110.947998046875 0.489013671875 0.8152301775877312 1838
stats: page 137 4.729410213275548 1.5076380460358936 121.385009765625 2.94287109375 12.382192371860151 7579
stats: 200 1 3478
stats: size_rcv 280057 89736577
stats: newphase 0 5
stats: size_sent 63491 2996930
stats: connected -151 79
stats: 404 136 4238
# stats: dump at 1480554586
stats: users 28 458
stats: {recvpackets,"tsung_controller@ip-172-31-12-72"} 1 371.0 0.0 14025 219 4269.0 19
stats: {sentpackets,"tsung_controller@ip-172-31-12-72"} 1 515.0 0.0 11281 176 3513.3684210526317 19
stats: {cpu,"tsung_controller@ip-172-31-12-72"} 1 2.6600985221674875 0.0 15.992102665350444 1.0880316518298714 5.605910982000056 20
stats: {load,"tsung_controller@ip-172-31-12-72"} 1 0.12109375 0.0 0.171875 0.0 0.061328125 20
stats: {freemem,"tsung_controller@ip-172-31-12-72"} 1 3119.07421875 0.0 3155.30078125 3111.90234375 3141.1916015625 20
stats: session 52 32969.692420372594 8996.325269619843 73877.98291015625 654.943115234375 14241.016566010736 1758
stats: users_count 0 1838
stats: finish_users_count 52 1810
stats: request 33 5.1780007102272725 0.8784230010000406 121.385009765625 2.94287109375 12.246314824461745 7716
stats: connect 0 0 0 110.947998046875 0.489013671875 0.8152301775877312 1838
stats: page 33 5.1780007102272725 0.8784230010000406 121.385009765625 2.94287109375 12.246314824461745 7716
stats: 200 0 3478
stats: size_rcv 62634 89799211
stats: newphase 0 5
stats: size_sent 15284 3012214
stats: connected -51 28
stats: 404 33 4271
# stats: dump at 1480554596
stats: users 7 458
stats: {recvpackets,"tsung_controller@ip-172-31-12-72"} 1 104.0 0.0 14025 104 4074.1 20
stats: {sentpackets,"tsung_controller@ip-172-31-12-72"} 1 163.0 0.0 11281 163 3363.45 20
stats: {cpu,"tsung_controller@ip-172-31-12-72"} 1 1.4822134387351777 0.0 15.992102665350444 1.0880316518298714 5.465634198198505 21
stats: {load,"tsung_controller@ip-172-31-12-72"} 1 0.1015625 0.0 0.171875 0.0 0.06417410714285714 21
stats: {freemem,"tsung_controller@ip-172-31-12-72"} 1 3119.36328125 0.0 3155.30078125 3111.90234375 3140.1383928571427 21
stats: session 21 37090.58964611235 3738.2136161384406 73877.98291015625 654.943115234375 14779.077971771409 1810
stats: users_count 0 1838
stats: finish_users_count 21 1831
stats: request 5 4.594970703125 0.6855156089847576 121.385009765625 2.94287109375 12.216213602914483 7749
stats: connect 0 0 0 110.947998046875 0.489013671875 0.8152301775877312 1838
stats: page 5 4.594970703125 0.6855156089847576 121.385009765625 2.94287109375 12.216213602914483 7749
stats: 200 0 3478
stats: size_rcv 9490 89808701
stats: newphase 0 5
stats: size_sent 2315 3014529
stats: connected -20 8
stats: 404 5 4276
# stats: dump at 1480554606
stats: users 2 458
stats: {recvpackets,"tsung_controller@ip-172-31-12-72"} 1 31.0 0.0 14025 31 3885.0476190476193 21
stats: {sentpackets,"tsung_controller@ip-172-31-12-72"} 1 47.0 0.0 11281 47 3211.0476190476193 21
stats: {cpu,"tsung_controller@ip-172-31-12-72"} 1 1.0869565217391304 0.0 15.992102665350444 1.0869565217391304 5.2845696182229 22
stats: {load,"tsung_controller@ip-172-31-12-72"} 1 0.08984375 0.0 0.171875 0.0 0.06587357954545453 22
stats: {freemem,"tsung_controller@ip-172-31-12-72"} 1 3119.65234375 0.0 3155.30078125 3111.90234375 3139.1940696022725 22
stats: session 5 47072.210205078125 2883.3543341846735 73877.98291015625 654.943115234375 15034.971879560137 1831
stats: users_count 0 1838
stats: finish_users_count 5 1836
stats: request 1 5.2470703125 0.0 121.385009765625 2.94287109375 12.21129920847304 7754
stats: connect 0 0 0 110.947998046875 0.489013671875 0.8152301775877312 1838
stats: page 1 5.2470703125 0.0 121.385009765625 2.94287109375 12.21129920847304 7754
stats: 200 0 3478
stats: size_rcv 1898 89810599
stats: newphase 0 5
stats: size_sent 463 3014992
stats: connected -7 1
stats: 404 1 4277
# stats: dump at 1480554616
stats: users 0 458
stats: {recvpackets,"tsung_controller@ip-172-31-12-72"} 1 5.0 0.0 14025 5 3709.8636363636365 22
stats: {sentpackets,"tsung_controller@ip-172-31-12-72"} 1 9.0 0.0 11281 9 3067.2272727272725 22
stats: {cpu,"tsung_controller@ip-172-31-12-72"} 1 0.8884501480750246 0.0 15.992102665350444 0.8884501480750246 5.102064700984474 23
stats: {load,"tsung_controller@ip-172-31-12-72"} 1 0.0703125 0.0 0.171875 0.0 0.0669157608695652 23
stats: {freemem,"tsung_controller@ip-172-31-12-72"} 1 3119.80078125 0.0 3155.30078125 3111.90234375 3138.344429347826 23
stats: session 2 70678.52954101563 13040.485595703125 83719.01513671875 654.943115234375 15122.219260620916 1836
stats: users_count 0 1838
stats: finish_users_count 2 1838
stats: request 0 0 0 121.385009765625 2.94287109375 12.210401177667627 7755
stats: connect 0 0 0 110.947998046875 0.489013671875 0.8152301775877312 1838
stats: page 0 0 0 121.385009765625 2.94287109375 12.210401177667627 7755
stats: 200 0 3478
stats: size_rcv 0 89810599
stats: newphase 0 5
stats: size_sent 0 3014992
stats: connected -1 0
stats: 404 0 4277
# stats: dump at 1480554618
stats: users 0 458
stats: {recvpackets,"tsung_controller@ip-172-31-12-72"} 0 0 0 14025 5 3548.782608695652 23
stats: {sentpackets,"tsung_controller@ip-172-31-12-72"} 0 0 0 11281 9 2934.2608695652175 23
stats: {cpu,"tsung_controller@ip-172-31-12-72"} 0 0 0 15.992102665350444 0.8884501480750246 4.926497427946581 24
stats: {load,"tsung_controller@ip-172-31-12-72"} 0 0 0 0.171875 0.0 0.06705729166666664 24
stats: {freemem,"tsung_controller@ip-172-31-12-72"} 0 0 0 3155.30078125 3111.90234375 3137.57177734375 24
stats: session 0 0 0 83719.01513671875 654.943115234375 15182.672264190442 1838
stats: users_count 0 1838
stats: finish_users_count 0 1838
stats: request 0 0 0 121.385009765625 2.94287109375 12.210401177667627 7755
stats: connect 0 0 0 110.947998046875 0.489013671875 0.8152301775877312 1838
stats: page 0 0 0 121.385009765625 2.94287109375 12.210401177667627 7755
stats: 200 0 3478
stats: size_rcv 0 89810599
stats: newphase 0 5
stats: size_sent 0 3014992
stats: connected 0 0
stats: 404 0 4277
EndMonitor:{1480,554618,322460}
