# stats: dump at 1480608453
stats: users 6 7
stats: {freemem,"tsung_controller@ip-172-31-13-122"} 1 3156.26953125 0 3156.26953125 3156.26953125 0 0
stats: {load,"tsung_controller@ip-172-31-13-122"} 1 0.08984375 0 0.08984375 0.08984375 0 0
stats: {cpu,"tsung_controller@ip-172-31-13-122"} 1 2.7864125311214805 0 2.7864125311214805 2.7864125311214805 0 0
stats: session 1 7605.2978515625 0 7605.2978515625 7605.2978515625 0 0
stats: users_count 7 7
stats: finish_users_count 1 1
stats: request 16 31.00195312499999 35.464338391133374 146.613037109375 10.7529296875 0 0
stats: connect 7 20.440848214285715 46.793568512249266 135.06103515625 1.205078125 0 0
stats: page 15 33.077083333333334 35.96566083315223 146.613037109375 10.7529296875 0 0
stats: 302 3 3
stats: 200 13 13
stats: size_rcv 769256 769256
stats: size_sent 8352 8352
stats: connected 6 6
# stats: dump at 1480608463
stats: users 12 13
stats: {freemem,"tsung_controller@ip-172-31-13-122"} 1 3155.41796875 0.0 3156.26953125 3155.41796875 3156.26953125 1
stats: {load,"tsung_controller@ip-172-31-13-122"} 1 0.078125 0.0 0.08984375 0.078125 0.08984375 1
stats: {recvpackets,"tsung_controller@ip-172-31-13-122"} 1 818 0 818 818 0 0
stats: {sentpackets,"tsung_controller@ip-172-31-13-122"} 1 492 0 492 492 0 0
stats: {cpu,"tsung_controller@ip-172-31-13-122"} 1 2.4630541871921183 0.0 2.7864125311214805 2.4630541871921183 2.7864125311214805 1
stats: session 8 4726.497863769531 4216.127158436305 10734.796875 513.14404296875 7605.2978515625 1
stats: users_count 14 21
stats: finish_users_count 8 9
stats: request 38 282.78738563939146 1039.8984410078847 4722.569091796875 10.7529296875 31.00195312499999 16
stats: connect 14 1.3809116908482142 0.23928155237108467 135.06103515625 1.157958984375 20.440848214285715 7
stats: page 37 290.4342865815034 1052.8065421856886 4722.569091796875 10.7529296875 33.077083333333334 15
stats: 302 3 6
stats: 200 35 48
stats: size_rcv 5753175 6522431
stats: size_sent 20982 29334
stats: connected 7 13
# stats: dump at 1480608473
stats: users 12 16
stats: {freemem,"tsung_controller@ip-172-31-13-122"} 1 3154.09765625 0.0 3156.26953125 3154.09765625 3155.84375 2
stats: {load,"tsung_controller@ip-172-31-13-122"} 1 0.0703125 0.0 0.08984375 0.0703125 0.083984375 2
stats: {recvpackets,"tsung_controller@ip-172-31-13-122"} 1 3951.0 0.0 3951 818 818.0 1
stats: {sentpackets,"tsung_controller@ip-172-31-13-122"} 1 2183.0 0.0 2183 492 492.0 1
stats: {cpu,"tsung_controller@ip-172-31-13-122"} 1 2.857142857142857 0.0 2.857142857142857 2.4630541871921183 2.6247333591567994 2
stats: session 9 11566.195746527777 5031.255104862824 20588.966064453125 513.14404296875 5046.364529079861 9
stats: users_count 9 30
stats: finish_users_count 9 18
stats: request 44 790.8983931107953 1691.2975188543785 5278.822998046875 10.399169921875 208.1842945240162 54
stats: connect 9 1.6968044704861112 1.0900753566305137 135.06103515625 1.0908203125 7.734223865327381 21
stats: page 42 828.5659121558781 1722.0644617485964 5278.822998046875 10.399169921875 216.1966317983774 52
stats: 302 6 12
stats: 200 38 86
stats: size_rcv 7074513 13596944
stats: size_sent 24577 53911
stats: connected -1 12
# stats: dump at 1480608483
stats: users 21 21
stats: {freemem,"tsung_controller@ip-172-31-13-122"} 1 3153.38671875 0.0 3156.26953125 3153.38671875 3155.26171875 3
stats: {load,"tsung_controller@ip-172-31-13-122"} 1 0.05859375 0.0 0.08984375 0.05859375 0.07942708333333333 3
stats: {recvpackets,"tsung_controller@ip-172-31-13-122"} 1 5506.0 0.0 5506 818 2384.5 2
stats: {sentpackets,"tsung_controller@ip-172-31-13-122"} 1 2828.0 0.0 2828 492 1337.5 2
stats: {cpu,"tsung_controller@ip-172-31-13-122"} 1 3.216374269005848 0.0 3.216374269005848 2.4630541871921183 2.702203191818819 3
stats: session 13 7155.500319260817 5765.241049530242 20588.966064453125 133.10888671875 8306.28013780382 18
stats: users_count 22 52
stats: finish_users_count 13 31
stats: request 51 455.7549833409926 1289.7960110988768 5278.822998046875 10.048095703125 469.81103266501907 98
stats: connect 21 1.8778831845238095 1.1774264974406987 135.06103515625 1.077880859375 5.922998046875 30
stats: page 49 474.3625936702805 1312.5002338816494 5278.822998046875 10.048095703125 489.8084379155586 94
stats: 302 6 18
stats: 200 43 129
stats: size_rcv 5803770 19400714
stats: newphase 1 1
stats: size_sent 24132 78043
stats: connected 8 20
stats: 500 2 2
# stats: dump at 1480608493
stats: users 25 25
stats: {freemem,"tsung_controller@ip-172-31-13-122"} 1 3153.2734375 0.0 3156.26953125 3153.2734375 3154.79296875 4
stats: {load,"tsung_controller@ip-172-31-13-122"} 1 0.05078125 0.0 0.08984375 0.05078125 0.07421875 4
stats: {recvpackets,"tsung_controller@ip-172-31-13-122"} 1 4870.0 0.0 5506 818 3425.0 3
stats: {sentpackets,"tsung_controller@ip-172-31-13-122"} 1 2677.0 0.0 2828 492 1834.3333333333333 3
stats: {cpu,"tsung_controller@ip-172-31-13-122"} 1 3.057199211045365 0.0 3.216374269005848 2.4630541871921183 2.830745961115576 4
stats: session 11 5693.952547940341 4688.240825067617 20588.966064453125 133.10888671875 7823.6950526083665 31
stats: users_count 15 67
stats: finish_users_count 11 42
stats: request 56 384.26561192103793 1281.9332606977412 6030.14892578125 10.048095703125 464.9999016883389 149
stats: connect 15 1.7359049479166666 0.9515329852970362 135.06103515625 1.077880859375 4.257362515318627 51
stats: page 50 430.3953515625001 1349.3468833337593 6030.14892578125 10.048095703125 484.5158059713724 143
stats: 302 10 28
stats: 200 46 175
stats: size_rcv 6368798 25769512
stats: newphase 0 1
stats: size_sent 32892 110935
stats: connected 4 24
stats: 500 0 2
# stats: dump at 1480608503
stats: users 22 26
stats: {freemem,"tsung_controller@ip-172-31-13-122"} 1 3153.04296875 0.0 3156.26953125 3153.04296875 3154.4890625 5
stats: {load,"tsung_controller@ip-172-31-13-122"} 1 0.0390625 0.0 0.08984375 0.0390625 0.06953125 5
stats: {recvpackets,"tsung_controller@ip-172-31-13-122"} 1 5079.0 0.0 5506 818 3786.25 4
stats: {sentpackets,"tsung_controller@ip-172-31-13-122"} 1 2818.0 0.0 2828 492 2045.0 4
stats: {cpu,"tsung_controller@ip-172-31-13-122"} 1 3.353057199211045 0.0 3.353057199211045 2.4630541871921183 2.876036611101534 5
stats: session 24 12980.268381754557 10365.349067513373 35525.048095703125 133.10888671875 7265.905349004836 42
stats: users_count 21 88
stats: finish_users_count 24 66
stats: request 90 438.59005533854156 1481.695568395176 7013.4130859375 8.9169921875 442.94565667873474 205
stats: connect 22 1.7068980823863635 0.8062749818720444 135.06103515625 0.93994140625 3.684303977272727 66
stats: page 84 469.927952357701 1528.92551638556 7013.4130859375 8.9169921875 470.49496286026556 193
stats: 302 24 52
stats: 200 66 241
stats: size_rcv 10439199 36208711
stats: newphase 0 1
stats: size_sent 52756 163691
stats: connected -1 23
stats: 500 0 2
# stats: dump at 1480608513
stats: users 36 36
stats: {freemem,"tsung_controller@ip-172-31-13-122"} 1 3152.9296875 0.0 3156.26953125 3152.9296875 3154.248046875 6
stats: {load,"tsung_controller@ip-172-31-13-122"} 1 0.0390625 0.0 0.08984375 0.0390625 0.064453125 6
stats: {recvpackets,"tsung_controller@ip-172-31-13-122"} 1 5699.0 0.0 5699 818 4044.8 5
stats: {sentpackets,"tsung_controller@ip-172-31-13-122"} 1 3132.0 0.0 3132 492 2199.6 5
stats: {cpu,"tsung_controller@ip-172-31-13-122"} 1 3.0632411067193677 0.0 3.353057199211045 2.4630541871921183 2.955540042453119 6
stats: session 27 10093.919189453125 11060.328833740346 50629.501953125 89.170166015625 9343.855542732008 66
stats: users_count 41 129
stats: finish_users_count 27 93
stats: request 107 268.11448598130846 1031.39500692627 7013.4130859375 8.9169921875 441.6168291512182 295
stats: connect 38 4.4958753083881575 10.74167912480924 135.06103515625 0.89501953125 3.1899525035511362 88
stats: page 97 295.76933744764796 1079.4895630585074 7013.4130859375 8.9169921875 470.32301743710514 277
stats: 302 26 78
stats: 200 80 321
stats: size_rcv 8052344 44261055
stats: newphase 1 2
stats: size_sent 56762 220453
stats: connected 11 34
stats: 500 1 3
# stats: dump at 1480608523
stats: users 49 51
stats: {freemem,"tsung_controller@ip-172-31-13-122"} 1 3151.2421875 0.0 3156.26953125 3151.2421875 3154.0597098214284 7
stats: {load,"tsung_controller@ip-172-31-13-122"} 1 0.109375 0.0 0.109375 0.0390625 0.060825892857142856 7
stats: {recvpackets,"tsung_controller@ip-172-31-13-122"} 1 8003.0 0.0 8003 818 4320.5 6
stats: {sentpackets,"tsung_controller@ip-172-31-13-122"} 1 4592.0 0.0 4592 492 2355.0 6
stats: {cpu,"tsung_controller@ip-172-31-13-122"} 1 5.680705190989226 0.0 5.680705190989226 2.4630541871921183 2.9709259087768687 7
stats: session 32 7881.656684875489 7485.36651589272 50629.501953125 29.03515625 9561.615956296202 93
stats: users_count 45 174
stats: finish_users_count 32 125
stats: request 148 321.02030656144433 1061.3617299493487 8956.034912109375 8.9169921875 395.43585721295864 402
stats: connect 46 1.4135901409646734 0.3824497606356105 135.06103515625 0.89501953125 3.583802238343254 126
stats: page 131 309.3764443433921 1082.5775127769168 8956.034912109375 8.9169921875 425.051073696524 374
stats: 302 45 123
stats: 200 103 424
stats: size_rcv 12229125 56490180
stats: newphase 0 2
stats: size_sent 96068 316521
stats: connected 14 48
stats: 500 0 3
# stats: dump at 1480608533
stats: users 60 61
stats: {freemem,"tsung_controller@ip-172-31-13-122"} 1 3149.6796875 0.0 3156.26953125 3149.6796875 3153.70751953125 8
stats: {load,"tsung_controller@ip-172-31-13-122"} 1 0.08984375 0.0 0.109375 0.0390625 0.06689453125 8
stats: {recvpackets,"tsung_controller@ip-172-31-13-122"} 1 8734.0 0.0 8734 818 4846.571428571428 7
stats: {sentpackets,"tsung_controller@ip-172-31-13-122"} 1 5028.0 0.0 5028 492 2674.5714285714284 7
stats: {cpu,"tsung_controller@ip-172-31-13-122"} 1 5.237154150197629 0.0 5.680705190989226 2.4630541871921183 3.309648319053413 8
stats: session 24 10628.577779134113 7639.722885152155 50629.501953125 29.03515625 9131.5463828125 125
stats: users_count 35 209
stats: finish_users_count 24 149
stats: request 125 1658.01993359375 2408.732973198403 11971.173828125 8.9169921875 375.41130903764207 550
stats: connect 37 1.5506162901182432 0.9685067618162492 135.06103515625 0.89501953125 3.0033966774164242 172
stats: page 113 1853.8244218404313 2575.9058440572185 11971.173828125 8.9169921875 395.0443876663056 505
stats: 302 30 153
stats: 200 93 517
stats: size_rcv 14290212 70780392
stats: newphase 0 2
stats: size_sent 77879 394400
stats: connected 13 61
stats: 500 2 5
# stats: dump at 1480608543
stats: users 113 113
stats: {freemem,"tsung_controller@ip-172-31-13-122"} 1 3148.69140625 0.0 3156.26953125 3148.69140625 3153.2599826388887 9
stats: {load,"tsung_controller@ip-172-31-13-122"} 1 0.078125 0.0 0.109375 0.0390625 0.06944444444444445 9
stats: {recvpackets,"tsung_controller@ip-172-31-13-122"} 1 10199.0 0.0 10199 818 5332.5 8
stats: {sentpackets,"tsung_controller@ip-172-31-13-122"} 1 5428.0 0.0 5428 492 2968.75 8
stats: {cpu,"tsung_controller@ip-172-31-13-122"} 1 5.658536585365854 0.0 5.680705190989226 2.4630541871921183 3.523815633624993 9
stats: session 21 12597.308035714286 10233.85524593548 50629.501953125 29.03515625 9372.678956716652 149
stats: users_count 74 283
stats: finish_users_count 21 170
stats: request 88 3712.244229403409 3512.267059440813 13398.013916015625 8.9169921875 612.9314246961806 675
stats: connect 70 1.4681919642857146 0.591616478896035 135.06103515625 0.89501953125 2.746205891148325 209
stats: page 87 3809.5927874685704 3530.797230015837 13398.013916015625 8.9169921875 661.7792482839047 618
stats: 302 8 161
stats: 200 80 597
stats: size_rcv 12751720 83532112
stats: newphase 1 3
stats: size_sent 58511 452911
stats: connected 48 109
stats: 500 0 5
# stats: dump at 1480608553
stats: users 152 152
stats: {freemem,"tsung_controller@ip-172-31-13-122"} 1 3144.71875 0.0 3156.26953125 3144.71875 3152.803125 10
stats: {load,"tsung_controller@ip-172-31-13-122"} 1 0.0703125 0.0 0.109375 0.0390625 0.0703125 10
stats: {recvpackets,"tsung_controller@ip-172-31-13-122"} 1 10968.0 0.0 10968 818 5873.222222222223 9
stats: {sentpackets,"tsung_controller@ip-172-31-13-122"} 1 6387.0 0.0 6387 492 3242.0 9
stats: {cpu,"tsung_controller@ip-172-31-13-122"} 1 7.142857142857142 0.0 7.142857142857142 2.4630541871921183 3.737287728799079 10
stats: session 47 14123.867701753657 13747.37113877563 53711.342041015625 29.03515625 9771.015490004596 170
stats: users_count 86 369
stats: finish_users_count 47 217
stats: request 139 3412.631923757869 3004.431924187842 13414.052001953125 8.9169921875 970.3882095116932 763
stats: connect 89 1.5140476869733144 0.6460754599836815 135.06103515625 0.89501953125 2.4255572356630823 279
stats: page 131 3617.563580927959 3020.298937344728 13414.052001953125 8.9169921875 1050.232833970523 705
stats: 302 21 182
stats: 200 118 715
stats: size_rcv 14517696 98049808
stats: newphase 0 3
stats: size_sent 89760 542671
stats: connected 42 151
stats: 500 0 5
# stats: dump at 1480608563
stats: users 175 211
stats: {freemem,"tsung_controller@ip-172-31-13-122"} 1 3143.5390625 0.0 3156.26953125 3143.5390625 3152.068181818182 11
stats: {load,"tsung_controller@ip-172-31-13-122"} 1 0.05859375 0.0 0.109375 0.0390625 0.0703125 11
stats: {recvpackets,"tsung_controller@ip-172-31-13-122"} 1 10999.0 0.0 10999 818 6382.7 10
stats: {sentpackets,"tsung_controller@ip-172-31-13-122"} 1 6081.0 0.0 6387 492 3556.5 10
stats: {cpu,"tsung_controller@ip-172-31-13-122"} 1 6.607495069033531 0.0 7.142857142857142 2.4630541871921183 4.046884948258903 11
stats: session 57 15541.381668893915 13112.797854575752 53711.342041015625 29.03515625 10713.799148770522 217
stats: users_count 80 449
stats: finish_users_count 57 274
stats: request 293 6596.875424954674 4636.669052956817 17711.427001953125 1.952880859375 1346.7428395341083 902
stats: connect 81 1.7403669945987654 1.1797487456807814 135.06103515625 0.89501953125 2.2051106328549595 368
stats: page 277 6970.262732330212 4569.177576093347 17711.427001953125 1.952880859375 1452.5298768550015 836
stats: 302 28 210
stats: 200 261 976
stats: size_rcv 27676877 125726685
stats: newphase 0 3
stats: size_sent 99803 642474
stats: connected 27 178
stats: 503 4 4
stats: 500 0 5
# stats: dump at 1480608573
stats: users 149 211
stats: {freemem,"tsung_controller@ip-172-31-13-122"} 1 3134.56640625 0.0 3156.26953125 3134.56640625 3151.357421875 12
stats: {load,"tsung_controller@ip-172-31-13-122"} 1 0.05078125 0.0 0.109375 0.0390625 0.0693359375 12
stats: {recvpackets,"tsung_controller@ip-172-31-13-122"} 1 16096.0 0.0 16096 818 6802.363636363636 11
stats: {sentpackets,"tsung_controller@ip-172-31-13-122"} 1 9415.0 0.0 9415 492 3786.0 11
stats: {cpu,"tsung_controller@ip-172-31-13-122"} 1 8.217821782178218 0.0 8.217821782178218 2.4630541871921183 4.2602691249901214 12
stats: session 26 16400.79454627404 13138.39463809969 53711.342041015625 29.03515625 11718.077264270643 274
stats: users_count 0 449
stats: finish_users_count 26 300
stats: request 38 11141.855243883634 3900.789562703214 25713.77001953125 1.952880859375 2634.0138416497784 1195
stats: connect 0 0 0 135.06103515625 0.89501953125 2.121270466488029 449
stats: page 36 11265.15670437283 4006.8461003479033 25713.77001953125 1.952880859375 2825.766176016397 1113
stats: 302 3 213
stats: 200 34 1010
stats: size_rcv 7085531 132812216
stats: newphase 0 3
stats: size_sent 71445 713919
stats: connected -28 150
stats: 503 0 4
stats: 500 1 6
# stats: dump at 1480608583
stats: users 146 211
stats: {freemem,"tsung_controller@ip-172-31-13-122"} 1 3134.23046875 0.0 3156.26953125 3134.23046875 3150.0658052884614 13
stats: {load,"tsung_controller@ip-172-31-13-122"} 1 0.0390625 0.0 0.109375 0.0390625 0.06790865384615384 13
stats: {recvpackets,"tsung_controller@ip-172-31-13-122"} 1 8837.0 0.0 16096 818 7576.833333333333 12
stats: {sentpackets,"tsung_controller@ip-172-31-13-122"} 1 4505.0 0.0 9415 492 4255.083333333333 12
stats: {cpu,"tsung_controller@ip-172-31-13-122"} 1 4.585365853658536 0.0 8.217821782178218 2.4630541871921183 4.564696252466129 13
stats: session 3 44078.561279296875 5441.250690947876 53711.342041015625 29.03515625 12123.91276204427 300
stats: users_count 0 449
stats: finish_users_count 3 303
stats: request 37 14427.499412742822 2306.1236470078147 25713.77001953125 1.952880859375 2896.2181995450637 1233
stats: connect 0 0 0 135.06103515625 0.89501953125 2.121270466488029 449
stats: page 33 14187.241980350378 2298.794343072628 25713.77001953125 1.952880859375 3090.185722596755 1149
stats: 302 9 222
stats: 200 28 1038
stats: size_rcv 13756162 146568378
stats: newphase 0 3
stats: size_sent 44955 758874
stats: connected -4 146
stats: 503 0 4
stats: 500 0 6
# stats: dump at 1480608593
stats: users 121 211
stats: {freemem,"tsung_controller@ip-172-31-13-122"} 1 3129.8515625 0.0 3156.26953125 3129.8515625 3148.9347098214284 14
stats: {load,"tsung_controller@ip-172-31-13-122"} 1 0.03125 0.0 0.109375 0.03125 0.06584821428571427 14
stats: {recvpackets,"tsung_controller@ip-172-31-13-122"} 1 9728.0 0.0 16096 818 7673.7692307692305 13
stats: {sentpackets,"tsung_controller@ip-172-31-13-122"} 1 4505.0 0.0 9415 492 4274.307692307692 13
stats: {cpu,"tsung_controller@ip-172-31-13-122"} 1 4.536679536679537 0.0 8.217821782178218 2.4630541871921183 4.566172652551301 14
stats: session 25 50018.16869140625 7947.458544653587 78264.87084960938 29.03515625 12440.29542063093 303
stats: users_count 0 449
stats: finish_users_count 25 328
stats: request 154 11062.809039227373 6610.900846808671 25713.77001953125 1.952880859375 3232.1689120555493 1270
stats: connect 0 0 0 135.06103515625 0.89501953125 2.121270466488029 449
stats: page 109 14602.50102583859 5804.493267215629 25713.77001953125 1.952880859375 3400.0020140568813 1182
stats: 302 64 286
stats: 200 88 1126
stats: size_rcv 7577515 154145893
stats: newphase 0 3
stats: size_sent 93999 852873
stats: connected -25 121
stats: 503 0 4
stats: 500 2 8
# stats: dump at 1480608603
stats: users 112 211
stats: {freemem,"tsung_controller@ip-172-31-13-122"} 1 3130.49609375 0.0 3156.26953125 3129.8515625 3147.6625 15
stats: {load,"tsung_controller@ip-172-31-13-122"} 1 0.03125 0.0 0.109375 0.03125 0.06354166666666665 15
stats: {recvpackets,"tsung_controller@ip-172-31-13-122"} 1 1696.0 0.0 16096 818 7820.5 14
stats: {sentpackets,"tsung_controller@ip-172-31-13-122"} 1 1021.0 0.0 9415 492 4290.785714285715 14
stats: {cpu,"tsung_controller@ip-172-31-13-122"} 1 2.6548672566371683 0.0 8.217821782178218 2.4630541871921183 4.5642064448265165 15
stats: session 9 58407.168646918406 4750.416820296762 78264.87084960938 29.03515625 15304.462590659537 328
stats: users_count 0 449
stats: finish_users_count 9 337
stats: request 65 13016.732542067308 4573.81748709195 31970.614990234375 1.952880859375 4079.021847156997 1424
stats: connect 0 0 0 135.06103515625 0.89501953125 2.121270466488029 449
stats: page 63 16194.98567320809 5904.9031264451105 31970.614990234375 1.952880859375 4345.836554943176 1291
stats: 302 19 305
stats: 200 46 1172
stats: size_rcv 9357633 163503526
stats: newphase 0 3
stats: size_sent 45946 898819
stats: connected -9 112
stats: 503 0 4
stats: 500 0 8
# stats: dump at 1480608613
stats: users 110 211
stats: {freemem,"tsung_controller@ip-172-31-13-122"} 1 3130.2578125 0.0 3156.26953125 3129.8515625 3146.589599609375 16
stats: {load,"tsung_controller@ip-172-31-13-122"} 1 0.1015625 0.0 0.109375 0.03125 0.061523437499999986 16
stats: {recvpackets,"tsung_controller@ip-172-31-13-122"} 1 7506.0 0.0 16096 818 7412.2 15
stats: {sentpackets,"tsung_controller@ip-172-31-13-122"} 1 3805.0 0.0 9415 492 4072.8000000000006 15
stats: {cpu,"tsung_controller@ip-172-31-13-122"} 1 3.645320197044335 0.0 8.217821782178218 2.4630541871921183 4.444872745564683 16
stats: session 2 65521.93408203125 2388.75390625 78264.87084960938 29.03515625 16455.57343489197 337
stats: users_count 0 449
stats: finish_users_count 2 339
stats: request 17 21059.2970904182 1819.4815105332202 31970.614990234375 1.952880859375 4469.183831824002 1489
stats: connect 0 0 0 135.06103515625 0.89501953125 2.121270466488029 449
stats: page 17 21059.2970904182 1819.4815105332202 31970.614990234375 1.952880859375 4897.163286442947 1354
stats: 302 1 306
stats: 200 16 1188
stats: size_rcv 9120503 172624029
stats: newphase 0 3
stats: size_sent 14441 913260
stats: connected -2 110
stats: 503 0 4
stats: 500 0 8
# stats: dump at 1480608623
stats: users 81 211
stats: {freemem,"tsung_controller@ip-172-31-13-122"} 1 3130.6328125 0.0 3156.26953125 3129.8515625 3145.62890625 17
stats: {load,"tsung_controller@ip-172-31-13-122"} 1 0.078125 0.0 0.109375 0.03125 0.06387867647058822 17
stats: {recvpackets,"tsung_controller@ip-172-31-13-122"} 1 5424.0 0.0 16096 818 7418.0625 16
stats: {sentpackets,"tsung_controller@ip-172-31-13-122"} 1 2733.0 0.0 9415 492 4056.0625000000005 16
stats: {cpu,"tsung_controller@ip-172-31-13-122"} 1 3.3333333333333335 0.0 8.217821782178218 2.4630541871921183 4.397840242710545 17
stats: session 29 73866.45905172414 8647.398744123979 97165.748046875 29.03515625 16745.050488857392 339
stats: users_count 0 449
stats: finish_users_count 29 368
stats: request 113 20704.611472880955 10844.376859740161 34083.552978515625 1.952880859375 4656.45602664213 1506
stats: connect 0 0 0 135.06103515625 0.89501953125 2.121270466488029 449
stats: page 101 22429.170158763918 9909.212660505043 36903.8662109375 1.952880859375 5097.569030182975 1371
stats: 302 78 384
stats: 200 35 1223
stats: size_rcv 2267390 174891419
stats: newphase 0 3
stats: size_sent 31544 944804
stats: connected -29 81
stats: 503 0 4
stats: 500 0 8
# stats: dump at 1480608633
stats: users 48 211
stats: {freemem,"tsung_controller@ip-172-31-13-122"} 1 3131.2109375 0.0 3156.26953125 3129.8515625 3144.7957899305557 18
stats: {load,"tsung_controller@ip-172-31-13-122"} 1 0.0703125 0.0 0.109375 0.03125 0.06467013888888888 18
stats: {recvpackets,"tsung_controller@ip-172-31-13-122"} 1 1855.0 0.0 16096 818 7300.764705882353 17
stats: {sentpackets,"tsung_controller@ip-172-31-13-122"} 1 1133.0 0.0 9415 492 3978.235294117647 17
stats: {cpu,"tsung_controller@ip-172-31-13-122"} 1 2.0689655172413794 0.0 8.217821782178218 2.0689655172413794 4.338700969967366 18
stats: session 33 74526.51191850139 6967.22947564829 97165.748046875 29.03515625 21246.465837561565 368
stats: users_count 0 449
stats: finish_users_count 33 401
stats: request 35 6788.8936802455355 11989.263872596171 41444.13916015625 1.952880859375 5776.55581998678 1619
stats: connect 0 0 0 135.06103515625 0.89501953125 2.121270466488029 449
stats: page 35 6788.8936802455355 11989.263872596171 41444.13916015625 1.952880859375 6286.761770663054 1472
stats: 302 25 409
stats: 200 9 1232
stats: size_rcv 3694031 178585450
stats: newphase 0 3
stats: size_sent 28194 972998
stats: connected -33 48
stats: 503 0 4
stats: 500 1 9
# stats: dump at 1480608643
stats: users 1 211
stats: {freemem,"tsung_controller@ip-172-31-13-122"} 1 3131.54296875 0.0 3156.26953125 3129.8515625 3144.0807976973683 19
stats: {load,"tsung_controller@ip-172-31-13-122"} 1 0.05859375 0.0 0.109375 0.03125 0.06496710526315788 19
stats: {recvpackets,"tsung_controller@ip-172-31-13-122"} 1 5291.0 0.0 16096 818 6998.222222222223 18
stats: {sentpackets,"tsung_controller@ip-172-31-13-122"} 1 2821.0 0.0 9415 492 3820.1666666666665 18
stats: {cpu,"tsung_controller@ip-172-31-13-122"} 1 3.3398821218074657 0.0 8.217821782178218 2.0689655172413794 4.219241209297577 19
stats: session 47 82859.89619867851 6095.885437293427 102848.94189453125 29.03515625 25631.108033748635 401
stats: users_count 0 449
stats: finish_users_count 47 448
stats: request 61 10038.80584416624 9835.315428385875 41444.13916015625 1.952880859375 5797.977721503743 1654
stats: connect 0 0 0 135.06103515625 0.89501953125 2.121270466488029 449
stats: page 61 11648.103635694162 11882.833073202666 44393.748046875 1.952880859375 6298.4237592731315 1507
stats: 302 32 441
stats: 200 26 1258
stats: size_rcv 3849199 182434649
stats: newphase 0 3
stats: size_sent 14058 987056
stats: connected -47 1
stats: 503 0 4
stats: 500 3 12
# stats: dump at 1480608652
stats: users 0 211
stats: {freemem,"tsung_controller@ip-172-31-13-122"} 1 3135.9765625 0.0 3156.26953125 3129.8515625 3143.45390625 20
stats: {load,"tsung_controller@ip-172-31-13-122"} 1 0.05078125 0.0 0.109375 0.03125 0.06464843749999999 20
stats: {recvpackets,"tsung_controller@ip-172-31-13-122"} 1 134.0 0.0 16096 134 6908.368421052632 19
stats: {sentpackets,"tsung_controller@ip-172-31-13-122"} 1 113.0 0.0 9415 113 3767.5789473684213 19
stats: {cpu,"tsung_controller@ip-172-31-13-122"} 1 1.0869565217391304 0.0 8.217821782178218 1.0869565217391304 4.175273254923072 20
stats: session 1 95029.13989257813 0.0 102848.94189453125 29.03515625 31635.021077837264 448
stats: users_count 0 449
stats: finish_users_count 1 449
stats: request 1 11.6630859375 0.0 41444.13916015625 1.952880859375 5948.817672222351 1715
stats: connect 0 0 0 135.06103515625 0.89501953125 2.121270466488029 449
stats: page 1 11.6630859375 0.0 44393.748046875 1.952880859375 6506.54268303696 1568
stats: 302 0 441
stats: 200 1 1259
stats: size_rcv 27199 182461848
stats: newphase 0 3
stats: size_sent 698 987754
stats: connected -1 0
stats: 503 0 4
stats: 500 0 12
EndMonitor:{1480,608652,517495}
