# stats: dump at 1480611740
stats: users 10 10
stats: {freemem,"tsung_controller@ip-172-31-13-122"} 1 3155.0390625 0 3155.0390625 3155.0390625 0 0
stats: {load,"tsung_controller@ip-172-31-13-122"} 1 0.0 0 0.0 0.0 0 0
stats: {cpu,"tsung_controller@ip-172-31-13-122"} 1 3.0526022747941997 0 3.0526022747941997 3.0526022747941997 0 0
stats: users_count 10 10
stats: finish_users_count 0 0
stats: request 25 63.99498046875 65.12448501215185 255.055908203125 10.009033203125 0 0
stats: connect 10 13.29404296875 35.02646019646652 118.360107421875 1.14501953125 0 0
stats: page 25 63.99498046875 65.12448501215185 255.055908203125 10.009033203125 0 0
stats: 200 24 24
stats: size_rcv 2534700 2534700
stats: size_sent 13066 13066
stats: connected 10 10
stats: 500 1 1
# stats: dump at 1480611750
stats: users 19 19
stats: {freemem,"tsung_controller@ip-172-31-13-122"} 1 3154.6953125 0.0 3155.0390625 3154.6953125 3155.0390625 1
stats: {load,"tsung_controller@ip-172-31-13-122"} 1 0.0 0.0 0.0 0.0 0.0 1
stats: {recvpackets,"tsung_controller@ip-172-31-13-122"} 1 2362 0 2362 2362 0 0
stats: {sentpackets,"tsung_controller@ip-172-31-13-122"} 1 1199 0 1199 1199 0 0
stats: {cpu,"tsung_controller@ip-172-31-13-122"} 1 3.045186640471513 0.0 3.0526022747941997 3.045186640471513 3.0526022747941997 1
stats: users_count 9 19
stats: finish_users_count 0 0
stats: request 56 516.1622706821985 1295.2856706138307 4942.348876953125 9.85400390625 63.99498046875 25
stats: connect 9 1.8775770399305556 1.3654735181033426 118.360107421875 1.059814453125 13.29404296875 10
stats: page 55 525.5510786576707 1305.2114265972034 4942.348876953125 9.85400390625 63.99498046875 25
stats: 302 2 2
stats: 200 53 77
stats: size_rcv 10045405 12580105
stats: size_sent 35149 48215
stats: connected 9 19
stats: 500 1 2
# stats: dump at 1480611760
stats: users 27 27
stats: {freemem,"tsung_controller@ip-172-31-13-122"} 1 3153.25390625 0.0 3155.0390625 3153.25390625 3154.8671875 2
stats: {load,"tsung_controller@ip-172-31-13-122"} 1 0.0 0.0 0.0 0.0 0.0 2
stats: {recvpackets,"tsung_controller@ip-172-31-13-122"} 1 6920.0 0.0 6920 2362 2362.0 1
stats: {sentpackets,"tsung_controller@ip-172-31-13-122"} 1 3494.0 0.0 3494 1199 1199.0 1
stats: {cpu,"tsung_controller@ip-172-31-13-122"} 1 3.165182987141444 0.0 3.165182987141444 3.045186640471513 3.0488944576328563 2
stats: session 3 22230.198893229168 4827.419681998054 28033.15283203125 16214.197021484375 0 0
stats: users_count 11 30
stats: finish_users_count 3 3
stats: request 95 698.4028962787829 1567.3909800034783 6963.998046875 8.991943359375 376.60446506076374 81
stats: connect 11 1.5908203125 0.37468911780530817 118.360107421875 1.059814453125 7.886243318256579 19
stats: page 91 729.1101744934753 1596.6248854522344 6963.998046875 8.991943359375 381.314797973633 80
stats: 302 9 11
stats: 200 86 163
stats: size_rcv 14562894 27142999
stats: size_sent 57026 105241
stats: connected 8 27
stats: 500 0 2
# stats: dump at 1480611770
stats: users 37 37
stats: {freemem,"tsung_controller@ip-172-31-13-122"} 1 3150.59375 0.0 3155.0390625 3150.59375 3154.3294270833335 3
stats: {load,"tsung_controller@ip-172-31-13-122"} 1 0.078125 0.0 0.078125 0.0 0.0 3
stats: {recvpackets,"tsung_controller@ip-172-31-13-122"} 1 10092.0 0.0 10092 2362 4641.0 2
stats: {sentpackets,"tsung_controller@ip-172-31-13-122"} 1 4960.0 0.0 4960 1199 2346.5 2
stats: {cpu,"tsung_controller@ip-172-31-13-122"} 1 3.6669970267591676 0.0 3.6669970267591676 3.045186640471513 3.0876573008023853 3
stats: session 6 23490.376831054688 6154.154533413335 30055.9990234375 13019.02099609375 22230.198893229168 3
stats: users_count 16 46
stats: finish_users_count 6 9
stats: request 118 382.6898110599841 1154.7825102465413 6963.998046875 8.991943359375 550.302481911399 176
stats: connect 15 1.6335774739583333 0.5116026292173449 118.360107421875 1.059814453125 5.577921549479167 30
stats: page 112 403.19927324567533 1181.886678315135 6963.998046875 8.991943359375 566.3988872327303 171
stats: 302 19 30
stats: 200 96 259
stats: size_rcv 10389162 37532161
stats: newphase 1 1
stats: size_sent 77727 182968
stats: connected 9 36
stats: 500 3 5
# stats: dump at 1480611780
stats: users 50 51
stats: {freemem,"tsung_controller@ip-172-31-13-122"} 1 3149.140625 0.0 3155.0390625 3149.140625 3153.3955078125 4
stats: {load,"tsung_controller@ip-172-31-13-122"} 1 0.0703125 0.0 0.078125 0.0 0.01953125 4
stats: {recvpackets,"tsung_controller@ip-172-31-13-122"} 1 9414.0 0.0 10092 2362 6458.0 3
stats: {sentpackets,"tsung_controller@ip-172-31-13-122"} 1 4669.0 0.0 4960 1199 3217.6666666666665 3
stats: {cpu,"tsung_controller@ip-172-31-13-122"} 1 4.2198233562316 0.0 4.2198233562316 3.045186640471513 3.232492232291581 4
stats: session 7 28095.7099609375 7733.329351751286 40261.118896484375 13019.02099609375 23070.31751844618 9
stats: users_count 20 66
stats: finish_users_count 7 16
stats: request 152 341.54415251079354 1119.8600551751347 6963.998046875 8.991943359375 483.02936912069504 294
stats: connect 20 1.49539794921875 0.4005825961386059 118.360107421875 0.971923828125 4.263140190972222 45
stats: page 142 365.6067083654269 1154.8315761763895 6963.998046875 8.991943359375 501.81105413537995 283
stats: 302 25 55
stats: 200 126 385
stats: size_rcv 15485000 53017161
stats: newphase 0 1
stats: size_sent 95517 278485
stats: connected 13 49
stats: 500 2 7
# stats: dump at 1480611790
stats: users 57 58
stats: {freemem,"tsung_controller@ip-172-31-13-122"} 1 3147.83203125 0.0 3155.0390625 3147.83203125 3152.54453125 5
stats: {load,"tsung_controller@ip-172-31-13-122"} 1 0.05859375 0.0 0.078125 0.0 0.0296875 5
stats: {recvpackets,"tsung_controller@ip-172-31-13-122"} 1 10964.0 0.0 10964 2362 7197.0 4
stats: {sentpackets,"tsung_controller@ip-172-31-13-122"} 1 5672.0 0.0 5672 1199 3580.5 4
stats: {cpu,"tsung_controller@ip-172-31-13-122"} 1 5.133267522211254 0.0 5.133267522211254 3.045186640471513 3.4299584570795845 5
stats: session 12 30919.32411702474 8324.52133923121 49686.0791015625 13019.02099609375 25268.926712036133 16
stats: users_count 19 85
stats: finish_users_count 12 28
stats: request 186 491.67034977738575 1449.2458262907749 8448.1689453125 8.56396484375 434.81019215947305 446
stats: connect 19 1.7557180304276316 1.0905876026572996 118.360107421875 0.971923828125 3.4115271935096154 65
stats: page 176 519.6142508766866 1485.024676195105 8448.1689453125 8.56396484375 456.3027786075368 425
stats: 302 33 88
stats: 200 151 536
stats: size_rcv 23202437 76219598
stats: newphase 0 1
stats: size_sent 122604 401089
stats: connected 7 56
stats: 500 1 8
# stats: dump at 1480611800
stats: users 85 85
stats: {freemem,"tsung_controller@ip-172-31-13-122"} 1 3147.21484375 0.0 3155.0390625 3147.21484375 3151.7591145833335 6
stats: {load,"tsung_controller@ip-172-31-13-122"} 1 0.12109375 0.0 0.12109375 0.0 0.034505208333333336 6
stats: {recvpackets,"tsung_controller@ip-172-31-13-122"} 1 15481.0 0.0 15481 2362 7950.4 5
stats: {sentpackets,"tsung_controller@ip-172-31-13-122"} 1 7908.0 0.0 7908 1199 3998.8 5
stats: {cpu,"tsung_controller@ip-172-31-13-122"} 1 7.065750736015702 0.0 7.065750736015702 3.045186640471513 3.7138433012681964 6
stats: session 14 28581.29377092634 6266.531499940329 49686.0791015625 13019.02099609375 27690.52559988839 28
stats: users_count 42 127
stats: finish_users_count 14 42
stats: request 266 497.85790832060667 1690.4578446442003 11127.14892578125 8.56396484375 451.544352471074 632
stats: connect 41 2.331120188643293 4.021641850928739 118.360107421875 0.971923828125 3.0369989304315474 84
stats: page 253 523.4465930320531 1729.6764652115548 11127.14892578125 8.56396484375 474.8432430324459 601
stats: 302 41 129
stats: 200 222 758
stats: size_rcv 35378089 111597687
stats: newphase 1 2
stats: size_sent 165078 566167
stats: connected 27 83
stats: 500 3 11
# stats: dump at 1480611810
stats: users 111 114
stats: {freemem,"tsung_controller@ip-172-31-13-122"} 1 3144.6796875 0.0 3155.0390625 3144.6796875 3151.109933035714 7
stats: {load,"tsung_controller@ip-172-31-13-122"} 1 0.1015625 0.0 0.12109375 0.0 0.046875 7
stats: {recvpackets,"tsung_controller@ip-172-31-13-122"} 1 27551.0 0.0 27551 2362 9205.5 6
stats: {sentpackets,"tsung_controller@ip-172-31-13-122"} 1 14331.0 0.0 14331 1199 4650.333333333333 6
stats: {cpu,"tsung_controller@ip-172-31-13-122"} 1 10.385756676557865 0.0 10.385756676557865 3.045186640471513 4.19268722051784 7
stats: session 11 30729.571866122158 7986.9089603107695 49686.0791015625 13019.02099609375 27987.448323567707 42
stats: users_count 37 164
stats: finish_users_count 11 53
stats: request 284 957.3275387186402 2334.5955265479365 11127.14892578125 8.56396484375 465.26306723273956 898
stats: connect 37 1.832150021114865 1.3041016233521123 118.360107421875 0.971923828125 2.805470703125 125
stats: page 266 1022.1189726635926 2412.082371232833 11127.14892578125 8.56396484375 489.2421277512991 854
stats: 302 41 170
stats: 200 240 998
stats: size_rcv 33349526 144947213
stats: newphase 0 2
stats: size_sent 187179 753346
stats: connected 27 110
stats: 500 4 15
# stats: dump at 1480611820
stats: users 131 131
stats: {freemem,"tsung_controller@ip-172-31-13-122"} 1 3139.0234375 0.0 3155.0390625 3139.0234375 3150.30615234375 8
stats: {load,"tsung_controller@ip-172-31-13-122"} 1 0.08984375 0.0 0.12109375 0.0 0.0537109375 8
stats: {recvpackets,"tsung_controller@ip-172-31-13-122"} 1 25611.0 0.0 27551 2362 11826.285714285714 7
stats: {sentpackets,"tsung_controller@ip-172-31-13-122"} 1 13181.0 0.0 14331 1199 6033.285714285715 7
stats: {cpu,"tsung_controller@ip-172-31-13-122"} 1 10.41869522882181 0.0 10.41869522882181 3.045186640471513 4.9668209025228425 8
stats: session 17 33347.52612304689 12531.150696401857 75444.9111328125 13019.02099609375 28556.568304097877 53
stats: users_count 37 201
stats: finish_users_count 17 70
stats: request 348 1056.8224599553243 2759.705772292159 12877.35009765625 8.410888671875 583.4917558131083 1182
stats: connect 39 3.1092810997596154 6.13153354171301 118.360107421875 0.971923828125 2.5831690658757718 162
stats: page 326 1128.151591856788 2838.8353270282314 12877.35009765625 8.410888671875 615.8003784179688 1120
stats: 302 61 231
stats: 200 284 1282
stats: size_rcv 45208267 190155480
stats: newphase 0 2
stats: size_sent 233691 987037
stats: connected 20 130
stats: 500 2 17
# stats: dump at 1480611830
stats: users 185 185
stats: {freemem,"tsung_controller@ip-172-31-13-122"} 1 3138.0625 0.0 3155.0390625 3138.0625 3149.0525173611113 9
stats: {load,"tsung_controller@ip-172-31-13-122"} 1 0.078125 0.0 0.12109375 0.0 0.05772569444444445 9
stats: {recvpackets,"tsung_controller@ip-172-31-13-122"} 1 31009.0 0.0 31009 2362 13549.375 8
stats: {sentpackets,"tsung_controller@ip-172-31-13-122"} 1 16053.0 0.0 16053 1199 6926.75 8
stats: {cpu,"tsung_controller@ip-172-31-13-122"} 1 12.378167641325536 0.0 12.378167641325536 3.045186640471513 5.572584716556062 9
stats: session 21 41153.186918712796 14091.276024362134 84280.68017578125 13019.02099609375 29720.086631556922 70
stats: users_count 75 276
stats: finish_users_count 21 91
stats: request 456 1077.8774333753095 2677.3217664146946 13569.266845703125 8.281982421875 691.1512885199653 1530
stats: connect 75 1.9233040364583323 1.6879660820772426 118.360107421875 0.900146484375 2.68525050528607 201
stats: page 429 1145.7254248843594 2748.602658038003 13569.266845703125 8.281982421875 731.3097114615754 1446
stats: 302 71 302
stats: 200 377 1659
stats: size_rcv 51381874 241537354
stats: newphase 1 3
stats: size_sent 296114 1283151
stats: connected 54 184
stats: 500 8 25
# stats: dump at 1480611840
stats: users 248 248
stats: {freemem,"tsung_controller@ip-172-31-13-122"} 1 3129.046875 0.0 3155.0390625 3129.046875 3147.953515625 10
stats: {load,"tsung_controller@ip-172-31-13-122"} 1 0.05859375 0.0 0.12109375 0.0 0.059765625 10
stats: {recvpackets,"tsung_controller@ip-172-31-13-122"} 1 39996.0 0.0 39996 2362 15489.333333333334 9
stats: {sentpackets,"tsung_controller@ip-172-31-13-122"} 1 20469.0 0.0 20469 1199 7940.777777777777 9
stats: {cpu,"tsung_controller@ip-172-31-13-122"} 1 15.068493150684931 0.0 15.068493150684931 3.045186640471513 6.253143009033009 10
stats: session 22 38728.05914861506 10097.827379247845 84280.68017578125 13019.02099609375 32358.494390131353 91
stats: users_count 85 361
stats: finish_users_count 22 113
stats: request 414 2172.328273017625 3401.039918822478 16615.2099609375 8.281982421875 779.9464154353917 1986
stats: connect 79 1.6413821449762658 1.1033985352091056 118.360107421875 0.900146484375 2.478199834408967 276
stats: page 392 2276.6937604631685 3476.0603152881013 16615.2099609375 8.281982421875 826.1280266927083 1875
stats: 302 65 367
stats: 200 345 2004
stats: size_rcv 56835560 298372914
stats: newphase 0 3
stats: size_sent 290311 1573462
stats: connected 57 241
stats: 500 5 30
# stats: dump at 1480611850
stats: users 317 318
stats: {freemem,"tsung_controller@ip-172-31-13-122"} 1 3120.84375 0.0 3155.0390625 3120.84375 3146.2347301136365 11
stats: {load,"tsung_controller@ip-172-31-13-122"} 1 0.05078125 0.0 0.12109375 0.0 0.05965909090909091 11
stats: {recvpackets,"tsung_controller@ip-172-31-13-122"} 1 37439.0 0.0 39996 2362 17940.0 10
stats: {sentpackets,"tsung_controller@ip-172-31-13-122"} 1 18869.0 0.0 20469 1199 9193.6 10
stats: {cpu,"tsung_controller@ip-172-31-13-122"} 1 14.814814814814813 0.0 15.068493150684931 3.045186640471513 7.054538476455911 11
stats: session 13 44621.057804987984 10701.355535751427 84280.68017578125 13019.02099609375 33598.58664399543 113
stats: users_count 82 443
stats: finish_users_count 13 126
stats: request 363 3850.344742031465 3835.7895446908665 18596.574951171875 8.281982421875 1020.132285868327 2400
stats: connect 89 1.769188355863764 0.747803004139923 118.360107421875 0.900146484375 2.291978433098591 355
stats: page 351 3961.517106537126 3886.8875669975987 18596.574951171875 8.281982421875 1076.9536851126556 2267
stats: 302 40 407
stats: 200 315 2319
stats: size_rcv 47932590 346305504
stats: newphase 0 3
stats: size_sent 266410 1839872
stats: connected 76 317
stats: 500 7 37
# stats: dump at 1480611860
stats: users 299 318
stats: {freemem,"tsung_controller@ip-172-31-13-122"} 1 3109.28515625 0.0 3155.0390625 3109.28515625 3144.1188151041665 12
stats: {load,"tsung_controller@ip-172-31-13-122"} 1 0.05078125 0.0 0.12109375 0.0 0.058919270833333336 12
stats: {recvpackets,"tsung_controller@ip-172-31-13-122"} 1 41864.0 0.0 41864 2362 19712.636363636364 11
stats: {sentpackets,"tsung_controller@ip-172-31-13-122"} 1 21171.0 0.0 21171 1199 10073.181818181818 11
stats: {cpu,"tsung_controller@ip-172-31-13-122"} 1 15.804878048780488 0.0 15.804878048780488 3.045186640471513 7.701228171319152 12
stats: session 18 51538.25052897135 9537.715219308697 84280.68017578125 13019.02099609375 34735.82573203435 126
stats: users_count 0 443
stats: finish_users_count 18 144
stats: request 389 5448.098631557279 4192.003611641745 23326.39306640625 8.281982421875 1391.9625868409 2763
stats: connect 0 0 0 118.360107421875 0.900146484375 2.1871849266258443 444
stats: page 369 5618.300980399936 4231.281247511682 23326.39306640625 8.281982421875 1463.6923256474108 2618
stats: 302 51 458
stats: 200 334 2653
stats: size_rcv 62162500 408468004
stats: newphase 0 3
stats: size_sent 272505 2112377
stats: connected -18 299
stats: 500 4 41
# stats: dump at 1480611870
stats: users 283 318
stats: {freemem,"tsung_controller@ip-172-31-13-122"} 1 3108.60546875 0.0 3155.0390625 3108.60546875 3141.4393028846152 13
stats: {load,"tsung_controller@ip-172-31-13-122"} 1 0.0390625 0.0 0.12109375 0.0 0.05829326923076923 13
stats: {recvpackets,"tsung_controller@ip-172-31-13-122"} 1 38230.0 0.0 41864 2362 21558.583333333332 12
stats: {sentpackets,"tsung_controller@ip-172-31-13-122"} 1 18981.0 0.0 21171 1199 10998.0 12
stats: {cpu,"tsung_controller@ip-172-31-13-122"} 1 13.229571984435799 0.0 15.804878048780488 3.045186640471513 8.324585854200793 13
stats: session 16 52820.940200805664 9340.208295979035 84280.68017578125 13019.02099609375 36836.12883165148 144
stats: users_count 0 443
stats: finish_users_count 16 160
stats: request 335 6207.8160892315755 5231.037053270547 23326.39306640625 8.281982421875 1892.5453664711893 3152
stats: connect 0 0 0 118.360107421875 0.900146484375 2.1871849266258443 444
stats: page 308 6727.802880225247 5360.5747971342635 23326.39306640625 8.281982421875 1976.9332341186803 2987
stats: 302 63 521
stats: 200 269 2922
stats: size_rcv 55199651 463667655
stats: newphase 0 3
stats: size_sent 211564 2323941
stats: connected -16 283
stats: 500 3 44
# stats: dump at 1480611880
stats: users 258 318
stats: {freemem,"tsung_controller@ip-172-31-13-122"} 1 3107.5546875 0.0 3155.0390625 3107.5546875 3139.0940290178573 14
stats: {load,"tsung_controller@ip-172-31-13-122"} 1 0.03125 0.0 0.12109375 0.0 0.056919642857142856 14
stats: {recvpackets,"tsung_controller@ip-172-31-13-122"} 1 35664.0 0.0 41864 2362 22841.0 13
stats: {sentpackets,"tsung_controller@ip-172-31-13-122"} 1 17169.0 0.0 21171 1199 11612.076923076924 13
stats: {cpu,"tsung_controller@ip-172-31-13-122"} 1 11.753183153770813 0.0 15.804878048780488 3.045186640471513 8.674942006360435 14
stats: session 25 56647.08267578125 12603.297164503543 96978.70703125 13019.02099609375 38434.609968566896 160
stats: users_count 0 443
stats: finish_users_count 25 185
stats: request 304 7923.71761121248 6724.722021855437 23929.83203125 8.281982421875 2307.1182635531304 3487
stats: connect 0 0 0 118.360107421875 0.900146484375 2.1871849266258443 444
stats: page 268 8618.290318731048 7091.774433520956 23929.83203125 8.281982421875 2421.020594058232 3295
stats: 302 87 608
stats: 200 215 3137
stats: size_rcv 38457182 502124837
stats: newphase 0 3
stats: size_sent 178914 2502855
stats: connected -25 258
stats: 500 5 49
# stats: dump at 1480611890
stats: users 222 318
stats: {freemem,"tsung_controller@ip-172-31-13-122"} 1 3107.93359375 0.0 3155.0390625 3107.5546875 3136.99140625 15
stats: {load,"tsung_controller@ip-172-31-13-122"} 1 0.03125 0.0 0.12109375 0.0 0.05520833333333333 15
stats: {recvpackets,"tsung_controller@ip-172-31-13-122"} 1 29395.0 0.0 41864 2362 23756.928571428572 14
stats: {sentpackets,"tsung_controller@ip-172-31-13-122"} 1 14738.0 0.0 21171 1199 12009.0 14
stats: {cpu,"tsung_controller@ip-172-31-13-122"} 1 11.42578125 0.0 15.804878048780488 3.045186640471513 8.880158082854459 15
stats: session 36 58917.75069851345 9828.817974118885 96978.70703125 13019.02099609375 40895.75492900127 185
stats: users_count 0 443
stats: finish_users_count 36 221
stats: request 349 4968.416827095274 6902.134232643655 31073.035888671875 8.281982421875 2757.5129355891213 3791
stats: connect 0 0 0 118.360107421875 0.900146484375 2.1871849266258443 444
stats: page 312 5758.871764354215 7396.868831354377 31488.100830078125 8.281982421875 2887.163812192477 3563
stats: 302 116 724
stats: 200 227 3364
stats: size_rcv 30096206 532221043
stats: newphase 0 3
stats: size_sent 220189 2723044
stats: connected -36 222
stats: 500 3 52
# stats: dump at 1480611900
stats: users 161 318
stats: {freemem,"tsung_controller@ip-172-31-13-122"} 1 3109.515625 0.0 3155.0390625 3107.5546875 3135.17529296875 16
stats: {load,"tsung_controller@ip-172-31-13-122"} 1 0.1796875 0.0 0.1796875 0.0 0.0537109375 16
stats: {recvpackets,"tsung_controller@ip-172-31-13-122"} 1 25854.0 0.0 41864 2362 24132.8 15
stats: {sentpackets,"tsung_controller@ip-172-31-13-122"} 1 13067.0 0.0 21171 1199 12190.933333333332 15
stats: {cpu,"tsung_controller@ip-172-31-13-122"} 1 9.931170108161258 0.0 15.804878048780488 3.045186640471513 9.039259530801056 16
stats: session 61 61774.31383676998 9708.853555663844 96978.70703125 13019.02099609375 43831.46464711185 221
stats: users_count 0 443
stats: finish_users_count 61 282
stats: request 367 2403.5409750457684 5976.468048223225 32965.078125 8.281982421875 2943.891065573577 4140
stats: connect 0 0 0 118.360107421875 0.900146484375 2.1871849266258443 444
stats: page 319 2788.162550205721 6330.167546531598 32965.078125 8.281982421875 3118.382620211693 3875
stats: 302 164 888
stats: 200 201 3565
stats: size_rcv 25444345 557665388
stats: newphase 0 3
stats: size_sent 246760 2969804
stats: connected -61 161
stats: 500 2 54
# stats: dump at 1480611910
stats: users 125 318
stats: {freemem,"tsung_controller@ip-172-31-13-122"} 1 3109.5234375 0.0 3155.0390625 3107.5546875 3133.665900735294 17
stats: {load,"tsung_controller@ip-172-31-13-122"} 1 0.16015625 0.0 0.1796875 0.0 0.06112132352941176 17
stats: {recvpackets,"tsung_controller@ip-172-31-13-122"} 1 9397.0 0.0 41864 2362 24240.375 16
stats: {sentpackets,"tsung_controller@ip-172-31-13-122"} 1 5186.0 0.0 21171 1199 12245.6875 16
stats: {cpu,"tsung_controller@ip-172-31-13-122"} 1 5.986261040235525 0.0 15.804878048780488 3.045186640471513 9.091724858881069 17
stats: session 36 67948.58184814453 12534.893679304798 107660.74609375 13019.02099609375 47712.71925905917 282
stats: users_count 0 443
stats: finish_users_count 36 318
stats: request 182 4889.438543634098 8275.189692552947 32965.078125 8.281982421875 2899.8909583573122 4507
stats: connect 0 0 0 118.360107421875 0.900146484375 2.1871849266258443 444
stats: page 153 6164.857246349059 9849.196200782164 39485.31591796875 8.281982421875 3093.265738396742 4194
stats: 302 103 991
stats: 200 79 3644
stats: size_rcv 11826032 569491420
stats: newphase 0 3
stats: size_sent 136051 3105855
stats: connected -36 125
stats: 500 0 54
# stats: dump at 1480611920
stats: users 86 318
stats: {freemem,"tsung_controller@ip-172-31-13-122"} 1 3109.5390625 0.0 3155.0390625 3107.5546875 3132.324652777778 18
stats: {load,"tsung_controller@ip-172-31-13-122"} 1 0.12890625 0.0 0.1796875 0.0 0.0666232638888889 18
stats: {recvpackets,"tsung_controller@ip-172-31-13-122"} 1 8557.0 0.0 41864 2362 23367.235294117647 17
stats: {sentpackets,"tsung_controller@ip-172-31-13-122"} 1 4482.0 0.0 21171 1199 11830.411764705883 17
stats: {cpu,"tsung_controller@ip-172-31-13-122"} 1 4.416094210009813 0.0 15.804878048780488 3.045186640471513 8.919199091178537 18
stats: session 39 89769.30043694912 15429.908060141448 115110.40991210938 13019.02099609375 50003.571627634876 318
stats: users_count 0 443
stats: finish_users_count 39 357
stats: request 292 5268.622509263966 8354.050570525382 32965.078125 8.281982421875 2977.1137479756476 4689
stats: connect 0 0 0 118.360107421875 0.900146484375 2.1871849266258443 444
stats: page 253 6252.163135151617 9127.308632803779 39485.31591796875 8.281982421875 3201.375584432331 4347
stats: 302 119 1110
stats: 200 172 3816
stats: size_rcv 15474771 584966191
stats: newphase 0 3
stats: size_sent 148189 3254044
stats: connected -39 86
stats: 500 1 55
# stats: dump at 1480611930
stats: users 42 318
stats: {freemem,"tsung_controller@ip-172-31-13-122"} 1 3110.7578125 0.0 3155.0390625 3107.5546875 3131.1254111842104 19
stats: {load,"tsung_controller@ip-172-31-13-122"} 1 0.109375 0.0 0.1796875 0.0 0.06990131578947369 19
stats: {recvpackets,"tsung_controller@ip-172-31-13-122"} 1 11995.0 0.0 41864 2362 22544.444444444445 18
stats: {sentpackets,"tsung_controller@ip-172-31-13-122"} 1 6695.0 0.0 21171 1199 11422.166666666666 18
stats: {cpu,"tsung_controller@ip-172-31-13-122"} 1 5.893909626719057 0.0 15.804878048780488 3.045186640471513 8.682193571117025 19
stats: session 44 91587.902232777 9441.632997018158 123955.81616210938 13019.02099609375 54347.726875711225 357
stats: users_count 0 443
stats: finish_users_count 44 401
stats: request 197 808.1007420883566 4556.182051825607 32965.078125 8.281982421875 3111.44833105057 4981
stats: connect 0 0 0 118.360107421875 0.900146484375 2.1871849266258443 444
stats: page 162 982.8126537181713 5007.196225420541 39485.31591796875 8.281982421875 3369.1688997218916 4600
stats: 302 115 1225
stats: 200 82 3898
stats: size_rcv 6217257 591183448
stats: newphase 0 3
stats: size_sent 141558 3395602
stats: connected -44 42
stats: 500 0 55
# stats: dump at 1480611940
stats: users 19 318
stats: {freemem,"tsung_controller@ip-172-31-13-122"} 1 3110.83203125 0.0 3155.0390625 3107.5546875 3130.10703125 20
stats: {load,"tsung_controller@ip-172-31-13-122"} 1 0.08984375 0.0 0.1796875 0.0 0.071875 20
stats: {recvpackets,"tsung_controller@ip-172-31-13-122"} 1 1775.0 0.0 41864 1775 21989.21052631579 19
stats: {sentpackets,"tsung_controller@ip-172-31-13-122"} 1 1173.0 0.0 21171 1173 11173.368421052632 19
stats: {cpu,"tsung_controller@ip-172-31-13-122"} 1 2.4606299212598426 0.0 15.804878048780488 2.4606299212598426 8.542779373897128 20
stats: session 23 96167.40066661006 8582.322909834293 123955.81616210938 13019.02099609375 58433.93065553889 401
stats: users_count 0 443
stats: finish_users_count 23 424
stats: request 70 81.43058384486608 539.0837525558538 32965.078125 8.281982421875 3023.8161419764956 5178
stats: connect 0 0 0 118.360107421875 0.900146484375 2.1871849266258443 444
stats: page 58 98.30237237338362 590.9162175550891 39485.31591796875 8.281982421875 3287.986683877162 4762
stats: 302 51 1276
stats: 200 19 3917
stats: size_rcv 1484542 592667990
stats: newphase 0 3
stats: size_sent 53915 3449517
stats: connected -21 21
stats: 500 0 55
# stats: dump at 1480611950
stats: users 9 318
stats: {freemem,"tsung_controller@ip-172-31-13-122"} 1 3110.98828125 0.0 3155.0390625 3107.5546875 3129.1891741071427 21
stats: {load,"tsung_controller@ip-172-31-13-122"} 1 0.078125 0.0 0.1796875 0.0 0.07273065476190477 21
stats: {recvpackets,"tsung_controller@ip-172-31-13-122"} 1 1037.0 0.0 41864 1037 20978.5 20
stats: {sentpackets,"tsung_controller@ip-172-31-13-122"} 1 649.0 0.0 21171 649 10673.35 20
stats: {cpu,"tsung_controller@ip-172-31-13-122"} 1 1.8700787401574805 0.0 15.804878048780488 1.8700787401574805 8.253153209485829 21
stats: session 10 105651.65339355469 8439.885612508318 125657.07788085938 13019.02099609375 60480.79341557341 424
stats: users_count 0 443
stats: finish_users_count 10 434
stats: request 32 17.81731414794921 3.5487359576280726 32965.078125 8.281982421875 2984.569383388612 5248
stats: connect 0 0 0 118.360107421875 0.900146484375 2.1871849266258443 444
stats: page 26 21.95777306189904 6.449716198221848 39485.31591796875 8.281982421875 3249.60459050222 4820
stats: 302 26 1302
stats: 200 6 3923
stats: size_rcv 171510 592839500
stats: newphase 0 3
stats: size_sent 23788 3473305
stats: connected -12 9
stats: 500 0 55
# stats: dump at 1480611960
stats: users 5 318
stats: {freemem,"tsung_controller@ip-172-31-13-122"} 1 3111.03125 0.0 3155.0390625 3107.5546875 3128.3618607954545 22
stats: {load,"tsung_controller@ip-172-31-13-122"} 1 0.0703125 0.0 0.1796875 0.0 0.07297585227272728 22
stats: {recvpackets,"tsung_controller@ip-172-31-13-122"} 1 124.0 0.0 41864 124 20028.904761904763 21
stats: {sentpackets,"tsung_controller@ip-172-31-13-122"} 1 105.0 0.0 21171 105 10196.0 21
stats: {cpu,"tsung_controller@ip-172-31-13-122"} 1 1.183431952662722 0.0 15.804878048780488 1.183431952662722 7.963013460879995 22
stats: session 4 114308.11047363281 5297.655554990108 125657.07788085938 13019.02099609375 61521.596640872514 434
stats: users_count 0 443
stats: finish_users_count 4 438
stats: request 18 17.22918023003472 2.9901677011396117 32965.078125 8.281982421875 2966.5890678174565 5280
stats: connect 0 0 0 118.360107421875 0.900146484375 2.1871849266258443 444
stats: page 13 23.90318885216346 6.087033237366694 39485.31591796875 8.281982421875 3232.287459414014 4846
stats: 302 13 1315
stats: 200 5 3928
stats: size_rcv 133391 592972891
stats: newphase 0 3
stats: size_sent 13790 3487095
stats: connected -4 5
stats: 500 0 55
# stats: dump at 1480611970
stats: users 1 318
stats: {freemem,"tsung_controller@ip-172-31-13-122"} 1 3111.07421875 0.0 3155.0390625 3107.5546875 3127.608355978261 23
stats: {load,"tsung_controller@ip-172-31-13-122"} 1 0.05859375 0.0 0.1796875 0.0 0.0728600543478261 23
stats: {recvpackets,"tsung_controller@ip-172-31-13-122"} 1 98.0 0.0 41864 98 19124.136363636364 22
stats: {sentpackets,"tsung_controller@ip-172-31-13-122"} 1 81.0 0.0 21171 81 9737.318181818182 22
stats: {cpu,"tsung_controller@ip-172-31-13-122"} 1 1.0869565217391304 0.0 15.804878048780488 1.0869565217391304 7.668249047479243 23
stats: session 4 125451.86779785156 5613.057904607136 133831.916015625 13019.02099609375 62003.66526034978 438
stats: users_count 0 443
stats: finish_users_count 4 442
stats: request 14 17.958827427455358 2.607709118915614 32965.078125 8.281982421875 2956.56859254819 5298
stats: connect 0 0 0 118.360107421875 0.900146484375 2.1871849266258443 444
stats: page 11 22.89078036221591 6.071545290396291 39485.31591796875 8.281982421875 3223.703595343772 4859
stats: 302 11 1326
stats: 200 3 3931
stats: size_rcv 84616 593057507
stats: newphase 0 3
stats: size_sent 10802 3497897
stats: connected -4 1
stats: 500 0 55
# stats: dump at 1480611980
stats: users 0 318
stats: {freemem,"tsung_controller@ip-172-31-13-122"} 1 3114.69921875 0.0 3155.0390625 3107.5546875 3126.91943359375 24
stats: {load,"tsung_controller@ip-172-31-13-122"} 1 0.05078125 0.0 0.1796875 0.0 0.07226562500000001 24
stats: {recvpackets,"tsung_controller@ip-172-31-13-122"} 1 71.0 0.0 41864 71 18296.91304347826 23
stats: {sentpackets,"tsung_controller@ip-172-31-13-122"} 1 54.0 0.0 21171 54 9317.478260869566 23
stats: {cpu,"tsung_controller@ip-172-31-13-122"} 1 1.27826941986234 0.0 15.804878048780488 1.0869565217391304 7.394028525573405 24
stats: session 1 152671.30810546875 0.0 152671.30810546875 13019.02099609375 62577.85713851722 442
stats: users_count 0 443
stats: finish_users_count 1 443
stats: request 4 17.2379150390625 2.3716014180324656 32965.078125 8.281982421875 2948.8237625949346 5312
stats: connect 0 0 0 118.360107421875 0.900146484375 2.1871849266258443 444
stats: page 3 23.044921875 5.968749360888382 39485.31591796875 8.281982421875 3216.4738333386804 4870
stats: 302 3 1329
stats: 200 1 3932
stats: size_rcv 27223 593084730
stats: newphase 0 3
stats: size_sent 3074 3500971
stats: connected -1 0
stats: 500 0 55
EndMonitor:{1480,611980,210530}
