# stats: dump at 1480610512
stats: users 8 8
stats: {freemem,"tsung_controller@ip-172-31-13-122"} 1 3155.76171875 0 3155.76171875 3155.76171875 0 0
stats: {load,"tsung_controller@ip-172-31-13-122"} 1 0.0703125 0 0.0703125 0.0703125 0 0
stats: {cpu,"tsung_controller@ip-172-31-13-122"} 1 3.012378569889958 0 3.012378569889958 3.012378569889958 0 0
stats: session 3 3226.8496907552085 2648.3447608956576 6782.116943359375 429.093017578125 0 0
stats: users_count 11 11
stats: finish_users_count 3 3
stats: request 21 51.8694545200893 58.382550343109926 189.287841796875 10.751953125 0 0
stats: connect 10 17.754052734375 48.59788382560405 163.5439453125 1.162109375 0 0
stats: page 20 54.47017822265625 58.853923612112276 189.287841796875 10.751953125 0 0
stats: 302 2 2
stats: 200 19 19
stats: size_rcv 2046171 2046171
stats: size_sent 10847 10847
stats: connected 8 8
# stats: dump at 1480610522
stats: users 11 13
stats: {freemem,"tsung_controller@ip-172-31-13-122"} 1 3154.58203125 0.0 3155.76171875 3154.58203125 3155.76171875 1
stats: {load,"tsung_controller@ip-172-31-13-122"} 1 0.05859375 0.0 0.0703125 0.05859375 0.0703125 1
stats: {recvpackets,"tsung_controller@ip-172-31-13-122"} 1 2079 0 2079 2079 0 0
stats: {sentpackets,"tsung_controller@ip-172-31-13-122"} 1 1153 0 1153 1153 0 0
stats: {cpu,"tsung_controller@ip-172-31-13-122"} 1 2.7613412228796843 0.0 3.012378569889958 2.7613412228796843 3.012378569889958 1
stats: session 7 6653.26921735491 3960.205850238476 11502.1689453125 429.093017578125 3226.8496907552085 3
stats: users_count 10 21
stats: finish_users_count 7 10
stats: request 40 475.52020874023435 1345.8663419681998 4776.512939453125 10.751953125 51.8694545200893 21
stats: connect 11 1.7884854403409092 0.7413952209716983 163.5439453125 1.097900390625 17.754052734375 10
stats: page 38 500.55479672080594 1376.2894830238533 4776.512939453125 10.751953125 54.47017822265625 20
stats: 302 5 7
stats: 200 35 54
stats: size_rcv 6255948 8302119
stats: size_sent 23302 34149
stats: connected 3 11
# stats: dump at 1480610532
stats: users 10 14
stats: {freemem,"tsung_controller@ip-172-31-13-122"} 1 3153.75390625 0.0 3155.76171875 3153.75390625 3155.171875 2
stats: {load,"tsung_controller@ip-172-31-13-122"} 1 0.05078125 0.0 0.0703125 0.05078125 0.064453125 2
stats: {recvpackets,"tsung_controller@ip-172-31-13-122"} 1 4024.0 0.0 4024 2079 2079.0 1
stats: {sentpackets,"tsung_controller@ip-172-31-13-122"} 1 2158.0 0.0 2158 1153 1153.0 1
stats: {cpu,"tsung_controller@ip-172-31-13-122"} 1 2.564102564102564 0.0 3.012378569889958 2.564102564102564 2.886859896384821 2
stats: session 10 9571.8904296875 8067.4005147013095 24396.4912109375 229.0419921875 5625.343359375 10
stats: users_count 9 30
stats: finish_users_count 10 20
stats: request 37 532.4322938661318 1427.8634188181795 4795.890869140625 10.443115234375 329.67322777920083 61
stats: connect 9 1.6260308159722223 0.3193584340168486 163.5439453125 1.097900390625 9.391136532738095 21
stats: page 35 562.8645159040178 1462.2515225580494 4795.890869140625 10.443115234375 346.73251448006465 58
stats: 302 8 15
stats: 200 29 83
stats: size_rcv 5860946 14163065
stats: size_sent 19475 53624
stats: connected -1 10
# stats: dump at 1480610542
stats: users 14 17
stats: {freemem,"tsung_controller@ip-172-31-13-122"} 1 3153.65625 0.0 3155.76171875 3153.65625 3154.69921875 3
stats: {load,"tsung_controller@ip-172-31-13-122"} 1 0.0390625 0.0 0.0703125 0.0390625 0.059895833333333336 3
stats: {recvpackets,"tsung_controller@ip-172-31-13-122"} 1 4041.0 0.0 4041 2079 3051.5 2
stats: {sentpackets,"tsung_controller@ip-172-31-13-122"} 1 2187.0 0.0 2187 1153 1655.5 2
stats: {cpu,"tsung_controller@ip-172-31-13-122"} 1 2.7613412228796843 0.0 3.012378569889958 2.564102564102564 2.7792741189574017 3
stats: session 13 9344.956524188701 8330.545645243617 24396.4912109375 62.06201171875 7598.61689453125 20
stats: users_count 17 47
stats: finish_users_count 13 33
stats: request 55 350.777685546875 1169.478750284079 4868.275146484375 10.153076171875 406.2251200773278 98
stats: connect 16 1.58978271484375 0.36226999882798594 163.5439453125 1.097900390625 7.061604817708333 30
stats: page 50 385.86826171875 1221.041129693151 4868.275146484375 10.153076171875 428.072515015961 93
stats: 302 14 29
stats: 200 40 123
stats: size_rcv 5674615 19837680
stats: newphase 1 1
stats: size_sent 32329 85953
stats: connected 3 13
stats: 500 1 1
# stats: dump at 1480610552
stats: users 19 19
stats: {freemem,"tsung_controller@ip-172-31-13-122"} 1 3152.6171875 0.0 3155.76171875 3152.6171875 3154.4384765625 4
stats: {load,"tsung_controller@ip-172-31-13-122"} 1 0.0390625 0.0 0.0703125 0.0390625 0.0546875 4
stats: {recvpackets,"tsung_controller@ip-172-31-13-122"} 1 4585.0 0.0 4585 2079 3381.3333333333335 3
stats: {sentpackets,"tsung_controller@ip-172-31-13-122"} 1 2550.0 0.0 2550 1153 1832.6666666666667 3
stats: {cpu,"tsung_controller@ip-172-31-13-122"} 1 3.43811394891945 0.0 3.43811394891945 2.564102564102564 2.7747908949379725 4
stats: session 12 10166.099731445313 7574.706661867597 24568.912841796875 62.06201171875 8286.568869850853 33
stats: users_count 17 64
stats: finish_users_count 12 45
stats: request 54 412.9424596715856 1195.4252250333047 4868.275146484375 10.00390625 386.2930357689951 153
stats: connect 17 1.5387896369485294 0.3495111481767362 163.5439453125 1.0849609375 5.158362347146739 46
stats: page 51 437.24100030637254 1225.7644097081916 4868.275146484375 10.00390625 413.31578309385924 143
stats: 302 8 37
stats: 200 44 167
stats: size_rcv 4651581 24489261
stats: newphase 0 1
stats: size_sent 29084 115037
stats: connected 5 18
stats: 500 2 3
# stats: dump at 1480610562
stats: users 25 25
stats: {freemem,"tsung_controller@ip-172-31-13-122"} 1 3152.53125 0.0 3155.76171875 3152.53125 3154.07421875 5
stats: {load,"tsung_controller@ip-172-31-13-122"} 1 0.03125 0.0 0.0703125 0.03125 0.0515625 5
stats: {recvpackets,"tsung_controller@ip-172-31-13-122"} 1 4486.0 0.0 4585 2079 3682.25 4
stats: {sentpackets,"tsung_controller@ip-172-31-13-122"} 1 2509.0 0.0 2550 1153 2012.0 4
stats: {cpu,"tsung_controller@ip-172-31-13-122"} 1 3.2448377581120944 0.0 3.43811394891945 2.564102564102564 2.907455505734268 5
stats: session 18 8714.299045138889 6630.191804076495 24568.912841796875 62.06201171875 8787.777099609375 45
stats: users_count 24 88
stats: finish_users_count 18 63
stats: request 74 273.37851694467906 1055.292568739905 5027.656005859375 10.00390625 393.24505939575783 207
stats: connect 22 1.5730091441761365 0.35951626287281774 163.5439453125 1.0849609375 4.1816522507440474 63
stats: page 67 301.95398860191244 1105.167774208777 5027.656005859375 10.00390625 419.605402051788 194
stats: 302 19 56
stats: 200 55 222
stats: size_rcv 8380361 32869622
stats: newphase 0 1
stats: size_sent 42046 157083
stats: connected 4 22
stats: 500 0 3
# stats: dump at 1480610572
stats: users 41 41
stats: {freemem,"tsung_controller@ip-172-31-13-122"} 1 3152.6328125 0.0 3155.76171875 3152.53125 3153.8170572916665 6
stats: {load,"tsung_controller@ip-172-31-13-122"} 1 0.03125 0.0 0.0703125 0.03125 0.048177083333333336 6
stats: {recvpackets,"tsung_controller@ip-172-31-13-122"} 1 6457.0 0.0 6457 2079 3843.0 5
stats: {sentpackets,"tsung_controller@ip-172-31-13-122"} 1 3589.0 0.0 3589 1153 2111.4 5
stats: {cpu,"tsung_controller@ip-172-31-13-122"} 1 4.129793510324483 0.0 4.129793510324483 2.564102564102564 2.9636858811305724 6
stats: session 27 5976.445936414931 6375.753178048457 24568.912841796875 56.032958984375 8766.783369760664 63
stats: users_count 43 131
stats: finish_users_count 27 90
stats: request 130 272.5901104266827 1030.9159917818313 5317.0 9.68310546875 361.6787813125556 281
stats: connect 44 1.7239157936789773 1.741825807960396 163.5439453125 0.920166015625 3.5064740349264705 85
stats: page 121 292.87507263688036 1065.7966444822634 5317.0 9.68310546875 389.40369821599614 261
stats: 302 25 81
stats: 200 104 326
stats: size_rcv 12584252 45453874
stats: newphase 1 2
stats: size_sent 74228 231311
stats: connected 18 40
stats: 500 1 4
# stats: dump at 1480610582
stats: users 47 47
stats: {freemem,"tsung_controller@ip-172-31-13-122"} 1 3150.453125 0.0 3155.76171875 3150.453125 3153.647879464286 7
stats: {load,"tsung_controller@ip-172-31-13-122"} 1 0.01953125 0.0 0.0703125 0.01953125 0.04575892857142857 7
stats: {recvpackets,"tsung_controller@ip-172-31-13-122"} 1 7847.0 0.0 7847 2079 4278.666666666667 6
stats: {sentpackets,"tsung_controller@ip-172-31-13-122"} 1 4518.0 0.0 4518 1153 2357.6666666666665 6
stats: {cpu,"tsung_controller@ip-172-31-13-122"} 1 4.747774480712167 0.0 4.747774480712167 2.564102564102564 3.1302726853011307 7
stats: session 39 8709.188476562498 7281.885325538596 27669.781982421875 56.032958984375 7929.682139756945 90
stats: users_count 45 176
stats: finish_users_count 39 129
stats: request 159 705.4003814121463 1808.0160402185484 10129.8779296875 9.114013671875 333.49988297882453 411
stats: connect 44 1.6203113902698865 0.4793500389870743 163.5439453125 0.920166015625 2.8984696735707365 129
stats: page 144 778.893544514974 1885.062528204 10129.8779296875 9.114013671875 358.8278770247056 382
stats: 302 42 123
stats: 200 114 440
stats: size_rcv 13972009 59425883
stats: newphase 0 2
stats: size_sent 87333 318644
stats: connected 5 45
stats: 500 3 7
# stats: dump at 1480610592
stats: users 52 58
stats: {freemem,"tsung_controller@ip-172-31-13-122"} 1 3149.4140625 0.0 3155.76171875 3149.4140625 3153.24853515625 8
stats: {load,"tsung_controller@ip-172-31-13-122"} 1 0.01953125 0.0 0.0703125 0.01953125 0.04248046875 8
stats: {recvpackets,"tsung_controller@ip-172-31-13-122"} 1 12655.0 0.0 12655 2079 4788.428571428572 7
stats: {sentpackets,"tsung_controller@ip-172-31-13-122"} 1 6952.0 0.0 6952 1153 2666.285714285714 7
stats: {cpu,"tsung_controller@ip-172-31-13-122"} 1 7.003891050583658 0.0 7.003891050583658 2.564102564102564 3.3324604097275103 8
stats: session 29 12785.65444841056 9033.470017444793 37858.161865234375 56.032958984375 8165.346846233043 129
stats: users_count 34 210
stats: finish_users_count 29 158
stats: request 142 704.0233309033887 2058.2094169931893 13188.19287109375 8.278076171875 437.2405483312774 570
stats: connect 37 1.7219106313344594 0.8868808227078689 163.5439453125 0.920166015625 2.573388954118497 173
stats: page 134 746.0623797516324 2111.3576847503996 13188.19287109375 8.278076171875 473.82684302964594 526
stats: 302 30 153
stats: 200 109 549
stats: size_rcv 15503959 74929842
stats: newphase 0 2
stats: size_sent 90397 409041
stats: connected 7 52
stats: 500 3 10
# stats: dump at 1480610602
stats: users 66 66
stats: {freemem,"tsung_controller@ip-172-31-13-122"} 1 3149.09765625 0.0 3155.76171875 3149.09765625 3152.8224826388887 9
stats: {load,"tsung_controller@ip-172-31-13-122"} 1 0.01953125 0.0 0.0703125 0.01953125 0.03993055555555555 9
stats: {recvpackets,"tsung_controller@ip-172-31-13-122"} 1 8986.0 0.0 12655 2079 5771.75 8
stats: {sentpackets,"tsung_controller@ip-172-31-13-122"} 1 5068.0 0.0 6952 1153 3202.0 8
stats: {cpu,"tsung_controller@ip-172-31-13-122"} 1 5.691854759568204 0.0 7.003891050583658 2.564102564102564 3.7403971476004156 9
stats: session 44 11016.949313077059 8625.421011028724 37858.161865234375 56.032958984375 9013.377988404865 158
stats: users_count 58 268
stats: finish_users_count 44 202
stats: request 188 1029.342070883893 2591.8726551501495 13188.19287109375 8.22802734375 490.4472268779625 712
stats: connect 55 1.559823330965909 0.4672430077123271 163.5439453125 0.920166015625 2.4233665829613096 210
stats: page 173 1118.6033886154269 2683.865466935018 13188.19287109375 8.22802734375 529.098906545928 660
stats: 302 40 193
stats: 200 148 697
stats: size_rcv 24054953 98984795
stats: newphase 1 3
stats: size_sent 96611 505652
stats: connected 12 64
stats: 500 0 10
# stats: dump at 1480610612
stats: users 94 95
stats: {freemem,"tsung_controller@ip-172-31-13-122"} 1 3147.29296875 0.0 3155.76171875 3147.29296875 3152.45 10
stats: {load,"tsung_controller@ip-172-31-13-122"} 1 0.01171875 0.0 0.0703125 0.01171875 0.037890625 10
stats: {recvpackets,"tsung_controller@ip-172-31-13-122"} 1 18107.0 0.0 18107 2079 6128.888888888889 9
stats: {sentpackets,"tsung_controller@ip-172-31-13-122"} 1 10068.0 0.0 10068 1153 3409.3333333333335 9
stats: {cpu,"tsung_controller@ip-172-31-13-122"} 1 8.759842519685039 0.0 8.759842519685039 2.564102564102564 3.9355429087971943 10
stats: session 67 8918.595083663706 10525.577731967354 44576.5 56.032958984375 9449.799465066135 202
stats: users_count 95 363
stats: finish_users_count 67 269
stats: request 207 355.65194156665166 1606.6437595233801 13188.19287109375 8.22509765625 603.0163720703125 900
stats: connect 95 1.6031095805921052 0.942361730824772 163.5439453125 0.885986328125 2.244140625 265
stats: page 197 373.71195495915305 1644.8967883067219 13188.19287109375 8.22509765625 651.5290090645634 833
stats: 302 31 224
stats: 200 174 871
stats: size_rcv 19940953 118925748
stats: newphase 0 3
stats: size_sent 130902 636554
stats: connected 28 92
stats: 500 2 12
# stats: dump at 1480610622
stats: users 117 117
stats: {freemem,"tsung_controller@ip-172-31-13-122"} 1 3144.625 0.0 3155.76171875 3144.625 3151.9811789772725 11
stats: {load,"tsung_controller@ip-172-31-13-122"} 1 0.01171875 0.0 0.0703125 0.01171875 0.03551136363636364 11
stats: {recvpackets,"tsung_controller@ip-172-31-13-122"} 1 17876.0 0.0 18107 2079 7326.7 10
stats: {sentpackets,"tsung_controller@ip-172-31-13-122"} 1 9878.0 0.0 10068 1153 4075.2 10
stats: {cpu,"tsung_controller@ip-172-31-13-122"} 1 9.393346379647749 0.0 9.393346379647749 2.564102564102564 4.374115600696089 11
stats: session 57 10372.664482250548 9544.274324652577 44576.5 56.032958984375 9317.49205408486 269
stats: users_count 80 443
stats: finish_users_count 57 326
stats: request 263 1988.0769841299316 3010.6397018621196 13188.19287109375 8.22509765625 556.7612346590588 1107
stats: connect 83 1.5593879423945782 0.6198450026209439 163.5439453125 0.885986328125 2.0749796549479167 360
stats: page 242 2128.5823571071164 3114.487057343055 13188.19287109375 8.22509765625 598.3931259007131 1030
stats: 302 51 275
stats: 200 209 1080
stats: size_rcv 29918595 148844343
stats: newphase 0 3
stats: size_sent 141314 777868
stats: connected 25 117
stats: 500 3 15
# stats: dump at 1480610632
stats: users 82 121
stats: {freemem,"tsung_controller@ip-172-31-13-122"} 1 3142.625 0.0 3155.76171875 3142.625 3151.3681640625 12
stats: {load,"tsung_controller@ip-172-31-13-122"} 1 0.01171875 0.0 0.0703125 0.01171875 0.033528645833333336 12
stats: {recvpackets,"tsung_controller@ip-172-31-13-122"} 1 18198.0 0.0 18198 2079 8285.727272727272 11
stats: {sentpackets,"tsung_controller@ip-172-31-13-122"} 1 9895.0 0.0 10068 1153 4602.727272727273 11
stats: {cpu,"tsung_controller@ip-172-31-13-122"} 1 9.14396887159533 0.0 9.393346379647749 2.564102564102564 4.792384832275395 12
stats: session 42 16555.757370721727 9376.217638712696 44576.5 34.093017578125 9501.985392751867 326
stats: users_count 7 450
stats: finish_users_count 42 368
stats: request 163 3121.816383783071 4023.3251743469655 16341.64892578125 8.22509765625 831.5320683166059 1370
stats: connect 7 1.4715750558035714 0.3597681692382934 163.5439453125 0.885986328125 1.9783789503386005 443
stats: page 148 3485.0061332084047 4196.713111029087 16341.64892578125 8.22509765625 889.514033095642 1272
stats: 302 46 321
stats: 200 114 1194
stats: size_rcv 26323483 175167826
stats: newphase 0 3
stats: size_sent 97719 875587
stats: connected -33 84
stats: 500 3 18
# stats: dump at 1480610642
stats: users 45 121
stats: {freemem,"tsung_controller@ip-172-31-13-122"} 1 3141.05859375 0.0 3155.76171875 3141.05859375 3150.695612980769 13
stats: {load,"tsung_controller@ip-172-31-13-122"} 1 0.01171875 0.0 0.0703125 0.01171875 0.031850961538461536 13
stats: {recvpackets,"tsung_controller@ip-172-31-13-122"} 1 19302.0 0.0 19302 2079 9111.75 12
stats: {sentpackets,"tsung_controller@ip-172-31-13-122"} 1 9850.0 0.0 10068 1153 5043.75 12
stats: {cpu,"tsung_controller@ip-172-31-13-122"} 1 7.12890625 0.0 9.393346379647749 2.564102564102564 5.127122066069235 13
stats: session 37 24217.1515057538 7904.174450556873 46459.90478515625 34.093017578125 10307.035455454949 368
stats: users_count 0 450
stats: finish_users_count 37 405
stats: request 92 3826.023490574049 5036.914791680478 18324.739013671875 8.22509765625 1075.0521879650298 1533
stats: connect 0 0 0 163.5439453125 0.885986328125 1.970495334201389 450
stats: page 76 3855.6573807565787 5376.110850615957 18324.739013671875 8.22509765625 1160.0301111355636 1420
stats: 302 44 365
stats: 200 47 1241
stats: size_rcv 10866808 186034634
stats: newphase 0 3
stats: size_sent 61655 937242
stats: connected -39 45
stats: 500 1 19
# stats: dump at 1480610652
stats: users 20 121
stats: {freemem,"tsung_controller@ip-172-31-13-122"} 1 3141.09765625 0.0 3155.76171875 3141.05859375 3150.007254464286 14
stats: {load,"tsung_controller@ip-172-31-13-122"} 1 0.08984375 0.0 0.08984375 0.01171875 0.030412946428571428 14
stats: {recvpackets,"tsung_controller@ip-172-31-13-122"} 1 5357.0 0.0 19302 2079 9895.615384615385 13
stats: {sentpackets,"tsung_controller@ip-172-31-13-122"} 1 2870.0 0.0 10068 1153 5413.461538461538 13
stats: {cpu,"tsung_controller@ip-172-31-13-122"} 1 3.346456692913386 0.0 9.393346379647749 2.564102564102564 5.270106650635719 14
stats: session 25 34492.37740234376 6442.528208590818 49468.448974609375 34.093017578125 11577.836181037806 405
stats: users_count 0 450
stats: finish_users_count 25 430
stats: request 62 4694.442307995212 5940.060848701694 21210.5380859375 8.22509765625 1230.799486328125 1625
stats: connect 0 0 0 163.5439453125 0.885986328125 1.970495334201389 450
stats: page 58 6049.134386786099 7478.635434883536 21210.5380859375 8.22509765625 1296.9737424799468 1496
stats: 302 26 391
stats: 200 35 1276
stats: size_rcv 5042612 191077246
stats: newphase 0 3
stats: size_sent 28429 965671
stats: connected -25 20
stats: 500 1 20
# stats: dump at 1480610662
stats: users 7 121
stats: {freemem,"tsung_controller@ip-172-31-13-122"} 1 3141.765625 0.0 3155.76171875 3141.05859375 3149.41328125 15
stats: {load,"tsung_controller@ip-172-31-13-122"} 1 0.0703125 0.0 0.08984375 0.01171875 0.034375 15
stats: {recvpackets,"tsung_controller@ip-172-31-13-122"} 1 3734.0 0.0 19302 2079 9571.42857142857 14
stats: {sentpackets,"tsung_controller@ip-172-31-13-122"} 1 2028.0 0.0 10068 1153 5231.785714285715 14
stats: {cpu,"tsung_controller@ip-172-31-13-122"} 1 2.8543307086614176 0.0 9.393346379647749 2.564102564102564 5.141863320120897 15
stats: session 13 44291.73274113582 8204.108787044132 59357.0419921875 34.093017578125 12910.076949718385 430
stats: users_count 0 450
stats: finish_users_count 13 443
stats: request 31 1960.764924080141 5358.258333158897 21210.5380859375 8.22509765625 1358.0940061522858 1687
stats: connect 0 0 0 163.5439453125 0.885986328125 1.970495334201389 450
stats: page 27 2251.2685456452546 5684.226313866665 21210.5380859375 8.22509765625 1474.3388115724545 1554
stats: 302 19 410
stats: 200 12 1288
stats: size_rcv 3129425 194206671
stats: newphase 0 3
stats: size_sent 20556 986227
stats: connected -13 7
stats: 500 0 20
# stats: dump at 1480610672
stats: users 1 121
stats: {freemem,"tsung_controller@ip-172-31-13-122"} 1 3141.9375 0.0 3155.76171875 3141.05859375 3148.935302734375 16
stats: {load,"tsung_controller@ip-172-31-13-122"} 1 0.05859375 0.0 0.08984375 0.01171875 0.03662109375 16
stats: {recvpackets,"tsung_controller@ip-172-31-13-122"} 1 1569.0 0.0 19302 1569 9182.266666666666 15
stats: {sentpackets,"tsung_controller@ip-172-31-13-122"} 1 864.0 0.0 10068 864 5018.2 15
stats: {cpu,"tsung_controller@ip-172-31-13-122"} 1 1.87192118226601 0.0 9.393346379647749 1.87192118226601 4.99889253190468 16
stats: session 6 50528.647623697914 6953.483112244084 60175.3330078125 34.093017578125 13830.98332734463 443
stats: users_count 0 450
stats: finish_users_count 6 449
stats: request 7 13.39501953125 2.27367144857088 21210.5380859375 8.22509765625 1368.9687433209492 1718
stats: connect 0 0 0 163.5439453125 0.885986328125 1.970495334201389 450
stats: page 6 15.647989908854166 3.6559054693733715 21210.5380859375 8.22509765625 1487.6070613004529 1581
stats: 302 4 414
stats: 200 3 1291
stats: size_rcv 82663 194289334
stats: newphase 0 3
stats: size_sent 5198 991425
stats: connected -6 1
stats: 500 0 20
# stats: dump at 1480610679
stats: users 0 121
stats: {freemem,"tsung_controller@ip-172-31-13-122"} 1 3141.9375 0.0 3155.76171875 3141.05859375 3148.5236672794117 17
stats: {load,"tsung_controller@ip-172-31-13-122"} 1 0.25 0.0 0.25 0.01171875 0.03791360294117647 17
stats: {recvpackets,"tsung_controller@ip-172-31-13-122"} 1 71.0 0.0 19302 71 8706.4375 16
stats: {sentpackets,"tsung_controller@ip-172-31-13-122"} 1 45.0 0.0 10068 45 4758.5625 16
stats: {cpu,"tsung_controller@ip-172-31-13-122"} 1 0.9861932938856016 0.0 9.393346379647749 0.9861932938856016 4.814953040749464 17
stats: session 1 55066.693115234375 0.0 60175.3330078125 34.093017578125 14321.375277852692 449
stats: users_count 0 450
stats: finish_users_count 1 450
stats: request 4 12.48529052734375 1.5126419439684489 21210.5380859375 8.22509765625 1363.4678644418025 1725
stats: connect 0 0 0 163.5439453125 0.885986328125 1.970495334201389 450
stats: page 3 16.690999348958332 4.113916565191458 21210.5380859375 8.22509765625 1482.0419986486888 1587
stats: 302 3 417
stats: 200 1 1292
stats: size_rcv 27253 194316587
stats: newphase 0 3
stats: size_sent 3074 994499
stats: connected -1 0
stats: 500 0 20
EndMonitor:{1480,610679,211488}
