# stats: dump at 1480548766
stats: users 0 1
stats: {cpu,"tsung_controller@ip-172-31-12-72"} 1 4.797589291971314 0 4.797589291971314 4.797589291971314 0 0
stats: {load,"tsung_controller@ip-172-31-12-72"} 1 0.0 0 0.0 0.0 0 0
stats: {freemem,"tsung_controller@ip-172-31-12-72"} 1 3164.84375 0 3164.84375 3164.84375 0 0
stats: session 9 22.996717664930557 37.552871364469645 129.2119140625 9.583984375 0 0
stats: users_count 9 9
stats: finish_users_count 9 9
stats: request 9 20.886067708333332 36.999456240550415 125.535888671875 7.636962890625 0 0
stats: connect 9 13.523844401041666 35.823507306309295 114.847900390625 0.796875 0 0
stats: page 9 20.886067708333332 36.999456240550415 125.535888671875 7.636962890625 0 0
stats: 200 9 9
stats: size_rcv 221589 221589
stats: size_sent 1233 1233
stats: connected 0 0
# stats: dump at 1480548776
stats: users 0 1
stats: {recvpackets,"tsung_controller@ip-172-31-12-72"} 1 221 0 221 221 0 0
stats: {sentpackets,"tsung_controller@ip-172-31-12-72"} 1 174 0 174 174 0 0
stats: {cpu,"tsung_controller@ip-172-31-12-72"} 1 1.7769002961500493 0.0 4.797589291971314 1.7769002961500493 4.797589291971314 1
stats: {load,"tsung_controller@ip-172-31-12-72"} 1 0.0 0.0 0.0 0.0 0.0 1
stats: {freemem,"tsung_controller@ip-172-31-12-72"} 1 3164.46484375 0.0 3164.84375 3164.46484375 3164.84375 1
stats: session 15 9.815494791666667 0.29707231444994653 129.2119140625 9.093994140625 22.996717664930557 9
stats: users_count 15 24
stats: finish_users_count 15 24
stats: request 15 7.825016276041667 0.22411090710404297 125.535888671875 7.135986328125 20.886067708333332 9
stats: connect 15 0.8954915364583333 0.07916716525272172 114.847900390625 0.796875 13.523844401041666 9
stats: page 15 7.825016276041667 0.22411090710404297 125.535888671875 7.135986328125 20.886067708333332 9
stats: 200 15 24
stats: size_rcv 369315 590904
stats: size_sent 2055 3288
stats: connected 0 0
# stats: dump at 1480548786
stats: users 0 1
stats: {recvpackets,"tsung_controller@ip-172-31-12-72"} 1 308.0 0.0 308 221 221.0 1
stats: {sentpackets,"tsung_controller@ip-172-31-12-72"} 1 248.0 0.0 248 174 174.0 1
stats: {cpu,"tsung_controller@ip-172-31-12-72"} 1 0.9891196834817012 0.0 4.797589291971314 0.9891196834817012 3.2872447940606815 2
stats: {load,"tsung_controller@ip-172-31-12-72"} 1 0.0 0.0 0.0 0.0 0.0 2
stats: {freemem,"tsung_controller@ip-172-31-12-72"} 1 3164.2421875 0.0 3164.84375 3164.2421875 3164.654296875 2
stats: session 6 9.920694986979166 0.1902925133123539 129.2119140625 9.093994140625 14.758453369140625 24
stats: users_count 6 30
stats: finish_users_count 6 30
stats: request 6 7.9691162109375 0.18794651640954815 125.535888671875 7.135986328125 12.722910563151041 24
stats: connect 6 0.8694254557291666 0.033845386833825195 114.847900390625 0.796875 5.631123860677083 24
stats: page 6 7.9691162109375 0.18794651640954815 125.535888671875 7.135986328125 12.722910563151041 24
stats: 200 6 30
stats: size_rcv 147726 738630
stats: size_sent 822 4110
stats: connected 0 0
# stats: dump at 1480548796
stats: users 0 1
stats: {recvpackets,"tsung_controller@ip-172-31-12-72"} 1 133.0 0.0 308 133 264.5 2
stats: {sentpackets,"tsung_controller@ip-172-31-12-72"} 1 108.0 0.0 248 108 211.0 2
stats: {cpu,"tsung_controller@ip-172-31-12-72"} 1 0.9871668311944718 0.0 4.797589291971314 0.9871668311944718 2.5212030905343545 3
stats: {load,"tsung_controller@ip-172-31-12-72"} 1 0.0 0.0 0.0 0.0 0.0 3
stats: {freemem,"tsung_controller@ip-172-31-12-72"} 1 3164.12109375 0.0 3164.84375 3164.12109375 3164.5169270833335 3
stats: session 9 10.561143663194445 1.3964256107613116 129.2119140625 9.093994140625 13.790901692708333 30
stats: users_count 9 39
stats: finish_users_count 9 39
stats: request 9 8.612548828125 1.3980589436547846 125.535888671875 7.135986328125 11.772151692708333 30
stats: connect 9 0.9463704427083334 0.08353376127591615 114.847900390625 0.796875 4.6787841796875 30
stats: page 9 8.612548828125 1.3980589436547846 125.535888671875 7.135986328125 11.772151692708333 30
stats: 200 9 39
stats: size_rcv 221589 960219
stats: newphase 1 1
stats: size_sent 1233 5343
stats: connected 0 0
# stats: dump at 1480548806
stats: users 0 1
stats: {recvpackets,"tsung_controller@ip-172-31-12-72"} 1 243.0 0.0 308 133 220.66666666666666 3
stats: {sentpackets,"tsung_controller@ip-172-31-12-72"} 1 202.0 0.0 248 108 176.66666666666666 3
stats: {cpu,"tsung_controller@ip-172-31-12-72"} 1 1.1846001974333662 0.0 4.797589291971314 0.9871668311944718 2.1376940256993837 4
stats: {load,"tsung_controller@ip-172-31-12-72"} 1 0.0 0.0 0.0 0.0 0.0 4
stats: {freemem,"tsung_controller@ip-172-31-12-72"} 1 3164.17578125 0.0 3164.84375 3164.12109375 3164.41796875 4
stats: session 25 9.845498046875 0.1927423383523461 129.2119140625 9.093994140625 13.045572916666666 39
stats: users_count 25 64
stats: finish_users_count 25 64
stats: request 24 7.932261149088542 0.16837821228380317 125.535888671875 7.135986328125 11.043012570112179 39
stats: connect 24 0.8777058919270834 0.03706215760164168 114.847900390625 0.782958984375 3.8174579326923075 39
stats: page 24 7.932261149088542 0.16837821228380317 125.535888671875 7.135986328125 11.043012570112179 39
stats: 200 24 63
stats: size_rcv 590904 1551123
stats: newphase 0 1
stats: size_sent 3288 8631
stats: connected 0 0
# stats: dump at 1480548816
stats: users 0 1
stats: {recvpackets,"tsung_controller@ip-172-31-12-72"} 1 572.0 0.0 572 133 226.25 4
stats: {sentpackets,"tsung_controller@ip-172-31-12-72"} 1 459.0 0.0 459 108 183.0 4
stats: {cpu,"tsung_controller@ip-172-31-12-72"} 1 1.0912698412698412 0.0 4.797589291971314 0.9871668311944718 1.94707526004618 5
stats: {load,"tsung_controller@ip-172-31-12-72"} 1 0.0 0.0 0.0 0.0 0.0 5
stats: {freemem,"tsung_controller@ip-172-31-12-72"} 1 3164.19140625 0.0 3164.84375 3164.12109375 3164.36953125 5
stats: session 20 10.2087890625 1.0314588179279305 129.2119140625 9.093994140625 11.795543670654297 64
stats: users_count 20 84
stats: finish_users_count 20 84
stats: request 21 8.241245814732142 1.012455880993243 125.535888671875 7.135986328125 9.857964409722221 63
stats: connect 21 0.9288271949404762 0.10231673152818593 114.847900390625 0.782958984375 2.6975523933531744 63
stats: page 21 8.241245814732142 1.012455880993243 125.535888671875 7.135986328125 9.857964409722221 63
stats: 200 21 84
stats: size_rcv 517041 2068164
stats: newphase 0 1
stats: size_sent 2877 11508
stats: connected 0 0
# stats: dump at 1480548826
stats: users 1 1
stats: {recvpackets,"tsung_controller@ip-172-31-12-72"} 1 396.0 0.0 572 133 295.4 5
stats: {sentpackets,"tsung_controller@ip-172-31-12-72"} 1 342.0 0.0 459 108 238.2 5
stats: {cpu,"tsung_controller@ip-172-31-12-72"} 1 1.089108910891089 0.0 4.797589291971314 0.9871668311944718 1.804441023583457 6
stats: {load,"tsung_controller@ip-172-31-12-72"} 1 0.0 0.0 0.0 0.0 0.0 6
stats: {freemem,"tsung_controller@ip-172-31-12-72"} 1 3164.20703125 0.0 3164.84375 3164.12109375 3164.33984375 6
stats: session 34 9.757180606617645 0.38407769071786885 129.2119140625 8.56298828125 11.417744954427084 84
stats: users_count 35 119
stats: finish_users_count 34 118
stats: request 34 7.841681985294118 0.39765296014744644 125.535888671875 6.55908203125 9.453784760974703 84
stats: connect 34 0.8738367417279411 0.05657577853517326 114.847900390625 0.68603515625 2.25537109375 84
stats: page 34 7.841681985294118 0.39765296014744644 125.535888671875 6.55908203125 9.453784760974703 84
stats: 200 34 118
stats: size_rcv 837113 2905277
stats: newphase 1 2
stats: size_sent 4658 16166
stats: connected 0 0
# stats: dump at 1480548836
stats: users 0 2
stats: {recvpackets,"tsung_controller@ip-172-31-12-72"} 1 861.0 0.0 861 133 312.1666666666667 6
stats: {sentpackets,"tsung_controller@ip-172-31-12-72"} 1 749.0 0.0 749 108 255.5 6
stats: {cpu,"tsung_controller@ip-172-31-12-72"} 1 1.6798418972332017 0.0 4.797589291971314 0.9871668311944718 1.7022507217702614 7
stats: {load,"tsung_controller@ip-172-31-12-72"} 1 0.0 0.0 0.0 0.0 0.0 7
stats: {freemem,"tsung_controller@ip-172-31-12-72"} 1 3164.0625 0.0 3164.84375 3164.0625 3164.320870535714 7
stats: session 39 11.085956280048078 2.730478207950222 129.2119140625 8.56298828125 10.939277260990465 118
stats: users_count 38 157
stats: finish_users_count 39 157
stats: request 39 9.179361979166668 2.7211311465165062 125.535888671875 6.55908203125 8.989280571371822 118
stats: connect 39 0.8505233373397436 0.07573242062276911 114.847900390625 0.554931640625 1.8573018736758475 118
stats: page 39 9.179361979166668 2.7211311465165062 125.535888671875 6.55908203125 8.989280571371822 118
stats: 200 39 157
stats: size_rcv 960218 3865495
stats: newphase 0 2
stats: size_sent 5343 21509
stats: connected 0 0
# stats: dump at 1480548846
stats: users 0 2
stats: {recvpackets,"tsung_controller@ip-172-31-12-72"} 1 1033.0 0.0 1033 133 390.57142857142856 7
stats: {sentpackets,"tsung_controller@ip-172-31-12-72"} 1 802.0 0.0 802 108 326.0 7
stats: {cpu,"tsung_controller@ip-172-31-12-72"} 1 1.8774703557312251 0.0 4.797589291971314 0.9871668311944718 1.699449618703129 8
stats: {load,"tsung_controller@ip-172-31-12-72"} 1 0.0 0.0 0.0 0.0 0.0 8
stats: {freemem,"tsung_controller@ip-172-31-12-72"} 1 3163.69921875 0.0 3164.84375 3163.69921875 3164.28857421875 8
stats: session 49 11.512999242665817 4.943997720929538 129.2119140625 8.241943359375 10.975713450437897 157
stats: users_count 49 206
stats: finish_users_count 49 206
stats: request 49 9.576944156568878 4.955715376952687 125.535888671875 6.22998046875 9.036498245919587 157
stats: connect 49 1.0287687340561225 1.129517629201565 114.847900390625 0.554931640625 1.6072103901273886 157
stats: page 49 9.576944156568878 4.955715376952687 125.535888671875 6.22998046875 9.036498245919587 157
stats: 200 49 206
stats: size_rcv 1206426 5071921
stats: newphase 0 2
stats: size_sent 6713 28222
stats: connected 0 0
# stats: dump at 1480548856
stats: users 0 2
stats: {recvpackets,"tsung_controller@ip-172-31-12-72"} 1 770.0 0.0 1033 133 470.875 8
stats: {sentpackets,"tsung_controller@ip-172-31-12-72"} 1 621.0 0.0 802 108 385.5 8
stats: {cpu,"tsung_controller@ip-172-31-12-72"} 1 1.5810276679841897 0.0 4.797589291971314 0.9871668311944718 1.7192297005951396 9
stats: {load,"tsung_controller@ip-172-31-12-72"} 1 0.0 0.0 0.0 0.0 0.0 9
stats: {freemem,"tsung_controller@ip-172-31-12-72"} 1 3163.734375 0.0 3164.84375 3163.69921875 3164.223090277778 9
stats: session 81 10.418978467399688 1.9609509255093185 129.2119140625 7.81591796875 11.103514439851335 206
stats: users_count 81 287
stats: finish_users_count 81 287
stats: request 78 8.462561974158653 1.967051552355573 125.535888671875 5.866943359375 9.16505091398665 206
stats: connect 78 0.8722894130608975 0.20710590491009578 114.847900390625 0.552978515625 1.4696198991201457 206
stats: page 78 8.462561974158653 1.967051552355573 125.535888671875 5.866943359375 9.16505091398665 206
stats: 200 78 284
stats: size_rcv 1920437 6992358
stats: newphase 1 3
stats: size_sent 10686 38908
stats: connected 0 0
# stats: dump at 1480548866
stats: users 1 2
stats: {recvpackets,"tsung_controller@ip-172-31-12-72"} 1 2025.0 0.0 2025 133 504.1111111111111 9
stats: {sentpackets,"tsung_controller@ip-172-31-12-72"} 1 1649.0 0.0 1649 108 411.6666666666667 9
stats: {cpu,"tsung_controller@ip-172-31-12-72"} 1 2.7722772277227725 0.0 4.797589291971314 0.9871668311944718 1.7054094973340448 10
stats: {load,"tsung_controller@ip-172-31-12-72"} 1 0.0 0.0 0.0 0.0 0.0 10
stats: {freemem,"tsung_controller@ip-172-31-12-72"} 1 3163.57421875 0.0 3164.84375 3163.57421875 3164.17421875 10
stats: session 69 9.95331252830616 1.594429300698778 129.2119140625 7.532958984375 10.910317876197736 287
stats: users_count 70 357
stats: finish_users_count 69 356
stats: request 72 8.045247395833334 1.591000471223238 125.535888671875 5.526123046875 8.972113810794454 284
stats: connect 72 0.8638170030381944 0.4098487521572768 114.847900390625 0.535888671875 1.3055643430897887 284
stats: page 72 8.045247395833334 1.591000471223238 125.535888671875 5.526123046875 8.972113810794454 284
stats: 200 72 356
stats: size_rcv 1772712 8765070
stats: newphase 0 3
stats: size_sent 9864 48772
stats: connected 0 0
# stats: dump at 1480548876
stats: users 0 2
stats: {recvpackets,"tsung_controller@ip-172-31-12-72"} 1 1650.0 0.0 2025 133 656.2 10
stats: {sentpackets,"tsung_controller@ip-172-31-12-72"} 1 1369.0 0.0 1649 108 535.4 10
stats: {cpu,"tsung_controller@ip-172-31-12-72"} 1 2.180376610505451 0.0 4.797589291971314 0.9871668311944718 1.802397472823929 11
stats: {load,"tsung_controller@ip-172-31-12-72"} 1 0.0 0.0 0.0 0.0 0.0 11
stats: {freemem,"tsung_controller@ip-172-31-12-72"} 1 3163.57421875 0.0 3164.84375 3163.57421875 3164.1196732954545 11
stats: session 81 9.987518687307102 1.7139775256968117 129.2119140625 7.35693359375 10.72483088461201 356
stats: users_count 80 437
stats: finish_users_count 81 437
stats: request 80 8.069412231445318 1.7360889491473075 125.535888671875 5.35400390625 8.784657681925912 356
stats: connect 80 0.8324249267578125 0.11938875027893198 114.847900390625 0.513916015625 1.2162221844276686 356
stats: page 80 8.069412231445318 1.7360889491473075 125.535888671875 5.35400390625 8.784657681925912 356
stats: 200 80 436
stats: size_rcv 1969680 10734750
stats: newphase 0 3
stats: size_sent 10960 59732
stats: connected 0 0
# stats: dump at 1480548886
stats: users 0 2
stats: {recvpackets,"tsung_controller@ip-172-31-12-72"} 1 1607.0 0.0 2025 133 746.5454545454545 11
stats: {sentpackets,"tsung_controller@ip-172-31-12-72"} 1 1395.0 0.0 1649 108 611.1818181818181 11
stats: {cpu,"tsung_controller@ip-172-31-12-72"} 1 2.083333333333333 0.0 4.797589291971314 0.9871668311944718 1.8338957342973892 12
stats: {load,"tsung_controller@ip-172-31-12-72"} 1 0.0 0.0 0.0 0.0 0.0 12
stats: {freemem,"tsung_controller@ip-172-31-12-72"} 1 3163.55078125 0.0 3164.84375 3163.55078125 3164.07421875 12
stats: session 147 10.030170466624144 2.4023148663885405 129.2119140625 7.35693359375 10.58816661005435 437
stats: users_count 147 584
stats: finish_users_count 147 584
stats: request 144 8.096276177300348 2.4188633267450426 125.535888671875 5.35400390625 8.653419984590023 436
stats: connect 144 0.8012898763020834 0.32846998630255086 114.847900390625 0.513916015625 1.1458006692588876 436
stats: page 144 8.096276177300348 2.4188633267450426 125.535888671875 5.35400390625 8.653419984590023 436
stats: 200 144 580
stats: size_rcv 3545421 14280171
stats: newphase 1 4
stats: size_sent 19728 79460
stats: connected 0 0
# stats: dump at 1480548896
stats: users 0 4
stats: {recvpackets,"tsung_controller@ip-172-31-12-72"} 1 3740.0 0.0 3740 133 818.25 12
stats: {sentpackets,"tsung_controller@ip-172-31-12-72"} 1 3006.0 0.0 3006 108 676.4999999999999 12
stats: {cpu,"tsung_controller@ip-172-31-12-72"} 1 3.5856573705179287 0.0 4.797589291971314 0.9871668311944718 1.8530832419155385 13
stats: {load,"tsung_controller@ip-172-31-12-72"} 1 0.0 0.0 0.0 0.0 0.0 13
stats: {freemem,"tsung_controller@ip-172-31-12-72"} 1 3163.32421875 0.0 3164.84375 3163.32421875 3164.033954326923 13
stats: session 173 11.777395965046964 9.050652593670483 129.2119140625 7.35693359375 10.44771210134846 584
stats: users_count 173 757
stats: finish_users_count 173 757
stats: request 175 9.643256138392855 8.923171264803411 125.535888671875 5.35400390625 8.515094625538794 580
stats: connect 175 0.7610463169642857 0.11940222070218659 114.847900390625 0.513916015625 1.0602669551454742 580
stats: page 175 9.643256138392855 8.923171264803411 125.535888671875 5.35400390625 8.515094625538794 580
stats: 200 175 755
stats: size_rcv 4308674 18588845
stats: newphase 0 4
stats: size_sent 23975 103435
stats: connected 0 0
# stats: dump at 1480548906
stats: users 0 4
stats: {recvpackets,"tsung_controller@ip-172-31-12-72"} 1 3764.0 0.0 3764 133 1043.0 13
stats: {sentpackets,"tsung_controller@ip-172-31-12-72"} 1 3166.0 0.0 3166 108 855.6923076923075 13
stats: {cpu,"tsung_controller@ip-172-31-12-72"} 1 3.869047619047619 0.0 4.797589291971314 0.9871668311944718 1.9768385368157093 14
stats: {load,"tsung_controller@ip-172-31-12-72"} 1 0.0 0.0 0.0 0.0 0.0 14
stats: {freemem,"tsung_controller@ip-172-31-12-72"} 1 3163.00390625 0.0 3164.84375 3163.00390625 3163.9832589285716 14
stats: session 146 11.12033624518408 4.516946666062955 129.2119140625 6.919921875 10.751589655403732 757
stats: users_count 146 903
stats: finish_users_count 146 903
stats: request 147 9.283317721619893 4.615341725217894 125.535888671875 5.35400390625 8.77658901593543 755
stats: connect 147 0.9577836017219385 0.6977178057189798 114.847900390625 0.513916015625 0.9909111780836093 755
stats: page 147 9.283317721619893 4.615341725217894 125.535888671875 5.35400390625 8.77658901593543 755
stats: 200 147 902
stats: size_rcv 3619276 22208121
stats: newphase 0 4
stats: size_sent 20139 123574
stats: connected 0 0
# stats: dump at 1480548916
stats: users 1 5
stats: {recvpackets,"tsung_controller@ip-172-31-12-72"} 1 3280.0 0.0 3764 133 1237.357142857143 14
stats: {sentpackets,"tsung_controller@ip-172-31-12-72"} 1 2702.0 0.0 3166 108 1020.7142857142856 14
stats: {cpu,"tsung_controller@ip-172-31-12-72"} 1 3.751233958538993 0.0 4.797589291971314 0.9871668311944718 2.1029858089645033 15
stats: {load,"tsung_controller@ip-172-31-12-72"} 1 0.0 0.0 0.0 0.0 0.0 15
stats: {freemem,"tsung_controller@ip-172-31-12-72"} 1 3162.9765625 0.0 3164.84375 3162.9765625 3163.91796875 15
stats: session 273 10.709325098729392 4.033454637587983 129.2119140625 6.919921875 10.811209812776855 903
stats: users_count 274 1177
stats: finish_users_count 273 1176
stats: request 269 8.747329882086436 4.05089729828781 125.535888671875 5.35400390625 8.859171188591324 902
stats: connect 270 0.7496591073495369 0.19647142566686673 114.847900390625 0.513916015625 0.9855123380335366 902
stats: page 269 8.747329882086436 4.05089729828781 125.535888671875 5.35400390625 8.859171188591324 902
stats: 200 269 1171
stats: size_rcv 6623045 28831166
stats: newphase 1 5
stats: size_sent 36990 160564
stats: connected 1 1
# stats: dump at 1480548926
stats: users 0 6
stats: {recvpackets,"tsung_controller@ip-172-31-12-72"} 1 6674.0 0.0 6674 133 1373.5333333333333 15
stats: {sentpackets,"tsung_controller@ip-172-31-12-72"} 1 5539.0 0.0 5539 108 1132.8 15
stats: {cpu,"tsung_controller@ip-172-31-12-72"} 1 6.4484126984126995 0.0 6.4484126984126995 0.9871668311944718 2.206001318312909 16
stats: {load,"tsung_controller@ip-172-31-12-72"} 1 0.0 0.0 0.0 0.0 0.0 16
stats: {freemem,"tsung_controller@ip-172-31-12-72"} 1 3162.19921875 0.0 3164.84375 3162.19921875 3163.859130859375 16
stats: session 311 11.12424873769091 5.681050673520911 129.2119140625 6.919921875 10.787558004158695 1176
stats: users_count 310 1487
stats: finish_users_count 311 1487
stats: request 314 9.057822452229308 5.240032195758736 125.535888671875 5.35400390625 8.833479206140584 1171
stats: connect 313 0.7097854370507188 0.12551403935509062 114.847900390625 0.51123046875 0.9311775493947312 1172
stats: page 314 9.057822452229308 5.240032195758736 125.535888671875 5.35400390625 8.833479206140584 1171
stats: 200 314 1485
stats: size_rcv 7730987 36562153
stats: newphase 0 5
stats: size_sent 42881 203445
stats: connected -1 0
# stats: dump at 1480548936
stats: users 0 6
stats: {recvpackets,"tsung_controller@ip-172-31-12-72"} 1 7307.0 0.0 7307 133 1704.8125 16
stats: {sentpackets,"tsung_controller@ip-172-31-12-72"} 1 5950.0 0.0 5950 108 1408.1875 16
stats: {cpu,"tsung_controller@ip-172-31-12-72"} 1 6.772908366533864 0.0 6.772908366533864 0.9871668311944718 2.455554928907014 17
stats: {load,"tsung_controller@ip-172-31-12-72"} 1 0.0 0.0 0.0 0.0 0.0 17
stats: {freemem,"tsung_controller@ip-172-31-12-72"} 1 3162.421875 0.0 3164.84375 3162.19921875 3163.7614889705883 17
stats: session 334 10.388306395022465 4.132527752173497 129.2119140625 6.919921875 10.857975501218895 1487
stats: users_count 334 1821
stats: finish_users_count 334 1821
stats: request 333 8.274447787631383 3.59027531138543 125.535888671875 5.35400390625 8.880916094539144 1485
stats: connect 333 0.7432051191816815 0.311465907839524 114.847900390625 0.509033203125 0.8845137573653199 1485
stats: page 333 8.274447787631383 3.59027531138543 125.535888671875 5.35400390625 8.880916094539144 1485
stats: 200 333 1818
stats: size_rcv 8198787 44760940
stats: newphase 0 5
stats: size_sent 45621 249066
stats: connected 0 0
# stats: dump at 1480548946
stats: users 0 8
stats: {recvpackets,"tsung_controller@ip-172-31-12-72"} 1 7833.0 0.0 7833 133 2034.3529411764705 17
stats: {sentpackets,"tsung_controller@ip-172-31-12-72"} 1 6542.0 0.0 6542 108 1675.3529411764705 17
stats: {cpu,"tsung_controller@ip-172-31-12-72"} 1 7.07876370887338 0.0 7.07876370887338 0.9871668311944718 2.695407897664061 18
stats: {load,"tsung_controller@ip-172-31-12-72"} 1 0.0 0.0 0.0 0.0 0.0 18
stats: {freemem,"tsung_controller@ip-172-31-12-72"} 1 3162.11328125 0.0 3164.84375 3162.11328125 3163.687065972222 18
stats: session 568 12.219653062417471 7.482627821721478 129.2119140625 6.919921875 10.771830810680944 1821
stats: users_count 568 2389
stats: finish_users_count 568 2389
stats: request 570 10.248992170367323 7.472437317094917 125.535888671875 5.35400390625 8.769830315551088 1818
stats: connect 570 0.7294746265076753 0.5394448977145212 114.847900390625 0.50390625 0.8586304919554455 1818
stats: page 570 10.248992170367323 7.472437317094917 125.535888671875 5.35400390625 8.769830315551088 1818
stats: 200 570 2388
stats: size_rcv 14033952 58794892
stats: newphase 1 6
stats: size_sent 78090 327156
stats: connected 0 0
# stats: dump at 1480548956
stats: users 0 8
stats: {recvpackets,"tsung_controller@ip-172-31-12-72"} 1 13933.0 0.0 13933 133 2356.5 18
stats: {sentpackets,"tsung_controller@ip-172-31-12-72"} 1 11516.0 0.0 11516 108 1945.7222222222222 18
stats: {cpu,"tsung_controller@ip-172-31-12-72"} 1 10.285132382892057 0.0 10.285132382892057 0.9871668311944718 2.926110835096131 19
stats: {load,"tsung_controller@ip-172-31-12-72"} 1 0.0 0.0 0.0 0.0 0.0 19
stats: {freemem,"tsung_controller@ip-172-31-12-72"} 1 3161.8046875 0.0 3164.84375 3161.8046875 3163.6042351973683 19
stats: session 596 12.369927937552434 5.958386728541574 129.2119140625 6.919921875 11.116059793094653 2389
stats: users_count 596 2985
stats: finish_users_count 596 2985
stats: request 596 10.329915501127306 5.788122494014631 125.535888671875 5.35400390625 9.122896587429336 2388
stats: connect 597 0.7254276754868092 0.5802317467658281 114.847900390625 0.50390625 0.8278018306048471 2388
stats: page 596 10.329915501127306 5.788122494014631 125.535888671875 5.35400390625 9.122896587429336 2388
stats: 200 596 2984
stats: size_rcv 14674112 73469004
stats: newphase 0 6
stats: size_sent 81789 408945
stats: connected 1 1
# stats: dump at 1480548966
stats: users 0 8
stats: {recvpackets,"tsung_controller@ip-172-31-12-72"} 1 13214.0 0.0 13933 133 2965.7894736842104 19
stats: {sentpackets,"tsung_controller@ip-172-31-12-72"} 1 10896.0 0.0 11516 108 2449.4210526315787 19
stats: {cpu,"tsung_controller@ip-172-31-12-72"} 1 10.552763819095476 0.0 10.552763819095476 0.9871668311944718 3.294061912485927 20
stats: {load,"tsung_controller@ip-172-31-12-72"} 1 0.0703125 0.0 0.0703125 0.0 0.0 20
stats: {freemem,"tsung_controller@ip-172-31-12-72"} 1 3161.3046875 0.0 3164.84375 3161.3046875 3163.5142578125 20
stats: session 628 14.18722592493531 6.680176811723714 129.2119140625 6.919921875 11.366413365656408 2985
stats: users_count 628 3613
stats: finish_users_count 628 3613
stats: request 603 12.160422253964553 6.549746018946081 125.535888671875 5.35400390625 9.363976772604936 2984
stats: connect 602 0.9399592504152824 1.0134567868936193 114.847900390625 0.50390625 0.8073269995812395 2985
stats: page 603 12.160422253964553 6.549746018946081 125.535888671875 5.35400390625 9.363976772604936 2984
stats: 200 603 3587
stats: size_rcv 14846431 88315435
stats: newphase 0 6
stats: size_sent 82474 491419
stats: connected -1 0
# stats: dump at 1480548976
stats: users 5 15
stats: {recvpackets,"tsung_controller@ip-172-31-12-72"} 1 15837.0 0.0 15837 133 3478.2 20
stats: {sentpackets,"tsung_controller@ip-172-31-12-72"} 1 12747.0 0.0 12747 108 2871.7499999999995 20
stats: {cpu,"tsung_controller@ip-172-31-12-72"} 1 12.324649298597194 0.0 12.324649298597194 0.9871668311944718 3.6397143842292388 21
stats: {load,"tsung_controller@ip-172-31-12-72"} 1 0.05859375 0.0 0.0703125 0.0 0.0033482142857142855 21
stats: {freemem,"tsung_controller@ip-172-31-12-72"} 1 3160.57421875 0.0 3164.84375 3160.57421875 3163.4090401785716 21
stats: session 1133 24.546401802460263 15.840509613511744 129.2119140625 6.919921875 11.85671790128529 3613
stats: users_count 1138 4751
stats: finish_users_count 1133 4746
stats: request 1093 21.85222031714604 15.510191986193385 125.535888671875 5.35400390625 9.834078982044538 3587
stats: connect 1104 0.784713081691576 0.8983752203336763 114.847900390625 0.50390625 0.8295864406189016 3587
stats: page 1093 21.85222031714604 15.510191986193385 125.535888671875 5.35400390625 9.834078982044538 3587
stats: 200 1093 4680
stats: size_rcv 26910730 115226165
stats: newphase 1 7
stats: size_sent 151248 642667
stats: connected 11 11
# stats: dump at 1480548986
stats: users 2 15
stats: {recvpackets,"tsung_controller@ip-172-31-12-72"} 1 27773.0 0.0 27773 133 4066.714285714286 21
stats: {sentpackets,"tsung_controller@ip-172-31-12-72"} 1 22297.0 0.0 22297 108 3342.0 21
stats: {cpu,"tsung_controller@ip-172-31-12-72"} 1 20.62374245472837 0.0 20.62374245472837 0.9871668311944718 4.034484153064145 22
stats: {load,"tsung_controller@ip-172-31-12-72"} 1 0.05078125 0.0 0.0703125 0.0 0.005859375 22
stats: {freemem,"tsung_controller@ip-172-31-12-72"} 1 3159.51171875 0.0 3164.84375 3159.51171875 3163.280184659091 22
stats: session 1208 22.769291353541508 13.909088288133244 129.2119140625 6.919921875 14.886092503061782 4746
stats: users_count 1205 5956
stats: finish_users_count 1208 5954
stats: request 1222 21.406420418946897 14.326456547427917 125.535888671875 5.35400390625 12.640879939152644 4680
stats: connect 1212 0.836483593427702 0.8732825259545571 114.847900390625 0.50390625 0.8190257524381795 4691
stats: page 1222 21.406420418946897 14.326456547427917 125.535888671875 5.35400390625 12.640879939152644 4680
stats: 200 1222 5902
stats: size_rcv 30086816 145312981
stats: newphase 0 7
stats: size_sent 166044 808711
stats: connected -10 1
# stats: dump at 1480548996
stats: users 3 15
stats: {recvpackets,"tsung_controller@ip-172-31-12-72"} 1 26732.0 0.0 27773 133 5144.272727272727 22
stats: {sentpackets,"tsung_controller@ip-172-31-12-72"} 1 20971.0 0.0 22297 108 4203.590909090909 22
stats: {cpu,"tsung_controller@ip-172-31-12-72"} 1 20.038910505836576 0.0 20.62374245472837 0.9871668311944718 4.755756253136504 23
stats: {load,"tsung_controller@ip-172-31-12-72"} 1 0.0390625 0.0 0.0703125 0.0 0.0078125 23
stats: {freemem,"tsung_controller@ip-172-31-12-72"} 1 3157.609375 0.0 3164.84375 3157.609375 3163.1163383152175 23
stats: session 1222 22.113140399639438 13.318654917595568 129.2119140625 6.919921875 16.485505370273657 5954
stats: users_count 1223 7179
stats: finish_users_count 1222 7176
stats: request 1214 20.05923728377263 13.152288800409565 125.535888671875 5.35400390625 14.455771580343525 5902
stats: connect 1218 0.8134364737274223 1.6631554189949866 114.847900390625 0.492919921875 0.8226101846386371 5903
stats: page 1214 20.05923728377263 13.152288800409565 125.535888671875 5.35400390625 14.455771580343525 5902
stats: 200 1216 7118
stats: size_rcv 29889857 175202838
stats: newphase 0 7
stats: size_sent 166866 975577
stats: connected 4 5
# stats: dump at 1480549006
stats: users 106 114
stats: {recvpackets,"tsung_controller@ip-172-31-12-72"} 1 29593.0 0.0 29593 133 6082.869565217391 23
stats: {sentpackets,"tsung_controller@ip-172-31-12-72"} 1 23731.0 0.0 23731 108 4932.608695652174 23
stats: {cpu,"tsung_controller@ip-172-31-12-72"} 1 20.42900919305414 0.0 20.62374245472837 0.9871668311944718 5.392554346999007 24
stats: {load,"tsung_controller@ip-172-31-12-72"} 1 0.0390625 0.0 0.0703125 0.0 0.009114583333333334 24
stats: {freemem,"tsung_controller@ip-172-31-12-72"} 1 3155.765625 0.0 3164.84375 3155.765625 3162.8868815104165 24
stats: session 2053 330.7045467950877 252.65381897872135 662.06005859375 2.416015625 17.44383452382508 7176
stats: users_count 2156 9335
stats: finish_users_count 2053 9229
stats: request 2019 313.37000630243176 253.26469699804204 660.057861328125 1.10400390625 15.411731018786883 7116
stats: connect 2116 0.7271551986723174 0.47882912959111934 114.847900390625 0.47900390625 0.8210410819999825 7121
stats: page 2019 313.37000630243176 253.26469699804204 660.057861328125 1.10400390625 15.411731018786883 7116
stats: 200 1660 8778
stats: size_rcv 41068365 216271203
stats: newphase 1 8
stats: size_sent 289892 1265469
stats: connected 97 102
stats: 503 358 358
# stats: dump at 1480549016
stats: users 107 114
stats: {recvpackets,"tsung_controller@ip-172-31-12-72"} 1 42766.0 0.0 42766 133 7062.458333333333 24
stats: {sentpackets,"tsung_controller@ip-172-31-12-72"} 1 35465.0 0.0 35465 108 5715.875 24
stats: {cpu,"tsung_controller@ip-172-31-12-72"} 1 32.205128205128204 0.0 32.205128205128204 0.9871668311944718 5.994012540841212 25
stats: {load,"tsung_controller@ip-172-31-12-72"} 1 0.03125 0.0 0.0703125 0.0 0.0103125 25
stats: {freemem,"tsung_controller@ip-172-31-12-72"} 1 3153.76171875 0.0 3164.84375 3153.76171875 3162.60203125 25
stats: session 2383 437.15267159305483 239.9623884490059 662.06005859375 2.37109375 87.12898375915958 9229
stats: users_count 2384 11719
stats: finish_users_count 2383 11612
stats: request 2389 435.1306657180375 240.66143179664863 660.057861328125 1.072998046875 81.26589169724107 9135
stats: connect 2390 0.6854257240455035 0.9766772517562676 114.847900390625 0.47900390625 0.7995338254100355 9237
stats: page 2389 435.1306657180375 240.66143179664863 660.057861328125 1.072998046875 81.26589169724107 9135
stats: 200 1833 10611
stats: size_rcv 45326406 261597609
stats: newphase 0 8
stats: size_sent 327430 1592899
stats: connected 1 103
stats: 503 559 917
# stats: dump at 1480549026
stats: users 105 114
stats: {recvpackets,"tsung_controller@ip-172-31-12-72"} 1 43478.0 0.0 43478 133 8490.6 25
stats: {sentpackets,"tsung_controller@ip-172-31-12-72"} 1 36195.0 0.0 36195 108 6905.84 25
stats: {cpu,"tsung_controller@ip-172-31-12-72"} 1 32.30134158926729 0.0 32.30134158926729 0.9871668311944718 7.002132374083019 26
stats: {load,"tsung_controller@ip-172-31-12-72"} 1 0.03125 0.0 0.0703125 0.0 0.011117788461538462 26
stats: {freemem,"tsung_controller@ip-172-31-12-72"} 1 3151.65234375 0.0 3164.84375 3151.65234375 3162.262019230769 26
stats: session 2426 431.34032770394236 258.38448756433405 1594.238037109375 2.37109375 158.96040367891263 11612
stats: users_count 2424 14143
stats: finish_users_count 2426 14038
stats: request 2417 431.7616638006826 255.8161256310481 1592.2041015625 1.072998046875 154.6243562178661 11524
stats: connect 2420 1.1620210001291316 20.30396468883619 998.8369140625 0.47900390625 0.7760782167180916 11627
stats: page 2417 431.7616638006826 255.8161256310481 1592.2041015625 1.072998046875 154.6243562178661 11524
stats: 200 1791 12402
stats: size_rcv 44446815 306044424
stats: newphase 0 8
stats: size_sent 331540 1924439
stats: connected 3 106
stats: 503 624 1541
# stats: dump at 1480549036
stats: users 110 118
stats: {recvpackets,"tsung_controller@ip-172-31-12-72"} 1 43591.0 0.0 43591 133 9836.26923076923 26
stats: {sentpackets,"tsung_controller@ip-172-31-12-72"} 1 37532.0 0.0 37532 108 8032.346153846154 26
stats: {cpu,"tsung_controller@ip-172-31-12-72"} 1 33.70558375634518 0.0 33.70558375634518 0.9871668311944718 7.939140122793548 27
stats: {load,"tsung_controller@ip-172-31-12-72"} 1 0.1015625 0.0 0.1015625 0.0 0.011863425925925927 27
stats: {freemem,"tsung_controller@ip-172-31-12-72"} 1 3148.95703125 0.0 3164.84375 3148.95703125 3161.869068287037 27
stats: session 4328 246.48431137000412 305.80163585597734 1594.238037109375 2.26904296875 206.03218710138893 14038
stats: users_count 4333 18476
stats: finish_users_count 4328 18366
stats: request 4268 248.19615549446735 306.0410246743093 1592.2041015625 1.072998046875 202.67262193966997 13941
stats: connect 4268 0.8510709010001761 1.1544858239811198 998.8369140625 0.475830078125 0.842567967971364 14047
stats: page 4268 248.19615549446735 306.0410246743093 1592.2041015625 1.072998046875 202.67262193966997 13941
stats: 200 1681 14083
stats: size_rcv 42661486 348705910
stats: newphase 1 9
stats: size_sent 584716 2509155
stats: connected 0 106
stats: 503 2586 4127
# stats: dump at 1480549046
stats: users 107 119
stats: {recvpackets,"tsung_controller@ip-172-31-12-72"} 1 50221.0 0.0 50221 133 11086.444444444445 27
stats: {sentpackets,"tsung_controller@ip-172-31-12-72"} 1 48192.0 0.0 48192 108 9124.925925925925 27
stats: {cpu,"tsung_controller@ip-172-31-12-72"} 1 44.476190476190474 0.0 44.476190476190474 0.9871668311944718 8.859370252563249 28
stats: {load,"tsung_controller@ip-172-31-12-72"} 1 0.078125 0.0 0.1015625 0.0 0.015066964285714286 28
stats: {freemem,"tsung_controller@ip-172-31-12-72"} 1 3145.08984375 0.0 3164.84375 3145.08984375 3161.4079241071427 28
stats: session 4685 228.43281739844605 312.47948130574144 1594.238037109375 2.26904296875 215.56484493840117 18366
stats: users_count 4682 23158
stats: finish_users_count 4685 23051
stats: request 4693 227.70558882785863 312.59189440810945 1592.2041015625 1.071044921875 213.34286419415264 18209
stats: connect 4693 0.8593347347445661 1.5247909651500224 998.8369140625 0.475830078125 0.8445494322447449 18315
stats: page 4693 227.70558882785863 312.59189440810945 1592.2041015625 1.071044921875 213.34286419415264 18209
stats: 200 1614 15697
stats: size_rcv 41249525 389955435
stats: newphase 0 9
stats: size_sent 642941 3152096
stats: connected 0 106
stats: 503 3078 7205
# stats: dump at 1480549056
stats: users 105 119
stats: {recvpackets,"tsung_controller@ip-172-31-12-72"} 1 47768.0 0.0 50221 133 12484.107142857143 28
stats: {sentpackets,"tsung_controller@ip-172-31-12-72"} 1 46624.0 0.0 48192 108 10520.17857142857 28
stats: {cpu,"tsung_controller@ip-172-31-12-72"} 1 44.89402697495183 0.0 44.89402697495183 0.9871668311944718 10.087536467171084 29
stats: {load,"tsung_controller@ip-172-31-12-72"} 1 0.21875 0.0 0.21875 0.0 0.017241379310344827 29
stats: {freemem,"tsung_controller@ip-172-31-12-72"} 1 3143.27734375 0.0 3164.84375 3143.27734375 3160.8452316810344 29
stats: session 4664 230.6344759959095 320.3916011125054 1594.238037109375 2.26904296875 218.18019572471457 23051
stats: users_count 4662 27820
stats: finish_users_count 4664 27715
stats: request 4694 226.75780386613886 319.3139859244264 1592.2041015625 1.071044921875 216.28602490963522 22902
stats: connect 4696 0.9805370636246235 1.5164646780341542 998.8369140625 0.475830078125 0.847565227821573 23008
stats: page 4694 226.75780386613886 319.3139859244264 1592.2041015625 1.071044921875 216.28602490963522 22902
stats: 200 1560 17257
stats: size_rcv 39874133 429829568
stats: newphase 0 9
stats: size_sent 643352 3795448
stats: connected 2 108
stats: 503 3136 10341
# stats: dump at 1480549063
stats: users 0 119
stats: {recvpackets,"tsung_controller@ip-172-31-12-72"} 1 37395.0 0.0 50221 133 13700.793103448275 29
stats: {sentpackets,"tsung_controller@ip-172-31-12-72"} 1 35955.0 0.0 48192 108 11765.137931034482 29
stats: {cpu,"tsung_controller@ip-172-31-12-72"} 1 34.57142857142857 0.0 44.89402697495183 0.9871668311944718 11.247752817430442 30
stats: {load,"tsung_controller@ip-172-31-12-72"} 1 0.19140625 0.0 0.21875 0.0 0.023958333333333335 30
stats: {freemem,"tsung_controller@ip-172-31-12-72"} 1 3144.11328125 0.0 3164.84375 3143.27734375 3160.2596354166667 30
stats: session 1041 254.47981207973103 319.40920770018727 1594.238037109375 2.26904296875 220.27605584323715 27715
stats: users_count 936 28756
stats: finish_users_count 1041 28756
stats: request 1160 252.35602901064115 320.06341047914725 1592.2041015625 1.071044921875 218.06724430454128 27596
stats: connect 1052 0.7951759947570105 0.5857636911784198 998.8369140625 0.475830078125 0.8701047795444694 27704
stats: page 1160 252.35602901064115 320.06341047914725 1592.2041015625 1.071044921875 218.06724430454128 27596
stats: 200 440 17697
stats: size_rcv 11229260 441058828
stats: newphase 0 9
stats: size_sent 144124 3939572
stats: connected -108 0
stats: 503 718 11059
EndMonitor:{1480,549063,918512}
