# stats: dump at 1480604983
stats: users 8 8
stats: {freemem,"tsung_controller@ip-172-31-13-122"} 1 3160.09765625 0 3160.09765625 3160.09765625 0 0
stats: {load,"tsung_controller@ip-172-31-13-122"} 1 0.01953125 0 0.01953125 0.01953125 0 0
stats: {cpu,"tsung_controller@ip-172-31-13-122"} 1 2.689408714058488 0 2.689408714058488 2.689408714058488 0 0
stats: users_count 8 8
stats: finish_users_count 0 0
stats: request 20 451.7369384765625 702.5135939128762 2355.170166015625 13.85498046875 0 0
stats: connect 8 14.857421875 37.40429543684456 113.81982421875 0.6328125 0 0
stats: page 20 451.7369384765625 702.5135939128762 2355.170166015625 13.85498046875 0 0
stats: 200 20 20
stats: size_rcv 3428975 3428975
stats: size_sent 7729 7729
stats: connected 8 8
# stats: dump at 1480604993
stats: users 17 17
stats: {freemem,"tsung_controller@ip-172-31-13-122"} 1 3157.65625 0.0 3160.09765625 3157.65625 3160.09765625 1
stats: {load,"tsung_controller@ip-172-31-13-122"} 1 0.01953125 0.0 0.01953125 0.01953125 0.01953125 1
stats: {recvpackets,"tsung_controller@ip-172-31-13-122"} 1 3049 0 3049 3049 0 0
stats: {sentpackets,"tsung_controller@ip-172-31-13-122"} 1 1431 0 1431 1431 0 0
stats: {cpu,"tsung_controller@ip-172-31-13-122"} 1 2.949852507374631 0.0 2.949852507374631 2.689408714058488 2.689408714058488 1
stats: users_count 9 17
stats: finish_users_count 0 0
stats: request 22 1177.4858509410512 1708.0737490134636 4958.816162109375 12.781982421875 451.7369384765625 20
stats: connect 9 0.7418891059027778 0.08757325525384188 113.81982421875 0.615966796875 14.857421875 8
stats: page 22 1177.4858509410512 1708.0737490134636 4958.816162109375 12.781982421875 451.7369384765625 20
stats: 200 22 42
stats: size_rcv 4865239 8294214
stats: size_sent 13932 21661
stats: connected 9 17
# stats: dump at 1480605003
stats: users 26 26
stats: {freemem,"tsung_controller@ip-172-31-13-122"} 1 3155.609375 0.0 3160.09765625 3155.609375 3158.876953125 2
stats: {load,"tsung_controller@ip-172-31-13-122"} 1 0.01953125 0.0 0.01953125 0.01953125 0.01953125 2
stats: {recvpackets,"tsung_controller@ip-172-31-13-122"} 1 4826.0 0.0 4826 3049 3049.0 1
stats: {sentpackets,"tsung_controller@ip-172-31-13-122"} 1 2104.0 0.0 2104 1431 1431.0 1
stats: {cpu,"tsung_controller@ip-172-31-13-122"} 1 2.8265107212475633 0.0 2.949852507374631 2.689408714058488 2.8196306107165596 2
stats: users_count 9 26
stats: finish_users_count 0 0
stats: request 76 1837.0983308490954 2254.786572136318 6977.30908203125 12.781982421875 831.891130719866 42
stats: connect 9 0.7018500434027778 0.07771479917884559 113.81982421875 0.593017578125 7.384492761948529 17
stats: page 76 1837.0983308490954 2254.786572136318 6977.30908203125 12.781982421875 831.891130719866 42
stats: 200 76 118
stats: size_rcv 19851299 28145513
stats: size_sent 30714 52375
stats: connected 9 26
# stats: dump at 1480605013
stats: users 39 39
stats: {freemem,"tsung_controller@ip-172-31-13-122"} 1 3154.4375 0.0 3160.09765625 3154.4375 3157.7877604166665 3
stats: {load,"tsung_controller@ip-172-31-13-122"} 1 0.01171875 0.0 0.01953125 0.01171875 0.01953125 3
stats: {recvpackets,"tsung_controller@ip-172-31-13-122"} 1 11915.0 0.0 11915 3049 3937.5 2
stats: {sentpackets,"tsung_controller@ip-172-31-13-122"} 1 4858.0 0.0 4858 1431 1767.5 2
stats: {cpu,"tsung_controller@ip-172-31-13-122"} 1 3.842364532019704 0.0 3.842364532019704 2.689408714058488 2.8219239808935606 3
stats: users_count 13 39
stats: finish_users_count 0 0
stats: request 24 5431.838328043619 2017.8020734094257 9725.64404296875 12.781982421875 1479.3127172437764 118
stats: connect 13 0.745849609375 0.06411076028706364 113.81982421875 0.593017578125 5.071270282451923 26
stats: page 24 5431.838328043619 2017.8020734094257 9725.64404296875 12.781982421875 1479.3127172437764 118
stats: 200 24 142
stats: size_rcv 6642547 34788060
stats: newphase 1 1
stats: size_sent 15948 68323
stats: connected 13 39
# stats: dump at 1480605023
stats: users 52 52
stats: {freemem,"tsung_controller@ip-172-31-13-122"} 1 3153.08203125 0.0 3160.09765625 3153.08203125 3156.9501953125 4
stats: {load,"tsung_controller@ip-172-31-13-122"} 1 0.01171875 0.0 0.01953125 0.01171875 0.017578125 4
stats: {recvpackets,"tsung_controller@ip-172-31-13-122"} 1 7718.0 0.0 11915 3049 6596.666666666667 3
stats: {sentpackets,"tsung_controller@ip-172-31-13-122"} 1 3213.0 0.0 4858 1431 2797.6666666666665 3
stats: {cpu,"tsung_controller@ip-172-31-13-122"} 1 2.6706231454005933 0.0 3.842364532019704 2.6706231454005933 3.0770341186750967 4
stats: users_count 13 52
stats: finish_users_count 0 0
stats: request 56 6552.419128417969 2356.1311116647785 11681.886962890625 12.781982421875 2147.34521484375 142
stats: connect 13 0.8309420072115384 0.19915102019683595 113.81982421875 0.5849609375 3.629463391426282 39
stats: page 56 6552.419128417969 2356.1311116647785 11681.886962890625 12.781982421875 2147.34521484375 142
stats: 200 56 198
stats: size_rcv 18156618 52944678
stats: newphase 0 1
stats: size_sent 23939 92262
stats: connected 13 52
# stats: dump at 1480605033
stats: users 73 73
stats: {freemem,"tsung_controller@ip-172-31-13-122"} 1 3149.859375 0.0 3160.09765625 3149.859375 3156.1765625 5
stats: {load,"tsung_controller@ip-172-31-13-122"} 1 0.01171875 0.0 0.01953125 0.01171875 0.01640625 5
stats: {recvpackets,"tsung_controller@ip-172-31-13-122"} 1 12517.0 0.0 12517 3049 6877.0 4
stats: {sentpackets,"tsung_controller@ip-172-31-13-122"} 1 5052.0 0.0 5052 1431 2901.5 4
stats: {cpu,"tsung_controller@ip-172-31-13-122"} 1 4.317958783120707 0.0 4.317958783120707 2.6706231454005933 2.995751924020196 5
stats: session 2 52282.783935546875 109.31591796875 52392.099853515625 52173.468017578125 0 0
stats: users_count 23 75
stats: finish_users_count 2 2
stats: request 76 4093.3436118678037 2706.0643059557237 13710.322998046875 12.781982421875 3393.22470555161 198
stats: connect 22 0.7410111860795454 0.146668061403946 113.81982421875 0.5849609375 2.9298330453725963 52
stats: page 76 4093.3436118678037 2706.0643059557237 13710.322998046875 12.781982421875 3393.22470555161 198
stats: 200 75 273
stats: size_rcv 16215739 69160417
stats: newphase 0 1
stats: size_sent 44793 137055
stats: connected 20 72
stats: 500 1 1
# stats: dump at 1480605043
stats: users 116 116
stats: {freemem,"tsung_controller@ip-172-31-13-122"} 1 3148.0546875 0.0 3160.09765625 3148.0546875 3155.1236979166665 6
stats: {load,"tsung_controller@ip-172-31-13-122"} 1 0.01171875 0.0 0.01953125 0.01171875 0.015625 6
stats: {recvpackets,"tsung_controller@ip-172-31-13-122"} 1 9333.0 0.0 12517 3049 8005.0 5
stats: {sentpackets,"tsung_controller@ip-172-31-13-122"} 1 4065.0 0.0 5052 1431 3331.6 5
stats: {cpu,"tsung_controller@ip-172-31-13-122"} 1 4.682926829268292 0.0 4.682926829268292 2.6706231454005933 3.2161197338702814 6
stats: session 0 0 0 52392.099853515625 52173.468017578125 52282.783935546875 2
stats: users_count 43 118
stats: finish_users_count 0 2
stats: request 36 10647.730950249566 1981.957838604734 13710.322998046875 12.781982421875 3587.4182708071967 274
stats: connect 41 0.7430032869664634 0.07628191091740545 113.81982421875 0.527099609375 2.279102222339527 74
stats: page 36 10647.730950249566 1981.957838604734 13710.322998046875 12.781982421875 3587.4182708071967 274
stats: 200 35 308
stats: size_rcv 9684229 78844646
stats: newphase 1 2
stats: size_sent 20293 157348
stats: connected 41 113
stats: 500 1 2
# stats: dump at 1480605053
stats: users 161 161
stats: {freemem,"tsung_controller@ip-172-31-13-122"} 1 3144.9140625 0.0 3160.09765625 3144.9140625 3154.113839285714 7
stats: {load,"tsung_controller@ip-172-31-13-122"} 1 0.08984375 0.0 0.08984375 0.01171875 0.015066964285714286 7
stats: {recvpackets,"tsung_controller@ip-172-31-13-122"} 1 7985.0 0.0 12517 3049 8226.333333333334 6
stats: {sentpackets,"tsung_controller@ip-172-31-13-122"} 1 3498.0 0.0 5052 1431 3453.8333333333335 6
stats: {cpu,"tsung_controller@ip-172-31-13-122"} 1 3.732809430255403 0.0 4.682926829268292 2.6706231454005933 3.425663604641426 7
stats: session 1 71358.19995117188 0.0 71358.19995117188 52173.468017578125 52282.783935546875 2
stats: users_count 46 164
stats: finish_users_count 1 3
stats: request 212 5819.557601065006 6724.529510003086 21290.083984375 0.69287109375 4407.325549710182 310
stats: connect 49 0.7107581313775511 0.18221817980602759 113.81982421875 0.50390625 1.7314495584239131 115
stats: page 212 5819.557601065006 6724.529510003086 21290.083984375 0.69287109375 4407.325549710182 310
stats: 200 95 403
stats: size_rcv 19136531 97981177
stats: newphase 0 2
stats: size_sent 72461 229809
stats: connected 48 161
stats: 503 117 117
stats: 500 0 2
# stats: dump at 1480605063
stats: users 192 193
stats: {freemem,"tsung_controller@ip-172-31-13-122"} 1 3138.7578125 0.0 3160.09765625 3138.7578125 3152.9638671875 8
stats: {load,"tsung_controller@ip-172-31-13-122"} 1 0.0703125 0.0 0.08984375 0.01171875 0.0244140625 8
stats: {recvpackets,"tsung_controller@ip-172-31-13-122"} 1 12954.0 0.0 12954 3049 8191.857142857143 7
stats: {sentpackets,"tsung_controller@ip-172-31-13-122"} 1 5313.0 0.0 5313 1431 3460.1428571428573 7
stats: {cpu,"tsung_controller@ip-172-31-13-122"} 1 6.614785992217899 0.0 6.614785992217899 2.6706231454005933 3.4640568328431733 8
stats: session 6 73314.56005859375 7379.075815701365 79452.12084960938 52173.468017578125 58641.25594075521 3
stats: users_count 37 201
stats: finish_users_count 6 9
stats: request 393 1768.0497096403863 4428.406083504007 21689.5458984375 0.64892578125 4980.875731486471 522
stats: connect 37 0.6496648015202703 0.05892218529060394 113.81982421875 0.50390625 1.4264868759527438 164
stats: page 393 1768.0497096403863 4428.406083504007 21689.5458984375 0.64892578125 4980.875731486471 522
stats: 200 56 459
stats: size_rcv 15631851 113613028
stats: newphase 0 2
stats: size_sent 134926 364735
stats: connected 31 192
stats: 503 337 454
stats: 500 0 2
# stats: dump at 1480605073
stats: users 252 252
stats: {freemem,"tsung_controller@ip-172-31-13-122"} 1 3136.359375 0.0 3160.09765625 3136.359375 3151.3854166666665 9
stats: {load,"tsung_controller@ip-172-31-13-122"} 1 0.05859375 0.0 0.08984375 0.01171875 0.029513888888888888 9
stats: {recvpackets,"tsung_controller@ip-172-31-13-122"} 1 12481.0 0.0 12954 3049 8787.125 8
stats: {sentpackets,"tsung_controller@ip-172-31-13-122"} 1 5553.0 0.0 5553 1431 3691.75 8
stats: {cpu,"tsung_controller@ip-172-31-13-122"} 1 6.3352826510721245 0.0 6.614785992217899 2.6706231454005933 3.814137850551476 9
stats: session 12 59994.83052571615 19615.365396109824 91627.09912109375 26042.079833984375 68423.4586859809 9
stats: users_count 72 273
stats: finish_users_count 12 21
stats: request 607 1670.9473066502783 4817.268699101097 22454.7900390625 0.64599609375 3600.940620464054 915
stats: connect 71 0.6786043408890844 0.46616527342476377 113.81982421875 0.489013671875 1.2834897776741294 201
stats: page 607 1670.9473066502783 4817.268699101097 22454.7900390625 0.64599609375 3600.940620464054 915
stats: 200 65 524
stats: size_rcv 18449084 132062112
stats: newphase 1 3
stats: size_sent 197752 562487
stats: connected 59 251
stats: 503 541 995
stats: 500 1 3
# stats: dump at 1480605083
stats: users 307 309
stats: {freemem,"tsung_controller@ip-172-31-13-122"} 1 3133.65234375 0.0 3160.09765625 3133.65234375 3149.8828125 10
stats: {load,"tsung_controller@ip-172-31-13-122"} 1 0.05078125 0.0 0.08984375 0.01171875 0.032421875 10
stats: {recvpackets,"tsung_controller@ip-172-31-13-122"} 1 15555.0 0.0 15555 3049 9197.555555555555 9
stats: {sentpackets,"tsung_controller@ip-172-31-13-122"} 1 7418.0 0.0 7418 1431 3898.5555555555557 9
stats: {cpu,"tsung_controller@ip-172-31-13-122"} 1 9.593023255813954 0.0 9.593023255813954 2.6706231454005933 4.066252330603541 10
stats: session 28 53207.8123953683 21670.124664075447 91627.09912109375 14270.13623046875 63607.099737258184 21
stats: users_count 83 356
stats: finish_users_count 28 49
stats: request 910 1094.6363514659156 4082.4070339275036 22454.7900390625 0.631103515625 2831.225810027154 1522
stats: connect 83 0.6267619305346387 0.0672590624225743 113.81982421875 0.489013671875 1.125596887925092 272
stats: page 910 1094.6363514659156 4082.4070339275036 22454.7900390625 0.631103515625 2831.225810027154 1522
stats: 200 61 585
stats: size_rcv 16888791 148950903
stats: newphase 0 3
stats: size_sent 238012 800499
stats: connected 57 308
stats: 503 848 1843
stats: 500 1 4
# stats: dump at 1480605093
stats: users 330 347
stats: {freemem,"tsung_controller@ip-172-31-13-122"} 1 3131.27734375 0.0 3160.09765625 3131.27734375 3148.407315340909 11
stats: {load,"tsung_controller@ip-172-31-13-122"} 1 0.0390625 0.0 0.08984375 0.01171875 0.03409090909090909 11
stats: {recvpackets,"tsung_controller@ip-172-31-13-122"} 1 9498.0 0.0 15555 3049 9833.3 10
stats: {sentpackets,"tsung_controller@ip-172-31-13-122"} 1 5626.0 0.0 7418 1431 4250.5 10
stats: {cpu,"tsung_controller@ip-172-31-13-122"} 1 10.601719197707736 0.0 10.601719197707736 2.6706231454005933 4.568686051077215 11
stats: session 62 42762.34923922632 21657.813926557934 116184.09301757813 8820.153076171875 57664.64982760682 49
stats: users_count 85 441
stats: finish_users_count 62 111
stats: request 1165 818.3945006538365 4045.4245562915016 25673.739013671875 0.631103515625 2181.4328793977434 2432
stats: connect 86 0.6948753179505814 0.22079075415168364 113.81982421875 0.489013671875 1.0089678697183098 355
stats: page 1165 818.3945006538365 4045.4245562915016 25673.739013671875 0.631103515625 2181.4328793977434 2432
stats: 200 46 631
stats: size_rcv 14763011 163713914
stats: newphase 0 3
stats: size_sent 295792 1096291
stats: connected 25 333
stats: 503 1119 2962
stats: 500 0 4
# stats: dump at 1480605103
stats: users 254 347
stats: {freemem,"tsung_controller@ip-172-31-13-122"} 1 3128.05859375 0.0 3160.09765625 3128.05859375 3146.9798177083335 12
stats: {load,"tsung_controller@ip-172-31-13-122"} 1 0.12109375 0.0 0.12109375 0.01171875 0.034505208333333336 12
stats: {recvpackets,"tsung_controller@ip-172-31-13-122"} 1 12694.0 0.0 15555 3049 9802.818181818182 11
stats: {sentpackets,"tsung_controller@ip-172-31-13-122"} 1 7227.0 0.0 7418 1431 4375.545454545455 11
stats: {cpu,"tsung_controller@ip-172-31-13-122"} 1 12.167300380228136 0.0 12.167300380228136 2.6706231454005933 5.071438813296425 12
stats: session 76 42870.8568854081 23224.987044399797 116184.09301757813 8820.153076171875 49340.84229175465 111
stats: users_count 0 441
stats: finish_users_count 76 187
stats: request 834 1075.5451133234037 4876.425313044013 28185.136962890625 0.631103515625 1739.9706299574732 3597
stats: connect 0 0 0 113.81982421875 0.489013671875 0.94771626098356 441
stats: page 834 1075.5451133234037 4876.425313044013 28185.136962890625 0.631103515625 1739.9706299574732 3597
stats: 200 38 669
stats: size_rcv 9641892 173355806
stats: newphase 0 3
stats: size_sent 213795 1310086
stats: connected -79 254
stats: 503 795 3757
stats: 500 1 5
# stats: dump at 1480605113
stats: users 178 347
stats: {freemem,"tsung_controller@ip-172-31-13-122"} 1 3127.56640625 0.0 3160.09765625 3127.56640625 3145.5243389423076 13
stats: {load,"tsung_controller@ip-172-31-13-122"} 1 0.171875 0.0 0.171875 0.01171875 0.041165865384615384 13
stats: {recvpackets,"tsung_controller@ip-172-31-13-122"} 1 7608.0 0.0 15555 3049 10043.75 12
stats: {sentpackets,"tsung_controller@ip-172-31-13-122"} 1 4335.0 0.0 7418 1431 4613.166666666667 12
stats: {cpu,"tsung_controller@ip-172-31-13-122"} 1 7.714561234329798 0.0 12.167300380228136 2.6706231454005933 5.617274318445019 13
stats: session 76 43496.101999383245 22312.613836258337 116184.09301757813 8820.153076171875 46711.3295062876 187
stats: users_count 0 441
stats: finish_users_count 76 263
stats: request 508 2770.2621532049707 7261.648980068309 30777.6259765625 0.631103515625 1614.912882073742 4431
stats: connect 0 0 0 113.81982421875 0.489013671875 0.94771626098356 441
stats: page 508 2770.2621532049707 7261.648980068309 30777.6259765625 0.631103515625 1614.912882073742 4431
stats: 200 63 732
stats: size_rcv 13857473 187213279
stats: newphase 0 3
stats: size_sent 163493 1473579
stats: connected -73 181
stats: 503 442 4199
stats: 500 3 8
# stats: dump at 1480605123
stats: users 137 347
stats: {freemem,"tsung_controller@ip-172-31-13-122"} 1 3127.3515625 0.0 3160.09765625 3127.3515625 3144.241629464286 14
stats: {load,"tsung_controller@ip-172-31-13-122"} 1 0.23046875 0.0 0.23046875 0.01171875 0.050502232142857144 14
stats: {recvpackets,"tsung_controller@ip-172-31-13-122"} 1 8570.0 0.0 15555 3049 9856.384615384615 13
stats: {sentpackets,"tsung_controller@ip-172-31-13-122"} 1 4328.0 0.0 7418 1431 4591.7692307692305 13
stats: {cpu,"tsung_controller@ip-172-31-13-122"} 1 6.066536203522505 0.0 12.167300380228136 2.6706231454005933 5.767080526722503 14
stats: session 41 49054.128757383776 18874.11664349474 116184.09301757813 8820.153076171875 45782.21433318977 263
stats: users_count 0 441
stats: finish_users_count 41 304
stats: request 235 2935.32652925532 7451.080258769746 30777.6259765625 0.631103515625 1733.7461336903978 4939
stats: connect 0 0 0 113.81982421875 0.489013671875 0.94771626098356 441
stats: page 235 2935.32652925532 7451.080258769746 30777.6259765625 0.631103515625 1733.7461336903978 4939
stats: 200 31 763
stats: size_rcv 9156038 196369317
stats: newphase 0 3
stats: size_sent 94361 1567940
stats: connected -44 137
stats: 503 203 4402
stats: 500 1 9
# stats: dump at 1480605133
stats: users 119 347
stats: {freemem,"tsung_controller@ip-172-31-13-122"} 1 3127.23046875 0.0 3160.09765625 3127.23046875 3143.115625 15
stats: {load,"tsung_controller@ip-172-31-13-122"} 1 0.19140625 0.0 0.23046875 0.01171875 0.0625 15
stats: {recvpackets,"tsung_controller@ip-172-31-13-122"} 1 6716.0 0.0 15555 3049 9764.5 14
stats: {sentpackets,"tsung_controller@ip-172-31-13-122"} 1 3221.0 0.0 7418 1431 4572.928571428572 14
stats: {cpu,"tsung_controller@ip-172-31-13-122"} 1 4.121687929342492 0.0 12.167300380228136 2.6706231454005933 5.78704423850917 15
stats: session 18 62042.04618326823 24750.868501219597 119312.15209960938 8820.153076171875 46223.49226540014 304
stats: users_count 0 441
stats: finish_users_count 18 322
stats: request 91 7567.697812929258 11424.937254412514 30777.6259765625 0.631103515625 1788.3211999752368 5174
stats: connect 0 0 0 113.81982421875 0.489013671875 0.94771626098356 441
stats: page 91 7567.697812929258 11424.937254412514 30777.6259765625 0.631103515625 1788.3211999752368 5174
stats: 200 28 791
stats: size_rcv 9255771 205625088
stats: newphase 0 3
stats: size_sent 41793 1609733
stats: connected -18 119
stats: 503 63 4465
stats: 500 0 9
# stats: dump at 1480605143
stats: users 111 347
stats: {freemem,"tsung_controller@ip-172-31-13-122"} 1 3127.12109375 0.0 3160.09765625 3127.12109375 3142.122802734375 16
stats: {load,"tsung_controller@ip-172-31-13-122"} 1 0.16015625 0.0 0.23046875 0.01171875 0.070556640625 16
stats: {recvpackets,"tsung_controller@ip-172-31-13-122"} 1 8686.0 0.0 15555 3049 9561.266666666666 15
stats: {sentpackets,"tsung_controller@ip-172-31-13-122"} 1 3475.0 0.0 7418 1431 4482.8 15
stats: {cpu,"tsung_controller@ip-172-31-13-122"} 1 3.9215686274509802 0.0 12.167300380228136 2.6706231454005933 5.682959469186253 16
stats: session 8 62888.942626953125 10967.367641540272 119312.15209960938 8820.153076171875 47107.75925459773 322
stats: users_count 0 441
stats: finish_users_count 8 330
stats: request 76 23549.5438489412 10096.888439726124 33904.705078125 0.631103515625 1888.2116599522199 5265
stats: connect 0 0 0 113.81982421875 0.489013671875 0.94771626098356 441
stats: page 76 23549.5438489412 10096.888439726124 33904.705078125 0.631103515625 1888.2116599522199 5265
stats: 200 64 855
stats: size_rcv 15711659 221336747
stats: newphase 0 3
stats: size_sent 30367 1640100
stats: connected -7 112
stats: 503 11 4476
stats: 500 1 10
# stats: dump at 1480605153
stats: users 99 347
stats: {freemem,"tsung_controller@ip-172-31-13-122"} 1 3126.765625 0.0 3160.09765625 3126.765625 3141.240349264706 17
stats: {load,"tsung_controller@ip-172-31-13-122"} 1 0.140625 0.0 0.23046875 0.01171875 0.07582720588235294 17
stats: {recvpackets,"tsung_controller@ip-172-31-13-122"} 1 8813.0 0.0 15555 3049 9506.5625 16
stats: {sentpackets,"tsung_controller@ip-172-31-13-122"} 1 3022.0 0.0 7418 1431 4419.8125 16
stats: {cpu,"tsung_controller@ip-172-31-13-122"} 1 2.952755905511811 0.0 12.167300380228136 2.6706231454005933 5.579348243201825 17
stats: session 12 78595.8169148763 15862.510412715696 119312.15209960938 8820.153076171875 47490.33339695786 330
stats: users_count 0 441
stats: finish_users_count 12 342
stats: request 35 23529.69705636161 4348.167245377922 37234.134033203125 0.631103515625 2196.442561724016 5341
stats: connect 0 0 0 113.81982421875 0.489013671875 0.94771626098356 441
stats: page 35 23529.69705636161 4348.167245377922 37234.134033203125 0.631103515625 2196.442561724016 5341
stats: 200 34 889
stats: size_rcv 11629286 232966033
stats: newphase 0 3
stats: size_sent 17439 1657539
stats: connected -13 99
stats: 503 0 4476
stats: 500 1 11
# stats: dump at 1480605163
stats: users 91 347
stats: {freemem,"tsung_controller@ip-172-31-13-122"} 1 3126.68359375 0.0 3160.09765625 3126.68359375 3140.4361979166665 18
stats: {load,"tsung_controller@ip-172-31-13-122"} 1 0.12109375 0.0 0.23046875 0.01171875 0.07942708333333333 18
stats: {recvpackets,"tsung_controller@ip-172-31-13-122"} 1 9227.0 0.0 15555 3049 9465.764705882353 17
stats: {sentpackets,"tsung_controller@ip-172-31-13-122"} 1 3525.0 0.0 7418 1431 4337.588235294118 17
stats: {cpu,"tsung_controller@ip-172-31-13-122"} 1 3.149606299212598 0.0 12.167300380228136 2.6706231454005933 5.433426446663491 18
stats: session 8 84376.31698608398 13100.159864241927 119312.15209960938 8820.153076171875 48581.75387127079 342
stats: users_count 0 441
stats: finish_users_count 8 350
stats: request 52 20161.557664137617 3276.054018808291 37234.134033203125 0.631103515625 2335.330937340146 5376
stats: connect 0 0 0 113.81982421875 0.489013671875 0.94771626098356 441
stats: page 52 20161.557664137617 3276.054018808291 37234.134033203125 0.631103515625 2335.330937340146 5376
stats: 200 50 939
stats: size_rcv 12613071 245579104
stats: newphase 0 3
stats: size_sent 19901 1677440
stats: connected -8 91
stats: 503 0 4476
stats: 500 2 13
# stats: dump at 1480605173
stats: users 81 347
stats: {freemem,"tsung_controller@ip-172-31-13-122"} 1 3126.453125 0.0 3160.09765625 3126.453125 3139.7123766447367 19
stats: {load,"tsung_controller@ip-172-31-13-122"} 1 0.1015625 0.0 0.23046875 0.01171875 0.08162006578947369 19
stats: {recvpackets,"tsung_controller@ip-172-31-13-122"} 1 8162.0 0.0 15555 3049 9452.5 18
stats: {sentpackets,"tsung_controller@ip-172-31-13-122"} 1 3305.0 0.0 7418 1431 4292.444444444444 18
stats: {cpu,"tsung_controller@ip-172-31-13-122"} 1 3.3333333333333335 0.0 12.167300380228136 2.6706231454005933 5.313225386271339 19
stats: session 10 112709.06528320312 18650.662712219648 137027.14697265625 8820.153076171875 49399.915313895086 350
stats: users_count 0 441
stats: finish_users_count 10 360
stats: request 44 20149.823658336292 2888.701207010929 37234.134033203125 0.631103515625 2506.105401193033 5428
stats: connect 0 0 0 113.81982421875 0.489013671875 0.94771626098356 441
stats: page 44 20149.823658336292 2888.701207010929 37234.134033203125 0.631103515625 2506.105401193033 5428
stats: 200 42 981
stats: size_rcv 11296889 256875993
stats: newphase 0 3
stats: size_sent 17469 1694909
stats: connected -10 81
stats: 503 0 4476
stats: 500 2 15
# stats: dump at 1480605183
stats: users 78 347
stats: {freemem,"tsung_controller@ip-172-31-13-122"} 1 3126.4921875 0.0 3160.09765625 3126.453125 3139.0494140625 20
stats: {load,"tsung_controller@ip-172-31-13-122"} 1 0.078125 0.0 0.23046875 0.01171875 0.0826171875 20
stats: {recvpackets,"tsung_controller@ip-172-31-13-122"} 1 8380.0 0.0 15555 3049 9384.578947368422 19
stats: {sentpackets,"tsung_controller@ip-172-31-13-122"} 1 3411.0 0.0 7418 1431 4240.473684210527 19
stats: {cpu,"tsung_controller@ip-172-31-13-122"} 1 2.868447082096934 0.0 12.167300380228136 2.6706231454005933 5.214230783624438 20
stats: session 3 99023.18863932292 12033.99947620318 137027.14697265625 8820.153076171875 51158.502813042534 360
stats: users_count 0 441
stats: finish_users_count 3 363
stats: request 25 21966.492880859376 2982.2508431335928 37234.134033203125 0.631103515625 2647.9774047226933 5472
stats: connect 0 0 0 113.81982421875 0.489013671875 0.94771626098356 441
stats: page 25 21966.492880859376 2982.2508431335928 37234.134033203125 0.631103515625 2647.9774047226933 5472
stats: 200 25 1006
stats: size_rcv 10715112 267591105
stats: newphase 0 3
stats: size_sent 8554 1703463
stats: connected -3 78
stats: 503 0 4476
stats: 500 0 15
# stats: dump at 1480605193
stats: users 74 347
stats: {freemem,"tsung_controller@ip-172-31-13-122"} 1 3126.50390625 0.0 3160.09765625 3126.453125 3138.4514508928573 21
stats: {load,"tsung_controller@ip-172-31-13-122"} 1 0.0703125 0.0 0.23046875 0.01171875 0.08240327380952381 21
stats: {recvpackets,"tsung_controller@ip-172-31-13-122"} 1 7303.0 0.0 15555 3049 9334.35 20
stats: {sentpackets,"tsung_controller@ip-172-31-13-122"} 1 2937.0 0.0 7418 1431 4199.0 20
stats: {cpu,"tsung_controller@ip-172-31-13-122"} 1 2.747791952894995 0.0 12.167300380228136 2.6706231454005933 5.102526797837414 21
stats: session 4 126668.17993164063 8865.5231920679 140513.14184570313 8820.153076171875 51554.07872896221 363
stats: users_count 0 441
stats: finish_users_count 4 367
stats: request 23 25857.085788892662 2229.5626465298446 37234.134033203125 0.631103515625 2735.8367619909154 5497
stats: connect 0 0 0 113.81982421875 0.489013671875 0.94771626098356 441
stats: page 23 25857.085788892662 2229.5626465298446 37234.134033203125 0.631103515625 2735.8367619909154 5497
stats: 200 22 1028
stats: size_rcv 7008009 274599114
stats: newphase 0 3
stats: size_sent 10567 1714030
stats: connected -4 74
stats: 503 0 4476
stats: 500 1 16
# stats: dump at 1480605203
stats: users 70 347
stats: {freemem,"tsung_controller@ip-172-31-13-122"} 1 3126.50390625 0.0 3160.09765625 3126.453125 3137.908380681818 22
stats: {load,"tsung_controller@ip-172-31-13-122"} 1 0.05859375 0.0 0.23046875 0.01171875 0.08185369318181818 22
stats: {recvpackets,"tsung_controller@ip-172-31-13-122"} 1 4441.0 0.0 15555 3049 9237.619047619048 21
stats: {sentpackets,"tsung_controller@ip-172-31-13-122"} 1 1828.0 0.0 7418 1431 4138.9047619047615 21
stats: {cpu,"tsung_controller@ip-172-31-13-122"} 1 1.9743336623889436 0.0 12.167300380228136 1.9743336623889436 4.995493395794576 22
stats: session 4 123800.20397949219 11638.435775739554 140513.14184570313 8820.153076171875 52372.76103089876 367
stats: users_count 0 441
stats: finish_users_count 4 371
stats: request 15 29864.45849609375 1629.823995670242 37234.134033203125 0.631103515625 2832.175299603006 5520
stats: connect 0 0 0 113.81982421875 0.489013671875 0.94771626098356 441
stats: page 15 29864.45849609375 1629.823995670242 37234.134033203125 0.631103515625 2832.175299603006 5520
stats: 200 13 1041
stats: size_rcv 4436150 279035264
stats: newphase 0 3
stats: size_sent 5904 1719934
stats: connected -4 70
stats: 503 0 4476
stats: 500 2 18
# stats: dump at 1480605213
stats: users 66 347
stats: {freemem,"tsung_controller@ip-172-31-13-122"} 1 3126.50390625 0.0 3160.09765625 3126.453125 3137.4125339673915 23
stats: {load,"tsung_controller@ip-172-31-13-122"} 1 0.05078125 0.0 0.23046875 0.01171875 0.08084239130434782 23
stats: {recvpackets,"tsung_controller@ip-172-31-13-122"} 1 3942.0 0.0 15555 3049 9019.59090909091 22
stats: {sentpackets,"tsung_controller@ip-172-31-13-122"} 1 1339.0 0.0 7418 1339 4033.8636363636356 22
stats: {cpu,"tsung_controller@ip-172-31-13-122"} 1 2.2571148184494603 0.0 12.167300380228136 1.9743336623889436 4.86413862477694 23
stats: session 4 133177.15521240234 10266.177376624733 150383.24096679688 8820.153076171875 53142.86823250084 371
stats: users_count 0 441
stats: finish_users_count 4 375
stats: request 28 33944.186950683594 3135.9852171383345 40604.85595703125 0.631103515625 2905.4335196476964 5535
stats: connect 0 0 0 113.81982421875 0.489013671875 0.94771626098356 441
stats: page 28 33944.186950683594 3135.9852171383345 40604.85595703125 0.631103515625 2905.4335196476964 5535
stats: 200 28 1069
stats: size_rcv 8902812 287938076
stats: newphase 0 3
stats: size_sent 8206 1728140
stats: connected -3 67
stats: 503 0 4476
stats: 500 0 18
# stats: dump at 1480605223
stats: users 51 347
stats: {freemem,"tsung_controller@ip-172-31-13-122"} 1 3126.40625 0.0 3160.09765625 3126.40625 3136.9580078125 24
stats: {load,"tsung_controller@ip-172-31-13-122"} 1 0.0390625 0.0 0.23046875 0.01171875 0.07958984375 24
stats: {recvpackets,"tsung_controller@ip-172-31-13-122"} 1 5117.0 0.0 15555 3049 8798.826086956524 23
stats: {sentpackets,"tsung_controller@ip-172-31-13-122"} 1 1747.0 0.0 7418 1339 3916.6956521739125 23
stats: {cpu,"tsung_controller@ip-172-31-13-122"} 1 2.1696252465483234 0.0 12.167300380228136 1.9743336623889436 4.755512632846629 24
stats: session 15 145390.89524739582 16114.427676281828 183121.18090820313 8820.153076171875 53996.567293619795 375
stats: users_count 0 441
stats: finish_users_count 15 390
stats: request 36 28351.02888319227 5491.723802541579 40604.85595703125 0.631103515625 3061.6594941343055 5563
stats: connect 0 0 0 113.81982421875 0.489013671875 0.94771626098356 441
stats: page 36 28351.02888319227 5491.723802541579 40604.85595703125 0.631103515625 3061.6594941343055 5563
stats: 200 36 1105
stats: size_rcv 7573738 295511814
stats: newphase 0 3
stats: size_sent 12936 1741076
stats: connected -16 51
stats: 503 0 4476
stats: 500 0 18
# stats: dump at 1480605233
stats: users 35 347
stats: {freemem,"tsung_controller@ip-172-31-13-122"} 1 3125.84375 0.0 3160.09765625 3125.84375 3136.5359375 25
stats: {load,"tsung_controller@ip-172-31-13-122"} 1 0.0390625 0.0 0.23046875 0.01171875 0.07796875 25
stats: {recvpackets,"tsung_controller@ip-172-31-13-122"} 1 7152.0 0.0 15555 3049 8645.41666666667 24
stats: {sentpackets,"tsung_controller@ip-172-31-13-122"} 1 3010.0 0.0 7418 1339 3826.291666666666 24
stats: {cpu,"tsung_controller@ip-172-31-13-122"} 1 2.6470588235294117 0.0 12.167300380228136 1.9743336623889436 4.652077137394697 25
stats: session 16 153265.12297058105 14259.36593594242 184223.20385742188 8820.153076171875 57511.73375338041 390
stats: users_count 0 441
stats: finish_users_count 16 406
stats: request 38 16886.420358758223 5834.926149006614 40604.85595703125 0.631103515625 3224.263047984294 5599
stats: connect 0 0 0 113.81982421875 0.489013671875 0.94771626098356 441
stats: page 38 16886.420358758223 5834.926149006614 40604.85595703125 0.631103515625 3224.263047984294 5599
stats: 200 38 1143
stats: size_rcv 10864713 306376527
stats: newphase 0 3
stats: size_sent 12410 1753486
stats: connected -14 37
stats: 503 0 4476
stats: 500 0 18
# stats: dump at 1480605243
stats: users 21 347
stats: {freemem,"tsung_controller@ip-172-31-13-122"} 1 3125.71875 0.0 3160.09765625 3125.71875 3136.124699519231 26
stats: {load,"tsung_controller@ip-172-31-13-122"} 1 0.03125 0.0 0.23046875 0.01171875 0.07647235576923077 26
stats: {recvpackets,"tsung_controller@ip-172-31-13-122"} 1 10585.0 0.0 15555 3049 8585.680000000002 25
stats: {sentpackets,"tsung_controller@ip-172-31-13-122"} 1 4443.0 0.0 7418 1339 3793.6399999999994 25
stats: {cpu,"tsung_controller@ip-172-31-13-122"} 1 3.831041257367387 0.0 12.167300380228136 1.9743336623889436 4.574961048399878 26
stats: session 14 154461.40991210938 9542.47431099241 184223.20385742188 8820.153076171875 61285.266333368614 406
stats: users_count 0 441
stats: finish_users_count 14 420
stats: request 52 7110.035541240988 5224.276477112607 40604.85595703125 0.631103515625 3316.3620328715406 5637
stats: connect 0 0 0 113.81982421875 0.489013671875 0.94771626098356 441
stats: page 52 7110.035541240988 5224.276477112607 40604.85595703125 0.631103515625 3316.3620328715406 5637
stats: 200 50 1193
stats: size_rcv 12650028 319026555
stats: newphase 0 3
stats: size_sent 14280 1767766
stats: connected -16 21
stats: 503 0 4476
stats: 500 2 20
# stats: dump at 1480605253
stats: users 16 347
stats: {freemem,"tsung_controller@ip-172-31-13-122"} 1 3125.94140625 0.0 3160.09765625 3125.71875 3135.7392939814813 27
stats: {load,"tsung_controller@ip-172-31-13-122"} 1 0.03125 0.0 0.23046875 0.01171875 0.0747974537037037 27
stats: {recvpackets,"tsung_controller@ip-172-31-13-122"} 1 4718.0 0.0 15555 3049 8662.576923076926 26
stats: {sentpackets,"tsung_controller@ip-172-31-13-122"} 1 1791.0 0.0 7418 1339 3818.615384615384 26
stats: {cpu,"tsung_controller@ip-172-31-13-122"} 1 2.2660098522167487 0.0 12.167300380228136 1.9743336623889436 4.547408463546823 27
stats: session 5 161972.5849609375 9617.180308159908 184223.20385742188 8820.153076171875 64391.137785993305 420
stats: users_count 0 441
stats: finish_users_count 5 425
stats: request 9 9651.836751302084 2653.4557464272984 40604.85595703125 0.631103515625 3351.0379025209013 5689
stats: connect 0 0 0 113.81982421875 0.489013671875 0.94771626098356 441
stats: page 9 9651.836751302084 2653.4557464272984 40604.85595703125 0.631103515625 3351.0379025209013 5689
stats: 200 9 1202
stats: size_rcv 3921036 322947591
stats: newphase 0 3
stats: size_sent 4938 1772704
stats: connected -5 16
stats: 503 0 4476
stats: 500 0 20
# stats: dump at 1480605263
stats: users 4 347
stats: {freemem,"tsung_controller@ip-172-31-13-122"} 1 3126.359375 0.0 3160.09765625 3125.71875 3135.3893694196427 28
stats: {load,"tsung_controller@ip-172-31-13-122"} 1 0.01953125 0.0 0.23046875 0.01171875 0.0732421875 28
stats: {recvpackets,"tsung_controller@ip-172-31-13-122"} 1 5373.0 0.0 15555 3049 8516.481481481484 27
stats: {sentpackets,"tsung_controller@ip-172-31-13-122"} 1 1876.0 0.0 7418 1339 3743.518518518518 27
stats: {cpu,"tsung_controller@ip-172-31-13-122"} 1 1.87192118226601 0.0 12.167300380228136 1.87192118226601 4.465929941713607 28
stats: session 12 180069.66625976563 12894.933227757856 219669.05517578125 8820.153076171875 65539.15481158088 425
stats: users_count 0 441
stats: finish_users_count 12 437
stats: request 30 4516.146468098958 4994.657313238051 40604.85595703125 0.631103515625 3360.990024254673 5698
stats: connect 0 0 0 113.81982421875 0.489013671875 0.94771626098356 441
stats: page 30 4516.146468098958 4994.657313238051 40604.85595703125 0.631103515625 3360.990024254673 5698
stats: 200 28 1230
stats: size_rcv 7988342 330935933
stats: newphase 0 3
stats: size_sent 8194 1780898
stats: connected -12 4
stats: 503 0 4476
stats: 500 2 22
# stats: dump at 1480605273
stats: users 1 347
stats: {freemem,"tsung_controller@ip-172-31-13-122"} 1 3126.46484375 0.0 3160.09765625 3125.71875 3135.077990301724 29
stats: {load,"tsung_controller@ip-172-31-13-122"} 1 0.01953125 0.0 0.23046875 0.01171875 0.07139008620689655 29
stats: {recvpackets,"tsung_controller@ip-172-31-13-122"} 1 2125.0 0.0 15555 2125 8404.214285714288 28
stats: {sentpackets,"tsung_controller@ip-172-31-13-122"} 1 967.0 0.0 7418 967 3676.821428571428 28
stats: {cpu,"tsung_controller@ip-172-31-13-122"} 1 1.7716535433070866 0.0 12.167300380228136 1.7716535433070866 4.37648136380162 29
stats: session 3 178132.84928385416 6112.26083633888 219669.05517578125 8820.153076171875 68684.15741427703 437
stats: users_count 0 441
stats: finish_users_count 3 440
stats: request 4 2084.7127075195313 2082.8214700364138 40604.85595703125 0.631103515625 3367.0400754619577 5728
stats: connect 0 0 0 113.81982421875 0.489013671875 0.94771626098356 441
stats: page 4 2084.7127075195313 2082.8214700364138 40604.85595703125 0.631103515625 3367.0400754619577 5728
stats: 200 4 1234
stats: size_rcv 1308897 332244830
stats: newphase 0 3
stats: size_sent 1477 1782375
stats: connected -3 1
stats: 503 0 4476
stats: 500 0 22
# stats: dump at 1480605282
stats: users 0 347
stats: {freemem,"tsung_controller@ip-172-31-13-122"} 1 3126.48046875 0.0 3160.09765625 3125.71875 3134.7908854166667 30
stats: {load,"tsung_controller@ip-172-31-13-122"} 1 0.01953125 0.0 0.23046875 0.01171875 0.06966145833333333 30
stats: {recvpackets,"tsung_controller@ip-172-31-13-122"} 1 260.0 0.0 15555 260 8187.689655172416 29
stats: {sentpackets,"tsung_controller@ip-172-31-13-122"} 1 124.0 0.0 7418 124 3583.379310344827 29
stats: {cpu,"tsung_controller@ip-172-31-13-122"} 1 1.2807881773399015 0.0 12.167300380228136 1.2807881773399015 4.289653769785136 30
stats: session 1 198045.25 0.0 219669.05517578125 8820.153076171875 69430.39849520595 440
stats: users_count 0 441
stats: finish_users_count 1 441
stats: request 1 8.225830078125 0.0 40604.85595703125 0.631103515625 3366.145220355229 5732
stats: connect 0 0 0 113.81982421875 0.489013671875 0.94771626098356 441
stats: page 1 8.225830078125 0.0 40604.85595703125 0.631103515625 3366.145220355229 5732
stats: 200 1 1235
stats: size_rcv 27199 332272029
stats: newphase 0 3
stats: size_sent 505 1782880
stats: connected -1 0
stats: 503 0 4476
stats: 500 0 22
EndMonitor:{1480,605282,652563}
