# stats: dump at 1480612520
stats: users 4 4
stats: {freemem,"tsung_controller@ip-172-31-13-122"} 1 3155.82421875 0 3155.82421875 3155.82421875 0 0
stats: {load,"tsung_controller@ip-172-31-13-122"} 1 0.01953125 0 0.01953125 0.01953125 0 0
stats: {cpu,"tsung_controller@ip-172-31-13-122"} 1 3.249844047731456 0 3.249844047731456 3.249844047731456 0 0
stats: session 6 1432.3179524739583 967.6865532025478 2978.845947265625 297.998046875 0 0
stats: users_count 10 10
stats: finish_users_count 6 6
stats: request 10 52.3077392578125 65.89605519158847 184.22607421875 9.296875 0 0
stats: connect 8 39.495025634765625 66.4133871315791 172.551025390625 1.114990234375 0 0
stats: page 10 52.3077392578125 65.89605519158847 184.22607421875 9.296875 0 0
stats: 200 10 10
stats: size_rcv 679288 679288
stats: size_sent 3471 3471
stats: connected 2 2
# stats: dump at 1480612530
stats: users 5 9
stats: {freemem,"tsung_controller@ip-172-31-13-122"} 1 3154.82421875 0.0 3155.82421875 3154.82421875 3155.82421875 1
stats: {load,"tsung_controller@ip-172-31-13-122"} 1 0.01953125 0.0 0.01953125 0.01953125 0.01953125 1
stats: {recvpackets,"tsung_controller@ip-172-31-13-122"} 1 1129 0 1129 1129 0 0
stats: {sentpackets,"tsung_controller@ip-172-31-13-122"} 1 641 0 641 641 0 0
stats: {cpu,"tsung_controller@ip-172-31-13-122"} 1 2.359882005899705 0.0 3.249844047731456 2.359882005899705 3.249844047731456 1
stats: session 6 8245.161295572916 4766.2032041138345 17083.85400390625 297.998046875 1432.3179524739583 6
stats: users_count 7 17
stats: finish_users_count 6 12
stats: request 33 305.143095999053 1117.8657063653745 4714.23291015625 9.091064453125 52.3077392578125 10
stats: connect 9 1.5458713107638888 0.39527251761272436 172.551025390625 1.114990234375 39.495025634765625 8
stats: page 30 335.67076009114584 1168.0650453790724 4714.23291015625 9.091064453125 52.3077392578125 10
stats: 302 9 9
stats: 200 24 34
stats: size_rcv 3867551 4546839
stats: size_sent 18872 22343
stats: connected 4 6
# stats: dump at 1480612540
stats: users 8 9
stats: {freemem,"tsung_controller@ip-172-31-13-122"} 1 3154.11328125 0.0 3155.82421875 3154.11328125 3155.32421875 2
stats: {load,"tsung_controller@ip-172-31-13-122"} 1 0.01953125 0.0 0.01953125 0.01953125 0.01953125 2
stats: {recvpackets,"tsung_controller@ip-172-31-13-122"} 1 3352.0 0.0 3352 1129 1129.0 1
stats: {sentpackets,"tsung_controller@ip-172-31-13-122"} 1 1758.0 0.0 1758 641 641.0 1
stats: {cpu,"tsung_controller@ip-172-31-13-122"} 1 2.171767028627838 0.0 3.249844047731456 2.171767028627838 2.8048630268155805 2
stats: session 5 9753.459375 6165.20497407948 17083.85400390625 297.998046875 4838.7396240234375 12
stats: users_count 8 25
stats: finish_users_count 5 17
stats: request 24 393.8243815104167 1244.5057740747593 4995.488037109375 9.091064453125 246.34417582667152 43
stats: connect 7 1.892822265625 0.5524293153027747 172.551025390625 1.114990234375 19.404296875 17
stats: page 23 410.95314622961956 1268.5050560065324 4995.488037109375 9.091064453125 264.8300048828125 40
stats: 302 3 12
stats: 200 20 54
stats: size_rcv 3036236 7583075
stats: size_sent 13736 36079
stats: connected 1 7
stats: 500 1 1
# stats: dump at 1480612550
stats: users 16 16
stats: {freemem,"tsung_controller@ip-172-31-13-122"} 1 3154.00390625 0.0 3155.82421875 3154.00390625 3154.9205729166665 3
stats: {load,"tsung_controller@ip-172-31-13-122"} 1 0.01171875 0.0 0.01953125 0.01171875 0.01953125 3
stats: {recvpackets,"tsung_controller@ip-172-31-13-122"} 1 2007.0 0.0 3352 1129 2240.5 2
stats: {sentpackets,"tsung_controller@ip-172-31-13-122"} 1 1059.0 0.0 1758 641 1199.5 2
stats: {cpu,"tsung_controller@ip-172-31-13-122"} 1 1.968503937007874 0.0 3.249844047731456 1.968503937007874 2.5938310274196663 3
stats: session 9 5675.618869357639 4529.616791773448 17083.85400390625 159.126220703125 6284.245433134191 17
stats: users_count 17 42
stats: finish_users_count 9 26
stats: request 46 224.7877250339674 886.6080429121236 4995.488037109375 9.052001953125 299.17290622084886 67
stats: connect 17 2.1960592830882355 1.9841759127665604 172.551025390625 1.05712890625 14.296783447265625 24
stats: page 42 246.2086065383185 925.0404579943778 4995.488037109375 9.052001953125 318.17654854910717 63
stats: 302 8 20
stats: 200 38 92
stats: size_rcv 5185202 12768277
stats: newphase 1 1
stats: size_sent 24962 61041
stats: connected 8 15
stats: 500 0 1
# stats: dump at 1480612560
stats: users 17 22
stats: {freemem,"tsung_controller@ip-172-31-13-122"} 1 3152.9375 0.0 3155.82421875 3152.9375 3154.69140625 4
stats: {load,"tsung_controller@ip-172-31-13-122"} 1 0.01171875 0.0 0.01953125 0.01171875 0.017578125 4
stats: {recvpackets,"tsung_controller@ip-172-31-13-122"} 1 4352.0 0.0 4352 1129 2162.6666666666665 3
stats: {sentpackets,"tsung_controller@ip-172-31-13-122"} 1 2328.0 0.0 2328 641 1152.6666666666667 3
stats: {cpu,"tsung_controller@ip-172-31-13-122"} 1 3.048180924287119 0.0 3.249844047731456 1.968503937007874 2.4374992548167183 4
stats: session 23 7487.266718325408 7477.945214809285 24793.26416015625 19.06494140625 6073.567007211538 26
stats: users_count 24 66
stats: finish_users_count 23 49
stats: request 74 326.4837811444257 1143.320617716021 5027.97021484375 8.189208984375 268.89221299433075 113
stats: connect 24 1.4598897298177083 0.40722597995272203 172.551025390625 1.0087890625 9.279410013338415 41
stats: page 70 345.1470424107144 1172.796401159783 5027.97021484375 8.189208984375 289.3893717447917 105
stats: 302 15 35
stats: 200 58 150
stats: size_rcv 8228771 20997048
stats: newphase 0 1
stats: size_sent 39833 100874
stats: connected 3 18
stats: 500 1 2
# stats: dump at 1480612570
stats: users 19 22
stats: {freemem,"tsung_controller@ip-172-31-13-122"} 1 3151.86328125 0.0 3155.82421875 3151.86328125 3154.340625 5
stats: {load,"tsung_controller@ip-172-31-13-122"} 1 0.01171875 0.0 0.01953125 0.01171875 0.01640625 5
stats: {recvpackets,"tsung_controller@ip-172-31-13-122"} 1 5135.0 0.0 5135 1129 2710.0 4
stats: {sentpackets,"tsung_controller@ip-172-31-13-122"} 1 2896.0 0.0 2896 641 1446.5 4
stats: {cpu,"tsung_controller@ip-172-31-13-122"} 1 4.1015625 0.0 4.1015625 1.968503937007874 2.5596355887107984 5
stats: session 11 10642.265891335228 8479.705904863205 30569.6220703125 19.06494140625 6737.140340999681 49
stats: users_count 13 79
stats: finish_users_count 11 60
stats: request 61 505.5513455750512 1344.273717606419 5027.97021484375 8.189208984375 291.6824592141544 187
stats: connect 14 1.6452985491071428 0.46180120332792596 172.551025390625 0.9521484375 6.392202524038462 65
stats: page 55 560.7173650568185 1404.7440549147575 5027.97021484375 8.189208984375 311.6924400111608 175
stats: 302 15 50
stats: 200 46 196
stats: size_rcv 6021483 27018531
stats: newphase 0 1
stats: size_sent 35513 136387
stats: connected 1 19
stats: 500 0 2
# stats: dump at 1480612580
stats: users 30 30
stats: {freemem,"tsung_controller@ip-172-31-13-122"} 1 3151.52734375 0.0 3155.82421875 3151.52734375 3153.927734375 6
stats: {load,"tsung_controller@ip-172-31-13-122"} 1 0.01171875 0.0 0.01953125 0.01171875 0.015625 6
stats: {recvpackets,"tsung_controller@ip-172-31-13-122"} 1 4885.0 0.0 5135 1129 3195.0 5
stats: {sentpackets,"tsung_controller@ip-172-31-13-122"} 1 2617.0 0.0 2896 641 1736.4 5
stats: {cpu,"tsung_controller@ip-172-31-13-122"} 1 3.057199211045365 0.0 4.1015625 1.968503937007874 2.8166234072589984 6
stats: session 22 8991.792314009235 7149.882302498404 30569.6220703125 19.06494140625 7453.080025227865 60
stats: users_count 33 112
stats: finish_users_count 22 82
stats: request 75 267.06463541666665 1012.7421654973276 5027.97021484375 8.189208984375 344.28730626260074 248
stats: connect 31 3.6376401839717754 10.984332931772972 172.551025390625 0.9521484375 5.550979034810126 79
stats: page 72 278.1988016764323 1032.1339413459668 5027.97021484375 8.189208984375 371.24187860903544 230
stats: 302 9 59
stats: 200 66 262
stats: size_rcv 8366558 35385089
stats: newphase 1 2
stats: size_sent 36218 172605
stats: connected 9 28
stats: 500 0 2
# stats: dump at 1480612590
stats: users 42 45
stats: {freemem,"tsung_controller@ip-172-31-13-122"} 1 3150.01171875 0.0 3155.82421875 3150.01171875 3153.5848214285716 7
stats: {load,"tsung_controller@ip-172-31-13-122"} 1 0.01171875 0.0 0.01953125 0.01171875 0.015066964285714286 7
stats: {recvpackets,"tsung_controller@ip-172-31-13-122"} 1 5102.0 0.0 5135 1129 3476.6666666666665 6
stats: {sentpackets,"tsung_controller@ip-172-31-13-122"} 1 2889.0 0.0 2896 641 1883.1666666666667 6
stats: {cpu,"tsung_controller@ip-172-31-13-122"} 1 4.2926829268292686 0.0 4.2926829268292686 1.968503937007874 2.8509913792284793 7
stats: session 28 7936.607875279017 7262.510637112708 31977.838134765625 19.06494140625 7865.9052734375 82
stats: users_count 40 152
stats: finish_users_count 28 110
stats: request 143 240.64018622978588 934.7642526864639 5027.97021484375 8.189208984375 326.3563455398606 323
stats: connect 42 1.5599830264136905 0.771300429915262 172.551025390625 0.93408203125 5.011765358664773 110
stats: page 132 260.70474890506625 970.2561849943603 5027.97021484375 8.189208984375 349.05942318139495 302
stats: 302 36 95
stats: 200 104 366
stats: size_rcv 13137113 48522202
stats: newphase 0 2
stats: size_sent 84053 256658
stats: connected 16 44
stats: 500 3 5
# stats: dump at 1480612600
stats: users 47 47
stats: {freemem,"tsung_controller@ip-172-31-13-122"} 1 3149.4609375 0.0 3155.82421875 3149.4609375 3153.13818359375 8
stats: {load,"tsung_controller@ip-172-31-13-122"} 1 0.01171875 0.0 0.01953125 0.01171875 0.0146484375 8
stats: {recvpackets,"tsung_controller@ip-172-31-13-122"} 1 9136.0 0.0 9136 1129 3708.8571428571427 7
stats: {sentpackets,"tsung_controller@ip-172-31-13-122"} 1 5054.0 0.0 5054 641 2026.857142857143 7
stats: {cpu,"tsung_controller@ip-172-31-13-122"} 1 5.216535433070866 0.0 5.216535433070866 1.968503937007874 3.031202822678578 8
stats: session 39 7944.8185471754805 8228.111074701184 39184.505126953125 19.06494140625 7883.902299360795 110
stats: users_count 44 196
stats: finish_users_count 39 149
stats: request 138 586.133555536685 1734.5043968370874 8680.858154296875 8.189208984375 300.0528889275416 466
stats: connect 43 1.493408203125 0.4898692920296833 172.551025390625 0.9228515625 4.0579833984375 152
stats: page 126 641.9683954148065 1808.0013542279125 8680.858154296875 8.189208984375 322.18657294066827 434
stats: 302 28 123
stats: 200 107 473
stats: size_rcv 15296879 63819081
stats: newphase 0 2
stats: size_sent 76838 333496
stats: connected 3 47
stats: 500 3 8
# stats: dump at 1480612610
stats: users 68 70
stats: {freemem,"tsung_controller@ip-172-31-13-122"} 1 3149.00390625 0.0 3155.82421875 3149.00390625 3152.7296006944443 9
stats: {load,"tsung_controller@ip-172-31-13-122"} 1 0.01171875 0.0 0.01953125 0.01171875 0.014322916666666666 9
stats: {recvpackets,"tsung_controller@ip-172-31-13-122"} 1 13086.0 0.0 13086 1129 4387.25 8
stats: {sentpackets,"tsung_controller@ip-172-31-13-122"} 1 7060.0 0.0 7060 641 2405.25 8
stats: {cpu,"tsung_controller@ip-172-31-13-122"} 1 6.403940886699508 0.0 6.403940886699508 1.968503937007874 3.2740175571666104 9
stats: session 55 10214.4373268821 10093.038613240642 39184.505126953125 19.06494140625 7899.846820600881 149
stats: users_count 76 272
stats: finish_users_count 55 204
stats: request 223 396.2043807367574 1332.3430573922947 8680.858154296875 8.189208984375 365.4156902389022 604
stats: connect 74 1.5234704919763513 0.5570525298294118 172.551025390625 0.860107421875 3.492461688701923 195
stats: page 208 424.7867102989784 1375.3544763587295 8680.858154296875 8.189208984375 394.13748299734937 560
stats: 302 45 168
stats: 200 178 651
stats: size_rcv 23261905 87080986
stats: newphase 1 3
stats: size_sent 119207 452703
stats: connected 20 67
stats: 500 0 8
# stats: dump at 1480612620
stats: users 74 77
stats: {freemem,"tsung_controller@ip-172-31-13-122"} 1 3145.9921875 0.0 3155.82421875 3145.9921875 3152.35703125 10
stats: {load,"tsung_controller@ip-172-31-13-122"} 1 0.0 0.0 0.01953125 0.0 0.0140625 10
stats: {recvpackets,"tsung_controller@ip-172-31-13-122"} 1 16645.0 0.0 16645 1129 5353.777777777777 9
stats: {sentpackets,"tsung_controller@ip-172-31-13-122"} 1 8992.0 0.0 8992 641 2922.4444444444443 9
stats: {cpu,"tsung_controller@ip-172-31-13-122"} 1 9.21435499515034 0.0 9.21435499515034 1.968503937007874 3.5870098901199 10
stats: session 69 7834.333124575408 7326.620443249622 39184.505126953125 19.06494140625 8523.878574745328 204
stats: users_count 75 347
stats: finish_users_count 69 273
stats: request 242 520.7004243204414 1533.00706858747 9771.498779296875 8.189208984375 373.7178401554944 827
stats: connect 75 1.5621256510416666 0.6514179771813245 172.551025390625 0.860107421875 2.950806117855483 269
stats: page 224 562.5531518118721 1586.1656302312385 9771.498779296875 8.189208984375 402.4383153915405 768
stats: 302 54 222
stats: 200 185 836
stats: size_rcv 26673603 113754589
stats: newphase 0 3
stats: size_sent 135413 588116
stats: connected 4 71
stats: 500 3 11
# stats: dump at 1480612630
stats: users 89 93
stats: {freemem,"tsung_controller@ip-172-31-13-122"} 1 3145.1328125 0.0 3155.82421875 3145.1328125 3151.778409090909 11
stats: {load,"tsung_controller@ip-172-31-13-122"} 1 0.0 0.0 0.01953125 0.0 0.01278409090909091 11
stats: {recvpackets,"tsung_controller@ip-172-31-13-122"} 1 19978.0 0.0 19978 1129 6482.9 10
stats: {sentpackets,"tsung_controller@ip-172-31-13-122"} 1 10673.0 0.0 10673 641 3529.4 10
stats: {cpu,"tsung_controller@ip-172-31-13-122"} 1 9.58904109589041 0.0 9.58904109589041 1.968503937007874 4.0985867178499396 11
stats: session 72 9734.769354926213 7962.515086286247 39184.505126953125 19.06494140625 8349.597856570514 273
stats: users_count 87 434
stats: finish_users_count 72 345
stats: request 293 487.4634180687393 1615.6828194541206 10613.06982421875 8.189208984375 406.99172730976676 1069
stats: connect 90 1.5922227647569445 0.5362596934932476 172.551025390625 0.860107421875 2.648041481195494 344
stats: page 272 525.1098920036768 1671.8194106408152 10613.06982421875 8.189208984375 438.5932784541961 992
stats: 302 58 280
stats: 200 235 1071
stats: size_rcv 29609538 143364127
stats: newphase 0 3
stats: size_sent 165433 753549
stats: connected 20 91
stats: 500 0 11
# stats: dump at 1480612640
stats: users 36 93
stats: {freemem,"tsung_controller@ip-172-31-13-122"} 1 3143.76171875 0.0 3155.82421875 3143.76171875 3151.224609375 12
stats: {load,"tsung_controller@ip-172-31-13-122"} 1 0.0 0.0 0.01953125 0.0 0.01171875 12
stats: {recvpackets,"tsung_controller@ip-172-31-13-122"} 1 21268.0 0.0 21268 1129 7709.727272727273 11
stats: {sentpackets,"tsung_controller@ip-172-31-13-122"} 1 11529.0 0.0 11529 641 4178.818181818182 11
stats: {cpu,"tsung_controller@ip-172-31-13-122"} 1 10.728346456692913 0.0 10.728346456692913 1.968503937007874 4.556124582686645 12
stats: session 63 12982.977039155503 6739.642043785286 39184.505126953125 19.06494140625 8638.677125792572 345
stats: users_count 10 444
stats: finish_users_count 63 408
stats: request 190 932.6351318359375 2306.2010053017098 10613.06982421875 8.189208984375 424.30318501342236 1362
stats: connect 10 7.5015869140625 18.019548777007966 172.551025390625 0.860107421875 2.4290928994455645 434
stats: page 167 1061.1010669091506 2433.2595515908993 10613.06982421875 8.189208984375 457.21077757243876 1264
stats: 302 73 353
stats: 200 114 1185
stats: size_rcv 21921049 165285176
stats: newphase 0 3
stats: size_sent 125487 879036
stats: connected -55 36
stats: 500 3 14
# stats: dump at 1480612650
stats: users 8 93
stats: {freemem,"tsung_controller@ip-172-31-13-122"} 1 3143.3984375 0.0 3155.82421875 3143.3984375 3150.6505408653848 13
stats: {load,"tsung_controller@ip-172-31-13-122"} 1 0.0 0.0 0.01953125 0.0 0.010817307692307692 13
stats: {recvpackets,"tsung_controller@ip-172-31-13-122"} 1 14551.0 0.0 21268 1129 8839.583333333334 12
stats: {sentpackets,"tsung_controller@ip-172-31-13-122"} 1 7447.0 0.0 11529 641 4791.333333333333 12
stats: {cpu,"tsung_controller@ip-172-31-13-122"} 1 5.923000987166831 0.0 10.728346456692913 1.968503937007874 5.030910880687127 13
stats: session 28 19912.007184709822 6582.755502102458 40750.795166015625 19.06494140625 9309.488141826554 408
stats: users_count 0 444
stats: finish_users_count 28 436
stats: request 59 1229.528427899894 2372.13843826755 10613.06982421875 8.189208984375 486.53454448267354 1552
stats: connect 0 0 0 172.551025390625 0.860107421875 2.543338260135135 444
stats: page 52 1395.0582697941707 2480.651474756379 10613.06982421875 8.189208984375 527.6857449513562 1431
stats: 302 23 376
stats: 200 35 1220
stats: size_rcv 8377439 173662615
stats: newphase 0 3
stats: size_sent 34018 913054
stats: connected -27 9
stats: 500 1 15
# stats: dump at 1480612660
stats: users 2 93
stats: {freemem,"tsung_controller@ip-172-31-13-122"} 1 3143.4296875 0.0 3155.82421875 3143.3984375 3150.1325334821427 14
stats: {load,"tsung_controller@ip-172-31-13-122"} 1 0.0 0.0 0.01953125 0.0 0.010044642857142858 14
stats: {recvpackets,"tsung_controller@ip-172-31-13-122"} 1 3514.0 0.0 21268 1129 9278.923076923076 13
stats: {sentpackets,"tsung_controller@ip-172-31-13-122"} 1 1839.0 0.0 11529 641 4995.615384615385 13
stats: {cpu,"tsung_controller@ip-172-31-13-122"} 1 2.3645320197044337 0.0 10.728346456692913 1.968503937007874 5.094631602578535 14
stats: session 6 28167.679524739582 4256.557748415132 40750.795166015625 19.06494140625 9990.383860176857 436
stats: users_count 0 444
stats: finish_users_count 6 442
stats: request 14 15.025861467633929 4.992611315484112 10613.06982421875 8.189208984375 513.7453695116096 1611
stats: connect 0 0 0 172.551025390625 0.860107421875 2.543338260135135 444
stats: page 12 17.55108642578125 5.397519053401722 10613.06982421875 8.189208984375 558.0993466316168 1483
stats: 302 12 388
stats: 200 2 1222
stats: size_rcv 60554 173723169
stats: newphase 0 3
stats: size_sent 10888 923942
stats: connected -7 2
stats: 500 0 15
# stats: dump at 1480612668
stats: users 0 93
stats: {freemem,"tsung_controller@ip-172-31-13-122"} 1 3143.4375 0.0 3155.82421875 3143.3984375 3149.6856770833333 15
stats: {load,"tsung_controller@ip-172-31-13-122"} 1 0.0 0.0 0.01953125 0.0 0.009375 15
stats: {recvpackets,"tsung_controller@ip-172-31-13-122"} 1 53.0 0.0 21268 53 8867.142857142857 14
stats: {sentpackets,"tsung_controller@ip-172-31-13-122"} 1 50.0 0.0 11529 50 4770.142857142857 14
stats: {cpu,"tsung_controller@ip-172-31-13-122"} 1 1.085883514313919 0.0 10.728346456692913 1.085883514313919 4.912624963720261 15
stats: session 2 39708.89147949219 5076.5794677734375 44785.470947265625 19.06494140625 10237.134480057799 442
stats: users_count 0 444
stats: finish_users_count 2 444
stats: request 6 11.486572265625 1.2226089370884516 10613.06982421875 8.189208984375 509.4487091346154 1625
stats: connect 0 0 0 172.551025390625 0.860107421875 2.543338260135135 444
stats: page 5 13.80908203125 4.334776095621485 10613.06982421875 8.189208984375 553.7604977202656 1495
stats: 302 5 393
stats: 200 1 1223
stats: size_rcv 30110 173753279
stats: newphase 0 3
stats: size_sent 4657 928599
stats: connected -2 0
stats: 500 0 15
EndMonitor:{1480,612668,82512}
