
=INFO REPORT==== 1-Dec-2016::14:22:17 ===
    ts_config_server:(5:<0.55.0>) Config server started, logdir is "/home/ec2-user/.tsung/log/20161201-1422"
 
=INFO REPORT==== 1-Dec-2016::14:22:17 ===
              ts_mon:(5:<0.54.0>) starting monitor, global 

=INFO REPORT==== 1-Dec-2016::14:22:17 ===
           ts_config:(5:<0.55.0>) Reading config file: complete.xml

=INFO REPORT==== 1-Dec-2016::14:22:17 ===
      ts_config_http:(4:<0.55.0>) Get user agent: 100 "Mozilla/5.0 (Windows; U; Windows NT 5.2; fr-FR; rv:1.7.8) Gecko/20050511 Firefox/1.0.4" 

=INFO REPORT==== 1-Dec-2016::14:22:17 ===
           ts_config:(5:<0.55.0>) Session name for id 1 is "complete-test"

=INFO REPORT==== 1-Dec-2016::14:22:17 ===
    ts_config_server:(4:<0.55.0>) SYSINFO:Tsung version: 1.6.0

=INFO REPORT==== 1-Dec-2016::14:22:17 ===
    ts_config_server:(4:<0.55.0>) SYSINFO:Erlang version: Erlang R14B04 (erts-5.8.5) [source] [64-bit] [rq:1] [async-threads:8] [kernel-poll:true]


=INFO REPORT==== 1-Dec-2016::14:22:17 ===
    ts_config_server:(4:<0.55.0>) SYSINFO:System architecture x86_64-redhat-linux-gnu

=INFO REPORT==== 1-Dec-2016::14:22:17 ===
    ts_config_server:(4:<0.55.0>) SYSINFO:Current path: /usr/lib/erlang/lib/tsung-1.6.0/ebin/tsung.beam

=INFO REPORT==== 1-Dec-2016::14:22:18 ===
              ts_mon:(5:<0.56.0>) Activate clients with text backend

=INFO REPORT==== 1-Dec-2016::14:22:18 ===
              ts_mon:(5:<0.56.0>) Starting tsung clients on hosts: [localhost]

=INFO REPORT==== 1-Dec-2016::14:22:18 ===
    ts_config_server:(5:<0.55.0>) Start a launcher on the controller beam localhost

=INFO REPORT==== 1-Dec-2016::14:22:18 ===
  ts_launcher_static:(5:<0.111.0>) Launch msg receive ("localhost")

=INFO REPORT==== 1-Dec-2016::14:22:18 ===
         ts_launcher:(5:<0.112.0>) Launch msg receive ("localhost")

=INFO REPORT==== 1-Dec-2016::14:22:18 ===
    ts_config_server:(5:<0.55.0>) All remote beams started, syncing 

=INFO REPORT==== 1-Dec-2016::14:22:18 ===
    ts_config_server:(5:<0.55.0>) Undefined ports_range config 

=INFO REPORT==== 1-Dec-2016::14:22:18 ===
    ts_config_server:(5:<0.55.0>) New arrival phase 1 for client "localhost" (last ? true): will start 30 users

=INFO REPORT==== 1-Dec-2016::14:22:18 ===
    ts_config_server:(5:<0.55.0>) New arrival phase 2 for client "localhost" (last ? true): will start 60 users

=INFO REPORT==== 1-Dec-2016::14:22:18 ===
    ts_config_server:(5:<0.55.0>) New arrival phase 3 for client "localhost" (last ? true): will start 120 users

=INFO REPORT==== 1-Dec-2016::14:22:18 ===
    ts_config_server:(5:<0.55.0>) New arrival phase 4 for client "localhost" (last ? true): will start 240 users

=INFO REPORT==== 1-Dec-2016::14:22:18 ===
         ts_launcher:(5:<0.112.0>) Expected duration of first phase: 30.0 sec (30 users) 

=INFO REPORT==== 1-Dec-2016::14:22:18 ===
         ts_launcher:(5:<0.112.0>) Activate launcher (30 users) in 1686 msec 

=INFO REPORT==== 1-Dec-2016::14:22:40 ===
         ts_launcher:(4:<0.112.0>) Need to wait 9.455 sec before changing phase, going to sleep

=INFO REPORT==== 1-Dec-2016::14:22:49 ===
         ts_launcher:(5:<0.112.0>) Waking up

=INFO REPORT==== 1-Dec-2016::14:22:49 ===
         ts_launcher:(5:<0.112.0>) Start a new arrival phase (60 users, 0.002); expected duration=30.0 sec

=INFO REPORT==== 1-Dec-2016::14:23:19 ===
         ts_launcher:(5:<0.112.0>) Phase duration exceeded, but not all users were launched (6 users, 10.0% of phase)

=INFO REPORT==== 1-Dec-2016::14:23:19 ===
         ts_launcher:(5:<0.112.0>) Start a new arrival phase (120 users, 0.004); expected duration=30.0 sec

=INFO REPORT==== 1-Dec-2016::14:23:45 ===
           ts_search:(5:<0.185.0>) Dyn Var (RE): no Match (varname=created_news_id), 

=INFO REPORT==== 1-Dec-2016::14:23:45 ===
           ts_search:(5:<0.185.0>) Dyn Var (RE): no Match (varname=created_news_url), 

=INFO REPORT==== 1-Dec-2016::14:23:46 ===
           ts_search:(5:<0.176.0>) Dyn Var (RE): no Match (varname=created_news_id), 

=INFO REPORT==== 1-Dec-2016::14:23:46 ===
           ts_search:(5:<0.176.0>) Dyn Var (RE): no Match (varname=created_news_url), 

=INFO REPORT==== 1-Dec-2016::14:23:46 ===
           ts_search:(5:<0.169.0>) Dyn Var (RE): no Match (varname=created_news_id), 

=INFO REPORT==== 1-Dec-2016::14:23:46 ===
           ts_search:(5:<0.169.0>) Dyn Var (RE): no Match (varname=created_news_url), 

=INFO REPORT==== 1-Dec-2016::14:23:46 ===
           ts_search:(5:<0.156.0>) Dyn Var (RE): no Match (varname=created_news_id), 

=INFO REPORT==== 1-Dec-2016::14:23:46 ===
           ts_search:(5:<0.156.0>) Dyn Var (RE): no Match (varname=created_news_url), 

=INFO REPORT==== 1-Dec-2016::14:23:48 ===
           ts_search:(5:<0.144.0>) Dyn Var (RE): no Match (varname=created_news_id), 

=INFO REPORT==== 1-Dec-2016::14:23:48 ===
           ts_search:(5:<0.144.0>) Dyn Var (RE): no Match (varname=created_news_url), 

=INFO REPORT==== 1-Dec-2016::14:23:48 ===
           ts_search:(5:<0.177.0>) Dyn Var (RE): no Match (varname=created_news_id), 

=INFO REPORT==== 1-Dec-2016::14:23:48 ===
           ts_search:(5:<0.177.0>) Dyn Var (RE): no Match (varname=created_news_url), 

=INFO REPORT==== 1-Dec-2016::14:23:48 ===
           ts_search:(5:<0.193.0>) Dyn Var (RE): no Match (varname=created_news_id), 

=INFO REPORT==== 1-Dec-2016::14:23:48 ===
           ts_search:(5:<0.193.0>) Dyn Var (RE): no Match (varname=created_news_url), 

=INFO REPORT==== 1-Dec-2016::14:23:49 ===
         ts_launcher:(4:<0.112.0>) Need to wait 0.112 sec before changing phase, going to sleep

=INFO REPORT==== 1-Dec-2016::14:23:49 ===
           ts_search:(5:<0.170.0>) Dyn Var (RE): no Match (varname=created_news_id), 

=INFO REPORT==== 1-Dec-2016::14:23:49 ===
           ts_search:(5:<0.170.0>) Dyn Var (RE): no Match (varname=created_news_url), 

=INFO REPORT==== 1-Dec-2016::14:23:49 ===
         ts_launcher:(5:<0.112.0>) Waking up

=INFO REPORT==== 1-Dec-2016::14:23:49 ===
         ts_launcher:(5:<0.112.0>) Start a new arrival phase (240 users, 0.008); expected duration=30.0 sec

=INFO REPORT==== 1-Dec-2016::14:23:50 ===
           ts_search:(5:<0.164.0>) Dyn Var (RE): no Match (varname=created_news_id), 

=INFO REPORT==== 1-Dec-2016::14:23:50 ===
           ts_search:(5:<0.164.0>) Dyn Var (RE): no Match (varname=created_news_url), 

=INFO REPORT==== 1-Dec-2016::14:23:50 ===
           ts_search:(5:<0.158.0>) Dyn Var (RE): no Match (varname=created_news_id), 

=INFO REPORT==== 1-Dec-2016::14:23:50 ===
           ts_search:(5:<0.158.0>) Dyn Var (RE): no Match (varname=created_news_url), 

=INFO REPORT==== 1-Dec-2016::14:23:51 ===
           ts_search:(5:<0.186.0>) Dyn Var (RE): no Match (varname=created_news_id), 

=INFO REPORT==== 1-Dec-2016::14:23:51 ===
           ts_search:(5:<0.186.0>) Dyn Var (RE): no Match (varname=created_news_url), 

=INFO REPORT==== 1-Dec-2016::14:23:52 ===
           ts_search:(5:<0.191.0>) Dyn Var (RE): no Match (varname=created_news_id), 

=INFO REPORT==== 1-Dec-2016::14:23:52 ===
           ts_search:(5:<0.191.0>) Dyn Var (RE): no Match (varname=created_news_url), 

=INFO REPORT==== 1-Dec-2016::14:23:52 ===
           ts_search:(5:<0.270.0>) Dyn Var (RE): no Match (varname=created_news_id), 

=INFO REPORT==== 1-Dec-2016::14:23:52 ===
           ts_search:(5:<0.270.0>) Dyn Var (RE): no Match (varname=created_news_url), 

=INFO REPORT==== 1-Dec-2016::14:23:53 ===
           ts_search:(5:<0.259.0>) Dyn Var (RE): no Match (varname=created_news_id), 

=INFO REPORT==== 1-Dec-2016::14:23:53 ===
           ts_search:(5:<0.259.0>) Dyn Var (RE): no Match (varname=created_news_url), 

=INFO REPORT==== 1-Dec-2016::14:23:53 ===
           ts_search:(5:<0.232.0>) Dyn Var (RE): no Match (varname=created_news_id), 

=INFO REPORT==== 1-Dec-2016::14:23:53 ===
           ts_search:(5:<0.232.0>) Dyn Var (RE): no Match (varname=created_news_url), 

=INFO REPORT==== 1-Dec-2016::14:23:56 ===
           ts_search:(5:<0.166.0>) Dyn Var (RE): no Match (varname=created_news_id), 

=INFO REPORT==== 1-Dec-2016::14:23:56 ===
           ts_search:(5:<0.166.0>) Dyn Var (RE): no Match (varname=created_news_url), 

=INFO REPORT==== 1-Dec-2016::14:23:56 ===
           ts_search:(5:<0.196.0>) Dyn Var (RE): no Match (varname=created_news_id), 

=INFO REPORT==== 1-Dec-2016::14:23:56 ===
           ts_search:(5:<0.196.0>) Dyn Var (RE): no Match (varname=created_news_url), 

=INFO REPORT==== 1-Dec-2016::14:23:57 ===
           ts_search:(5:<0.244.0>) Dyn Var (RE): no Match (varname=created_news_id), 

=INFO REPORT==== 1-Dec-2016::14:23:57 ===
           ts_search:(5:<0.244.0>) Dyn Var (RE): no Match (varname=created_news_url), 

=INFO REPORT==== 1-Dec-2016::14:23:57 ===
           ts_search:(5:<0.288.0>) Dyn Var (RE): no Match (varname=created_news_id), 

=INFO REPORT==== 1-Dec-2016::14:23:57 ===
           ts_search:(5:<0.288.0>) Dyn Var (RE): no Match (varname=created_news_url), 

=INFO REPORT==== 1-Dec-2016::14:23:58 ===
           ts_search:(5:<0.228.0>) Dyn Var (RE): no Match (varname=created_news_id), 

=INFO REPORT==== 1-Dec-2016::14:23:58 ===
           ts_search:(5:<0.228.0>) Dyn Var (RE): no Match (varname=created_news_url), 

=INFO REPORT==== 1-Dec-2016::14:23:58 ===
           ts_search:(5:<0.205.0>) Dyn Var (RE): no Match (varname=created_news_id), 

=INFO REPORT==== 1-Dec-2016::14:23:58 ===
           ts_search:(5:<0.205.0>) Dyn Var (RE): no Match (varname=created_news_url), 

=INFO REPORT==== 1-Dec-2016::14:23:58 ===
           ts_search:(5:<0.350.0>) Dyn Var (RE): no Match (varname=created_news_id), 

=INFO REPORT==== 1-Dec-2016::14:23:58 ===
           ts_search:(5:<0.350.0>) Dyn Var (RE): no Match (varname=created_news_url), 

=INFO REPORT==== 1-Dec-2016::14:23:59 ===
           ts_search:(5:<0.242.0>) Dyn Var (RE): no Match (varname=created_news_id), 

=INFO REPORT==== 1-Dec-2016::14:23:59 ===
           ts_search:(5:<0.242.0>) Dyn Var (RE): no Match (varname=created_news_url), 

=INFO REPORT==== 1-Dec-2016::14:23:59 ===
           ts_search:(5:<0.283.0>) Dyn Var (RE): no Match (varname=created_news_id), 

=INFO REPORT==== 1-Dec-2016::14:23:59 ===
           ts_search:(5:<0.283.0>) Dyn Var (RE): no Match (varname=created_news_url), 

=INFO REPORT==== 1-Dec-2016::14:23:59 ===
           ts_search:(5:<0.221.0>) Dyn Var (RE): no Match (varname=created_news_id), 

=INFO REPORT==== 1-Dec-2016::14:23:59 ===
           ts_search:(5:<0.221.0>) Dyn Var (RE): no Match (varname=created_news_url), 

=INFO REPORT==== 1-Dec-2016::14:24:00 ===
           ts_search:(5:<0.281.0>) Dyn Var (RE): no Match (varname=created_news_id), 

=INFO REPORT==== 1-Dec-2016::14:24:00 ===
           ts_search:(5:<0.281.0>) Dyn Var (RE): no Match (varname=created_news_url), 

=INFO REPORT==== 1-Dec-2016::14:24:00 ===
           ts_search:(5:<0.238.0>) Dyn Var (RE): no Match (varname=created_news_id), 

=INFO REPORT==== 1-Dec-2016::14:24:00 ===
           ts_search:(5:<0.238.0>) Dyn Var (RE): no Match (varname=created_news_url), 

=INFO REPORT==== 1-Dec-2016::14:24:01 ===
           ts_search:(5:<0.237.0>) Dyn Var (RE): no Match (varname=created_news_id), 

=INFO REPORT==== 1-Dec-2016::14:24:01 ===
           ts_search:(5:<0.237.0>) Dyn Var (RE): no Match (varname=created_news_url), 

=INFO REPORT==== 1-Dec-2016::14:24:01 ===
           ts_search:(5:<0.180.0>) Dyn Var (RE): no Match (varname=created_news_id), 

=INFO REPORT==== 1-Dec-2016::14:24:01 ===
           ts_search:(5:<0.180.0>) Dyn Var (RE): no Match (varname=created_news_url), 

=INFO REPORT==== 1-Dec-2016::14:24:01 ===
           ts_search:(5:<0.345.0>) Dyn Var (RE): no Match (varname=created_news_id), 

=INFO REPORT==== 1-Dec-2016::14:24:01 ===
           ts_search:(5:<0.345.0>) Dyn Var (RE): no Match (varname=created_news_url), 

=INFO REPORT==== 1-Dec-2016::14:24:01 ===
           ts_search:(5:<0.202.0>) Dyn Var (RE): no Match (varname=created_news_id), 

=INFO REPORT==== 1-Dec-2016::14:24:01 ===
           ts_search:(5:<0.202.0>) Dyn Var (RE): no Match (varname=created_news_url), 

=INFO REPORT==== 1-Dec-2016::14:24:02 ===
           ts_search:(5:<0.178.0>) Dyn Var (RE): no Match (varname=created_news_id), 

=INFO REPORT==== 1-Dec-2016::14:24:02 ===
           ts_search:(5:<0.178.0>) Dyn Var (RE): no Match (varname=created_news_url), 

=INFO REPORT==== 1-Dec-2016::14:24:02 ===
           ts_search:(5:<0.253.0>) Dyn Var (RE): no Match (varname=created_news_id), 

=INFO REPORT==== 1-Dec-2016::14:24:02 ===
           ts_search:(5:<0.253.0>) Dyn Var (RE): no Match (varname=created_news_url), 

=INFO REPORT==== 1-Dec-2016::14:24:02 ===
           ts_search:(5:<0.168.0>) Dyn Var (RE): no Match (varname=created_news_id), 

=INFO REPORT==== 1-Dec-2016::14:24:02 ===
           ts_search:(5:<0.168.0>) Dyn Var (RE): no Match (varname=created_news_url), 

=INFO REPORT==== 1-Dec-2016::14:24:02 ===
           ts_search:(5:<0.182.0>) Dyn Var (RE): no Match (varname=created_news_id), 

=INFO REPORT==== 1-Dec-2016::14:24:02 ===
           ts_search:(5:<0.182.0>) Dyn Var (RE): no Match (varname=created_news_url), 

=INFO REPORT==== 1-Dec-2016::14:24:02 ===
           ts_search:(5:<0.204.0>) Dyn Var (RE): no Match (varname=created_news_id), 

=INFO REPORT==== 1-Dec-2016::14:24:02 ===
           ts_search:(5:<0.204.0>) Dyn Var (RE): no Match (varname=created_news_url), 

=INFO REPORT==== 1-Dec-2016::14:24:03 ===
           ts_search:(5:<0.195.0>) Dyn Var (RE): no Match (varname=created_news_id), 

=INFO REPORT==== 1-Dec-2016::14:24:03 ===
           ts_search:(5:<0.195.0>) Dyn Var (RE): no Match (varname=created_news_url), 

=INFO REPORT==== 1-Dec-2016::14:24:03 ===
           ts_search:(5:<0.335.0>) Dyn Var (RE): no Match (varname=created_news_id), 

=INFO REPORT==== 1-Dec-2016::14:24:03 ===
           ts_search:(5:<0.335.0>) Dyn Var (RE): no Match (varname=created_news_url), 

=INFO REPORT==== 1-Dec-2016::14:24:03 ===
           ts_search:(5:<0.285.0>) Dyn Var (RE): no Match (varname=created_news_id), 

=INFO REPORT==== 1-Dec-2016::14:24:03 ===
           ts_search:(5:<0.285.0>) Dyn Var (RE): no Match (varname=created_news_url), 

=INFO REPORT==== 1-Dec-2016::14:24:03 ===
           ts_search:(5:<0.212.0>) Dyn Var (RE): no Match (varname=created_news_id), 

=INFO REPORT==== 1-Dec-2016::14:24:03 ===
           ts_search:(5:<0.212.0>) Dyn Var (RE): no Match (varname=created_news_url), 

=INFO REPORT==== 1-Dec-2016::14:24:04 ===
           ts_search:(5:<0.356.0>) Dyn Var (RE): no Match (varname=created_news_id), 

=INFO REPORT==== 1-Dec-2016::14:24:04 ===
           ts_search:(5:<0.356.0>) Dyn Var (RE): no Match (varname=created_news_url), 

=INFO REPORT==== 1-Dec-2016::14:24:04 ===
           ts_search:(5:<0.279.0>) Dyn Var (RE): no Match (varname=created_news_id), 

=INFO REPORT==== 1-Dec-2016::14:24:04 ===
           ts_search:(5:<0.279.0>) Dyn Var (RE): no Match (varname=created_news_url), 

=INFO REPORT==== 1-Dec-2016::14:24:04 ===
           ts_search:(5:<0.227.0>) Dyn Var (RE): no Match (varname=created_news_id), 

=INFO REPORT==== 1-Dec-2016::14:24:04 ===
           ts_search:(5:<0.227.0>) Dyn Var (RE): no Match (varname=created_news_url), 

=INFO REPORT==== 1-Dec-2016::14:24:04 ===
           ts_search:(5:<0.233.0>) Dyn Var (RE): no Match (varname=created_news_id), 

=INFO REPORT==== 1-Dec-2016::14:24:04 ===
           ts_search:(5:<0.233.0>) Dyn Var (RE): no Match (varname=created_news_url), 

=INFO REPORT==== 1-Dec-2016::14:24:04 ===
           ts_search:(5:<0.267.0>) Dyn Var (RE): no Match (varname=created_news_id), 

=INFO REPORT==== 1-Dec-2016::14:24:04 ===
           ts_search:(5:<0.267.0>) Dyn Var (RE): no Match (varname=created_news_url), 

=INFO REPORT==== 1-Dec-2016::14:24:05 ===
           ts_search:(5:<0.179.0>) Dyn Var (RE): no Match (varname=created_news_id), 

=INFO REPORT==== 1-Dec-2016::14:24:05 ===
           ts_search:(5:<0.179.0>) Dyn Var (RE): no Match (varname=created_news_url), 

=INFO REPORT==== 1-Dec-2016::14:24:05 ===
           ts_search:(5:<0.257.0>) Dyn Var (RE): no Match (varname=created_news_id), 

=INFO REPORT==== 1-Dec-2016::14:24:05 ===
           ts_search:(5:<0.257.0>) Dyn Var (RE): no Match (varname=created_news_url), 

=INFO REPORT==== 1-Dec-2016::14:24:05 ===
           ts_search:(5:<0.258.0>) Dyn Var (RE): no Match (varname=created_news_id), 

=INFO REPORT==== 1-Dec-2016::14:24:05 ===
           ts_search:(5:<0.258.0>) Dyn Var (RE): no Match (varname=created_news_url), 

=INFO REPORT==== 1-Dec-2016::14:24:06 ===
           ts_search:(5:<0.266.0>) Dyn Var (RE): no Match (varname=created_news_id), 

=INFO REPORT==== 1-Dec-2016::14:24:06 ===
           ts_search:(5:<0.266.0>) Dyn Var (RE): no Match (varname=created_news_url), 

=INFO REPORT==== 1-Dec-2016::14:24:06 ===
           ts_search:(5:<0.271.0>) Dyn Var (RE): no Match (varname=created_news_id), 

=INFO REPORT==== 1-Dec-2016::14:24:06 ===
           ts_search:(5:<0.271.0>) Dyn Var (RE): no Match (varname=created_news_url), 

=INFO REPORT==== 1-Dec-2016::14:24:07 ===
           ts_search:(5:<0.295.0>) Dyn Var (RE): no Match (varname=created_news_id), 

=INFO REPORT==== 1-Dec-2016::14:24:07 ===
           ts_search:(5:<0.295.0>) Dyn Var (RE): no Match (varname=created_news_url), 

=INFO REPORT==== 1-Dec-2016::14:24:07 ===
           ts_search:(5:<0.363.0>) Dyn Var (RE): no Match (varname=created_news_id), 

=INFO REPORT==== 1-Dec-2016::14:24:07 ===
           ts_search:(5:<0.363.0>) Dyn Var (RE): no Match (varname=created_news_url), 

=INFO REPORT==== 1-Dec-2016::14:24:07 ===
           ts_search:(5:<0.275.0>) Dyn Var (RE): no Match (varname=created_news_id), 

=INFO REPORT==== 1-Dec-2016::14:24:07 ===
           ts_search:(5:<0.275.0>) Dyn Var (RE): no Match (varname=created_news_url), 

=INFO REPORT==== 1-Dec-2016::14:24:08 ===
           ts_search:(5:<0.263.0>) Dyn Var (RE): no Match (varname=created_news_id), 

=INFO REPORT==== 1-Dec-2016::14:24:08 ===
           ts_search:(5:<0.263.0>) Dyn Var (RE): no Match (varname=created_news_url), 

=INFO REPORT==== 1-Dec-2016::14:24:08 ===
           ts_search:(5:<0.340.0>) Dyn Var (RE): no Match (varname=created_news_id), 

=INFO REPORT==== 1-Dec-2016::14:24:08 ===
           ts_search:(5:<0.340.0>) Dyn Var (RE): no Match (varname=created_news_url), 

=INFO REPORT==== 1-Dec-2016::14:24:08 ===
           ts_search:(5:<0.390.0>) Dyn Var (RE): no Match (varname=created_news_id), 

=INFO REPORT==== 1-Dec-2016::14:24:08 ===
           ts_search:(5:<0.390.0>) Dyn Var (RE): no Match (varname=created_news_url), 

=INFO REPORT==== 1-Dec-2016::14:24:08 ===
           ts_search:(5:<0.171.0>) Dyn Var (RE): no Match (varname=created_news_id), 

=INFO REPORT==== 1-Dec-2016::14:24:08 ===
           ts_search:(5:<0.171.0>) Dyn Var (RE): no Match (varname=created_news_url), 

=INFO REPORT==== 1-Dec-2016::14:24:09 ===
           ts_search:(5:<0.276.0>) Dyn Var (RE): no Match (varname=created_news_id), 

=INFO REPORT==== 1-Dec-2016::14:24:09 ===
           ts_search:(5:<0.276.0>) Dyn Var (RE): no Match (varname=created_news_url), 

=INFO REPORT==== 1-Dec-2016::14:24:09 ===
           ts_search:(5:<0.200.0>) Dyn Var (RE): no Match (varname=created_news_id), 

=INFO REPORT==== 1-Dec-2016::14:24:09 ===
           ts_search:(5:<0.200.0>) Dyn Var (RE): no Match (varname=created_news_url), 

=INFO REPORT==== 1-Dec-2016::14:24:09 ===
           ts_search:(5:<0.333.0>) Dyn Var (RE): no Match (varname=created_news_id), 

=INFO REPORT==== 1-Dec-2016::14:24:09 ===
           ts_search:(5:<0.333.0>) Dyn Var (RE): no Match (varname=created_news_url), 

=INFO REPORT==== 1-Dec-2016::14:24:10 ===
           ts_search:(5:<0.290.0>) Dyn Var (RE): no Match (varname=created_news_id), 

=INFO REPORT==== 1-Dec-2016::14:24:10 ===
           ts_search:(5:<0.290.0>) Dyn Var (RE): no Match (varname=created_news_url), 

=INFO REPORT==== 1-Dec-2016::14:24:10 ===
           ts_search:(5:<0.183.0>) Dyn Var (RE): no Match (varname=created_news_id), 

=INFO REPORT==== 1-Dec-2016::14:24:10 ===
           ts_search:(5:<0.183.0>) Dyn Var (RE): no Match (varname=created_news_url), 

=INFO REPORT==== 1-Dec-2016::14:24:11 ===
           ts_search:(5:<0.209.0>) Dyn Var (RE): no Match (varname=created_news_id), 

=INFO REPORT==== 1-Dec-2016::14:24:11 ===
           ts_search:(5:<0.209.0>) Dyn Var (RE): no Match (varname=created_news_url), 

=INFO REPORT==== 1-Dec-2016::14:24:11 ===
           ts_search:(5:<0.343.0>) Dyn Var (RE): no Match (varname=created_news_id), 

=INFO REPORT==== 1-Dec-2016::14:24:11 ===
           ts_search:(5:<0.343.0>) Dyn Var (RE): no Match (varname=created_news_url), 

=INFO REPORT==== 1-Dec-2016::14:24:11 ===
           ts_search:(5:<0.404.0>) Dyn Var (RE): no Match (varname=created_news_id), 

=INFO REPORT==== 1-Dec-2016::14:24:11 ===
           ts_search:(5:<0.404.0>) Dyn Var (RE): no Match (varname=created_news_url), 

=INFO REPORT==== 1-Dec-2016::14:24:12 ===
           ts_search:(5:<0.234.0>) Dyn Var (RE): no Match (varname=created_news_id), 

=INFO REPORT==== 1-Dec-2016::14:24:12 ===
           ts_search:(5:<0.234.0>) Dyn Var (RE): no Match (varname=created_news_url), 

=INFO REPORT==== 1-Dec-2016::14:24:12 ===
           ts_search:(5:<0.418.0>) Dyn Var (RE): no Match (varname=created_news_id), 

=INFO REPORT==== 1-Dec-2016::14:24:12 ===
           ts_search:(5:<0.418.0>) Dyn Var (RE): no Match (varname=created_news_url), 

=INFO REPORT==== 1-Dec-2016::14:24:12 ===
           ts_search:(5:<0.217.0>) Dyn Var (RE): no Match (varname=created_news_id), 

=INFO REPORT==== 1-Dec-2016::14:24:12 ===
           ts_search:(5:<0.217.0>) Dyn Var (RE): no Match (varname=created_news_url), 

=INFO REPORT==== 1-Dec-2016::14:24:12 ===
           ts_search:(5:<0.302.0>) Dyn Var (RE): no Match (varname=created_news_id), 

=INFO REPORT==== 1-Dec-2016::14:24:12 ===
           ts_search:(5:<0.302.0>) Dyn Var (RE): no Match (varname=created_news_url), 

=INFO REPORT==== 1-Dec-2016::14:24:12 ===
           ts_search:(5:<0.361.0>) Dyn Var (RE): no Match (varname=created_news_id), 

=INFO REPORT==== 1-Dec-2016::14:24:12 ===
           ts_search:(5:<0.361.0>) Dyn Var (RE): no Match (varname=created_news_url), 

=INFO REPORT==== 1-Dec-2016::14:24:12 ===
           ts_search:(5:<0.337.0>) Dyn Var (RE): no Match (varname=created_news_id), 

=INFO REPORT==== 1-Dec-2016::14:24:12 ===
           ts_search:(5:<0.337.0>) Dyn Var (RE): no Match (varname=created_news_url), 

=INFO REPORT==== 1-Dec-2016::14:24:12 ===
           ts_search:(5:<0.249.0>) Dyn Var (RE): no Match (varname=created_news_id), 

=INFO REPORT==== 1-Dec-2016::14:24:12 ===
           ts_search:(5:<0.249.0>) Dyn Var (RE): no Match (varname=created_news_url), 

=INFO REPORT==== 1-Dec-2016::14:24:12 ===
           ts_search:(5:<0.243.0>) Dyn Var (RE): no Match (varname=created_news_id), 

=INFO REPORT==== 1-Dec-2016::14:24:12 ===
           ts_search:(5:<0.243.0>) Dyn Var (RE): no Match (varname=created_news_url), 

=INFO REPORT==== 1-Dec-2016::14:24:12 ===
           ts_search:(5:<0.282.0>) Dyn Var (RE): no Match (varname=created_news_id), 

=INFO REPORT==== 1-Dec-2016::14:24:12 ===
           ts_search:(5:<0.282.0>) Dyn Var (RE): no Match (varname=created_news_url), 

=INFO REPORT==== 1-Dec-2016::14:24:13 ===
           ts_search:(5:<0.287.0>) Dyn Var (RE): no Match (varname=created_news_id), 

=INFO REPORT==== 1-Dec-2016::14:24:13 ===
           ts_search:(5:<0.287.0>) Dyn Var (RE): no Match (varname=created_news_url), 

=INFO REPORT==== 1-Dec-2016::14:24:13 ===
           ts_search:(5:<0.312.0>) Dyn Var (RE): no Match (varname=created_news_id), 

=INFO REPORT==== 1-Dec-2016::14:24:13 ===
           ts_search:(5:<0.312.0>) Dyn Var (RE): no Match (varname=created_news_url), 

=INFO REPORT==== 1-Dec-2016::14:24:13 ===
           ts_search:(5:<0.252.0>) Dyn Var (RE): no Match (varname=created_news_id), 

=INFO REPORT==== 1-Dec-2016::14:24:13 ===
           ts_search:(5:<0.252.0>) Dyn Var (RE): no Match (varname=created_news_url), 

=INFO REPORT==== 1-Dec-2016::14:24:13 ===
           ts_search:(5:<0.309.0>) Dyn Var (RE): no Match (varname=created_news_id), 

=INFO REPORT==== 1-Dec-2016::14:24:13 ===
           ts_search:(5:<0.309.0>) Dyn Var (RE): no Match (varname=created_news_url), 

=INFO REPORT==== 1-Dec-2016::14:24:14 ===
           ts_search:(5:<0.260.0>) Dyn Var (RE): no Match (varname=created_news_id), 

=INFO REPORT==== 1-Dec-2016::14:24:14 ===
           ts_search:(5:<0.260.0>) Dyn Var (RE): no Match (varname=created_news_url), 

=INFO REPORT==== 1-Dec-2016::14:24:14 ===
           ts_search:(5:<0.224.0>) Dyn Var (RE): no Match (varname=created_news_id), 

=INFO REPORT==== 1-Dec-2016::14:24:14 ===
           ts_search:(5:<0.224.0>) Dyn Var (RE): no Match (varname=created_news_url), 

=INFO REPORT==== 1-Dec-2016::14:24:14 ===
           ts_search:(5:<0.299.0>) Dyn Var (RE): no Match (varname=created_news_id), 

=INFO REPORT==== 1-Dec-2016::14:24:14 ===
           ts_search:(5:<0.299.0>) Dyn Var (RE): no Match (varname=created_news_url), 

=INFO REPORT==== 1-Dec-2016::14:24:14 ===
           ts_search:(5:<0.392.0>) Dyn Var (RE): no Match (varname=created_news_id), 

=INFO REPORT==== 1-Dec-2016::14:24:14 ===
           ts_search:(5:<0.392.0>) Dyn Var (RE): no Match (varname=created_news_url), 

=INFO REPORT==== 1-Dec-2016::14:24:15 ===
           ts_search:(5:<0.245.0>) Dyn Var (RE): no Match (varname=created_news_id), 

=INFO REPORT==== 1-Dec-2016::14:24:15 ===
           ts_search:(5:<0.245.0>) Dyn Var (RE): no Match (varname=created_news_url), 

=INFO REPORT==== 1-Dec-2016::14:24:15 ===
           ts_search:(5:<0.388.0>) Dyn Var (RE): no Match (varname=created_news_id), 

=INFO REPORT==== 1-Dec-2016::14:24:15 ===
           ts_search:(5:<0.388.0>) Dyn Var (RE): no Match (varname=created_news_url), 

=INFO REPORT==== 1-Dec-2016::14:24:15 ===
           ts_search:(5:<0.386.0>) Dyn Var (RE): no Match (varname=created_news_id), 

=INFO REPORT==== 1-Dec-2016::14:24:15 ===
           ts_search:(5:<0.386.0>) Dyn Var (RE): no Match (varname=created_news_url), 

=INFO REPORT==== 1-Dec-2016::14:24:15 ===
           ts_search:(5:<0.393.0>) Dyn Var (RE): no Match (varname=created_news_id), 

=INFO REPORT==== 1-Dec-2016::14:24:15 ===
           ts_search:(5:<0.393.0>) Dyn Var (RE): no Match (varname=created_news_url), 

=INFO REPORT==== 1-Dec-2016::14:24:15 ===
           ts_search:(5:<0.197.0>) Dyn Var (RE): no Match (varname=created_news_id), 

=INFO REPORT==== 1-Dec-2016::14:24:15 ===
           ts_search:(5:<0.197.0>) Dyn Var (RE): no Match (varname=created_news_url), 

=INFO REPORT==== 1-Dec-2016::14:24:16 ===
           ts_search:(5:<0.432.0>) Dyn Var (RE): no Match (varname=created_news_id), 

=INFO REPORT==== 1-Dec-2016::14:24:16 ===
           ts_search:(5:<0.432.0>) Dyn Var (RE): no Match (varname=created_news_url), 

=INFO REPORT==== 1-Dec-2016::14:24:16 ===
           ts_search:(5:<0.320.0>) Dyn Var (RE): no Match (varname=created_news_id), 

=INFO REPORT==== 1-Dec-2016::14:24:16 ===
           ts_search:(5:<0.320.0>) Dyn Var (RE): no Match (varname=created_news_url), 

=INFO REPORT==== 1-Dec-2016::14:24:16 ===
           ts_search:(5:<0.235.0>) Dyn Var (RE): no Match (varname=created_news_id), 

=INFO REPORT==== 1-Dec-2016::14:24:16 ===
           ts_search:(5:<0.235.0>) Dyn Var (RE): no Match (varname=created_news_url), 

=INFO REPORT==== 1-Dec-2016::14:24:16 ===
           ts_search:(5:<0.317.0>) Dyn Var (RE): no Match (varname=created_news_id), 

=INFO REPORT==== 1-Dec-2016::14:24:16 ===
           ts_search:(5:<0.317.0>) Dyn Var (RE): no Match (varname=created_news_url), 

=INFO REPORT==== 1-Dec-2016::14:24:16 ===
           ts_search:(5:<0.189.0>) Dyn Var (RE): no Match (varname=created_news_id), 

=INFO REPORT==== 1-Dec-2016::14:24:16 ===
           ts_search:(5:<0.189.0>) Dyn Var (RE): no Match (varname=created_news_url), 

=INFO REPORT==== 1-Dec-2016::14:24:17 ===
           ts_search:(5:<0.433.0>) Dyn Var (RE): no Match (varname=created_news_id), 

=INFO REPORT==== 1-Dec-2016::14:24:17 ===
           ts_search:(5:<0.433.0>) Dyn Var (RE): no Match (varname=created_news_url), 

=INFO REPORT==== 1-Dec-2016::14:24:17 ===
           ts_search:(5:<0.382.0>) Dyn Var (RE): no Match (varname=created_news_id), 

=INFO REPORT==== 1-Dec-2016::14:24:17 ===
           ts_search:(5:<0.382.0>) Dyn Var (RE): no Match (varname=created_news_url), 

=INFO REPORT==== 1-Dec-2016::14:24:17 ===
           ts_search:(5:<0.216.0>) Dyn Var (RE): no Match (varname=created_news_id), 

=INFO REPORT==== 1-Dec-2016::14:24:17 ===
           ts_search:(5:<0.216.0>) Dyn Var (RE): no Match (varname=created_news_url), 

=INFO REPORT==== 1-Dec-2016::14:24:17 ===
           ts_search:(5:<0.261.0>) Dyn Var (RE): no Match (varname=created_news_id), 

=INFO REPORT==== 1-Dec-2016::14:24:17 ===
           ts_search:(5:<0.261.0>) Dyn Var (RE): no Match (varname=created_news_url), 

=INFO REPORT==== 1-Dec-2016::14:24:17 ===
           ts_search:(5:<0.300.0>) Dyn Var (RE): no Match (varname=created_news_id), 

=INFO REPORT==== 1-Dec-2016::14:24:17 ===
           ts_search:(5:<0.300.0>) Dyn Var (RE): no Match (varname=created_news_url), 

=INFO REPORT==== 1-Dec-2016::14:24:17 ===
           ts_search:(5:<0.315.0>) Dyn Var (RE): no Match (varname=created_news_id), 

=INFO REPORT==== 1-Dec-2016::14:24:17 ===
           ts_search:(5:<0.315.0>) Dyn Var (RE): no Match (varname=created_news_url), 

=INFO REPORT==== 1-Dec-2016::14:24:17 ===
           ts_search:(5:<0.441.0>) Dyn Var (RE): no Match (varname=created_news_id), 

=INFO REPORT==== 1-Dec-2016::14:24:17 ===
           ts_search:(5:<0.441.0>) Dyn Var (RE): no Match (varname=created_news_url), 

=INFO REPORT==== 1-Dec-2016::14:24:17 ===
           ts_search:(5:<0.175.0>) Dyn Var (RE): no Match (varname=created_news_id), 

=INFO REPORT==== 1-Dec-2016::14:24:17 ===
           ts_search:(5:<0.175.0>) Dyn Var (RE): no Match (varname=created_news_url), 

=INFO REPORT==== 1-Dec-2016::14:24:17 ===
           ts_search:(5:<0.371.0>) Dyn Var (RE): no Match (varname=created_news_id), 

=INFO REPORT==== 1-Dec-2016::14:24:17 ===
           ts_search:(5:<0.371.0>) Dyn Var (RE): no Match (varname=created_news_url), 

=INFO REPORT==== 1-Dec-2016::14:24:17 ===
           ts_search:(5:<0.416.0>) Dyn Var (RE): no Match (varname=created_news_id), 

=INFO REPORT==== 1-Dec-2016::14:24:17 ===
           ts_search:(5:<0.416.0>) Dyn Var (RE): no Match (varname=created_news_url), 

=INFO REPORT==== 1-Dec-2016::14:24:17 ===
           ts_search:(5:<0.284.0>) Dyn Var (RE): no Match (varname=created_news_id), 

=INFO REPORT==== 1-Dec-2016::14:24:17 ===
           ts_search:(5:<0.284.0>) Dyn Var (RE): no Match (varname=created_news_url), 

=INFO REPORT==== 1-Dec-2016::14:24:18 ===
           ts_search:(5:<0.452.0>) Dyn Var (RE): no Match (varname=created_news_id), 

=INFO REPORT==== 1-Dec-2016::14:24:18 ===
           ts_search:(5:<0.452.0>) Dyn Var (RE): no Match (varname=created_news_url), 

=INFO REPORT==== 1-Dec-2016::14:24:18 ===
           ts_search:(5:<0.471.0>) Dyn Var (RE): no Match (varname=created_news_id), 

=INFO REPORT==== 1-Dec-2016::14:24:18 ===
           ts_search:(5:<0.471.0>) Dyn Var (RE): no Match (varname=created_news_url), 

=INFO REPORT==== 1-Dec-2016::14:24:19 ===
           ts_search:(5:<0.311.0>) Dyn Var (RE): no Match (varname=created_news_id), 

=INFO REPORT==== 1-Dec-2016::14:24:19 ===
           ts_search:(5:<0.311.0>) Dyn Var (RE): no Match (varname=created_news_url), 

=INFO REPORT==== 1-Dec-2016::14:24:19 ===
           ts_search:(5:<0.256.0>) Dyn Var (RE): no Match (varname=created_news_id), 

=INFO REPORT==== 1-Dec-2016::14:24:19 ===
           ts_search:(5:<0.256.0>) Dyn Var (RE): no Match (varname=created_news_url), 

=INFO REPORT==== 1-Dec-2016::14:24:19 ===
           ts_search:(5:<0.376.0>) Dyn Var (RE): no Match (varname=created_news_id), 

=INFO REPORT==== 1-Dec-2016::14:24:19 ===
           ts_search:(5:<0.376.0>) Dyn Var (RE): no Match (varname=created_news_url), 

=INFO REPORT==== 1-Dec-2016::14:24:19 ===
           ts_search:(5:<0.351.0>) Dyn Var (RE): no Match (varname=created_news_id), 

=INFO REPORT==== 1-Dec-2016::14:24:19 ===
           ts_search:(5:<0.351.0>) Dyn Var (RE): no Match (varname=created_news_url), 

=INFO REPORT==== 1-Dec-2016::14:24:19 ===
           ts_search:(5:<0.297.0>) Dyn Var (RE): no Match (varname=created_news_id), 

=INFO REPORT==== 1-Dec-2016::14:24:19 ===
           ts_search:(5:<0.297.0>) Dyn Var (RE): no Match (varname=created_news_url), 

=INFO REPORT==== 1-Dec-2016::14:24:19 ===
           ts_search:(5:<0.298.0>) Dyn Var (RE): no Match (varname=created_news_id), 

=INFO REPORT==== 1-Dec-2016::14:24:19 ===
           ts_search:(5:<0.298.0>) Dyn Var (RE): no Match (varname=created_news_url), 

=INFO REPORT==== 1-Dec-2016::14:24:19 ===
           ts_search:(5:<0.342.0>) Dyn Var (RE): no Match (varname=created_news_id), 

=INFO REPORT==== 1-Dec-2016::14:24:19 ===
           ts_search:(5:<0.342.0>) Dyn Var (RE): no Match (varname=created_news_url), 

=INFO REPORT==== 1-Dec-2016::14:24:19 ===
           ts_search:(5:<0.398.0>) Dyn Var (RE): no Match (varname=created_news_id), 

=INFO REPORT==== 1-Dec-2016::14:24:19 ===
           ts_search:(5:<0.398.0>) Dyn Var (RE): no Match (varname=created_news_url), 

=INFO REPORT==== 1-Dec-2016::14:24:19 ===
         ts_launcher:(5:<0.112.0>) Phase duration exceeded, but not all users were launched (1 users, 0.4% of phase)

=INFO REPORT==== 1-Dec-2016::14:24:19 ===
         ts_launcher:(5:<0.112.0>) This was the last phase, wait for connected users to finish their session

=INFO REPORT==== 1-Dec-2016::14:24:19 ===
           ts_search:(5:<0.190.0>) Dyn Var (RE): no Match (varname=created_news_id), 

=INFO REPORT==== 1-Dec-2016::14:24:19 ===
           ts_search:(5:<0.190.0>) Dyn Var (RE): no Match (varname=created_news_url), 

=INFO REPORT==== 1-Dec-2016::14:24:20 ===
           ts_search:(5:<0.277.0>) Dyn Var (RE): no Match (varname=created_news_id), 

=INFO REPORT==== 1-Dec-2016::14:24:20 ===
           ts_search:(5:<0.277.0>) Dyn Var (RE): no Match (varname=created_news_url), 

=INFO REPORT==== 1-Dec-2016::14:24:20 ===
           ts_search:(5:<0.194.0>) Dyn Var (RE): no Match (varname=created_news_id), 

=INFO REPORT==== 1-Dec-2016::14:24:20 ===
           ts_search:(5:<0.194.0>) Dyn Var (RE): no Match (varname=created_news_url), 

=INFO REPORT==== 1-Dec-2016::14:24:20 ===
           ts_search:(5:<0.425.0>) Dyn Var (RE): no Match (varname=created_news_id), 

=INFO REPORT==== 1-Dec-2016::14:24:20 ===
           ts_search:(5:<0.425.0>) Dyn Var (RE): no Match (varname=created_news_url), 

=INFO REPORT==== 1-Dec-2016::14:24:20 ===
           ts_search:(5:<0.325.0>) Dyn Var (RE): no Match (varname=created_news_id), 

=INFO REPORT==== 1-Dec-2016::14:24:20 ===
           ts_search:(5:<0.325.0>) Dyn Var (RE): no Match (varname=created_news_url), 

=INFO REPORT==== 1-Dec-2016::14:24:20 ===
           ts_search:(5:<0.251.0>) Dyn Var (RE): no Match (varname=created_news_id), 

=INFO REPORT==== 1-Dec-2016::14:24:20 ===
           ts_search:(5:<0.251.0>) Dyn Var (RE): no Match (varname=created_news_url), 

=INFO REPORT==== 1-Dec-2016::14:24:20 ===
           ts_search:(5:<0.198.0>) Dyn Var (RE): no Match (varname=created_news_id), 

=INFO REPORT==== 1-Dec-2016::14:24:20 ===
           ts_search:(5:<0.198.0>) Dyn Var (RE): no Match (varname=created_news_url), 

=INFO REPORT==== 1-Dec-2016::14:24:20 ===
           ts_search:(5:<0.480.0>) Dyn Var (RE): no Match (varname=created_news_id), 

=INFO REPORT==== 1-Dec-2016::14:24:20 ===
           ts_search:(5:<0.480.0>) Dyn Var (RE): no Match (varname=created_news_url), 

=INFO REPORT==== 1-Dec-2016::14:24:20 ===
           ts_search:(5:<0.230.0>) Dyn Var (RE): no Match (varname=created_news_id), 

=INFO REPORT==== 1-Dec-2016::14:24:20 ===
           ts_search:(5:<0.230.0>) Dyn Var (RE): no Match (varname=created_news_url), 

=INFO REPORT==== 1-Dec-2016::14:24:20 ===
           ts_search:(5:<0.387.0>) Dyn Var (RE): no Match (varname=created_news_id), 

=INFO REPORT==== 1-Dec-2016::14:24:20 ===
           ts_search:(5:<0.387.0>) Dyn Var (RE): no Match (varname=created_news_url), 

=INFO REPORT==== 1-Dec-2016::14:24:21 ===
           ts_search:(5:<0.406.0>) Dyn Var (RE): no Match (varname=created_news_id), 

=INFO REPORT==== 1-Dec-2016::14:24:21 ===
           ts_search:(5:<0.406.0>) Dyn Var (RE): no Match (varname=created_news_url), 

=INFO REPORT==== 1-Dec-2016::14:24:21 ===
           ts_search:(5:<0.403.0>) Dyn Var (RE): no Match (varname=created_news_id), 

=INFO REPORT==== 1-Dec-2016::14:24:21 ===
           ts_search:(5:<0.403.0>) Dyn Var (RE): no Match (varname=created_news_url), 

=INFO REPORT==== 1-Dec-2016::14:24:21 ===
           ts_search:(5:<0.199.0>) Dyn Var (RE): no Match (varname=created_news_id), 

=INFO REPORT==== 1-Dec-2016::14:24:21 ===
           ts_search:(5:<0.199.0>) Dyn Var (RE): no Match (varname=created_news_url), 

=INFO REPORT==== 1-Dec-2016::14:24:21 ===
           ts_search:(5:<0.439.0>) Dyn Var (RE): no Match (varname=created_news_id), 

=INFO REPORT==== 1-Dec-2016::14:24:21 ===
           ts_search:(5:<0.439.0>) Dyn Var (RE): no Match (varname=created_news_url), 

=INFO REPORT==== 1-Dec-2016::14:24:21 ===
           ts_search:(5:<0.516.0>) Dyn Var (RE): no Match (varname=created_news_id), 

=INFO REPORT==== 1-Dec-2016::14:24:21 ===
           ts_search:(5:<0.516.0>) Dyn Var (RE): no Match (varname=created_news_url), 

=INFO REPORT==== 1-Dec-2016::14:24:21 ===
           ts_search:(5:<0.331.0>) Dyn Var (RE): no Match (varname=created_news_id), 

=INFO REPORT==== 1-Dec-2016::14:24:21 ===
           ts_search:(5:<0.331.0>) Dyn Var (RE): no Match (varname=created_news_url), 

=INFO REPORT==== 1-Dec-2016::14:24:21 ===
           ts_search:(5:<0.391.0>) Dyn Var (RE): no Match (varname=created_news_id), 

=INFO REPORT==== 1-Dec-2016::14:24:21 ===
           ts_search:(5:<0.391.0>) Dyn Var (RE): no Match (varname=created_news_url), 

=INFO REPORT==== 1-Dec-2016::14:24:22 ===
           ts_search:(5:<0.463.0>) Dyn Var (RE): no Match (varname=created_news_id), 

=INFO REPORT==== 1-Dec-2016::14:24:22 ===
           ts_search:(5:<0.463.0>) Dyn Var (RE): no Match (varname=created_news_url), 

=INFO REPORT==== 1-Dec-2016::14:24:22 ===
           ts_search:(5:<0.313.0>) Dyn Var (RE): no Match (varname=created_news_id), 

=INFO REPORT==== 1-Dec-2016::14:24:22 ===
           ts_search:(5:<0.313.0>) Dyn Var (RE): no Match (varname=created_news_url), 

=INFO REPORT==== 1-Dec-2016::14:24:22 ===
           ts_search:(5:<0.384.0>) Dyn Var (RE): no Match (varname=created_news_id), 

=INFO REPORT==== 1-Dec-2016::14:24:22 ===
           ts_search:(5:<0.384.0>) Dyn Var (RE): no Match (varname=created_news_url), 

=INFO REPORT==== 1-Dec-2016::14:24:23 ===
           ts_search:(5:<0.365.0>) Dyn Var (RE): no Match (varname=created_news_id), 

=INFO REPORT==== 1-Dec-2016::14:24:23 ===
           ts_search:(5:<0.365.0>) Dyn Var (RE): no Match (varname=created_news_url), 

=INFO REPORT==== 1-Dec-2016::14:24:23 ===
           ts_search:(5:<0.424.0>) Dyn Var (RE): no Match (varname=created_news_id), 

=INFO REPORT==== 1-Dec-2016::14:24:23 ===
           ts_search:(5:<0.424.0>) Dyn Var (RE): no Match (varname=created_news_url), 

=INFO REPORT==== 1-Dec-2016::14:24:23 ===
           ts_search:(5:<0.413.0>) Dyn Var (RE): no Match (varname=created_news_id), 

=INFO REPORT==== 1-Dec-2016::14:24:23 ===
           ts_search:(5:<0.413.0>) Dyn Var (RE): no Match (varname=created_news_url), 

=INFO REPORT==== 1-Dec-2016::14:24:23 ===
           ts_search:(5:<0.307.0>) Dyn Var (RE): no Match (varname=created_news_id), 

=INFO REPORT==== 1-Dec-2016::14:24:23 ===
           ts_search:(5:<0.307.0>) Dyn Var (RE): no Match (varname=created_news_url), 

=INFO REPORT==== 1-Dec-2016::14:24:23 ===
           ts_search:(5:<0.438.0>) Dyn Var (RE): no Match (varname=created_news_id), 

=INFO REPORT==== 1-Dec-2016::14:24:23 ===
           ts_search:(5:<0.438.0>) Dyn Var (RE): no Match (varname=created_news_url), 

=INFO REPORT==== 1-Dec-2016::14:24:24 ===
           ts_search:(5:<0.255.0>) Dyn Var (RE): no Match (varname=created_news_id), 

=INFO REPORT==== 1-Dec-2016::14:24:24 ===
           ts_search:(5:<0.255.0>) Dyn Var (RE): no Match (varname=created_news_url), 

=INFO REPORT==== 1-Dec-2016::14:24:24 ===
           ts_search:(5:<0.487.0>) Dyn Var (RE): no Match (varname=created_news_id), 

=INFO REPORT==== 1-Dec-2016::14:24:24 ===
           ts_search:(5:<0.487.0>) Dyn Var (RE): no Match (varname=created_news_url), 

=INFO REPORT==== 1-Dec-2016::14:24:24 ===
           ts_search:(5:<0.373.0>) Dyn Var (RE): no Match (varname=created_news_id), 

=INFO REPORT==== 1-Dec-2016::14:24:24 ===
           ts_search:(5:<0.373.0>) Dyn Var (RE): no Match (varname=created_news_url), 

=INFO REPORT==== 1-Dec-2016::14:24:24 ===
           ts_search:(5:<0.324.0>) Dyn Var (RE): no Match (varname=created_news_id), 

=INFO REPORT==== 1-Dec-2016::14:24:24 ===
           ts_search:(5:<0.324.0>) Dyn Var (RE): no Match (varname=created_news_url), 

=INFO REPORT==== 1-Dec-2016::14:24:24 ===
           ts_search:(5:<0.273.0>) Dyn Var (RE): no Match (varname=created_news_id), 

=INFO REPORT==== 1-Dec-2016::14:24:24 ===
           ts_search:(5:<0.273.0>) Dyn Var (RE): no Match (varname=created_news_url), 

=INFO REPORT==== 1-Dec-2016::14:24:24 ===
           ts_search:(5:<0.360.0>) Dyn Var (RE): no Match (varname=created_news_id), 

=INFO REPORT==== 1-Dec-2016::14:24:24 ===
           ts_search:(5:<0.360.0>) Dyn Var (RE): no Match (varname=created_news_url), 

=INFO REPORT==== 1-Dec-2016::14:24:24 ===
           ts_search:(5:<0.316.0>) Dyn Var (RE): no Match (varname=created_news_id), 

=INFO REPORT==== 1-Dec-2016::14:24:24 ===
           ts_search:(5:<0.316.0>) Dyn Var (RE): no Match (varname=created_news_url), 

=INFO REPORT==== 1-Dec-2016::14:24:25 ===
           ts_search:(5:<0.402.0>) Dyn Var (RE): no Match (varname=created_news_id), 

=INFO REPORT==== 1-Dec-2016::14:24:25 ===
           ts_search:(5:<0.402.0>) Dyn Var (RE): no Match (varname=created_news_url), 

=INFO REPORT==== 1-Dec-2016::14:24:25 ===
           ts_search:(5:<0.379.0>) Dyn Var (RE): no Match (varname=created_news_id), 

=INFO REPORT==== 1-Dec-2016::14:24:25 ===
           ts_search:(5:<0.379.0>) Dyn Var (RE): no Match (varname=created_news_url), 

=INFO REPORT==== 1-Dec-2016::14:24:25 ===
           ts_search:(5:<0.449.0>) Dyn Var (RE): no Match (varname=created_news_id), 

=INFO REPORT==== 1-Dec-2016::14:24:25 ===
           ts_search:(5:<0.449.0>) Dyn Var (RE): no Match (varname=created_news_url), 

=INFO REPORT==== 1-Dec-2016::14:24:25 ===
           ts_search:(5:<0.428.0>) Dyn Var (RE): no Match (varname=created_news_id), 

=INFO REPORT==== 1-Dec-2016::14:24:25 ===
           ts_search:(5:<0.428.0>) Dyn Var (RE): no Match (varname=created_news_url), 

=INFO REPORT==== 1-Dec-2016::14:24:25 ===
           ts_search:(5:<0.206.0>) Dyn Var (RE): no Match (varname=created_news_id), 

=INFO REPORT==== 1-Dec-2016::14:24:25 ===
           ts_search:(5:<0.206.0>) Dyn Var (RE): no Match (varname=created_news_url), 

=INFO REPORT==== 1-Dec-2016::14:24:25 ===
           ts_search:(5:<0.381.0>) Dyn Var (RE): no Match (varname=created_news_id), 

=INFO REPORT==== 1-Dec-2016::14:24:25 ===
           ts_search:(5:<0.381.0>) Dyn Var (RE): no Match (varname=created_news_url), 

=INFO REPORT==== 1-Dec-2016::14:24:25 ===
           ts_search:(5:<0.467.0>) Dyn Var (RE): no Match (varname=created_news_id), 

=INFO REPORT==== 1-Dec-2016::14:24:25 ===
           ts_search:(5:<0.467.0>) Dyn Var (RE): no Match (varname=created_news_url), 

=INFO REPORT==== 1-Dec-2016::14:24:25 ===
           ts_search:(5:<0.213.0>) Dyn Var (RE): no Match (varname=created_news_id), 

=INFO REPORT==== 1-Dec-2016::14:24:25 ===
           ts_search:(5:<0.213.0>) Dyn Var (RE): no Match (varname=created_news_url), 

=INFO REPORT==== 1-Dec-2016::14:24:25 ===
           ts_search:(5:<0.427.0>) Dyn Var (RE): no Match (varname=created_news_id), 

=INFO REPORT==== 1-Dec-2016::14:24:25 ===
           ts_search:(5:<0.427.0>) Dyn Var (RE): no Match (varname=created_news_url), 

=INFO REPORT==== 1-Dec-2016::14:24:26 ===
           ts_search:(5:<0.344.0>) Dyn Var (RE): no Match (varname=created_news_id), 

=INFO REPORT==== 1-Dec-2016::14:24:26 ===
           ts_search:(5:<0.344.0>) Dyn Var (RE): no Match (varname=created_news_url), 

=INFO REPORT==== 1-Dec-2016::14:24:26 ===
           ts_search:(5:<0.323.0>) Dyn Var (RE): no Match (varname=created_news_id), 

=INFO REPORT==== 1-Dec-2016::14:24:26 ===
           ts_search:(5:<0.323.0>) Dyn Var (RE): no Match (varname=created_news_url), 

=INFO REPORT==== 1-Dec-2016::14:24:26 ===
           ts_search:(5:<0.308.0>) Dyn Var (RE): no Match (varname=created_news_id), 

=INFO REPORT==== 1-Dec-2016::14:24:26 ===
           ts_search:(5:<0.308.0>) Dyn Var (RE): no Match (varname=created_news_url), 

=INFO REPORT==== 1-Dec-2016::14:24:26 ===
           ts_search:(5:<0.296.0>) Dyn Var (RE): no Match (varname=created_news_id), 

=INFO REPORT==== 1-Dec-2016::14:24:26 ===
           ts_search:(5:<0.296.0>) Dyn Var (RE): no Match (varname=created_news_url), 

=INFO REPORT==== 1-Dec-2016::14:24:26 ===
           ts_search:(5:<0.431.0>) Dyn Var (RE): no Match (varname=created_news_id), 

=INFO REPORT==== 1-Dec-2016::14:24:26 ===
           ts_search:(5:<0.431.0>) Dyn Var (RE): no Match (varname=created_news_url), 

=INFO REPORT==== 1-Dec-2016::14:24:26 ===
           ts_search:(5:<0.426.0>) Dyn Var (RE): no Match (varname=created_news_id), 

=INFO REPORT==== 1-Dec-2016::14:24:26 ===
           ts_search:(5:<0.426.0>) Dyn Var (RE): no Match (varname=created_news_url), 

=INFO REPORT==== 1-Dec-2016::14:24:26 ===
           ts_search:(5:<0.208.0>) Dyn Var (RE): no Match (varname=created_news_id), 

=INFO REPORT==== 1-Dec-2016::14:24:26 ===
           ts_search:(5:<0.208.0>) Dyn Var (RE): no Match (varname=created_news_url), 

=INFO REPORT==== 1-Dec-2016::14:24:26 ===
           ts_search:(5:<0.444.0>) Dyn Var (RE): no Match (varname=created_news_id), 

=INFO REPORT==== 1-Dec-2016::14:24:26 ===
           ts_search:(5:<0.444.0>) Dyn Var (RE): no Match (varname=created_news_url), 

=INFO REPORT==== 1-Dec-2016::14:24:26 ===
           ts_search:(5:<0.476.0>) Dyn Var (RE): no Match (varname=created_news_id), 

=INFO REPORT==== 1-Dec-2016::14:24:26 ===
           ts_search:(5:<0.476.0>) Dyn Var (RE): no Match (varname=created_news_url), 

=INFO REPORT==== 1-Dec-2016::14:24:27 ===
           ts_search:(5:<0.305.0>) Dyn Var (RE): no Match (varname=created_news_id), 

=INFO REPORT==== 1-Dec-2016::14:24:27 ===
           ts_search:(5:<0.305.0>) Dyn Var (RE): no Match (varname=created_news_url), 

=INFO REPORT==== 1-Dec-2016::14:24:27 ===
           ts_search:(5:<0.272.0>) Dyn Var (RE): no Match (varname=created_news_id), 

=INFO REPORT==== 1-Dec-2016::14:24:27 ===
           ts_search:(5:<0.272.0>) Dyn Var (RE): no Match (varname=created_news_url), 

=INFO REPORT==== 1-Dec-2016::14:24:27 ===
           ts_search:(5:<0.394.0>) Dyn Var (RE): no Match (varname=created_news_id), 

=INFO REPORT==== 1-Dec-2016::14:24:27 ===
           ts_search:(5:<0.394.0>) Dyn Var (RE): no Match (varname=created_news_url), 

=INFO REPORT==== 1-Dec-2016::14:24:27 ===
           ts_search:(5:<0.304.0>) Dyn Var (RE): no Match (varname=created_news_id), 

=INFO REPORT==== 1-Dec-2016::14:24:27 ===
           ts_search:(5:<0.304.0>) Dyn Var (RE): no Match (varname=created_news_url), 

=INFO REPORT==== 1-Dec-2016::14:24:27 ===
           ts_search:(5:<0.226.0>) Dyn Var (RE): no Match (varname=created_news_id), 

=INFO REPORT==== 1-Dec-2016::14:24:27 ===
           ts_search:(5:<0.226.0>) Dyn Var (RE): no Match (varname=created_news_url), 

=INFO REPORT==== 1-Dec-2016::14:24:27 ===
           ts_search:(5:<0.442.0>) Dyn Var (RE): no Match (varname=created_news_id), 

=INFO REPORT==== 1-Dec-2016::14:24:27 ===
           ts_search:(5:<0.442.0>) Dyn Var (RE): no Match (varname=created_news_url), 

=INFO REPORT==== 1-Dec-2016::14:24:27 ===
           ts_search:(5:<0.485.0>) Dyn Var (RE): no Match (varname=created_news_id), 

=INFO REPORT==== 1-Dec-2016::14:24:27 ===
           ts_search:(5:<0.485.0>) Dyn Var (RE): no Match (varname=created_news_url), 

=INFO REPORT==== 1-Dec-2016::14:24:27 ===
           ts_search:(5:<0.231.0>) Dyn Var (RE): no Match (varname=created_news_id), 

=INFO REPORT==== 1-Dec-2016::14:24:27 ===
           ts_search:(5:<0.231.0>) Dyn Var (RE): no Match (varname=created_news_url), 

=INFO REPORT==== 1-Dec-2016::14:24:28 ===
           ts_search:(5:<0.538.0>) Dyn Var (RE): no Match (varname=created_news_id), 

=INFO REPORT==== 1-Dec-2016::14:24:28 ===
           ts_search:(5:<0.538.0>) Dyn Var (RE): no Match (varname=created_news_url), 

=INFO REPORT==== 1-Dec-2016::14:24:28 ===
           ts_search:(5:<0.519.0>) Dyn Var (RE): no Match (varname=created_news_id), 

=INFO REPORT==== 1-Dec-2016::14:24:28 ===
           ts_search:(5:<0.519.0>) Dyn Var (RE): no Match (varname=created_news_url), 

=INFO REPORT==== 1-Dec-2016::14:24:28 ===
           ts_search:(5:<0.541.0>) Dyn Var (RE): no Match (varname=created_news_id), 

=INFO REPORT==== 1-Dec-2016::14:24:28 ===
           ts_search:(5:<0.541.0>) Dyn Var (RE): no Match (varname=created_news_url), 

=INFO REPORT==== 1-Dec-2016::14:24:28 ===
           ts_search:(5:<0.455.0>) Dyn Var (RE): no Match (varname=created_news_id), 

=INFO REPORT==== 1-Dec-2016::14:24:28 ===
           ts_search:(5:<0.455.0>) Dyn Var (RE): no Match (varname=created_news_url), 

=INFO REPORT==== 1-Dec-2016::14:24:28 ===
           ts_search:(5:<0.329.0>) Dyn Var (RE): no Match (varname=created_news_id), 

=INFO REPORT==== 1-Dec-2016::14:24:28 ===
           ts_search:(5:<0.329.0>) Dyn Var (RE): no Match (varname=created_news_url), 

=INFO REPORT==== 1-Dec-2016::14:24:28 ===
           ts_search:(5:<0.219.0>) Dyn Var (RE): no Match (varname=created_news_id), 

=INFO REPORT==== 1-Dec-2016::14:24:28 ===
           ts_search:(5:<0.219.0>) Dyn Var (RE): no Match (varname=created_news_url), 

=INFO REPORT==== 1-Dec-2016::14:24:29 ===
           ts_search:(5:<0.203.0>) Dyn Var (RE): no Match (varname=created_news_id), 

=INFO REPORT==== 1-Dec-2016::14:24:29 ===
           ts_search:(5:<0.203.0>) Dyn Var (RE): no Match (varname=created_news_url), 

=INFO REPORT==== 1-Dec-2016::14:24:29 ===
           ts_search:(5:<0.430.0>) Dyn Var (RE): no Match (varname=created_news_id), 

=INFO REPORT==== 1-Dec-2016::14:24:29 ===
           ts_search:(5:<0.430.0>) Dyn Var (RE): no Match (varname=created_news_url), 

=INFO REPORT==== 1-Dec-2016::14:24:29 ===
           ts_search:(5:<0.359.0>) Dyn Var (RE): no Match (varname=created_news_id), 

=INFO REPORT==== 1-Dec-2016::14:24:29 ===
           ts_search:(5:<0.359.0>) Dyn Var (RE): no Match (varname=created_news_url), 

=INFO REPORT==== 1-Dec-2016::14:24:29 ===
           ts_search:(5:<0.528.0>) Dyn Var (RE): no Match (varname=created_news_id), 

=INFO REPORT==== 1-Dec-2016::14:24:29 ===
           ts_search:(5:<0.528.0>) Dyn Var (RE): no Match (varname=created_news_url), 

=INFO REPORT==== 1-Dec-2016::14:24:29 ===
           ts_search:(5:<0.326.0>) Dyn Var (RE): no Match (varname=created_news_id), 

=INFO REPORT==== 1-Dec-2016::14:24:29 ===
           ts_search:(5:<0.326.0>) Dyn Var (RE): no Match (varname=created_news_url), 

=INFO REPORT==== 1-Dec-2016::14:24:29 ===
           ts_search:(5:<0.535.0>) Dyn Var (RE): no Match (varname=created_news_id), 

=INFO REPORT==== 1-Dec-2016::14:24:29 ===
           ts_search:(5:<0.535.0>) Dyn Var (RE): no Match (varname=created_news_url), 

=INFO REPORT==== 1-Dec-2016::14:24:29 ===
           ts_search:(5:<0.520.0>) Dyn Var (RE): no Match (varname=created_news_id), 

=INFO REPORT==== 1-Dec-2016::14:24:29 ===
           ts_search:(5:<0.520.0>) Dyn Var (RE): no Match (varname=created_news_url), 

=INFO REPORT==== 1-Dec-2016::14:24:29 ===
           ts_search:(5:<0.369.0>) Dyn Var (RE): no Match (varname=created_news_id), 

=INFO REPORT==== 1-Dec-2016::14:24:29 ===
           ts_search:(5:<0.369.0>) Dyn Var (RE): no Match (varname=created_news_url), 

=INFO REPORT==== 1-Dec-2016::14:24:29 ===
           ts_search:(5:<0.529.0>) Dyn Var (RE): no Match (varname=created_news_id), 

=INFO REPORT==== 1-Dec-2016::14:24:29 ===
           ts_search:(5:<0.529.0>) Dyn Var (RE): no Match (varname=created_news_url), 

=INFO REPORT==== 1-Dec-2016::14:24:29 ===
           ts_search:(5:<0.490.0>) Dyn Var (RE): no Match (varname=created_news_id), 

=INFO REPORT==== 1-Dec-2016::14:24:29 ===
           ts_search:(5:<0.490.0>) Dyn Var (RE): no Match (varname=created_news_url), 

=INFO REPORT==== 1-Dec-2016::14:24:30 ===
           ts_search:(5:<0.322.0>) Dyn Var (RE): no Match (varname=created_news_id), 

=INFO REPORT==== 1-Dec-2016::14:24:30 ===
           ts_search:(5:<0.322.0>) Dyn Var (RE): no Match (varname=created_news_url), 

=INFO REPORT==== 1-Dec-2016::14:24:30 ===
           ts_search:(5:<0.268.0>) Dyn Var (RE): no Match (varname=created_news_id), 

=INFO REPORT==== 1-Dec-2016::14:24:30 ===
           ts_search:(5:<0.268.0>) Dyn Var (RE): no Match (varname=created_news_url), 

=INFO REPORT==== 1-Dec-2016::14:24:30 ===
           ts_search:(5:<0.262.0>) Dyn Var (RE): no Match (varname=created_news_id), 

=INFO REPORT==== 1-Dec-2016::14:24:30 ===
           ts_search:(5:<0.262.0>) Dyn Var (RE): no Match (varname=created_news_url), 

=INFO REPORT==== 1-Dec-2016::14:24:30 ===
           ts_search:(5:<0.532.0>) Dyn Var (RE): no Match (varname=created_news_id), 

=INFO REPORT==== 1-Dec-2016::14:24:30 ===
           ts_search:(5:<0.532.0>) Dyn Var (RE): no Match (varname=created_news_url), 

=INFO REPORT==== 1-Dec-2016::14:24:30 ===
           ts_search:(5:<0.367.0>) Dyn Var (RE): no Match (varname=created_news_id), 

=INFO REPORT==== 1-Dec-2016::14:24:30 ===
           ts_search:(5:<0.367.0>) Dyn Var (RE): no Match (varname=created_news_url), 

=INFO REPORT==== 1-Dec-2016::14:24:30 ===
           ts_search:(5:<0.422.0>) Dyn Var (RE): no Match (varname=created_news_id), 

=INFO REPORT==== 1-Dec-2016::14:24:30 ===
           ts_search:(5:<0.422.0>) Dyn Var (RE): no Match (varname=created_news_url), 

=INFO REPORT==== 1-Dec-2016::14:24:30 ===
           ts_search:(5:<0.498.0>) Dyn Var (RE): no Match (varname=created_news_id), 

=INFO REPORT==== 1-Dec-2016::14:24:30 ===
           ts_search:(5:<0.498.0>) Dyn Var (RE): no Match (varname=created_news_url), 

=INFO REPORT==== 1-Dec-2016::14:24:30 ===
           ts_search:(5:<0.408.0>) Dyn Var (RE): no Match (varname=created_news_id), 

=INFO REPORT==== 1-Dec-2016::14:24:30 ===
           ts_search:(5:<0.408.0>) Dyn Var (RE): no Match (varname=created_news_url), 

=INFO REPORT==== 1-Dec-2016::14:24:30 ===
           ts_search:(5:<0.375.0>) Dyn Var (RE): no Match (varname=created_news_id), 

=INFO REPORT==== 1-Dec-2016::14:24:30 ===
           ts_search:(5:<0.375.0>) Dyn Var (RE): no Match (varname=created_news_url), 

=INFO REPORT==== 1-Dec-2016::14:24:30 ===
           ts_search:(5:<0.500.0>) Dyn Var (RE): no Match (varname=created_news_id), 

=INFO REPORT==== 1-Dec-2016::14:24:30 ===
           ts_search:(5:<0.500.0>) Dyn Var (RE): no Match (varname=created_news_url), 

=INFO REPORT==== 1-Dec-2016::14:24:31 ===
           ts_search:(5:<0.435.0>) Dyn Var (RE): no Match (varname=created_news_id), 

=INFO REPORT==== 1-Dec-2016::14:24:31 ===
           ts_search:(5:<0.435.0>) Dyn Var (RE): no Match (varname=created_news_url), 

=INFO REPORT==== 1-Dec-2016::14:24:31 ===
           ts_search:(5:<0.544.0>) Dyn Var (RE): no Match (varname=created_news_id), 

=INFO REPORT==== 1-Dec-2016::14:24:31 ===
           ts_search:(5:<0.544.0>) Dyn Var (RE): no Match (varname=created_news_url), 

=INFO REPORT==== 1-Dec-2016::14:24:32 ===
           ts_search:(5:<0.385.0>) Dyn Var (RE): no Match (varname=created_news_id), 

=INFO REPORT==== 1-Dec-2016::14:24:32 ===
           ts_search:(5:<0.385.0>) Dyn Var (RE): no Match (varname=created_news_url), 

=INFO REPORT==== 1-Dec-2016::14:24:32 ===
           ts_search:(5:<0.567.0>) Dyn Var (RE): no Match (varname=created_news_id), 

=INFO REPORT==== 1-Dec-2016::14:24:32 ===
           ts_search:(5:<0.567.0>) Dyn Var (RE): no Match (varname=created_news_url), 

=INFO REPORT==== 1-Dec-2016::14:24:33 ===
           ts_search:(5:<0.349.0>) Dyn Var (RE): no Match (varname=created_news_id), 

=INFO REPORT==== 1-Dec-2016::14:24:33 ===
           ts_search:(5:<0.349.0>) Dyn Var (RE): no Match (varname=created_news_url), 

=INFO REPORT==== 1-Dec-2016::14:24:33 ===
           ts_search:(5:<0.318.0>) Dyn Var (RE): no Match (varname=created_news_id), 

=INFO REPORT==== 1-Dec-2016::14:24:33 ===
           ts_search:(5:<0.318.0>) Dyn Var (RE): no Match (varname=created_news_url), 

=INFO REPORT==== 1-Dec-2016::14:24:33 ===
           ts_search:(5:<0.347.0>) Dyn Var (RE): no Match (varname=created_news_id), 

=INFO REPORT==== 1-Dec-2016::14:24:33 ===
           ts_search:(5:<0.347.0>) Dyn Var (RE): no Match (varname=created_news_url), 

=INFO REPORT==== 1-Dec-2016::14:24:33 ===
           ts_search:(5:<0.556.0>) Dyn Var (RE): no Match (varname=created_news_id), 

=INFO REPORT==== 1-Dec-2016::14:24:33 ===
           ts_search:(5:<0.556.0>) Dyn Var (RE): no Match (varname=created_news_url), 

=INFO REPORT==== 1-Dec-2016::14:24:33 ===
           ts_search:(5:<0.436.0>) Dyn Var (RE): no Match (varname=created_news_id), 

=INFO REPORT==== 1-Dec-2016::14:24:33 ===
           ts_search:(5:<0.436.0>) Dyn Var (RE): no Match (varname=created_news_url), 

=INFO REPORT==== 1-Dec-2016::14:24:33 ===
           ts_search:(5:<0.346.0>) Dyn Var (RE): no Match (varname=created_news_id), 

=INFO REPORT==== 1-Dec-2016::14:24:33 ===
           ts_search:(5:<0.346.0>) Dyn Var (RE): no Match (varname=created_news_url), 

=INFO REPORT==== 1-Dec-2016::14:24:33 ===
           ts_search:(5:<0.374.0>) Dyn Var (RE): no Match (varname=created_news_id), 

=INFO REPORT==== 1-Dec-2016::14:24:33 ===
           ts_search:(5:<0.374.0>) Dyn Var (RE): no Match (varname=created_news_url), 

=INFO REPORT==== 1-Dec-2016::14:24:34 ===
           ts_search:(5:<0.562.0>) Dyn Var (RE): no Match (varname=created_news_id), 

=INFO REPORT==== 1-Dec-2016::14:24:34 ===
           ts_search:(5:<0.562.0>) Dyn Var (RE): no Match (varname=created_news_url), 

=INFO REPORT==== 1-Dec-2016::14:24:34 ===
           ts_search:(5:<0.405.0>) Dyn Var (RE): no Match (varname=created_news_id), 

=INFO REPORT==== 1-Dec-2016::14:24:34 ===
           ts_search:(5:<0.405.0>) Dyn Var (RE): no Match (varname=created_news_url), 

=INFO REPORT==== 1-Dec-2016::14:24:34 ===
           ts_search:(5:<0.355.0>) Dyn Var (RE): no Match (varname=created_news_id), 

=INFO REPORT==== 1-Dec-2016::14:24:34 ===
           ts_search:(5:<0.355.0>) Dyn Var (RE): no Match (varname=created_news_url), 

=INFO REPORT==== 1-Dec-2016::14:24:34 ===
           ts_search:(5:<0.534.0>) Dyn Var (RE): no Match (varname=created_news_id), 

=INFO REPORT==== 1-Dec-2016::14:24:34 ===
           ts_search:(5:<0.534.0>) Dyn Var (RE): no Match (varname=created_news_url), 

=INFO REPORT==== 1-Dec-2016::14:24:34 ===
           ts_search:(5:<0.321.0>) Dyn Var (RE): no Match (varname=created_news_id), 

=INFO REPORT==== 1-Dec-2016::14:24:34 ===
           ts_search:(5:<0.321.0>) Dyn Var (RE): no Match (varname=created_news_url), 

=INFO REPORT==== 1-Dec-2016::14:24:34 ===
           ts_search:(5:<0.522.0>) Dyn Var (RE): no Match (varname=created_news_id), 

=INFO REPORT==== 1-Dec-2016::14:24:34 ===
           ts_search:(5:<0.522.0>) Dyn Var (RE): no Match (varname=created_news_url), 

=INFO REPORT==== 1-Dec-2016::14:24:34 ===
           ts_search:(5:<0.574.0>) Dyn Var (RE): no Match (varname=created_news_id), 

=INFO REPORT==== 1-Dec-2016::14:24:34 ===
           ts_search:(5:<0.574.0>) Dyn Var (RE): no Match (varname=created_news_url), 

=INFO REPORT==== 1-Dec-2016::14:24:34 ===
           ts_search:(5:<0.414.0>) Dyn Var (RE): no Match (varname=created_news_id), 

=INFO REPORT==== 1-Dec-2016::14:24:34 ===
           ts_search:(5:<0.414.0>) Dyn Var (RE): no Match (varname=created_news_url), 

=INFO REPORT==== 1-Dec-2016::14:24:34 ===
           ts_search:(5:<0.515.0>) Dyn Var (RE): no Match (varname=created_news_id), 

=INFO REPORT==== 1-Dec-2016::14:24:34 ===
           ts_search:(5:<0.515.0>) Dyn Var (RE): no Match (varname=created_news_url), 

=INFO REPORT==== 1-Dec-2016::14:24:34 ===
           ts_search:(5:<0.280.0>) Dyn Var (RE): no Match (varname=created_news_id), 

=INFO REPORT==== 1-Dec-2016::14:24:34 ===
           ts_search:(5:<0.280.0>) Dyn Var (RE): no Match (varname=created_news_url), 

=INFO REPORT==== 1-Dec-2016::14:24:34 ===
           ts_search:(5:<0.314.0>) Dyn Var (RE): no Match (varname=created_news_id), 

=INFO REPORT==== 1-Dec-2016::14:24:34 ===
           ts_search:(5:<0.314.0>) Dyn Var (RE): no Match (varname=created_news_url), 

=INFO REPORT==== 1-Dec-2016::14:24:34 ===
           ts_search:(5:<0.543.0>) Dyn Var (RE): no Match (varname=created_news_id), 

=INFO REPORT==== 1-Dec-2016::14:24:34 ===
           ts_search:(5:<0.543.0>) Dyn Var (RE): no Match (varname=created_news_url), 

=INFO REPORT==== 1-Dec-2016::14:24:35 ===
           ts_search:(5:<0.223.0>) Dyn Var (RE): no Match (varname=created_news_id), 

=INFO REPORT==== 1-Dec-2016::14:24:35 ===
           ts_search:(5:<0.223.0>) Dyn Var (RE): no Match (varname=created_news_url), 

=INFO REPORT==== 1-Dec-2016::14:24:35 ===
           ts_search:(5:<0.553.0>) Dyn Var (RE): no Match (varname=created_news_id), 

=INFO REPORT==== 1-Dec-2016::14:24:35 ===
           ts_search:(5:<0.553.0>) Dyn Var (RE): no Match (varname=created_news_url), 

=INFO REPORT==== 1-Dec-2016::14:24:35 ===
           ts_search:(5:<0.466.0>) Dyn Var (RE): no Match (varname=created_news_id), 

=INFO REPORT==== 1-Dec-2016::14:24:35 ===
           ts_search:(5:<0.466.0>) Dyn Var (RE): no Match (varname=created_news_url), 

=INFO REPORT==== 1-Dec-2016::14:24:35 ===
           ts_search:(5:<0.483.0>) Dyn Var (RE): no Match (varname=created_news_id), 

=INFO REPORT==== 1-Dec-2016::14:24:35 ===
           ts_search:(5:<0.483.0>) Dyn Var (RE): no Match (varname=created_news_url), 

=INFO REPORT==== 1-Dec-2016::14:24:35 ===
           ts_search:(5:<0.327.0>) Dyn Var (RE): no Match (varname=created_news_id), 

=INFO REPORT==== 1-Dec-2016::14:24:35 ===
           ts_search:(5:<0.327.0>) Dyn Var (RE): no Match (varname=created_news_url), 

=INFO REPORT==== 1-Dec-2016::14:24:36 ===
           ts_search:(5:<0.401.0>) Dyn Var (RE): no Match (varname=created_news_id), 

=INFO REPORT==== 1-Dec-2016::14:24:36 ===
           ts_search:(5:<0.401.0>) Dyn Var (RE): no Match (varname=created_news_url), 

=INFO REPORT==== 1-Dec-2016::14:24:36 ===
           ts_search:(5:<0.505.0>) Dyn Var (RE): no Match (varname=created_news_id), 

=INFO REPORT==== 1-Dec-2016::14:24:36 ===
           ts_search:(5:<0.505.0>) Dyn Var (RE): no Match (varname=created_news_url), 

=INFO REPORT==== 1-Dec-2016::14:24:37 ===
           ts_search:(5:<0.470.0>) Dyn Var (RE): no Match (varname=created_news_id), 

=INFO REPORT==== 1-Dec-2016::14:24:37 ===
           ts_search:(5:<0.470.0>) Dyn Var (RE): no Match (varname=created_news_url), 

=INFO REPORT==== 1-Dec-2016::14:24:37 ===
           ts_search:(5:<0.517.0>) Dyn Var (RE): no Match (varname=created_news_id), 

=INFO REPORT==== 1-Dec-2016::14:24:37 ===
           ts_search:(5:<0.517.0>) Dyn Var (RE): no Match (varname=created_news_url), 

=INFO REPORT==== 1-Dec-2016::14:24:37 ===
           ts_search:(5:<0.514.0>) Dyn Var (RE): no Match (varname=created_news_id), 

=INFO REPORT==== 1-Dec-2016::14:24:37 ===
           ts_search:(5:<0.514.0>) Dyn Var (RE): no Match (varname=created_news_url), 

=INFO REPORT==== 1-Dec-2016::14:24:37 ===
           ts_search:(5:<0.241.0>) Dyn Var (RE): no Match (varname=created_news_id), 

=INFO REPORT==== 1-Dec-2016::14:24:37 ===
           ts_search:(5:<0.241.0>) Dyn Var (RE): no Match (varname=created_news_url), 

=INFO REPORT==== 1-Dec-2016::14:24:38 ===
           ts_search:(5:<0.565.0>) Dyn Var (RE): no Match (varname=created_news_id), 

=INFO REPORT==== 1-Dec-2016::14:24:38 ===
           ts_search:(5:<0.565.0>) Dyn Var (RE): no Match (varname=created_news_url), 

=INFO REPORT==== 1-Dec-2016::14:24:38 ===
           ts_search:(5:<0.265.0>) Dyn Var (RE): no Match (varname=created_news_id), 

=INFO REPORT==== 1-Dec-2016::14:24:38 ===
           ts_search:(5:<0.265.0>) Dyn Var (RE): no Match (varname=created_news_url), 

=INFO REPORT==== 1-Dec-2016::14:24:38 ===
           ts_search:(5:<0.239.0>) Dyn Var (RE): no Match (varname=created_news_id), 

=INFO REPORT==== 1-Dec-2016::14:24:38 ===
           ts_search:(5:<0.239.0>) Dyn Var (RE): no Match (varname=created_news_url), 

=INFO REPORT==== 1-Dec-2016::14:24:38 ===
           ts_search:(5:<0.174.0>) Dyn Var (RE): no Match (varname=created_news_id), 

=INFO REPORT==== 1-Dec-2016::14:24:38 ===
           ts_search:(5:<0.174.0>) Dyn Var (RE): no Match (varname=created_news_url), 

=INFO REPORT==== 1-Dec-2016::14:24:42 ===
           ts_search:(5:<0.551.0>) Dyn Var (RE): no Match (varname=created_news_id), 

=INFO REPORT==== 1-Dec-2016::14:24:42 ===
           ts_search:(5:<0.551.0>) Dyn Var (RE): no Match (varname=created_news_url), 

=INFO REPORT==== 1-Dec-2016::14:24:42 ===
           ts_search:(5:<0.581.0>) Dyn Var (RE): no Match (varname=created_news_id), 

=INFO REPORT==== 1-Dec-2016::14:24:42 ===
           ts_search:(5:<0.581.0>) Dyn Var (RE): no Match (varname=created_news_url), 

=INFO REPORT==== 1-Dec-2016::14:24:42 ===
           ts_search:(5:<0.512.0>) Dyn Var (RE): no Match (varname=created_news_id), 

=INFO REPORT==== 1-Dec-2016::14:24:42 ===
           ts_search:(5:<0.512.0>) Dyn Var (RE): no Match (varname=created_news_url), 

=INFO REPORT==== 1-Dec-2016::14:24:43 ===
           ts_search:(5:<0.527.0>) Dyn Var (RE): no Match (varname=created_news_id), 

=INFO REPORT==== 1-Dec-2016::14:24:43 ===
           ts_search:(5:<0.527.0>) Dyn Var (RE): no Match (varname=created_news_url), 

=INFO REPORT==== 1-Dec-2016::14:24:43 ===
           ts_search:(5:<0.396.0>) Dyn Var (RE): no Match (varname=created_news_id), 

=INFO REPORT==== 1-Dec-2016::14:24:43 ===
           ts_search:(5:<0.396.0>) Dyn Var (RE): no Match (varname=created_news_url), 

=INFO REPORT==== 1-Dec-2016::14:24:43 ===
           ts_search:(5:<0.411.0>) Dyn Var (RE): no Match (varname=created_news_id), 

=INFO REPORT==== 1-Dec-2016::14:24:43 ===
           ts_search:(5:<0.411.0>) Dyn Var (RE): no Match (varname=created_news_url), 

=INFO REPORT==== 1-Dec-2016::14:24:43 ===
           ts_search:(5:<0.448.0>) Dyn Var (RE): no Match (varname=created_news_id), 

=INFO REPORT==== 1-Dec-2016::14:24:43 ===
           ts_search:(5:<0.448.0>) Dyn Var (RE): no Match (varname=created_news_url), 

=INFO REPORT==== 1-Dec-2016::14:24:43 ===
           ts_search:(5:<0.492.0>) Dyn Var (RE): no Match (varname=created_news_id), 

=INFO REPORT==== 1-Dec-2016::14:24:43 ===
           ts_search:(5:<0.492.0>) Dyn Var (RE): no Match (varname=created_news_url), 

=INFO REPORT==== 1-Dec-2016::14:24:43 ===
           ts_search:(5:<0.358.0>) Dyn Var (RE): no Match (varname=created_news_id), 

=INFO REPORT==== 1-Dec-2016::14:24:43 ===
           ts_search:(5:<0.358.0>) Dyn Var (RE): no Match (varname=created_news_url), 

=INFO REPORT==== 1-Dec-2016::14:24:43 ===
           ts_search:(5:<0.495.0>) Dyn Var (RE): no Match (varname=created_news_id), 

=INFO REPORT==== 1-Dec-2016::14:24:43 ===
           ts_search:(5:<0.495.0>) Dyn Var (RE): no Match (varname=created_news_url), 

=INFO REPORT==== 1-Dec-2016::14:24:43 ===
           ts_search:(5:<0.459.0>) Dyn Var (RE): no Match (varname=created_news_id), 

=INFO REPORT==== 1-Dec-2016::14:24:43 ===
           ts_search:(5:<0.459.0>) Dyn Var (RE): no Match (varname=created_news_url), 

=INFO REPORT==== 1-Dec-2016::14:24:43 ===
           ts_search:(5:<0.397.0>) Dyn Var (RE): no Match (varname=created_news_id), 

=INFO REPORT==== 1-Dec-2016::14:24:43 ===
           ts_search:(5:<0.397.0>) Dyn Var (RE): no Match (varname=created_news_url), 

=INFO REPORT==== 1-Dec-2016::14:24:44 ===
           ts_search:(5:<0.542.0>) Dyn Var (RE): no Match (varname=created_news_id), 

=INFO REPORT==== 1-Dec-2016::14:24:44 ===
           ts_search:(5:<0.542.0>) Dyn Var (RE): no Match (varname=created_news_url), 

=INFO REPORT==== 1-Dec-2016::14:24:44 ===
           ts_search:(5:<0.491.0>) Dyn Var (RE): no Match (varname=created_news_id), 

=INFO REPORT==== 1-Dec-2016::14:24:44 ===
           ts_search:(5:<0.491.0>) Dyn Var (RE): no Match (varname=created_news_url), 

=INFO REPORT==== 1-Dec-2016::14:25:34 ===
     ts_launcher_mgr:(5:<0.106.0>) No more active users 'tsung_controller@ip-172-31-13-122' "537"

=INFO REPORT==== 1-Dec-2016::14:25:35 ===
              ts_mon:(5:<0.56.0>) stopping monitor (normal)
