# stats: dump at 1480607201
stats: users 8 8
stats: {freemem,"tsung_controller@ip-172-31-13-122"} 1 3155.2890625 0 3155.2890625 3155.2890625 0 0
stats: {load,"tsung_controller@ip-172-31-13-122"} 1 0.0 0 0.0 0.0 0 0
stats: {cpu,"tsung_controller@ip-172-31-13-122"} 1 2.600676502103666 0 2.600676502103666 2.600676502103666 0 0
stats: users_count 8 8
stats: finish_users_count 0 0
stats: request 13 54.24737079326923 48.73407258842596 181.166015625 10.407958984375 0 0
stats: connect 5 35.92236328125 67.86564963956378 171.640869140625 1.303955078125 0 0
stats: page 13 54.24737079326923 48.73407258842596 181.166015625 10.407958984375 0 0
stats: 200 13 13
stats: size_rcv 1162121 1162121
stats: size_sent 8184 8184
stats: connected 5 5
# stats: dump at 1480607211
stats: users 15 15
stats: {freemem,"tsung_controller@ip-172-31-13-122"} 1 3155.9296875 0.0 3155.9296875 3155.2890625 3155.2890625 1
stats: {load,"tsung_controller@ip-172-31-13-122"} 1 0.0 0.0 0.0 0.0 0.0 1
stats: {recvpackets,"tsung_controller@ip-172-31-13-122"} 1 911 0 911 911 0 0
stats: {sentpackets,"tsung_controller@ip-172-31-13-122"} 1 549 0 549 549 0 0
stats: {cpu,"tsung_controller@ip-172-31-13-122"} 1 2.549019607843137 0.0 2.600676502103666 2.549019607843137 2.600676502103666 1
stats: users_count 7 15
stats: finish_users_count 0 0
stats: request 46 664.4310461956521 1297.8406800529297 4980.445068359375 9.77880859375 54.24737079326923 13
stats: connect 9 1.2870279947916667 0.13434317160108672 171.640869140625 1.02099609375 35.92236328125 5
stats: page 46 664.4310461956521 1297.8406800529297 4980.445068359375 9.77880859375 54.24737079326923 13
stats: 200 46 59
stats: size_rcv 7083113 8245234
stats: size_sent 27475 35659
stats: connected 9 14
# stats: dump at 1480607221
stats: users 30 30
stats: {freemem,"tsung_controller@ip-172-31-13-122"} 1 3154.25 0.0 3155.9296875 3154.25 3155.609375 2
stats: {load,"tsung_controller@ip-172-31-13-122"} 1 0.0 0.0 0.0 0.0 0.0 2
stats: {recvpackets,"tsung_controller@ip-172-31-13-122"} 1 5335.0 0.0 5335 911 911.0 1
stats: {sentpackets,"tsung_controller@ip-172-31-13-122"} 1 2836.0 0.0 2836 549 549.0 1
stats: {cpu,"tsung_controller@ip-172-31-13-122"} 1 2.9585798816568047 0.0 2.9585798816568047 2.549019607843137 2.5748480549734016 2
stats: users_count 15 30
stats: finish_users_count 0 0
stats: request 81 635.8576931423611 1820.6383737667124 7391.675048828125 9.77880859375 529.9837956832627 59
stats: connect 16 1.274871826171875 0.1167710175166803 171.640869140625 1.02099609375 13.656790597098214 14
stats: page 80 643.8075286865235 1830.5903671936278 7391.675048828125 9.77880859375 529.9837956832627 59
stats: 302 2 2
stats: 200 80 139
stats: size_rcv 12870708 21115942
stats: size_sent 47060 82719
stats: connected 16 30
# stats: dump at 1480607231
stats: users 42 42
stats: {freemem,"tsung_controller@ip-172-31-13-122"} 1 3153.03515625 0.0 3155.9296875 3153.03515625 3155.15625 3
stats: {load,"tsung_controller@ip-172-31-13-122"} 1 0.0 0.0 0.0 0.0 0.0 3
stats: {recvpackets,"tsung_controller@ip-172-31-13-122"} 1 9306.0 0.0 9306 911 3123.0 2
stats: {sentpackets,"tsung_controller@ip-172-31-13-122"} 1 5018.0 0.0 5018 549 1692.5 2
stats: {cpu,"tsung_controller@ip-172-31-13-122"} 1 4.532019704433497 0.0 4.532019704433497 2.549019607843137 2.70275866386787 3
stats: session 2 26906.942993164063 4064.8719482421875 30971.81494140625 22842.071044921875 0 0
stats: users_count 14 44
stats: finish_users_count 2 2
stats: request 70 1433.202183314732 2667.071697146366 10248.321044921875 9.77880859375 591.2394077845983 140
stats: connect 14 1.7452566964285714 0.9229563668494529 171.640869140625 1.02099609375 7.0531005859375 30
stats: page 67 1497.3825975104946 2708.581263670425 10248.321044921875 9.77880859375 595.4938578434128 139
stats: 302 7 9
stats: 200 61 200
stats: size_rcv 9062374 30178316
stats: newphase 1 1
stats: size_sent 49658 132377
stats: connected 12 42
stats: 500 1 1
# stats: dump at 1480607241
stats: users 63 63
stats: {freemem,"tsung_controller@ip-172-31-13-122"} 1 3150.3671875 0.0 3155.9296875 3150.3671875 3154.6259765625 4
stats: {load,"tsung_controller@ip-172-31-13-122"} 1 0.16015625 0.0 0.16015625 0.0 0.0 4
stats: {recvpackets,"tsung_controller@ip-172-31-13-122"} 1 8541.0 0.0 9306 911 5184.0 3
stats: {sentpackets,"tsung_controller@ip-172-31-13-122"} 1 4508.0 0.0 5018 549 2801.0 3
stats: {cpu,"tsung_controller@ip-172-31-13-122"} 1 4.509803921568627 0.0 4.532019704433497 2.549019607843137 3.160073924009277 4
stats: session 3 35260.309733072914 5474.74178348727 42482.090087890625 22842.071044921875 26906.942993164063 2
stats: users_count 24 68
stats: finish_users_count 3 5
stats: request 95 1712.250927734375 3176.1085205442496 12095.259033203125 9.77880859375 871.8936662946429 210
stats: connect 23 1.563932999320652 0.8178103282160464 171.640869140625 1.02099609375 5.364241166548296 44
stats: page 92 1748.668653405231 3220.4755673331856 12095.259033203125 9.77880859375 888.8266032691141 206
stats: 302 9 18
stats: 200 83 283
stats: size_rcv 12478630 42656946
stats: newphase 0 1
stats: size_sent 73979 206356
stats: connected 20 62
stats: 500 3 4
# stats: dump at 1480607251
stats: users 78 79
stats: {freemem,"tsung_controller@ip-172-31-13-122"} 1 3149.76953125 0.0 3155.9296875 3149.76953125 3153.77421875 5
stats: {load,"tsung_controller@ip-172-31-13-122"} 1 0.140625 0.0 0.16015625 0.0 0.03203125 5
stats: {recvpackets,"tsung_controller@ip-172-31-13-122"} 1 7044.0 0.0 9306 911 6023.25 4
stats: {sentpackets,"tsung_controller@ip-172-31-13-122"} 1 3838.0 0.0 5018 549 3227.75 4
stats: {cpu,"tsung_controller@ip-172-31-13-122"} 1 3.758654797230465 0.0 4.532019704433497 2.549019607843137 3.4300199235211464 5
stats: session 7 40459.26545061384 6065.552055126037 48614.153076171875 22842.071044921875 31918.963037109374 5
stats: users_count 22 90
stats: finish_users_count 7 12
stats: request 194 2491.3594567996947 3016.1160362435517 13011.822021484375 9.77880859375 1133.6442887102971 305
stats: connect 23 1.3148883322010867 0.3533978231830555 171.640869140625 0.98388671875 4.059657765858209 67
stats: page 186 2608.1271762642823 3104.4649454868827 13011.822021484375 9.77880859375 1154.2811959285864 298
stats: 302 22 40
stats: 200 173 456
stats: size_rcv 24802266 67459212
stats: newphase 0 1
stats: size_sent 114843 321199
stats: connected 16 78
stats: 500 0 4
# stats: dump at 1480607261
stats: users 109 109
stats: {freemem,"tsung_controller@ip-172-31-13-122"} 1 3146.05078125 0.0 3155.9296875 3146.05078125 3153.1067708333335 6
stats: {load,"tsung_controller@ip-172-31-13-122"} 1 0.12109375 0.0 0.16015625 0.0 0.050130208333333336 6
stats: {recvpackets,"tsung_controller@ip-172-31-13-122"} 1 18567.0 0.0 18567 911 6227.4 5
stats: {sentpackets,"tsung_controller@ip-172-31-13-122"} 1 10007.0 0.0 10007 549 3349.8 5
stats: {cpu,"tsung_controller@ip-172-31-13-122"} 1 8.227228207639568 0.0 8.227228207639568 2.549019607843137 3.4847924024726997 6
stats: session 1 51097.72900390625 0.0 51097.72900390625 22842.071044921875 36900.80611165365 12
stats: users_count 32 122
stats: finish_users_count 1 13
stats: request 79 4864.947086382515 4069.5101305863436 19325.636962890625 9.77880859375 1661.4934722961552 499
stats: connect 32 1.694732666015625 1.8624055859598172 171.640869140625 0.98388671875 3.3582166883680555 90
stats: page 72 4977.725701226129 4174.472859983676 19325.636962890625 9.77880859375 1712.9906015947836 484
stats: 302 10 50
stats: 200 68 524
stats: size_rcv 12763787 80222999
stats: newphase 1 2
stats: size_sent 73389 394588
stats: connected 31 109
stats: 500 0 4
# stats: dump at 1480607271
stats: users 144 144
stats: {freemem,"tsung_controller@ip-172-31-13-122"} 1 3145.2890625 0.0 3155.9296875 3145.2890625 3152.0987723214284 7
stats: {load,"tsung_controller@ip-172-31-13-122"} 1 0.1015625 0.0 0.16015625 0.0 0.060267857142857144 7
stats: {recvpackets,"tsung_controller@ip-172-31-13-122"} 1 8730.0 0.0 18567 911 8284.0 6
stats: {sentpackets,"tsung_controller@ip-172-31-13-122"} 1 4729.0 0.0 10007 549 4459.333333333333 6
stats: {cpu,"tsung_controller@ip-172-31-13-122"} 1 5.2114060963618485 0.0 8.227228207639568 2.549019607843137 4.1622832317822525 7
stats: session 2 65246.21142578125 11015.213623046875 76261.42504882813 22842.071044921875 37992.87710336538 13
stats: users_count 37 159
stats: finish_users_count 2 15
stats: request 58 12663.84333327721 2157.590224970616 19325.636962890625 9.77880859375 2099.3357482698966 578
stats: connect 36 1.4160834418402777 0.3589778198554643 171.640869140625 0.93798828125 2.9218930103739753 122
stats: page 53 12987.8530872273 2502.6136468393925 19325.636962890625 9.77880859375 2135.762053345605 556
stats: 302 8 58
stats: 200 50 574
stats: size_rcv 11220953 91443952
stats: newphase 0 2
stats: size_sent 38706 433294
stats: connected 34 143
stats: 500 0 4
# stats: dump at 1480607281
stats: users 193 193
stats: {freemem,"tsung_controller@ip-172-31-13-122"} 1 3142.4140625 0.0 3155.9296875 3142.4140625 3151.24755859375 8
stats: {load,"tsung_controller@ip-172-31-13-122"} 1 0.078125 0.0 0.16015625 0.0 0.0654296875 8
stats: {recvpackets,"tsung_controller@ip-172-31-13-122"} 1 7.1e3 0.0 18567 911 8347.714285714286 7
stats: {sentpackets,"tsung_controller@ip-172-31-13-122"} 1 3854.0 0.0 10007 549 4497.857142857143 7
stats: {cpu,"tsung_controller@ip-172-31-13-122"} 1 4.2281219272369714 0.0 8.227228207639568 2.549019607843137 4.293423589854702 8
stats: session 1 46897.774169921875 0.0 76261.42504882813 22842.071044921875 41626.655013020834 15
stats: users_count 50 209
stats: finish_users_count 1 16
stats: request 68 12871.667659983916 3897.238793988929 24521.39892578125 9.77880859375 3062.7656852674186 636
stats: connect 50 1.3705078125000003 0.5352304671677605 171.640869140625 0.892822265625 2.5787971593156644 158
stats: page 64 13487.826358795168 4306.8431346711195 24521.39892578125 9.77880859375 3080.196905226935 609
stats: 302 7 65
stats: 200 60 634
stats: size_rcv 5552355 96996307
stats: newphase 0 2
stats: size_sent 64900 498194
stats: connected 49 192
stats: 500 1 5
# stats: dump at 1480607291
stats: users 254 254
stats: {freemem,"tsung_controller@ip-172-31-13-122"} 1 3138.10546875 0.0 3155.9296875 3138.10546875 3150.266059027778 9
stats: {load,"tsung_controller@ip-172-31-13-122"} 1 0.0703125 0.0 0.16015625 0.0 0.06684027777777778 9
stats: {recvpackets,"tsung_controller@ip-172-31-13-122"} 1 5998.0 0.0 18567 911 8191.75 8
stats: {sentpackets,"tsung_controller@ip-172-31-13-122"} 1 3407.0 0.0 10007 549 4417.375 8
stats: {cpu,"tsung_controller@ip-172-31-13-122"} 1 3.937007874015748 0.0 8.227228207639568 2.549019607843137 4.286167849563842 9
stats: session 3 72863.00626627605 4123.38425443168 77521.0498046875 22842.071044921875 41956.09996032715 16
stats: users_count 64 273
stats: finish_users_count 3 19
stats: request 206 8875.486791518124 6529.383112475142 28683.79296875 1.357177734375 4010.216444188898 704
stats: connect 64 1.6687240600585938 1.6201090290622673 171.640869140625 0.873046875 2.288342989408053 208
stats: page 202 9132.750859326665 7116.741545935881 29537.9150390625 1.357177734375 4069.9268978396644 673
stats: 302 10 75
stats: 200 157 791
stats: size_rcv 18005449 115001756
stats: newphase 1 3
stats: size_sent 113979 612173
stats: connected 61 253
stats: 503 39 39
stats: 500 1 6
# stats: dump at 1480607301
stats: users 328 328
stats: {freemem,"tsung_controller@ip-172-31-13-122"} 1 3131.73828125 0.0 3155.9296875 3131.73828125 3149.05 10
stats: {load,"tsung_controller@ip-172-31-13-122"} 1 0.05859375 0.0 0.16015625 0.0 0.0671875 10
stats: {recvpackets,"tsung_controller@ip-172-31-13-122"} 1 14312.0 0.0 18567 911 7948.0 9
stats: {sentpackets,"tsung_controller@ip-172-31-13-122"} 1 8173.0 0.0 10007 549 4305.111111111111 9
stats: {cpu,"tsung_controller@ip-172-31-13-122"} 1 8.652900688298919 0.0 8.652900688298919 2.549019607843137 4.251251852009032 10
stats: session 11 80267.0069025213 10163.15981835711 96658.71899414063 22842.071044921875 46836.13779810855 19
stats: users_count 85 358
stats: finish_users_count 11 30
stats: request 530 5566.688705501918 5398.087405474987 29360.260009765625 1.33203125 5111.585336001887 910
stats: connect 86 1.4430669740188948 0.5362461097481354 171.640869140625 0.873046875 2.1425503001493564 272
stats: page 521 5770.338922950911 5801.452214920612 31730.72802734375 1.33203125 5238.715972377235 875
stats: 302 31 106
stats: 200 407 1198
stats: size_rcv 49612200 164613956
stats: newphase 0 3
stats: size_sent 307323 919496
stats: connected 75 328
stats: 503 87 126
stats: 500 2 8
stats: 404 2 2
# stats: dump at 1480607311
stats: users 408 409
stats: {freemem,"tsung_controller@ip-172-31-13-122"} 1 3117.90625 0.0 3155.9296875 3117.90625 3147.4762073863635 11
stats: {load,"tsung_controller@ip-172-31-13-122"} 1 0.05078125 0.0 0.16015625 0.0 0.06640625 11
stats: {recvpackets,"tsung_controller@ip-172-31-13-122"} 1 35505.0 0.0 35505 911 8584.4 10
stats: {sentpackets,"tsung_controller@ip-172-31-13-122"} 1 19508.0 0.0 19508 549 4691.9 10
stats: {cpu,"tsung_controller@ip-172-31-13-122"} 1 17.02127659574468 0.0 17.02127659574468 2.549019607843137 4.651401746217204 11
stats: session 11 64734.27450284091 21007.61837076431 96658.71899414063 14333.671875 59094.12313639323 30
stats: users_count 91 449
stats: finish_users_count 11 41
stats: request 779 651.1300758685006 2755.2063657721765 30138.008056640625 1.19384765625 5279.088659498427 1440
stats: connect 91 1.3437687800480769 0.6020806621638087 171.640869140625 0.873046875 1.9745179927548884 358
stats: page 759 649.7993579005068 2768.5818282044133 31730.72802734375 1.19384765625 5437.122532011106 1396
stats: 302 3 109
stats: 200 54 1252
stats: size_rcv 10304959 174918915
stats: newphase 0 3
stats: size_sent 425623 1345119
stats: connected 81 409
stats: 503 721 847
stats: 500 1 9
stats: 404 0 2
# stats: dump at 1480607321
stats: users 371 409
stats: {freemem,"tsung_controller@ip-172-31-13-122"} 1 3111.83984375 0.0 3155.9296875 3111.83984375 3145.0120442708335 12
stats: {load,"tsung_controller@ip-172-31-13-122"} 1 0.12109375 0.0 0.16015625 0.0 0.06510416666666667 12
stats: {recvpackets,"tsung_controller@ip-172-31-13-122"} 1 11039.0 0.0 35505 911 11031.727272727272 11
stats: {sentpackets,"tsung_controller@ip-172-31-13-122"} 1 6953.0 0.0 19508 549 6038.818181818182 11
stats: {cpu,"tsung_controller@ip-172-31-13-122"} 1 10.896817743490839 0.0 17.02127659574468 2.549019607843137 5.682224650344494 12
stats: session 38 55457.4033203125 23518.85957351012 96658.71899414063 14333.671875 60607.3344786109 41
stats: users_count 1 450
stats: finish_users_count 38 79
stats: request 700 1727.1238860212054 4935.17884817997 30138.008056640625 1.174072265625 3654.4019823250546 2219
stats: connect 1 2.2509765625 0.0 171.640869140625 0.873046875 1.8466824062152005 449
stats: page 650 1815.4622772686291 5049.287730583494 31730.72802734375 1.180908203125 3751.0073166283014 2155
stats: 302 6 115
stats: 200 69 1321
stats: size_rcv 15963039 190881954
stats: newphase 0 3
stats: size_sent 408843 1753962
stats: connected -38 371
stats: 503 622 1469
stats: 500 1 10
stats: 404 2 4
# stats: dump at 1480607331
stats: users 323 409
stats: {freemem,"tsung_controller@ip-172-31-13-122"} 1 3111.5078125 0.0 3155.9296875 3111.5078125 3142.4603365384614 13
stats: {load,"tsung_controller@ip-172-31-13-122"} 1 0.1015625 0.0 0.16015625 0.0 0.0694110576923077 13
stats: {recvpackets,"tsung_controller@ip-172-31-13-122"} 1 6203.0 0.0 35505 911 11032.333333333334 12
stats: {sentpackets,"tsung_controller@ip-172-31-13-122"} 1 4095.0 0.0 19508 549 6115.0 12
stats: {cpu,"tsung_controller@ip-172-31-13-122"} 1 7.662463627546072 0.0 17.02127659574468 2.549019607843137 6.083347195971137 13
stats: session 48 47836.81186930338 21682.03150243989 110545.03198242188 14333.671875 58130.15240246736 79
stats: users_count 0 450
stats: finish_users_count 48 127
stats: request 490 3179.7956069634893 8347.067812016528 30853.195068359375 1.174072265625 3192.2249808133406 2919
stats: connect 0 0 0 171.640869140625 0.873046875 1.8475808376736111 450
stats: page 427 3594.3131683849897 8799.012717827405 31730.72802734375 1.180908203125 3302.4852932472727 2805
stats: 302 2 117
stats: 200 57 1378
stats: size_rcv 12144607 203026561
stats: newphase 0 3
stats: size_sent 317880 2071842
stats: connected -46 325
stats: 503 427 1896
stats: 500 2 12
stats: 404 2 6
# stats: dump at 1480607341
stats: users 284 409
stats: {freemem,"tsung_controller@ip-172-31-13-122"} 1 3111.03515625 0.0 3155.9296875 3111.03515625 3140.249441964286 14
stats: {load,"tsung_controller@ip-172-31-13-122"} 1 0.08984375 0.0 0.16015625 0.0 0.07170758928571429 14
stats: {recvpackets,"tsung_controller@ip-172-31-13-122"} 1 8558.0 0.0 35505 911 10660.846153846154 13
stats: {sentpackets,"tsung_controller@ip-172-31-13-122"} 1 5197.0 0.0 19508 549 5959.615384615385 13
stats: {cpu,"tsung_controller@ip-172-31-13-122"} 1 6.73828125 0.0 17.02127659574468 2.549019607843137 6.196141226797918 14
stats: session 39 54956.75774363982 23212.805442995024 119493.49584960938 14333.671875 54239.75598048413 127
stats: users_count 0 450
stats: finish_users_count 39 166
stats: request 314 5725.545655851911 12452.141669129729 40316.44091796875 1.174072265625 3190.4384178369755 3409
stats: connect 0 0 0 171.640869140625 0.873046875 1.8475808376736111 450
stats: page 280 6253.385833740237 12970.707766547495 40316.44091796875 1.180908203125 3341.040523038054 3232
stats: 302 2 119
stats: 200 52 1430
stats: size_rcv 10011816 213038377
stats: newphase 0 3
stats: size_sent 216917 2288759
stats: connected -41 284
stats: 503 258 2154
stats: 500 2 14
stats: 404 0 6
# stats: dump at 1480607351
stats: users 268 409
stats: {freemem,"tsung_controller@ip-172-31-13-122"} 1 3110.36328125 0.0 3155.9296875 3110.36328125 3138.301822916667 15
stats: {load,"tsung_controller@ip-172-31-13-122"} 1 0.1484375 0.0 0.16015625 0.0 0.07291666666666667 15
stats: {recvpackets,"tsung_controller@ip-172-31-13-122"} 1 11560.0 0.0 35505 911 10510.642857142857 14
stats: {sentpackets,"tsung_controller@ip-172-31-13-122"} 1 6451.0 0.0 19508 549 5905.142857142857 14
stats: {cpu,"tsung_controller@ip-172-31-13-122"} 1 6.947162426614481 0.0 17.02127659574468 2.549019607843137 6.23228389501139 15
stats: session 16 78795.41990661621 23782.79883945166 119493.49584960938 14333.671875 54408.208201948415 166
stats: users_count 0 450
stats: finish_users_count 16 182
stats: request 254 13339.47131251538 15791.723265295928 48797.4580078125 1.174072265625 3404.250846721394 3723
stats: connect 0 0 0 171.640869140625 0.873046875 1.8475808376736111 450
stats: page 226 14265.57888010751 16235.98483949999 51307.64501953125 1.180908203125 3573.2320626156766 3512
stats: 302 9 128
stats: 200 95 1525
stats: size_rcv 14175395 227213772
stats: newphase 0 3
stats: size_sent 166981 2455740
stats: connected -15 269
stats: 503 144 2298
stats: 500 0 14
stats: 404 6 12
# stats: dump at 1480607361
stats: users 245 409
stats: {freemem,"tsung_controller@ip-172-31-13-122"} 1 3110.01171875 0.0 3155.9296875 3110.01171875 3136.5556640625 16
stats: {load,"tsung_controller@ip-172-31-13-122"} 1 0.12890625 0.0 0.16015625 0.0 0.07763671875 16
stats: {recvpackets,"tsung_controller@ip-172-31-13-122"} 1 6213.0 0.0 35505 911 10580.6 15
stats: {sentpackets,"tsung_controller@ip-172-31-13-122"} 1 3563.0 0.0 19508 549 5941.533333333334 15
stats: {cpu,"tsung_controller@ip-172-31-13-122"} 1 4.523107177974435 0.0 17.02127659574468 2.549019607843137 6.276963803236583 16
stats: session 23 71894.70475968071 21054.78814527252 123957.3330078125 14333.671875 56552.138901259874 182
stats: users_count 0 450
stats: finish_users_count 23 205
stats: request 200 13475.055096435546 11509.911517396167 48797.4580078125 1.174072265625 4038.785922987844 3977
stats: connect 0 0 0 171.640869140625 0.873046875 1.8475808376736111 450
stats: page 166 14758.251601621329 12967.207381456876 54806.409912109375 1.180908203125 4219.6928386331065 3738
stats: 302 22 150
stats: 200 81 1606
stats: size_rcv 12305046 239518818
stats: newphase 0 3
stats: size_sent 146593 2602333
stats: connected -24 245
stats: 503 73 2371
stats: 500 1 15
stats: 404 23 35
# stats: dump at 1480607371
stats: users 231 409
stats: {freemem,"tsung_controller@ip-172-31-13-122"} 1 3109.78125 0.0 3155.9296875 3109.78125 3134.994255514706 17
stats: {load,"tsung_controller@ip-172-31-13-122"} 1 0.109375 0.0 0.16015625 0.0 0.08065257352941177 17
stats: {recvpackets,"tsung_controller@ip-172-31-13-122"} 1 10328.0 0.0 35505 911 10307.625 16
stats: {sentpackets,"tsung_controller@ip-172-31-13-122"} 1 5607.0 0.0 19508 549 5792.875 16
stats: {cpu,"tsung_controller@ip-172-31-13-122"} 1 5.408062930186824 0.0 17.02127659574468 2.549019607843137 6.173795766456458 17
stats: session 14 87170.75446428571 21927.2781767497 134335.71801757813 14333.671875 58273.49994879001 205
stats: users_count 0 450
stats: finish_users_count 14 219
stats: request 134 14199.29246589319 11247.251509162355 48797.4580078125 1.174072265625 4490.60632870715 4177
stats: connect 0 0 0 171.640869140625 0.873046875 1.8475808376736111 450
stats: page 116 16242.932046824488 13915.908196325128 54806.409912109375 1.180908203125 4667.797540133119 3904
stats: 302 14 164
stats: 200 60 1666
stats: size_rcv 10342316 249861134
stats: newphase 0 3
stats: size_sent 78052 2680385
stats: connected -14 231
stats: 503 47 2418
stats: 500 0 15
stats: 404 13 48
# stats: dump at 1480607381
stats: users 216 409
stats: {freemem,"tsung_controller@ip-172-31-13-122"} 1 3109.4453125 0.0 3155.9296875 3109.4453125 3133.5935329861113 18
stats: {load,"tsung_controller@ip-172-31-13-122"} 1 0.08984375 0.0 0.16015625 0.0 0.0822482638888889 18
stats: {recvpackets,"tsung_controller@ip-172-31-13-122"} 1 5850.0 0.0 35505 911 10308.823529411764 17
stats: {sentpackets,"tsung_controller@ip-172-31-13-122"} 1 3251.0 0.0 19508 549 5781.941176470588 17
stats: {cpu,"tsung_controller@ip-172-31-13-122"} 1 3.3630069238377844 0.0 17.02127659574468 2.549019607843137 6.131255053330367 18
stats: session 15 105525.0638671875 23656.134843514334 142920.544921875 14333.671875 60120.81302283997 219
stats: users_count 0 450
stats: finish_users_count 15 234
stats: request 112 19774.24250575475 7955.702767520848 48797.4580078125 1.174072265625 4792.384093119799 4311
stats: connect 0 0 0 171.640869140625 0.873046875 1.8475808376736111 450
stats: page 97 23537.208156310408 11366.165312012785 54806.409912109375 1.180908203125 5001.806396545108 4020
stats: 302 16 180
stats: 200 63 1729
stats: size_rcv 7877415 257738549
stats: newphase 0 3
stats: size_sent 82557 2762942
stats: connected -15 216
stats: 503 13 2431
stats: 500 2 17
stats: 404 18 66
# stats: dump at 1480607391
stats: users 201 409
stats: {freemem,"tsung_controller@ip-172-31-13-122"} 1 3109.4375 0.0 3155.9296875 3109.4375 3132.322574013158 19
stats: {load,"tsung_controller@ip-172-31-13-122"} 1 0.078125 0.0 0.16015625 0.0 0.08264802631578948 19
stats: {recvpackets,"tsung_controller@ip-172-31-13-122"} 1 8482.0 0.0 35505 911 10061.111111111111 18
stats: {sentpackets,"tsung_controller@ip-172-31-13-122"} 1 4470.0 0.0 19508 549 5641.333333333333 18
stats: {cpu,"tsung_controller@ip-172-31-13-122"} 1 4.69208211143695 0.0 17.02127659574468 2.549019607843137 5.9855577833570734 19
stats: session 15 126277.07141927084 27047.907783525447 160647.36694335938 14333.671875 63031.341923118656 234
stats: users_count 0 450
stats: finish_users_count 15 249
stats: request 162 17433.987467447918 6189.698553914239 48797.4580078125 1.174072265625 5171.757401330316 4423
stats: connect 0 0 0 171.640869140625 0.873046875 1.8475808376736111 450
stats: page 134 21131.99360132929 9337.189940498698 54806.409912109375 1.180908203125 5438.51612952962 4117
stats: 302 48 228
stats: 200 95 1824
stats: size_rcv 12127632 269866181
stats: newphase 0 3
stats: size_sent 74247 2837189
stats: connected -15 201
stats: 503 0 2431
stats: 500 1 18
stats: 404 18 84
# stats: dump at 1480607401
stats: users 194 409
stats: {freemem,"tsung_controller@ip-172-31-13-122"} 1 3109.1015625 0.0 3155.9296875 3109.1015625 3131.1783203125 20
stats: {load,"tsung_controller@ip-172-31-13-122"} 1 0.05859375 0.0 0.16015625 0.0 0.082421875 20
stats: {recvpackets,"tsung_controller@ip-172-31-13-122"} 1 9926.0 0.0 35505 911 9978.0 19
stats: {sentpackets,"tsung_controller@ip-172-31-13-122"} 1 5457.0 0.0 19508 549 5579.684210526316 19
stats: {cpu,"tsung_controller@ip-172-31-13-122"} 1 5.397448478900883 0.0 17.02127659574468 2.549019607843137 5.920883999761067 20
stats: session 7 114985.15063476563 22273.361913306206 160647.36694335938 14333.671875 66841.32562770613 249
stats: users_count 0 450
stats: finish_users_count 7 256
stats: request 84 8860.682076590403 7577.057676195884 48797.4580078125 1.174072265625 5605.013948922693 4585
stats: connect 0 0 0 171.640869140625 0.873046875 1.8475808376736111 450
stats: page 77 13278.56652039367 8487.929323099039 54806.409912109375 1.180908203125 5933.205845177975 4251
stats: 302 23 251
stats: 200 57 1881
stats: size_rcv 9295106 279161287
stats: newphase 0 3
stats: size_sent 101161 2938350
stats: connected -7 194
stats: 503 0 2431
stats: 500 1 19
stats: 404 3 87
# stats: dump at 1480607411
stats: users 193 409
stats: {freemem,"tsung_controller@ip-172-31-13-122"} 1 3109.14453125 0.0 3155.9296875 3109.1015625 3130.1270461309523 21
stats: {load,"tsung_controller@ip-172-31-13-122"} 1 0.05078125 0.0 0.16015625 0.0 0.08128720238095238 21
stats: {recvpackets,"tsung_controller@ip-172-31-13-122"} 1 6689.0 0.0 35505 911 9975.4 20
stats: {sentpackets,"tsung_controller@ip-172-31-13-122"} 1 3252.0 0.0 19508 549 5573.55 20
stats: {cpu,"tsung_controller@ip-172-31-13-122"} 1 3.4448818897637796 0.0 17.02127659574468 2.549019607843137 5.895958498767724 21
stats: session 1 115411.32202148438 0.0 160647.36694335938 14333.671875 68157.75834274292 256
stats: users_count 0 450
stats: finish_users_count 1 257
stats: request 24 14345.876403808594 4214.259543483118 48797.4580078125 1.174072265625 5663.586688850748 4669
stats: connect 0 0 0 171.640869140625 0.873046875 1.8475808376736111 450
stats: page 24 20848.315907796223 9383.502674031937 54806.409912109375 1.180908203125 6063.888093789714 4328
stats: 302 0 251
stats: 200 23 1904
stats: size_rcv 7403411 286564698
stats: newphase 0 3
stats: size_sent 26879 2965229
stats: connected -1 193
stats: 503 0 2431
stats: 500 0 19
stats: 404 1 88
# stats: dump at 1480607421
stats: users 59 409
stats: {freemem,"tsung_controller@ip-172-31-13-122"} 1 3108.01171875 0.0 3155.9296875 3108.01171875 3129.1732954545455 22
stats: {load,"tsung_controller@ip-172-31-13-122"} 1 0.05078125 0.0 0.16015625 0.0 0.07990056818181818 22
stats: {recvpackets,"tsung_controller@ip-172-31-13-122"} 1 7507.0 0.0 35505 911 9818.904761904761 21
stats: {sentpackets,"tsung_controller@ip-172-31-13-122"} 1 4260.0 0.0 19508 549 5463.0 21
stats: {cpu,"tsung_controller@ip-172-31-13-122"} 1 4.437869822485207 0.0 17.02127659574468 2.549019607843137 5.784545925631181 22
stats: session 134 127070.19353610366 17932.25753437654 174100.47314453125 14333.671875 68341.62434927499 257
stats: users_count 0 450
stats: finish_users_count 134 391
stats: request 517 6153.36579065673 8530.46037087295 48797.4580078125 1.174072265625 5707.987914752941 4693
stats: connect 0 0 0 171.640869140625 0.873046875 1.8475808376736111 450
stats: page 447 7212.758370691768 9018.750115131254 54806.409912109375 1.180908203125 6145.4198648228385 4352
stats: 302 314 565
stats: 200 199 2103
stats: size_rcv 13437115 300001813
stats: newphase 0 3
stats: size_sent 242637 3207866
stats: connected -134 59
stats: 503 0 2431
stats: 500 0 19
stats: 404 4 92
# stats: dump at 1480607431
stats: users 21 409
stats: {freemem,"tsung_controller@ip-172-31-13-122"} 1 3107.9921875 0.0 3155.9296875 3107.9921875 3128.253226902174 23
stats: {load,"tsung_controller@ip-172-31-13-122"} 1 0.0390625 0.0 0.16015625 0.0 0.07863451086956522 23
stats: {recvpackets,"tsung_controller@ip-172-31-13-122"} 1 3641.0 0.0 35505 911 9713.818181818182 22
stats: {sentpackets,"tsung_controller@ip-172-31-13-122"} 1 2385.0 0.0 19508 549 5408.318181818182 22
stats: {cpu,"tsung_controller@ip-172-31-13-122"} 1 4.031465093411996 0.0 17.02127659574468 2.549019607843137 5.72599479071179 23
stats: session 38 132647.9100534539 15464.830472587006 174100.47314453125 14333.671875 88468.55087366128 391
stats: users_count 0 450
stats: finish_users_count 38 429
stats: request 121 79.24326292936463 222.42605945983217 48797.4580078125 1.174072265625 5752.183761555677 5210
stats: connect 0 0 0 171.640869140625 0.873046875 1.8475808376736111 450
stats: page 96 99.91503143310551 246.49930675694625 54806.409912109375 1.180908203125 6244.836474975664 4799
stats: 302 91 656
stats: 200 30 2133
stats: size_rcv 895877 300897690
stats: newphase 0 3
stats: size_sent 92150 3300016
stats: connected -38 21
stats: 503 0 2431
stats: 500 0 19
stats: 404 0 92
# stats: dump at 1480607441
stats: users 7 409
stats: {freemem,"tsung_controller@ip-172-31-13-122"} 1 3114.32421875 0.0 3155.9296875 3107.9921875 3127.4090169270835 24
stats: {load,"tsung_controller@ip-172-31-13-122"} 1 0.03125 0.0 0.16015625 0.0 0.07698567708333333 24
stats: {recvpackets,"tsung_controller@ip-172-31-13-122"} 1 478.0 0.0 35505 478 9449.782608695652 23
stats: {sentpackets,"tsung_controller@ip-172-31-13-122"} 1 396.0 0.0 19508 396 5276.869565217391 23
stats: {cpu,"tsung_controller@ip-172-31-13-122"} 1 1.87192118226601 0.0 17.02127659574468 1.87192118226601 5.655389386657633 24
stats: session 14 139770.10907854352 9174.574070931798 174100.47314453125 14333.671875 92381.87406441216 429
stats: users_count 0 450
stats: finish_users_count 14 443
stats: request 45 12.313454861111111 2.5271831252807715 48797.4580078125 1.174072265625 5623.422590980967 5331
stats: connect 0 0 0 171.640869140625 0.873046875 1.8475808376736111 450
stats: page 36 15.423631456163195 5.5251439677464855 54806.409912109375 1.180908203125 6124.323204581367 4895
stats: 302 36 692
stats: 200 9 2142
stats: size_rcv 258514 301156204
stats: newphase 0 3
stats: size_sent 34714 3334730
stats: connected -14 7
stats: 503 0 2431
stats: 500 0 19
stats: 404 0 92
# stats: dump at 1480607451
stats: users 4 409
stats: {freemem,"tsung_controller@ip-172-31-13-122"} 1 3114.41015625 0.0 3155.9296875 3107.9921875 3126.885625 25
stats: {load,"tsung_controller@ip-172-31-13-122"} 1 0.03125 0.0 0.16015625 0.0 0.07515625 25
stats: {recvpackets,"tsung_controller@ip-172-31-13-122"} 1 153.0 0.0 35505 153 9075.958333333334 24
stats: {sentpackets,"tsung_controller@ip-172-31-13-122"} 1 127.0 0.0 19508 127 5073.5 24
stats: {cpu,"tsung_controller@ip-172-31-13-122"} 1 1.4734774066797642 0.0 17.02127659574468 1.4734774066797642 5.504050658481969 25
stats: session 3 141713.35636393228 6091.654915550759 174100.47314453125 14333.671875 93879.47065628086 443
stats: users_count 0 450
stats: finish_users_count 3 446
stats: request 11 198.5338689630682 326.96121328776195 48797.4580078125 1.174072265625 5576.45460156032 5376
stats: connect 0 0 0 171.640869140625 0.873046875 1.8475808376736111 450
stats: page 9 242.68169487847223 348.86777203085643 54806.409912109375 1.180908203125 6079.723653854839 4931
stats: 302 9 701
stats: 200 2 2144
stats: size_rcv 58368 301214572
stats: newphase 0 3
stats: size_sent 8580 3343310
stats: connected -3 4
stats: 503 0 2431
stats: 500 0 19
stats: 404 0 92
# stats: dump at 1480607461
stats: users 2 409
stats: {freemem,"tsung_controller@ip-172-31-13-122"} 1 3114.5 0.0 3155.9296875 3107.9921875 3126.405799278846 26
stats: {load,"tsung_controller@ip-172-31-13-122"} 1 0.01953125 0.0 0.16015625 0.0 0.07346754807692307 26
stats: {recvpackets,"tsung_controller@ip-172-31-13-122"} 1 58.0 0.0 35505 58 8719.04 25
stats: {sentpackets,"tsung_controller@ip-172-31-13-122"} 1 49.0 0.0 19508 49 4875.64 25
stats: {cpu,"tsung_controller@ip-172-31-13-122"} 1 1.183431952662722 0.0 17.02127659574468 1.183431952662722 5.34902861033573 26
stats: session 2 142931.23962402344 600.4615478515625 174100.47314453125 14333.671875 94201.22325072695 446
stats: users_count 0 450
stats: finish_users_count 2 448
stats: request 8 173.71353149414063 330.12001922035097 48797.4580078125 1.174072265625 5565.473140996264 5387
stats: connect 0 0 0 171.640869140625 0.873046875 1.8475808376736111 450
stats: page 6 231.6641845703125 370.6093900038417 54806.409912109375 1.180908203125 6069.089366885044 4940
stats: 302 6 707
stats: 200 2 2146
stats: size_rcv 54506 301269078
stats: newphase 0 3
stats: size_sent 6148 3349458
stats: connected -2 2
stats: 503 0 2431
stats: 500 0 19
stats: 404 0 92
# stats: dump at 1480607471
stats: users 1 409
stats: {freemem,"tsung_controller@ip-172-31-13-122"} 1 3114.546875 0.0 3155.9296875 3107.9921875 3125.96484375 27
stats: {load,"tsung_controller@ip-172-31-13-122"} 1 0.01953125 0.0 0.16015625 0.0 0.07146990740740741 27
stats: {recvpackets,"tsung_controller@ip-172-31-13-122"} 1 4.0 0.0 35505 4 8385.923076923078 26
stats: {sentpackets,"tsung_controller@ip-172-31-13-122"} 1 7.0 0.0 19508 7 4690.000000000001 26
stats: {cpu,"tsung_controller@ip-172-31-13-122"} 1 0.9861932938856016 0.0 17.02127659574468 0.9861932938856016 5.194747252644136 27
stats: session 1 173339.71411132813 0.0 174100.47314453125 14333.671875 94418.76796667917 448
stats: users_count 0 450
stats: finish_users_count 1 449
stats: request 1 15.364013671875 0.0 48797.4580078125 1.174072265625 5557.477946023879 5395
stats: connect 0 0 0 171.640869140625 0.873046875 1.8475808376736111 450
stats: page 1 15.364013671875 0.0 54806.409912109375 1.180908203125 6062.007977662664 4946
stats: 302 1 708
stats: 200 0 2146
stats: size_rcv 1004 301270082
stats: newphase 0 3
stats: size_sent 728 3350186
stats: connected -1 1
stats: 503 0 2431
stats: 500 0 19
stats: 404 0 92
# stats: dump at 1480607481
stats: users 1 409
stats: {freemem,"tsung_controller@ip-172-31-13-122"} 1 3114.55859375 0.0 3155.9296875 3107.9921875 3125.557059151786 28
stats: {load,"tsung_controller@ip-172-31-13-122"} 1 0.01953125 0.0 0.16015625 0.0 0.06961495535714286 28
stats: {recvpackets,"tsung_controller@ip-172-31-13-122"} 1 2.0 0.0 35505 2 8075.481481481483 27
stats: {sentpackets,"tsung_controller@ip-172-31-13-122"} 1 2.0 0.0 19508 2 4516.555555555557 27
stats: {cpu,"tsung_controller@ip-172-31-13-122"} 1 1.0848126232741617 0.0 17.02127659574468 0.9861932938856016 5.044441754117046 28
stats: session 0 0 0 174100.47314453125 14333.671875 94594.53844807037 449
stats: users_count 0 450
stats: finish_users_count 0 449
stats: request 3 33.232259114583336 29.644311335721124 48797.4580078125 1.174072265625 5556.450867830336 5396
stats: connect 1 59.484130859375 0.0 171.640869140625 0.873046875 1.8475808376736111 450
stats: page 2 49.9189453125 36.4990234375 54806.409912109375 1.180908203125 6060.785692648718 4947
stats: 302 2 710
stats: 200 1 2147
stats: size_rcv 26249 301296331
stats: newphase 0 3
stats: size_sent 2346 3352532
stats: connected 0 1
stats: 503 0 2431
stats: 500 0 19
stats: 404 0 92
# stats: dump at 1480607487
stats: users 0 409
stats: {freemem,"tsung_controller@ip-172-31-13-122"} 1 3114.71875 0.0 3155.9296875 3107.9921875 3125.177801724138 29
stats: {load,"tsung_controller@ip-172-31-13-122"} 1 0.01171875 0.0 0.16015625 0.0 0.06788793103448276 29
stats: {recvpackets,"tsung_controller@ip-172-31-13-122"} 1 30.0 0.0 35505 2 7787.142857142858 28
stats: {sentpackets,"tsung_controller@ip-172-31-13-122"} 1 24.0 0.0 19508 2 4355.321428571429 28
stats: {cpu,"tsung_controller@ip-172-31-13-122"} 1 1.1811023622047243 0.0 17.02127659574468 0.9861932938856016 4.90790281857074 29
stats: session 1 189476.05981445313 0.0 189476.05981445313 14333.671875 94594.53844807037 449
stats: users_count 0 450
stats: finish_users_count 1 450
stats: request 1 15.744873046875 0.0 48797.4580078125 1.174072265625 5553.381844710102 5399
stats: connect 0 0 0 171.640869140625 0.873046875 1.9753780661031042 451
stats: page 1 15.744873046875 0.0 54806.409912109375 1.180908203125 6058.356568887419 4949
stats: 302 1 711
stats: 200 0 2147
stats: size_rcv 1004 301297335
stats: newphase 0 3
stats: size_sent 728 3353260
stats: connected -1 0
stats: 503 0 2431
stats: 500 0 19
stats: 404 0 92
EndMonitor:{1480,607487,140561}
