
=INFO REPORT==== 1-Dec-2016::15:46:31 ===
    ts_config_server:(5:<0.55.0>) Config server started, logdir is "/home/ec2-user/.tsung/log/20161201-1546"
 
=INFO REPORT==== 1-Dec-2016::15:46:31 ===
              ts_mon:(5:<0.54.0>) starting monitor, global 

=INFO REPORT==== 1-Dec-2016::15:46:31 ===
           ts_config:(5:<0.55.0>) Reading config file: complete.xml

=INFO REPORT==== 1-Dec-2016::15:46:31 ===
      ts_config_http:(4:<0.55.0>) Get user agent: 100 "Mozilla/5.0 (Windows; U; Windows NT 5.2; fr-FR; rv:1.7.8) Gecko/20050511 Firefox/1.0.4" 

=INFO REPORT==== 1-Dec-2016::15:46:31 ===
           ts_config:(5:<0.55.0>) Session name for id 1 is "complete-test"

=INFO REPORT==== 1-Dec-2016::15:46:31 ===
    ts_config_server:(4:<0.55.0>) SYSINFO:Tsung version: 1.6.0

=INFO REPORT==== 1-Dec-2016::15:46:31 ===
    ts_config_server:(4:<0.55.0>) SYSINFO:Erlang version: Erlang R14B04 (erts-5.8.5) [source] [64-bit] [rq:1] [async-threads:8] [kernel-poll:true]


=INFO REPORT==== 1-Dec-2016::15:46:31 ===
    ts_config_server:(4:<0.55.0>) SYSINFO:System architecture x86_64-redhat-linux-gnu

=INFO REPORT==== 1-Dec-2016::15:46:31 ===
    ts_config_server:(4:<0.55.0>) SYSINFO:Current path: /usr/lib/erlang/lib/tsung-1.6.0/ebin/tsung.beam

=INFO REPORT==== 1-Dec-2016::15:46:31 ===
              ts_mon:(5:<0.56.0>) Activate clients with text backend

=INFO REPORT==== 1-Dec-2016::15:46:31 ===
              ts_mon:(5:<0.56.0>) Starting tsung clients on hosts: [localhost]

=INFO REPORT==== 1-Dec-2016::15:46:31 ===
    ts_config_server:(5:<0.55.0>) Start a launcher on the controller beam localhost

=INFO REPORT==== 1-Dec-2016::15:46:31 ===
  ts_launcher_static:(5:<0.111.0>) Launch msg receive ("localhost")

=INFO REPORT==== 1-Dec-2016::15:46:31 ===
         ts_launcher:(5:<0.112.0>) Launch msg receive ("localhost")

=INFO REPORT==== 1-Dec-2016::15:46:31 ===
    ts_config_server:(5:<0.55.0>) All remote beams started, syncing 

=INFO REPORT==== 1-Dec-2016::15:46:31 ===
    ts_config_server:(5:<0.55.0>) Undefined ports_range config 

=INFO REPORT==== 1-Dec-2016::15:46:31 ===
    ts_config_server:(5:<0.55.0>) New arrival phase 1 for client "localhost" (last ? true): will start 30 users

=INFO REPORT==== 1-Dec-2016::15:46:31 ===
    ts_config_server:(5:<0.55.0>) New arrival phase 2 for client "localhost" (last ? true): will start 60 users

=INFO REPORT==== 1-Dec-2016::15:46:31 ===
    ts_config_server:(5:<0.55.0>) New arrival phase 3 for client "localhost" (last ? true): will start 120 users

=INFO REPORT==== 1-Dec-2016::15:46:31 ===
    ts_config_server:(5:<0.55.0>) New arrival phase 4 for client "localhost" (last ? true): will start 240 users

=INFO REPORT==== 1-Dec-2016::15:46:31 ===
         ts_launcher:(5:<0.112.0>) Expected duration of first phase: 30.0 sec (30 users) 

=INFO REPORT==== 1-Dec-2016::15:46:31 ===
         ts_launcher:(5:<0.112.0>) Activate launcher (30 users) in 1727 msec 

=INFO REPORT==== 1-Dec-2016::15:47:00 ===
         ts_launcher:(4:<0.112.0>) Need to wait 2.156 sec before changing phase, going to sleep

=INFO REPORT==== 1-Dec-2016::15:47:02 ===
         ts_launcher:(5:<0.112.0>) Waking up

=INFO REPORT==== 1-Dec-2016::15:47:02 ===
         ts_launcher:(5:<0.112.0>) Start a new arrival phase (60 users, 0.002); expected duration=30.0 sec

=INFO REPORT==== 1-Dec-2016::15:47:29 ===
         ts_launcher:(4:<0.112.0>) Need to wait 3.305 sec before changing phase, going to sleep

=INFO REPORT==== 1-Dec-2016::15:47:32 ===
         ts_launcher:(5:<0.112.0>) Waking up

=INFO REPORT==== 1-Dec-2016::15:47:32 ===
         ts_launcher:(5:<0.112.0>) Start a new arrival phase (120 users, 0.004); expected duration=30.0 sec

=INFO REPORT==== 1-Dec-2016::15:48:01 ===
         ts_launcher:(4:<0.112.0>) Need to wait 1.425 sec before changing phase, going to sleep

=INFO REPORT==== 1-Dec-2016::15:48:02 ===
         ts_launcher:(5:<0.112.0>) Waking up

=INFO REPORT==== 1-Dec-2016::15:48:02 ===
         ts_launcher:(5:<0.112.0>) Start a new arrival phase (240 users, 0.008); expected duration=30.0 sec

=INFO REPORT==== 1-Dec-2016::15:48:13 ===
           ts_search:(5:<0.170.0>) Dyn Var (RE): no Match (varname=created_news_id), 

=INFO REPORT==== 1-Dec-2016::15:48:13 ===
           ts_search:(5:<0.170.0>) Dyn Var (RE): no Match (varname=created_news_url), 

=INFO REPORT==== 1-Dec-2016::15:48:14 ===
           ts_search:(5:<0.154.0>) Dyn Var (RE): no Match (varname=created_news_id), 

=INFO REPORT==== 1-Dec-2016::15:48:14 ===
           ts_search:(5:<0.154.0>) Dyn Var (RE): no Match (varname=created_news_url), 

=INFO REPORT==== 1-Dec-2016::15:48:21 ===
           ts_search:(5:<0.196.0>) Dyn Var (RE): no Match (varname=created_news_id), 

=INFO REPORT==== 1-Dec-2016::15:48:21 ===
           ts_search:(5:<0.196.0>) Dyn Var (RE): no Match (varname=created_news_url), 

=INFO REPORT==== 1-Dec-2016::15:48:23 ===
           ts_search:(5:<0.155.0>) Dyn Var (RE): no Match (varname=created_news_id), 

=INFO REPORT==== 1-Dec-2016::15:48:23 ===
           ts_search:(5:<0.155.0>) Dyn Var (RE): no Match (varname=created_news_url), 

=INFO REPORT==== 1-Dec-2016::15:48:23 ===
           ts_search:(5:<0.176.0>) Dyn Var (RE): no Match (varname=created_news_id), 

=INFO REPORT==== 1-Dec-2016::15:48:23 ===
           ts_search:(5:<0.176.0>) Dyn Var (RE): no Match (varname=created_news_url), 

=INFO REPORT==== 1-Dec-2016::15:48:23 ===
           ts_search:(5:<0.162.0>) Dyn Var (RE): no Match (varname=created_news_id), 

=INFO REPORT==== 1-Dec-2016::15:48:23 ===
           ts_search:(5:<0.162.0>) Dyn Var (RE): no Match (varname=created_news_url), 

=INFO REPORT==== 1-Dec-2016::15:48:23 ===
           ts_search:(5:<0.225.0>) Dyn Var (RE): no Match (varname=created_news_id), 

=INFO REPORT==== 1-Dec-2016::15:48:23 ===
           ts_search:(5:<0.225.0>) Dyn Var (RE): no Match (varname=created_news_url), 

=INFO REPORT==== 1-Dec-2016::15:48:24 ===
           ts_search:(5:<0.171.0>) Dyn Var (RE): no Match (varname=created_news_id), 

=INFO REPORT==== 1-Dec-2016::15:48:24 ===
           ts_search:(5:<0.171.0>) Dyn Var (RE): no Match (varname=created_news_url), 

=INFO REPORT==== 1-Dec-2016::15:48:25 ===
           ts_search:(5:<0.169.0>) Dyn Var (RE): no Match (varname=created_news_id), 

=INFO REPORT==== 1-Dec-2016::15:48:25 ===
           ts_search:(5:<0.169.0>) Dyn Var (RE): no Match (varname=created_news_url), 

=INFO REPORT==== 1-Dec-2016::15:48:26 ===
           ts_search:(5:<0.216.0>) Dyn Var (RE): no Match (varname=created_news_id), 

=INFO REPORT==== 1-Dec-2016::15:48:26 ===
           ts_search:(5:<0.216.0>) Dyn Var (RE): no Match (varname=created_news_url), 

=INFO REPORT==== 1-Dec-2016::15:48:26 ===
           ts_search:(5:<0.181.0>) Dyn Var (RE): no Match (varname=created_news_id), 

=INFO REPORT==== 1-Dec-2016::15:48:26 ===
           ts_search:(5:<0.181.0>) Dyn Var (RE): no Match (varname=created_news_url), 

=INFO REPORT==== 1-Dec-2016::15:48:27 ===
           ts_search:(5:<0.295.0>) Dyn Var (RE): no Match (varname=created_news_id), 

=INFO REPORT==== 1-Dec-2016::15:48:27 ===
           ts_search:(5:<0.295.0>) Dyn Var (RE): no Match (varname=created_news_url), 

=INFO REPORT==== 1-Dec-2016::15:48:28 ===
           ts_search:(5:<0.331.0>) Dyn Var (RE): no Match (varname=created_news_id), 

=INFO REPORT==== 1-Dec-2016::15:48:28 ===
           ts_search:(5:<0.331.0>) Dyn Var (RE): no Match (varname=created_news_url), 

=INFO REPORT==== 1-Dec-2016::15:48:28 ===
           ts_search:(5:<0.412.0>) Dyn Var (RE): no Match (varname=created_news_id), 

=INFO REPORT==== 1-Dec-2016::15:48:28 ===
           ts_search:(5:<0.412.0>) Dyn Var (RE): no Match (varname=created_news_url), 

=INFO REPORT==== 1-Dec-2016::15:48:28 ===
           ts_search:(5:<0.157.0>) Dyn Var (RE): no Match (varname=created_news_id), 

=INFO REPORT==== 1-Dec-2016::15:48:28 ===
           ts_search:(5:<0.157.0>) Dyn Var (RE): no Match (varname=created_news_url), 

=INFO REPORT==== 1-Dec-2016::15:48:29 ===
           ts_search:(5:<0.178.0>) Dyn Var (RE): no Match (varname=created_news_id), 

=INFO REPORT==== 1-Dec-2016::15:48:29 ===
           ts_search:(5:<0.178.0>) Dyn Var (RE): no Match (varname=created_news_url), 

=INFO REPORT==== 1-Dec-2016::15:48:29 ===
           ts_search:(5:<0.383.0>) Dyn Var (RE): no Match (varname=created_news_id), 

=INFO REPORT==== 1-Dec-2016::15:48:29 ===
           ts_search:(5:<0.383.0>) Dyn Var (RE): no Match (varname=created_news_url), 

=INFO REPORT==== 1-Dec-2016::15:48:30 ===
           ts_search:(5:<0.461.0>) Dyn Var (RE): no Match (varname=created_news_id), 

=INFO REPORT==== 1-Dec-2016::15:48:30 ===
           ts_search:(5:<0.461.0>) Dyn Var (RE): no Match (varname=created_news_url), 

=INFO REPORT==== 1-Dec-2016::15:48:30 ===
           ts_search:(5:<0.407.0>) Dyn Var (RE): no Match (varname=created_news_id), 

=INFO REPORT==== 1-Dec-2016::15:48:30 ===
           ts_search:(5:<0.407.0>) Dyn Var (RE): no Match (varname=created_news_url), 

=INFO REPORT==== 1-Dec-2016::15:48:31 ===
           ts_search:(5:<0.319.0>) Dyn Var (RE): no Match (varname=created_news_id), 

=INFO REPORT==== 1-Dec-2016::15:48:31 ===
           ts_search:(5:<0.319.0>) Dyn Var (RE): no Match (varname=created_news_url), 

=INFO REPORT==== 1-Dec-2016::15:48:31 ===
           ts_search:(5:<0.211.0>) Dyn Var (RE): no Match (varname=created_news_id), 

=INFO REPORT==== 1-Dec-2016::15:48:31 ===
           ts_search:(5:<0.211.0>) Dyn Var (RE): no Match (varname=created_news_url), 

=INFO REPORT==== 1-Dec-2016::15:48:31 ===
         ts_launcher:(5:<0.112.0>) This was the last phase, wait for connected users to finish their session

=INFO REPORT==== 1-Dec-2016::15:48:31 ===
           ts_search:(5:<0.234.0>) Dyn Var (RE): no Match (varname=created_news_id), 

=INFO REPORT==== 1-Dec-2016::15:48:31 ===
           ts_search:(5:<0.234.0>) Dyn Var (RE): no Match (varname=created_news_url), 

=INFO REPORT==== 1-Dec-2016::15:48:31 ===
           ts_search:(5:<0.289.0>) Dyn Var (RE): no Match (varname=created_news_id), 

=INFO REPORT==== 1-Dec-2016::15:48:31 ===
           ts_search:(5:<0.289.0>) Dyn Var (RE): no Match (varname=created_news_url), 

=INFO REPORT==== 1-Dec-2016::15:48:32 ===
           ts_search:(5:<0.199.0>) Dyn Var (RE): no Match (varname=created_news_id), 

=INFO REPORT==== 1-Dec-2016::15:48:32 ===
           ts_search:(5:<0.199.0>) Dyn Var (RE): no Match (varname=created_news_url), 

=INFO REPORT==== 1-Dec-2016::15:48:32 ===
           ts_search:(5:<0.417.0>) Dyn Var (RE): no Match (varname=created_news_id), 

=INFO REPORT==== 1-Dec-2016::15:48:32 ===
           ts_search:(5:<0.417.0>) Dyn Var (RE): no Match (varname=created_news_url), 

=INFO REPORT==== 1-Dec-2016::15:48:32 ===
           ts_search:(5:<0.312.0>) Dyn Var (RE): no Match (varname=created_news_id), 

=INFO REPORT==== 1-Dec-2016::15:48:32 ===
           ts_search:(5:<0.312.0>) Dyn Var (RE): no Match (varname=created_news_url), 

=INFO REPORT==== 1-Dec-2016::15:48:32 ===
           ts_search:(5:<0.209.0>) Dyn Var (RE): no Match (varname=created_news_id), 

=INFO REPORT==== 1-Dec-2016::15:48:32 ===
           ts_search:(5:<0.209.0>) Dyn Var (RE): no Match (varname=created_news_url), 

=INFO REPORT==== 1-Dec-2016::15:48:34 ===
           ts_search:(5:<0.406.0>) Dyn Var (RE): no Match (varname=created_news_id), 

=INFO REPORT==== 1-Dec-2016::15:48:34 ===
           ts_search:(5:<0.406.0>) Dyn Var (RE): no Match (varname=created_news_url), 

=INFO REPORT==== 1-Dec-2016::15:48:34 ===
           ts_search:(5:<0.193.0>) Dyn Var (RE): no Match (varname=created_news_id), 

=INFO REPORT==== 1-Dec-2016::15:48:34 ===
           ts_search:(5:<0.193.0>) Dyn Var (RE): no Match (varname=created_news_url), 

=INFO REPORT==== 1-Dec-2016::15:48:34 ===
           ts_search:(5:<0.522.0>) Dyn Var (RE): no Match (varname=created_news_id), 

=INFO REPORT==== 1-Dec-2016::15:48:34 ===
           ts_search:(5:<0.522.0>) Dyn Var (RE): no Match (varname=created_news_url), 

=INFO REPORT==== 1-Dec-2016::15:48:34 ===
           ts_search:(5:<0.338.0>) Dyn Var (RE): no Match (varname=created_news_id), 

=INFO REPORT==== 1-Dec-2016::15:48:34 ===
           ts_search:(5:<0.338.0>) Dyn Var (RE): no Match (varname=created_news_url), 

=INFO REPORT==== 1-Dec-2016::15:48:34 ===
           ts_search:(5:<0.283.0>) Dyn Var (RE): no Match (varname=created_news_id), 

=INFO REPORT==== 1-Dec-2016::15:48:34 ===
           ts_search:(5:<0.283.0>) Dyn Var (RE): no Match (varname=created_news_url), 

=INFO REPORT==== 1-Dec-2016::15:48:34 ===
           ts_search:(5:<0.243.0>) Dyn Var (RE): no Match (varname=created_news_id), 

=INFO REPORT==== 1-Dec-2016::15:48:34 ===
           ts_search:(5:<0.243.0>) Dyn Var (RE): no Match (varname=created_news_url), 

=INFO REPORT==== 1-Dec-2016::15:48:35 ===
           ts_search:(5:<0.322.0>) Dyn Var (RE): no Match (varname=created_news_id), 

=INFO REPORT==== 1-Dec-2016::15:48:35 ===
           ts_search:(5:<0.322.0>) Dyn Var (RE): no Match (varname=created_news_url), 

=INFO REPORT==== 1-Dec-2016::15:48:35 ===
           ts_search:(5:<0.332.0>) Dyn Var (RE): no Match (varname=created_news_id), 

=INFO REPORT==== 1-Dec-2016::15:48:35 ===
           ts_search:(5:<0.332.0>) Dyn Var (RE): no Match (varname=created_news_url), 

=INFO REPORT==== 1-Dec-2016::15:48:35 ===
           ts_search:(5:<0.326.0>) Dyn Var (RE): no Match (varname=created_news_id), 

=INFO REPORT==== 1-Dec-2016::15:48:35 ===
           ts_search:(5:<0.326.0>) Dyn Var (RE): no Match (varname=created_news_url), 

=INFO REPORT==== 1-Dec-2016::15:48:35 ===
           ts_search:(5:<0.476.0>) Dyn Var (RE): no Match (varname=created_news_id), 

=INFO REPORT==== 1-Dec-2016::15:48:35 ===
           ts_search:(5:<0.476.0>) Dyn Var (RE): no Match (varname=created_news_url), 

=INFO REPORT==== 1-Dec-2016::15:48:35 ===
           ts_search:(5:<0.271.0>) Dyn Var (RE): no Match (varname=created_news_id), 

=INFO REPORT==== 1-Dec-2016::15:48:35 ===
           ts_search:(5:<0.271.0>) Dyn Var (RE): no Match (varname=created_news_url), 

=INFO REPORT==== 1-Dec-2016::15:48:35 ===
           ts_search:(5:<0.224.0>) Dyn Var (RE): no Match (varname=created_news_id), 

=INFO REPORT==== 1-Dec-2016::15:48:35 ===
           ts_search:(5:<0.224.0>) Dyn Var (RE): no Match (varname=created_news_url), 

=INFO REPORT==== 1-Dec-2016::15:48:35 ===
           ts_search:(5:<0.308.0>) Dyn Var (RE): no Match (varname=created_news_id), 

=INFO REPORT==== 1-Dec-2016::15:48:35 ===
           ts_search:(5:<0.308.0>) Dyn Var (RE): no Match (varname=created_news_url), 

=INFO REPORT==== 1-Dec-2016::15:48:35 ===
           ts_search:(5:<0.201.0>) Dyn Var (RE): no Match (varname=created_news_id), 

=INFO REPORT==== 1-Dec-2016::15:48:35 ===
           ts_search:(5:<0.201.0>) Dyn Var (RE): no Match (varname=created_news_url), 

=INFO REPORT==== 1-Dec-2016::15:48:36 ===
           ts_search:(5:<0.161.0>) Dyn Var (RE): no Match (varname=created_news_id), 

=INFO REPORT==== 1-Dec-2016::15:48:36 ===
           ts_search:(5:<0.161.0>) Dyn Var (RE): no Match (varname=created_news_url), 

=INFO REPORT==== 1-Dec-2016::15:48:36 ===
           ts_search:(5:<0.261.0>) Dyn Var (RE): no Match (varname=created_news_id), 

=INFO REPORT==== 1-Dec-2016::15:48:36 ===
           ts_search:(5:<0.261.0>) Dyn Var (RE): no Match (varname=created_news_url), 

=INFO REPORT==== 1-Dec-2016::15:48:36 ===
           ts_search:(5:<0.325.0>) Dyn Var (RE): no Match (varname=created_news_id), 

=INFO REPORT==== 1-Dec-2016::15:48:36 ===
           ts_search:(5:<0.325.0>) Dyn Var (RE): no Match (varname=created_news_url), 

=INFO REPORT==== 1-Dec-2016::15:48:37 ===
           ts_search:(5:<0.264.0>) Dyn Var (RE): no Match (varname=created_news_id), 

=INFO REPORT==== 1-Dec-2016::15:48:37 ===
           ts_search:(5:<0.264.0>) Dyn Var (RE): no Match (varname=created_news_url), 

=INFO REPORT==== 1-Dec-2016::15:48:37 ===
           ts_search:(5:<0.402.0>) Dyn Var (RE): no Match (varname=created_news_id), 

=INFO REPORT==== 1-Dec-2016::15:48:37 ===
           ts_search:(5:<0.402.0>) Dyn Var (RE): no Match (varname=created_news_url), 

=INFO REPORT==== 1-Dec-2016::15:48:37 ===
           ts_search:(5:<0.426.0>) Dyn Var (RE): no Match (varname=created_news_id), 

=INFO REPORT==== 1-Dec-2016::15:48:37 ===
           ts_search:(5:<0.426.0>) Dyn Var (RE): no Match (varname=created_news_url), 

=INFO REPORT==== 1-Dec-2016::15:48:37 ===
           ts_search:(5:<0.473.0>) Dyn Var (RE): no Match (varname=created_news_id), 

=INFO REPORT==== 1-Dec-2016::15:48:37 ===
           ts_search:(5:<0.473.0>) Dyn Var (RE): no Match (varname=created_news_url), 

=INFO REPORT==== 1-Dec-2016::15:48:37 ===
           ts_search:(5:<0.354.0>) Dyn Var (RE): no Match (varname=created_news_id), 

=INFO REPORT==== 1-Dec-2016::15:48:37 ===
           ts_search:(5:<0.354.0>) Dyn Var (RE): no Match (varname=created_news_url), 

=INFO REPORT==== 1-Dec-2016::15:48:37 ===
           ts_search:(5:<0.294.0>) Dyn Var (RE): no Match (varname=created_news_id), 

=INFO REPORT==== 1-Dec-2016::15:48:37 ===
           ts_search:(5:<0.294.0>) Dyn Var (RE): no Match (varname=created_news_url), 

=INFO REPORT==== 1-Dec-2016::15:48:38 ===
           ts_search:(5:<0.214.0>) Dyn Var (RE): no Match (varname=created_news_id), 

=INFO REPORT==== 1-Dec-2016::15:48:38 ===
           ts_search:(5:<0.214.0>) Dyn Var (RE): no Match (varname=created_news_url), 

=INFO REPORT==== 1-Dec-2016::15:48:38 ===
           ts_search:(5:<0.328.0>) Dyn Var (RE): no Match (varname=created_news_id), 

=INFO REPORT==== 1-Dec-2016::15:48:38 ===
           ts_search:(5:<0.328.0>) Dyn Var (RE): no Match (varname=created_news_url), 

=INFO REPORT==== 1-Dec-2016::15:48:38 ===
           ts_search:(5:<0.346.0>) Dyn Var (RE): no Match (varname=created_news_id), 

=INFO REPORT==== 1-Dec-2016::15:48:38 ===
           ts_search:(5:<0.346.0>) Dyn Var (RE): no Match (varname=created_news_url), 

=INFO REPORT==== 1-Dec-2016::15:48:38 ===
           ts_search:(5:<0.205.0>) Dyn Var (RE): no Match (varname=created_news_id), 

=INFO REPORT==== 1-Dec-2016::15:48:38 ===
           ts_search:(5:<0.205.0>) Dyn Var (RE): no Match (varname=created_news_url), 

=INFO REPORT==== 1-Dec-2016::15:48:38 ===
           ts_search:(5:<0.316.0>) Dyn Var (RE): no Match (varname=created_news_id), 

=INFO REPORT==== 1-Dec-2016::15:48:38 ===
           ts_search:(5:<0.316.0>) Dyn Var (RE): no Match (varname=created_news_url), 

=INFO REPORT==== 1-Dec-2016::15:48:39 ===
           ts_search:(5:<0.265.0>) Dyn Var (RE): no Match (varname=created_news_id), 

=INFO REPORT==== 1-Dec-2016::15:48:39 ===
           ts_search:(5:<0.265.0>) Dyn Var (RE): no Match (varname=created_news_url), 

=INFO REPORT==== 1-Dec-2016::15:48:39 ===
           ts_search:(5:<0.400.0>) Dyn Var (RE): no Match (varname=created_news_id), 

=INFO REPORT==== 1-Dec-2016::15:48:39 ===
           ts_search:(5:<0.400.0>) Dyn Var (RE): no Match (varname=created_news_url), 

=INFO REPORT==== 1-Dec-2016::15:48:39 ===
           ts_search:(5:<0.278.0>) Dyn Var (RE): no Match (varname=created_news_id), 

=INFO REPORT==== 1-Dec-2016::15:48:39 ===
           ts_search:(5:<0.278.0>) Dyn Var (RE): no Match (varname=created_news_url), 

=INFO REPORT==== 1-Dec-2016::15:48:39 ===
           ts_search:(5:<0.433.0>) Dyn Var (RE): no Match (varname=created_news_id), 

=INFO REPORT==== 1-Dec-2016::15:48:39 ===
           ts_search:(5:<0.433.0>) Dyn Var (RE): no Match (varname=created_news_url), 

=INFO REPORT==== 1-Dec-2016::15:48:39 ===
           ts_search:(5:<0.366.0>) Dyn Var (RE): no Match (varname=created_news_id), 

=INFO REPORT==== 1-Dec-2016::15:48:39 ===
           ts_search:(5:<0.366.0>) Dyn Var (RE): no Match (varname=created_news_url), 

=INFO REPORT==== 1-Dec-2016::15:48:40 ===
           ts_search:(5:<0.318.0>) Dyn Var (RE): no Match (varname=created_news_id), 

=INFO REPORT==== 1-Dec-2016::15:48:40 ===
           ts_search:(5:<0.318.0>) Dyn Var (RE): no Match (varname=created_news_url), 

=INFO REPORT==== 1-Dec-2016::15:48:40 ===
           ts_search:(5:<0.186.0>) Dyn Var (RE): no Match (varname=created_news_id), 

=INFO REPORT==== 1-Dec-2016::15:48:40 ===
           ts_search:(5:<0.186.0>) Dyn Var (RE): no Match (varname=created_news_url), 

=INFO REPORT==== 1-Dec-2016::15:48:40 ===
           ts_search:(5:<0.387.0>) Dyn Var (RE): no Match (varname=created_news_id), 

=INFO REPORT==== 1-Dec-2016::15:48:40 ===
           ts_search:(5:<0.387.0>) Dyn Var (RE): no Match (varname=created_news_url), 

=INFO REPORT==== 1-Dec-2016::15:48:40 ===
           ts_search:(5:<0.558.0>) Dyn Var (RE): no Match (varname=created_news_id), 

=INFO REPORT==== 1-Dec-2016::15:48:40 ===
           ts_search:(5:<0.558.0>) Dyn Var (RE): no Match (varname=created_news_url), 

=INFO REPORT==== 1-Dec-2016::15:48:40 ===
           ts_search:(5:<0.370.0>) Dyn Var (RE): no Match (varname=created_news_id), 

=INFO REPORT==== 1-Dec-2016::15:48:40 ===
           ts_search:(5:<0.370.0>) Dyn Var (RE): no Match (varname=created_news_url), 

=INFO REPORT==== 1-Dec-2016::15:48:41 ===
           ts_search:(5:<0.342.0>) Dyn Var (RE): no Match (varname=created_news_id), 

=INFO REPORT==== 1-Dec-2016::15:48:41 ===
           ts_search:(5:<0.342.0>) Dyn Var (RE): no Match (varname=created_news_url), 

=INFO REPORT==== 1-Dec-2016::15:48:41 ===
           ts_search:(5:<0.336.0>) Dyn Var (RE): no Match (varname=created_news_id), 

=INFO REPORT==== 1-Dec-2016::15:48:41 ===
           ts_search:(5:<0.336.0>) Dyn Var (RE): no Match (varname=created_news_url), 

=INFO REPORT==== 1-Dec-2016::15:48:41 ===
           ts_search:(5:<0.530.0>) Dyn Var (RE): no Match (varname=created_news_id), 

=INFO REPORT==== 1-Dec-2016::15:48:41 ===
           ts_search:(5:<0.530.0>) Dyn Var (RE): no Match (varname=created_news_url), 

=INFO REPORT==== 1-Dec-2016::15:48:41 ===
           ts_search:(5:<0.292.0>) Dyn Var (RE): no Match (varname=created_news_id), 

=INFO REPORT==== 1-Dec-2016::15:48:41 ===
           ts_search:(5:<0.292.0>) Dyn Var (RE): no Match (varname=created_news_url), 

=INFO REPORT==== 1-Dec-2016::15:48:41 ===
           ts_search:(5:<0.359.0>) Dyn Var (RE): no Match (varname=created_news_id), 

=INFO REPORT==== 1-Dec-2016::15:48:41 ===
           ts_search:(5:<0.359.0>) Dyn Var (RE): no Match (varname=created_news_url), 

=INFO REPORT==== 1-Dec-2016::15:48:41 ===
           ts_search:(5:<0.495.0>) Dyn Var (RE): no Match (varname=created_news_id), 

=INFO REPORT==== 1-Dec-2016::15:48:41 ===
           ts_search:(5:<0.495.0>) Dyn Var (RE): no Match (varname=created_news_url), 

=INFO REPORT==== 1-Dec-2016::15:48:41 ===
           ts_search:(5:<0.512.0>) Dyn Var (RE): no Match (varname=created_news_id), 

=INFO REPORT==== 1-Dec-2016::15:48:41 ===
           ts_search:(5:<0.512.0>) Dyn Var (RE): no Match (varname=created_news_url), 

=INFO REPORT==== 1-Dec-2016::15:48:41 ===
           ts_search:(5:<0.414.0>) Dyn Var (RE): no Match (varname=created_news_id), 

=INFO REPORT==== 1-Dec-2016::15:48:41 ===
           ts_search:(5:<0.414.0>) Dyn Var (RE): no Match (varname=created_news_url), 

=INFO REPORT==== 1-Dec-2016::15:48:41 ===
           ts_search:(5:<0.396.0>) Dyn Var (RE): no Match (varname=created_news_id), 

=INFO REPORT==== 1-Dec-2016::15:48:41 ===
           ts_search:(5:<0.396.0>) Dyn Var (RE): no Match (varname=created_news_url), 

=INFO REPORT==== 1-Dec-2016::15:48:42 ===
           ts_search:(5:<0.374.0>) Dyn Var (RE): no Match (varname=created_news_id), 

=INFO REPORT==== 1-Dec-2016::15:48:42 ===
           ts_search:(5:<0.374.0>) Dyn Var (RE): no Match (varname=created_news_url), 

=INFO REPORT==== 1-Dec-2016::15:48:42 ===
           ts_search:(5:<0.267.0>) Dyn Var (RE): no Match (varname=created_news_id), 

=INFO REPORT==== 1-Dec-2016::15:48:42 ===
           ts_search:(5:<0.267.0>) Dyn Var (RE): no Match (varname=created_news_url), 

=INFO REPORT==== 1-Dec-2016::15:48:42 ===
           ts_search:(5:<0.554.0>) Dyn Var (RE): no Match (varname=created_news_id), 

=INFO REPORT==== 1-Dec-2016::15:48:42 ===
           ts_search:(5:<0.554.0>) Dyn Var (RE): no Match (varname=created_news_url), 

=INFO REPORT==== 1-Dec-2016::15:48:42 ===
           ts_search:(5:<0.410.0>) Dyn Var (RE): no Match (varname=created_news_id), 

=INFO REPORT==== 1-Dec-2016::15:48:42 ===
           ts_search:(5:<0.410.0>) Dyn Var (RE): no Match (varname=created_news_url), 

=INFO REPORT==== 1-Dec-2016::15:48:42 ===
           ts_search:(5:<0.260.0>) Dyn Var (RE): no Match (varname=created_news_id), 

=INFO REPORT==== 1-Dec-2016::15:48:42 ===
           ts_search:(5:<0.260.0>) Dyn Var (RE): no Match (varname=created_news_url), 

=INFO REPORT==== 1-Dec-2016::15:48:42 ===
           ts_search:(5:<0.574.0>) Dyn Var (RE): no Match (varname=created_news_id), 

=INFO REPORT==== 1-Dec-2016::15:48:42 ===
           ts_search:(5:<0.574.0>) Dyn Var (RE): no Match (varname=created_news_url), 

=INFO REPORT==== 1-Dec-2016::15:48:43 ===
           ts_search:(5:<0.230.0>) Dyn Var (RE): no Match (varname=created_news_id), 

=INFO REPORT==== 1-Dec-2016::15:48:43 ===
           ts_search:(5:<0.230.0>) Dyn Var (RE): no Match (varname=created_news_url), 

=INFO REPORT==== 1-Dec-2016::15:48:43 ===
           ts_search:(5:<0.531.0>) Dyn Var (RE): no Match (varname=created_news_id), 

=INFO REPORT==== 1-Dec-2016::15:48:43 ===
           ts_search:(5:<0.531.0>) Dyn Var (RE): no Match (varname=created_news_url), 

=INFO REPORT==== 1-Dec-2016::15:48:43 ===
           ts_search:(5:<0.183.0>) Dyn Var (RE): no Match (varname=created_news_id), 

=INFO REPORT==== 1-Dec-2016::15:48:43 ===
           ts_search:(5:<0.183.0>) Dyn Var (RE): no Match (varname=created_news_url), 

=INFO REPORT==== 1-Dec-2016::15:48:43 ===
           ts_search:(5:<0.498.0>) Dyn Var (RE): no Match (varname=created_news_id), 

=INFO REPORT==== 1-Dec-2016::15:48:43 ===
           ts_search:(5:<0.498.0>) Dyn Var (RE): no Match (varname=created_news_url), 

=INFO REPORT==== 1-Dec-2016::15:48:43 ===
           ts_search:(5:<0.254.0>) Dyn Var (RE): no Match (varname=created_news_id), 

=INFO REPORT==== 1-Dec-2016::15:48:43 ===
           ts_search:(5:<0.254.0>) Dyn Var (RE): no Match (varname=created_news_url), 

=INFO REPORT==== 1-Dec-2016::15:48:43 ===
           ts_search:(5:<0.195.0>) Dyn Var (RE): no Match (varname=created_news_id), 

=INFO REPORT==== 1-Dec-2016::15:48:43 ===
           ts_search:(5:<0.195.0>) Dyn Var (RE): no Match (varname=created_news_url), 

=INFO REPORT==== 1-Dec-2016::15:48:43 ===
           ts_search:(5:<0.228.0>) Dyn Var (RE): no Match (varname=created_news_id), 

=INFO REPORT==== 1-Dec-2016::15:48:43 ===
           ts_search:(5:<0.228.0>) Dyn Var (RE): no Match (varname=created_news_url), 

=INFO REPORT==== 1-Dec-2016::15:48:43 ===
           ts_search:(5:<0.449.0>) Dyn Var (RE): no Match (varname=created_news_id), 

=INFO REPORT==== 1-Dec-2016::15:48:43 ===
           ts_search:(5:<0.449.0>) Dyn Var (RE): no Match (varname=created_news_url), 

=INFO REPORT==== 1-Dec-2016::15:48:43 ===
           ts_search:(5:<0.424.0>) Dyn Var (RE): no Match (varname=created_news_id), 

=INFO REPORT==== 1-Dec-2016::15:48:43 ===
           ts_search:(5:<0.424.0>) Dyn Var (RE): no Match (varname=created_news_url), 

=INFO REPORT==== 1-Dec-2016::15:48:44 ===
           ts_search:(5:<0.478.0>) Dyn Var (RE): no Match (varname=created_news_id), 

=INFO REPORT==== 1-Dec-2016::15:48:44 ===
           ts_search:(5:<0.478.0>) Dyn Var (RE): no Match (varname=created_news_url), 

=INFO REPORT==== 1-Dec-2016::15:48:44 ===
           ts_search:(5:<0.464.0>) Dyn Var (RE): no Match (varname=created_news_id), 

=INFO REPORT==== 1-Dec-2016::15:48:44 ===
           ts_search:(5:<0.464.0>) Dyn Var (RE): no Match (varname=created_news_url), 

=INFO REPORT==== 1-Dec-2016::15:48:44 ===
           ts_search:(5:<0.540.0>) Dyn Var (RE): no Match (varname=created_news_id), 

=INFO REPORT==== 1-Dec-2016::15:48:44 ===
           ts_search:(5:<0.540.0>) Dyn Var (RE): no Match (varname=created_news_url), 

=INFO REPORT==== 1-Dec-2016::15:48:45 ===
           ts_search:(5:<0.187.0>) Dyn Var (RE): no Match (varname=created_news_id), 

=INFO REPORT==== 1-Dec-2016::15:48:45 ===
           ts_search:(5:<0.187.0>) Dyn Var (RE): no Match (varname=created_news_url), 

=INFO REPORT==== 1-Dec-2016::15:48:45 ===
           ts_search:(5:<0.555.0>) Dyn Var (RE): no Match (varname=created_news_id), 

=INFO REPORT==== 1-Dec-2016::15:48:45 ===
           ts_search:(5:<0.555.0>) Dyn Var (RE): no Match (varname=created_news_url), 

=INFO REPORT==== 1-Dec-2016::15:48:45 ===
           ts_search:(5:<0.560.0>) Dyn Var (RE): no Match (varname=created_news_id), 

=INFO REPORT==== 1-Dec-2016::15:48:45 ===
           ts_search:(5:<0.560.0>) Dyn Var (RE): no Match (varname=created_news_url), 

=INFO REPORT==== 1-Dec-2016::15:48:45 ===
           ts_search:(5:<0.501.0>) Dyn Var (RE): no Match (varname=created_news_id), 

=INFO REPORT==== 1-Dec-2016::15:48:45 ===
           ts_search:(5:<0.501.0>) Dyn Var (RE): no Match (varname=created_news_url), 

=INFO REPORT==== 1-Dec-2016::15:48:46 ===
           ts_search:(5:<0.208.0>) Dyn Var (RE): no Match (varname=created_news_id), 

=INFO REPORT==== 1-Dec-2016::15:48:46 ===
           ts_search:(5:<0.208.0>) Dyn Var (RE): no Match (varname=created_news_url), 

=INFO REPORT==== 1-Dec-2016::15:48:46 ===
           ts_search:(5:<0.213.0>) Dyn Var (RE): no Match (varname=created_news_id), 

=INFO REPORT==== 1-Dec-2016::15:48:46 ===
           ts_search:(5:<0.213.0>) Dyn Var (RE): no Match (varname=created_news_url), 

=INFO REPORT==== 1-Dec-2016::15:48:46 ===
           ts_search:(5:<0.474.0>) Dyn Var (RE): no Match (varname=created_news_id), 

=INFO REPORT==== 1-Dec-2016::15:48:46 ===
           ts_search:(5:<0.474.0>) Dyn Var (RE): no Match (varname=created_news_url), 

=INFO REPORT==== 1-Dec-2016::15:48:46 ===
           ts_search:(5:<0.340.0>) Dyn Var (RE): no Match (varname=created_news_id), 

=INFO REPORT==== 1-Dec-2016::15:48:46 ===
           ts_search:(5:<0.340.0>) Dyn Var (RE): no Match (varname=created_news_url), 

=INFO REPORT==== 1-Dec-2016::15:48:46 ===
           ts_search:(5:<0.351.0>) Dyn Var (RE): no Match (varname=created_news_id), 

=INFO REPORT==== 1-Dec-2016::15:48:46 ===
           ts_search:(5:<0.351.0>) Dyn Var (RE): no Match (varname=created_news_url), 

=INFO REPORT==== 1-Dec-2016::15:48:46 ===
           ts_search:(5:<0.285.0>) Dyn Var (RE): no Match (varname=created_news_id), 

=INFO REPORT==== 1-Dec-2016::15:48:46 ===
           ts_search:(5:<0.285.0>) Dyn Var (RE): no Match (varname=created_news_url), 

=INFO REPORT==== 1-Dec-2016::15:48:46 ===
           ts_search:(5:<0.206.0>) Dyn Var (RE): no Match (varname=created_news_id), 

=INFO REPORT==== 1-Dec-2016::15:48:46 ===
           ts_search:(5:<0.206.0>) Dyn Var (RE): no Match (varname=created_news_url), 

=INFO REPORT==== 1-Dec-2016::15:48:46 ===
           ts_search:(5:<0.497.0>) Dyn Var (RE): no Match (varname=created_news_id), 

=INFO REPORT==== 1-Dec-2016::15:48:46 ===
           ts_search:(5:<0.497.0>) Dyn Var (RE): no Match (varname=created_news_url), 

=INFO REPORT==== 1-Dec-2016::15:48:46 ===
           ts_search:(5:<0.349.0>) Dyn Var (RE): no Match (varname=created_news_id), 

=INFO REPORT==== 1-Dec-2016::15:48:46 ===
           ts_search:(5:<0.349.0>) Dyn Var (RE): no Match (varname=created_news_url), 

=INFO REPORT==== 1-Dec-2016::15:48:47 ===
           ts_search:(5:<0.377.0>) Dyn Var (RE): no Match (varname=created_news_id), 

=INFO REPORT==== 1-Dec-2016::15:48:47 ===
           ts_search:(5:<0.377.0>) Dyn Var (RE): no Match (varname=created_news_url), 

=INFO REPORT==== 1-Dec-2016::15:48:47 ===
           ts_search:(5:<0.493.0>) Dyn Var (RE): no Match (varname=created_news_id), 

=INFO REPORT==== 1-Dec-2016::15:48:47 ===
           ts_search:(5:<0.493.0>) Dyn Var (RE): no Match (varname=created_news_url), 

=INFO REPORT==== 1-Dec-2016::15:48:47 ===
           ts_search:(5:<0.180.0>) Dyn Var (RE): no Match (varname=created_news_id), 

=INFO REPORT==== 1-Dec-2016::15:48:47 ===
           ts_search:(5:<0.180.0>) Dyn Var (RE): no Match (varname=created_news_url), 

=INFO REPORT==== 1-Dec-2016::15:48:47 ===
           ts_search:(5:<0.310.0>) Dyn Var (RE): no Match (varname=created_news_id), 

=INFO REPORT==== 1-Dec-2016::15:48:47 ===
           ts_search:(5:<0.310.0>) Dyn Var (RE): no Match (varname=created_news_url), 

=INFO REPORT==== 1-Dec-2016::15:48:47 ===
           ts_search:(5:<0.277.0>) Dyn Var (RE): no Match (varname=created_news_id), 

=INFO REPORT==== 1-Dec-2016::15:48:47 ===
           ts_search:(5:<0.277.0>) Dyn Var (RE): no Match (varname=created_news_url), 

=INFO REPORT==== 1-Dec-2016::15:48:47 ===
           ts_search:(5:<0.269.0>) Dyn Var (RE): no Match (varname=created_news_id), 

=INFO REPORT==== 1-Dec-2016::15:48:47 ===
           ts_search:(5:<0.269.0>) Dyn Var (RE): no Match (varname=created_news_url), 

=INFO REPORT==== 1-Dec-2016::15:48:48 ===
           ts_search:(5:<0.519.0>) Dyn Var (RE): no Match (varname=created_news_id), 

=INFO REPORT==== 1-Dec-2016::15:48:48 ===
           ts_search:(5:<0.519.0>) Dyn Var (RE): no Match (varname=created_news_url), 

=INFO REPORT==== 1-Dec-2016::15:48:48 ===
           ts_search:(5:<0.509.0>) Dyn Var (RE): no Match (varname=created_news_id), 

=INFO REPORT==== 1-Dec-2016::15:48:48 ===
           ts_search:(5:<0.509.0>) Dyn Var (RE): no Match (varname=created_news_url), 

=INFO REPORT==== 1-Dec-2016::15:48:48 ===
           ts_search:(5:<0.520.0>) Dyn Var (RE): no Match (varname=created_news_id), 

=INFO REPORT==== 1-Dec-2016::15:48:48 ===
           ts_search:(5:<0.520.0>) Dyn Var (RE): no Match (varname=created_news_url), 

=INFO REPORT==== 1-Dec-2016::15:48:48 ===
           ts_search:(5:<0.535.0>) Dyn Var (RE): no Match (varname=created_news_id), 

=INFO REPORT==== 1-Dec-2016::15:48:48 ===
           ts_search:(5:<0.535.0>) Dyn Var (RE): no Match (varname=created_news_url), 

=INFO REPORT==== 1-Dec-2016::15:48:48 ===
           ts_search:(5:<0.226.0>) Dyn Var (RE): no Match (varname=created_news_id), 

=INFO REPORT==== 1-Dec-2016::15:48:48 ===
           ts_search:(5:<0.226.0>) Dyn Var (RE): no Match (varname=created_news_url), 

=INFO REPORT==== 1-Dec-2016::15:48:48 ===
           ts_search:(5:<0.538.0>) Dyn Var (RE): no Match (varname=created_news_id), 

=INFO REPORT==== 1-Dec-2016::15:48:48 ===
           ts_search:(5:<0.538.0>) Dyn Var (RE): no Match (varname=created_news_url), 

=INFO REPORT==== 1-Dec-2016::15:48:48 ===
           ts_search:(5:<0.337.0>) Dyn Var (RE): no Match (varname=created_news_id), 

=INFO REPORT==== 1-Dec-2016::15:48:48 ===
           ts_search:(5:<0.337.0>) Dyn Var (RE): no Match (varname=created_news_url), 

=INFO REPORT==== 1-Dec-2016::15:48:49 ===
           ts_search:(5:<0.543.0>) Dyn Var (RE): no Match (varname=created_news_id), 

=INFO REPORT==== 1-Dec-2016::15:48:49 ===
           ts_search:(5:<0.543.0>) Dyn Var (RE): no Match (varname=created_news_url), 

=INFO REPORT==== 1-Dec-2016::15:48:49 ===
           ts_search:(5:<0.418.0>) Dyn Var (RE): no Match (varname=created_news_id), 

=INFO REPORT==== 1-Dec-2016::15:48:49 ===
           ts_search:(5:<0.418.0>) Dyn Var (RE): no Match (varname=created_news_url), 

=INFO REPORT==== 1-Dec-2016::15:48:49 ===
           ts_search:(5:<0.185.0>) Dyn Var (RE): no Match (varname=created_news_id), 

=INFO REPORT==== 1-Dec-2016::15:48:49 ===
           ts_search:(5:<0.185.0>) Dyn Var (RE): no Match (varname=created_news_url), 

=INFO REPORT==== 1-Dec-2016::15:48:49 ===
           ts_search:(5:<0.335.0>) Dyn Var (RE): no Match (varname=created_news_id), 

=INFO REPORT==== 1-Dec-2016::15:48:49 ===
           ts_search:(5:<0.335.0>) Dyn Var (RE): no Match (varname=created_news_url), 

=INFO REPORT==== 1-Dec-2016::15:48:49 ===
           ts_search:(5:<0.459.0>) Dyn Var (RE): no Match (varname=created_news_id), 

=INFO REPORT==== 1-Dec-2016::15:48:49 ===
           ts_search:(5:<0.459.0>) Dyn Var (RE): no Match (varname=created_news_url), 

=INFO REPORT==== 1-Dec-2016::15:48:49 ===
           ts_search:(5:<0.548.0>) Dyn Var (RE): no Match (varname=created_news_id), 

=INFO REPORT==== 1-Dec-2016::15:48:49 ===
           ts_search:(5:<0.548.0>) Dyn Var (RE): no Match (varname=created_news_url), 

=INFO REPORT==== 1-Dec-2016::15:48:49 ===
           ts_search:(5:<0.311.0>) Dyn Var (RE): no Match (varname=created_news_id), 

=INFO REPORT==== 1-Dec-2016::15:48:49 ===
           ts_search:(5:<0.311.0>) Dyn Var (RE): no Match (varname=created_news_url), 

=INFO REPORT==== 1-Dec-2016::15:48:50 ===
           ts_search:(5:<0.221.0>) Dyn Var (RE): no Match (varname=created_news_id), 

=INFO REPORT==== 1-Dec-2016::15:48:50 ===
           ts_search:(5:<0.221.0>) Dyn Var (RE): no Match (varname=created_news_url), 

=INFO REPORT==== 1-Dec-2016::15:48:50 ===
           ts_search:(5:<0.578.0>) Dyn Var (RE): no Match (varname=created_news_id), 

=INFO REPORT==== 1-Dec-2016::15:48:50 ===
           ts_search:(5:<0.578.0>) Dyn Var (RE): no Match (varname=created_news_url), 

=INFO REPORT==== 1-Dec-2016::15:48:50 ===
           ts_search:(5:<0.320.0>) Dyn Var (RE): no Match (varname=created_news_id), 

=INFO REPORT==== 1-Dec-2016::15:48:50 ===
           ts_search:(5:<0.320.0>) Dyn Var (RE): no Match (varname=created_news_url), 

=INFO REPORT==== 1-Dec-2016::15:48:50 ===
           ts_search:(5:<0.385.0>) Dyn Var (RE): no Match (varname=created_news_id), 

=INFO REPORT==== 1-Dec-2016::15:48:50 ===
           ts_search:(5:<0.385.0>) Dyn Var (RE): no Match (varname=created_news_url), 

=INFO REPORT==== 1-Dec-2016::15:48:51 ===
           ts_search:(5:<0.375.0>) Dyn Var (RE): no Match (varname=created_news_id), 

=INFO REPORT==== 1-Dec-2016::15:48:51 ===
           ts_search:(5:<0.375.0>) Dyn Var (RE): no Match (varname=created_news_url), 

=INFO REPORT==== 1-Dec-2016::15:48:51 ===
           ts_search:(5:<0.321.0>) Dyn Var (RE): no Match (varname=created_news_id), 

=INFO REPORT==== 1-Dec-2016::15:48:51 ===
           ts_search:(5:<0.321.0>) Dyn Var (RE): no Match (varname=created_news_url), 

=INFO REPORT==== 1-Dec-2016::15:48:51 ===
           ts_search:(5:<0.191.0>) Dyn Var (RE): no Match (varname=created_news_id), 

=INFO REPORT==== 1-Dec-2016::15:48:51 ===
           ts_search:(5:<0.191.0>) Dyn Var (RE): no Match (varname=created_news_url), 

=INFO REPORT==== 1-Dec-2016::15:48:51 ===
           ts_search:(5:<0.317.0>) Dyn Var (RE): no Match (varname=created_news_id), 

=INFO REPORT==== 1-Dec-2016::15:48:51 ===
           ts_search:(5:<0.317.0>) Dyn Var (RE): no Match (varname=created_news_url), 

=INFO REPORT==== 1-Dec-2016::15:48:52 ===
           ts_search:(5:<0.358.0>) Dyn Var (RE): no Match (varname=created_news_id), 

=INFO REPORT==== 1-Dec-2016::15:48:52 ===
           ts_search:(5:<0.358.0>) Dyn Var (RE): no Match (varname=created_news_url), 

=INFO REPORT==== 1-Dec-2016::15:48:52 ===
           ts_search:(5:<0.514.0>) Dyn Var (RE): no Match (varname=created_news_id), 

=INFO REPORT==== 1-Dec-2016::15:48:52 ===
           ts_search:(5:<0.514.0>) Dyn Var (RE): no Match (varname=created_news_url), 

=INFO REPORT==== 1-Dec-2016::15:48:52 ===
           ts_search:(5:<0.373.0>) Dyn Var (RE): no Match (varname=created_news_id), 

=INFO REPORT==== 1-Dec-2016::15:48:52 ===
           ts_search:(5:<0.373.0>) Dyn Var (RE): no Match (varname=created_news_url), 

=INFO REPORT==== 1-Dec-2016::15:48:52 ===
           ts_search:(5:<0.365.0>) Dyn Var (RE): no Match (varname=created_news_id), 

=INFO REPORT==== 1-Dec-2016::15:48:52 ===
           ts_search:(5:<0.365.0>) Dyn Var (RE): no Match (varname=created_news_url), 

=INFO REPORT==== 1-Dec-2016::15:48:52 ===
           ts_search:(5:<0.528.0>) Dyn Var (RE): no Match (varname=created_news_id), 

=INFO REPORT==== 1-Dec-2016::15:48:52 ===
           ts_search:(5:<0.528.0>) Dyn Var (RE): no Match (varname=created_news_url), 

=INFO REPORT==== 1-Dec-2016::15:48:52 ===
           ts_search:(5:<0.465.0>) Dyn Var (RE): no Match (varname=created_news_id), 

=INFO REPORT==== 1-Dec-2016::15:48:52 ===
           ts_search:(5:<0.465.0>) Dyn Var (RE): no Match (varname=created_news_url), 

=INFO REPORT==== 1-Dec-2016::15:48:53 ===
           ts_search:(5:<0.280.0>) Dyn Var (RE): no Match (varname=created_news_id), 

=INFO REPORT==== 1-Dec-2016::15:48:53 ===
           ts_search:(5:<0.280.0>) Dyn Var (RE): no Match (varname=created_news_url), 

=INFO REPORT==== 1-Dec-2016::15:48:53 ===
           ts_search:(5:<0.355.0>) Dyn Var (RE): no Match (varname=created_news_id), 

=INFO REPORT==== 1-Dec-2016::15:48:53 ===
           ts_search:(5:<0.355.0>) Dyn Var (RE): no Match (varname=created_news_url), 

=INFO REPORT==== 1-Dec-2016::15:48:53 ===
           ts_search:(5:<0.403.0>) Dyn Var (RE): no Match (varname=created_news_id), 

=INFO REPORT==== 1-Dec-2016::15:48:53 ===
           ts_search:(5:<0.403.0>) Dyn Var (RE): no Match (varname=created_news_url), 

=INFO REPORT==== 1-Dec-2016::15:48:55 ===
           ts_search:(5:<0.266.0>) Dyn Var (RE): no Match (varname=created_news_id), 

=INFO REPORT==== 1-Dec-2016::15:48:55 ===
           ts_search:(5:<0.266.0>) Dyn Var (RE): no Match (varname=created_news_url), 

=INFO REPORT==== 1-Dec-2016::15:48:55 ===
           ts_search:(5:<0.517.0>) Dyn Var (RE): no Match (varname=created_news_id), 

=INFO REPORT==== 1-Dec-2016::15:48:55 ===
           ts_search:(5:<0.517.0>) Dyn Var (RE): no Match (varname=created_news_url), 

=INFO REPORT==== 1-Dec-2016::15:48:55 ===
           ts_search:(5:<0.380.0>) Dyn Var (RE): no Match (varname=created_news_id), 

=INFO REPORT==== 1-Dec-2016::15:48:55 ===
           ts_search:(5:<0.380.0>) Dyn Var (RE): no Match (varname=created_news_url), 

=INFO REPORT==== 1-Dec-2016::15:48:55 ===
           ts_search:(5:<0.451.0>) Dyn Var (RE): no Match (varname=created_news_id), 

=INFO REPORT==== 1-Dec-2016::15:48:55 ===
           ts_search:(5:<0.451.0>) Dyn Var (RE): no Match (varname=created_news_url), 

=INFO REPORT==== 1-Dec-2016::15:48:56 ===
           ts_search:(5:<0.290.0>) Dyn Var (RE): no Match (varname=created_news_id), 

=INFO REPORT==== 1-Dec-2016::15:48:56 ===
           ts_search:(5:<0.290.0>) Dyn Var (RE): no Match (varname=created_news_url), 

=INFO REPORT==== 1-Dec-2016::15:48:56 ===
           ts_search:(5:<0.258.0>) Dyn Var (RE): no Match (varname=created_news_id), 

=INFO REPORT==== 1-Dec-2016::15:48:56 ===
           ts_search:(5:<0.258.0>) Dyn Var (RE): no Match (varname=created_news_url), 

=INFO REPORT==== 1-Dec-2016::15:48:56 ===
           ts_search:(5:<0.314.0>) Dyn Var (RE): no Match (varname=created_news_id), 

=INFO REPORT==== 1-Dec-2016::15:48:56 ===
           ts_search:(5:<0.314.0>) Dyn Var (RE): no Match (varname=created_news_url), 

=INFO REPORT==== 1-Dec-2016::15:48:57 ===
           ts_search:(5:<0.438.0>) Dyn Var (RE): no Match (varname=created_news_id), 

=INFO REPORT==== 1-Dec-2016::15:48:57 ===
           ts_search:(5:<0.438.0>) Dyn Var (RE): no Match (varname=created_news_url), 

=INFO REPORT==== 1-Dec-2016::15:48:57 ===
           ts_search:(5:<0.569.0>) Dyn Var (RE): no Match (varname=created_news_id), 

=INFO REPORT==== 1-Dec-2016::15:48:57 ===
           ts_search:(5:<0.569.0>) Dyn Var (RE): no Match (varname=created_news_url), 

=INFO REPORT==== 1-Dec-2016::15:48:57 ===
           ts_search:(5:<0.467.0>) Dyn Var (RE): no Match (varname=created_news_id), 

=INFO REPORT==== 1-Dec-2016::15:48:57 ===
           ts_search:(5:<0.467.0>) Dyn Var (RE): no Match (varname=created_news_url), 

=INFO REPORT==== 1-Dec-2016::15:48:57 ===
           ts_search:(5:<0.333.0>) Dyn Var (RE): no Match (varname=created_news_id), 

=INFO REPORT==== 1-Dec-2016::15:48:57 ===
           ts_search:(5:<0.333.0>) Dyn Var (RE): no Match (varname=created_news_url), 

=INFO REPORT==== 1-Dec-2016::15:48:58 ===
           ts_search:(5:<0.323.0>) Dyn Var (RE): no Match (varname=created_news_id), 

=INFO REPORT==== 1-Dec-2016::15:48:58 ===
           ts_search:(5:<0.323.0>) Dyn Var (RE): no Match (varname=created_news_url), 

=INFO REPORT==== 1-Dec-2016::15:48:58 ===
           ts_search:(5:<0.237.0>) Dyn Var (RE): no Match (varname=created_news_id), 

=INFO REPORT==== 1-Dec-2016::15:48:58 ===
           ts_search:(5:<0.237.0>) Dyn Var (RE): no Match (varname=created_news_url), 

=INFO REPORT==== 1-Dec-2016::15:48:58 ===
           ts_search:(5:<0.480.0>) Dyn Var (RE): no Match (varname=created_news_id), 

=INFO REPORT==== 1-Dec-2016::15:48:58 ===
           ts_search:(5:<0.480.0>) Dyn Var (RE): no Match (varname=created_news_url), 

=INFO REPORT==== 1-Dec-2016::15:48:58 ===
           ts_search:(5:<0.551.0>) Dyn Var (RE): no Match (varname=created_news_id), 

=INFO REPORT==== 1-Dec-2016::15:48:58 ===
           ts_search:(5:<0.551.0>) Dyn Var (RE): no Match (varname=created_news_url), 

=INFO REPORT==== 1-Dec-2016::15:48:59 ===
           ts_search:(5:<0.293.0>) Dyn Var (RE): no Match (varname=created_news_id), 

=INFO REPORT==== 1-Dec-2016::15:48:59 ===
           ts_search:(5:<0.293.0>) Dyn Var (RE): no Match (varname=created_news_url), 

=INFO REPORT==== 1-Dec-2016::15:49:00 ===
           ts_search:(5:<0.251.0>) Dyn Var (RE): no Match (varname=created_news_id), 

=INFO REPORT==== 1-Dec-2016::15:49:00 ===
           ts_search:(5:<0.251.0>) Dyn Var (RE): no Match (varname=created_news_url), 

=INFO REPORT==== 1-Dec-2016::15:49:00 ===
           ts_search:(5:<0.244.0>) Dyn Var (RE): no Match (varname=created_news_id), 

=INFO REPORT==== 1-Dec-2016::15:49:00 ===
           ts_search:(5:<0.244.0>) Dyn Var (RE): no Match (varname=created_news_url), 

=INFO REPORT==== 1-Dec-2016::15:49:00 ===
           ts_search:(5:<0.229.0>) Dyn Var (RE): no Match (varname=created_news_id), 

=INFO REPORT==== 1-Dec-2016::15:49:00 ===
           ts_search:(5:<0.229.0>) Dyn Var (RE): no Match (varname=created_news_url), 

=INFO REPORT==== 1-Dec-2016::15:49:01 ===
           ts_search:(5:<0.421.0>) Dyn Var (RE): no Match (varname=created_news_id), 

=INFO REPORT==== 1-Dec-2016::15:49:01 ===
           ts_search:(5:<0.421.0>) Dyn Var (RE): no Match (varname=created_news_url), 

=INFO REPORT==== 1-Dec-2016::15:49:01 ===
           ts_search:(5:<0.511.0>) Dyn Var (RE): no Match (varname=created_news_id), 

=INFO REPORT==== 1-Dec-2016::15:49:01 ===
           ts_search:(5:<0.511.0>) Dyn Var (RE): no Match (varname=created_news_url), 

=INFO REPORT==== 1-Dec-2016::15:49:01 ===
           ts_search:(5:<0.434.0>) Dyn Var (RE): no Match (varname=created_news_id), 

=INFO REPORT==== 1-Dec-2016::15:49:01 ===
           ts_search:(5:<0.434.0>) Dyn Var (RE): no Match (varname=created_news_url), 

=INFO REPORT==== 1-Dec-2016::15:49:01 ===
           ts_search:(5:<0.490.0>) Dyn Var (RE): no Match (varname=created_news_id), 

=INFO REPORT==== 1-Dec-2016::15:49:01 ===
           ts_search:(5:<0.490.0>) Dyn Var (RE): no Match (varname=created_news_url), 

=INFO REPORT==== 1-Dec-2016::15:49:02 ===
           ts_search:(5:<0.491.0>) Dyn Var (RE): no Match (varname=created_news_id), 

=INFO REPORT==== 1-Dec-2016::15:49:02 ===
           ts_search:(5:<0.491.0>) Dyn Var (RE): no Match (varname=created_news_url), 

=INFO REPORT==== 1-Dec-2016::15:49:02 ===
           ts_search:(5:<0.422.0>) Dyn Var (RE): no Match (varname=created_news_id), 

=INFO REPORT==== 1-Dec-2016::15:49:02 ===
           ts_search:(5:<0.422.0>) Dyn Var (RE): no Match (varname=created_news_url), 

=INFO REPORT==== 1-Dec-2016::15:49:02 ===
           ts_search:(5:<0.392.0>) Dyn Var (RE): no Match (varname=created_news_id), 

=INFO REPORT==== 1-Dec-2016::15:49:02 ===
           ts_search:(5:<0.392.0>) Dyn Var (RE): no Match (varname=created_news_url), 

=INFO REPORT==== 1-Dec-2016::15:49:02 ===
           ts_search:(5:<0.184.0>) Dyn Var (RE): no Match (varname=created_news_id), 

=INFO REPORT==== 1-Dec-2016::15:49:02 ===
           ts_search:(5:<0.184.0>) Dyn Var (RE): no Match (varname=created_news_url), 

=INFO REPORT==== 1-Dec-2016::15:49:04 ===
           ts_search:(5:<0.425.0>) Dyn Var (RE): no Match (varname=created_news_id), 

=INFO REPORT==== 1-Dec-2016::15:49:04 ===
           ts_search:(5:<0.425.0>) Dyn Var (RE): no Match (varname=created_news_url), 

=INFO REPORT==== 1-Dec-2016::15:49:04 ===
           ts_search:(5:<0.210.0>) Dyn Var (RE): no Match (varname=created_news_id), 

=INFO REPORT==== 1-Dec-2016::15:49:04 ===
           ts_search:(5:<0.210.0>) Dyn Var (RE): no Match (varname=created_news_url), 

=INFO REPORT==== 1-Dec-2016::15:49:06 ===
           ts_search:(5:<0.482.0>) Dyn Var (RE): no Match (varname=created_news_id), 

=INFO REPORT==== 1-Dec-2016::15:49:06 ===
           ts_search:(5:<0.482.0>) Dyn Var (RE): no Match (varname=created_news_url), 

=INFO REPORT==== 1-Dec-2016::15:49:07 ===
           ts_search:(5:<0.200.0>) Dyn Var (RE): no Match (varname=created_news_id), 

=INFO REPORT==== 1-Dec-2016::15:49:07 ===
           ts_search:(5:<0.200.0>) Dyn Var (RE): no Match (varname=created_news_url), 

=INFO REPORT==== 1-Dec-2016::15:49:07 ===
           ts_search:(5:<0.212.0>) Dyn Var (RE): no Match (varname=created_news_id), 

=INFO REPORT==== 1-Dec-2016::15:49:07 ===
           ts_search:(5:<0.212.0>) Dyn Var (RE): no Match (varname=created_news_url), 

=INFO REPORT==== 1-Dec-2016::15:49:07 ===
           ts_search:(5:<0.454.0>) Dyn Var (RE): no Match (varname=created_news_id), 

=INFO REPORT==== 1-Dec-2016::15:49:07 ===
           ts_search:(5:<0.454.0>) Dyn Var (RE): no Match (varname=created_news_url), 

=INFO REPORT==== 1-Dec-2016::15:49:08 ===
           ts_search:(5:<0.468.0>) Dyn Var (RE): no Match (varname=created_news_id), 

=INFO REPORT==== 1-Dec-2016::15:49:08 ===
           ts_search:(5:<0.468.0>) Dyn Var (RE): no Match (varname=created_news_url), 

=INFO REPORT==== 1-Dec-2016::15:49:08 ===
           ts_search:(5:<0.253.0>) Dyn Var (RE): no Match (varname=created_news_id), 

=INFO REPORT==== 1-Dec-2016::15:49:08 ===
           ts_search:(5:<0.253.0>) Dyn Var (RE): no Match (varname=created_news_url), 

=INFO REPORT==== 1-Dec-2016::15:49:08 ===
           ts_search:(5:<0.286.0>) Dyn Var (RE): no Match (varname=created_news_id), 

=INFO REPORT==== 1-Dec-2016::15:49:08 ===
           ts_search:(5:<0.286.0>) Dyn Var (RE): no Match (varname=created_news_url), 

=INFO REPORT==== 1-Dec-2016::15:49:09 ===
           ts_search:(5:<0.405.0>) Dyn Var (RE): no Match (varname=created_news_id), 

=INFO REPORT==== 1-Dec-2016::15:49:09 ===
           ts_search:(5:<0.405.0>) Dyn Var (RE): no Match (varname=created_news_url), 

=INFO REPORT==== 1-Dec-2016::15:49:09 ===
           ts_search:(5:<0.263.0>) Dyn Var (RE): no Match (varname=created_news_id), 

=INFO REPORT==== 1-Dec-2016::15:49:09 ===
           ts_search:(5:<0.263.0>) Dyn Var (RE): no Match (varname=created_news_url), 

=INFO REPORT==== 1-Dec-2016::15:49:09 ===
           ts_search:(5:<0.348.0>) Dyn Var (RE): no Match (varname=created_news_id), 

=INFO REPORT==== 1-Dec-2016::15:49:09 ===
           ts_search:(5:<0.348.0>) Dyn Var (RE): no Match (varname=created_news_url), 

=INFO REPORT==== 1-Dec-2016::15:49:09 ===
           ts_search:(5:<0.207.0>) Dyn Var (RE): no Match (varname=created_news_id), 

=INFO REPORT==== 1-Dec-2016::15:49:09 ===
           ts_search:(5:<0.207.0>) Dyn Var (RE): no Match (varname=created_news_url), 

=INFO REPORT==== 1-Dec-2016::15:49:10 ===
           ts_search:(5:<0.241.0>) Dyn Var (RE): no Match (varname=created_news_id), 

=INFO REPORT==== 1-Dec-2016::15:49:10 ===
           ts_search:(5:<0.241.0>) Dyn Var (RE): no Match (varname=created_news_url), 

=INFO REPORT==== 1-Dec-2016::15:49:11 ===
           ts_search:(5:<0.279.0>) Dyn Var (RE): no Match (varname=created_news_id), 

=INFO REPORT==== 1-Dec-2016::15:49:11 ===
           ts_search:(5:<0.279.0>) Dyn Var (RE): no Match (varname=created_news_url), 

=INFO REPORT==== 1-Dec-2016::15:49:11 ===
           ts_search:(5:<0.298.0>) Dyn Var (RE): no Match (varname=created_news_id), 

=INFO REPORT==== 1-Dec-2016::15:49:11 ===
           ts_search:(5:<0.298.0>) Dyn Var (RE): no Match (varname=created_news_url), 

=INFO REPORT==== 1-Dec-2016::15:49:12 ===
           ts_search:(5:<0.504.0>) Dyn Var (RE): no Match (varname=created_news_id), 

=INFO REPORT==== 1-Dec-2016::15:49:12 ===
           ts_search:(5:<0.504.0>) Dyn Var (RE): no Match (varname=created_news_url), 

=INFO REPORT==== 1-Dec-2016::15:49:12 ===
           ts_search:(5:<0.313.0>) Dyn Var (RE): no Match (varname=created_news_id), 

=INFO REPORT==== 1-Dec-2016::15:49:12 ===
           ts_search:(5:<0.313.0>) Dyn Var (RE): no Match (varname=created_news_url), 

=INFO REPORT==== 1-Dec-2016::15:49:13 ===
           ts_search:(5:<0.437.0>) Dyn Var (RE): no Match (varname=created_news_id), 

=INFO REPORT==== 1-Dec-2016::15:49:13 ===
           ts_search:(5:<0.437.0>) Dyn Var (RE): no Match (varname=created_news_url), 

=INFO REPORT==== 1-Dec-2016::15:49:13 ===
           ts_search:(5:<0.227.0>) Dyn Var (RE): no Match (varname=created_news_id), 

=INFO REPORT==== 1-Dec-2016::15:49:13 ===
           ts_search:(5:<0.227.0>) Dyn Var (RE): no Match (varname=created_news_url), 

=INFO REPORT==== 1-Dec-2016::15:49:14 ===
           ts_search:(5:<0.481.0>) Dyn Var (RE): no Match (varname=created_news_id), 

=INFO REPORT==== 1-Dec-2016::15:49:14 ===
           ts_search:(5:<0.481.0>) Dyn Var (RE): no Match (varname=created_news_url), 

=INFO REPORT==== 1-Dec-2016::15:49:14 ===
           ts_search:(5:<0.222.0>) Dyn Var (RE): no Match (varname=created_news_id), 

=INFO REPORT==== 1-Dec-2016::15:49:14 ===
           ts_search:(5:<0.222.0>) Dyn Var (RE): no Match (varname=created_news_url), 

=INFO REPORT==== 1-Dec-2016::15:49:14 ===
           ts_search:(5:<0.586.0>) Dyn Var (RE): no Match (varname=created_news_id), 

=INFO REPORT==== 1-Dec-2016::15:49:14 ===
           ts_search:(5:<0.586.0>) Dyn Var (RE): no Match (varname=created_news_url), 

=INFO REPORT==== 1-Dec-2016::15:49:15 ===
           ts_search:(5:<0.532.0>) Dyn Var (RE): no Match (varname=created_news_id), 

=INFO REPORT==== 1-Dec-2016::15:49:15 ===
           ts_search:(5:<0.532.0>) Dyn Var (RE): no Match (varname=created_news_url), 

=INFO REPORT==== 1-Dec-2016::15:49:17 ===
           ts_search:(5:<0.255.0>) Dyn Var (RE): no Match (varname=created_news_id), 

=INFO REPORT==== 1-Dec-2016::15:49:17 ===
           ts_search:(5:<0.255.0>) Dyn Var (RE): no Match (varname=created_news_url), 

=INFO REPORT==== 1-Dec-2016::15:49:17 ===
           ts_search:(5:<0.388.0>) Dyn Var (RE): no Match (varname=created_news_id), 

=INFO REPORT==== 1-Dec-2016::15:49:17 ===
           ts_search:(5:<0.388.0>) Dyn Var (RE): no Match (varname=created_news_url), 

=INFO REPORT==== 1-Dec-2016::15:49:18 ===
           ts_search:(5:<0.386.0>) Dyn Var (RE): no Match (varname=created_news_id), 

=INFO REPORT==== 1-Dec-2016::15:49:18 ===
           ts_search:(5:<0.386.0>) Dyn Var (RE): no Match (varname=created_news_url), 

=INFO REPORT==== 1-Dec-2016::15:49:18 ===
           ts_search:(5:<0.544.0>) Dyn Var (RE): no Match (varname=created_news_id), 

=INFO REPORT==== 1-Dec-2016::15:49:18 ===
           ts_search:(5:<0.544.0>) Dyn Var (RE): no Match (varname=created_news_url), 

=INFO REPORT==== 1-Dec-2016::15:49:21 ===
           ts_search:(5:<0.324.0>) Dyn Var (RE): no Match (varname=created_news_id), 

=INFO REPORT==== 1-Dec-2016::15:49:21 ===
           ts_search:(5:<0.324.0>) Dyn Var (RE): no Match (varname=created_news_url), 

=INFO REPORT==== 1-Dec-2016::15:49:24 ===
           ts_search:(5:<0.369.0>) Dyn Var (RE): no Match (varname=created_news_id), 

=INFO REPORT==== 1-Dec-2016::15:49:24 ===
           ts_search:(5:<0.369.0>) Dyn Var (RE): no Match (varname=created_news_url), 

=INFO REPORT==== 1-Dec-2016::15:49:27 ===
           ts_search:(5:<0.378.0>) Dyn Var (RE): no Match (varname=created_news_id), 

=INFO REPORT==== 1-Dec-2016::15:49:27 ===
           ts_search:(5:<0.378.0>) Dyn Var (RE): no Match (varname=created_news_url), 

=INFO REPORT==== 1-Dec-2016::15:49:28 ===
           ts_search:(5:<0.330.0>) Dyn Var (RE): no Match (varname=created_news_id), 

=INFO REPORT==== 1-Dec-2016::15:49:28 ===
           ts_search:(5:<0.330.0>) Dyn Var (RE): no Match (varname=created_news_url), 

=INFO REPORT==== 1-Dec-2016::15:49:28 ===
           ts_search:(5:<0.472.0>) Dyn Var (RE): no Match (varname=created_news_id), 

=INFO REPORT==== 1-Dec-2016::15:49:28 ===
           ts_search:(5:<0.472.0>) Dyn Var (RE): no Match (varname=created_news_url), 

=INFO REPORT==== 1-Dec-2016::15:49:30 ===
           ts_search:(5:<0.552.0>) Dyn Var (RE): no Match (varname=created_news_id), 

=INFO REPORT==== 1-Dec-2016::15:49:30 ===
           ts_search:(5:<0.552.0>) Dyn Var (RE): no Match (varname=created_news_url), 

=INFO REPORT==== 1-Dec-2016::15:49:30 ===
           ts_search:(5:<0.549.0>) Dyn Var (RE): no Match (varname=created_news_id), 

=INFO REPORT==== 1-Dec-2016::15:49:30 ===
           ts_search:(5:<0.549.0>) Dyn Var (RE): no Match (varname=created_news_url), 

=INFO REPORT==== 1-Dec-2016::15:49:30 ===
           ts_search:(5:<0.220.0>) Dyn Var (RE): no Match (varname=created_news_id), 

=INFO REPORT==== 1-Dec-2016::15:49:30 ===
           ts_search:(5:<0.220.0>) Dyn Var (RE): no Match (varname=created_news_url), 

=INFO REPORT==== 1-Dec-2016::15:49:32 ===
           ts_search:(5:<0.189.0>) Dyn Var (RE): no Match (varname=created_news_id), 

=INFO REPORT==== 1-Dec-2016::15:49:32 ===
           ts_search:(5:<0.189.0>) Dyn Var (RE): no Match (varname=created_news_url), 

=INFO REPORT==== 1-Dec-2016::15:49:34 ===
           ts_search:(5:<0.347.0>) Dyn Var (RE): no Match (varname=created_news_id), 

=INFO REPORT==== 1-Dec-2016::15:49:34 ===
           ts_search:(5:<0.347.0>) Dyn Var (RE): no Match (varname=created_news_url), 

=INFO REPORT==== 1-Dec-2016::15:49:36 ===
           ts_search:(5:<0.500.0>) Dyn Var (RE): no Match (varname=created_news_id), 

=INFO REPORT==== 1-Dec-2016::15:49:36 ===
           ts_search:(5:<0.500.0>) Dyn Var (RE): no Match (varname=created_news_url), 

=INFO REPORT==== 1-Dec-2016::15:51:26 ===
     ts_launcher_mgr:(5:<0.106.0>) No more active users 'tsung_controller@ip-172-31-13-122' "1902"

=INFO REPORT==== 1-Dec-2016::15:51:27 ===
              ts_mon:(5:<0.56.0>) stopping monitor (normal)
