# stats: dump at 1480616634
stats: users 6 6
stats: {freemem,"tsung_controller@ip-172-31-13-122"} 1 3158.796875 0 3158.796875 3158.796875 0 0
stats: {load,"tsung_controller@ip-172-31-13-122"} 1 0.41015625 0 0.41015625 0.41015625 0 0
stats: {cpu,"tsung_controller@ip-172-31-13-122"} 1 3.3292186478388026 0 3.3292186478388026 3.3292186478388026 0 0
stats: users_count 6 6
stats: finish_users_count 0 0
stats: request 9 45.67371961805556 33.171159920953514 120.680908203125 13.16796875 0 0
stats: connect 6 17.9735107421875 38.448547824753476 103.947021484375 0.69189453125 0 0
stats: page 9 45.67371961805556 33.171159920953514 120.680908203125 13.16796875 0 0
stats: 200 9 9
stats: size_rcv 1421911 1421911
stats: size_sent 4648 4648
stats: connected 6 6
# stats: dump at 1480616644
stats: users 16 16
stats: {freemem,"tsung_controller@ip-172-31-13-122"} 1 3158.125 0.0 3158.796875 3158.125 3158.796875 1
stats: {load,"tsung_controller@ip-172-31-13-122"} 1 0.3515625 0.0 0.41015625 0.3515625 0.41015625 1
stats: {recvpackets,"tsung_controller@ip-172-31-13-122"} 1 1528 0 1528 1528 0 0
stats: {sentpackets,"tsung_controller@ip-172-31-13-122"} 1 715 0 715 715 0 0
stats: {cpu,"tsung_controller@ip-172-31-13-122"} 1 2.263779527559055 0.0 3.3292186478388026 2.263779527559055 3.3292186478388026 1
stats: users_count 10 16
stats: finish_users_count 0 0
stats: request 36 963.7490776909722 2114.6756578215136 7168.7919921875 13.16796875 45.67371961805556 9
stats: connect 10 0.778076171875 0.07005253523405491 103.947021484375 0.6708984375 17.9735107421875 6
stats: page 36 963.7490776909722 2114.6756578215136 7168.7919921875 13.16796875 45.67371961805556 9
stats: 200 36 45
stats: size_rcv 7876799 9298710
stats: size_sent 13188 17836
stats: connected 10 16
# stats: dump at 1480616654
stats: users 30 30
stats: {freemem,"tsung_controller@ip-172-31-13-122"} 1 3155.59375 0.0 3158.796875 3155.59375 3158.4609375 2
stats: {load,"tsung_controller@ip-172-31-13-122"} 1 0.30078125 0.0 0.41015625 0.30078125 0.380859375 2
stats: {recvpackets,"tsung_controller@ip-172-31-13-122"} 1 6276.0 0.0 6276 1528 1528.0 1
stats: {sentpackets,"tsung_controller@ip-172-31-13-122"} 1 2618.0 0.0 2618 715 715.0 1
stats: {cpu,"tsung_controller@ip-172-31-13-122"} 1 2.6627218934911245 0.0 3.3292186478388026 2.263779527559055 2.796499087698929 2
stats: users_count 14 30
stats: finish_users_count 0 0
stats: request 32 625.8107528686523 1767.0750637853507 8633.31005859375 13.16796875 780.1340060763889 45
stats: connect 12 0.7804158528645834 0.0736010399987608 103.947021484375 0.666015625 7.2263641357421875 16
stats: page 32 625.8107528686523 1767.0750637853507 8633.31005859375 13.16796875 780.1340060763889 45
stats: 200 32 77
stats: size_rcv 6520185 15818895
stats: size_sent 22371 40207
stats: connected 12 28
# stats: dump at 1480616664
stats: users 52 52
stats: {freemem,"tsung_controller@ip-172-31-13-122"} 1 3154.515625 0.0 3158.796875 3154.515625 3157.5052083333335 3
stats: {load,"tsung_controller@ip-172-31-13-122"} 1 0.25 0.0 0.41015625 0.25 0.3541666666666667 3
stats: {recvpackets,"tsung_controller@ip-172-31-13-122"} 1 3378.0 0.0 6276 1528 3902.0 2
stats: {sentpackets,"tsung_controller@ip-172-31-13-122"} 1 1309.0 0.0 2618 715 1666.5 2
stats: {cpu,"tsung_controller@ip-172-31-13-122"} 1 2.0689655172413794 0.0 3.3292186478388026 2.0689655172413794 2.7519066896296605 3
stats: users_count 22 52
stats: finish_users_count 0 0
stats: request 11 10509.328946200285 1488.9590053996399 12602.6748046875 13.16796875 715.9996670809659 77
stats: connect 23 0.7912279211956522 0.06883735325466361 103.947021484375 0.56591796875 4.463814871651786 28
stats: page 11 10509.328946200285 1488.9590053996399 12602.6748046875 13.16796875 715.9996670809659 77
stats: 200 11 88
stats: size_rcv 5430454 21249349
stats: newphase 1 1
stats: size_sent 8667 48874
stats: connected 23 51
# stats: dump at 1480616674
stats: users 74 74
stats: {freemem,"tsung_controller@ip-172-31-13-122"} 1 3154.16015625 0.0 3158.796875 3154.16015625 3156.7578125 4
stats: {load,"tsung_controller@ip-172-31-13-122"} 1 0.2109375 0.0 0.41015625 0.2109375 0.328125 4
stats: {recvpackets,"tsung_controller@ip-172-31-13-122"} 1 3837.0 0.0 6276 1528 3727.3333333333335 3
stats: {sentpackets,"tsung_controller@ip-172-31-13-122"} 1 1582.0 0.0 2618 715 1547.3333333333333 3
stats: {cpu,"tsung_controller@ip-172-31-13-122"} 1 2.2660098522167487 0.0 3.3292186478388026 2.0689655172413794 2.58117139653259 4
stats: users_count 22 74
stats: finish_users_count 0 0
stats: request 66 11612.041478012547 4876.166564642591 21975.947998046875 13.16796875 1940.1658269708807 88
stats: connect 23 0.9735160495923914 0.733791408340836 103.947021484375 0.56591796875 2.807550168504902 51
stats: page 66 11612.041478012547 4876.166564642591 21975.947998046875 13.16796875 1940.1658269708807 88
stats: 200 66 154
stats: size_rcv 8765176 30014525
stats: newphase 0 1
stats: size_sent 22674 71548
stats: connected 23 74
# stats: dump at 1480616684
stats: users 84 84
stats: {freemem,"tsung_controller@ip-172-31-13-122"} 1 3148.58984375 0.0 3158.796875 3148.58984375 3156.23828125 5
stats: {load,"tsung_controller@ip-172-31-13-122"} 1 0.1796875 0.0 0.41015625 0.1796875 0.3046875 5
stats: {recvpackets,"tsung_controller@ip-172-31-13-122"} 1 8320.0 0.0 8320 1528 3754.75 4
stats: {sentpackets,"tsung_controller@ip-172-31-13-122"} 1 3574.0 0.0 3574 715 1556.0 4
stats: {cpu,"tsung_controller@ip-172-31-13-122"} 1 3.0632411067193677 0.0 3.3292186478388026 2.0689655172413794 2.518139087669422 5
stats: users_count 10 84
stats: finish_users_count 0 0
stats: request 40 7439.2959411621105 6822.718275668075 29171.39794921875 13.16796875 6085.255391703024 154
stats: connect 9 0.8067762586805556 0.03574826291137258 103.947021484375 0.56591796875 2.2375125369510136 74
stats: page 40 7439.2959411621105 6822.718275668075 29171.39794921875 13.16796875 6085.255391703024 154
stats: 200 40 194
stats: size_rcv 12066931 42081456
stats: newphase 0 1
stats: size_sent 28888 100436
stats: connected 9 83
# stats: dump at 1480616694
stats: users 114 114
stats: {freemem,"tsung_controller@ip-172-31-13-122"} 1 3146.44140625 0.0 3158.796875 3146.44140625 3154.9635416666665 6
stats: {load,"tsung_controller@ip-172-31-13-122"} 1 0.1484375 0.0 0.41015625 0.1484375 0.2838541666666667 6
stats: {recvpackets,"tsung_controller@ip-172-31-13-122"} 1 11138.0 0.0 11138 1528 4667.8 5
stats: {sentpackets,"tsung_controller@ip-172-31-13-122"} 1 4131.0 0.0 4131 715 1959.6 5
stats: {cpu,"tsung_controller@ip-172-31-13-122"} 1 3.8048780487804876 0.0 3.8048780487804876 2.0689655172413794 2.608989424177746 6
stats: session 1 66083.56909179688 0 66083.56909179688 66083.56909179688 0 0
stats: users_count 31 115
stats: finish_users_count 1 1
stats: request 105 7668.784747023814 3954.836448736961 29171.39794921875 0.97900390625 6364.439010148196 194
stats: connect 31 0.7290826612903226 0.1397988362881287 103.947021484375 0.5439453125 2.0823724585843375 83
stats: page 105 7668.784747023814 3954.836448736961 29171.39794921875 0.97900390625 6364.439010148196 194
stats: 200 99 293
stats: size_rcv 22336468 64417924
stats: newphase 1 2
stats: size_sent 52148 152584
stats: connected 30 113
stats: 503 6 6
# stats: dump at 1480616704
stats: users 161 161
stats: {freemem,"tsung_controller@ip-172-31-13-122"} 1 3144.14453125 0.0 3158.796875 3144.14453125 3153.74609375 7
stats: {load,"tsung_controller@ip-172-31-13-122"} 1 0.12890625 0.0 0.41015625 0.12890625 0.26450892857142855 7
stats: {recvpackets,"tsung_controller@ip-172-31-13-122"} 1 11042.0 0.0 11138 1528 5746.166666666667 6
stats: {sentpackets,"tsung_controller@ip-172-31-13-122"} 1 4583.0 0.0 4583 715 2321.5 6
stats: {cpu,"tsung_controller@ip-172-31-13-122"} 1 4.253214638971316 0.0 4.253214638971316 2.0689655172413794 2.7798306562638517 7
stats: session 1 65376.111083984375 0.0 66083.56909179688 65376.111083984375 66083.56909179688 1
stats: users_count 48 163
stats: finish_users_count 1 2
stats: request 196 1728.1261073521202 4641.005751751187 29171.39794921875 0.705810546875 6822.486844168062 299
stats: connect 48 0.7466888427734374 0.09092331799533175 103.947021484375 0.531005859375 1.7143726014254386 114
stats: page 196 1728.1261073521202 4641.005751751187 29171.39794921875 0.705810546875 6822.486844168062 299
stats: 200 23 316
stats: size_rcv 3311308 67729232
stats: newphase 0 2
stats: size_sent 42542 195126
stats: connected 47 160
stats: 503 172 178
stats: 500 1 1
# stats: dump at 1480616714
stats: users 192 192
stats: {freemem,"tsung_controller@ip-172-31-13-122"} 1 3140.984375 0.0 3158.796875 3140.984375 3152.5458984375 8
stats: {load,"tsung_controller@ip-172-31-13-122"} 1 0.109375 0.0 0.41015625 0.109375 0.24755859374999997 8
stats: {recvpackets,"tsung_controller@ip-172-31-13-122"} 1 3988.0 0.0 11138 1528 6502.714285714285 7
stats: {sentpackets,"tsung_controller@ip-172-31-13-122"} 1 2107.0 0.0 4583 715 2644.5714285714284 7
stats: {cpu,"tsung_controller@ip-172-31-13-122"} 1 3.8499506416584404 0.0 4.253214638971316 2.0689655172413794 2.9640036541022847 8
stats: session 4 38550.37390136719 24707.763148535978 66083.56909179688 10280.121826171875 65729.84008789063 2
stats: users_count 35 198
stats: finish_users_count 4 6
stats: request 425 260.4264769071691 2408.6887525091697 29171.39794921875 0.6669921875 4805.325825145992 495
stats: connect 35 0.7191755022321429 0.10934722458744475 103.947021484375 0.531005859375 1.4276514877507716 162
stats: page 425 260.4264769071691 2408.6887525091697 29171.39794921875 0.6669921875 4805.325825145992 495
stats: 200 4 320
stats: size_rcv 3989292 71718524
stats: newphase 0 2
stats: size_sent 101120 296246
stats: connected 31 191
stats: 503 420 598
stats: 500 1 2
# stats: dump at 1480616724
stats: users 245 245
stats: {freemem,"tsung_controller@ip-172-31-13-122"} 1 3138.765625 0.0 3158.796875 3138.765625 3151.261284722222 9
stats: {load,"tsung_controller@ip-172-31-13-122"} 1 0.08984375 0.0 0.41015625 0.08984375 0.2322048611111111 9
stats: {recvpackets,"tsung_controller@ip-172-31-13-122"} 1 2951.0 0.0 11138 1528 6188.375 8
stats: {sentpackets,"tsung_controller@ip-172-31-13-122"} 1 1.8e3 0.0 4583 715 2577.375 8
stats: {cpu,"tsung_controller@ip-172-31-13-122"} 1 5.376344086021505 0.0 5.376344086021505 2.0689655172413794 3.062442208275191 9
stats: session 24 31534.983367919922 17623.546009756486 69787.02685546875 10280.121826171875 47610.195963541664 6
stats: users_count 77 275
stats: finish_users_count 24 30
stats: request 603 861.4709241876562 5090.333477345516 34811.02197265625 0.6640625 2705.7799305791445 920
stats: connect 76 0.6793245014391447 0.11316231227220801 103.947021484375 0.531005859375 1.3017801197652283 197
stats: page 603 861.4709241876562 5090.333477345516 34811.02197265625 0.6640625 2705.7799305791445 920
stats: 200 17 337
stats: size_rcv 4919442 76637966
stats: newphase 1 3
stats: size_sent 126917 423163
stats: connected 53 244
stats: 503 586 1184
stats: 500 0 2
# stats: dump at 1480616734
stats: users 284 286
stats: {freemem,"tsung_controller@ip-172-31-13-122"} 1 3136.453125 0.0 3158.796875 3136.453125 3150.01171875 10
stats: {load,"tsung_controller@ip-172-31-13-122"} 1 0.078125 0.0 0.41015625 0.078125 0.21796875 10
stats: {recvpackets,"tsung_controller@ip-172-31-13-122"} 1 3232.0 0.0 11138 1528 5828.666666666667 9
stats: {sentpackets,"tsung_controller@ip-172-31-13-122"} 1 2521.0 0.0 4583 715 2491.0 9
stats: {cpu,"tsung_controller@ip-172-31-13-122"} 1 6.692531522793405 0.0 6.692531522793405 2.0689655172413794 3.2938323960498224 10
stats: session 42 40010.34980701265 24673.141200902377 102246.09399414063 10280.121826171875 34750.02588704427 30
stats: users_count 81 356
stats: finish_users_count 42 72
stats: request 798 484.5915273413021 4294.880106412823 40708.092041015625 0.635986328125 1975.5643489284107 1523
stats: connect 82 0.6712021246189027 0.14845636446729316 103.947021484375 0.531005859375 1.1284957718063187 273
stats: page 798 484.5915273413021 4294.880106412823 40708.092041015625 0.635986328125 1975.5643489284107 1523
stats: 200 10 347
stats: size_rcv 5118172 81756138
stats: newphase 0 3
stats: size_sent 155667 578830
stats: connected 41 285
stats: 503 788 1972
stats: 500 0 2
# stats: dump at 1480616744
stats: users 317 321
stats: {freemem,"tsung_controller@ip-172-31-13-122"} 1 3134.0625 0.0 3158.796875 3134.0625 3148.779119318182 11
stats: {load,"tsung_controller@ip-172-31-13-122"} 1 0.0703125 0.0 0.41015625 0.0703125 0.20525568181818182 11
stats: {recvpackets,"tsung_controller@ip-172-31-13-122"} 1 5402.0 0.0 11138 1528 5569.0 10
stats: {sentpackets,"tsung_controller@ip-172-31-13-122"} 1 3578.0 0.0 4583 715 2494.0 10
stats: {cpu,"tsung_controller@ip-172-31-13-122"} 1 9.266409266409266 0.0 9.266409266409266 2.0689655172413794 3.6028050439356023 11
stats: session 49 37629.09188655932 25615.99431123723 106036.1650390625 10280.121826171875 37818.54817369249 72
stats: users_count 82 438
stats: finish_users_count 49 121
stats: request 1040 729.5265664907605 5836.020766601559 53227.6240234375 0.635986328125 1462.9420690376255 2321
stats: connect 82 0.7161567501905489 0.4569391387055998 103.947021484375 0.491943359375 1.0228673800616197 355
stats: page 1040 729.5265664907605 5836.020766601559 53227.6240234375 0.635986328125 1462.9420690376255 2321
stats: 200 16 363
stats: size_rcv 5046608 86802746
stats: newphase 0 3
stats: size_sent 196224 775054
stats: connected 35 320
stats: 503 1024 2996
stats: 500 0 2
# stats: dump at 1480616754
stats: users 255 324
stats: {freemem,"tsung_controller@ip-172-31-13-122"} 1 3132.0703125 0.0 3158.796875 3132.0703125 3147.552734375 12
stats: {load,"tsung_controller@ip-172-31-13-122"} 1 0.12890625 0.0 0.41015625 0.0703125 0.19401041666666666 12
stats: {recvpackets,"tsung_controller@ip-172-31-13-122"} 1 3808.0 0.0 11138 1528 5553.818181818182 11
stats: {sentpackets,"tsung_controller@ip-172-31-13-122"} 1 3467.0 0.0 4583 715 2592.5454545454545 11
stats: {cpu,"tsung_controller@ip-172-31-13-122"} 1 9.351145038167939 0.0 9.351145038167939 2.0689655172413794 4.074772062475074 12
stats: session 73 32288.833843910532 21778.34283745033 119675.80786132813 10280.121826171875 37741.82620617575 121
stats: users_count 11 449
stats: finish_users_count 73 194
stats: request 891 2175.016489767468 10926.803268212001 62775.319091796875 0.635986328125 1236.0000509927759 3361
stats: connect 12 1.06622314453125 1.1143348086626612 103.947021484375 0.491943359375 0.9653152710240275 437
stats: page 891 2175.016489767468 10926.803268212001 62775.319091796875 0.635986328125 1236.0000509927759 3361
stats: 200 34 397
stats: size_rcv 6508675 93311421
stats: newphase 0 3
stats: size_sent 182405 957459
stats: connected -62 258
stats: 503 857 3853
stats: 500 0 2
# stats: dump at 1480616764
stats: users 196 324
stats: {freemem,"tsung_controller@ip-172-31-13-122"} 1 3131.71875 0.0 3158.796875 3131.71875 3146.361778846154 13
stats: {load,"tsung_controller@ip-172-31-13-122"} 1 0.109375 0.0 0.41015625 0.0703125 0.18900240384615385 13
stats: {recvpackets,"tsung_controller@ip-172-31-13-122"} 1 4679.0 0.0 11138 1528 5408.333333333333 12
stats: {sentpackets,"tsung_controller@ip-172-31-13-122"} 1 3380.0 0.0 4583 715 2665.4166666666665 12
stats: {cpu,"tsung_controller@ip-172-31-13-122"} 1 6.686332350049164 0.0 9.351145038167939 2.0689655172413794 4.480646906759142 13
stats: session 59 37014.12490482652 27354.955248477163 123916.11401367188 10280.121826171875 35689.927018313065 194
stats: users_count 0 449
stats: finish_users_count 59 253
stats: request 505 1794.9353249729272 10283.454535243416 68724.373046875 0.635986328125 1432.7694881866262 4252
stats: connect 0 0 0 103.947021484375 0.491943359375 0.9680121406945991 449
stats: page 505 1794.9353249729272 10283.454535243416 68724.373046875 0.635986328125 1432.7694881866262 4252
stats: 200 14 411
stats: size_rcv 5427453 98738874
stats: newphase 0 3
stats: size_sent 142910 1100369
stats: connected -60 198
stats: 503 490 4343
stats: 500 1 3
# stats: dump at 1480616774
stats: users 142 324
stats: {freemem,"tsung_controller@ip-172-31-13-122"} 1 3131.484375 0.0 3158.796875 3131.484375 3145.315848214286 14
stats: {load,"tsung_controller@ip-172-31-13-122"} 1 0.08984375 0.0 0.41015625 0.0703125 0.18331473214285715 14
stats: {recvpackets,"tsung_controller@ip-172-31-13-122"} 1 5172.0 0.0 11138 1528 5352.2307692307695 13
stats: {sentpackets,"tsung_controller@ip-172-31-13-122"} 1 2540.0 0.0 4583 715 2720.3846153846152 13
stats: {cpu,"tsung_controller@ip-172-31-13-122"} 1 5.288932419196866 0.0 9.351145038167939 2.0689655172413794 4.638195866994144 14
stats: session 54 50933.113661024305 33030.811674214136 128270.19091796875 10280.121826171875 35998.732059041504 253
stats: users_count 0 449
stats: finish_users_count 54 307
stats: request 255 9158.893008003983 20225.010212405814 72199.123046875 0.635986328125 1471.2167758841417 4757
stats: connect 0 0 0 103.947021484375 0.491943359375 0.9680121406945991 449
stats: page 255 9158.893008003983 20225.010212405814 72199.123046875 0.635986328125 1471.2167758841417 4757
stats: 200 45 456
stats: size_rcv 11334186 110073060
stats: newphase 0 3
stats: size_sent 89396 1189765
stats: connected -56 142
stats: 503 210 4553
stats: 500 0 3
# stats: dump at 1480616784
stats: users 131 324
stats: {freemem,"tsung_controller@ip-172-31-13-122"} 1 3131.36328125 0.0 3158.796875 3131.36328125 3144.39375 15
stats: {load,"tsung_controller@ip-172-31-13-122"} 1 0.078125 0.0 0.41015625 0.0703125 0.17708333333333334 15
stats: {recvpackets,"tsung_controller@ip-172-31-13-122"} 1 7213.0 0.0 11138 1528 5339.357142857143 14
stats: {sentpackets,"tsung_controller@ip-172-31-13-122"} 1 3605.0 0.0 4583 715 2707.5 14
stats: {cpu,"tsung_controller@ip-172-31-13-122"} 1 4.887585532746823 0.0 9.351145038167939 2.0689655172413794 4.681578303807658 15
stats: session 11 72475.0576837713 26787.330482722253 128270.19091796875 10280.121826171875 38625.62654277789 307
stats: users_count 0 449
stats: finish_users_count 11 318
stats: request 139 3108.3434900517086 12938.254534306549 72199.123046875 0.635986328125 1862.349545076193 5012
stats: connect 0 0 0 103.947021484375 0.491943359375 0.9680121406945991 449
stats: page 139 3108.3434900517086 12938.254534306549 72199.123046875 0.635986328125 1862.349545076193 5012
stats: 200 7 463
stats: size_rcv 3117963 113191023
stats: newphase 0 3
stats: size_sent 64860 1254625
stats: connected -11 131
stats: 503 131 4684
stats: 500 1 4
# stats: dump at 1480616794
stats: users 120 324
stats: {freemem,"tsung_controller@ip-172-31-13-122"} 1 3131.2421875 0.0 3158.796875 3131.2421875 3143.579345703125 16
stats: {load,"tsung_controller@ip-172-31-13-122"} 1 0.0703125 0.0 0.41015625 0.0703125 0.1708984375 16
stats: {recvpackets,"tsung_controller@ip-172-31-13-122"} 1 3753.0 0.0 11138 1528 5464.266666666666 15
stats: {sentpackets,"tsung_controller@ip-172-31-13-122"} 1 1864.0 0.0 4583 715 2767.3333333333335 15
stats: {cpu,"tsung_controller@ip-172-31-13-122"} 1 3.140333660451423 0.0 9.351145038167939 2.0689655172413794 4.694453755616356 16
stats: session 11 82639.51928710938 23935.996884892018 129817.17700195313 10280.121826171875 39796.51881495062 318
stats: users_count 0 449
stats: finish_users_count 11 329
stats: request 101 7618.678672261757 17211.810380212803 72199.123046875 0.635986328125 1895.9727557831618 5151
stats: connect 0 0 0 103.947021484375 0.491943359375 0.9680121406945991 449
stats: page 101 7618.678672261757 17211.810380212803 72199.123046875 0.635986328125 1895.9727557831618 5151
stats: 200 17 480
stats: size_rcv 5457483 118648506
stats: newphase 0 3
stats: size_sent 45152 1299777
stats: connected -11 120
stats: 503 84 4768
stats: 500 0 4
# stats: dump at 1480616804
stats: users 114 324
stats: {freemem,"tsung_controller@ip-172-31-13-122"} 1 3131.125 0.0 3158.796875 3131.125 3142.853630514706 17
stats: {load,"tsung_controller@ip-172-31-13-122"} 1 0.05859375 0.0 0.41015625 0.05859375 0.16498161764705882 17
stats: {recvpackets,"tsung_controller@ip-172-31-13-122"} 1 4806.0 0.0 11138 1528 5357.3125 16
stats: {sentpackets,"tsung_controller@ip-172-31-13-122"} 1 1931.0 0.0 4583 715 2710.875 16
stats: {cpu,"tsung_controller@ip-172-31-13-122"} 1 2.371541501976284 0.0 9.351145038167939 2.0689655172413794 4.603034926489007 17
stats: session 6 78912.18400065105 15748.050289322447 129817.17700195313 10280.121826171875 41228.95956022036 329
stats: users_count 0 449
stats: finish_users_count 6 335
stats: request 56 15576.255453927177 21837.005201181837 72199.123046875 0.635986328125 2006.0247926385193 5252
stats: connect 0 0 0 103.947021484375 0.491943359375 0.9680121406945991 449
stats: page 56 15576.255453927177 21837.005201181837 72199.123046875 0.635986328125 2006.0247926385193 5252
stats: 200 18 498
stats: size_rcv 3871585 122520091
stats: newphase 0 3
stats: size_sent 26921 1326698
stats: connected -6 114
stats: 503 37 4805
stats: 500 1 5
# stats: dump at 1480616814
stats: users 110 324
stats: {freemem,"tsung_controller@ip-172-31-13-122"} 1 3131.015625 0.0 3158.796875 3131.015625 3142.2020399305557 18
stats: {load,"tsung_controller@ip-172-31-13-122"} 1 0.05078125 0.0 0.41015625 0.05078125 0.15907118055555555 18
stats: {recvpackets,"tsung_controller@ip-172-31-13-122"} 1 2322.0 0.0 11138 1528 5324.882352941177 17
stats: {sentpackets,"tsung_controller@ip-172-31-13-122"} 1 962.0 0.0 4583 715 2665.0 17
stats: {cpu,"tsung_controller@ip-172-31-13-122"} 1 2.1589793915603535 0.0 9.351145038167939 2.0689655172413794 4.479063069571634 18
stats: session 4 76558.81573486328 7835.7730073793955 129817.17700195313 10280.121826171875 41903.88298303405 335
stats: users_count 0 449
stats: finish_users_count 4 339
stats: request 35 28810.203062220986 23786.192088754087 72199.123046875 0.635986328125 2149.1922600522657 5308
stats: connect 0 0 0 103.947021484375 0.491943359375 0.9680121406945991 449
stats: page 35 28810.203062220986 23786.192088754087 72199.123046875 0.635986328125 2149.1922600522657 5308
stats: 200 20 518
stats: size_rcv 6055598 128575689
stats: newphase 0 3
stats: size_sent 16199 1342897
stats: connected -4 110
stats: 503 14 4819
stats: 500 1 6
# stats: dump at 1480616824
stats: users 105 324
stats: {freemem,"tsung_controller@ip-172-31-13-122"} 1 3131.05859375 0.0 3158.796875 3131.015625 3141.61328125 19
stats: {load,"tsung_controller@ip-172-31-13-122"} 1 0.0390625 0.0 0.41015625 0.0390625 0.1533717105263158 19
stats: {recvpackets,"tsung_controller@ip-172-31-13-122"} 1 4143.0 0.0 11138 1528 5158.055555555556 18
stats: {sentpackets,"tsung_controller@ip-172-31-13-122"} 1 1706.0 0.0 4583 715 2570.3888888888887 18
stats: {cpu,"tsung_controller@ip-172-31-13-122"} 1 1.782178217821782 0.0 9.351145038167939 1.782178217821782 4.356953402307883 19
stats: session 5 105292.18657226562 23611.06327309276 129817.17700195313 10280.121826171875 42312.79074411758 339
stats: users_count 0 449
stats: finish_users_count 5 344
stats: request 20 42294.40440673828 18239.923911105303 72199.123046875 0.635986328125 2323.8385969558603 5343
stats: connect 0 0 0 103.947021484375 0.491943359375 0.9680121406945991 449
stats: page 20 42294.40440673828 18239.923911105303 72199.123046875 0.635986328125 2323.8385969558603 5343
stats: 200 16 534
stats: size_rcv 4841228 133416917
stats: newphase 0 3
stats: size_sent 7115 1350012
stats: connected -5 105
stats: 503 3 4822
stats: 500 1 7
# stats: dump at 1480616834
stats: users 104 324
stats: {freemem,"tsung_controller@ip-172-31-13-122"} 1 3131.046875 0.0 3158.796875 3131.015625 3141.085546875 20
stats: {load,"tsung_controller@ip-172-31-13-122"} 1 0.03125 0.0 0.41015625 0.03125 0.14765625 20
stats: {recvpackets,"tsung_controller@ip-172-31-13-122"} 1 2505.0 0.0 11138 1528 5104.631578947368 19
stats: {sentpackets,"tsung_controller@ip-172-31-13-122"} 1 1021.0 0.0 4583 715 2524.8947368421054 19
stats: {cpu,"tsung_controller@ip-172-31-13-122"} 1 1.5779092702169626 0.0 9.351145038167939 1.5779092702169626 4.228214643083578 20
stats: session 1 189715.20092773438 0.0 189715.20092773438 10280.121826171875 43228.18893929415 344
stats: users_count 0 449
stats: finish_users_count 1 345
stats: request 18 57892.54273817274 2401.5733573923485 72199.123046875 0.635986328125 2472.899069862004 5363
stats: connect 0 0 0 103.947021484375 0.491943359375 0.9680121406945991 449
stats: page 18 57892.54273817274 2401.5733573923485 72199.123046875 0.635986328125 2472.899069862004 5363
stats: 200 18 552
stats: size_rcv 7860208 141277125
stats: newphase 0 3
stats: size_sent 7210 1357222
stats: connected -1 104
stats: 503 0 4822
stats: 500 0 7
# stats: dump at 1480616844
stats: users 102 324
stats: {freemem,"tsung_controller@ip-172-31-13-122"} 1 3131.01171875 0.0 3158.796875 3131.01171875 3140.6075148809523 21
stats: {load,"tsung_controller@ip-172-31-13-122"} 1 0.03125 0.0 0.41015625 0.03125 0.14211309523809523 21
stats: {recvpackets,"tsung_controller@ip-172-31-13-122"} 1 4816.0 0.0 11138 1528 4974.65 20
stats: {sentpackets,"tsung_controller@ip-172-31-13-122"} 1 2132.0 0.0 4583 715 2449.7 20
stats: {cpu,"tsung_controller@ip-172-31-13-122"} 1 2.171767028627838 0.0 9.351145038167939 1.5779092702169626 4.102009625328025 21
stats: session 2 114233.6875 22581.449462890625 189715.20092773438 10280.121826171875 43652.78897404325 345
stats: users_count 0 449
stats: finish_users_count 2 347
stats: request 21 56081.24060639881 4315.435384078919 72199.123046875 0.635986328125 2658.2834939522463 5381
stats: connect 0 0 0 103.947021484375 0.491943359375 0.9680121406945991 449
stats: page 21 56081.24060639881 4315.435384078919 72199.123046875 0.635986328125 2658.2834939522463 5381
stats: 200 19 571
stats: size_rcv 3323927 144601052
stats: newphase 0 3
stats: size_sent 11771 1368993
stats: connected -2 102
stats: 503 0 4822
stats: 500 2 9
# stats: dump at 1480616854
stats: users 99 324
stats: {freemem,"tsung_controller@ip-172-31-13-122"} 1 3131.0703125 0.0 3158.796875 3131.01171875 3140.1713423295455 22
stats: {load,"tsung_controller@ip-172-31-13-122"} 1 0.01953125 0.0 0.41015625 0.01953125 0.13707386363636365 22
stats: {recvpackets,"tsung_controller@ip-172-31-13-122"} 1 4055.0 0.0 11138 1528 4967.0952380952385 21
stats: {sentpackets,"tsung_controller@ip-172-31-13-122"} 1 1563.0 0.0 4583 715 2434.5714285714284 21
stats: {cpu,"tsung_controller@ip-172-31-13-122"} 1 2.2571148184494603 0.0 9.351145038167939 1.5779092702169626 4.014271325478017 22
stats: session 3 138958.18562825522 29716.586445811587 189715.20092773438 10280.121826171875 44059.59530560496 347
stats: users_count 0 449
stats: finish_users_count 3 350
stats: request 28 55016.414175851 7683.590582561337 72199.123046875 0.635986328125 2865.962520120587 5402
stats: connect 0 0 0 103.947021484375 0.491943359375 0.9680121406945991 449
stats: page 28 55016.414175851 7683.590582561337 72199.123046875 0.635986328125 2865.962520120587 5402
stats: 200 26 597
stats: size_rcv 5716704 150317756
stats: newphase 0 3
stats: size_sent 8880 1377873
stats: connected -3 99
stats: 503 0 4822
stats: 500 2 11
# stats: dump at 1480616864
stats: users 96 324
stats: {freemem,"tsung_controller@ip-172-31-13-122"} 1 3130.81640625 0.0 3158.796875 3130.81640625 3139.775645380435 23
stats: {load,"tsung_controller@ip-172-31-13-122"} 1 0.01953125 0.0 0.41015625 0.01953125 0.1319633152173913 23
stats: {recvpackets,"tsung_controller@ip-172-31-13-122"} 1 3337.0 0.0 11138 1528 4925.636363636364 22
stats: {sentpackets,"tsung_controller@ip-172-31-13-122"} 1 1286.0 0.0 4583 715 2394.9545454545455 22
stats: {cpu,"tsung_controller@ip-172-31-13-122"} 1 1.8700787401574805 0.0 9.351145038167939 1.5779092702169626 3.9378732164767754 23
stats: session 3 151153.20239257813 19867.778997395668 189715.20092773438 10280.121826171875 44873.01179408482 350
stats: users_count 0 449
stats: finish_users_count 3 353
stats: request 15 52898.28118489583 7324.784037577121 72199.123046875 0.635986328125 3134.8782929309837 5430
stats: connect 0 0 0 103.947021484375 0.491943359375 0.9680121406945991 449
stats: page 15 52898.28118489583 7324.784037577121 72199.123046875 0.635986328125 3134.8782929309837 5430
stats: 200 15 612
stats: size_rcv 5709852 156027608
stats: newphase 0 3
stats: size_sent 8123 1385996
stats: connected -3 96
stats: 503 0 4822
stats: 500 0 11
# stats: dump at 1480616874
stats: users 93 324
stats: {freemem,"tsung_controller@ip-172-31-13-122"} 1 3130.85546875 0.0 3158.796875 3130.81640625 3139.40234375 24
stats: {load,"tsung_controller@ip-172-31-13-122"} 1 0.01953125 0.0 0.41015625 0.01953125 0.12727864583333334 24
stats: {recvpackets,"tsung_controller@ip-172-31-13-122"} 1 3184.0 0.0 11138 1528 4856.565217391304 23
stats: {sentpackets,"tsung_controller@ip-172-31-13-122"} 1 1395.0 0.0 4583 715 2346.7391304347825 23
stats: {cpu,"tsung_controller@ip-172-31-13-122"} 1 1.5779092702169626 0.0 9.351145038167939 1.5779092702169626 3.851715113296805 24
stats: session 3 189113.51302083334 15710.25943838579 211006.18310546875 10280.121826171875 45776.24287565842 353
stats: users_count 0 449
stats: finish_users_count 3 356
stats: request 22 51014.90849165483 5401.81769140718 72199.123046875 0.635986328125 3271.9675570961763 5445
stats: connect 0 0 0 103.947021484375 0.491943359375 0.9680121406945991 449
stats: page 22 51014.90849165483 5401.81769140718 72199.123046875 0.635986328125 3271.9675570961763 5445
stats: 200 20 632
stats: size_rcv 4771367 160798975
stats: newphase 0 3
stats: size_sent 5724 1391720
stats: connected -3 93
stats: 503 0 4822
stats: 500 2 13
# stats: dump at 1480616884
stats: users 89 324
stats: {freemem,"tsung_controller@ip-172-31-13-122"} 1 3130.859375 0.0 3158.796875 3130.81640625 3139.06046875 25
stats: {load,"tsung_controller@ip-172-31-13-122"} 1 0.01171875 0.0 0.41015625 0.01171875 0.12296875 25
stats: {recvpackets,"tsung_controller@ip-172-31-13-122"} 1 3191.0 0.0 11138 1528 4786.875 24
stats: {sentpackets,"tsung_controller@ip-172-31-13-122"} 1 1378.0 0.0 4583 715 2307.0833333333335 24
stats: {cpu,"tsung_controller@ip-172-31-13-122"} 1 2.0689655172413794 0.0 9.351145038167939 1.5779092702169626 3.760762879573611 25
stats: session 4 202635.44372558594 34613.610200089795 240347.13305664063 10280.121826171875 46984.14121957843 356
stats: users_count 0 449
stats: finish_users_count 4 360
stats: request 10 52612.63212890625 6619.705174628818 72199.123046875 0.635986328125 3464.0920678992293 5467
stats: connect 0 0 0 103.947021484375 0.491943359375 0.9680121406945991 449
stats: page 10 52612.63212890625 6619.705174628818 72199.123046875 0.635986328125 3464.0920678992293 5467
stats: 200 10 642
stats: size_rcv 3820766 164619741
stats: newphase 0 3
stats: size_sent 4753 1396473
stats: connected -4 89
stats: 503 0 4822
stats: 500 0 13
# stats: dump at 1480616894
stats: users 86 324
stats: {freemem,"tsung_controller@ip-172-31-13-122"} 1 3130.8671875 0.0 3158.796875 3130.81640625 3138.7450420673076 26
stats: {load,"tsung_controller@ip-172-31-13-122"} 1 0.01171875 0.0 0.41015625 0.01171875 0.11868990384615384 26
stats: {recvpackets,"tsung_controller@ip-172-31-13-122"} 1 4257.0 0.0 11138 1528 4723.04 25
stats: {sentpackets,"tsung_controller@ip-172-31-13-122"} 1 1531.0 0.0 4583 715 2269.92 25
stats: {cpu,"tsung_controller@ip-172-31-13-122"} 1 2.1632251720747298 0.0 9.351145038167939 1.5779092702169626 3.695693750253141 26
stats: session 3 233205.5096028646 6194.645223699512 241895.1337890625 10280.121826171875 48713.60013631185 360
stats: users_count 0 449
stats: finish_users_count 3 363
stats: request 18 49758.518310546875 4981.862899336158 72199.123046875 0.635986328125 3553.8283104791212 5477
stats: connect 0 0 0 103.947021484375 0.491943359375 0.9680121406945991 449
stats: page 18 49758.518310546875 4981.862899336158 72199.123046875 0.635986328125 3553.8283104791212 5477
stats: 200 17 659
stats: size_rcv 4043103 168662844
stats: newphase 0 3
stats: size_sent 7592 1404065
stats: connected -3 86
stats: 503 0 4822
stats: 500 1 14
# stats: dump at 1480616904
stats: users 86 324
stats: {freemem,"tsung_controller@ip-172-31-13-122"} 1 3130.875 0.0 3158.796875 3130.81640625 3138.453269675926 27
stats: {load,"tsung_controller@ip-172-31-13-122"} 1 0.01171875 0.0 0.41015625 0.01171875 0.11472800925925926 27
stats: {recvpackets,"tsung_controller@ip-172-31-13-122"} 1 4250.0 0.0 11138 1528 4705.115384615385 26
stats: {sentpackets,"tsung_controller@ip-172-31-13-122"} 1 1767.0 0.0 4583 715 2241.5 26
stats: {cpu,"tsung_controller@ip-172-31-13-122"} 1 1.8756169792694966 0.0 9.351145038167939 1.5779092702169626 3.6389356547650515 27
stats: session 0 0 0 241895.1337890625 10280.121826171875 50238.32666082881 363
stats: users_count 0 449
stats: finish_users_count 0 363
stats: request 18 52700.63684082031 3262.027794140993 72199.123046875 0.635986328125 3705.1812531545024 5495
stats: connect 0 0 0 103.947021484375 0.491943359375 0.9680121406945991 449
stats: page 18 52700.63684082031 3262.027794140993 72199.123046875 0.635986328125 3705.1812531545024 5495
stats: 200 18 677
stats: size_rcv 7051411 175714255
stats: newphase 0 3
stats: size_sent 9480 1413545
stats: connected 0 86
stats: 503 0 4822
stats: 500 0 14
# stats: dump at 1480616914
stats: users 82 324
stats: {freemem,"tsung_controller@ip-172-31-13-122"} 1 3130.25 0.0 3158.796875 3130.25 3138.1826171875 28
stats: {load,"tsung_controller@ip-172-31-13-122"} 1 0.01171875 0.0 0.41015625 0.01171875 0.11104910714285714 28
stats: {recvpackets,"tsung_controller@ip-172-31-13-122"} 1 4637.0 0.0 11138 1528 4688.259259259259 27
stats: {sentpackets,"tsung_controller@ip-172-31-13-122"} 1 2044.0 0.0 4583 715 2223.925925925926 27
stats: {cpu,"tsung_controller@ip-172-31-13-122"} 1 2.2660098522167487 0.0 9.351145038167939 1.5779092702169626 3.5759599877830675 28
stats: session 4 190876.69244384766 8636.9554204978 241895.1337890625 10280.121826171875 50238.32666082881 363
stats: users_count 0 449
stats: finish_users_count 4 367
stats: request 20 53510.22202148438 5015.3948745206435 72199.123046875 0.635986328125 3865.151904447444 5513
stats: connect 0 0 0 103.947021484375 0.491943359375 0.9680121406945991 449
stats: page 20 53510.22202148438 5015.3948745206435 72199.123046875 0.635986328125 3865.151904447444 5513
stats: 200 20 697
stats: size_rcv 4912175 180626430
stats: newphase 0 3
stats: size_sent 7555 1421100
stats: connected -4 82
stats: 503 0 4822
stats: 500 0 14
# stats: dump at 1480616924
stats: users 78 324
stats: {freemem,"tsung_controller@ip-172-31-13-122"} 1 3130.26953125 0.0 3158.796875 3130.25 3137.909078663793 29
stats: {load,"tsung_controller@ip-172-31-13-122"} 1 0.01171875 0.0 0.41015625 0.01171875 0.10762392241379311 29
stats: {recvpackets,"tsung_controller@ip-172-31-13-122"} 1 4380.0 0.0 11138 1528 4686.428571428572 28
stats: {sentpackets,"tsung_controller@ip-172-31-13-122"} 1 1812.0 0.0 4583 715 2217.5000000000005 28
stats: {cpu,"tsung_controller@ip-172-31-13-122"} 1 1.8756169792694966 0.0 9.351145038167939 1.5779092702169626 3.5307892934531946 29
stats: session 4 186675.91571044922 5790.80970045602 241895.1337890625 10280.121826171875 51771.16988462194 367
stats: users_count 0 449
stats: finish_users_count 4 371
stats: request 19 52134.124935752465 7626.326890902801 72199.123046875 0.635986328125 4044.602727209189 5533
stats: connect 0 0 0 103.947021484375 0.491943359375 0.9680121406945991 449
stats: page 19 52134.124935752465 7626.326890902801 72199.123046875 0.635986328125 4044.602727209189 5533
stats: 200 19 716
stats: size_rcv 7490640 188117070
stats: newphase 0 3
stats: size_sent 6215 1427315
stats: connected -4 78
stats: 503 0 4822
stats: 500 0 14
# stats: dump at 1480616934
stats: users 75 324
stats: {freemem,"tsung_controller@ip-172-31-13-122"} 1 3130.13671875 0.0 3158.796875 3130.13671875 3137.6544270833333 30
stats: {load,"tsung_controller@ip-172-31-13-122"} 1 0.01171875 0.0 0.41015625 0.01171875 0.10442708333333334 30
stats: {recvpackets,"tsung_controller@ip-172-31-13-122"} 1 2463.0 0.0 11138 1528 4675.862068965517 29
stats: {sentpackets,"tsung_controller@ip-172-31-13-122"} 1 832.0 0.0 4583 715 2203.5172413793107 29
stats: {cpu,"tsung_controller@ip-172-31-13-122"} 1 1.4807502467917077 0.0 9.351145038167939 1.4807502467917077 3.4756168829804044 30
stats: session 3 204975.50935872397 19490.60479413485 241895.1337890625 10280.121826171875 53225.66849190848 371
stats: users_count 0 449
stats: finish_users_count 3 374
stats: request 16 48475.01184082031 6199.513945271288 72199.123046875 0.635986328125 4209.174218917101 5552
stats: connect 0 0 0 103.947021484375 0.491943359375 0.9680121406945991 449
stats: page 16 48475.01184082031 6199.513945271288 72199.123046875 0.635986328125 4209.174218917101 5552
stats: 200 16 732
stats: size_rcv 6355255 194472325
stats: newphase 0 3
stats: size_sent 5797 1433112
stats: connected -3 75
stats: 503 0 4822
stats: 500 0 14
# stats: dump at 1480616944
stats: users 72 324
stats: {freemem,"tsung_controller@ip-172-31-13-122"} 1 3130.171875 0.0 3158.796875 3130.13671875 3137.4119203629034 31
stats: {load,"tsung_controller@ip-172-31-13-122"} 1 0.01171875 0.0 0.41015625 0.01171875 0.10143649193548387 31
stats: {recvpackets,"tsung_controller@ip-172-31-13-122"} 1 4811.0 0.0 11138 1528 4602.1 30
stats: {sentpackets,"tsung_controller@ip-172-31-13-122"} 1 2096.0 0.0 4583 715 2157.8 30
stats: {cpu,"tsung_controller@ip-172-31-13-122"} 1 1.9782393669634024 0.0 9.351145038167939 1.4807502467917077 3.4112663463291564 31
stats: session 3 225774.53442382813 19605.298829390234 242381.18505859375 10280.121826171875 54442.9132047439 374
stats: users_count 0 449
stats: finish_users_count 3 377
stats: request 18 48070.23513454861 5033.55671322214 72199.123046875 0.635986328125 4336.374901738662 5568
stats: connect 0 0 0 103.947021484375 0.491943359375 0.9680121406945991 449
stats: page 18 48070.23513454861 5033.55671322214 72199.123046875 0.635986328125 4336.374901738662 5568
stats: 200 18 750
stats: size_rcv 6438783 200911108
stats: newphase 0 3
stats: size_sent 4784 1437896
stats: connected -3 72
stats: 503 0 4822
stats: 500 0 14
# stats: dump at 1480616954
stats: users 67 324
stats: {freemem,"tsung_controller@ip-172-31-13-122"} 1 3130.49609375 0.0 3158.796875 3130.13671875 3137.1856689453125 32
stats: {load,"tsung_controller@ip-172-31-13-122"} 1 0.0 0.0 0.41015625 0.0 0.0986328125 32
stats: {recvpackets,"tsung_controller@ip-172-31-13-122"} 1 5168.0 0.0 11138 1528 4608.8387096774195 31
stats: {sentpackets,"tsung_controller@ip-172-31-13-122"} 1 2233.0 0.0 4583 715 2155.8064516129034 31
stats: {cpu,"tsung_controller@ip-172-31-13-122"} 1 2.3692003948667324 0.0 9.351145038167939 1.4807502467917077 3.3664842532239767 32
stats: session 5 257431.92612304687 27178.039849614604 293369.7800292969 10280.121826171875 55806.29480595677 377
stats: users_count 0 449
stats: finish_users_count 5 382
stats: request 17 44134.422277113976 7215.880950081091 72199.123046875 0.635986328125 4477.300337504967 5586
stats: connect 0 0 0 103.947021484375 0.491943359375 0.9680121406945991 449
stats: page 17 44134.422277113976 7215.880950081091 72199.123046875 0.635986328125 4477.300337504967 5586
stats: 200 17 767
stats: size_rcv 3482139 204393247
stats: newphase 0 3
stats: size_sent 9453 1447349
stats: connected -5 67
stats: 503 0 4822
stats: 500 0 14
# stats: dump at 1480616964
stats: users 64 324
stats: {freemem,"tsung_controller@ip-172-31-13-122"} 1 3130.66796875 0.0 3158.796875 3130.13671875 3136.9829545454545 33
stats: {load,"tsung_controller@ip-172-31-13-122"} 1 0.0 0.0 0.41015625 0.0 0.09564393939393939 33
stats: {recvpackets,"tsung_controller@ip-172-31-13-122"} 1 2695.0 0.0 11138 1528 4626.3125 32
stats: {sentpackets,"tsung_controller@ip-172-31-13-122"} 1 953.0 0.0 4583 715 2158.21875 32
stats: {cpu,"tsung_controller@ip-172-31-13-122"} 1 1.4807502467917077 0.0 9.351145038167939 1.4807502467917077 3.3362635302434542 33
stats: session 3 230463.23819986978 7393.548823404843 293369.7800292969 10280.121826171875 58445.37374989774 382
stats: users_count 0 449
stats: finish_users_count 3 385
stats: request 22 44030.34345037287 5815.189751582928 72199.123046875 0.635986328125 4597.623570232675 5603
stats: connect 0 0 0 103.947021484375 0.491943359375 0.9680121406945991 449
stats: page 22 44030.34345037287 5815.189751582928 72199.123046875 0.635986328125 4597.623570232675 5603
stats: 200 22 789
stats: size_rcv 5050190 209443437
stats: newphase 0 3
stats: size_sent 7161 1454510
stats: connected -2 65
stats: 503 0 4822
stats: 500 0 14
# stats: dump at 1480616974
stats: users 55 324
stats: {freemem,"tsung_controller@ip-172-31-13-122"} 1 3130.70703125 0.0 3158.796875 3130.13671875 3136.7972196691176 34
stats: {load,"tsung_controller@ip-172-31-13-122"} 1 0.0 0.0 0.41015625 0.0 0.09283088235294118 34
stats: {recvpackets,"tsung_controller@ip-172-31-13-122"} 1 3243.0 0.0 11138 1528 4567.787878787879 33
stats: {sentpackets,"tsung_controller@ip-172-31-13-122"} 1 1445.0 0.0 4583 715 2121.6969696969695 33
stats: {cpu,"tsung_controller@ip-172-31-13-122"} 1 2.1547502448579823 0.0 9.351145038167939 1.4807502467917077 3.2816896101419326 34
stats: session 9 266292.339328342 31937.92220076716 307043.06396484375 10280.121826171875 59785.772693663755 385
stats: users_count 0 449
stats: finish_users_count 9 394
stats: request 22 36791.22727272727 10887.795292871231 72199.123046875 0.635986328125 4751.849319097223 5625
stats: connect 0 0 0 103.947021484375 0.491943359375 0.9680121406945991 449
stats: page 22 36791.22727272727 10887.795292871231 72199.123046875 0.635986328125 4751.849319097223 5625
stats: 200 21 810
stats: size_rcv 5207415 214650852
stats: newphase 0 3
stats: size_sent 8518 1463028
stats: connected -10 55
stats: 503 0 4822
stats: 500 1 15
# stats: dump at 1480616984
stats: users 53 324
stats: {freemem,"tsung_controller@ip-172-31-13-122"} 1 3130.75390625 0.0 3158.796875 3130.13671875 3136.6232142857143 35
stats: {load,"tsung_controller@ip-172-31-13-122"} 1 0.0 0.0 0.41015625 0.0 0.09017857142857143 35
stats: {recvpackets,"tsung_controller@ip-172-31-13-122"} 1 3061.0 0.0 11138 1528 4528.823529411765 34
stats: {sentpackets,"tsung_controller@ip-172-31-13-122"} 1 1346.0 0.0 4583 715 2101.794117647059 34
stats: {cpu,"tsung_controller@ip-172-31-13-122"} 1 1.6765285996055226 0.0 9.351145038167939 1.4807502467917077 3.2494913425623912 35
stats: session 2 281037.1630859375 30671.93896484375 311709.10205078125 10280.121826171875 64502.92776907519 394
stats: users_count 0 449
stats: finish_users_count 2 396
stats: request 12 37257.01989746094 4960.670291228642 72199.123046875 0.635986328125 4876.670695930915 5647
stats: connect 0 0 0 103.947021484375 0.491943359375 0.9680121406945991 449
stats: page 12 37257.01989746094 4960.670291228642 72199.123046875 0.635986328125 4876.670695930915 5647
stats: 200 11 821
stats: size_rcv 3812766 218463618
stats: newphase 0 3
stats: size_sent 3425 1466453
stats: connected -2 53
stats: 503 0 4822
stats: 500 1 16
# stats: dump at 1480616994
stats: users 48 324
stats: {freemem,"tsung_controller@ip-172-31-13-122"} 1 3130.609375 0.0 3158.796875 3130.13671875 3136.4601779513887 36
stats: {load,"tsung_controller@ip-172-31-13-122"} 1 0.0 0.0 0.41015625 0.0 0.0876736111111111 36
stats: {recvpackets,"tsung_controller@ip-172-31-13-122"} 1 3418.0 0.0 11138 1528 4486.885714285714 35
stats: {sentpackets,"tsung_controller@ip-172-31-13-122"} 1 1460.0 0.0 4583 715 2080.2 35
stats: {cpu,"tsung_controller@ip-172-31-13-122"} 1 1.671583087512291 0.0 9.351145038167939 1.4807502467917077 3.2057979330358117 36
stats: session 5 276459.80659179686 21257.626752887907 318761.1689453125 10280.121826171875 65596.53501815026 396
stats: users_count 0 449
stats: finish_users_count 5 401
stats: request 17 35986.80280618107 5717.262773189221 72199.123046875 0.635986328125 4945.333744246582 5659
stats: connect 0 0 0 103.947021484375 0.491943359375 0.9680121406945991 449
stats: page 17 35986.80280618107 5717.262773189221 72199.123046875 0.635986328125 4945.333744246582 5659
stats: 200 17 838
stats: size_rcv 6067921 224531539
stats: newphase 0 3
stats: size_sent 5755 1472208
stats: connected -5 48
stats: 503 0 4822
stats: 500 0 16
# stats: dump at 1480617004
stats: users 47 324
stats: {freemem,"tsung_controller@ip-172-31-13-122"} 1 3130.37109375 0.0 3158.796875 3130.13671875 3136.302048141892 37
stats: {load,"tsung_controller@ip-172-31-13-122"} 1 0.0 0.0 0.41015625 0.0 0.08530405405405406 37
stats: {recvpackets,"tsung_controller@ip-172-31-13-122"} 1 2329.0 0.0 11138 1528 4457.194444444444 36
stats: {sentpackets,"tsung_controller@ip-172-31-13-122"} 1 1031.0 0.0 4583 715 2062.972222222222 36
stats: {cpu,"tsung_controller@ip-172-31-13-122"} 1 1.4822134387351777 0.0 9.351145038167939 1.4807502467917077 3.1643326669405814 37
stats: session 1 327542.171875 0.0 327542.171875 10280.121826171875 68225.75286819573 401
stats: users_count 0 449
stats: finish_users_count 1 402
stats: request 12 38099.355712890625 4898.026612455289 72199.123046875 0.635986328125 5038.305022268584 5676
stats: connect 0 0 0 103.947021484375 0.491943359375 0.9680121406945991 449
stats: page 12 38099.355712890625 4898.026612455289 72199.123046875 0.635986328125 5038.305022268584 5676
stats: 200 10 848
stats: size_rcv 2152038 226683577
stats: newphase 0 3
stats: size_sent 6195 1478403
stats: connected -1 47
stats: 503 0 4822
stats: 500 2 18
# stats: dump at 1480617014
stats: users 44 324
stats: {freemem,"tsung_controller@ip-172-31-13-122"} 1 3130.390625 0.0 3158.796875 3130.13671875 3136.145970394737 38
stats: {load,"tsung_controller@ip-172-31-13-122"} 1 0.078125 0.0 0.41015625 0.0 0.08305921052631579 38
stats: {recvpackets,"tsung_controller@ip-172-31-13-122"} 1 3097.0 0.0 11138 1528 4399.675675675676 37
stats: {sentpackets,"tsung_controller@ip-172-31-13-122"} 1 1123.0 0.0 4583 715 2035.081081081081 37
stats: {cpu,"tsung_controller@ip-172-31-13-122"} 1 1.4807502467917077 0.0 9.351145038167939 1.4807502467917077 3.120066371461492 38
stats: session 3 287736.5510253906 25082.081158881032 327542.171875 10280.121826171875 68870.81858711813 402
stats: users_count 0 449
stats: finish_users_count 3 405
stats: request 25 33673.008193359376 7087.440361305693 72199.123046875 0.635986328125 5108.054074358504 5688
stats: connect 0 0 0 103.947021484375 0.491943359375 0.9680121406945991 449
stats: page 25 33673.008193359376 7087.440361305693 72199.123046875 0.635986328125 5108.054074358504 5688
stats: 200 25 873
stats: size_rcv 6459759 233143336
stats: newphase 0 3
stats: size_sent 3776 1482179
stats: connected -3 44
stats: 503 0 4822
stats: 500 0 18
# stats: dump at 1480617024
stats: users 35 324
stats: {freemem,"tsung_controller@ip-172-31-13-122"} 1 3131.3359375 0.0 3158.796875 3130.13671875 3135.998397435898 39
stats: {load,"tsung_controller@ip-172-31-13-122"} 1 0.0703125 0.0 0.41015625 0.0 0.0829326923076923 39
stats: {recvpackets,"tsung_controller@ip-172-31-13-122"} 1 4226.0 0.0 11138 1528 4365.394736842105 38
stats: {sentpackets,"tsung_controller@ip-172-31-13-122"} 1 1719.0 0.0 4583 715 2011.078947368421 38
stats: {cpu,"tsung_controller@ip-172-31-13-122"} 1 2.6470588235294117 0.0 9.351145038167939 1.4807502467917077 3.0780326246750875 39
stats: session 9 294449.84242078994 21874.600007429744 344073.1369628906 10280.121826171875 70492.04623480904 405
stats: users_count 0 449
stats: finish_users_count 9 414
stats: request 13 24687.052490234375 11967.431961778506 72199.123046875 0.635986328125 5233.053873583959 5713
stats: connect 0 0 0 103.947021484375 0.491943359375 0.9680121406945991 449
stats: page 13 24687.052490234375 11967.431961778506 72199.123046875 0.635986328125 5233.053873583959 5713
stats: 200 12 885
stats: size_rcv 3072627 236215963
stats: newphase 0 3
stats: size_sent 8050 1490229
stats: connected -9 35
stats: 503 0 4822
stats: 500 1 19
# stats: dump at 1480617034
stats: users 33 324
stats: {freemem,"tsung_controller@ip-172-31-13-122"} 1 3131.25390625 0.0 3158.796875 3130.13671875 3135.8818359375005 40
stats: {load,"tsung_controller@ip-172-31-13-122"} 1 0.05859375 0.0 0.41015625 0.0 0.0826171875 40
stats: {recvpackets,"tsung_controller@ip-172-31-13-122"} 1 3725.0 0.0 11138 1528 4361.820512820513 39
stats: {sentpackets,"tsung_controller@ip-172-31-13-122"} 1 1507.0 0.0 4583 715 2003.5897435897436 39
stats: {cpu,"tsung_controller@ip-172-31-13-122"} 1 1.8700787401574805 0.0 9.351145038167939 1.4807502467917077 3.0672582796464454 40
stats: session 2 347692.5245361328 12831.462524414063 360523.9870605469 10280.121826171875 75360.69397798253 414
stats: users_count 0 449
stats: finish_users_count 2 416
stats: request 15 23796.837760416667 8064.021906009425 72199.123046875 0.635986328125 5277.221177463885 5726
stats: connect 0 0 0 103.947021484375 0.491943359375 0.9680121406945991 449
stats: page 15 23796.837760416667 8064.021906009425 72199.123046875 0.635986328125 5277.221177463885 5726
stats: 200 14 899
stats: size_rcv 5649672 241865635
stats: newphase 0 3
stats: size_sent 5768 1495997
stats: connected -2 33
stats: 503 0 4822
stats: 500 1 20
# stats: dump at 1480617044
stats: users 27 324
stats: {freemem,"tsung_controller@ip-172-31-13-122"} 1 3131.296875 0.0 3158.796875 3130.13671875 3135.768959603659 41
stats: {load,"tsung_controller@ip-172-31-13-122"} 1 0.05078125 0.0 0.41015625 0.0 0.08203125 41
stats: {recvpackets,"tsung_controller@ip-172-31-13-122"} 1 4645.0 0.0 11138 1528 4345.9 40
stats: {sentpackets,"tsung_controller@ip-172-31-13-122"} 1 1986.0 0.0 4583 715 1991.175 40
stats: {cpu,"tsung_controller@ip-172-31-13-122"} 1 1.8793273986152326 0.0 9.351145038167939 1.4807502467917077 3.0380587786833 41
stats: session 6 336291.53291829425 21678.873019102295 373556.171875 10280.121826171875 76669.98162489673 416
stats: users_count 0 449
stats: finish_users_count 6 422
stats: request 28 17015.970886230465 8175.646131903167 72199.123046875 0.635986328125 5325.608958119571 5741
stats: connect 0 0 0 103.947021484375 0.491943359375 0.9680121406945991 449
stats: page 28 17015.970886230465 8175.646131903167 72199.123046875 0.635986328125 5325.608958119571 5741
stats: 200 28 927
stats: size_rcv 7137795 249003430
stats: newphase 0 3
stats: size_sent 9948 1505945
stats: connected -6 27
stats: 503 0 4822
stats: 500 0 20
# stats: dump at 1480617054
stats: users 23 324
stats: {freemem,"tsung_controller@ip-172-31-13-122"} 1 3131.33203125 0.0 3158.796875 3130.13671875 3135.6624813988096 42
stats: {load,"tsung_controller@ip-172-31-13-122"} 1 0.12109375 0.0 0.41015625 0.0 0.08128720238095238 42
stats: {recvpackets,"tsung_controller@ip-172-31-13-122"} 1 3452.0 0.0 11138 1528 4353.195121951219 41
stats: {sentpackets,"tsung_controller@ip-172-31-13-122"} 1 1529.0 0.0 4583 715 1991.0487804878048 41
stats: {cpu,"tsung_controller@ip-172-31-13-122"} 1 2.0648967551622417 0.0 9.351145038167939 1.4807502467917077 3.010469936300727 42
stats: session 4 333199.2182006836 28279.87283099387 373556.171875 10280.121826171875 80361.28330205404 422
stats: users_count 0 449
stats: finish_users_count 4 426
stats: request 16 15491.092819213867 8965.33495566393 72199.123046875 0.635986328125 5382.348450923715 5769
stats: connect 0 0 0 103.947021484375 0.491943359375 0.9680121406945991 449
stats: page 16 15491.092819213867 8965.33495566393 72199.123046875 0.635986328125 5382.348450923715 5769
stats: 200 16 943
stats: size_rcv 4523168 253526598
stats: newphase 0 3
stats: size_sent 7198 1513143
stats: connected -4 23
stats: 503 0 4822
stats: 500 0 20
# stats: dump at 1480617064
stats: users 16 324
stats: {freemem,"tsung_controller@ip-172-31-13-122"} 1 3131.22265625 0.0 3158.796875 3130.13671875 3135.561773255814 43
stats: {load,"tsung_controller@ip-172-31-13-122"} 1 0.1015625 0.0 0.41015625 0.0 0.08221293604651163 43
stats: {recvpackets,"tsung_controller@ip-172-31-13-122"} 1 2143.0 0.0 11138 1528 4331.738095238095 42
stats: {sentpackets,"tsung_controller@ip-172-31-13-122"} 1 1004.0 0.0 4583 715 1980.047619047619 42
stats: {cpu,"tsung_controller@ip-172-31-13-122"} 1 1.4807502467917077 0.0 9.351145038167939 1.4807502467917077 2.988479862320762 43
stats: session 7 340400.73786272324 27263.428256927113 401621.0529785156 10280.121826171875 82735.34841847309 426
stats: users_count 0 449
stats: finish_users_count 7 433
stats: request 20 12421.091284179687 5535.987919369163 72199.123046875 0.635986328125 5410.306948744397 5785
stats: connect 0 0 0 103.947021484375 0.491943359375 0.9680121406945991 449
stats: page 20 12421.091284179687 5535.987919369163 72199.123046875 0.635986328125 5410.306948744397 5785
stats: 200 20 963
stats: size_rcv 4147126 257673724
stats: newphase 0 3
stats: size_sent 4822 1517965
stats: connected -7 16
stats: 503 0 4822
stats: 500 0 20
# stats: dump at 1480617074
stats: users 13 324
stats: {freemem,"tsung_controller@ip-172-31-13-122"} 1 3131.26171875 0.0 3158.796875 3130.13671875 3135.4631569602275 44
stats: {load,"tsung_controller@ip-172-31-13-122"} 1 0.08984375 0.0 0.41015625 0.0 0.08265269886363637 44
stats: {recvpackets,"tsung_controller@ip-172-31-13-122"} 1 2292.0 0.0 11138 1528 4280.837209302325 43
stats: {sentpackets,"tsung_controller@ip-172-31-13-122"} 1 1039.0 0.0 4583 715 1957.3488372093022 43
stats: {cpu,"tsung_controller@ip-172-31-13-122"} 1 1.8756169792694966 0.0 9.351145038167939 1.4807502467917077 2.954213280149647 44
stats: session 3 360123.5446777344 30987.60465267667 402995.1579589844 10280.121826171875 86900.83970279123 433
stats: users_count 0 449
stats: finish_users_count 3 436
stats: request 16 8427.832580566406 6834.243402645502 72199.123046875 0.635986328125 5434.461244473718 5805
stats: connect 0 0 0 103.947021484375 0.491943359375 0.9680121406945991 449
stats: page 16 8427.832580566406 6834.243402645502 72199.123046875 0.635986328125 5434.461244473718 5805
stats: 200 15 978
stats: size_rcv 2933871 260607595
stats: newphase 0 3
stats: size_sent 4821 1522786
stats: connected -3 13
stats: 503 0 4822
stats: 500 1 21
# stats: dump at 1480617084
stats: users 1 324
stats: {freemem,"tsung_controller@ip-172-31-13-122"} 1 3131.3359375 0.0 3158.796875 3130.13671875 3135.3697916666665 45
stats: {load,"tsung_controller@ip-172-31-13-122"} 1 0.0703125 0.0 0.41015625 0.0 0.0828125 45
stats: {recvpackets,"tsung_controller@ip-172-31-13-122"} 1 2944.0 0.0 11138 1528 4235.636363636364 44
stats: {sentpackets,"tsung_controller@ip-172-31-13-122"} 1 1272.0 0.0 4583 715 1936.4772727272727 44
stats: {cpu,"tsung_controller@ip-172-31-13-122"} 1 1.7751479289940828 0.0 9.351145038167939 1.4807502467917077 2.9302444734634214 45
stats: session 12 363998.12386067706 19651.08884039958 402995.1579589844 10280.121826171875 88780.8124434445 436
stats: users_count 0 449
stats: finish_users_count 12 448
stats: request 16 5910.855773925781 7067.288361682338 72199.123046875 0.635986328125 5442.689030314205 5821
stats: connect 0 0 0 103.947021484375 0.491943359375 0.9680121406945991 449
stats: page 16 5910.855773925781 7067.288361682338 72199.123046875 0.635986328125 5442.689030314205 5821
stats: 200 15 993
stats: size_rcv 4636418 265244013
stats: newphase 0 3
stats: size_sent 5022 1527808
stats: connected -12 1
stats: 503 0 4822
stats: 500 1 22
# stats: dump at 1480617086
stats: users 0 324
stats: {freemem,"tsung_controller@ip-172-31-13-122"} 0 0 0 3158.796875 3130.13671875 3135.2820991847825 46
stats: {load,"tsung_controller@ip-172-31-13-122"} 0 0 0 0.41015625 0.0 0.08254076086956522 46
stats: {recvpackets,"tsung_controller@ip-172-31-13-122"} 0 0 0 11138 1528 4206.933333333333 45
stats: {sentpackets,"tsung_controller@ip-172-31-13-122"} 0 0 0 4583 715 1921.7111111111112 45
stats: {cpu,"tsung_controller@ip-172-31-13-122"} 0 0 0 9.351145038167939 1.4807502467917077 2.9051336790184354 46
stats: session 1 358713.2238769531 0.0 402995.1579589844 10280.121826171875 96152.70471354896 448
stats: users_count 0 449
stats: finish_users_count 1 449
stats: request 0 0 0 72199.123046875 0.635986328125 5443.972338160323 5837
stats: connect 0 0 0 103.947021484375 0.491943359375 0.9680121406945991 449
stats: page 0 0 0 72199.123046875 0.635986328125 5443.972338160323 5837
stats: 200 0 993
stats: size_rcv 0 265244013
stats: newphase 0 3
stats: size_sent 0 1527808
stats: connected -1 0
stats: 503 0 4822
stats: 500 0 22
EndMonitor:{1480,617086,256432}
