# stats: dump at 1480596818
stats: users 1 2
stats: {freemem,"tsung_controller@ip-172-31-13-122"} 1 3162.078125 0 3162.078125 3162.078125 0 0
stats: {load,"tsung_controller@ip-172-31-13-122"} 1 0.3984375 0 0.3984375 0.3984375 0 0
stats: {cpu,"tsung_controller@ip-172-31-13-122"} 1 1.8103992190434741 0 1.8103992190434741 1.8103992190434741 0 0
stats: session 8 934.1820068359375 934.4699325647963 2728.11083984375 88.713134765625 0 0
stats: users_count 9 9
stats: finish_users_count 8 8
stats: request 9 21.037109375 37.853618957624484 128.10205078125 7.432861328125 0 0
stats: connect 9 13.757188585069445 36.816518579899984 117.889892578125 0.594970703125 0 0
stats: page 9 21.037109375 37.853618957624484 128.10205078125 7.432861328125 0 0
stats: 200 9 9
stats: size_rcv 221620 221620
stats: size_sent 1251 1251
stats: connected 1 1
# stats: dump at 1480596828
stats: users 2 5
stats: {freemem,"tsung_controller@ip-172-31-13-122"} 1 3161.5625 0.0 3162.078125 3161.5625 3162.078125 1
stats: {load,"tsung_controller@ip-172-31-13-122"} 1 0.33984375 0.0 0.3984375 0.33984375 0.3984375 1
stats: {recvpackets,"tsung_controller@ip-172-31-13-122"} 1 225 0 225 225 0 0
stats: {sentpackets,"tsung_controller@ip-172-31-13-122"} 1 170 0 170 170 0 0
stats: {cpu,"tsung_controller@ip-172-31-13-122"} 1 2.167487684729064 0.0 2.167487684729064 1.8103992190434741 1.8103992190434741 1
stats: session 9 1625.9026421440972 1293.294126249642 4721.14990234375 88.713134765625 934.1820068359375 8
stats: users_count 10 19
stats: finish_users_count 9 17
stats: request 9 7.671739366319445 0.19936792813242238 128.10205078125 7.30908203125 21.037109375 9
stats: connect 9 0.7704806857638888 0.04719230414692677 117.889892578125 0.594970703125 13.757188585069445 9
stats: page 9 7.671739366319445 0.19936792813242238 128.10205078125 7.30908203125 21.037109375 9
stats: 200 9 18
stats: size_rcv 221612 443232
stats: size_sent 1251 2502
stats: connected 1 2
# stats: dump at 1480596838
stats: users 1 5
stats: {freemem,"tsung_controller@ip-172-31-13-122"} 1 3160.9609375 0.0 3162.078125 3160.9609375 3161.8203125 2
stats: {load,"tsung_controller@ip-172-31-13-122"} 1 0.2890625 0.0 0.3984375 0.2890625 0.369140625 2
stats: {recvpackets,"tsung_controller@ip-172-31-13-122"} 1 235.0 0.0 235 225 225.0 1
stats: {sentpackets,"tsung_controller@ip-172-31-13-122"} 1 174.0 0.0 174 170 170.0 1
stats: {cpu,"tsung_controller@ip-172-31-13-122"} 1 1.282051282051282 0.0 2.167487684729064 1.282051282051282 1.9889434518862692 2
stats: session 12 1703.4477132161458 1229.748489806398 4721.14990234375 88.713134765625 1300.3870490579045 17
stats: users_count 11 30
stats: finish_users_count 12 29
stats: request 12 7.4769287109375 0.305658708064395 128.10205078125 6.578125 14.354424370659721 18
stats: connect 12 0.7433878580729166 0.0444901726794658 117.889892578125 0.594970703125 7.263834635416667 18
stats: page 12 7.4769287109375 0.305658708064395 128.10205078125 6.578125 14.354424370659721 18
stats: 200 12 30
stats: size_rcv 295486 738718
stats: size_sent 1668 4170
stats: connected -1 1
# stats: dump at 1480596848
stats: users 6 9
stats: {freemem,"tsung_controller@ip-172-31-13-122"} 1 3161.0546875 0.0 3162.078125 3160.9609375 3161.5338541666665 3
stats: {load,"tsung_controller@ip-172-31-13-122"} 1 0.25 0.0 0.3984375 0.25 0.3424479166666667 3
stats: {recvpackets,"tsung_controller@ip-172-31-13-122"} 1 229.0 0.0 235 225 230.0 2
stats: {sentpackets,"tsung_controller@ip-172-31-13-122"} 1 155.0 0.0 174 155 172.0 2
stats: {cpu,"tsung_controller@ip-172-31-13-122"} 1 1.282051282051282 0.0 2.167487684729064 1.282051282051282 1.7533127286079402 3
stats: session 15 1765.1263834635417 2145.5230696902004 7401.134033203125 19.0400390625 1467.1707721578664 29
stats: users_count 20 50
stats: finish_users_count 15 44
stats: request 20 7.33201904296875 0.5461300897854404 128.10205078125 5.9580078125 11.603426106770833 30
stats: connect 20 0.71876220703125 0.061348340778484924 117.889892578125 0.5791015625 4.655655924479166 30
stats: page 20 7.33201904296875 0.5461300897854404 128.10205078125 5.9580078125 11.603426106770833 30
stats: 200 20 50
stats: size_rcv 492462 1231180
stats: newphase 1 1
stats: size_sent 2780 6950
stats: connected 7 8
# stats: dump at 1480596858
stats: users 5 10
stats: {freemem,"tsung_controller@ip-172-31-13-122"} 1 3160.953125 0.0 3162.078125 3160.953125 3161.4140625 4
stats: {load,"tsung_controller@ip-172-31-13-122"} 1 0.2109375 0.0 0.3984375 0.2109375 0.3193359375 4
stats: {recvpackets,"tsung_controller@ip-172-31-13-122"} 1 492.0 0.0 492 225 229.66666666666666 3
stats: {sentpackets,"tsung_controller@ip-172-31-13-122"} 1 388.0 0.0 388 155 166.33333333333334 3
stats: {cpu,"tsung_controller@ip-172-31-13-122"} 1 1.5810276679841897 0.0 2.167487684729064 1.282051282051282 1.6354973669687756 4
stats: session 23 2114.1360500169835 1490.7111792390635 7401.134033203125 19.0400390625 1568.7465487393465 44
stats: users_count 22 72
stats: finish_users_count 23 67
stats: request 21 7.3335077194940474 1.7843789724156565 128.10205078125 5.9580078125 9.89486328125 50
stats: connect 21 0.7094377790178571 0.0718430460202919 117.889892578125 0.5439453125 3.0808984375 50
stats: page 21 7.3335077194940474 1.7843789724156565 128.10205078125 5.9580078125 9.89486328125 50
stats: 200 21 71
stats: size_rcv 517099 1748279
stats: newphase 0 1
stats: size_sent 2919 9869
stats: connected -4 4
# stats: dump at 1480596868
stats: users 3 10
stats: {freemem,"tsung_controller@ip-172-31-13-122"} 1 3160.8515625 0.0 3162.078125 3160.8515625 3161.321875 5
stats: {load,"tsung_controller@ip-172-31-13-122"} 1 0.1796875 0.0 0.3984375 0.1796875 0.29765625 5
stats: {recvpackets,"tsung_controller@ip-172-31-13-122"} 1 452.0 0.0 492 225 295.25 4
stats: {sentpackets,"tsung_controller@ip-172-31-13-122"} 1 363.0 0.0 388 155 221.75 4
stats: {cpu,"tsung_controller@ip-172-31-13-122"} 1 1.7733990147783252 0.0 2.167487684729064 1.282051282051282 1.6246034271718586 5
stats: session 14 2826.0831298828125 4066.0945190319917 16257.199951171875 19.0400390625 1755.9698103719684 67
stats: users_count 12 84
stats: finish_users_count 14 81
stats: request 13 7.15283203125 0.473166537698591 128.10205078125 5.9580078125 9.137279241857394 71
stats: connect 13 0.689208984375 0.05078413915597764 117.889892578125 0.5439453125 2.379480496258803 71
stats: page 13 7.15283203125 0.473166537698591 128.10205078125 5.9580078125 9.137279241857394 71
stats: 200 13 84
stats: size_rcv 320115 2068394
stats: newphase 0 1
stats: size_sent 1807 11676
stats: connected -1 3
# stats: dump at 1480596878
stats: users 6 14
stats: {freemem,"tsung_controller@ip-172-31-13-122"} 1 3160.90625 0.0 3162.078125 3160.8515625 3161.2434895833335 6
stats: {load,"tsung_controller@ip-172-31-13-122"} 1 0.1484375 0.0 0.3984375 0.1484375 0.2779947916666667 6
stats: {recvpackets,"tsung_controller@ip-172-31-13-122"} 1 336.0 0.0 492 225 326.6 5
stats: {sentpackets,"tsung_controller@ip-172-31-13-122"} 1 250.0 0.0 388 155 250.0 5
stats: {cpu,"tsung_controller@ip-172-31-13-122"} 1 1.3793103448275863 0.0 2.167487684729064 1.282051282051282 1.6494026917729363 6
stats: session 40 1534.3658203125 1283.3090041826365 16257.199951171875 19.0400390625 1940.9276680652006 81
stats: users_count 43 127
stats: finish_users_count 40 121
stats: request 43 7.591240461482558 1.1274733256788771 128.10205078125 5.9580078125 8.830162411644345 84
stats: connect 43 0.7397688045058137 0.18595483771725646 117.889892578125 0.54296875 2.117890857514881 84
stats: page 43 7.591240461482558 1.1274733256788771 128.10205078125 5.9580078125 8.830162411644345 84
stats: 200 43 127
stats: size_rcv 1058808 3127202
stats: newphase 1 2
stats: size_sent 5977 17653
stats: connected 7 10
# stats: dump at 1480596888
stats: users 7 14
stats: {freemem,"tsung_controller@ip-172-31-13-122"} 1 3160.15625 0.0 3162.078125 3160.15625 3161.1953125 7
stats: {load,"tsung_controller@ip-172-31-13-122"} 1 0.12890625 0.0 0.3984375 0.12890625 0.25948660714285715 7
stats: {recvpackets,"tsung_controller@ip-172-31-13-122"} 1 1078.0 0.0 1078 225 328.1666666666667 6
stats: {sentpackets,"tsung_controller@ip-172-31-13-122"} 1 832.0 0.0 832 155 250.0 6
stats: {cpu,"tsung_controller@ip-172-31-13-122"} 1 2.55653883972468 0.0 2.55653883972468 1.282051282051282 1.6108180707807433 7
stats: session 35 1751.8283482142858 1432.8271420373965 16257.199951171875 19.0400390625 1806.5270572378615 121
stats: users_count 36 163
stats: finish_users_count 35 156
stats: request 36 8.062554253472221 1.9787394548675143 128.10205078125 5.9580078125 8.410684900959646 127
stats: connect 36 0.9166395399305554 1.379947807440681 117.889892578125 0.52197265625 1.6512826033464567 127
stats: page 36 8.062554253472221 1.9787394548675143 128.10205078125 5.9580078125 8.410684900959646 127
stats: 200 36 163
stats: size_rcv 886432 4013634
stats: newphase 0 2
stats: size_sent 5004 22657
stats: connected -3 7
# stats: dump at 1480596898
stats: users 10 14
stats: {freemem,"tsung_controller@ip-172-31-13-122"} 1 3159.92578125 0.0 3162.078125 3159.92578125 3161.0654296875 8
stats: {load,"tsung_controller@ip-172-31-13-122"} 1 0.109375 0.0 0.3984375 0.109375 0.2431640625 8
stats: {recvpackets,"tsung_controller@ip-172-31-13-122"} 1 730.0 0.0 1078 225 435.2857142857143 7
stats: {sentpackets,"tsung_controller@ip-172-31-13-122"} 1 575.0 0.0 832 155 333.14285714285717 7
stats: {cpu,"tsung_controller@ip-172-31-13-122"} 1 2.0689655172413794 0.0 2.55653883972468 1.282051282051282 1.7290331668987355 8
stats: session 39 1604.93212890625 1986.4481932158 16257.199951171875 19.0400390625 1794.254910982572 156
stats: users_count 42 205
stats: finish_users_count 39 195
stats: request 42 7.750627790178571 1.7560706334709977 128.10205078125 5.9580078125 8.333797150594325 163
stats: connect 42 0.6813557942708334 0.08453534676448797 117.889892578125 0.4931640625 1.4890301476226995 163
stats: page 42 7.750627790178571 1.7560706334709977 128.10205078125 5.9580078125 8.333797150594325 163
stats: 200 42 205
stats: size_rcv 1034194 5047828
stats: newphase 0 2
stats: size_sent 5838 28495
stats: connected 3 10
# stats: dump at 1480596908
stats: users 18 22
stats: {freemem,"tsung_controller@ip-172-31-13-122"} 1 3159.68359375 0.0 3162.078125 3159.68359375 3160.9388020833335 9
stats: {load,"tsung_controller@ip-172-31-13-122"} 1 0.08984375 0.0 0.3984375 0.08984375 0.2282986111111111 9
stats: {recvpackets,"tsung_controller@ip-172-31-13-122"} 1 920.0 0.0 1078 225 472.125 8
stats: {sentpackets,"tsung_controller@ip-172-31-13-122"} 1 688.0 0.0 832 155 363.375 8
stats: {cpu,"tsung_controller@ip-172-31-13-122"} 1 2.4533856722276743 0.0 2.55653883972468 1.282051282051282 1.7668034280479181 9
stats: session 61 1813.3923179751544 1913.9593721585147 16257.199951171875 13.093994140625 1756.3903545673077 195
stats: users_count 69 274
stats: finish_users_count 61 256
stats: request 69 7.589751754981884 1.6765420435418952 128.10205078125 5.903076171875 8.21431854992378 205
stats: connect 69 0.6772036345108697 0.12463498348467275 117.889892578125 0.4931640625 1.3235554020579268 205
stats: page 69 7.589751754981884 1.6765420435418952 128.10205078125 5.903076171875 8.21431854992378 205
stats: 200 69 274
stats: size_rcv 1698992 6746820
stats: newphase 1 3
stats: size_sent 9591 38086
stats: connected 10 20
# stats: dump at 1480596918
stats: users 7 24
stats: {freemem,"tsung_controller@ip-172-31-13-122"} 1 3159.3046875 0.0 3162.078125 3159.3046875 3160.81328125 10
stats: {load,"tsung_controller@ip-172-31-13-122"} 1 0.16015625 0.0 0.3984375 0.08984375 0.214453125 10
stats: {recvpackets,"tsung_controller@ip-172-31-13-122"} 1 1777.0 0.0 1777 225 521.8888888888889 9
stats: {sentpackets,"tsung_controller@ip-172-31-13-122"} 1 1398.0 0.0 1398 155 399.44444444444446 9
stats: {cpu,"tsung_controller@ip-172-31-13-122"} 1 3.9254170755642788 0.0 3.9254170755642788 1.282051282051282 1.8354616524658938 10
stats: session 76 2277.1697644685446 2402.6764032440906 16257.199951171875 13.093994140625 1769.9728536605837 256
stats: users_count 65 339
stats: finish_users_count 76 332
stats: request 65 6.824522986778846 0.596594412043867 128.10205078125 5.744873046875 8.05703713075958 274
stats: connect 65 0.6586763822115387 0.07484358196105612 117.889892578125 0.4931640625 1.1607879861427919 274
stats: page 65 6.824522986778846 0.596594412043867 128.10205078125 5.744873046875 8.05703713075958 274
stats: 200 65 339
stats: size_rcv 1600520 8347340
stats: newphase 0 3
stats: size_sent 9035 47121
stats: connected -12 8
# stats: dump at 1480596928
stats: users 23 26
stats: {freemem,"tsung_controller@ip-172-31-13-122"} 1 3159.16015625 0.0 3162.078125 3159.16015625 3160.6761363636365 11
stats: {load,"tsung_controller@ip-172-31-13-122"} 1 0.2109375 0.0 0.3984375 0.08984375 0.20951704545454544 11
stats: {recvpackets,"tsung_controller@ip-172-31-13-122"} 1 1679.0 0.0 1777 225 647.4 10
stats: {sentpackets,"tsung_controller@ip-172-31-13-122"} 1 1241.0 0.0 1398 155 499.3 10
stats: {cpu,"tsung_controller@ip-172-31-13-122"} 1 3.155818540433925 0.0 3.9254170755642788 1.282051282051282 2.0254576000202924 11
stats: session 83 1866.212946512613 1959.359747316085 16257.199951171875 10.095947265625 1886.0781705925262 332
stats: users_count 99 438
stats: finish_users_count 83 415
stats: request 97 7.184766631765464 1.036191423759218 128.10205078125 5.575927734375 7.820714359789823 339
stats: connect 97 0.6607426908827323 0.1883620135305448 117.889892578125 0.4931640625 1.0645128998432891 339
stats: page 97 7.184766631765464 1.036191423759218 128.10205078125 5.575927734375 7.820714359789823 339
stats: 200 97 436
stats: size_rcv 2388578 10735918
stats: newphase 0 3
stats: size_sent 13483 60604
stats: connected 13 21
# stats: dump at 1480596938
stats: users 38 39
stats: {freemem,"tsung_controller@ip-172-31-13-122"} 1 3157.80859375 0.0 3162.078125 3157.80859375 3160.5498046875 12
stats: {load,"tsung_controller@ip-172-31-13-122"} 1 0.171875 0.0 0.3984375 0.08984375 0.20963541666666666 12
stats: {recvpackets,"tsung_controller@ip-172-31-13-122"} 1 1933.0 0.0 1933 225 741.1818181818181 11
stats: {sentpackets,"tsung_controller@ip-172-31-13-122"} 1 1461.0 0.0 1461 155 566.7272727272727 11
stats: {cpu,"tsung_controller@ip-172-31-13-122"} 1 4.00390625 0.0 4.00390625 1.282051282051282 2.119654345054762 12
stats: session 119 2032.2949485458244 1941.462567838544 16257.199951171875 10.095947265625 1882.1051257765437 415
stats: users_count 134 572
stats: finish_users_count 119 534
stats: request 134 6.907561800373134 1.419414129036953 128.10205078125 5.575927734375 7.679230576261468 436
stats: connect 134 0.6220684905550373 0.1123812603034265 117.889892578125 0.4931640625 0.9746832891341743 436
stats: page 134 6.907561800373134 1.419414129036953 128.10205078125 5.575927734375 7.679230576261468 436
stats: 200 134 570
stats: size_rcv 3299584 14035502
stats: newphase 1 4
stats: size_sent 18626 79230
stats: connected 16 37
# stats: dump at 1480596948
stats: users 32 51
stats: {freemem,"tsung_controller@ip-172-31-13-122"} 1 3155.921875 0.0 3162.078125 3155.921875 3160.3389423076924 13
stats: {load,"tsung_controller@ip-172-31-13-122"} 1 0.1484375 0.0 0.3984375 0.08984375 0.20673076923076922 13
stats: {recvpackets,"tsung_controller@ip-172-31-13-122"} 1 3599.0 0.0 3599 225 840.5 12
stats: {sentpackets,"tsung_controller@ip-172-31-13-122"} 1 2830.0 0.0 2830 155 641.25 12
stats: {cpu,"tsung_controller@ip-172-31-13-122"} 1 5.143422354104846 0.0 5.143422354104846 1.282051282051282 2.2645967992813185 13
stats: session 172 2002.0956789948227 1809.09396307274 16257.199951171875 10.095947265625 1915.5743933974134 534
stats: users_count 166 738
stats: finish_users_count 172 706
stats: request 165 6.72023703835227 1.217435733950401 128.10205078125 5.428955078125 7.49782072368421 570
stats: connect 165 0.5908706202651519 0.110806502824084 117.889892578125 0.489990234375 0.8917878803453947 570
stats: page 165 6.72023703835227 1.217435733950401 128.10205078125 5.428955078125 7.49782072368421 570
stats: 200 165 735
stats: size_rcv 4062740 18098242
stats: newphase 0 4
stats: size_sent 22935 102165
stats: connected -5 32
# stats: dump at 1480596958
stats: users 30 51
stats: {freemem,"tsung_controller@ip-172-31-13-122"} 1 3155.859375 0.0 3162.078125 3155.859375 3160.0234375 14
stats: {load,"tsung_controller@ip-172-31-13-122"} 1 0.12109375 0.0 0.3984375 0.08984375 0.20256696428571427 14
stats: {recvpackets,"tsung_controller@ip-172-31-13-122"} 1 3613.0 0.0 3613 225 1052.6923076923076 13
stats: {sentpackets,"tsung_controller@ip-172-31-13-122"} 1 2790.0 0.0 2830 155 809.6153846153846 13
stats: {cpu,"tsung_controller@ip-172-31-13-122"} 1 6.601941747572816 0.0 6.601941747572816 1.282051282051282 2.4702271960544278 14
stats: session 145 2165.077017106682 2170.961964248919 16257.199951171875 10.095947265625 1936.6532335146292 706
stats: users_count 143 881
stats: finish_users_count 145 851
stats: request 142 6.845837230413734 1.1433600987922015 128.10205078125 5.428955078125 7.323261120854592 735
stats: connect 142 0.6031941158670769 0.12936569365237846 117.889892578125 0.489990234375 0.8242350260416669 735
stats: page 142 6.845837230413734 1.1433600987922015 128.10205078125 5.428955078125 7.323261120854592 735
stats: 200 142 877
stats: size_rcv 3496671 21594913
stats: newphase 0 4
stats: size_sent 19738 121903
stats: connected -5 27
# stats: dump at 1480596968
stats: users 67 75
stats: {freemem,"tsung_controller@ip-172-31-13-122"} 1 3155.671875 0.0 3162.078125 3155.671875 3159.7458333333334 15
stats: {load,"tsung_controller@ip-172-31-13-122"} 1 0.1796875 0.0 0.3984375 0.08984375 0.19713541666666667 15
stats: {recvpackets,"tsung_controller@ip-172-31-13-122"} 1 3211.0 0.0 3613 225 1235.5714285714287 14
stats: {sentpackets,"tsung_controller@ip-172-31-13-122"} 1 2.5e3 0.0 2830 155 951.0714285714286 14
stats: {cpu,"tsung_controller@ip-172-31-13-122"} 1 6.0370009737098345 0.0 6.601941747572816 1.282051282051282 2.74567483282232 15
stats: session 250 1706.0494824218745 1774.3851709718188 16257.199951171875 10.095947265625 1975.5738546907132 851
stats: users_count 287 1168
stats: finish_users_count 250 1101
stats: request 288 6.848141140407986 2.0882291220048197 128.10205078125 5.428955078125 7.245958734945125 877
stats: connect 288 0.6144341362847219 0.346010132805387 117.889892578125 0.488037109375 0.7884450497078107 877
stats: page 288 6.848141140407986 2.0882291220048197 128.10205078125 5.428955078125 7.245958734945125 877
stats: 200 288 1165
stats: size_rcv 7091558 28686471
stats: newphase 1 5
stats: size_sent 40032 161935
stats: connected 42 69
# stats: dump at 1480596978
stats: users 73 79
stats: {freemem,"tsung_controller@ip-172-31-13-122"} 1 3152.1328125 0.0 3162.078125 3152.1328125 3159.4912109375 16
stats: {load,"tsung_controller@ip-172-31-13-122"} 1 0.1484375 0.0 0.3984375 0.08984375 0.196044921875 16
stats: {recvpackets,"tsung_controller@ip-172-31-13-122"} 1 7462.0 0.0 7462 225 1367.2666666666667 15
stats: {sentpackets,"tsung_controller@ip-172-31-13-122"} 1 5659.0 0.0 5659 155 1054.3333333333333 15
stats: {cpu,"tsung_controller@ip-172-31-13-122"} 1 11.14341085271318 0.0 11.14341085271318 1.282051282051282 2.95138271662779 16
stats: session 303 1969.8019697233392 1981.0056168628305 16257.199951171875 10.095947265625 1914.373951814047 1101
stats: users_count 309 1477
stats: finish_users_count 303 1404
stats: request 310 6.826736548639113 1.5920970592571342 128.10205078125 5.407958984375 7.147614127883584 1165
stats: connect 310 0.5978389616935491 0.4555669676587561 117.889892578125 0.48193359375 0.745427759522532 1165
stats: page 310 6.826736548639113 1.5920970592571342 128.10205078125 5.407958984375 7.147614127883584 1165
stats: 200 310 1475
stats: size_rcv 7633237 36319708
stats: newphase 0 5
stats: size_sent 43090 205025
stats: connected 5 74
# stats: dump at 1480596988
stats: users 74 88
stats: {freemem,"tsung_controller@ip-172-31-13-122"} 1 3150.984375 0.0 3162.078125 3150.984375 3159.0583639705883 17
stats: {load,"tsung_controller@ip-172-31-13-122"} 1 0.12890625 0.0 0.3984375 0.08984375 0.19324448529411764 17
stats: {recvpackets,"tsung_controller@ip-172-31-13-122"} 1 7257.0 0.0 7462 225 1748.1875 16
stats: {sentpackets,"tsung_controller@ip-172-31-13-122"} 1 5595.0 0.0 5659 155 1342.125 16
stats: {cpu,"tsung_controller@ip-172-31-13-122"} 1 10.505836575875486 0.0 11.14341085271318 1.282051282051282 3.433266724632813 17
stats: session 332 2139.952113140061 2260.5516967235953 16257.199951171875 10.095947265625 1926.335981320112 1404
stats: users_count 333 1810
stats: finish_users_count 332 1736
stats: request 331 6.877454682779456 1.5340671330588629 128.10205078125 5.407958984375 7.080175450211865 1475
stats: connect 332 0.5840395272496233 0.22202222690846765 117.889892578125 0.48193359375 0.7144090969279661 1475
stats: page 331 6.877454682779456 1.5340671330588629 128.10205078125 5.407958984375 7.080175450211865 1475
stats: 200 331 1806
stats: size_rcv 8150315 44470023
stats: newphase 0 5
stats: size_sent 46148 251173
stats: connected 1 75
# stats: dump at 1480596998
stats: users 126 132
stats: {freemem,"tsung_controller@ip-172-31-13-122"} 1 3150.47265625 0.0 3162.078125 3150.47265625 3158.609809027778 18
stats: {load,"tsung_controller@ip-172-31-13-122"} 1 0.109375 0.0 0.3984375 0.08984375 0.1896701388888889 18
stats: {recvpackets,"tsung_controller@ip-172-31-13-122"} 1 7302.0 0.0 7462 225 2072.235294117647 17
stats: {sentpackets,"tsung_controller@ip-172-31-13-122"} 1 5570.0 0.0 5659 155 1592.2941176470588 17
stats: {cpu,"tsung_controller@ip-172-31-13-122"} 1 11.143131604226705 0.0 11.14341085271318 1.282051282051282 3.826187271924073 18
stats: session 499 1869.374980918869 2007.7990120922095 20317.05810546875 10.058837890625 1967.1888360230055 1736
stats: users_count 551 2361
stats: finish_users_count 499 2235
stats: request 552 7.441442074983018 2.5319661961190865 128.10205078125 5.407958984375 7.0430212010312845 1806
stats: connect 551 0.6049042578833939 0.4056379921680327 117.889892578125 0.462890625 0.6904563038271306 1807
stats: page 552 7.441442074983018 2.5319661961190865 128.10205078125 5.407958984375 7.0430212010312845 1806
stats: 200 552 2358
stats: size_rcv 13591802 58061825
stats: newphase 1 6
stats: size_sent 76589 327762
stats: connected 50 125
# stats: dump at 1480597008
stats: users 119 145
stats: {freemem,"tsung_controller@ip-172-31-13-122"} 1 3144.6484375 0.0 3162.078125 3144.6484375 3158.1815378289475 19
stats: {load,"tsung_controller@ip-172-31-13-122"} 1 0.08984375 0.0 0.3984375 0.08984375 0.18544407894736842 19
stats: {recvpackets,"tsung_controller@ip-172-31-13-122"} 1 13809.0 0.0 13809 225 2362.777777777778 18
stats: {sentpackets,"tsung_controller@ip-172-31-13-122"} 1 10404.0 0.0 10404 155 1813.2777777777778 18
stats: {cpu,"tsung_controller@ip-172-31-13-122"} 1 18.582375478927204 0.0 18.582375478927204 1.282051282051282 4.211289605203159 19
stats: session 629 1911.2071216868296 1801.675081617696 20317.05810546875 10.058837890625 1945.350306404677 2235
stats: users_count 622 2983
stats: finish_users_count 629 2864
stats: request 625 7.942366015625 3.4200526722823 128.10205078125 5.407958984375 7.136290209691741 2358
stats: connect 625 0.6383218749999993 0.39889737547735193 117.889892578125 0.462890625 0.6704651344823473 2358
stats: page 625 7.942366015625 3.4200526722823 128.10205078125 5.407958984375 7.136290209691741 2358
stats: 200 625 2983
stats: size_rcv 15389044 73450869
stats: newphase 0 6
stats: size_sent 86875 414637
stats: connected -4 121
# stats: dump at 1480597018
stats: users 120 145
stats: {freemem,"tsung_controller@ip-172-31-13-122"} 1 3140.45703125 0.0 3162.078125 3140.45703125 3157.5048828125 20
stats: {load,"tsung_controller@ip-172-31-13-122"} 1 0.078125 0.0 0.3984375 0.078125 0.1806640625 20
stats: {recvpackets,"tsung_controller@ip-172-31-13-122"} 1 14249.0 0.0 14249 225 2965.2105263157896 19
stats: {sentpackets,"tsung_controller@ip-172-31-13-122"} 1 10875.0 0.0 10875 155 2265.4210526315787 19
stats: {cpu,"tsung_controller@ip-172-31-13-122"} 1 19.092627599243855 0.0 19.092627599243855 1.282051282051282 4.929843898889361 20
stats: session 623 2009.99108788749 2064.659275104377 20317.05810546875 10.058837890625 1937.851680990038 2864
stats: users_count 624 3607
stats: finish_users_count 623 3487
stats: request 622 7.34751455423533 2.0497450319303674 128.10205078125 5.407958984375 7.305179709761566 2983
stats: connect 624 0.594318487705329 0.26631657903385475 117.889892578125 0.462890625 0.663730458928721 2983
stats: page 622 7.34751455423533 2.0497450319303674 128.10205078125 5.407958984375 7.305179709761566 2983
stats: 200 622 3605
stats: size_rcv 15315382 88766251
stats: newphase 0 6
stats: size_sent 86736 501373
stats: connected -1 120
# stats: dump at 1480597028
stats: users 226 246
stats: {freemem,"tsung_controller@ip-172-31-13-122"} 1 3137.4921875 0.0 3162.078125 3137.4921875 3156.6930803571427 21
stats: {load,"tsung_controller@ip-172-31-13-122"} 1 0.1484375 0.0 0.3984375 0.078125 0.17578125 21
stats: {recvpackets,"tsung_controller@ip-172-31-13-122"} 1 14384.0 0.0 14384 225 3529.4 20
stats: {sentpackets,"tsung_controller@ip-172-31-13-122"} 1 10781.0 0.0 10875 155 2695.8999999999996 20
stats: {cpu,"tsung_controller@ip-172-31-13-122"} 1 19.21606118546845 0.0 19.21606118546845 1.282051282051282 5.604262170334813 21
stats: session 946 1795.8638100493024 1841.0942378121356 20317.05810546875 10.058837890625 1950.7403676826427 3487
stats: users_count 1052 4659
stats: finish_users_count 946 4433
stats: request 995 9.783654355763188 5.117893298500199 128.10205078125 5.407958984375 7.312484085146498 3605
stats: connect 993 0.6292440639161632 0.39406825245029 117.889892578125 0.462890625 0.6517223995876075 3607
stats: page 995 9.783654355763188 5.117893298500199 128.10205078125 5.407958984375 7.312484085146498 3605
stats: 200 995 4600
stats: size_rcv 24499904 113266155
stats: newphase 1 7
stats: size_sent 138027 639400
stats: connected 106 226
# stats: dump at 1480597038
stats: users 269 273
stats: {freemem,"tsung_controller@ip-172-31-13-122"} 1 3126.0859375 0.0 3162.078125 3126.0859375 3155.8203125 22
stats: {load,"tsung_controller@ip-172-31-13-122"} 1 0.28125 0.0 0.3984375 0.078125 0.17453835227272727 22
stats: {recvpackets,"tsung_controller@ip-172-31-13-122"} 1 26890.0 0.0 26890 225 4046.285714285714 21
stats: {sentpackets,"tsung_controller@ip-172-31-13-122"} 1 20260.0 0.0 20260 155 3080.9047619047615 21
stats: {cpu,"tsung_controller@ip-172-31-13-122"} 1 31.00848256361923 0.0 31.00848256361923 1.282051282051282 6.222980307386342 22
stats: session 1158 2018.0918209095694 1915.234202262929 20317.05810546875 10.058837890625 1917.6897871455033 4433
stats: users_count 1201 5860
stats: finish_users_count 1158 5591
stats: request 1195 9.814265984571117 5.564579084010109 128.10205078125 5.407958984375 7.8470089588994565 4600
stats: connect 1196 0.6149226670281152 0.4717189024376863 117.889892578125 0.462890625 0.6468700110394022 4600
stats: page 1195 9.814265984571117 5.564579084010109 128.10205078125 5.407958984375 7.8470089588994565 4600
stats: 200 1196 5796
stats: size_rcv 29424671 142690826
stats: newphase 0 7
stats: size_sent 166244 805644
stats: connected 29 255
# stats: dump at 1480597048
stats: users 247 284
stats: {freemem,"tsung_controller@ip-172-31-13-122"} 1 3122.86328125 0.0 3162.078125 3122.86328125 3154.5275135869565 23
stats: {load,"tsung_controller@ip-172-31-13-122"} 1 0.30859375 0.0 0.3984375 0.078125 0.17917798913043478 23
stats: {recvpackets,"tsung_controller@ip-172-31-13-122"} 1 27393.0 0.0 27393 225 5084.636363636364 22
stats: {sentpackets,"tsung_controller@ip-172-31-13-122"} 1 21018.0 0.0 21018 155 3861.7727272727275 22
stats: {cpu,"tsung_controller@ip-172-31-13-122"} 1 32.05607476635514 0.0 32.05607476635514 1.282051282051282 7.300610840266033 23
stats: session 1290 2057.7622641866537 2088.581084450212 20317.05810546875 10.058837890625 1938.4849141529774 5591
stats: users_count 1268 7128
stats: finish_users_count 1290 6881
stats: request 1283 10.401104779143127 5.940572242776469 128.10205078125 5.407958984375 8.25268146031061 5795
stats: connect 1282 0.6389097311939351 0.8840815065656856 117.889892578125 0.4609375 0.6402777019577081 5796
stats: page 1283 10.401104779143127 5.940572242776469 128.10205078125 5.407958984375 8.25268146031061 5795
stats: 200 1282 7078
stats: size_rcv 31591516 174282342
stats: newphase 0 7
stats: size_sent 178198 983842
stats: connected -6 249
# stats: dump at 1480597058
stats: users 485 503
stats: {freemem,"tsung_controller@ip-172-31-13-122"} 1 3103.7265625 0.0 3162.078125 3103.7265625 3153.2081705729165 24
stats: {load,"tsung_controller@ip-172-31-13-122"} 1 0.3515625 0.0 0.3984375 0.078125 0.1845703125 24
stats: {recvpackets,"tsung_controller@ip-172-31-13-122"} 1 31279.0 0.0 31279 225 6054.565217391304 23
stats: {sentpackets,"tsung_controller@ip-172-31-13-122"} 1 23276.0 0.0 23276 155 4607.695652173913 23
stats: {cpu,"tsung_controller@ip-172-31-13-122"} 1 33.14659197012138 0.0 33.14659197012138 1.282051282051282 8.332088503853079 24
stats: session 1892 1851.2578025640441 1772.6291737477509 20317.05810546875 10.058837890625 1960.846167102177 6881
stats: users_count 2130 9258
stats: finish_users_count 1892 8773
stats: request 2078 44.7858546002767 31.417600066379723 154.157958984375 5.407958984375 8.642117334577652 7078
stats: connect 2084 0.843471065821437 1.543500694738476 117.889892578125 0.4609375 0.6400299287846144 7078
stats: page 2078 44.7858546002767 31.417600066379723 154.157958984375 5.407958984375 8.642117334577652 7078
stats: 200 2078 9156
stats: size_rcv 51168596 225450938
stats: newphase 1 8
stats: size_sent 289676 1273518
stats: connected 242 491
# stats: dump at 1480597068
stats: users 501 529
stats: {freemem,"tsung_controller@ip-172-31-13-122"} 1 3079.26953125 0.0 3162.078125 3079.26953125 3151.22890625 25
stats: {load,"tsung_controller@ip-172-31-13-122"} 1 0.44921875 0.0 0.44921875 0.078125 0.19125 25
stats: {recvpackets,"tsung_controller@ip-172-31-13-122"} 1 52922.0 0.0 52922 225 7105.583333333333 24
stats: {sentpackets,"tsung_controller@ip-172-31-13-122"} 1 39506.0 0.0 39506 155 5385.541666666667 24
stats: {cpu,"tsung_controller@ip-172-31-13-122"} 1 47.23981900452488 0.0 47.23981900452488 1.282051282051282 9.324668642503811 25
stats: session 2335 2045.1096313737962 1961.2250233662674 22338.18408203125 10.03515625 1937.2121552811182 8773
stats: users_count 2351 11609
stats: finish_users_count 2335 11108
stats: request 2339 52.34381053935973 36.730537679245764 175.93798828125 5.407958984375 16.84511930466531 9156
stats: connect 2367 0.8036756624287069 1.3774684994163606 117.889892578125 0.4609375 0.6863049047270657 9162
stats: page 2339 52.34381053935973 36.730537679245764 175.93798828125 5.407958984375 16.84511930466531 9156
stats: 200 2339 11495
stats: size_rcv 57595734 283046672
stats: newphase 0 8
stats: size_sent 329013 1602531
stats: connected 37 528
# stats: dump at 1480597078
stats: users 470 548
stats: {freemem,"tsung_controller@ip-172-31-13-122"} 1 3076.25390625 0.0 3162.078125 3076.25390625 3148.461237980769 26
stats: {load,"tsung_controller@ip-172-31-13-122"} 1 0.44921875 0.0 0.44921875 0.078125 0.201171875 26
stats: {recvpackets,"tsung_controller@ip-172-31-13-122"} 1 53609.0 0.0 53609 225 8938.24 25
stats: {sentpackets,"tsung_controller@ip-172-31-13-122"} 1 38594.0 0.0 39506 155 6750.36 25
stats: {cpu,"tsung_controller@ip-172-31-13-122"} 1 47.294938917975564 0.0 47.294938917975564 1.282051282051282 10.782943656427697 26
stats: session 2419 2082.499527261391 1951.7734915474732 22338.18408203125 10.03515625 1959.8931605634734 11108
stats: users_count 2388 13997
stats: finish_users_count 2419 13527
stats: request 2400 87.89062133789069 50.4999219120985 220.864013671875 5.407958984375 24.06838496781888 11495
stats: connect 2378 0.9010263351555929 1.6793884342593148 117.889892578125 0.4609375 0.7104021016634682 11529
stats: page 2400 87.89062133789069 50.4999219120985 220.864013671875 5.407958984375 24.06838496781888 11495
stats: 200 2401 13896
stats: size_rcv 59094999 342141671
stats: newphase 0 8
stats: size_sent 330542 1933073
stats: connected -78 450
# stats: dump at 1480597088
stats: users 881 897
stats: {freemem,"tsung_controller@ip-172-31-13-122"} 1 3053.6875 0.0 3162.078125 3053.6875 3145.7868923611113 27
stats: {load,"tsung_controller@ip-172-31-13-122"} 1 0.4609375 0.0 0.4609375 0.078125 0.2103587962962963 27
stats: {recvpackets,"tsung_controller@ip-172-31-13-122"} 1 54513.0 0.0 54513 225 10656.346153846154 26
stats: {sentpackets,"tsung_controller@ip-172-31-13-122"} 1 40286.0 0.0 40286 155 7975.115384615385 26
stats: {cpu,"tsung_controller@ip-172-31-13-122"} 1 47.66930518909411 0.0 47.66930518909411 1.282051282051282 12.135239777225767 27
stats: session 3058 2055.550293447773 1836.0532518464706 22338.18408203125 4.988037109375 1981.8185542976541 13527
stats: users_count 3469 17466
stats: finish_users_count 3058 16585
stats: request 3336 237.18087753917968 205.86600029003822 517.609130859375 1.148193359375 35.09201701446676 13895
stats: connect 3430 1.3265576598943154 2.2375934713268206 117.889892578125 0.4609375 0.7429975160047548 13907
stats: page 3336 237.18087753917968 205.86600029003822 517.609130859375 1.148193359375 35.09201701446676 13895
stats: 200 2367 16263
stats: size_rcv 58727877 400869548
stats: newphase 1 9
stats: size_sent 476770 2409843
stats: connected 425 875
stats: 503 970 970
# stats: dump at 1480597098
stats: users 831 897
stats: {freemem,"tsung_controller@ip-172-31-13-122"} 1 3035.8203125 0.0 3162.078125 3035.8203125 3142.497628348214 28
stats: {load,"tsung_controller@ip-172-31-13-122"} 1 0.55078125 0.0 0.55078125 0.078125 0.21930803571428573 28
stats: {recvpackets,"tsung_controller@ip-172-31-13-122"} 1 57911.0 0.0 57911 225 12280.666666666666 27
stats: {sentpackets,"tsung_controller@ip-172-31-13-122"} 1 41549.0 0.0 41549 155 9171.814814814816 27
stats: {cpu,"tsung_controller@ip-172-31-13-122"} 1 50.652528548123975 0.0 50.652528548123975 1.282051282051282 13.404313541935352 28
stats: session 3641 2306.846275558001 1979.2737546741182 22338.18408203125 4.988037109375 1995.4134688783633 16585
stats: users_count 3591 21057
stats: finish_users_count 3641 20226
stats: request 3614 292.38056889224254 204.03599012283482 517.609130859375 1.13818359375 74.21733990405194 17231
stats: connect 3611 1.268911602027657 1.948218270054544 117.889892578125 0.4609375 0.8584506678500102 17337
stats: page 3614 292.38056889224254 204.03599012283482 517.609130859375 1.13818359375 74.21733990405194 17231
stats: 200 2424 18687
stats: size_rcv 60302946 461172494
stats: newphase 0 9
stats: size_sent 501929 2911772
stats: connected -46 829
stats: 503 1188 2158
# stats: dump at 1480597108
stats: users 899 920
stats: {freemem,"tsung_controller@ip-172-31-13-122"} 1 3021.9140625 0.0 3162.078125 3021.9140625 3138.819100215517 29
stats: {load,"tsung_controller@ip-172-31-13-122"} 1 0.62109375 0.0 0.62109375 0.078125 0.23073814655172414 29
stats: {recvpackets,"tsung_controller@ip-172-31-13-122"} 1 58974.0 0.0 58974 225 13910.32142857143 28
stats: {sentpackets,"tsung_controller@ip-172-31-13-122"} 1 41287.0 0.0 41549 155 10328.142857142857 28
stats: {cpu,"tsung_controller@ip-172-31-13-122"} 1 50.564516129032256 0.0 50.652528548123975 1.282051282051282 14.688734749045306 29
stats: session 3609 2304.748054992736 2029.9748439826337 22338.18408203125 4.988037109375 2051.476301327714 20226
stats: users_count 3677 24734
stats: finish_users_count 3609 23835
stats: request 3682 286.94707751338905 209.17475389186222 517.609130859375 1.118896484375 112.04137010617815 20845
stats: connect 3706 1.3622486260666864 2.4573887066733384 117.889892578125 0.4609375 0.9292056054724793 20948
stats: page 3682 286.94707751338905 209.17475389186222 517.609130859375 1.118896484375 112.04137010617815 20845
stats: 200 2399 21086
stats: size_rcv 59665728 520838222
stats: newphase 0 9
stats: size_sent 515134 3426906
stats: connected 63 892
stats: 503 1283 3441
stats: 500 1 1
# stats: dump at 1480597118
stats: users 23 920
stats: {freemem,"tsung_controller@ip-172-31-13-122"} 1 3022.7890625 0.0 3162.078125 3021.9140625 3134.922265625 30
stats: {load,"tsung_controller@ip-172-31-13-122"} 1 0.6015625 0.0 0.62109375 0.078125 0.24375 30
stats: {recvpackets,"tsung_controller@ip-172-31-13-122"} 1 45806.0 0.0 58974 225 15464.241379310344 29
stats: {sentpackets,"tsung_controller@ip-172-31-13-122"} 1 33394.0 0.0 41549 155 11395.689655172413 29
stats: {cpu,"tsung_controller@ip-172-31-13-122"} 1 44.230769230769226 0.0 50.652528548123975 1.282051282051282 15.884594128378204 30
stats: session 1697 3142.6751272351044 2412.3366714532617 22338.18408203125 4.988037109375 2089.825693355281 23835
stats: users_count 821 25555
stats: finish_users_count 1697 25532
stats: request 1028 364.706972352262 292.4693521726046 1471.931884765625 1.118896484375 138.29826310872025 24527
stats: connect 901 59.15561024859537 233.09345693832958 1007.41796875 0.4609375 0.9943008206230485 24654
stats: page 1028 364.706972352262 292.4693521726046 1471.931884765625 1.118896484375 138.29826310872025 24527
stats: 200 687 21773
stats: size_rcv 17103651 537941873
stats: newphase 0 9
stats: size_sent 125239 3552145
stats: connected -867 25
stats: 503 340 3781
stats: 500 0 1
# stats: dump at 1480597126
stats: users 0 920
stats: {freemem,"tsung_controller@ip-172-31-13-122"} 1 3050.85546875 0.0 3162.078125 3021.9140625 3131.3050655241937 31
stats: {load,"tsung_controller@ip-172-31-13-122"} 1 0.51171875 0.0 0.62109375 0.078125 0.25529233870967744 31
stats: {recvpackets,"tsung_controller@ip-172-31-13-122"} 1 362.0 0.0 58974 225 16475.633333333335 30
stats: {sentpackets,"tsung_controller@ip-172-31-13-122"} 1 606.0 0.0 41549 155 12128.966666666667 30
stats: {cpu,"tsung_controller@ip-172-31-13-122"} 1 3.346456692913386 0.0 50.652528548123975 1.282051282051282 16.798986873616624 31
stats: session 23 10441.873206097147 1436.5332817672354 22338.18408203125 4.988037109375 2159.803975091693 25532
stats: users_count 0 25555
stats: finish_users_count 23 25555
stats: request 0 0 0 1471.931884765625 1.118896484375 147.40599752869133 25555
stats: connect 0 0 0 1007.41796875 0.4609375 3.0449108693259666 25555
stats: page 0 0 0 1471.931884765625 1.118896484375 147.40599752869133 25555
stats: 200 0 21773
stats: size_rcv 0 537941873
stats: newphase 0 9
stats: size_sent 0 3552145
stats: connected -25 0
stats: 503 0 3781
stats: 500 0 1
EndMonitor:{1480,597126,711455}
