# stats: dump at 1480594798
stats: users 10 10
stats: {freemem,"tsung_controller@ip-172-31-13-122"} 1 3161.78125 0 3161.78125 3161.78125 0 0
stats: {load,"tsung_controller@ip-172-31-13-122"} 1 0.05078125 0 0.05078125 0.05078125 0 0
stats: {cpu,"tsung_controller@ip-172-31-13-122"} 1 1.7557083055681333 0 1.7557083055681333 1.7557083055681333 0 0
stats: users_count 10 10
stats: finish_users_count 0 0
stats: request 22 65.3470791903409 55.18281344873298 185.577880859375 13.18115234375 0 0
stats: connect 8 15.49432373046875 38.666742934069006 117.796875 0.8359375 0 0
stats: page 22 65.3470791903409 55.18281344873298 185.577880859375 13.18115234375 0 0
stats: 200 21 21
stats: size_rcv 3449984 3449984
stats: size_sent 9613 9613
stats: connected 8 8
stats: 500 1 1
# stats: dump at 1480594808
stats: users 22 22
stats: {freemem,"tsung_controller@ip-172-31-13-122"} 1 3160.58984375 0.0 3161.78125 3160.58984375 3161.78125 1
stats: {load,"tsung_controller@ip-172-31-13-122"} 1 0.0390625 0.0 0.05078125 0.0390625 0.05078125 1
stats: {recvpackets,"tsung_controller@ip-172-31-13-122"} 1 2876 0 2876 2876 0 0
stats: {sentpackets,"tsung_controller@ip-172-31-13-122"} 1 1389 0 1389 1389 0 0
stats: {cpu,"tsung_controller@ip-172-31-13-122"} 1 2.9469548133595285 0.0 2.9469548133595285 1.7557083055681333 1.7557083055681333 1
stats: users_count 12 22
stats: finish_users_count 0 0
stats: request 12 2241.3316853841147 3156.771012262463 10813.9609375 13.18115234375 65.3470791903409 22
stats: connect 13 0.9485426682692307 0.16399706849497747 117.796875 0.740966796875 15.49432373046875 8
stats: page 12 2241.3316853841147 3156.771012262463 10813.9609375 13.18115234375 65.3470791903409 22
stats: 200 12 33
stats: size_rcv 1751178 5201162
stats: size_sent 8988 18601
stats: connected 13 21
stats: 500 0 1
# stats: dump at 1480594818
stats: users 30 30
stats: {freemem,"tsung_controller@ip-172-31-13-122"} 1 3160.24609375 0.0 3161.78125 3160.24609375 3161.185546875 2
stats: {load,"tsung_controller@ip-172-31-13-122"} 1 0.0390625 0.0 0.05078125 0.0390625 0.044921875 2
stats: {recvpackets,"tsung_controller@ip-172-31-13-122"} 1 851.0 0.0 2876 851 2876.0 1
stats: {sentpackets,"tsung_controller@ip-172-31-13-122"} 1 440.0 0.0 1389 440 1389.0 1
stats: {cpu,"tsung_controller@ip-172-31-13-122"} 1 1.2871287128712872 0.0 2.9469548133595285 1.2871287128712872 2.351331559463831 2
stats: users_count 8 30
stats: finish_users_count 0 0
stats: request 5 17414.085546875 1965.4243880251597 21300.572998046875 13.18115234375 833.341646082261 34
stats: connect 9 1.129638671875 0.6590292576071022 117.796875 0.740966796875 6.489792596726191 21
stats: page 5 17414.085546875 1965.4243880251597 21300.572998046875 13.18115234375 833.341646082261 34
stats: 200 5 38
stats: size_rcv 1874865 7076027
stats: size_sent 2311 20912
stats: connected 9 30
stats: 500 0 1
# stats: dump at 1480594828
stats: users 41 41
stats: {freemem,"tsung_controller@ip-172-31-13-122"} 1 3159.52734375 0.0 3161.78125 3159.52734375 3160.8723958333335 3
stats: {load,"tsung_controller@ip-172-31-13-122"} 1 0.03125 0.0 0.05078125 0.03125 0.04296875 3
stats: {recvpackets,"tsung_controller@ip-172-31-13-122"} 1 2636.0 0.0 2876 851 1863.5 2
stats: {sentpackets,"tsung_controller@ip-172-31-13-122"} 1 1142.0 0.0 1389 440 914.5 2
stats: {cpu,"tsung_controller@ip-172-31-13-122"} 1 1.7733990147783252 0.0 2.9469548133595285 1.2871287128712872 1.9965972772663163 3
stats: users_count 11 41
stats: finish_users_count 0 0
stats: request 53 6704.565715285967 6857.1833603103 26127.7109375 13.18115234375 2959.0780436197915 39
stats: connect 11 1.0217063210227273 0.38269818999639293 117.796875 0.7060546875 4.881746419270834 30
stats: page 53 6704.565715285967 6857.1833603103 26127.7109375 13.18115234375 2959.0780436197915 39
stats: 200 53 91
stats: size_rcv 10326235 17402262
stats: newphase 1 1
stats: size_sent 25472 46384
stats: connected 11 41
stats: 500 0 1
# stats: dump at 1480594838
stats: users 61 61
stats: {freemem,"tsung_controller@ip-172-31-13-122"} 1 3157.9609375 0.0 3161.78125 3157.9609375 3160.5361328125 4
stats: {load,"tsung_controller@ip-172-31-13-122"} 1 0.03125 0.0 0.05078125 0.03125 0.0400390625 4
stats: {recvpackets,"tsung_controller@ip-172-31-13-122"} 1 5979.0 0.0 5979 851 2121.0 3
stats: {sentpackets,"tsung_controller@ip-172-31-13-122"} 1 2783.0 0.0 2783 440 990.3333333333334 3
stats: {cpu,"tsung_controller@ip-172-31-13-122"} 1 2.66798418972332 0.0 2.9469548133595285 1.2871287128712872 1.9407977116443185 4
stats: users_count 20 61
stats: finish_users_count 0 0
stats: request 1 33338.050048828125 0.0 33338.050048828125 13.18115234375 5116.804637079654 92
stats: connect 18 0.8574490017361112 0.08660283896170834 117.796875 0.6669921875 3.846125905106707 41
stats: page 1 33338.050048828125 0.0 33338.050048828125 13.18115234375 5116.804637079654 92
stats: 200 1 92
stats: size_rcv 25966 17428228
stats: newphase 0 1
stats: size_sent 5553 51937
stats: connected 18 59
stats: 500 0 1
# stats: dump at 1480594848
stats: users 86 86
stats: {freemem,"tsung_controller@ip-172-31-13-122"} 1 3157.73828125 0.0 3161.78125 3157.73828125 3160.02109375 5
stats: {load,"tsung_controller@ip-172-31-13-122"} 1 0.01953125 0.0 0.05078125 0.01953125 0.03828125 5
stats: {recvpackets,"tsung_controller@ip-172-31-13-122"} 1 64.0 0.0 5979 64 3085.5 4
stats: {sentpackets,"tsung_controller@ip-172-31-13-122"} 1 77.0 0.0 2783 77 1438.5 4
stats: {cpu,"tsung_controller@ip-172-31-13-122"} 1 1.3847675568743818 0.0 2.9469548133595285 1.2871287128712872 2.086235007260119 5
stats: users_count 25 86
stats: finish_users_count 0 0
stats: request 26 20228.77524977464 3663.459303113025 36799.005859375 13.18115234375 5420.258888818885 93
stats: connect 26 0.9135648287259616 0.14103189079540188 117.796875 0.6669921875 2.934326171875 59
stats: page 26 20228.77524977464 3663.459303113025 36799.005859375 13.18115234375 5420.258888818885 93
stats: 200 26 118
stats: size_rcv 6415358 23843586
stats: newphase 0 1
stats: size_sent 15180 67117
stats: connected 26 85
stats: 500 0 1
# stats: dump at 1480594858
stats: users 118 118
stats: {freemem,"tsung_controller@ip-172-31-13-122"} 1 3156.421875 0.0 3161.78125 3156.421875 3159.640625 6
stats: {load,"tsung_controller@ip-172-31-13-122"} 1 0.01953125 0.0 0.05078125 0.01953125 0.03515625 6
stats: {recvpackets,"tsung_controller@ip-172-31-13-122"} 1 5502.0 0.0 5979 64 2481.2 5
stats: {sentpackets,"tsung_controller@ip-172-31-13-122"} 1 2614.0 0.0 2783 77 1166.2 5
stats: {cpu,"tsung_controller@ip-172-31-13-122"} 1 2.857142857142857 0.0 2.9469548133595285 1.2871287128712872 1.9693237655291627 6
stats: users_count 32 118
stats: finish_users_count 0 0
stats: request 28 4680.989920479912 9016.093659998798 36799.005859375 0.7158203125 8655.733051716781 119
stats: connect 31 0.8430884576612904 0.11813168052427639 117.796875 0.6640625 2.3162109375 85
stats: page 28 4680.989920479912 9016.093659998798 36799.005859375 0.7158203125 8655.733051716781 119
stats: 200 6 124
stats: size_rcv 1380564 25224150
stats: newphase 1 2
stats: size_sent 11698 78815
stats: connected 31 116
stats: 503 22 22
stats: 500 0 1
# stats: dump at 1480594868
stats: users 165 165
stats: {freemem,"tsung_controller@ip-172-31-13-122"} 1 3155.55078125 0.0 3161.78125 3155.55078125 3159.1808035714284 7
stats: {load,"tsung_controller@ip-172-31-13-122"} 1 0.01953125 0.0 0.05078125 0.01953125 0.032924107142857144 7
stats: {recvpackets,"tsung_controller@ip-172-31-13-122"} 1 122.0 0.0 5979 64 2984.6666666666665 6
stats: {sentpackets,"tsung_controller@ip-172-31-13-122"} 1 182.0 0.0 2783 77 1407.5 6
stats: {cpu,"tsung_controller@ip-172-31-13-122"} 1 1.6765285996055226 0.0 2.9469548133595285 1.2871287128712872 2.096155064331119 7
stats: session 1 11442.923828125 0 11442.923828125 11442.923828125 0 0
stats: users_count 48 166
stats: finish_users_count 1 1
stats: request 235 5213.888157621339 11478.726514270264 42068.22216796875 0.68212890625 7898.639121957378 147
stats: connect 48 0.8513234456380209 0.36159390645843204 117.796875 0.60302734375 1.9225316540948278 116
stats: page 235 5213.888157621339 11478.726514270264 42068.22216796875 0.68212890625 7898.639121957378 147
stats: 200 41 165
stats: size_rcv 6582523 31806673
stats: newphase 0 2
stats: size_sent 53720 132535
stats: connected 48 164
stats: 503 194 216
stats: 500 0 1
# stats: dump at 1480594878
stats: users 203 207
stats: {freemem,"tsung_controller@ip-172-31-13-122"} 1 3151.23828125 0.0 3161.78125 3151.23828125 3158.72705078125 8
stats: {load,"tsung_controller@ip-172-31-13-122"} 1 0.01171875 0.0 0.05078125 0.01171875 0.03125 8
stats: {recvpackets,"tsung_controller@ip-172-31-13-122"} 1 6257.0 0.0 6257 64 2575.714285714286 7
stats: {sentpackets,"tsung_controller@ip-172-31-13-122"} 1 3271.0 0.0 3271 77 1232.4285714285713 7
stats: {cpu,"tsung_controller@ip-172-31-13-122"} 1 4.897159647404505 0.0 4.897159647404505 1.2871287128712872 2.0437017562404196 8
stats: session 5 25950.180859375 18589.071866009643 62146.12109375 8801.314208984375 11442.923828125 1
stats: users_count 43 209
stats: finish_users_count 5 6
stats: request 452 1571.788182621508 6446.629709989739 43100.889892578125 0.68212890625 6247.025308818715 382
stats: connect 45 0.7706759982638889 0.056170287512251116 117.796875 0.60302734375 1.6090073004001524 164
stats: page 452 1571.788182621508 6446.629709989739 43100.889892578125 0.68212890625 6247.025308818715 382
stats: 200 26 191
stats: size_rcv 5653510 37460183
stats: newphase 0 2
stats: size_sent 130819 263354
stats: connected 39 203
stats: 503 426 642
stats: 500 0 1
# stats: dump at 1480594888
stats: users 244 244
stats: {freemem,"tsung_controller@ip-172-31-13-122"} 1 3148.28515625 0.0 3161.78125 3148.28515625 3157.894965277778 9
stats: {load,"tsung_controller@ip-172-31-13-122"} 1 0.01171875 0.0 0.05078125 0.01171875 0.029079861111111112 9
stats: {recvpackets,"tsung_controller@ip-172-31-13-122"} 1 3086.0 0.0 6257 64 3035.875 8
stats: {sentpackets,"tsung_controller@ip-172-31-13-122"} 1 2179.0 0.0 3271 77 1487.25 8
stats: {cpu,"tsung_controller@ip-172-31-13-122"} 1 4.612365063788027 0.0 4.897159647404505 1.2871287128712872 2.360752633036429 9
stats: session 14 41260.39603097098 21593.502119957175 79692.02490234375 8801.314208984375 23532.3046875 6
stats: users_count 55 264
stats: finish_users_count 14 20
stats: request 626 446.65733849278655 4196.438089378037 44402.069091796875 0.64892578125 3713.2037488173514 834
stats: connect 55 0.7499112215909091 0.06244846930936916 117.796875 0.60302734375 1.428505345394737 209
stats: page 626 446.65733849278655 4196.438089378037 44402.069091796875 0.64892578125 3713.2037488173514 834
stats: 200 7 198
stats: size_rcv 643875 38104058
stats: newphase 1 3
stats: size_sent 155741 419095
stats: connected 41 244
stats: 503 619 1261
stats: 500 0 1
# stats: dump at 1480594898
stats: users 275 276
stats: {freemem,"tsung_controller@ip-172-31-13-122"} 1 3143.9375 0.0 3161.78125 3143.9375 3156.933984375 10
stats: {load,"tsung_controller@ip-172-31-13-122"} 1 0.01171875 0.0 0.05078125 0.01171875 0.02734375 10
stats: {recvpackets,"tsung_controller@ip-172-31-13-122"} 1 2370.0 0.0 6257 64 3041.4444444444443 9
stats: {sentpackets,"tsung_controller@ip-172-31-13-122"} 1 2135.0 0.0 3271 77 1564.111111111111 9
stats: {cpu,"tsung_controller@ip-172-31-13-122"} 1 5.836575875486381 0.0 5.836575875486381 1.2871287128712872 2.5859138761115887 10
stats: session 46 45515.79889712126 25190.40316336367 93348.22216796875 8801.314208984375 35941.96862792969 20
stats: users_count 77 341
stats: finish_users_count 46 66
stats: request 782 2112.995723480459 8734.297806679451 49813.42919921875 0.64892578125 2312.616041376819 1460
stats: connect 76 0.8795936986019737 0.9856799093998416 117.796875 0.60302734375 1.2871315696022727 264
stats: page 782 2112.995723480459 8734.297806679451 49813.42919921875 0.64892578125 2312.616041376819 1460
stats: 200 44 242
stats: size_rcv 9547398 47651456
stats: newphase 0 3
stats: size_sent 190213 609308
stats: connected 31 275
stats: 503 738 1999
stats: 500 0 1
# stats: dump at 1480594908
stats: users 301 301
stats: {freemem,"tsung_controller@ip-172-31-13-122"} 1 3141.92578125 0.0 3161.78125 3141.92578125 3155.7524857954545 11
stats: {load,"tsung_controller@ip-172-31-13-122"} 1 0.01171875 0.0 0.05078125 0.01171875 0.025923295454545456 11
stats: {recvpackets,"tsung_controller@ip-172-31-13-122"} 1 6263.0 0.0 6263 64 2974.3 10
stats: {sentpackets,"tsung_controller@ip-172-31-13-122"} 1 4133.0 0.0 4133 77 1621.2 10
stats: {cpu,"tsung_controller@ip-172-31-13-122"} 1 7.079646017699115 0.0 7.079646017699115 1.2871287128712872 2.8814286033274787 11
stats: session 36 45619.62571885851 26992.643398059874 110116.81787109375 8801.314208984375 42614.63820948745 66
stats: users_count 62 403
stats: finish_users_count 36 102
stats: request 901 0.9666947207096281 0.9847568830569279 49813.42919921875 0.632080078125 2242.989329247045 2242
stats: connect 63 1.0802370101686507 1.1579467937093326 117.796875 0.60302734375 1.1960348690257352 340
stats: page 901 0.9666947207096281 0.9847568830569279 49813.42919921875 0.632080078125 2242.989329247045 2242
stats: 200 0 242
stats: size_rcv 435183 48086639
stats: newphase 0 3
stats: size_sent 205324 814632
stats: connected 26 301
stats: 503 901 2900
stats: 500 0 1
# stats: dump at 1480594918
stats: users 251 308
stats: {freemem,"tsung_controller@ip-172-31-13-122"} 1 3140.58203125 0.0 3161.78125 3140.58203125 3154.6002604166665 12
stats: {load,"tsung_controller@ip-172-31-13-122"} 1 0.01171875 0.0 0.05078125 0.01171875 0.024739583333333332 12
stats: {recvpackets,"tsung_controller@ip-172-31-13-122"} 1 1211.0 0.0 6263 64 3273.2727272727275 11
stats: {sentpackets,"tsung_controller@ip-172-31-13-122"} 1 2205.0 0.0 4133 77 1849.5454545454545 11
stats: {cpu,"tsung_controller@ip-172-31-13-122"} 1 6.802721088435375 0.0 7.079646017699115 1.2871287128712872 3.231280054525115 12
stats: session 71 36403.66852236465 22065.00967958922 110116.81787109375 8801.314208984375 43675.222036324296 102
stats: users_count 21 424
stats: finish_users_count 71 173
stats: request 843 941.8609302018466 6784.722119504199 62141.921142578125 0.632080078125 1600.271418426737 3143
stats: connect 21 1.431245349702381 2.4900979368600065 117.796875 0.60302734375 1.1779324742168114 403
stats: page 843 941.8609302018466 6784.722119504199 62141.921142578125 0.632080078125 1600.271418426737 3143
stats: 200 16 258
stats: size_rcv 3799742 51886381
stats: newphase 0 3
stats: size_sent 168202 982834
stats: connected -49 252
stats: 503 827 3727
stats: 500 0 1
# stats: dump at 1480594928
stats: users 184 308
stats: {freemem,"tsung_controller@ip-172-31-13-122"} 1 3139.98828125 0.0 3161.78125 3139.98828125 3153.521935096154 13
stats: {load,"tsung_controller@ip-172-31-13-122"} 1 0.01171875 0.0 0.05078125 0.01171875 0.023737980769230768 13
stats: {recvpackets,"tsung_controller@ip-172-31-13-122"} 1 4001.0 0.0 6263 64 3101.4166666666665 12
stats: {sentpackets,"tsung_controller@ip-172-31-13-122"} 1 3140.0 0.0 4133 77 1879.1666666666667 12
stats: {cpu,"tsung_controller@ip-172-31-13-122"} 1 6.256109481915933 0.0 7.079646017699115 1.2871287128712872 3.5060062879028275 13
stats: session 67 35598.92882754199 18864.74390458015 110116.81787109375 8801.314208984375 40690.94284851427 173
stats: users_count 0 424
stats: finish_users_count 67 240
stats: request 459 1095.0650116166264 7737.666495745687 62141.921142578125 0.632080078125 1461.0240422166057 3986
stats: connect 0 0 0 117.796875 0.60302734375 1.190478630785672 424
stats: page 459 1095.0650116166264 7737.666495745687 62141.921142578125 0.632080078125 1461.0240422166057 3986
stats: 200 9 267
stats: size_rcv 4321227 56207608
stats: newphase 0 3
stats: size_sent 106833 1089667
stats: connected -68 184
stats: 503 450 4177
stats: 500 0 1
# stats: dump at 1480594938
stats: users 135 308
stats: {freemem,"tsung_controller@ip-172-31-13-122"} 1 3138.34375 0.0 3161.78125 3138.34375 3152.555245535714 14
stats: {load,"tsung_controller@ip-172-31-13-122"} 1 0.0 0.0 0.05078125 0.0 0.022879464285714284 14
stats: {recvpackets,"tsung_controller@ip-172-31-13-122"} 1 2726.0 0.0 6263 64 3170.6153846153848 13
stats: {sentpackets,"tsung_controller@ip-172-31-13-122"} 1 1758.0 0.0 4133 77 1976.1538461538462 13
stats: {cpu,"tsung_controller@ip-172-31-13-122"} 1 4.710500490677134 0.0 7.079646017699115 1.2871287128712872 3.702442230332335 14
stats: session 49 41939.7262236926 29404.51449857056 142420.11499023438 8801.314208984375 39269.4222676595 240
stats: users_count 0 424
stats: finish_users_count 49 289
stats: request 210 9573.099831426713 22732.113457234547 70047.51904296875 0.632080078125 1423.2343470432895 4445
stats: connect 0 0 0 117.796875 0.60302734375 1.190478630785672 424
stats: page 210 9573.099831426713 22732.113457234547 70047.51904296875 0.632080078125 1423.2343470432895 4445
stats: 200 31 298
stats: size_rcv 5971124 62178732
stats: newphase 0 3
stats: size_sent 62193 1151860
stats: connected -49 135
stats: 503 178 4355
stats: 500 1 2
# stats: dump at 1480594948
stats: users 124 308
stats: {freemem,"tsung_controller@ip-172-31-13-122"} 1 3139.6640625 0.0 3161.78125 3138.34375 3151.6078125 15
stats: {load,"tsung_controller@ip-172-31-13-122"} 1 0.0 0.0 0.05078125 0.0 0.021354166666666667 15
stats: {recvpackets,"tsung_controller@ip-172-31-13-122"} 1 4910.0 0.0 6263 64 3138.8571428571427 14
stats: {sentpackets,"tsung_controller@ip-172-31-13-122"} 1 2644.0 0.0 4133 77 1960.5714285714287 14
stats: {cpu,"tsung_controller@ip-172-31-13-122"} 1 3.645320197044335 0.0 7.079646017699115 1.2871287128712872 3.769646114355322 15
stats: session 11 68780.68963068182 32075.49385826628 142420.11499023438 8801.314208984375 39722.17276539522 289
stats: users_count 0 424
stats: finish_users_count 11 300
stats: request 105 6842.517464192706 18458.475045731542 75769.31811523438 0.632080078125 1790.89745160194 4655
stats: connect 0 0 0 117.796875 0.60302734375 1.190478630785672 424
stats: page 105 6842.517464192706 18458.475045731542 75769.31811523438 0.632080078125 1790.89745160194 4655
stats: 200 13 311
stats: size_rcv 2163362 64342094
stats: newphase 0 3
stats: size_sent 47619 1199479
stats: connected -11 124
stats: 503 92 4447
stats: 500 0 2
# stats: dump at 1480594958
stats: users 115 308
stats: {freemem,"tsung_controller@ip-172-31-13-122"} 1 3139.6796875 0.0 3161.78125 3138.34375 3150.861328125 16
stats: {load,"tsung_controller@ip-172-31-13-122"} 1 0.0 0.0 0.05078125 0.0 0.02001953125 16
stats: {recvpackets,"tsung_controller@ip-172-31-13-122"} 1 1143.0 0.0 6263 64 3256.9333333333334 15
stats: {sentpackets,"tsung_controller@ip-172-31-13-122"} 1 701.0 0.0 4133 77 2006.1333333333334 15
stats: {cpu,"tsung_controller@ip-172-31-13-122"} 1 1.8774703557312251 0.0 7.079646017699115 1.2871287128712872 3.761875744523385 16
stats: session 9 94532.38283962673 17026.970069124094 142420.11499023438 8801.314208984375 40787.6517171224 300
stats: users_count 0 424
stats: finish_users_count 9 309
stats: request 61 10350.289935002562 25058.44972053203 85737.90893554688 0.632080078125 1902.3302459973247 4760
stats: connect 0 0 0 117.796875 0.60302734375 1.190478630785672 424
stats: page 61 10350.289935002562 25058.44972053203 85737.90893554688 0.632080078125 1902.3302459973247 4760
stats: 200 9 320
stats: size_rcv 1757222 66099316
stats: newphase 0 3
stats: size_sent 25994 1225473
stats: connected -9 115
stats: 503 52 4499
stats: 500 0 2
# stats: dump at 1480594968
stats: users 114 308
stats: {freemem,"tsung_controller@ip-172-31-13-122"} 1 3139.57421875 0.0 3161.78125 3138.34375 3150.2035845588234 17
stats: {load,"tsung_controller@ip-172-31-13-122"} 1 0.0 0.0 0.05078125 0.0 0.01884191176470588 17
stats: {recvpackets,"tsung_controller@ip-172-31-13-122"} 1 2051.0 0.0 6263 64 3124.8125 16
stats: {sentpackets,"tsung_controller@ip-172-31-13-122"} 1 1038.0 0.0 4133 77 1924.5625 16
stats: {cpu,"tsung_controller@ip-172-31-13-122"} 1 2.263779527559055 0.0 7.079646017699115 1.2871287128712872 3.6510283687120815 17
stats: session 1 84803.14697265625 0.0 142420.11499023438 8801.314208984375 42353.03223525359 309
stats: users_count 0 424
stats: finish_users_count 1 310
stats: request 37 30181.68571183488 34754.427266242106 87363.21997070313 0.632080078125 2009.2220819295628 4821
stats: connect 0 0 0 117.796875 0.60302734375 1.190478630785672 424
stats: page 37 30181.68571183488 34754.427266242106 87363.21997070313 0.632080078125 2009.2220819295628 4821
stats: 200 16 336
stats: size_rcv 5730197 71829513
stats: newphase 0 3
stats: size_sent 20095 1245568
stats: connected -1 114
stats: 503 21 4520
stats: 500 0 2
# stats: dump at 1480594978
stats: users 111 308
stats: {freemem,"tsung_controller@ip-172-31-13-122"} 1 3139.62109375 0.0 3161.78125 3138.34375 3149.6130642361113 18
stats: {load,"tsung_controller@ip-172-31-13-122"} 1 0.0 0.0 0.05078125 0.0 0.017795138888888888 18
stats: {recvpackets,"tsung_controller@ip-172-31-13-122"} 1 4206.0 0.0 6263 64 3061.6470588235293 17
stats: {sentpackets,"tsung_controller@ip-172-31-13-122"} 1 1886.0 0.0 4133 77 1872.4117647058824 17
stats: {cpu,"tsung_controller@ip-172-31-13-122"} 1 2.2615535889872174 0.0 7.079646017699115 1.2871287128712872 3.573958988648025 18
stats: session 3 92375.39501953125 7997.999839719653 142420.11499023438 8801.314208984375 42489.96808924521 310
stats: users_count 0 424
stats: finish_users_count 3 313
stats: request 33 8932.062810724432 24058.82067217846 87363.21997070313 0.632080078125 2223.7921013421806 4858
stats: connect 0 0 0 117.796875 0.60302734375 1.190478630785672 424
stats: page 33 8932.062810724432 24058.82067217846 87363.21997070313 0.632080078125 2223.7921013421806 4858
stats: 200 4 340
stats: size_rcv 1276317 73105830
stats: newphase 0 3
stats: size_sent 15540 1261108
stats: connected -3 111
stats: 503 29 4549
stats: 500 0 2
# stats: dump at 1480594988
stats: users 108 308
stats: {freemem,"tsung_controller@ip-172-31-13-122"} 1 3139.625 0.0 3161.78125 3138.34375 3149.0871710526317 19
stats: {load,"tsung_controller@ip-172-31-13-122"} 1 0.0 0.0 0.05078125 0.0 0.016858552631578948 19
stats: {recvpackets,"tsung_controller@ip-172-31-13-122"} 1 671.0 0.0 6263 64 3125.222222222222 18
stats: {sentpackets,"tsung_controller@ip-172-31-13-122"} 1 356.0 0.0 4133 77 1873.1666666666667 18
stats: {cpu,"tsung_controller@ip-172-31-13-122"} 1 1.4807502467917077 0.0 7.079646017699115 1.2871287128712872 3.5048850202448243 19
stats: session 3 117405.21175130208 13469.348351739141 142420.11499023438 8801.314208984375 42968.10317164412 313
stats: users_count 0 424
stats: finish_users_count 3 316
stats: request 18 36181.97866482205 41044.026430114376 92899.36010742188 0.632080078125 2269.0533839857326 4891
stats: connect 0 0 0 117.796875 0.60302734375 1.190478630785672 424
stats: page 18 36181.97866482205 41044.026430114376 92899.36010742188 0.632080078125 2269.0533839857326 4891
stats: 200 8 348
stats: size_rcv 5196676 78302506
stats: newphase 0 3
stats: size_sent 8091 1269199
stats: connected -3 108
stats: 503 10 4559
stats: 500 0 2
# stats: dump at 1480594998
stats: users 104 308
stats: {freemem,"tsung_controller@ip-172-31-13-122"} 1 3139.41015625 0.0 3161.78125 3138.34375 3148.6140625 20
stats: {load,"tsung_controller@ip-172-31-13-122"} 1 0.0 0.0 0.05078125 0.0 0.016015625 20
stats: {recvpackets,"tsung_controller@ip-172-31-13-122"} 1 4169.0 0.0 6263 64 2996.0526315789475 19
stats: {sentpackets,"tsung_controller@ip-172-31-13-122"} 1 1636.0 0.0 4133 77 1793.3157894736842 19
stats: {cpu,"tsung_controller@ip-172-31-13-122"} 1 2.455795677799607 0.0 7.079646017699115 1.2871287128712872 3.4036782815721685 20
stats: session 4 123171.10247802734 38848.43688761276 190252.16186523438 8801.314208984375 43674.784582210494 316
stats: users_count 0 424
stats: finish_users_count 4 320
stats: request 19 74829.32294664886 7100.124866423495 95368.5390625 0.632080078125 2393.403079454271 4909
stats: connect 0 0 0 117.796875 0.60302734375 1.190478630785672 424
stats: page 19 74829.32294664886 7100.124866423495 95368.5390625 0.632080078125 2393.403079454271 4909
stats: 200 19 367
stats: size_rcv 3793941 82096447
stats: newphase 0 3
stats: size_sent 8431 1277630
stats: connected -4 104
stats: 503 0 4559
stats: 500 0 2
# stats: dump at 1480595008
stats: users 104 308
stats: {freemem,"tsung_controller@ip-172-31-13-122"} 1 3139.46875 0.0 3161.78125 3138.34375 3148.17578125 21
stats: {load,"tsung_controller@ip-172-31-13-122"} 1 0.0 0.0 0.05078125 0.0 0.01525297619047619 21
stats: {recvpackets,"tsung_controller@ip-172-31-13-122"} 1 1602.0 0.0 6263 64 3054.7 20
stats: {sentpackets,"tsung_controller@ip-172-31-13-122"} 1 735.0 0.0 4133 77 1785.45 20
stats: {cpu,"tsung_controller@ip-172-31-13-122"} 1 1.4792899408284024 0.0 7.079646017699115 1.2871287128712872 3.358541014725856 21
stats: session 0 0 0 190252.16186523438 8801.314208984375 44668.4885559082 320
stats: users_count 0 424
stats: finish_users_count 0 320
stats: request 4 87918.31707763672 9315.95498511653 95368.5390625 0.632080078125 2672.681179591588 4928
stats: connect 0 0 0 117.796875 0.60302734375 1.190478630785672 424
stats: page 4 87918.31707763672 9315.95498511653 95368.5390625 0.632080078125 2672.681179591588 4928
stats: 200 4 371
stats: size_rcv 2700496 84796943
stats: newphase 0 3
stats: size_sent 976 1278606
stats: connected 0 104
stats: 503 0 4559
stats: 500 0 2
# stats: dump at 1480595018
stats: users 104 308
stats: {freemem,"tsung_controller@ip-172-31-13-122"} 1 3139.484375 0.0 3161.78125 3138.34375 3147.7800071022725 22
stats: {load,"tsung_controller@ip-172-31-13-122"} 1 0.0 0.0 0.05078125 0.0 0.01455965909090909 22
stats: {recvpackets,"tsung_controller@ip-172-31-13-122"} 1 2328.0 0.0 6263 64 2985.5238095238096 21
stats: {sentpackets,"tsung_controller@ip-172-31-13-122"} 1 1019.0 0.0 4133 77 1735.4285714285713 21
stats: {cpu,"tsung_controller@ip-172-31-13-122"} 1 1.3793103448275863 0.0 7.079646017699115 1.2871287128712872 3.273120511366881 22
stats: session 0 0 0 190252.16186523438 8801.314208984375 44668.4885559082 320
stats: users_count 0 424
stats: finish_users_count 0 320
stats: request 10 79077.45537109375 8096.412547495608 95368.5390625 0.632080078125 2741.817948365347 4932
stats: connect 0 0 0 117.796875 0.60302734375 1.190478630785672 424
stats: page 10 79077.45537109375 8096.412547495608 95368.5390625 0.632080078125 2741.817948365347 4932
stats: 200 8 379
stats: size_rcv 1718981 86515924
stats: newphase 0 3
stats: size_sent 5180 1283786
stats: connected 0 104
stats: 503 0 4559
stats: 500 2 4
# stats: dump at 1480595028
stats: users 104 308
stats: {freemem,"tsung_controller@ip-172-31-13-122"} 1 3139.484375 0.0 3161.78125 3138.34375 3147.419327445652 23
stats: {load,"tsung_controller@ip-172-31-13-122"} 1 0.0 0.0 0.05078125 0.0 0.013926630434782608 23
stats: {recvpackets,"tsung_controller@ip-172-31-13-122"} 1 850.0 0.0 6263 64 2955.6363636363635 22
stats: {sentpackets,"tsung_controller@ip-172-31-13-122"} 1 394.0 0.0 4133 77 1702.8636363636363 22
stats: {cpu,"tsung_controller@ip-172-31-13-122"} 1 1.2807881773399015 0.0 7.079646017699115 1.2807881773399015 3.190780938908651 23
stats: session 0 0 0 190252.16186523438 8801.314208984375 44668.4885559082 320
stats: users_count 0 424
stats: finish_users_count 0 320
stats: request 0 0 0 95368.5390625 0.632080078125 2896.2809945465056 4942
stats: connect 0 0 0 117.796875 0.60302734375 1.190478630785672 424
stats: page 0 0 0 95368.5390625 0.632080078125 2896.2809945465056 4942
stats: 200 0 379
stats: size_rcv 0 86515924
stats: newphase 0 3
stats: size_sent 464 1284250
stats: connected 0 104
stats: 503 0 4559
stats: 500 0 4
# stats: dump at 1480595038
stats: users 100 308
stats: {freemem,"tsung_controller@ip-172-31-13-122"} 1 3139.5078125 0.0 3161.78125 3138.34375 3147.0887044270835 24
stats: {load,"tsung_controller@ip-172-31-13-122"} 1 0.0 0.0 0.05078125 0.0 0.013346354166666666 24
stats: {recvpackets,"tsung_controller@ip-172-31-13-122"} 1 2632.0 0.0 6263 64 2864.086956521739 23
stats: {sentpackets,"tsung_controller@ip-172-31-13-122"} 1 1110.0 0.0 4133 77 1645.9565217391305 23
stats: {cpu,"tsung_controller@ip-172-31-13-122"} 1 1.5779092702169626 0.0 7.079646017699115 1.2807881773399015 3.1111979071766194 24
stats: session 4 128475.7075805664 1522.0410005452995 190252.16186523438 8801.314208984375 44668.4885559082 320
stats: users_count 0 424
stats: finish_users_count 4 324
stats: request 25 93900.89880859375 1678.244022529994 99057.54516601563 0.632080078125 2896.2809945465056 4942
stats: connect 0 0 0 117.796875 0.60302734375 1.190478630785672 424
stats: page 25 93900.89880859375 1678.244022529994 99057.54516601563 0.632080078125 2896.2809945465056 4942
stats: 200 24 403
stats: size_rcv 6519901 93035825
stats: newphase 0 3
stats: size_sent 9016 1293266
stats: connected -4 100
stats: 503 0 4559
stats: 500 1 5
# stats: dump at 1480595048
stats: users 100 308
stats: {freemem,"tsung_controller@ip-172-31-13-122"} 1 3139.5078125 0.0 3161.78125 3138.34375 3146.78546875 25
stats: {load,"tsung_controller@ip-172-31-13-122"} 1 0.0 0.0 0.05078125 0.0 0.0128125 25
stats: {recvpackets,"tsung_controller@ip-172-31-13-122"} 1 2015.0 0.0 6263 64 2854.4166666666665 24
stats: {sentpackets,"tsung_controller@ip-172-31-13-122"} 1 967.0 0.0 4133 77 1623.625 24
stats: {cpu,"tsung_controller@ip-172-31-13-122"} 1 1.5763546798029555 0.0 7.079646017699115 1.2807881773399015 3.0498663616982333 25
stats: session 0 0 0 190252.16186523438 8801.314208984375 45703.14558090398 324
stats: users_count 0 424
stats: finish_users_count 0 324
stats: request 0 0 0 99057.54516601563 0.632080078125 3354.3271884968135 4967
stats: connect 0 0 0 117.796875 0.60302734375 1.190478630785672 424
stats: page 0 0 0 99057.54516601563 0.632080078125 3354.3271884968135 4967
stats: 200 0 403
stats: size_rcv 0 93035825
stats: newphase 0 3
stats: size_sent 940 1294206
stats: connected 0 100
stats: 503 0 4559
stats: 500 0 5
# stats: dump at 1480595058
stats: users 99 308
stats: {freemem,"tsung_controller@ip-172-31-13-122"} 1 3139.375 0.0 3161.78125 3138.34375 3146.505558894231 26
stats: {load,"tsung_controller@ip-172-31-13-122"} 1 0.0 0.0 0.05078125 0.0 0.012319711538461538 26
stats: {recvpackets,"tsung_controller@ip-172-31-13-122"} 1 866.0 0.0 6263 64 2820.84 25
stats: {sentpackets,"tsung_controller@ip-172-31-13-122"} 1 408.0 0.0 4133 77 1597.36 25
stats: {cpu,"tsung_controller@ip-172-31-13-122"} 1 1.4734774066797642 0.0 7.079646017699115 1.2807881773399015 2.993192835471492 26
stats: session 1 217908.18505859375 0.0 217908.18505859375 8801.314208984375 45703.14558090398 324
stats: users_count 0 424
stats: finish_users_count 1 325
stats: request 32 99197.77006530762 8503.944169067754 116455.17700195313 0.632080078125 3354.3271884968135 4967
stats: connect 0 0 0 117.796875 0.60302734375 1.190478630785672 424
stats: page 32 99197.77006530762 8503.944169067754 116455.17700195313 0.632080078125 3354.3271884968135 4967
stats: 200 32 435
stats: size_rcv 7084549 100120374
stats: newphase 0 3
stats: size_sent 9409 1303615
stats: connected -1 99
stats: 503 0 4559
stats: 500 0 5
# stats: dump at 1480595068
stats: users 99 308
stats: {freemem,"tsung_controller@ip-172-31-13-122"} 1 3139.4140625 0.0 3161.78125 3138.34375 3146.2414641203704 27
stats: {load,"tsung_controller@ip-172-31-13-122"} 1 0.0 0.0 0.05078125 0.0 0.011863425925925927 27
stats: {recvpackets,"tsung_controller@ip-172-31-13-122"} 1 4138.0 0.0 6263 64 2745.653846153846 26
stats: {sentpackets,"tsung_controller@ip-172-31-13-122"} 1 1904.0 0.0 4133 77 1551.6153846153845 26
stats: {cpu,"tsung_controller@ip-172-31-13-122"} 1 2.075098814229249 0.0 7.079646017699115 1.2807881773399015 2.936907078849576 27
stats: session 0 0 0 217908.18505859375 8801.314208984375 46233.00724083534 325
stats: users_count 0 424
stats: finish_users_count 0 325
stats: request 0 0 0 116455.17700195313 0.632080078125 3967.8479270561143 4999
stats: connect 0 0 0 117.796875 0.60302734375 1.190478630785672 424
stats: page 0 0 0 116455.17700195313 0.632080078125 3967.8479270561143 4999
stats: 200 0 435
stats: size_rcv 0 100120374
stats: newphase 0 3
stats: size_sent 5177 1308792
stats: connected 0 99
stats: 503 0 4559
stats: 500 0 5
# stats: dump at 1480595078
stats: users 97 308
stats: {freemem,"tsung_controller@ip-172-31-13-122"} 1 3139.421875 0.0 3161.78125 3138.34375 3145.997628348214 28
stats: {load,"tsung_controller@ip-172-31-13-122"} 1 0.0 0.0 0.05078125 0.0 0.011439732142857142 28
stats: {recvpackets,"tsung_controller@ip-172-31-13-122"} 1 2.0 0.0 6263 2 2797.222222222222 27
stats: {sentpackets,"tsung_controller@ip-172-31-13-122"} 1 2.0 0.0 4133 2 1564.6666666666667 27
stats: {cpu,"tsung_controller@ip-172-31-13-122"} 1 0.9871668311944718 0.0 7.079646017699115 0.9871668311944718 2.906128212255993 28
stats: session 2 218272.18395996094 17009.000854492188 235281.18481445313 8801.314208984375 46233.00724083534 325
stats: users_count 0 424
stats: finish_users_count 2 327
stats: request 27 93648.60231300637 13277.763993403618 129800.7509765625 0.632080078125 3967.8479270561143 4999
stats: connect 0 0 0 117.796875 0.60302734375 1.190478630785672 424
stats: page 27 93648.60231300637 13277.763993403618 129800.7509765625 0.632080078125 3967.8479270561143 4999
stats: 200 27 462
stats: size_rcv 7109172 107229546
stats: newphase 0 3
stats: size_sent 7473 1316265
stats: connected -2 97
stats: 503 0 4559
stats: 500 0 5
# stats: dump at 1480595088
stats: users 96 308
stats: {freemem,"tsung_controller@ip-172-31-13-122"} 1 3139.15625 0.0 3161.78125 3138.34375 3145.7708782327586 29
stats: {load,"tsung_controller@ip-172-31-13-122"} 1 0.0 0.0 0.05078125 0.0 0.011045258620689655 29
stats: {recvpackets,"tsung_controller@ip-172-31-13-122"} 1 6032.0 0.0 6263 2 2697.3928571428573 28
stats: {sentpackets,"tsung_controller@ip-172-31-13-122"} 1 2665.0 0.0 4133 2 1508.857142857143 28
stats: {cpu,"tsung_controller@ip-172-31-13-122"} 1 2.272727272727273 0.0 7.079646017699115 0.9871668311944718 2.8399571301504234 29
stats: session 1 189181.1650390625 0.0 235281.18481445313 8801.314208984375 47285.23462138045 327
stats: users_count 0 424
stats: finish_users_count 1 328
stats: request 6 79029.98746744792 14508.02491588072 129800.7509765625 0.632080078125 4449.618792241283 5026
stats: connect 0 0 0 117.796875 0.60302734375 1.190478630785672 424
stats: page 6 79029.98746744792 14508.02491588072 129800.7509765625 0.632080078125 4449.618792241283 5026
stats: 200 6 468
stats: size_rcv 1235739 108465285
stats: newphase 0 3
stats: size_sent 6577 1322842
stats: connected -1 96
stats: 503 0 4559
stats: 500 0 5
# stats: dump at 1480595098
stats: users 96 308
stats: {freemem,"tsung_controller@ip-172-31-13-122"} 1 3139.19921875 0.0 3161.78125 3138.34375 3145.550390625 30
stats: {load,"tsung_controller@ip-172-31-13-122"} 1 0.0 0.0 0.05078125 0.0 0.010677083333333334 30
stats: {recvpackets,"tsung_controller@ip-172-31-13-122"} 1 6.0 0.0 6263 2 2812.3793103448274 29
stats: {sentpackets,"tsung_controller@ip-172-31-13-122"} 1 7.0 0.0 4133 2 1548.7241379310344 29
stats: {cpu,"tsung_controller@ip-172-31-13-122"} 1 1.083743842364532 0.0 7.079646017699115 0.9871668311944718 2.821049468236318 30
stats: session 0 0 0 235281.18481445313 8801.314208984375 47717.84416533679 328
stats: users_count 0 424
stats: finish_users_count 0 328
stats: request 0 0 0 129800.7509765625 0.632080078125 4538.546099882627 5032
stats: connect 0 0 0 117.796875 0.60302734375 1.190478630785672 424
stats: page 0 0 0 129800.7509765625 0.632080078125 4538.546099882627 5032
stats: 200 0 468
stats: size_rcv 0 108465285
stats: newphase 0 3
stats: size_sent 0 1322842
stats: connected 0 96
stats: 503 0 4559
stats: 500 0 5
# stats: dump at 1480595108
stats: users 92 308
stats: {freemem,"tsung_controller@ip-172-31-13-122"} 1 3139.0546875 0.0 3161.78125 3138.34375 3145.3455141129034 31
stats: {load,"tsung_controller@ip-172-31-13-122"} 1 0.078125 0.0 0.078125 0.0 0.01033266129032258 31
stats: {recvpackets,"tsung_controller@ip-172-31-13-122"} 1 4626.0 0.0 6263 2 2718.8333333333335 30
stats: {sentpackets,"tsung_controller@ip-172-31-13-122"} 1 1616.0 0.0 4133 2 1497.3333333333333 30
stats: {cpu,"tsung_controller@ip-172-31-13-122"} 1 1.7769002961500493 0.0 7.079646017699115 0.9871668311944718 2.765007351272712 31
stats: session 4 218304.18505859375 22545.04916910745 245189.19116210938 8801.314208984375 47717.84416533679 328
stats: users_count 0 424
stats: finish_users_count 4 332
stats: request 19 85145.27919407895 14694.682303323196 129800.7509765625 0.632080078125 4538.546099882627 5032
stats: connect 0 0 0 117.796875 0.60302734375 1.190478630785672 424
stats: page 19 85145.27919407895 14694.682303323196 129800.7509765625 0.632080078125 4538.546099882627 5032
stats: 200 19 487
stats: size_rcv 7705689 116170974
stats: newphase 0 3
stats: size_sent 7121 1329963
stats: connected -3 93
stats: 503 0 4559
stats: 500 0 5
# stats: dump at 1480595118
stats: users 92 308
stats: {freemem,"tsung_controller@ip-172-31-13-122"} 1 3139.078125 0.0 3161.78125 3138.34375 3145.14892578125 32
stats: {load,"tsung_controller@ip-172-31-13-122"} 1 0.0703125 0.0 0.078125 0.0 0.012451171875 32
stats: {recvpackets,"tsung_controller@ip-172-31-13-122"} 1 868.0 0.0 6263 2 2780.3548387096776 31
stats: {sentpackets,"tsung_controller@ip-172-31-13-122"} 1 413.0 0.0 4133 2 1501.1612903225807 31
stats: {cpu,"tsung_controller@ip-172-31-13-122"} 1 0.9900990099009901 0.0 7.079646017699115 0.9871668311944718 2.7341290058001286 32
stats: session 0 0 0 245189.19116210938 8801.314208984375 49773.101284532655 332
stats: users_count 0 424
stats: finish_users_count 0 332
stats: request 0 0 0 129800.7509765625 0.632080078125 4841.758914927118 5051
stats: connect 0 0 0 117.796875 0.60302734375 1.190478630785672 424
stats: page 0 0 0 129800.7509765625 0.632080078125 4841.758914927118 5051
stats: 200 0 487
stats: size_rcv 0 116170974
stats: newphase 0 3
stats: size_sent 0 1329963
stats: connected -1 92
stats: 503 0 4559
stats: 500 0 5
# stats: dump at 1480595128
stats: users 89 308
stats: {freemem,"tsung_controller@ip-172-31-13-122"} 1 3139.09375 0.0 3161.78125 3138.34375 3144.964962121212 33
stats: {load,"tsung_controller@ip-172-31-13-122"} 1 0.05859375 0.0 0.078125 0.0 0.014204545454545454 33
stats: {recvpackets,"tsung_controller@ip-172-31-13-122"} 1 775.0 0.0 6263 2 2720.59375 32
stats: {sentpackets,"tsung_controller@ip-172-31-13-122"} 1 356.0 0.0 4133 2 1467.15625 32
stats: {cpu,"tsung_controller@ip-172-31-13-122"} 1 1.1846001974333662 0.0 7.079646017699115 0.9871668311944718 2.681279611985003 33
stats: session 3 223095.53230794272 1955.8788589187182 245189.19116210938 8801.314208984375 49773.101284532655 332
stats: users_count 0 424
stats: finish_users_count 3 335
stats: request 24 83895.80060831705 12538.14203018919 129800.7509765625 0.632080078125 4841.758914927118 5051
stats: connect 0 0 0 117.796875 0.60302734375 1.190478630785672 424
stats: page 24 83895.80060831705 12538.14203018919 129800.7509765625 0.632080078125 4841.758914927118 5051
stats: 200 23 510
stats: size_rcv 7590151 123761125
stats: newphase 0 3
stats: size_sent 7038 1337001
stats: connected -3 89
stats: 503 0 4559
stats: 500 1 6
# stats: dump at 1480595138
stats: users 89 308
stats: {freemem,"tsung_controller@ip-172-31-13-122"} 1 3139.11328125 0.0 3161.78125 3138.34375 3144.792279411765 34
stats: {load,"tsung_controller@ip-172-31-13-122"} 1 0.05078125 0.0 0.078125 0.0 0.015510110294117647 34
stats: {recvpackets,"tsung_controller@ip-172-31-13-122"} 1 5199.0 0.0 6263 2 2661.6363636363635 33
stats: {sentpackets,"tsung_controller@ip-172-31-13-122"} 1 2223.0 0.0 4133 2 1433.4848484848485 33
stats: {cpu,"tsung_controller@ip-172-31-13-122"} 1 2.4582104228121926 0.0 7.079646017699115 0.9871668311944718 2.6372596292040726 34
stats: session 0 0 0 245189.19116210938 8801.314208984375 51325.24245787663 335
stats: users_count 0 424
stats: finish_users_count 0 335
stats: request 1 96177.10888671875 0.0 129800.7509765625 0.632080078125 5215.610540669258 5075
stats: connect 0 0 0 117.796875 0.60302734375 1.190478630785672 424
stats: page 1 96177.10888671875 0.0 129800.7509765625 0.632080078125 5215.610540669258 5075
stats: 200 1 511
stats: size_rcv 962819 124723944
stats: newphase 0 3
stats: size_sent 3312 1340313
stats: connected 0 89
stats: 503 0 4559
stats: 500 0 6
# stats: dump at 1480595148
stats: users 88 308
stats: {freemem,"tsung_controller@ip-172-31-13-122"} 1 3139.11328125 0.0 3161.78125 3138.34375 3144.6300223214284 35
stats: {load,"tsung_controller@ip-172-31-13-122"} 1 0.0390625 0.0 0.078125 0.0 0.016517857142857143 35
stats: {recvpackets,"tsung_controller@ip-172-31-13-122"} 1 1.0 0.0 6263 1 2736.264705882353 34
stats: {sentpackets,"tsung_controller@ip-172-31-13-122"} 1 1.0 0.0 4133 1 1456.7058823529412 34
stats: {cpu,"tsung_controller@ip-172-31-13-122"} 1 1.083743842364532 0.0 7.079646017699115 0.9871668311944718 2.632143937592876 35
stats: session 1 272936.2277832031 0.0 272936.2277832031 8801.314208984375 51325.24245787663 335
stats: users_count 0 424
stats: finish_users_count 1 336
stats: request 14 92290.46775599888 6889.351520867818 129800.7509765625 0.632080078125 5233.530457601104 5076
stats: connect 0 0 0 117.796875 0.60302734375 1.190478630785672 424
stats: page 14 92290.46775599888 6889.351520867818 129800.7509765625 0.632080078125 5233.530457601104 5076
stats: 200 14 525
stats: size_rcv 3443301 128167245
stats: newphase 0 3
stats: size_sent 1906 1342219
stats: connected -1 88
stats: 503 0 4559
stats: 500 0 6
# stats: dump at 1480595158
stats: users 88 308
stats: {freemem,"tsung_controller@ip-172-31-13-122"} 1 3139.1328125 0.0 3161.78125 3138.34375 3144.4767795138887 36
stats: {load,"tsung_controller@ip-172-31-13-122"} 1 0.0390625 0.0 0.078125 0.0 0.017144097222222224 36
stats: {recvpackets,"tsung_controller@ip-172-31-13-122"} 1 3261.0 0.0 6263 1 2658.114285714286 35
stats: {sentpackets,"tsung_controller@ip-172-31-13-122"} 1 1514.0 0.0 4133 1 1415.1142857142856 35
stats: {cpu,"tsung_controller@ip-172-31-13-122"} 1 1.6798418972332017 0.0 7.079646017699115 0.9871668311944718 2.589132823836533 36
stats: session 0 0 0 272936.2277832031 8801.314208984375 51984.798961821056 336
stats: users_count 0 424
stats: finish_users_count 0 336
stats: request 2 93539.99401855469 3377.6851806640625 129800.7509765625 0.632080078125 5472.979793981765 5090
stats: connect 0 0 0 117.796875 0.60302734375 1.190478630785672 424
stats: page 2 93539.99401855469 3377.6851806640625 129800.7509765625 0.632080078125 5472.979793981765 5090
stats: 200 2 527
stats: size_rcv 1137317 129304562
stats: newphase 0 3
stats: size_sent 5217 1347436
stats: connected 0 88
stats: 503 0 4559
stats: 500 0 6
# stats: dump at 1480595168
stats: users 88 308
stats: {freemem,"tsung_controller@ip-172-31-13-122"} 1 3138.98828125 0.0 3161.78125 3138.34375 3144.332347972973 37
stats: {load,"tsung_controller@ip-172-31-13-122"} 1 0.03125 0.0 0.078125 0.0 0.017736486486486486 37
stats: {recvpackets,"tsung_controller@ip-172-31-13-122"} 1 3.0 0.0 6263 1 2674.8611111111113 36
stats: {sentpackets,"tsung_controller@ip-172-31-13-122"} 1 3.0 0.0 4133 1 1417.861111111111 36
stats: {cpu,"tsung_controller@ip-172-31-13-122"} 1 1.0848126232741617 0.0 7.079646017699115 0.9871668311944718 2.564557393387794 37
stats: session 0 0 0 272936.2277832031 8801.314208984375 51984.798961821056 336
stats: users_count 0 424
stats: finish_users_count 0 336
stats: request 9 97420.82356770833 7955.516227254564 129800.7509765625 0.632080078125 5507.570137353554 5092
stats: connect 0 0 0 117.796875 0.60302734375 1.190478630785672 424
stats: page 9 97420.82356770833 7955.516227254564 129800.7509765625 0.632080078125 5507.570137353554 5092
stats: 200 9 536
stats: size_rcv 1818156 131122718
stats: newphase 0 3
stats: size_sent 2373 1349809
stats: connected 0 88
stats: 503 0 4559
stats: 500 0 6
# stats: dump at 1480595178
stats: users 88 308
stats: {freemem,"tsung_controller@ip-172-31-13-122"} 1 3139.02734375 0.0 3161.78125 3138.34375 3144.191714638158 38
stats: {load,"tsung_controller@ip-172-31-13-122"} 1 0.03125 0.0 0.078125 0.0 0.018092105263157895 38
stats: {recvpackets,"tsung_controller@ip-172-31-13-122"} 1 3180.0 0.0 6263 1 2602.6486486486488 37
stats: {sentpackets,"tsung_controller@ip-172-31-13-122"} 1 1419.0 0.0 4133 1 1379.6216216216217 37
stats: {cpu,"tsung_controller@ip-172-31-13-122"} 1 1.6748768472906401 0.0 7.079646017699115 0.9871668311944718 2.525616741542698 38
stats: session 0 0 0 272936.2277832031 8801.314208984375 51984.798961821056 336
stats: users_count 0 424
stats: finish_users_count 0 336
stats: request 4 108509.79125976563 6129.311318656952 129800.7509765625 0.632080078125 5669.738198689212 5101
stats: connect 0 0 0 117.796875 0.60302734375 1.190478630785672 424
stats: page 4 108509.79125976563 6129.311318656952 129800.7509765625 0.632080078125 5669.738198689212 5101
stats: 200 4 540
stats: size_rcv 3794473 134917191
stats: newphase 0 3
stats: size_sent 3820 1353629
stats: connected 0 88
stats: 503 0 4559
stats: 500 0 6
# stats: dump at 1480595188
stats: users 88 308
stats: {freemem,"tsung_controller@ip-172-31-13-122"} 1 3138.9921875 0.0 3161.78125 3138.34375 3144.059294871795 39
stats: {load,"tsung_controller@ip-172-31-13-122"} 1 0.01953125 0.0 0.078125 0.0 0.01842948717948718 39
stats: {recvpackets,"tsung_controller@ip-172-31-13-122"} 1 742.0 0.0 6263 1 2617.842105263158 38
stats: {sentpackets,"tsung_controller@ip-172-31-13-122"} 1 341.0 0.0 4133 1 1380.657894736842 38
stats: {cpu,"tsung_controller@ip-172-31-13-122"} 1 1.2845849802371543 0.0 7.079646017699115 0.9871668311944718 2.5038028981003375 39
stats: session 0 0 0 272936.2277832031 8801.314208984375 51984.798961821056 336
stats: users_count 0 424
stats: finish_users_count 0 336
stats: request 1 111809.09692382813 0.0 129800.7509765625 0.632080078125 5750.318063967235 5105
stats: connect 0 0 0 117.796875 0.60302734375 1.190478630785672 424
stats: page 1 111809.09692382813 0.0 129800.7509765625 0.632080078125 5750.318063967235 5105
stats: 200 1 541
stats: size_rcv 159155 135076346
stats: newphase 0 3
stats: size_sent 506 1354135
stats: connected 0 88
stats: 503 0 4559
stats: 500 0 6
# stats: dump at 1480595198
stats: users 87 308
stats: {freemem,"tsung_controller@ip-172-31-13-122"} 1 3138.8984375 0.0 3161.78125 3138.34375 3143.9326171875 40
stats: {load,"tsung_controller@ip-172-31-13-122"} 1 0.01953125 0.0 0.078125 0.0 0.01845703125 40
stats: {recvpackets,"tsung_controller@ip-172-31-13-122"} 1 1108.0 0.0 6263 1 2569.74358974359 39
stats: {sentpackets,"tsung_controller@ip-172-31-13-122"} 1 365.0 0.0 4133 1 1354.0 39
stats: {cpu,"tsung_controller@ip-172-31-13-122"} 1 1.3793103448275863 0.0 7.079646017699115 0.9871668311944718 2.4733224501537583 40
stats: session 1 311938.23095703125 0.0 311938.23095703125 8801.314208984375 51984.798961821056 336
stats: users_count 0 424
stats: finish_users_count 1 337
stats: request 16 113989.95239257813 2489.76984622181 129800.7509765625 0.632080078125 5771.089466015778 5106
stats: connect 0 0 0 117.796875 0.60302734375 1.190478630785672 424
stats: page 16 113989.95239257813 2489.76984622181 129800.7509765625 0.632080078125 5771.089466015778 5106
stats: 200 16 557
stats: size_rcv 5747715 140824061
stats: newphase 0 3
stats: size_sent 5178 1359313
stats: connected -1 87
stats: 503 0 4559
stats: 500 0 6
# stats: dump at 1480595208
stats: users 85 308
stats: {freemem,"tsung_controller@ip-172-31-13-122"} 1 3138.94140625 0.0 3161.78125 3138.34375 3143.809832317073 41
stats: {load,"tsung_controller@ip-172-31-13-122"} 1 0.01953125 0.0 0.078125 0.0 0.018483231707317072 41
stats: {recvpackets,"tsung_controller@ip-172-31-13-122"} 1 3812.0 0.0 6263 1 2533.2 40
stats: {sentpackets,"tsung_controller@ip-172-31-13-122"} 1 1745.0 0.0 4133 1 1329.275 40
stats: {cpu,"tsung_controller@ip-172-31-13-122"} 1 2.263779527559055 0.0 7.079646017699115 0.9871668311944718 2.446639228072632 41
stats: session 2 300660.2550048828 2504.0709228515625 311938.23095703125 8801.314208984375 52756.17413094631 337
stats: users_count 0 424
stats: finish_users_count 2 339
stats: request 7 101133.09681919643 4593.441866339817 129800.7509765625 0.632080078125 6109.141361139753 5122
stats: connect 0 0 0 117.796875 0.60302734375 1.190478630785672 424
stats: page 7 101133.09681919643 4593.441866339817 129800.7509765625 0.632080078125 6109.141361139753 5122
stats: 200 7 564
stats: size_rcv 1022110 141846171
stats: newphase 0 3
stats: size_sent 4272 1363585
stats: connected -2 85
stats: 503 0 4559
stats: 500 0 6
# stats: dump at 1480595218
stats: users 84 308
stats: {freemem,"tsung_controller@ip-172-31-13-122"} 1 3138.96484375 0.0 3161.78125 3138.34375 3143.693917410714 42
stats: {load,"tsung_controller@ip-172-31-13-122"} 1 0.01171875 0.0 0.078125 0.0 0.018508184523809524 42
stats: {recvpackets,"tsung_controller@ip-172-31-13-122"} 1 623.0 0.0 6263 1 2564.390243902439 41
stats: {sentpackets,"tsung_controller@ip-172-31-13-122"} 1 294.0 0.0 4133 1 1339.4146341463415 41
stats: {cpu,"tsung_controller@ip-172-31-13-122"} 1 1.183431952662722 0.0 7.079646017699115 0.9871668311944718 2.4422854256794517 42
stats: session 1 320054.2370605469 0.0 320054.2370605469 8801.314208984375 54218.73508005508 339
stats: users_count 0 424
stats: finish_users_count 1 340
stats: request 9 118109.77587890625 12831.61953902501 136103.46508789063 0.632080078125 6238.828958762369 5129
stats: connect 0 0 0 117.796875 0.60302734375 1.190478630785672 424
stats: page 9 118109.77587890625 12831.61953902501 136103.46508789063 0.632080078125 6238.828958762369 5129
stats: 200 8 572
stats: size_rcv 2646810 144492981
stats: newphase 0 3
stats: size_sent 3821 1367406
stats: connected -1 84
stats: 503 0 4559
stats: 500 1 7
# stats: dump at 1480595228
stats: users 83 308
stats: {freemem,"tsung_controller@ip-172-31-13-122"} 1 3138.9765625 0.0 3161.78125 3138.34375 3143.5839389534885 43
stats: {load,"tsung_controller@ip-172-31-13-122"} 1 0.01171875 0.0 0.078125 0.0 0.01835029069767442 43
stats: {recvpackets,"tsung_controller@ip-172-31-13-122"} 1 2476.0 0.0 6263 1 2518.1666666666665 42
stats: {sentpackets,"tsung_controller@ip-172-31-13-122"} 1 1138.0 0.0 4133 1 1314.5238095238096 42
stats: {cpu,"tsung_controller@ip-172-31-13-122"} 1 1.5779092702169626 0.0 7.079646017699115 0.9871668311944718 2.4130097635162717 43
stats: session 1 314255.10009765625 0.0 320054.2370605469 8801.314208984375 55000.60420352712 340
stats: users_count 0 424
stats: finish_users_count 1 341
stats: request 5 109635.68515625 16161.925197109524 136103.46508789063 0.632080078125 6434.788188478464 5138
stats: connect 0 0 0 117.796875 0.60302734375 1.190478630785672 424
stats: page 5 109635.68515625 16161.925197109524 136103.46508789063 0.632080078125 6434.788188478464 5138
stats: 200 5 577
stats: size_rcv 1786540 146279521
stats: newphase 0 3
stats: size_sent 1911 1369317
stats: connected -1 83
stats: 503 0 4559
stats: 500 0 7
# stats: dump at 1480595238
stats: users 83 308
stats: {freemem,"tsung_controller@ip-172-31-13-122"} 1 3137.4375 0.0 3161.78125 3137.4375 3143.4792258522725 44
stats: {load,"tsung_controller@ip-172-31-13-122"} 1 0.01171875 0.0 0.078125 0.0 0.018199573863636367 44
stats: {recvpackets,"tsung_controller@ip-172-31-13-122"} 1 1481.0 0.0 6263 1 2517.186046511628 43
stats: {sentpackets,"tsung_controller@ip-172-31-13-122"} 1 682.0 0.0 4133 1 1310.418604651163 43
stats: {cpu,"tsung_controller@ip-172-31-13-122"} 1 1.3820335636722607 0.0 7.079646017699115 0.9871668311944718 2.394030206850378 44
stats: session 0 0 0 320054.2370605469 8801.314208984375 55760.88131758614 341
stats: users_count 0 424
stats: finish_users_count 0 341
stats: request 12 112027.58508300781 9569.93695544145 136103.46508789063 0.632080078125 6535.119606879952 5143
stats: connect 0 0 0 117.796875 0.60302734375 1.190478630785672 424
stats: page 12 112027.58508300781 9569.93695544145 136103.46508789063 0.632080078125 6535.119606879952 5143
stats: 200 12 589
stats: size_rcv 3693046 149972567
stats: newphase 0 3
stats: size_sent 4780 1374097
stats: connected 0 83
stats: 503 0 4559
stats: 500 0 7
# stats: dump at 1480595248
stats: users 82 308
stats: {freemem,"tsung_controller@ip-172-31-13-122"} 1 3137.48046875 0.0 3161.78125 3137.4375 3143.3449652777776 45
stats: {load,"tsung_controller@ip-172-31-13-122"} 1 0.01171875 0.0 0.078125 0.0 0.01805555555555556 45
stats: {recvpackets,"tsung_controller@ip-172-31-13-122"} 1 1259.0 0.0 6263 1 2493.6363636363635 44
stats: {sentpackets,"tsung_controller@ip-172-31-13-122"} 1 619.0 0.0 4133 1 1296.1363636363637 44
stats: {cpu,"tsung_controller@ip-172-31-13-122"} 1 1.7786561264822136 0.0 7.079646017699115 0.9871668311944718 2.371541392557531 45
stats: session 1 450669.0751953125 0.0 450669.0751953125 8801.314208984375 55760.88131758614 341
stats: users_count 0 424
stats: finish_users_count 1 342
stats: request 7 110079.91322544643 7039.715649707858 136103.46508789063 0.632080078125 6780.688876659493 5155
stats: connect 0 0 0 117.796875 0.60302734375 1.190478630785672 424
stats: page 7 110079.91322544643 7039.715649707858 136103.46508789063 0.632080078125 6780.688876659493 5155
stats: 200 7 596
stats: size_rcv 1112183 151084750
stats: newphase 0 3
stats: size_sent 2848 1376945
stats: connected -1 82
stats: 503 0 4559
stats: 500 0 7
# stats: dump at 1480595258
stats: users 78 308
stats: {freemem,"tsung_controller@ip-172-31-13-122"} 1 3138.8828125 0.0 3161.78125 3137.4375 3143.217476222826 46
stats: {load,"tsung_controller@ip-172-31-13-122"} 1 0.01171875 0.0 0.078125 0.0 0.017917798913043483 46
stats: {recvpackets,"tsung_controller@ip-172-31-13-122"} 1 756.0 0.0 6263 1 2466.2 45
stats: {sentpackets,"tsung_controller@ip-172-31-13-122"} 1 388.0 0.0 4133 1 1281.088888888889 45
stats: {cpu,"tsung_controller@ip-172-31-13-122"} 1 1.383399209486166 0.0 7.079646017699115 0.9871668311944718 2.358652582425459 46
stats: session 4 402124.2005004883 35207.03749007537 462040.30517578125 8801.314208984375 56915.58363886605 342
stats: users_count 0 424
stats: finish_users_count 4 346
stats: request 15 109504.88854166666 11346.802063707397 136103.46508789063 0.632080078125 6920.769188639638 5162
stats: connect 0 0 0 117.796875 0.60302734375 1.190478630785672 424
stats: page 15 109504.88854166666 11346.802063707397 136103.46508789063 0.632080078125 6920.769188639638 5162
stats: 200 14 610
stats: size_rcv 2564462 153649212
stats: newphase 0 3
stats: size_sent 3819 1380764
stats: connected -4 78
stats: 503 0 4559
stats: 500 1 8
# stats: dump at 1480595268
stats: users 78 308
stats: {freemem,"tsung_controller@ip-172-31-13-122"} 1 3138.9453125 0.0 3161.78125 3137.4375 3143.125249335106 47
stats: {load,"tsung_controller@ip-172-31-13-122"} 1 0.01171875 0.0 0.078125 0.0 0.017785904255319153 47
stats: {recvpackets,"tsung_controller@ip-172-31-13-122"} 1 2277.0 0.0 6263 1 2429.0217391304345 46
stats: {sentpackets,"tsung_controller@ip-172-31-13-122"} 1 1081.0 0.0 4133 1 1261.6739130434783 46
stats: {cpu,"tsung_controller@ip-172-31-13-122"} 1 1.9646365422396856 0.0 7.079646017699115 0.9871668311944718 2.337902510660794 47
stats: session 0 0 0 462040.30517578125 8801.314208984375 60906.43470085012 346
stats: users_count 0 424
stats: finish_users_count 0 346
stats: request 2 111681.45361328125 18498.900390625 136103.46508789063 0.632080078125 7217.999590473791 5177
stats: connect 0 0 0 117.796875 0.60302734375 1.190478630785672 424
stats: page 2 111681.45361328125 18498.900390625 136103.46508789063 0.632080078125 7217.999590473791 5177
stats: 200 2 612
stats: size_rcv 671351 154320563
stats: newphase 0 3
stats: size_sent 3270 1384034
stats: connected 0 78
stats: 503 0 4559
stats: 500 0 8
# stats: dump at 1480595278
stats: users 74 308
stats: {freemem,"tsung_controller@ip-172-31-13-122"} 1 3138.953125 0.0 3161.78125 3137.4375 3143.0381673177085 48
stats: {load,"tsung_controller@ip-172-31-13-122"} 1 0.0 0.0 0.078125 0.0 0.01765950520833334 48
stats: {recvpackets,"tsung_controller@ip-172-31-13-122"} 1 1824.0 0.0 6263 1 2425.787234042553 47
stats: {sentpackets,"tsung_controller@ip-172-31-13-122"} 1 892.0 0.0 4133 1 1257.8297872340424 47
stats: {cpu,"tsung_controller@ip-172-31-13-122"} 1 1.3820335636722607 0.0 7.079646017699115 0.9871668311944718 2.3301261363186874 48
stats: session 4 423815.14001464844 31349.146842427763 462040.30517578125 8801.314208984375 60906.43470085012 346
stats: users_count 0 424
stats: finish_users_count 4 350
stats: request 22 96117.68422629616 14718.48631658041 136103.46508789063 0.632080078125 7258.340758275608 5179
stats: connect 0 0 0 117.796875 0.60302734375 1.190478630785672 424
stats: page 22 96117.68422629616 14718.48631658041 136103.46508789063 0.632080078125 7258.340758275608 5179
stats: 200 21 633
stats: size_rcv 3773583 158094146
stats: newphase 0 3
stats: size_sent 5677 1389711
stats: connected -4 74
stats: 503 0 4559
stats: 500 1 9
# stats: dump at 1480595288
stats: users 72 308
stats: {freemem,"tsung_controller@ip-172-31-13-122"} 1 3138.80859375 0.0 3161.78125 3137.4375 3142.9547991071427 49
stats: {load,"tsung_controller@ip-172-31-13-122"} 1 0.0 0.0 0.078125 0.0 0.017299107142857147 49
stats: {recvpackets,"tsung_controller@ip-172-31-13-122"} 1 1837.0 0.0 6263 1 2413.2499999999995 48
stats: {sentpackets,"tsung_controller@ip-172-31-13-122"} 1 672.0 0.0 4133 1 1250.2083333333333 48
stats: {cpu,"tsung_controller@ip-172-31-13-122"} 1 1.5732546705998034 0.0 7.079646017699115 0.9871668311944718 2.3107773083054948 49
stats: session 2 430029.70654296875 42372.452392578125 472402.1589355469 8801.314208984375 65053.96276157924 350
stats: users_count 0 424
stats: finish_users_count 2 352
stats: request 6 88724.95882161458 12357.816944421009 136103.46508789063 0.632080078125 7634.211851583905 5201
stats: connect 0 0 0 117.796875 0.60302734375 1.190478630785672 424
stats: page 6 88724.95882161458 12357.816944421009 136103.46508789063 0.632080078125 7634.211851583905 5201
stats: 200 6 639
stats: size_rcv 1800292 159894438
stats: newphase 0 3
stats: size_sent 4243 1393954
stats: connected -2 72
stats: 503 0 4559
stats: 500 0 9
# stats: dump at 1480595298
stats: users 72 308
stats: {freemem,"tsung_controller@ip-172-31-13-122"} 1 3138.84375 0.0 3161.78125 3137.4375 3142.871875 50
stats: {load,"tsung_controller@ip-172-31-13-122"} 1 0.0 0.0 0.078125 0.0 0.016953125000000003 50
stats: {recvpackets,"tsung_controller@ip-172-31-13-122"} 1 451.0 0.0 6263 1 2401.489795918367 49
stats: {sentpackets,"tsung_controller@ip-172-31-13-122"} 1 240.0 0.0 4133 1 1238.408163265306 49
stats: {cpu,"tsung_controller@ip-172-31-13-122"} 1 1.1822660098522169 0.0 7.079646017699115 0.9871668311944718 2.2960268555513808 50
stats: session 0 0 0 472402.1589355469 8801.314208984375 67127.68857851895 352
stats: users_count 0 424
stats: finish_users_count 0 352
stats: request 3 90982.4169921875 7983.327982007205 136103.46508789063 0.632080078125 7727.652312851465 5207
stats: connect 0 0 0 117.796875 0.60302734375 1.190478630785672 424
stats: page 3 90982.4169921875 7983.327982007205 136103.46508789063 0.632080078125 7727.652312851465 5207
stats: 200 3 642
stats: size_rcv 142155 160036593
stats: newphase 0 3
stats: size_sent 1904 1395858
stats: connected 0 72
stats: 503 0 4559
stats: 500 0 9
# stats: dump at 1480595308
stats: users 68 308
stats: {freemem,"tsung_controller@ip-172-31-13-122"} 1 3138.859375 0.0 3161.78125 3137.4375 3142.7928921568628 51
stats: {load,"tsung_controller@ip-172-31-13-122"} 1 0.0 0.0 0.078125 0.0 0.01662071078431373 51
stats: {recvpackets,"tsung_controller@ip-172-31-13-122"} 1 3555.0 0.0 6263 1 2362.4799999999996 50
stats: {sentpackets,"tsung_controller@ip-172-31-13-122"} 1 1450.0 0.0 4133 1 1218.4399999999998 50
stats: {cpu,"tsung_controller@ip-172-31-13-122"} 1 1.9704433497536946 0.0 7.079646017699115 0.9871668311944718 2.274188407596495 51
stats: session 4 442620.1807861328 45674.80125476472 515427.1750488281 8801.314208984375 67127.68857851895 352
stats: users_count 0 424
stats: finish_users_count 4 356
stats: request 16 86321.82821655273 11994.689609561006 136103.46508789063 0.632080078125 7775.591716697531 5210
stats: connect 0 0 0 117.796875 0.60302734375 1.190478630785672 424
stats: page 16 86321.82821655273 11994.689609561006 136103.46508789063 0.632080078125 7775.591716697531 5210
stats: 200 16 658
stats: size_rcv 5680618 165717211
stats: newphase 0 3
stats: size_sent 4778 1400636
stats: connected -4 68
stats: 503 0 4559
stats: 500 0 9
# stats: dump at 1480595318
stats: users 65 308
stats: {freemem,"tsung_controller@ip-172-31-13-122"} 1 3138.8671875 0.0 3161.78125 3137.4375 3142.717247596154 52
stats: {load,"tsung_controller@ip-172-31-13-122"} 1 0.0 0.0 0.078125 0.0 0.016301081730769235 52
stats: {recvpackets,"tsung_controller@ip-172-31-13-122"} 1 1146.0 0.0 6263 1 2385.8627450980384 51
stats: {sentpackets,"tsung_controller@ip-172-31-13-122"} 1 530.0 0.0 4133 1 1222.9803921568625 51
stats: {cpu,"tsung_controller@ip-172-31-13-122"} 1 1.183431952662722 0.0 7.079646017699115 0.9871668311944718 2.268347156484133 52
stats: session 3 420802.1779785156 14584.130914842408 515427.1750488281 8801.314208984375 71346.70534489663 356
stats: users_count 0 424
stats: finish_users_count 3 359
stats: request 9 77299.11507161458 8957.44002499523 136103.46508789063 0.632080078125 8016.070052709335 5226
stats: connect 0 0 0 117.796875 0.60302734375 1.190478630785672 424
stats: page 9 77299.11507161458 8957.44002499523 136103.46508789063 0.632080078125 8016.070052709335 5226
stats: 200 9 667
stats: size_rcv 1029140 166746351
stats: newphase 0 3
stats: size_sent 3811 1404447
stats: connected -3 65
stats: 503 0 4559
stats: 500 0 9
# stats: dump at 1480595328
stats: users 63 308
stats: {freemem,"tsung_controller@ip-172-31-13-122"} 1 3138.7109375 0.0 3161.78125 3137.4375 3142.6446049528304 53
stats: {load,"tsung_controller@ip-172-31-13-122"} 1 0.0 0.0 0.078125 0.0 0.0159935141509434 53
stats: {recvpackets,"tsung_controller@ip-172-31-13-122"} 1 2259.0 0.0 6263 1 2362.01923076923 52
stats: {sentpackets,"tsung_controller@ip-172-31-13-122"} 1 1061.0 0.0 4133 1 1209.653846153846 52
stats: {cpu,"tsung_controller@ip-172-31-13-122"} 1 1.7733990147783252 0.0 7.079646017699115 0.9871668311944718 2.2478770582988234 53
stats: session 2 472766.6260986328 21601.454956054688 515427.1750488281 8801.314208984375 74266.94606328341 359
stats: users_count 0 424
stats: finish_users_count 2 361
stats: request 12 78170.79573567708 16125.349587450277 136103.46508789063 0.632080078125 8135.181304890834 5235
stats: connect 0 0 0 117.796875 0.60302734375 1.190478630785672 424
stats: page 12 78170.79573567708 16125.349587450277 136103.46508789063 0.632080078125 8135.181304890834 5235
stats: 200 12 679
stats: size_rcv 3208190 169954541
stats: newphase 0 3
stats: size_sent 4714 1409161
stats: connected -2 63
stats: 503 0 4559
stats: 500 0 9
# stats: dump at 1480595338
stats: users 63 308
stats: {freemem,"tsung_controller@ip-172-31-13-122"} 1 3138.77734375 0.0 3161.78125 3137.4375 3142.571759259259 54
stats: {load,"tsung_controller@ip-172-31-13-122"} 1 0.0 0.0 0.078125 0.0 0.01569733796296297 54
stats: {recvpackets,"tsung_controller@ip-172-31-13-122"} 1 938.0 0.0 6263 1 2360.0754716981123 53
stats: {sentpackets,"tsung_controller@ip-172-31-13-122"} 1 390.0 0.0 4133 1 1206.8490566037735 53
stats: {cpu,"tsung_controller@ip-172-31-13-122"} 1 1.3793103448275863 0.0 7.079646017699115 0.9871668311944718 2.2390904278632586 54
stats: session 0 0 0 515427.1750488281 8801.314208984375 76474.70052331305 361
stats: users_count 0 424
stats: finish_users_count 0 361
stats: request 11 70425.09161931818 10429.306493977327 136103.46508789063 0.632080078125 8295.354236693662 5247
stats: connect 0 0 0 117.796875 0.60302734375 1.190478630785672 424
stats: page 11 70425.09161931818 10429.306493977327 136103.46508789063 0.632080078125 8295.354236693662 5247
stats: 200 11 690
stats: size_rcv 3407234 173361775
stats: newphase 0 3
stats: size_sent 3267 1412428
stats: connected 0 63
stats: 503 0 4559
stats: 500 0 9
# stats: dump at 1480595348
stats: users 60 308
stats: {freemem,"tsung_controller@ip-172-31-13-122"} 1 3138.78515625 0.0 3161.78125 3137.4375 3142.5027698863637 55
stats: {load,"tsung_controller@ip-172-31-13-122"} 1 0.0 0.0 0.078125 0.0 0.015411931818181825 55
stats: {recvpackets,"tsung_controller@ip-172-31-13-122"} 1 2281.0 0.0 6263 1 2333.74074074074 54
stats: {sentpackets,"tsung_controller@ip-172-31-13-122"} 1 1065.0 0.0 4133 1 1191.7222222222222 54
stats: {cpu,"tsung_controller@ip-172-31-13-122"} 1 1.5794669299111548 0.0 7.079646017699115 0.9871668311944718 2.2234580627171554 55
stats: session 3 471055.85432942706 14583.149240116923 515427.1750488281 8801.314208984375 76474.70052331305 361
stats: users_count 0 424
stats: finish_users_count 3 364
stats: request 13 71683.10507436898 11591.278743263085 136103.46508789063 0.632080078125 8425.332766782834 5258
stats: connect 0 0 0 117.796875 0.60302734375 1.190478630785672 424
stats: page 13 71683.10507436898 11591.278743263085 136103.46508789063 0.632080078125 8425.332766782834 5258
stats: 200 13 703
stats: size_rcv 4016506 177378281
stats: newphase 0 3
stats: size_sent 4707 1417135
stats: connected -3 60
stats: 503 0 4559
stats: 500 0 9
# stats: dump at 1480595358
stats: users 60 308
stats: {freemem,"tsung_controller@ip-172-31-13-122"} 1 3138.79296875 0.0 3161.78125 3137.4375 3142.4363839285716 56
stats: {load,"tsung_controller@ip-172-31-13-122"} 1 0.0 0.0 0.078125 0.0 0.015136718750000005 56
stats: {recvpackets,"tsung_controller@ip-172-31-13-122"} 1 2968.0 0.0 6263 1 2332.7818181818175 55
stats: {sentpackets,"tsung_controller@ip-172-31-13-122"} 1 1374.0 0.0 4133 1 1189.418181818182 55
stats: {cpu,"tsung_controller@ip-172-31-13-122"} 1 1.5810276679841897 0.0 7.079646017699115 0.9871668311944718 2.211958221059905 56
stats: session 0 0 0 515427.1750488281 8801.314208984375 79726.74299973706 364
stats: users_count 0 424
stats: finish_users_count 0 364
stats: request 4 71032.39672851563 12297.419075219921 136103.46508789063 0.632080078125 8581.347003170355 5271
stats: connect 0 0 0 117.796875 0.60302734375 1.190478630785672 424
stats: page 4 71032.39672851563 12297.419075219921 136103.46508789063 0.632080078125 8581.347003170355 5271
stats: 200 4 707
stats: size_rcv 1412593 178790874
stats: newphase 0 3
stats: size_sent 3739 1420874
stats: connected 0 60
stats: 503 0 4559
stats: 500 0 9
# stats: dump at 1480595368
stats: users 54 308
stats: {freemem,"tsung_controller@ip-172-31-13-122"} 1 3138.6875 0.0 3161.78125 3137.4375 3142.3724643640353 57
stats: {load,"tsung_controller@ip-172-31-13-122"} 1 0.0 0.0 0.078125 0.0 0.01487116228070176 57
stats: {recvpackets,"tsung_controller@ip-172-31-13-122"} 1 1869.0 0.0 6263 1 2344.124999999999 56
stats: {sentpackets,"tsung_controller@ip-172-31-13-122"} 1 861.0 0.0 4133 1 1192.7142857142858 56
stats: {cpu,"tsung_controller@ip-172-31-13-122"} 1 1.3820335636722607 0.0 7.079646017699115 0.9871668311944718 2.2008892639884015 57
stats: session 6 485784.04899088544 25158.283059267884 519721.3000488281 8801.314208984375 79726.74299973706 364
stats: users_count 0 424
stats: finish_users_count 6 370
stats: request 19 61414.01989103619 10489.695665457948 136103.46508789063 0.632080078125 8628.703249407583 5275
stats: connect 0 0 0 117.796875 0.60302734375 1.190478630785672 424
stats: page 19 61414.01989103619 10489.695665457948 136103.46508789063 0.632080078125 8628.703249407583 5275
stats: 200 18 725
stats: size_rcv 3028234 181819108
stats: newphase 0 3
stats: size_sent 4705 1425579
stats: connected -6 54
stats: 503 0 4559
stats: 500 1 10
# stats: dump at 1480595378
stats: users 53 308
stats: {freemem,"tsung_controller@ip-172-31-13-122"} 1 3138.71484375 0.0 3161.78125 3137.4375 3142.3089304956898 58
stats: {load,"tsung_controller@ip-172-31-13-122"} 1 0.0 0.0 0.078125 0.0 0.014614762931034489 58
stats: {recvpackets,"tsung_controller@ip-172-31-13-122"} 1 2753.0 0.0 6263 1 2335.7894736842095 57
stats: {sentpackets,"tsung_controller@ip-172-31-13-122"} 1 1250.0 0.0 4133 1 1186.8947368421052 57
stats: {cpu,"tsung_controller@ip-172-31-13-122"} 1 1.6765285996055226 0.0 7.079646017699115 0.9871668311944718 2.186771062258813 58
stats: session 1 577783.1760253906 0.0 577783.1760253906 8801.314208984375 86311.4560698638 370
stats: users_count 0 424
stats: finish_users_count 1 371
stats: request 17 51688.86424345129 16446.03632810931 136103.46508789063 0.632080078125 8818.148095684679 5294
stats: connect 0 0 0 117.796875 0.60302734375 1.190478630785672 424
stats: page 17 51688.86424345129 16446.03632810931 136103.46508789063 0.632080078125 8818.148095684679 5294
stats: 200 16 741
stats: size_rcv 3531524 185350632
stats: newphase 0 3
stats: size_sent 8015 1433594
stats: connected -1 53
stats: 503 0 4559
stats: 500 1 11
# stats: dump at 1480595388
stats: users 52 308
stats: {freemem,"tsung_controller@ip-172-31-13-122"} 1 3138.73046875 0.0 3161.78125 3137.4375 3142.2480137711864 59
stats: {load,"tsung_controller@ip-172-31-13-122"} 1 0.0 0.0 0.078125 0.0 0.014367055084745768 59
stats: {recvpackets,"tsung_controller@ip-172-31-13-122"} 1 656.0 0.0 6263 1 2342.982758620689 58
stats: {sentpackets,"tsung_controller@ip-172-31-13-122"} 1 319.0 0.0 4133 1 1187.9827586206898 58
stats: {cpu,"tsung_controller@ip-172-31-13-122"} 1 1.282051282051282 0.0 7.079646017699115 0.9871668311944718 2.178122884925706 59
stats: session 1 501826.2438964844 0.0 577783.1760253906 8801.314208984375 87636.1776869946 371
stats: users_count 0 424
stats: finish_users_count 1 372
stats: request 9 46865.68793402778 12976.417565987746 136103.46508789063 0.632080078125 8955.373133250492 5311
stats: connect 0 0 0 117.796875 0.60302734375 1.190478630785672 424
stats: page 9 46865.68793402778 12976.417565987746 136103.46508789063 0.632080078125 8955.373133250492 5311
stats: 200 8 749
stats: size_rcv 913260 186263892
stats: newphase 0 3
stats: size_sent 3740 1437334
stats: connected -1 52
stats: 503 0 4559
stats: 500 1 12
# stats: dump at 1480595398
stats: users 52 308
stats: {freemem,"tsung_controller@ip-172-31-13-122"} 1 3138.59765625 0.0 3161.78125 3137.4375 3142.189388020833 60
stats: {load,"tsung_controller@ip-172-31-13-122"} 1 0.0 0.0 0.078125 0.0 0.014127604166666672 60
stats: {recvpackets,"tsung_controller@ip-172-31-13-122"} 1 2493.0 0.0 6263 1 2314.3898305084736 59
stats: {sentpackets,"tsung_controller@ip-172-31-13-122"} 1 1032.0 0.0 4133 1 1173.2542372881355 59
stats: {cpu,"tsung_controller@ip-172-31-13-122"} 1 1.574803149606299 0.0 7.079646017699115 0.9871668311944718 2.163188358211132 60
stats: session 0 0 0 577783.1760253906 8801.314208984375 88749.59184347173 372
stats: users_count 0 424
stats: finish_users_count 0 372
stats: request 10 50233.30908203125 12746.185575803986 136103.46508789063 0.632080078125 9019.507124454814 5320
stats: connect 0 0 0 117.796875 0.60302734375 1.190478630785672 424
stats: page 10 50233.30908203125 12746.185575803986 136103.46508789063 0.632080078125 9019.507124454814 5320
stats: 200 10 759
stats: size_rcv 3569162 189833054
stats: newphase 0 3
stats: size_sent 4242 1441576
stats: connected 0 52
stats: 503 0 4559
stats: 500 0 12
# stats: dump at 1480595408
stats: users 52 308
stats: {freemem,"tsung_controller@ip-172-31-13-122"} 1 3138.63671875 0.0 3161.78125 3137.4375 3142.1305071721313 61
stats: {load,"tsung_controller@ip-172-31-13-122"} 1 0.0 0.0 0.078125 0.0 0.013896004098360662 61
stats: {recvpackets,"tsung_controller@ip-172-31-13-122"} 1 886.0 0.0 6263 1 2317.366666666666 60
stats: {sentpackets,"tsung_controller@ip-172-31-13-122"} 1 296.0 0.0 4133 1 1170.9 60
stats: {cpu,"tsung_controller@ip-172-31-13-122"} 1 1.1822660098522169 0.0 7.079646017699115 0.9871668311944718 2.153542699053676 61
stats: session 0 0 0 577783.1760253906 8801.314208984375 88749.59184347173 372
stats: users_count 0 424
stats: finish_users_count 0 372
stats: request 2 54403.87548828125 9151.444580078125 136103.46508789063 0.632080078125 9096.831330754207 5330
stats: connect 0 0 0 117.796875 0.60302734375 1.190478630785672 424
stats: page 2 54403.87548828125 9151.444580078125 136103.46508789063 0.632080078125 9096.831330754207 5330
stats: 200 2 761
stats: size_rcv 1272704 191105758
stats: newphase 0 3
stats: size_sent 1865 1443441
stats: connected 0 52
stats: 503 0 4559
stats: 500 0 12
# stats: dump at 1480595418
stats: users 50 308
stats: {freemem,"tsung_controller@ip-172-31-13-122"} 1 3138.64453125 0.0 3161.78125 3137.4375 3142.074155745968 62
stats: {load,"tsung_controller@ip-172-31-13-122"} 1 0.0 0.0 0.078125 0.0 0.013671875000000005 62
stats: {recvpackets,"tsung_controller@ip-172-31-13-122"} 1 2330.0 0.0 6263 1 2293.901639344261 61
stats: {sentpackets,"tsung_controller@ip-172-31-13-122"} 1 1098.0 0.0 4133 1 1156.5573770491803 61
stats: {cpu,"tsung_controller@ip-172-31-13-122"} 1 1.2858555885262115 0.0 7.079646017699115 0.9871668311944718 2.1378769460020397 62
stats: session 2 530518.638671875 7244.45849609375 577783.1760253906 8801.314208984375 88749.59184347173 372
stats: users_count 0 424
stats: finish_users_count 2 374
stats: request 12 53539.90102132162 6763.719383362135 136103.46508789063 0.632080078125 9113.825720910818 5332
stats: connect 0 0 0 117.796875 0.60302734375 1.190478630785672 424
stats: page 12 53539.90102132162 6763.719383362135 136103.46508789063 0.632080078125 9113.825720910818 5332
stats: 200 12 773
stats: size_rcv 4678522 195784280
stats: newphase 0 3
stats: size_sent 3855 1447296
stats: connected -2 50
stats: 503 0 4559
stats: 500 0 12
# stats: dump at 1480595428
stats: users 49 308
stats: {freemem,"tsung_controller@ip-172-31-13-122"} 1 3138.65234375 0.0 3161.78125 3137.4375 3142.0197172619046 63
stats: {load,"tsung_controller@ip-172-31-13-122"} 1 0.0 0.0 0.078125 0.0 0.013454861111111117 63
stats: {recvpackets,"tsung_controller@ip-172-31-13-122"} 1 1962.0 0.0 6263 1 2294.483870967741 62
stats: {sentpackets,"tsung_controller@ip-172-31-13-122"} 1 949.0 0.0 4133 1 1155.6129032258063 62
stats: {cpu,"tsung_controller@ip-172-31-13-122"} 1 1.3847675568743818 0.0 7.079646017699115 0.9871668311944718 2.124352797470677 63
stats: session 1 535851.2290039063 0.0 577783.1760253906 8801.314208984375 91111.99316340972 374
stats: users_count 0 424
stats: finish_users_count 1 375
stats: request 5 55389.8001953125 7791.62511060138 136103.46508789063 0.632080078125 9213.584872034495 5344
stats: connect 0 0 0 117.796875 0.60302734375 1.190478630785672 424
stats: page 5 55389.8001953125 7791.62511060138 136103.46508789063 0.632080078125 9213.584872034495 5344
stats: 200 5 778
stats: size_rcv 1970589 197754869
stats: newphase 0 3
stats: size_sent 3343 1450639
stats: connected 0 50
stats: 503 0 4559
stats: 500 0 12
# stats: dump at 1480595438
stats: users 49 308
stats: {freemem,"tsung_controller@ip-172-31-13-122"} 1 3138.6640625 0.0 3161.78125 3137.4375 3141.9671020507813 64
stats: {load,"tsung_controller@ip-172-31-13-122"} 1 0.0 0.0 0.078125 0.0 0.013244628906250005 64
stats: {recvpackets,"tsung_controller@ip-172-31-13-122"} 1 1671.0 0.0 6263 1 2289.2063492063485 63
stats: {sentpackets,"tsung_controller@ip-172-31-13-122"} 1 625.0 0.0 4133 1 1152.3333333333333 63
stats: {cpu,"tsung_controller@ip-172-31-13-122"} 1 1.3793103448275863 0.0 7.079646017699115 0.9871668311944718 2.11279677808636 64
stats: session 0 0 0 577783.1760253906 8801.314208984375 92297.96445898438 375
stats: users_count 0 424
stats: finish_users_count 0 375
stats: request 8 63309.22872924805 7219.763467740791 136103.46508789063 0.632080078125 9256.748281385102 5349
stats: connect 0 0 0 117.796875 0.60302734375 1.190478630785672 424
stats: page 8 63309.22872924805 7219.763467740791 136103.46508789063 0.632080078125 9256.748281385102 5349
stats: 200 7 785
stats: size_rcv 4369974 202124843
stats: newphase 0 3
stats: size_sent 1868 1452507
stats: connected -1 49
stats: 503 0 4559
stats: 500 1 13
# stats: dump at 1480595448
stats: users 49 308
stats: {freemem,"tsung_controller@ip-172-31-13-122"} 1 3138.51953125 0.0 3161.78125 3137.4375 3141.916286057692 65
stats: {load,"tsung_controller@ip-172-31-13-122"} 1 0.0 0.0 0.078125 0.0 0.01304086538461539 65
stats: {recvpackets,"tsung_controller@ip-172-31-13-122"} 1 3412.0 0.0 6263 1 2279.546874999999 64
stats: {sentpackets,"tsung_controller@ip-172-31-13-122"} 1 1544.0 0.0 4133 1 1144.09375 64
stats: {cpu,"tsung_controller@ip-172-31-13-122"} 1 1.7769002961500493 0.0 7.079646017699115 0.9871668311944718 2.1015123714208404 65
stats: session 0 0 0 577783.1760253906 8801.314208984375 92297.96445898438 375
stats: users_count 0 424
stats: finish_users_count 0 375
stats: request 7 62868.1922781808 4895.211681299502 136103.46508789063 0.632080078125 9337.468804734533 5357
stats: connect 0 0 0 117.796875 0.60302734375 1.190478630785672 424
stats: page 7 62868.1922781808 4895.211681299502 136103.46508789063 0.632080078125 9337.468804734533 5357
stats: 200 7 792
stats: size_rcv 2054520 204179363
stats: newphase 0 3
stats: size_sent 4785 1457292
stats: connected 0 49
stats: 503 0 4559
stats: 500 0 13
# stats: dump at 1480595458
stats: users 48 308
stats: {freemem,"tsung_controller@ip-172-31-13-122"} 1 3138.55859375 0.0 3161.78125 3137.4375 3141.8648200757575 66
stats: {load,"tsung_controller@ip-172-31-13-122"} 1 0.0 0.0 0.078125 0.0 0.01284327651515152 66
stats: {recvpackets,"tsung_controller@ip-172-31-13-122"} 1 413.0 0.0 6263 1 2296.96923076923 65
stats: {sentpackets,"tsung_controller@ip-172-31-13-122"} 1 174.0 0.0 4133 1 1150.246153846154 65
stats: {cpu,"tsung_controller@ip-172-31-13-122"} 1 1.0848126232741617 0.0 7.079646017699115 0.9871668311944718 2.0965940066440103 66
stats: session 1 615370.1779785156 0.0 615370.1779785156 8801.314208984375 92297.96445898438 375
stats: users_count 0 424
stats: finish_users_count 1 376
stats: request 6 66315.59053548177 8211.590465907662 136103.46508789063 0.632080078125 9407.326199274825 5364
stats: connect 0 0 0 117.796875 0.60302734375 1.190478630785672 424
stats: page 6 66315.59053548177 8211.590465907662 136103.46508789063 0.632080078125 9407.326199274825 5364
stats: 200 6 798
stats: size_rcv 814171 204993534
stats: newphase 0 3
stats: size_sent 1905 1459197
stats: connected -1 48
stats: 503 0 4559
stats: 500 0 13
# stats: dump at 1480595468
stats: users 46 308
stats: {freemem,"tsung_controller@ip-172-31-13-122"} 1 3138.0625 0.0 3161.78125 3137.4375 3141.815473414179 67
stats: {load,"tsung_controller@ip-172-31-13-122"} 1 0.0 0.0 0.078125 0.0 0.012651585820895525 67
stats: {recvpackets,"tsung_controller@ip-172-31-13-122"} 1 4525.0 0.0 6263 1 2268.4242424242416 66
stats: {sentpackets,"tsung_controller@ip-172-31-13-122"} 1 2024.0 0.0 4133 1 1135.4545454545455 66
stats: {cpu,"tsung_controller@ip-172-31-13-122"} 1 2.066929133858268 0.0 7.079646017699115 0.9871668311944718 2.0814927919668484 67
stats: session 2 633996.1220703125 31346.0400390625 665342.162109375 8801.314208984375 93689.11396302568 376
stats: users_count 0 424
stats: finish_users_count 2 378
stats: request 18 61133.38222927517 12894.28388084041 136103.46508789063 0.632080078125 9470.910852164443 5370
stats: connect 0 0 0 117.796875 0.60302734375 1.190478630785672 424
stats: page 18 61133.38222927517 12894.28388084041 136103.46508789063 0.632080078125 9470.910852164443 5370
stats: 200 18 816
stats: size_rcv 6233916 211227450
stats: newphase 0 3
stats: size_sent 7155 1466352
stats: connected -2 46
stats: 503 0 4559
stats: 500 0 13
# stats: dump at 1480595478
stats: users 43 308
stats: {freemem,"tsung_controller@ip-172-31-13-122"} 1 3137.94140625 0.0 3161.78125 3137.4375 3141.7602826286766 68
stats: {load,"tsung_controller@ip-172-31-13-122"} 1 0.0 0.0 0.078125 0.0 0.012465533088235297 68
stats: {recvpackets,"tsung_controller@ip-172-31-13-122"} 1 628.0 0.0 6263 1 2302.1044776119393 67
stats: {sentpackets,"tsung_controller@ip-172-31-13-122"} 1 303.0 0.0 4133 1 1148.7164179104477 67
stats: {cpu,"tsung_controller@ip-172-31-13-122"} 1 1.3793103448275863 0.0 7.079646017699115 0.9871668311944718 2.0812786205240754 68
stats: session 3 591325.1789550781 16707.95164231098 665342.162109375 8801.314208984375 96547.88120168858 378
stats: users_count 0 424
stats: finish_users_count 3 381
stats: request 4 57452.40264892578 13197.275792658851 136103.46508789063 0.632080078125 9643.502627366372 5388
stats: connect 0 0 0 117.796875 0.60302734375 1.190478630785672 424
stats: page 4 57452.40264892578 13197.275792658851 136103.46508789063 0.632080078125 9643.502627366372 5388
stats: 200 4 820
stats: size_rcv 880604 212108054
stats: newphase 0 3
stats: size_sent 1944 1468296
stats: connected -3 43
stats: 503 0 4559
stats: 500 0 13
# stats: dump at 1480595488
stats: users 39 308
stats: {freemem,"tsung_controller@ip-172-31-13-122"} 1 3136.44140625 0.0 3161.78125 3136.44140625 3141.704936594203 69
stats: {load,"tsung_controller@ip-172-31-13-122"} 1 0.0 0.0 0.078125 0.0 0.0122848731884058 69
stats: {recvpackets,"tsung_controller@ip-172-31-13-122"} 1 3116.0 0.0 6263 1 2277.4852941176464 68
stats: {sentpackets,"tsung_controller@ip-172-31-13-122"} 1 1397.0 0.0 4133 1 1136.2794117647059 68
stats: {cpu,"tsung_controller@ip-172-31-13-122"} 1 1.678183613030602 0.0 7.079646017699115 0.9871668311944718 2.0711051672531116 69
stats: session 4 625107.1831665039 31938.959513384765 665342.162109375 8801.314208984375 100443.76543596723 381
stats: users_count 0 424
stats: finish_users_count 4 385
stats: request 30 41620.87511393229 15736.190215646411 136103.46508789063 0.632080078125 9678.969170409071 5392
stats: connect 0 0 0 117.796875 0.60302734375 1.190478630785672 424
stats: page 30 41620.87511393229 15736.190215646411 136103.46508789063 0.632080078125 9678.969170409071 5392
stats: 200 29 849
stats: size_rcv 4874018 216982072
stats: newphase 0 3
stats: size_sent 8985 1477281
stats: connected -4 39
stats: 503 0 4559
stats: 500 1 14
# stats: dump at 1480595498
stats: users 36 308
stats: {freemem,"tsung_controller@ip-172-31-13-122"} 1 3137.8828125 0.0 3161.78125 3136.44140625 3141.6297433035716 70
stats: {load,"tsung_controller@ip-172-31-13-122"} 1 0.0 0.0 0.078125 0.0 0.012109375000000004 70
stats: {recvpackets,"tsung_controller@ip-172-31-13-122"} 1 942.0 0.0 6263 1 2289.6376811594196 69
stats: {sentpackets,"tsung_controller@ip-172-31-13-122"} 1 455.0 0.0 4133 1 1140.0579710144928 69
stats: {cpu,"tsung_controller@ip-172-31-13-122"} 1 1.3779527559055118 0.0 7.079646017699115 0.9871668311944718 2.0654920021927903 70
stats: session 3 604511.0954589844 2273.003597863507 665342.162109375 8801.314208984375 105894.8139318689 385
stats: users_count 0 424
stats: finish_users_count 3 388
stats: request 1 71307.31201171875 0.0 136103.46508789063 0.632080078125 9855.704171940923 5422
stats: connect 0 0 0 117.796875 0.60302734375 1.190478630785672 424
stats: page 1 71307.31201171875 0.0 136103.46508789063 0.632080078125 9855.704171940923 5422
stats: 200 1 850
stats: size_rcv 827063 217809135
stats: newphase 0 3
stats: size_sent 2369 1479650
stats: connected -3 36
stats: 503 0 4559
stats: 500 0 14
# stats: dump at 1480595508
stats: users 33 308
stats: {freemem,"tsung_controller@ip-172-31-13-122"} 1 3137.875 0.0 3161.78125 3136.44140625 3141.576969630282 71
stats: {load,"tsung_controller@ip-172-31-13-122"} 1 0.0 0.0 0.078125 0.0 0.011938820422535214 71
stats: {recvpackets,"tsung_controller@ip-172-31-13-122"} 1 916.0 0.0 6263 1 2270.3857142857137 70
stats: {sentpackets,"tsung_controller@ip-172-31-13-122"} 1 441.0 0.0 4133 1 1130.2714285714285 70
stats: {cpu,"tsung_controller@ip-172-31-13-122"} 1 1.2845849802371543 0.0 7.079646017699115 0.9871668311944718 2.055808350836631 71
stats: session 3 620110.2079264323 27633.011499820648 665342.162109375 8801.314208984375 109750.09445914043 388
stats: users_count 0 424
stats: finish_users_count 3 391
stats: request 6 43319.25451660156 14796.378138889528 136103.46508789063 0.632080078125 9867.03583482858 5423
stats: connect 0 0 0 117.796875 0.60302734375 1.190478630785672 424
stats: page 6 43319.25451660156 14796.378138889528 136103.46508789063 0.632080078125 9867.03583482858 5423
stats: 200 6 856
stats: size_rcv 1287278 219096413
stats: newphase 0 3
stats: size_sent 976 1480626
stats: connected -3 33
stats: 503 0 4559
stats: 500 0 14
# stats: dump at 1480595518
stats: users 32 308
stats: {freemem,"tsung_controller@ip-172-31-13-122"} 1 3136.4921875 0.0 3161.78125 3136.44140625 3141.5255533854165 72
stats: {load,"tsung_controller@ip-172-31-13-122"} 1 0.0 0.0 0.078125 0.0 0.011773003472222225 72
stats: {recvpackets,"tsung_controller@ip-172-31-13-122"} 1 2466.0 0.0 6263 1 2251.309859154929 71
stats: {sentpackets,"tsung_controller@ip-172-31-13-122"} 1 651.0 0.0 4133 1 1120.5633802816901 71
stats: {cpu,"tsung_controller@ip-172-31-13-122"} 1 1.673228346456693 0.0 7.079646017699115 0.9871668311944718 2.0450969151338607 72
stats: session 1 599347.2099609375 0.0 665342.162109375 8801.314208984375 113665.90095633193 391
stats: users_count 0 424
stats: finish_users_count 1 392
stats: request 11 34331.189985795456 10834.257025939818 136103.46508789063 0.632080078125 9904.006420956897 5429
stats: connect 0 0 0 117.796875 0.60302734375 1.190478630785672 424
stats: page 11 34331.189985795456 10834.257025939818 136103.46508789063 0.632080078125 9904.006420956897 5429
stats: 200 11 867
stats: size_rcv 3519906 222616319
stats: newphase 0 3
stats: size_sent 4821 1485447
stats: connected -1 32
stats: 503 0 4559
stats: 500 0 14
# stats: dump at 1480595528
stats: users 32 308
stats: {freemem,"tsung_controller@ip-172-31-13-122"} 1 3138.40625 0.0 3161.78125 3136.44140625 3141.456603167808 73
stats: {load,"tsung_controller@ip-172-31-13-122"} 1 0.0 0.0 0.078125 0.0 0.011611729452054798 73
stats: {recvpackets,"tsung_controller@ip-172-31-13-122"} 1 905.0 0.0 6263 1 2254.291666666666 72
stats: {sentpackets,"tsung_controller@ip-172-31-13-122"} 1 435.0 0.0 4133 1 1114.0416666666667 72
stats: {cpu,"tsung_controller@ip-172-31-13-122"} 1 1.477832512315271 0.0 7.079646017699115 0.9871668311944718 2.0400028251519817 73
stats: session 0 0 0 665342.162109375 8801.314208984375 114904.88388746612 392
stats: users_count 0 424
stats: finish_users_count 0 392
stats: request 7 42319.798130580355 7930.700598855122 136103.46508789063 0.632080078125 9953.399623018151 5440
stats: connect 0 0 0 117.796875 0.60302734375 1.190478630785672 424
stats: page 7 42319.798130580355 7930.700598855122 136103.46508789063 0.632080078125 9953.399623018151 5440
stats: 200 7 874
stats: size_rcv 1270598 223886917
stats: newphase 0 3
stats: size_sent 3347 1488794
stats: connected 0 32
stats: 503 0 4559
stats: 500 0 14
# stats: dump at 1480595538
stats: users 26 308
stats: {freemem,"tsung_controller@ip-172-31-13-122"} 1 3138.44140625 0.0 3161.78125 3136.44140625 3141.415382179054 74
stats: {load,"tsung_controller@ip-172-31-13-122"} 1 0.0 0.0 0.078125 0.0 0.011454814189189193 74
stats: {recvpackets,"tsung_controller@ip-172-31-13-122"} 1 2485.0 0.0 6263 1 2235.8082191780813 73
stats: {sentpackets,"tsung_controller@ip-172-31-13-122"} 1 1161.0 0.0 4133 1 1104.7397260273972 73
stats: {cpu,"tsung_controller@ip-172-31-13-122"} 1 1.8645731108930326 0.0 7.079646017699115 0.9871668311944718 2.0324059290325667 74
stats: session 6 655394.2383219401 8766.59185150768 670502.2158203125 8801.314208984375 114904.88388746612 392
stats: users_count 0 424
stats: finish_users_count 6 398
stats: request 13 37759.03928786058 9513.662745660697 136103.46508789063 0.632080078125 9994.994040046411 5447
stats: connect 0 0 0 117.796875 0.60302734375 1.190478630785672 424
stats: page 13 37759.03928786058 9513.662745660697 136103.46508789063 0.632080078125 9994.994040046411 5447
stats: 200 13 887
stats: size_rcv 3542714 227429631
stats: newphase 0 3
stats: size_sent 2959 1491753
stats: connected -6 26
stats: 503 0 4559
stats: 500 0 14
# stats: dump at 1480595548
stats: users 26 308
stats: {freemem,"tsung_controller@ip-172-31-13-122"} 1 3138.484375 0.0 3161.78125 3136.44140625 3141.3757291666666 75
stats: {load,"tsung_controller@ip-172-31-13-122"} 1 0.0 0.0 0.078125 0.0 0.011302083333333336 75
stats: {recvpackets,"tsung_controller@ip-172-31-13-122"} 1 5.0 0.0 6263 1 2239.175675675675 74
stats: {sentpackets,"tsung_controller@ip-172-31-13-122"} 1 6.0 0.0 4133 1 1105.5 74
stats: {cpu,"tsung_controller@ip-172-31-13-122"} 1 1.1811023622047243 0.0 7.079646017699115 0.9871668311944718 2.0301681581240394 75
stats: session 0 0 0 670502.2158203125 8801.314208984375 123052.96460758382 398
stats: users_count 0 424
stats: finish_users_count 0 398
stats: request 0 0 0 136103.46508789063 0.632080078125 10061.098909684064 5460
stats: connect 0 0 0 117.796875 0.60302734375 1.190478630785672 424
stats: page 0 0 0 136103.46508789063 0.632080078125 10061.098909684064 5460
stats: 200 0 887
stats: size_rcv 0 227429631
stats: newphase 0 3
stats: size_sent 931 1492684
stats: connected 0 26
stats: 503 0 4559
stats: 500 0 14
# stats: dump at 1480595558
stats: users 20 308
stats: {freemem,"tsung_controller@ip-172-31-13-122"} 1 3138.484375 0.0 3161.78125 3136.44140625 3141.3376850328946 76
stats: {load,"tsung_controller@ip-172-31-13-122"} 1 0.0 0.0 0.078125 0.0 0.011153371710526319 76
stats: {recvpackets,"tsung_controller@ip-172-31-13-122"} 1 4203.0 0.0 6263 1 2209.386666666666 75
stats: {sentpackets,"tsung_controller@ip-172-31-13-122"} 1 1924.0 0.0 4133 1 1090.84 75
stats: {cpu,"tsung_controller@ip-172-31-13-122"} 1 1.9743336623889436 0.0 7.079646017699115 0.9871668311944718 2.01899623975668 76
stats: session 6 670593.524983724 16885.75535060586 692182.1867675781 8801.314208984375 123052.96460758382 398
stats: users_count 0 424
stats: finish_users_count 6 404
stats: request 20 36989.13034667969 15488.706115120724 136103.46508789063 0.632080078125 10061.098909684064 5460
stats: connect 0 0 0 117.796875 0.60302734375 1.190478630785672 424
stats: page 20 36989.13034667969 15488.706115120724 136103.46508789063 0.632080078125 10061.098909684064 5460
stats: 200 19 906
stats: size_rcv 6021219 233450850
stats: newphase 0 3
stats: size_sent 4860 1497544
stats: connected -6 20
stats: 503 0 4559
stats: 500 1 15
# stats: dump at 1480595568
stats: users 18 308
stats: {freemem,"tsung_controller@ip-172-31-13-122"} 1 3138.5 0.0 3161.78125 3136.44140625 3141.3006290584417 77
stats: {load,"tsung_controller@ip-172-31-13-122"} 1 0.0 0.0 0.078125 0.0 0.01100852272727273 77
stats: {recvpackets,"tsung_controller@ip-172-31-13-122"} 1 11.0 0.0 6263 1 2235.6184210526308 76
stats: {sentpackets,"tsung_controller@ip-172-31-13-122"} 1 15.0 0.0 4133 1 1101.8026315789473 76
stats: {cpu,"tsung_controller@ip-172-31-13-122"} 1 1.1811023622047243 0.0 7.079646017699115 0.9871668311944718 2.0184162062843716 77
stats: session 2 724099.2360839844 26550.032958984375 750649.2690429688 8801.314208984375 131184.75510821957 404
stats: users_count 0 424
stats: finish_users_count 2 406
stats: request 0 0 0 136103.46508789063 0.632080078125 10159.376396680398 5480
stats: connect 0 0 0 117.796875 0.60302734375 1.190478630785672 424
stats: page 0 0 0 136103.46508789063 0.632080078125 10159.376396680398 5480
stats: 200 0 906
stats: size_rcv 0 233450850
stats: newphase 0 3
stats: size_sent 973 1498517
stats: connected -2 18
stats: 503 0 4559
stats: 500 0 15
# stats: dump at 1480595578
stats: users 13 308
stats: {freemem,"tsung_controller@ip-172-31-13-122"} 1 3138.55078125 0.0 3161.78125 3136.44140625 3141.2647235576924 78
stats: {load,"tsung_controller@ip-172-31-13-122"} 1 0.0 0.0 0.078125 0.0 0.010867387820512824 78
stats: {recvpackets,"tsung_controller@ip-172-31-13-122"} 1 1708.0 0.0 6263 1 2206.727272727272 77
stats: {sentpackets,"tsung_controller@ip-172-31-13-122"} 1 814.0 0.0 4133 1 1087.6883116883116 77
stats: {cpu,"tsung_controller@ip-172-31-13-122"} 1 1.282051282051282 0.0 7.079646017699115 0.9871668311944718 2.0076814134115555 78
stats: session 5 727074.3685546875 21431.712084849198 763777.1088867188 8801.314208984375 134105.51609824796 406
stats: users_count 0 424
stats: finish_users_count 5 411
stats: request 15 26558.473958333332 15192.622670205217 136103.46508789063 0.632080078125 10159.376396680398 5480
stats: connect 0 0 0 117.796875 0.60302734375 1.190478630785672 424
stats: page 15 26558.473958333332 15192.622670205217 136103.46508789063 0.632080078125 10159.376396680398 5480
stats: 200 13 919
stats: size_rcv 2425613 235876463
stats: newphase 0 3
stats: size_sent 1986 1500503
stats: connected -5 13
stats: 503 0 4559
stats: 500 2 17
# stats: dump at 1480595588
stats: users 9 308
stats: {freemem,"tsung_controller@ip-172-31-13-122"} 1 3138.64453125 0.0 3161.78125 3136.44140625 3141.2303698575947 79
stats: {load,"tsung_controller@ip-172-31-13-122"} 1 0.0703125 0.0 0.078125 0.0 0.010729825949367092 79
stats: {recvpackets,"tsung_controller@ip-172-31-13-122"} 1 1440.0 0.0 6263 1 2200.3333333333326 78
stats: {sentpackets,"tsung_controller@ip-172-31-13-122"} 1 703.0 0.0 4133 1 1084.179487179487 78
stats: {cpu,"tsung_controller@ip-172-31-13-122"} 1 1.6748768472906401 0.0 7.079646017699115 0.9871668311944718 1.9984962218753493 79
stats: session 4 709379.9600219727 29967.713863750036 763777.1088867188 8801.314208984375 141319.24909650147 411
stats: users_count 0 424
stats: finish_users_count 4 415
stats: request 2 26057.33447265625 22268.618408203125 136103.46508789063 0.632080078125 10204.14190412804 5495
stats: connect 0 0 0 117.796875 0.60302734375 1.190478630785672 424
stats: page 2 26057.33447265625 22268.618408203125 136103.46508789063 0.632080078125 10204.14190412804 5495
stats: 200 2 921
stats: size_rcv 1856932 237733395
stats: newphase 0 3
stats: size_sent 1985 1502488
stats: connected -4 9
stats: 503 0 4559
stats: 500 0 17
# stats: dump at 1480595598
stats: users 7 308
stats: {freemem,"tsung_controller@ip-172-31-13-122"} 1 3138.53125 0.0 3161.78125 3136.44140625 3141.198046875 80
stats: {load,"tsung_controller@ip-172-31-13-122"} 1 0.05859375 0.0 0.078125 0.0 0.011474609375000003 80
stats: {recvpackets,"tsung_controller@ip-172-31-13-122"} 1 2647.0 0.0 6263 1 2190.708860759493 79
stats: {sentpackets,"tsung_controller@ip-172-31-13-122"} 1 1196.0 0.0 4133 1 1079.3544303797466 79
stats: {cpu,"tsung_controller@ip-172-31-13-122"} 1 1.4807502467917077 0.0 7.079646017699115 0.9871668311944718 1.9944509796930405 80
stats: session 2 731385.6485595703 22530.551391601563 763777.1088867188 8801.314208984375 146794.5330572289 415
stats: users_count 0 424
stats: finish_users_count 2 417
stats: request 12 21506.996826171875 16647.835820960045 136103.46508789063 0.632080078125 10209.90984757666 5497
stats: connect 0 0 0 117.796875 0.60302734375 1.190478630785672 424
stats: page 12 21506.996826171875 16647.835820960045 136103.46508789063 0.632080078125 10209.90984757666 5497
stats: 200 12 933
stats: size_rcv 3797864 241531259
stats: newphase 0 3
stats: size_sent 1518 1504006
stats: connected -2 7
stats: 503 0 4559
stats: 500 0 17
# stats: dump at 1480595606
stats: users 0 308
stats: {freemem,"tsung_controller@ip-172-31-13-122"} 0 0 0 3161.78125 3136.44140625 3141.1651234567903 81
stats: {load,"tsung_controller@ip-172-31-13-122"} 0 0 0 0.078125 0.0 0.01205632716049383 81
stats: {recvpackets,"tsung_controller@ip-172-31-13-122"} 0 0 0 6263 1 2196.4124999999995 80
stats: {sentpackets,"tsung_controller@ip-172-31-13-122"} 0 0 0 4133 1 1080.8124999999998 80
stats: {cpu,"tsung_controller@ip-172-31-13-122"} 0 0 0 7.079646017699115 0.9871668311944718 1.9881089953362339 81
stats: session 7 721725.4498814174 9721.441969978214 763777.1088867188 8801.314208984375 149598.32737618499 417
stats: users_count 0 424
stats: finish_users_count 7 424
stats: request 3 8.413736979166666 0.3338822970389331 136103.46508789063 0.632080078125 10234.517769838985 5509
stats: connect 0 0 0 117.796875 0.60302734375 1.190478630785672 424
stats: page 3 8.413736979166666 0.3338822970389331 136103.46508789063 0.632080078125 10234.517769838985 5509
stats: 200 3 936
stats: size_rcv 81600 241612859
stats: newphase 0 3
stats: size_sent 1518 1505524
stats: connected -7 0
stats: 503 0 4559
stats: 500 0 17
EndMonitor:{1480,595606,560498}
