# stats: dump at 1480598964
stats: users 7 7
stats: {freemem,"tsung_controller@ip-172-31-13-122"} 1 3160.73046875 0 3160.73046875 3160.73046875 0 0
stats: {load,"tsung_controller@ip-172-31-13-122"} 1 0.0 0 0.0 0.0 0 0
stats: {cpu,"tsung_controller@ip-172-31-13-122"} 1 2.1461366211477637 0 2.1461366211477637 2.1461366211477637 0 0
stats: users_count 7 7
stats: finish_users_count 0 0
stats: request 16 54.58958435058594 37.02440197641548 123.576171875 6.406005859375 0 0
stats: connect 7 23.374790736607142 39.77828348739609 112.35498046875 0.541015625 0 0
stats: page 16 54.58958435058594 37.02440197641548 123.576171875 6.406005859375 0 0
stats: 200 16 16
stats: size_rcv 1497567 1497567
stats: size_sent 6572 6572
stats: connected 7 7
# stats: dump at 1480598974
stats: users 12 12
stats: {freemem,"tsung_controller@ip-172-31-13-122"} 1 3160.24609375 0.0 3160.73046875 3160.24609375 3160.73046875 1
stats: {load,"tsung_controller@ip-172-31-13-122"} 1 0.0 0.0 0.0 0.0 0.0 1
stats: {recvpackets,"tsung_controller@ip-172-31-13-122"} 1 1396 0 1396 1396 0 0
stats: {sentpackets,"tsung_controller@ip-172-31-13-122"} 1 631 0 631 631 0 0
stats: {cpu,"tsung_controller@ip-172-31-13-122"} 1 2.55653883972468 0.0 2.55653883972468 2.1461366211477637 2.1461366211477637 1
stats: users_count 5 12
stats: finish_users_count 0 0
stats: request 32 513.1857452392578 1416.0937932178856 5480.406005859375 6.406005859375 54.58958435058594 16
stats: connect 4 0.76568603515625 0.051408090007746376 112.35498046875 0.541015625 23.374790736607142 7
stats: page 32 513.1857452392578 1416.0937932178856 5480.406005859375 6.406005859375 54.58958435058594 16
stats: 200 31 47
stats: size_rcv 3910065 5407632
stats: size_sent 14168 20740
stats: connected 4 11
stats: 500 1 1
# stats: dump at 1480598984
stats: users 16 17
stats: {freemem,"tsung_controller@ip-172-31-13-122"} 1 3159.80078125 0.0 3160.73046875 3159.80078125 3160.48828125 2
stats: {load,"tsung_controller@ip-172-31-13-122"} 1 0.0 0.0 0.0 0.0 0.0 2
stats: {recvpackets,"tsung_controller@ip-172-31-13-122"} 1 3683.0 0.0 3683 1396 1396.0 1
stats: {sentpackets,"tsung_controller@ip-172-31-13-122"} 1 1075.0 0.0 1075 631 631.0 1
stats: {cpu,"tsung_controller@ip-172-31-13-122"} 1 1.968503937007874 0.0 2.55653883972468 1.968503937007874 2.3513377304362217 2
stats: session 3 23850.387288411457 2455.9518372355537 27308.0869140625 21837.31201171875 0 0
stats: users_count 7 19
stats: finish_users_count 3 3
stats: request 57 878.6667523300439 2444.568331315974 9132.0859375 6.406005859375 360.3203582763672 48
stats: connect 7 0.732421875 0.054842980906924216 112.35498046875 0.541015625 15.153298117897727 11
stats: page 53 944.9904508770634 2522.7629990990486 9132.0859375 6.406005859375 360.3203582763672 48
stats: 302 9 9
stats: 200 46 93
stats: size_rcv 6904180 12311812
stats: size_sent 26342 47082
stats: connected 5 16
stats: 500 2 3
# stats: dump at 1480598994
stats: users 16 17
stats: {freemem,"tsung_controller@ip-172-31-13-122"} 1 3158.6953125 0.0 3160.73046875 3158.6953125 3160.2591145833335 3
stats: {load,"tsung_controller@ip-172-31-13-122"} 1 0.0 0.0 0.0 0.0 0.0 3
stats: {recvpackets,"tsung_controller@ip-172-31-13-122"} 1 3821.0 0.0 3821 1396 2539.5 2
stats: {sentpackets,"tsung_controller@ip-172-31-13-122"} 1 980.0 0.0 1075 631 853.0 2
stats: {cpu,"tsung_controller@ip-172-31-13-122"} 1 1.7804154302670623 0.0 2.55653883972468 1.7804154302670623 2.2237264659601057 3
stats: session 2 26317.198364257813 3912.8604736328125 30230.058837890625 21837.31201171875 23850.387288411457 3
stats: users_count 2 21
stats: finish_users_count 2 5
stats: request 47 930.6864091589096 2625.9922379541176 10528.216064453125 6.406005859375 641.7084007626488 105
stats: connect 3 0.7722981770833334 0.08797226869612483 112.35498046875 0.541015625 9.545179578993055 18
stats: page 44 994.1510231711648 2702.4000137807757 10528.216064453125 6.406005859375 667.127436571782 101
stats: 302 10 19
stats: 200 37 130
stats: size_rcv 6283199 18595011
stats: newphase 1 1
stats: size_sent 22501 69583
stats: connected 0 16
stats: 500 0 3
# stats: dump at 1480599004
stats: users 30 31
stats: {freemem,"tsung_controller@ip-172-31-13-122"} 1 3157.85546875 0.0 3160.73046875 3157.85546875 3159.8681640625 4
stats: {load,"tsung_controller@ip-172-31-13-122"} 1 0.078125 0.0 0.078125 0.0 0.0 4
stats: {recvpackets,"tsung_controller@ip-172-31-13-122"} 1 5056.0 0.0 5056 1396 2966.6666666666665 3
stats: {sentpackets,"tsung_controller@ip-172-31-13-122"} 1 1701.0 0.0 1701 631 895.3333333333334 3
stats: {cpu,"tsung_controller@ip-172-31-13-122"} 1 2.167487684729064 0.0 2.55653883972468 1.7804154302670623 2.112898707036845 4
stats: session 4 29265.153442382813 3724.2865485637785 34467.101806640625 21837.31201171875 24837.11171875 5
stats: users_count 18 39
stats: finish_users_count 4 9
stats: request 71 1045.3297480193662 2593.4452693316657 11443.73583984375 6.406005859375 731.0634428325452 152
stats: connect 18 0.7867024739583334 0.19204446351049448 112.35498046875 0.541015625 8.291910807291666 21
stats: page 67 1107.7451682019591 2656.9697747775963 11443.73583984375 6.406005859375 766.3621800915947 145
stats: 302 9 28
stats: 200 61 191
stats: size_rcv 6543048 25138059
stats: newphase 0 1
stats: size_sent 32149 101732
stats: connected 15 31
stats: 500 1 4
# stats: dump at 1480599014
stats: users 54 54
stats: {freemem,"tsung_controller@ip-172-31-13-122"} 1 3156.53515625 0.0 3160.73046875 3156.53515625 3159.465625 5
stats: {load,"tsung_controller@ip-172-31-13-122"} 1 0.140625 0.0 0.140625 0.0 0.015625 5
stats: {recvpackets,"tsung_controller@ip-172-31-13-122"} 1 4716.0 0.0 5056 1396 3489.0 4
stats: {sentpackets,"tsung_controller@ip-172-31-13-122"} 1 1929.0 0.0 1929 631 1096.75 4
stats: {cpu,"tsung_controller@ip-172-31-13-122"} 1 2.455795677799607 0.0 2.55653883972468 1.7804154302670623 2.1238165025752886 5
stats: session 1 40380.0869140625 0.0 40380.0869140625 21837.31201171875 26805.130262586805 9
stats: users_count 25 64
stats: finish_users_count 1 10
stats: request 53 2897.5945515182784 3379.5810573454387 12696.488037109375 6.406005859375 831.1213247530129 223
stats: connect 23 0.7975968070652174 0.08650755690601948 112.35498046875 0.541015625 4.827968499599359 39
stats: page 51 2873.379097732843 3414.8565787953994 12696.488037109375 6.406005859375 874.2520867113797 212
stats: 302 5 33
stats: 200 47 238
stats: size_rcv 6963621 32101680
stats: newphase 0 1
stats: size_sent 30855 132587
stats: connected 21 52
stats: 500 1 5
# stats: dump at 1480599024
stats: users 78 78
stats: {freemem,"tsung_controller@ip-172-31-13-122"} 1 3154.58984375 0.0 3160.73046875 3154.58984375 3158.9772135416665 6
stats: {load,"tsung_controller@ip-172-31-13-122"} 1 0.19921875 0.0 0.19921875 0.0 0.036458333333333336 6
stats: {recvpackets,"tsung_controller@ip-172-31-13-122"} 1 6790.0 0.0 6790 1396 3734.4 5
stats: {sentpackets,"tsung_controller@ip-172-31-13-122"} 1 3198.0 0.0 3198 631 1263.2 5
stats: {cpu,"tsung_controller@ip-172-31-13-122"} 1 3.353057199211045 0.0 3.353057199211045 1.7804154302670623 2.179146365112675 6
stats: session 1 52528.66796875 0.0 52528.66796875 21837.31201171875 28162.625927734374 10
stats: users_count 25 89
stats: finish_users_count 1 11
stats: request 54 5259.575534396702 3094.6038497594454 16198.4150390625 6.406005859375 1227.9440820666327 276
stats: connect 25 0.767587890625 0.0650467777659239 112.35498046875 0.541015625 3.3328306136592736 62
stats: page 52 5597.073350172776 3200.0840845887415 16198.4150390625 6.406005859375 1261.9154994950095 263
stats: 302 5 38
stats: 200 49 287
stats: size_rcv 8429150 40530830
stats: newphase 1 2
stats: size_sent 33064 165651
stats: connected 24 76
stats: 500 0 5
# stats: dump at 1480599034
stats: users 119 119
stats: {freemem,"tsung_controller@ip-172-31-13-122"} 1 3152.92578125 0.0 3160.73046875 3152.92578125 3158.3504464285716 7
stats: {load,"tsung_controller@ip-172-31-13-122"} 1 0.171875 0.0 0.19921875 0.0 0.05970982142857143 7
stats: {recvpackets,"tsung_controller@ip-172-31-13-122"} 1 3560.0 0.0 6790 1396 4243.666666666667 6
stats: {sentpackets,"tsung_controller@ip-172-31-13-122"} 1 1387.0 0.0 3198 631 1585.6666666666667 6
stats: {cpu,"tsung_controller@ip-172-31-13-122"} 1 2.366863905325444 0.0 3.353057199211045 1.7804154302670623 2.3468479128410134 7
stats: session 1 54923.176025390625 0.0 54923.176025390625 21837.31201171875 30377.720658735794 11
stats: users_count 42 131
stats: finish_users_count 1 12
stats: request 125 6250.823804687503 3735.008957937937 18754.906982421875 6.406005859375 1887.6655924479167 330
stats: connect 44 0.7694535688920453 0.16480518674568137 112.35498046875 0.51904296875 2.595691900143678 87
stats: page 124 6301.2348357169885 3721.264330573663 18754.906982421875 6.406005859375 1977.5606050037202 315
stats: 302 5 43
stats: 200 120 407
stats: size_rcv 13593727 54124557
stats: newphase 0 2
stats: size_sent 57560 223211
stats: connected 43 119
stats: 500 0 5
# stats: dump at 1480599044
stats: users 160 160
stats: {freemem,"tsung_controller@ip-172-31-13-122"} 1 3146.94921875 0.0 3160.73046875 3146.94921875 3157.67236328125 8
stats: {load,"tsung_controller@ip-172-31-13-122"} 1 0.140625 0.0 0.19921875 0.0 0.07373046875 8
stats: {recvpackets,"tsung_controller@ip-172-31-13-122"} 1 11616.0 0.0 11616 1396 4146.0 7
stats: {sentpackets,"tsung_controller@ip-172-31-13-122"} 1 5202.0 0.0 5202 631 1557.2857142857142 7
stats: {cpu,"tsung_controller@ip-172-31-13-122"} 1 5.1080550098231825 0.0 5.1080550098231825 1.7804154302670623 2.3493499119015673 8
stats: session 3 65929.568359375 4644.973704389209 71072.34814453125 21837.31201171875 32423.1752726237 12
stats: users_count 44 175
stats: finish_users_count 3 15
stats: request 229 3477.57104065741 4873.4828587499 20438.751953125 0.6630859375 3086.335430975276 455
stats: connect 44 0.6900579279119318 0.06875157962585052 112.35498046875 0.51904296875 1.982298872853053 131
stats: page 226 3449.905828695382 4869.928546254025 20438.751953125 0.68994140625 3198.826219145965 439
stats: 302 5 48
stats: 200 81 488
stats: size_rcv 12105565 66230122
stats: newphase 0 2
stats: size_sent 77245 300456
stats: connected 41 160
stats: 503 143 143
stats: 500 0 5
# stats: dump at 1480599054
stats: users 202 202
stats: {freemem,"tsung_controller@ip-172-31-13-122"} 1 3143.6328125 0.0 3160.73046875 3143.6328125 3156.480902777778 9
stats: {load,"tsung_controller@ip-172-31-13-122"} 1 0.12109375 0.0 0.19921875 0.0 0.08116319444444445 9
stats: {recvpackets,"tsung_controller@ip-172-31-13-122"} 1 7443.0 0.0 11616 1396 5079.75 8
stats: {sentpackets,"tsung_controller@ip-172-31-13-122"} 1 3575.0 0.0 5202 631 2012.875 8
stats: {cpu,"tsung_controller@ip-172-31-13-122"} 1 4.6078431372549025 0.0 5.1080550098231825 1.7804154302670623 2.6558727005595246 9
stats: session 6 49297.72587076823 12234.57601736688 71072.34814453125 21837.31201171875 39124.45388997396 15
stats: users_count 48 223
stats: finish_users_count 6 21
stats: request 378 1166.8435452577291 3793.5728973997134 20740.508056640625 0.662109375 3217.3192827548205 684
stats: connect 47 0.7032081117021279 0.16412308550437052 112.35498046875 0.51904296875 1.6573925781249996 175
stats: page 364 1226.081766317179 3901.7081330991123 20740.508056640625 0.68701171875 3284.1555300605037 665
stats: 302 1 49
stats: 200 33 521
stats: size_rcv 4508788 70738910
stats: newphase 1 3
stats: size_sent 137094 437550
stats: connected 41 201
stats: 503 344 487
stats: 500 0 5
# stats: dump at 1480599064
stats: users 254 254
stats: {freemem,"tsung_controller@ip-172-31-13-122"} 1 3142.33984375 0.0 3160.73046875 3142.33984375 3155.19609375 10
stats: {load,"tsung_controller@ip-172-31-13-122"} 1 0.1015625 0.0 0.19921875 0.0 0.08515625 10
stats: {recvpackets,"tsung_controller@ip-172-31-13-122"} 1 5734.0 0.0 11616 1396 5342.333333333333 9
stats: {sentpackets,"tsung_controller@ip-172-31-13-122"} 1 2978.0 0.0 5202 631 2186.4444444444443 9
stats: {cpu,"tsung_controller@ip-172-31-13-122"} 1 5.392156862745098 0.0 5.392156862745098 1.7804154302670623 2.8510697442290622 10
stats: session 20 46308.261401367185 15848.145501910863 80188.15209960938 20609.574951171875 42031.10302734375 21
stats: users_count 72 295
stats: finish_users_count 20 41
stats: request 619 1755.1228843775266 5225.303465904265 26116.0810546875 0.64697265625 2487.488935510093 1062
stats: connect 72 1.0589531792534723 3.326300756848033 112.35498046875 0.51904296875 1.4553805514498872 222
stats: page 590 1860.835940396581 5402.876546764723 26116.0810546875 0.6630859375 2556.129436763545 1029
stats: 302 0 49
stats: 200 62 583
stats: size_rcv 11291122 82030032
stats: newphase 0 3
stats: size_sent 198583 636133
stats: connected 53 254
stats: 503 554 1041
stats: 500 2 7
stats: 404 1 1
# stats: dump at 1480599074
stats: users 286 289
stats: {freemem,"tsung_controller@ip-172-31-13-122"} 1 3141.52734375 0.0 3160.73046875 3141.52734375 3154.02734375 11
stats: {load,"tsung_controller@ip-172-31-13-122"} 1 0.08984375 0.0 0.19921875 0.0 0.08664772727272728 11
stats: {recvpackets,"tsung_controller@ip-172-31-13-122"} 1 6042.0 0.0 11616 1396 5381.5 10
stats: {sentpackets,"tsung_controller@ip-172-31-13-122"} 1 3782.0 0.0 5202 631 2265.6 10
stats: {cpu,"tsung_controller@ip-172-31-13-122"} 1 7.446808510638298 0.0 7.446808510638298 1.7804154302670623 3.082077664094156 11
stats: session 33 41347.173916903426 17871.024544566284 85630.10205078125 14331.898193359375 44117.52174637957 41
stats: users_count 65 360
stats: finish_users_count 33 74
stats: request 729 1274.244549870328 5380.537642177013 29912.386962890625 0.623046875 2217.8074449383744 1681
stats: connect 65 0.6403883713942308 0.06081837960235457 112.35498046875 0.51806640625 1.3582962970344385 294
stats: page 684 1297.901197645399 5445.112597462326 29912.386962890625 0.643798828125 2302.748854393867 1619
stats: 302 3 52
stats: 200 34 617
stats: size_rcv 7511102 89541134
stats: newphase 0 3
stats: size_sent 200208 836341
stats: connected 33 287
stats: 503 690 1731
stats: 500 0 7
stats: 404 2 3
# stats: dump at 1480599084
stats: users 281 302
stats: {freemem,"tsung_controller@ip-172-31-13-122"} 1 3139.78515625 0.0 3160.73046875 3139.78515625 3152.9856770833335 12
stats: {load,"tsung_controller@ip-172-31-13-122"} 1 0.1484375 0.0 0.19921875 0.0 0.0869140625 12
stats: {recvpackets,"tsung_controller@ip-172-31-13-122"} 1 6075.0 0.0 11616 1396 5441.545454545455 11
stats: {sentpackets,"tsung_controller@ip-172-31-13-122"} 1 3923.0 0.0 5202 631 2403.4545454545455 11
stats: {cpu,"tsung_controller@ip-172-31-13-122"} 1 7.766990291262135 0.0 7.766990291262135 1.7804154302670623 3.445805234639501 12
stats: session 54 39981.840372721344 21685.371814581107 99502.92895507813 12871.239013671875 42882.096362964534 74
stats: users_count 49 409
stats: finish_users_count 54 128
stats: request 794 1776.206497768913 6548.161062003463 37498.90185546875 0.623046875 1932.389457177127 2410
stats: connect 50 0.7099169921875 0.38826443945494044 112.35498046875 0.51806640625 1.2283129678795264 359
stats: page 735 1884.7181667198129 6732.178698161499 37498.90185546875 0.643798828125 2004.3051734490334 2303
stats: 302 2 54
stats: 200 48 665
stats: size_rcv 8988097 98529231
stats: newphase 0 3
stats: size_sent 218235 1054576
stats: connected -6 281
stats: 503 739 2470
stats: 500 0 7
stats: 404 5 8
# stats: dump at 1480599094
stats: users 233 302
stats: {freemem,"tsung_controller@ip-172-31-13-122"} 1 3138.5703125 0.0 3160.73046875 3138.5703125 3151.970252403846 13
stats: {load,"tsung_controller@ip-172-31-13-122"} 1 0.12890625 0.0 0.19921875 0.0 0.09164663461538461 13
stats: {recvpackets,"tsung_controller@ip-172-31-13-122"} 1 8316.0 0.0 11616 1396 5494.333333333333 12
stats: {sentpackets,"tsung_controller@ip-172-31-13-122"} 1 4738.0 0.0 5202 631 2530.0833333333335 12
stats: {cpu,"tsung_controller@ip-172-31-13-122"} 1 8.228460793804453 0.0 8.228460793804453 1.7804154302670623 3.7782040851489347 13
stats: session 48 41486.311309814446 21510.493287477715 99502.92895507813 12871.239013671875 41658.55086708069 128
stats: users_count 0 409
stats: finish_users_count 48 176
stats: request 520 1823.2160381610563 5968.732532025147 37498.90185546875 0.623046875 1893.6849410191612 3204
stats: connect 0 0 0 112.35498046875 0.51806640625 1.1649393767191318 409
stats: page 463 2020.5456832984612 6538.253347212358 40553.158203125 0.643798828125 1975.3728331113189 3038
stats: 302 3 57
stats: 200 38 703
stats: size_rcv 5203467 103732698
stats: newphase 0 3
stats: size_sent 192073 1246649
stats: connected -47 234
stats: 503 473 2943
stats: 500 0 7
stats: 404 6 14
# stats: dump at 1480599104
stats: users 182 302
stats: {freemem,"tsung_controller@ip-172-31-13-122"} 1 3138.2265625 0.0 3160.73046875 3138.2265625 3151.013113839286 14
stats: {load,"tsung_controller@ip-172-31-13-122"} 1 0.109375 0.0 0.19921875 0.0 0.09430803571428571 14
stats: {recvpackets,"tsung_controller@ip-172-31-13-122"} 1 4425.0 0.0 11616 1396 5711.384615384615 13
stats: {sentpackets,"tsung_controller@ip-172-31-13-122"} 1 2706.0 0.0 5202 631 2699.923076923077 13
stats: {cpu,"tsung_controller@ip-172-31-13-122"} 1 5.631067961165048 0.0 8.228460793804453 1.7804154302670623 4.0960795643386145 14
stats: session 51 50440.70910883885 21125.449427243933 102100.07690429688 12871.239013671875 41611.57644237171 176
stats: users_count 0 409
stats: finish_users_count 51 227
stats: request 330 1838.400808623342 5597.762512902773 37498.90185546875 0.623046875 1883.8450297715203 3724
stats: connect 0 0 0 112.35498046875 0.51806640625 1.1649393767191318 409
stats: page 279 1953.8723897079421 5817.78917240957 40553.158203125 0.643798828125 1981.3468490029632 3501
stats: 302 4 61
stats: 200 23 726
stats: size_rcv 4051369 107784067
stats: newphase 0 3
stats: size_sent 143213 1389862
stats: connected -52 182
stats: 503 295 3238
stats: 500 0 7
stats: 404 8 22
# stats: dump at 1480599114
stats: users 157 302
stats: {freemem,"tsung_controller@ip-172-31-13-122"} 1 3138.02734375 0.0 3160.73046875 3138.02734375 3150.160677083333 15
stats: {load,"tsung_controller@ip-172-31-13-122"} 1 0.08984375 0.0 0.19921875 0.0 0.0953125 15
stats: {recvpackets,"tsung_controller@ip-172-31-13-122"} 1 2017.0 0.0 11616 1396 5619.5 14
stats: {sentpackets,"tsung_controller@ip-172-31-13-122"} 1 1326.0 0.0 5202 631 2700.3571428571427 14
stats: {cpu,"tsung_controller@ip-172-31-13-122"} 1 3.729146221786065 0.0 8.228460793804453 1.7804154302670623 4.198412124127043 15
stats: session 25 59233.67287109375 23468.3363151338 120021.8349609375 12871.239013671875 43595.21417800971 227
stats: users_count 0 409
stats: finish_users_count 25 252
stats: request 185 6607.60322529561 10487.153888964423 37498.90185546875 0.623046875 1880.145820847273 4054
stats: connect 0 0 0 112.35498046875 0.51806640625 1.1649393767191318 409
stats: page 155 7139.746268586189 11073.96518128555 48285.072021484375 0.643798828125 1979.3189722454736 3780
stats: 302 6 67
stats: 200 36 762
stats: size_rcv 6977976 114762043
stats: newphase 0 3
stats: size_sent 88095 1477957
stats: connected -25 157
stats: 503 132 3370
stats: 500 0 7
stats: 404 11 33
# stats: dump at 1480599124
stats: users 125 302
stats: {freemem,"tsung_controller@ip-172-31-13-122"} 1 3138.0703125 0.0 3160.73046875 3138.02734375 3149.40234375 16
stats: {load,"tsung_controller@ip-172-31-13-122"} 1 0.078125 0.0 0.19921875 0.0 0.094970703125 16
stats: {recvpackets,"tsung_controller@ip-172-31-13-122"} 1 5466.0 0.0 11616 1396 5379.333333333333 15
stats: {sentpackets,"tsung_controller@ip-172-31-13-122"} 1 2560.0 0.0 5202 631 2608.733333333333 15
stats: {cpu,"tsung_controller@ip-172-31-13-122"} 1 3.6274509803921573 0.0 8.228460793804453 1.7804154302670623 4.169083005230732 16
stats: session 32 68709.73407745364 22361.046361612807 124793.7900390625 12871.239013671875 45146.64857216487 252
stats: users_count 0 409
stats: finish_users_count 32 284
stats: request 240 8863.543924967444 9610.923434056285 37498.90185546875 0.623046875 2086.463258880522 4239
stats: connect 0 0 0 112.35498046875 0.51806640625 1.1649393767191318 409
stats: page 197 12043.327807741116 12022.120108067063 48285.072021484375 0.643798828125 2182.5886624444092 3935
stats: 302 41 108
stats: 200 89 851
stats: size_rcv 9214982 123977025
stats: newphase 0 3
stats: size_sent 91001 1568958
stats: connected -32 125
stats: 503 60 3430
stats: 500 1 8
stats: 404 49 82
# stats: dump at 1480599134
stats: users 88 302
stats: {freemem,"tsung_controller@ip-172-31-13-122"} 1 3137.93359375 0.0 3160.73046875 3137.93359375 3148.7357536764707 17
stats: {load,"tsung_controller@ip-172-31-13-122"} 1 0.0703125 0.0 0.19921875 0.0 0.0939797794117647 17
stats: {recvpackets,"tsung_controller@ip-172-31-13-122"} 1 6705.0 0.0 11616 1396 5384.75 16
stats: {sentpackets,"tsung_controller@ip-172-31-13-122"} 1 3084.0 0.0 5202 631 2605.6875 16
stats: {cpu,"tsung_controller@ip-172-31-13-122"} 1 3.842364532019704 0.0 8.228460793804453 1.7804154302670623 4.137222297887286 17
stats: session 37 74575.58585172088 16883.13213972005 124793.7900390625 12871.239013671875 47801.64412205656 284
stats: users_count 0 409
stats: finish_users_count 37 321
stats: request 128 6259.555002212524 4737.6871651472675 37498.90185546875 0.623046875 2449.602209508086 4479
stats: connect 0 0 0 112.35498046875 0.51806640625 1.1649393767191318 409
stats: page 109 6967.047593982941 4901.267676194368 48285.072021484375 0.643798828125 2652.715867580772 4132
stats: 302 69 177
stats: 200 40 891
stats: size_rcv 3444973 127421998
stats: newphase 0 3
stats: size_sent 70042 1639000
stats: connected -37 88
stats: 503 0 3430
stats: 500 0 8
stats: 404 19 101
# stats: dump at 1480599144
stats: users 29 302
stats: {freemem,"tsung_controller@ip-172-31-13-122"} 1 3137.73046875 0.0 3160.73046875 3137.73046875 3148.1356336805557 18
stats: {load,"tsung_controller@ip-172-31-13-122"} 1 0.05859375 0.0 0.19921875 0.0 0.09266493055555555 18
stats: {recvpackets,"tsung_controller@ip-172-31-13-122"} 1 3072.0 0.0 11616 1396 5462.411764705882 17
stats: {sentpackets,"tsung_controller@ip-172-31-13-122"} 1 1554.0 0.0 5202 631 2633.823529411765 17
stats: {cpu,"tsung_controller@ip-172-31-13-122"} 1 2.566633761105627 0.0 8.228460793804453 1.7804154302670623 4.120841310894643 18
stats: session 59 81010.41649149233 17787.283893327407 125941.31176757813 12871.239013671875 50887.73709401163 321
stats: users_count 0 409
stats: finish_users_count 59 380
stats: request 191 1859.0864794666231 2922.1087171174186 37498.90185546875 0.623046875 2555.4572035315655 4607
stats: connect 0 0 0 112.35498046875 0.51806640625 1.1649393767191318 409
stats: page 169 2412.656184992141 3506.82984704932 48285.072021484375 0.643798828125 2763.6006018834923 4241
stats: 302 121 298
stats: 200 69 960
stats: size_rcv 6555358 133977356
stats: newphase 0 3
stats: size_sent 76843 1715843
stats: connected -59 29
stats: 503 0 3430
stats: 500 1 9
stats: 404 1 102
# stats: dump at 1480599154
stats: users 11 302
stats: {freemem,"tsung_controller@ip-172-31-13-122"} 1 3137.59375 0.0 3160.73046875 3137.59375 3147.5879934210525 19
stats: {load,"tsung_controller@ip-172-31-13-122"} 1 0.05078125 0.0 0.19921875 0.0 0.09087171052631579 19
stats: {recvpackets,"tsung_controller@ip-172-31-13-122"} 1 5666.0 0.0 11616 1396 5329.611111111111 18
stats: {sentpackets,"tsung_controller@ip-172-31-13-122"} 1 2405.0 0.0 5202 631 2573.8333333333335 18
stats: {cpu,"tsung_controller@ip-172-31-13-122"} 1 3.532875368007851 0.0 8.228460793804453 1.7804154302670623 4.039040913537326 19
stats: session 18 86210.13415527344 15229.65975659727 125941.31176757813 12871.239013671875 55564.67942151521 380
stats: users_count 0 409
stats: finish_users_count 18 398
stats: request 80 311.2509307861328 1880.9584515400595 37498.90185546875 0.623046875 2527.735901260535 4798
stats: connect 0 0 0 112.35498046875 0.51806640625 1.1649393767191318 409
stats: page 65 383.10422175480767 2080.1374783852502 48285.072021484375 0.643798828125 2750.1517115309666 4410
stats: 302 49 347
stats: 200 30 990
stats: size_rcv 2536105 136513461
stats: newphase 0 3
stats: size_sent 43431 1759274
stats: connected -18 11
stats: 503 0 3430
stats: 500 0 9
stats: 404 0 102
# stats: dump at 1480599164
stats: users 3 302
stats: {freemem,"tsung_controller@ip-172-31-13-122"} 1 3138.0625 0.0 3160.73046875 3137.59375 3147.08828125 20
stats: {load,"tsung_controller@ip-172-31-13-122"} 1 0.0390625 0.0 0.19921875 0.0 0.0888671875 20
stats: {recvpackets,"tsung_controller@ip-172-31-13-122"} 1 339.0 0.0 11616 339 5347.315789473684 19
stats: {sentpackets,"tsung_controller@ip-172-31-13-122"} 1 245.0 0.0 5202 245 2564.9473684210525 19
stats: {cpu,"tsung_controller@ip-172-31-13-122"} 1 1.4749262536873156 0.0 8.228460793804453 1.4749262536873156 4.013732636260852 20
stats: session 8 86027.15939331055 8413.346128645284 125941.31176757813 12871.239013671875 56950.65476123292 398
stats: users_count 0 409
stats: finish_users_count 8 406
stats: request 23 7.790973165760869 0.6457632707494075 37498.90185546875 0.623046875 2491.3851842375843 4878
stats: connect 0 0 0 112.35498046875 0.51806640625 1.1649393767191318 409
stats: page 18 9.987358940972221 3.806653059710206 48285.072021484375 0.643798828125 2715.770016148743 4475
stats: 302 18 365
stats: 200 5 995
stats: size_rcv 122940 136636401
stats: newphase 0 3
stats: size_sent 13115 1772389
stats: connected -8 3
stats: 503 0 3430
stats: 500 0 9
stats: 404 0 102
# stats: dump at 1480599174
stats: users 1 302
stats: {freemem,"tsung_controller@ip-172-31-13-122"} 1 3141.30859375 0.0 3160.73046875 3137.59375 3146.6584821428573 21
stats: {load,"tsung_controller@ip-172-31-13-122"} 1 0.03125 0.0 0.19921875 0.0 0.08649553571428571 21
stats: {recvpackets,"tsung_controller@ip-172-31-13-122"} 1 136.0 0.0 11616 136 5096.9 20
stats: {sentpackets,"tsung_controller@ip-172-31-13-122"} 1 96.0 0.0 5202 96 2448.95 20
stats: {cpu,"tsung_controller@ip-172-31-13-122"} 1 1.3806706114398422 0.0 8.228460793804453 1.3806706114398422 3.8928370942335406 21
stats: session 2 98817.8740234375 10626.70703125 125941.31176757813 12871.239013671875 57523.59081309652 406
stats: users_count 0 409
stats: finish_users_count 2 408
stats: request 6 8.222981770833334 0.6373113151431954 37498.90185546875 0.623046875 2479.7298757587732 4901
stats: connect 0 0 0 112.35498046875 0.51806640625 1.1649393767191318 409
stats: page 5 9.892578125 3.249101048635559 48285.072021484375 0.643798828125 2704.930023308827 4493
stats: 302 5 370
stats: 200 1 996
stats: size_rcv 24727 136661128
stats: newphase 0 3
stats: size_sent 3496 1775885
stats: connected -2 1
stats: 503 0 3430
stats: 500 0 9
stats: 404 0 102
# stats: dump at 1480599176
stats: users 0 302
stats: {freemem,"tsung_controller@ip-172-31-13-122"} 0 0 0 3160.73046875 3137.59375 3146.4153053977275 22
stats: {load,"tsung_controller@ip-172-31-13-122"} 0 0 0 0.19921875 0.0 0.083984375 22
stats: {recvpackets,"tsung_controller@ip-172-31-13-122"} 0 0 0 11616 136 4860.666666666667 21
stats: {sentpackets,"tsung_controller@ip-172-31-13-122"} 0 0 0 5202 96 2336.904761904762 21
stats: {cpu,"tsung_controller@ip-172-31-13-122"} 0 0 0 8.228460793804453 1.3806706114398422 3.778647708652009 22
stats: session 1 96463.62182617188 0.0 125941.31176757813 12871.239013671875 57726.01377000996 408
stats: users_count 0 409
stats: finish_users_count 1 409
stats: request 1 7.302978515625 0.0 37498.90185546875 0.623046875 2476.7078579548347 4907
stats: connect 0 0 0 112.35498046875 0.51806640625 1.1649393767191318 409
stats: page 1 7.302978515625 0.0 48285.072021484375 0.643798828125 2701.9342057841677 4498
stats: 302 1 371
stats: 200 0 996
stats: size_rcv 98 136661226
stats: newphase 0 3
stats: size_sent 535 1776420
stats: connected -1 0
stats: 503 0 3430
stats: 500 0 9
stats: 404 0 102
EndMonitor:{1480,599176,229469}
