
=INFO REPORT==== 1-Dec-2016::13:29:14 ===
    ts_config_server:(5:<0.55.0>) Config server started, logdir is "/home/ec2-user/.tsung/log/20161201-1329"
 
=INFO REPORT==== 1-Dec-2016::13:29:14 ===
              ts_mon:(5:<0.54.0>) starting monitor, global 

=INFO REPORT==== 1-Dec-2016::13:29:14 ===
           ts_config:(5:<0.55.0>) Reading config file: complete.xml

=INFO REPORT==== 1-Dec-2016::13:29:14 ===
      ts_config_http:(4:<0.55.0>) Get user agent: 100 "Mozilla/5.0 (Windows; U; Windows NT 5.2; fr-FR; rv:1.7.8) Gecko/20050511 Firefox/1.0.4" 

=INFO REPORT==== 1-Dec-2016::13:29:14 ===
           ts_config:(5:<0.55.0>) Session name for id 1 is "complete-test"

=INFO REPORT==== 1-Dec-2016::13:29:14 ===
    ts_config_server:(4:<0.55.0>) SYSINFO:Tsung version: 1.6.0

=INFO REPORT==== 1-Dec-2016::13:29:14 ===
    ts_config_server:(4:<0.55.0>) SYSINFO:Erlang version: Erlang R14B04 (erts-5.8.5) [source] [64-bit] [rq:1] [async-threads:8] [kernel-poll:true]


=INFO REPORT==== 1-Dec-2016::13:29:14 ===
    ts_config_server:(4:<0.55.0>) SYSINFO:System architecture x86_64-redhat-linux-gnu

=INFO REPORT==== 1-Dec-2016::13:29:14 ===
    ts_config_server:(4:<0.55.0>) SYSINFO:Current path: /usr/lib/erlang/lib/tsung-1.6.0/ebin/tsung.beam

=INFO REPORT==== 1-Dec-2016::13:29:14 ===
              ts_mon:(5:<0.56.0>) Activate clients with text backend

=INFO REPORT==== 1-Dec-2016::13:29:14 ===
              ts_mon:(5:<0.56.0>) Starting tsung clients on hosts: [localhost]

=INFO REPORT==== 1-Dec-2016::13:29:14 ===
    ts_config_server:(5:<0.55.0>) Start a launcher on the controller beam localhost

=INFO REPORT==== 1-Dec-2016::13:29:14 ===
  ts_launcher_static:(5:<0.111.0>) Launch msg receive ("localhost")

=INFO REPORT==== 1-Dec-2016::13:29:14 ===
         ts_launcher:(5:<0.112.0>) Launch msg receive ("localhost")

=INFO REPORT==== 1-Dec-2016::13:29:14 ===
    ts_config_server:(5:<0.55.0>) All remote beams started, syncing 

=INFO REPORT==== 1-Dec-2016::13:29:14 ===
    ts_config_server:(5:<0.55.0>) Undefined ports_range config 

=INFO REPORT==== 1-Dec-2016::13:29:14 ===
    ts_config_server:(5:<0.55.0>) New arrival phase 1 for client "localhost" (last ? true): will start 30 users

=INFO REPORT==== 1-Dec-2016::13:29:14 ===
    ts_config_server:(5:<0.55.0>) New arrival phase 2 for client "localhost" (last ? true): will start 60 users

=INFO REPORT==== 1-Dec-2016::13:29:14 ===
    ts_config_server:(5:<0.55.0>) New arrival phase 3 for client "localhost" (last ? true): will start 120 users

=INFO REPORT==== 1-Dec-2016::13:29:14 ===
    ts_config_server:(5:<0.55.0>) New arrival phase 4 for client "localhost" (last ? true): will start 240 users

=INFO REPORT==== 1-Dec-2016::13:29:15 ===
         ts_launcher:(5:<0.112.0>) Expected duration of first phase: 30.0 sec (30 users) 

=INFO REPORT==== 1-Dec-2016::13:29:15 ===
         ts_launcher:(5:<0.112.0>) Activate launcher (30 users) in 1718 msec 

=INFO REPORT==== 1-Dec-2016::13:29:49 ===
         ts_launcher:(5:<0.112.0>) Phase duration exceeded, but not all users were launched (9 users, 30.0% of phase)

=INFO REPORT==== 1-Dec-2016::13:29:49 ===
         ts_launcher:(5:<0.112.0>) Start a new arrival phase (60 users, 0.002); expected duration=30.0 sec

=INFO REPORT==== 1-Dec-2016::13:30:20 ===
         ts_launcher:(5:<0.112.0>) Phase duration exceeded, but not all users were launched (5 users, 8.3% of phase)

=INFO REPORT==== 1-Dec-2016::13:30:20 ===
         ts_launcher:(5:<0.112.0>) Start a new arrival phase (120 users, 0.004); expected duration=30.0 sec

=INFO REPORT==== 1-Dec-2016::13:30:42 ===
           ts_search:(5:<0.136.0>) Dyn Var (RE): no Match (varname=created_news_id), 

=INFO REPORT==== 1-Dec-2016::13:30:42 ===
           ts_search:(5:<0.136.0>) Dyn Var (RE): no Match (varname=created_news_url), 

=INFO REPORT==== 1-Dec-2016::13:30:44 ===
           ts_search:(5:<0.142.0>) Dyn Var (RE): no Match (varname=created_news_id), 

=INFO REPORT==== 1-Dec-2016::13:30:44 ===
           ts_search:(5:<0.142.0>) Dyn Var (RE): no Match (varname=created_news_url), 

=INFO REPORT==== 1-Dec-2016::13:30:46 ===
           ts_search:(5:<0.218.0>) Dyn Var (RE): no Match (varname=created_news_id), 

=INFO REPORT==== 1-Dec-2016::13:30:46 ===
           ts_search:(5:<0.218.0>) Dyn Var (RE): no Match (varname=created_news_url), 

=INFO REPORT==== 1-Dec-2016::13:30:47 ===
           ts_search:(5:<0.152.0>) Dyn Var (RE): no Match (varname=created_news_id), 

=INFO REPORT==== 1-Dec-2016::13:30:47 ===
           ts_search:(5:<0.152.0>) Dyn Var (RE): no Match (varname=created_news_url), 

=INFO REPORT==== 1-Dec-2016::13:30:48 ===
           ts_search:(5:<0.159.0>) Dyn Var (RE): no Match (varname=created_news_id), 

=INFO REPORT==== 1-Dec-2016::13:30:48 ===
           ts_search:(5:<0.159.0>) Dyn Var (RE): no Match (varname=created_news_url), 

=INFO REPORT==== 1-Dec-2016::13:30:48 ===
           ts_search:(5:<0.166.0>) Dyn Var (RE): no Match (varname=created_news_id), 

=INFO REPORT==== 1-Dec-2016::13:30:48 ===
           ts_search:(5:<0.166.0>) Dyn Var (RE): no Match (varname=created_news_url), 

=INFO REPORT==== 1-Dec-2016::13:30:49 ===
           ts_search:(5:<0.157.0>) Dyn Var (RE): no Match (varname=created_news_id), 

=INFO REPORT==== 1-Dec-2016::13:30:49 ===
           ts_search:(5:<0.157.0>) Dyn Var (RE): no Match (varname=created_news_url), 

=INFO REPORT==== 1-Dec-2016::13:30:49 ===
           ts_search:(5:<0.164.0>) Dyn Var (RE): no Match (varname=created_news_id), 

=INFO REPORT==== 1-Dec-2016::13:30:49 ===
           ts_search:(5:<0.164.0>) Dyn Var (RE): no Match (varname=created_news_url), 

=INFO REPORT==== 1-Dec-2016::13:30:49 ===
           ts_search:(5:<0.162.0>) Dyn Var (RE): no Match (varname=created_news_id), 

=INFO REPORT==== 1-Dec-2016::13:30:49 ===
           ts_search:(5:<0.162.0>) Dyn Var (RE): no Match (varname=created_news_url), 

=INFO REPORT==== 1-Dec-2016::13:30:50 ===
         ts_launcher:(5:<0.112.0>) Start a new arrival phase (240 users, 0.008); expected duration=30.0 sec

=INFO REPORT==== 1-Dec-2016::13:30:51 ===
           ts_search:(5:<0.148.0>) Dyn Var (RE): no Match (varname=created_news_id), 

=INFO REPORT==== 1-Dec-2016::13:30:51 ===
           ts_search:(5:<0.148.0>) Dyn Var (RE): no Match (varname=created_news_url), 

=INFO REPORT==== 1-Dec-2016::13:30:52 ===
           ts_search:(5:<0.274.0>) Dyn Var (RE): no Match (varname=created_news_id), 

=INFO REPORT==== 1-Dec-2016::13:30:52 ===
           ts_search:(5:<0.274.0>) Dyn Var (RE): no Match (varname=created_news_url), 

=INFO REPORT==== 1-Dec-2016::13:30:52 ===
           ts_search:(5:<0.209.0>) Dyn Var (RE): no Match (varname=created_news_id), 

=INFO REPORT==== 1-Dec-2016::13:30:52 ===
           ts_search:(5:<0.209.0>) Dyn Var (RE): no Match (varname=created_news_url), 

=INFO REPORT==== 1-Dec-2016::13:30:52 ===
           ts_search:(5:<0.259.0>) Dyn Var (RE): no Match (varname=created_news_id), 

=INFO REPORT==== 1-Dec-2016::13:30:52 ===
           ts_search:(5:<0.259.0>) Dyn Var (RE): no Match (varname=created_news_url), 

=INFO REPORT==== 1-Dec-2016::13:30:52 ===
           ts_search:(5:<0.160.0>) Dyn Var (RE): no Match (varname=created_news_id), 

=INFO REPORT==== 1-Dec-2016::13:30:52 ===
           ts_search:(5:<0.160.0>) Dyn Var (RE): no Match (varname=created_news_url), 

=INFO REPORT==== 1-Dec-2016::13:30:53 ===
           ts_search:(5:<0.216.0>) Dyn Var (RE): no Match (varname=created_news_id), 

=INFO REPORT==== 1-Dec-2016::13:30:53 ===
           ts_search:(5:<0.216.0>) Dyn Var (RE): no Match (varname=created_news_url), 

=INFO REPORT==== 1-Dec-2016::13:30:54 ===
           ts_search:(5:<0.163.0>) Dyn Var (RE): no Match (varname=created_news_id), 

=INFO REPORT==== 1-Dec-2016::13:30:54 ===
           ts_search:(5:<0.163.0>) Dyn Var (RE): no Match (varname=created_news_url), 

=INFO REPORT==== 1-Dec-2016::13:30:55 ===
           ts_search:(5:<0.156.0>) Dyn Var (RE): no Match (varname=created_news_id), 

=INFO REPORT==== 1-Dec-2016::13:30:55 ===
           ts_search:(5:<0.156.0>) Dyn Var (RE): no Match (varname=created_news_url), 

=INFO REPORT==== 1-Dec-2016::13:30:55 ===
           ts_search:(5:<0.237.0>) Dyn Var (RE): no Match (varname=created_news_id), 

=INFO REPORT==== 1-Dec-2016::13:30:55 ===
           ts_search:(5:<0.237.0>) Dyn Var (RE): no Match (varname=created_news_url), 

=INFO REPORT==== 1-Dec-2016::13:30:56 ===
           ts_search:(5:<0.256.0>) Dyn Var (RE): no Match (varname=created_news_id), 

=INFO REPORT==== 1-Dec-2016::13:30:56 ===
           ts_search:(5:<0.256.0>) Dyn Var (RE): no Match (varname=created_news_url), 

=INFO REPORT==== 1-Dec-2016::13:30:56 ===
           ts_search:(5:<0.221.0>) Dyn Var (RE): no Match (varname=created_news_id), 

=INFO REPORT==== 1-Dec-2016::13:30:56 ===
           ts_search:(5:<0.221.0>) Dyn Var (RE): no Match (varname=created_news_url), 

=INFO REPORT==== 1-Dec-2016::13:30:56 ===
           ts_search:(5:<0.200.0>) Dyn Var (RE): no Match (varname=created_news_id), 

=INFO REPORT==== 1-Dec-2016::13:30:56 ===
           ts_search:(5:<0.200.0>) Dyn Var (RE): no Match (varname=created_news_url), 

=INFO REPORT==== 1-Dec-2016::13:30:57 ===
           ts_search:(5:<0.357.0>) Dyn Var (RE): no Match (varname=created_news_id), 

=INFO REPORT==== 1-Dec-2016::13:30:57 ===
           ts_search:(5:<0.357.0>) Dyn Var (RE): no Match (varname=created_news_url), 

=INFO REPORT==== 1-Dec-2016::13:30:57 ===
           ts_search:(5:<0.195.0>) Dyn Var (RE): no Match (varname=created_news_id), 

=INFO REPORT==== 1-Dec-2016::13:30:57 ===
           ts_search:(5:<0.195.0>) Dyn Var (RE): no Match (varname=created_news_url), 

=INFO REPORT==== 1-Dec-2016::13:30:57 ===
           ts_search:(5:<0.199.0>) Dyn Var (RE): no Match (varname=created_news_id), 

=INFO REPORT==== 1-Dec-2016::13:30:57 ===
           ts_search:(5:<0.199.0>) Dyn Var (RE): no Match (varname=created_news_url), 

=INFO REPORT==== 1-Dec-2016::13:30:58 ===
           ts_search:(5:<0.276.0>) Dyn Var (RE): no Match (varname=created_news_id), 

=INFO REPORT==== 1-Dec-2016::13:30:58 ===
           ts_search:(5:<0.276.0>) Dyn Var (RE): no Match (varname=created_news_url), 

=INFO REPORT==== 1-Dec-2016::13:30:58 ===
           ts_search:(5:<0.155.0>) Dyn Var (RE): no Match (varname=created_news_id), 

=INFO REPORT==== 1-Dec-2016::13:30:58 ===
           ts_search:(5:<0.155.0>) Dyn Var (RE): no Match (varname=created_news_url), 

=INFO REPORT==== 1-Dec-2016::13:30:59 ===
           ts_search:(5:<0.235.0>) Dyn Var (RE): no Match (varname=created_news_id), 

=INFO REPORT==== 1-Dec-2016::13:30:59 ===
           ts_search:(5:<0.235.0>) Dyn Var (RE): no Match (varname=created_news_url), 

=INFO REPORT==== 1-Dec-2016::13:30:59 ===
           ts_search:(5:<0.174.0>) Dyn Var (RE): no Match (varname=created_news_id), 

=INFO REPORT==== 1-Dec-2016::13:30:59 ===
           ts_search:(5:<0.174.0>) Dyn Var (RE): no Match (varname=created_news_url), 

=INFO REPORT==== 1-Dec-2016::13:31:00 ===
           ts_search:(5:<0.151.0>) Dyn Var (RE): no Match (varname=created_news_id), 

=INFO REPORT==== 1-Dec-2016::13:31:00 ===
           ts_search:(5:<0.151.0>) Dyn Var (RE): no Match (varname=created_news_url), 

=INFO REPORT==== 1-Dec-2016::13:31:00 ===
           ts_search:(5:<0.144.0>) Dyn Var (RE): no Match (varname=created_news_id), 

=INFO REPORT==== 1-Dec-2016::13:31:00 ===
           ts_search:(5:<0.144.0>) Dyn Var (RE): no Match (varname=created_news_url), 

=INFO REPORT==== 1-Dec-2016::13:31:00 ===
           ts_search:(5:<0.217.0>) Dyn Var (RE): no Match (varname=created_news_id), 

=INFO REPORT==== 1-Dec-2016::13:31:00 ===
           ts_search:(5:<0.217.0>) Dyn Var (RE): no Match (varname=created_news_url), 

=INFO REPORT==== 1-Dec-2016::13:31:00 ===
           ts_search:(5:<0.291.0>) Dyn Var (RE): no Match (varname=created_news_id), 

=INFO REPORT==== 1-Dec-2016::13:31:00 ===
           ts_search:(5:<0.291.0>) Dyn Var (RE): no Match (varname=created_news_url), 

=INFO REPORT==== 1-Dec-2016::13:31:00 ===
           ts_search:(5:<0.318.0>) Dyn Var (RE): no Match (varname=created_news_id), 

=INFO REPORT==== 1-Dec-2016::13:31:00 ===
           ts_search:(5:<0.318.0>) Dyn Var (RE): no Match (varname=created_news_url), 

=INFO REPORT==== 1-Dec-2016::13:31:00 ===
           ts_search:(5:<0.175.0>) Dyn Var (RE): no Match (varname=created_news_id), 

=INFO REPORT==== 1-Dec-2016::13:31:00 ===
           ts_search:(5:<0.175.0>) Dyn Var (RE): no Match (varname=created_news_url), 

=INFO REPORT==== 1-Dec-2016::13:31:01 ===
           ts_search:(5:<0.280.0>) Dyn Var (RE): no Match (varname=created_news_id), 

=INFO REPORT==== 1-Dec-2016::13:31:01 ===
           ts_search:(5:<0.280.0>) Dyn Var (RE): no Match (varname=created_news_url), 

=INFO REPORT==== 1-Dec-2016::13:31:01 ===
           ts_search:(5:<0.178.0>) Dyn Var (RE): no Match (varname=created_news_id), 

=INFO REPORT==== 1-Dec-2016::13:31:01 ===
           ts_search:(5:<0.178.0>) Dyn Var (RE): no Match (varname=created_news_url), 

=INFO REPORT==== 1-Dec-2016::13:31:02 ===
           ts_search:(5:<0.188.0>) Dyn Var (RE): no Match (varname=created_news_id), 

=INFO REPORT==== 1-Dec-2016::13:31:02 ===
           ts_search:(5:<0.188.0>) Dyn Var (RE): no Match (varname=created_news_url), 

=INFO REPORT==== 1-Dec-2016::13:31:02 ===
           ts_search:(5:<0.262.0>) Dyn Var (RE): no Match (varname=created_news_id), 

=INFO REPORT==== 1-Dec-2016::13:31:02 ===
           ts_search:(5:<0.262.0>) Dyn Var (RE): no Match (varname=created_news_url), 

=INFO REPORT==== 1-Dec-2016::13:31:02 ===
           ts_search:(5:<0.170.0>) Dyn Var (RE): no Match (varname=created_news_id), 

=INFO REPORT==== 1-Dec-2016::13:31:02 ===
           ts_search:(5:<0.170.0>) Dyn Var (RE): no Match (varname=created_news_url), 

=INFO REPORT==== 1-Dec-2016::13:31:03 ===
           ts_search:(5:<0.180.0>) Dyn Var (RE): no Match (varname=created_news_id), 

=INFO REPORT==== 1-Dec-2016::13:31:03 ===
           ts_search:(5:<0.180.0>) Dyn Var (RE): no Match (varname=created_news_url), 

=INFO REPORT==== 1-Dec-2016::13:31:03 ===
           ts_search:(5:<0.173.0>) Dyn Var (RE): no Match (varname=created_news_id), 

=INFO REPORT==== 1-Dec-2016::13:31:03 ===
           ts_search:(5:<0.173.0>) Dyn Var (RE): no Match (varname=created_news_url), 

=INFO REPORT==== 1-Dec-2016::13:31:03 ===
           ts_search:(5:<0.158.0>) Dyn Var (RE): no Match (varname=created_news_id), 

=INFO REPORT==== 1-Dec-2016::13:31:03 ===
           ts_search:(5:<0.158.0>) Dyn Var (RE): no Match (varname=created_news_url), 

=INFO REPORT==== 1-Dec-2016::13:31:03 ===
           ts_search:(5:<0.214.0>) Dyn Var (RE): no Match (varname=created_news_id), 

=INFO REPORT==== 1-Dec-2016::13:31:03 ===
           ts_search:(5:<0.214.0>) Dyn Var (RE): no Match (varname=created_news_url), 

=INFO REPORT==== 1-Dec-2016::13:31:04 ===
           ts_search:(5:<0.202.0>) Dyn Var (RE): no Match (varname=created_news_id), 

=INFO REPORT==== 1-Dec-2016::13:31:04 ===
           ts_search:(5:<0.202.0>) Dyn Var (RE): no Match (varname=created_news_url), 

=INFO REPORT==== 1-Dec-2016::13:31:05 ===
           ts_search:(5:<0.312.0>) Dyn Var (RE): no Match (varname=created_news_id), 

=INFO REPORT==== 1-Dec-2016::13:31:05 ===
           ts_search:(5:<0.312.0>) Dyn Var (RE): no Match (varname=created_news_url), 

=INFO REPORT==== 1-Dec-2016::13:31:06 ===
           ts_search:(5:<0.220.0>) Dyn Var (RE): no Match (varname=created_news_id), 

=INFO REPORT==== 1-Dec-2016::13:31:06 ===
           ts_search:(5:<0.220.0>) Dyn Var (RE): no Match (varname=created_news_url), 

=INFO REPORT==== 1-Dec-2016::13:31:06 ===
           ts_search:(5:<0.270.0>) Dyn Var (RE): no Match (varname=created_news_id), 

=INFO REPORT==== 1-Dec-2016::13:31:06 ===
           ts_search:(5:<0.270.0>) Dyn Var (RE): no Match (varname=created_news_url), 

=INFO REPORT==== 1-Dec-2016::13:31:06 ===
           ts_search:(5:<0.343.0>) Dyn Var (RE): no Match (varname=created_news_id), 

=INFO REPORT==== 1-Dec-2016::13:31:06 ===
           ts_search:(5:<0.343.0>) Dyn Var (RE): no Match (varname=created_news_url), 

=INFO REPORT==== 1-Dec-2016::13:31:07 ===
           ts_search:(5:<0.177.0>) Dyn Var (RE): no Match (varname=created_news_id), 

=INFO REPORT==== 1-Dec-2016::13:31:07 ===
           ts_search:(5:<0.177.0>) Dyn Var (RE): no Match (varname=created_news_url), 

=INFO REPORT==== 1-Dec-2016::13:31:07 ===
           ts_search:(5:<0.289.0>) Dyn Var (RE): no Match (varname=created_news_id), 

=INFO REPORT==== 1-Dec-2016::13:31:07 ===
           ts_search:(5:<0.289.0>) Dyn Var (RE): no Match (varname=created_news_url), 

=INFO REPORT==== 1-Dec-2016::13:31:07 ===
           ts_search:(5:<0.325.0>) Dyn Var (RE): no Match (varname=created_news_id), 

=INFO REPORT==== 1-Dec-2016::13:31:07 ===
           ts_search:(5:<0.325.0>) Dyn Var (RE): no Match (varname=created_news_url), 

=INFO REPORT==== 1-Dec-2016::13:31:07 ===
           ts_search:(5:<0.344.0>) Dyn Var (RE): no Match (varname=created_news_id), 

=INFO REPORT==== 1-Dec-2016::13:31:07 ===
           ts_search:(5:<0.344.0>) Dyn Var (RE): no Match (varname=created_news_url), 

=INFO REPORT==== 1-Dec-2016::13:31:08 ===
           ts_search:(5:<0.171.0>) Dyn Var (RE): no Match (varname=created_news_id), 

=INFO REPORT==== 1-Dec-2016::13:31:08 ===
           ts_search:(5:<0.171.0>) Dyn Var (RE): no Match (varname=created_news_url), 

=INFO REPORT==== 1-Dec-2016::13:31:08 ===
           ts_search:(5:<0.232.0>) Dyn Var (RE): no Match (varname=created_news_id), 

=INFO REPORT==== 1-Dec-2016::13:31:08 ===
           ts_search:(5:<0.232.0>) Dyn Var (RE): no Match (varname=created_news_url), 

=INFO REPORT==== 1-Dec-2016::13:31:08 ===
           ts_search:(5:<0.352.0>) Dyn Var (RE): no Match (varname=created_news_id), 

=INFO REPORT==== 1-Dec-2016::13:31:08 ===
           ts_search:(5:<0.352.0>) Dyn Var (RE): no Match (varname=created_news_url), 

=INFO REPORT==== 1-Dec-2016::13:31:08 ===
           ts_search:(5:<0.210.0>) Dyn Var (RE): no Match (varname=created_news_id), 

=INFO REPORT==== 1-Dec-2016::13:31:08 ===
           ts_search:(5:<0.210.0>) Dyn Var (RE): no Match (varname=created_news_url), 

=INFO REPORT==== 1-Dec-2016::13:31:09 ===
           ts_search:(5:<0.275.0>) Dyn Var (RE): no Match (varname=created_news_id), 

=INFO REPORT==== 1-Dec-2016::13:31:09 ===
           ts_search:(5:<0.275.0>) Dyn Var (RE): no Match (varname=created_news_url), 

=INFO REPORT==== 1-Dec-2016::13:31:09 ===
           ts_search:(5:<0.361.0>) Dyn Var (RE): no Match (varname=created_news_id), 

=INFO REPORT==== 1-Dec-2016::13:31:09 ===
           ts_search:(5:<0.361.0>) Dyn Var (RE): no Match (varname=created_news_url), 

=INFO REPORT==== 1-Dec-2016::13:31:10 ===
           ts_search:(5:<0.201.0>) Dyn Var (RE): no Match (varname=created_news_id), 

=INFO REPORT==== 1-Dec-2016::13:31:10 ===
           ts_search:(5:<0.201.0>) Dyn Var (RE): no Match (varname=created_news_url), 

=INFO REPORT==== 1-Dec-2016::13:31:10 ===
           ts_search:(5:<0.370.0>) Dyn Var (RE): no Match (varname=created_news_id), 

=INFO REPORT==== 1-Dec-2016::13:31:10 ===
           ts_search:(5:<0.370.0>) Dyn Var (RE): no Match (varname=created_news_url), 

=INFO REPORT==== 1-Dec-2016::13:31:10 ===
           ts_search:(5:<0.244.0>) Dyn Var (RE): no Match (varname=created_news_id), 

=INFO REPORT==== 1-Dec-2016::13:31:10 ===
           ts_search:(5:<0.244.0>) Dyn Var (RE): no Match (varname=created_news_url), 

=INFO REPORT==== 1-Dec-2016::13:31:10 ===
           ts_search:(5:<0.231.0>) Dyn Var (RE): no Match (varname=created_news_id), 

=INFO REPORT==== 1-Dec-2016::13:31:10 ===
           ts_search:(5:<0.231.0>) Dyn Var (RE): no Match (varname=created_news_url), 

=INFO REPORT==== 1-Dec-2016::13:31:10 ===
           ts_search:(5:<0.362.0>) Dyn Var (RE): no Match (varname=created_news_id), 

=INFO REPORT==== 1-Dec-2016::13:31:10 ===
           ts_search:(5:<0.362.0>) Dyn Var (RE): no Match (varname=created_news_url), 

=INFO REPORT==== 1-Dec-2016::13:31:11 ===
           ts_search:(5:<0.264.0>) Dyn Var (RE): no Match (varname=created_news_id), 

=INFO REPORT==== 1-Dec-2016::13:31:11 ===
           ts_search:(5:<0.264.0>) Dyn Var (RE): no Match (varname=created_news_url), 

=INFO REPORT==== 1-Dec-2016::13:31:11 ===
           ts_search:(5:<0.179.0>) Dyn Var (RE): no Match (varname=created_news_id), 

=INFO REPORT==== 1-Dec-2016::13:31:11 ===
           ts_search:(5:<0.179.0>) Dyn Var (RE): no Match (varname=created_news_url), 

=INFO REPORT==== 1-Dec-2016::13:31:11 ===
           ts_search:(5:<0.183.0>) Dyn Var (RE): no Match (varname=created_news_id), 

=INFO REPORT==== 1-Dec-2016::13:31:11 ===
           ts_search:(5:<0.183.0>) Dyn Var (RE): no Match (varname=created_news_url), 

=INFO REPORT==== 1-Dec-2016::13:31:11 ===
           ts_search:(5:<0.245.0>) Dyn Var (RE): no Match (varname=created_news_id), 

=INFO REPORT==== 1-Dec-2016::13:31:11 ===
           ts_search:(5:<0.245.0>) Dyn Var (RE): no Match (varname=created_news_url), 

=INFO REPORT==== 1-Dec-2016::13:31:11 ===
           ts_search:(5:<0.298.0>) Dyn Var (RE): no Match (varname=created_news_id), 

=INFO REPORT==== 1-Dec-2016::13:31:11 ===
           ts_search:(5:<0.298.0>) Dyn Var (RE): no Match (varname=created_news_url), 

=INFO REPORT==== 1-Dec-2016::13:31:11 ===
           ts_search:(5:<0.381.0>) Dyn Var (RE): no Match (varname=created_news_id), 

=INFO REPORT==== 1-Dec-2016::13:31:11 ===
           ts_search:(5:<0.381.0>) Dyn Var (RE): no Match (varname=created_news_url), 

=INFO REPORT==== 1-Dec-2016::13:31:11 ===
           ts_search:(5:<0.258.0>) Dyn Var (RE): no Match (varname=created_news_id), 

=INFO REPORT==== 1-Dec-2016::13:31:11 ===
           ts_search:(5:<0.258.0>) Dyn Var (RE): no Match (varname=created_news_url), 

=INFO REPORT==== 1-Dec-2016::13:31:11 ===
           ts_search:(5:<0.207.0>) Dyn Var (RE): no Match (varname=created_news_id), 

=INFO REPORT==== 1-Dec-2016::13:31:11 ===
           ts_search:(5:<0.207.0>) Dyn Var (RE): no Match (varname=created_news_url), 

=INFO REPORT==== 1-Dec-2016::13:31:12 ===
           ts_search:(5:<0.364.0>) Dyn Var (RE): no Match (varname=created_news_id), 

=INFO REPORT==== 1-Dec-2016::13:31:12 ===
           ts_search:(5:<0.364.0>) Dyn Var (RE): no Match (varname=created_news_url), 

=INFO REPORT==== 1-Dec-2016::13:31:12 ===
           ts_search:(5:<0.204.0>) Dyn Var (RE): no Match (varname=created_news_id), 

=INFO REPORT==== 1-Dec-2016::13:31:12 ===
           ts_search:(5:<0.204.0>) Dyn Var (RE): no Match (varname=created_news_url), 

=INFO REPORT==== 1-Dec-2016::13:31:12 ===
           ts_search:(5:<0.297.0>) Dyn Var (RE): no Match (varname=created_news_id), 

=INFO REPORT==== 1-Dec-2016::13:31:12 ===
           ts_search:(5:<0.297.0>) Dyn Var (RE): no Match (varname=created_news_url), 

=INFO REPORT==== 1-Dec-2016::13:31:12 ===
           ts_search:(5:<0.380.0>) Dyn Var (RE): no Match (varname=created_news_id), 

=INFO REPORT==== 1-Dec-2016::13:31:12 ===
           ts_search:(5:<0.380.0>) Dyn Var (RE): no Match (varname=created_news_url), 

=INFO REPORT==== 1-Dec-2016::13:31:12 ===
           ts_search:(5:<0.422.0>) Dyn Var (RE): no Match (varname=created_news_id), 

=INFO REPORT==== 1-Dec-2016::13:31:12 ===
           ts_search:(5:<0.422.0>) Dyn Var (RE): no Match (varname=created_news_url), 

=INFO REPORT==== 1-Dec-2016::13:31:12 ===
           ts_search:(5:<0.268.0>) Dyn Var (RE): no Match (varname=created_news_id), 

=INFO REPORT==== 1-Dec-2016::13:31:12 ===
           ts_search:(5:<0.268.0>) Dyn Var (RE): no Match (varname=created_news_url), 

=INFO REPORT==== 1-Dec-2016::13:31:12 ===
           ts_search:(5:<0.222.0>) Dyn Var (RE): no Match (varname=created_news_id), 

=INFO REPORT==== 1-Dec-2016::13:31:12 ===
           ts_search:(5:<0.222.0>) Dyn Var (RE): no Match (varname=created_news_url), 

=INFO REPORT==== 1-Dec-2016::13:31:13 ===
           ts_search:(5:<0.302.0>) Dyn Var (RE): no Match (varname=created_news_id), 

=INFO REPORT==== 1-Dec-2016::13:31:13 ===
           ts_search:(5:<0.302.0>) Dyn Var (RE): no Match (varname=created_news_url), 

=INFO REPORT==== 1-Dec-2016::13:31:13 ===
           ts_search:(5:<0.398.0>) Dyn Var (RE): no Match (varname=created_news_id), 

=INFO REPORT==== 1-Dec-2016::13:31:13 ===
           ts_search:(5:<0.398.0>) Dyn Var (RE): no Match (varname=created_news_url), 

=INFO REPORT==== 1-Dec-2016::13:31:13 ===
           ts_search:(5:<0.161.0>) Dyn Var (RE): no Match (varname=created_news_id), 

=INFO REPORT==== 1-Dec-2016::13:31:13 ===
           ts_search:(5:<0.161.0>) Dyn Var (RE): no Match (varname=created_news_url), 

=INFO REPORT==== 1-Dec-2016::13:31:14 ===
           ts_search:(5:<0.277.0>) Dyn Var (RE): no Match (varname=created_news_id), 

=INFO REPORT==== 1-Dec-2016::13:31:14 ===
           ts_search:(5:<0.277.0>) Dyn Var (RE): no Match (varname=created_news_url), 

=INFO REPORT==== 1-Dec-2016::13:31:14 ===
           ts_search:(5:<0.284.0>) Dyn Var (RE): no Match (varname=created_news_id), 

=INFO REPORT==== 1-Dec-2016::13:31:14 ===
           ts_search:(5:<0.284.0>) Dyn Var (RE): no Match (varname=created_news_url), 

=INFO REPORT==== 1-Dec-2016::13:31:14 ===
           ts_search:(5:<0.403.0>) Dyn Var (RE): no Match (varname=created_news_id), 

=INFO REPORT==== 1-Dec-2016::13:31:14 ===
           ts_search:(5:<0.403.0>) Dyn Var (RE): no Match (varname=created_news_url), 

=INFO REPORT==== 1-Dec-2016::13:31:14 ===
           ts_search:(5:<0.328.0>) Dyn Var (RE): no Match (varname=created_news_id), 

=INFO REPORT==== 1-Dec-2016::13:31:14 ===
           ts_search:(5:<0.328.0>) Dyn Var (RE): no Match (varname=created_news_url), 

=INFO REPORT==== 1-Dec-2016::13:31:14 ===
           ts_search:(5:<0.246.0>) Dyn Var (RE): no Match (varname=created_news_id), 

=INFO REPORT==== 1-Dec-2016::13:31:14 ===
           ts_search:(5:<0.246.0>) Dyn Var (RE): no Match (varname=created_news_url), 

=INFO REPORT==== 1-Dec-2016::13:31:14 ===
           ts_search:(5:<0.394.0>) Dyn Var (RE): no Match (varname=created_news_id), 

=INFO REPORT==== 1-Dec-2016::13:31:14 ===
           ts_search:(5:<0.394.0>) Dyn Var (RE): no Match (varname=created_news_url), 

=INFO REPORT==== 1-Dec-2016::13:31:14 ===
           ts_search:(5:<0.341.0>) Dyn Var (RE): no Match (varname=created_news_id), 

=INFO REPORT==== 1-Dec-2016::13:31:14 ===
           ts_search:(5:<0.341.0>) Dyn Var (RE): no Match (varname=created_news_url), 

=INFO REPORT==== 1-Dec-2016::13:31:14 ===
           ts_search:(5:<0.257.0>) Dyn Var (RE): no Match (varname=created_news_id), 

=INFO REPORT==== 1-Dec-2016::13:31:14 ===
           ts_search:(5:<0.257.0>) Dyn Var (RE): no Match (varname=created_news_url), 

=INFO REPORT==== 1-Dec-2016::13:31:14 ===
           ts_search:(5:<0.414.0>) Dyn Var (RE): no Match (varname=created_news_id), 

=INFO REPORT==== 1-Dec-2016::13:31:14 ===
           ts_search:(5:<0.414.0>) Dyn Var (RE): no Match (varname=created_news_url), 

=INFO REPORT==== 1-Dec-2016::13:31:15 ===
           ts_search:(5:<0.189.0>) Dyn Var (RE): no Match (varname=created_news_id), 

=INFO REPORT==== 1-Dec-2016::13:31:15 ===
           ts_search:(5:<0.189.0>) Dyn Var (RE): no Match (varname=created_news_url), 

=INFO REPORT==== 1-Dec-2016::13:31:15 ===
           ts_search:(5:<0.389.0>) Dyn Var (RE): no Match (varname=created_news_id), 

=INFO REPORT==== 1-Dec-2016::13:31:15 ===
           ts_search:(5:<0.389.0>) Dyn Var (RE): no Match (varname=created_news_url), 

=INFO REPORT==== 1-Dec-2016::13:31:15 ===
           ts_search:(5:<0.213.0>) Dyn Var (RE): no Match (varname=created_news_id), 

=INFO REPORT==== 1-Dec-2016::13:31:15 ===
           ts_search:(5:<0.213.0>) Dyn Var (RE): no Match (varname=created_news_url), 

=INFO REPORT==== 1-Dec-2016::13:31:15 ===
           ts_search:(5:<0.248.0>) Dyn Var (RE): no Match (varname=created_news_id), 

=INFO REPORT==== 1-Dec-2016::13:31:15 ===
           ts_search:(5:<0.248.0>) Dyn Var (RE): no Match (varname=created_news_url), 

=INFO REPORT==== 1-Dec-2016::13:31:15 ===
           ts_search:(5:<0.397.0>) Dyn Var (RE): no Match (varname=created_news_id), 

=INFO REPORT==== 1-Dec-2016::13:31:15 ===
           ts_search:(5:<0.397.0>) Dyn Var (RE): no Match (varname=created_news_url), 

=INFO REPORT==== 1-Dec-2016::13:31:15 ===
           ts_search:(5:<0.234.0>) Dyn Var (RE): no Match (varname=created_news_id), 

=INFO REPORT==== 1-Dec-2016::13:31:15 ===
           ts_search:(5:<0.234.0>) Dyn Var (RE): no Match (varname=created_news_url), 

=INFO REPORT==== 1-Dec-2016::13:31:15 ===
           ts_search:(5:<0.408.0>) Dyn Var (RE): no Match (varname=created_news_id), 

=INFO REPORT==== 1-Dec-2016::13:31:15 ===
           ts_search:(5:<0.408.0>) Dyn Var (RE): no Match (varname=created_news_url), 

=INFO REPORT==== 1-Dec-2016::13:31:15 ===
           ts_search:(5:<0.371.0>) Dyn Var (RE): no Match (varname=created_news_id), 

=INFO REPORT==== 1-Dec-2016::13:31:15 ===
           ts_search:(5:<0.371.0>) Dyn Var (RE): no Match (varname=created_news_url), 

=INFO REPORT==== 1-Dec-2016::13:31:16 ===
           ts_search:(5:<0.313.0>) Dyn Var (RE): no Match (varname=created_news_id), 

=INFO REPORT==== 1-Dec-2016::13:31:16 ===
           ts_search:(5:<0.313.0>) Dyn Var (RE): no Match (varname=created_news_url), 

=INFO REPORT==== 1-Dec-2016::13:31:16 ===
           ts_search:(5:<0.181.0>) Dyn Var (RE): no Match (varname=created_news_id), 

=INFO REPORT==== 1-Dec-2016::13:31:16 ===
           ts_search:(5:<0.181.0>) Dyn Var (RE): no Match (varname=created_news_url), 

=INFO REPORT==== 1-Dec-2016::13:31:16 ===
           ts_search:(5:<0.169.0>) Dyn Var (RE): no Match (varname=created_news_id), 

=INFO REPORT==== 1-Dec-2016::13:31:16 ===
           ts_search:(5:<0.169.0>) Dyn Var (RE): no Match (varname=created_news_url), 

=INFO REPORT==== 1-Dec-2016::13:31:16 ===
           ts_search:(5:<0.406.0>) Dyn Var (RE): no Match (varname=created_news_id), 

=INFO REPORT==== 1-Dec-2016::13:31:16 ===
           ts_search:(5:<0.406.0>) Dyn Var (RE): no Match (varname=created_news_url), 

=INFO REPORT==== 1-Dec-2016::13:31:16 ===
           ts_search:(5:<0.172.0>) Dyn Var (RE): no Match (varname=created_news_id), 

=INFO REPORT==== 1-Dec-2016::13:31:16 ===
           ts_search:(5:<0.172.0>) Dyn Var (RE): no Match (varname=created_news_url), 

=INFO REPORT==== 1-Dec-2016::13:31:17 ===
           ts_search:(5:<0.150.0>) Dyn Var (RE): no Match (varname=created_news_id), 

=INFO REPORT==== 1-Dec-2016::13:31:17 ===
           ts_search:(5:<0.150.0>) Dyn Var (RE): no Match (varname=created_news_url), 

=INFO REPORT==== 1-Dec-2016::13:31:17 ===
           ts_search:(5:<0.353.0>) Dyn Var (RE): no Match (varname=created_news_id), 

=INFO REPORT==== 1-Dec-2016::13:31:17 ===
           ts_search:(5:<0.353.0>) Dyn Var (RE): no Match (varname=created_news_url), 

=INFO REPORT==== 1-Dec-2016::13:31:17 ===
           ts_search:(5:<0.182.0>) Dyn Var (RE): no Match (varname=created_news_id), 

=INFO REPORT==== 1-Dec-2016::13:31:17 ===
           ts_search:(5:<0.182.0>) Dyn Var (RE): no Match (varname=created_news_url), 

=INFO REPORT==== 1-Dec-2016::13:31:17 ===
           ts_search:(5:<0.292.0>) Dyn Var (RE): no Match (varname=created_news_id), 

=INFO REPORT==== 1-Dec-2016::13:31:17 ===
           ts_search:(5:<0.292.0>) Dyn Var (RE): no Match (varname=created_news_url), 

=INFO REPORT==== 1-Dec-2016::13:31:17 ===
           ts_search:(5:<0.252.0>) Dyn Var (RE): no Match (varname=created_news_id), 

=INFO REPORT==== 1-Dec-2016::13:31:17 ===
           ts_search:(5:<0.252.0>) Dyn Var (RE): no Match (varname=created_news_url), 

=INFO REPORT==== 1-Dec-2016::13:31:17 ===
           ts_search:(5:<0.410.0>) Dyn Var (RE): no Match (varname=created_news_id), 

=INFO REPORT==== 1-Dec-2016::13:31:17 ===
           ts_search:(5:<0.410.0>) Dyn Var (RE): no Match (varname=created_news_url), 

=INFO REPORT==== 1-Dec-2016::13:31:17 ===
           ts_search:(5:<0.388.0>) Dyn Var (RE): no Match (varname=created_news_id), 

=INFO REPORT==== 1-Dec-2016::13:31:17 ===
           ts_search:(5:<0.388.0>) Dyn Var (RE): no Match (varname=created_news_url), 

=INFO REPORT==== 1-Dec-2016::13:31:17 ===
           ts_search:(5:<0.190.0>) Dyn Var (RE): no Match (varname=created_news_id), 

=INFO REPORT==== 1-Dec-2016::13:31:17 ===
           ts_search:(5:<0.190.0>) Dyn Var (RE): no Match (varname=created_news_url), 

=INFO REPORT==== 1-Dec-2016::13:31:18 ===
           ts_search:(5:<0.423.0>) Dyn Var (RE): no Match (varname=created_news_id), 

=INFO REPORT==== 1-Dec-2016::13:31:18 ===
           ts_search:(5:<0.423.0>) Dyn Var (RE): no Match (varname=created_news_url), 

=INFO REPORT==== 1-Dec-2016::13:31:18 ===
           ts_search:(5:<0.498.0>) Dyn Var (RE): no Match (varname=created_news_id), 

=INFO REPORT==== 1-Dec-2016::13:31:18 ===
           ts_search:(5:<0.498.0>) Dyn Var (RE): no Match (varname=created_news_url), 

=INFO REPORT==== 1-Dec-2016::13:31:18 ===
           ts_search:(5:<0.349.0>) Dyn Var (RE): no Match (varname=created_news_id), 

=INFO REPORT==== 1-Dec-2016::13:31:18 ===
           ts_search:(5:<0.349.0>) Dyn Var (RE): no Match (varname=created_news_url), 

=INFO REPORT==== 1-Dec-2016::13:31:18 ===
           ts_search:(5:<0.445.0>) Dyn Var (RE): no Match (varname=created_news_id), 

=INFO REPORT==== 1-Dec-2016::13:31:18 ===
           ts_search:(5:<0.445.0>) Dyn Var (RE): no Match (varname=created_news_url), 

=INFO REPORT==== 1-Dec-2016::13:31:18 ===
           ts_search:(5:<0.372.0>) Dyn Var (RE): no Match (varname=created_news_id), 

=INFO REPORT==== 1-Dec-2016::13:31:18 ===
           ts_search:(5:<0.372.0>) Dyn Var (RE): no Match (varname=created_news_url), 

=INFO REPORT==== 1-Dec-2016::13:31:18 ===
           ts_search:(5:<0.301.0>) Dyn Var (RE): no Match (varname=created_news_id), 

=INFO REPORT==== 1-Dec-2016::13:31:18 ===
           ts_search:(5:<0.301.0>) Dyn Var (RE): no Match (varname=created_news_url), 

=INFO REPORT==== 1-Dec-2016::13:31:18 ===
           ts_search:(5:<0.378.0>) Dyn Var (RE): no Match (varname=created_news_id), 

=INFO REPORT==== 1-Dec-2016::13:31:18 ===
           ts_search:(5:<0.378.0>) Dyn Var (RE): no Match (varname=created_news_url), 

=INFO REPORT==== 1-Dec-2016::13:31:19 ===
           ts_search:(5:<0.434.0>) Dyn Var (RE): no Match (varname=created_news_id), 

=INFO REPORT==== 1-Dec-2016::13:31:19 ===
           ts_search:(5:<0.434.0>) Dyn Var (RE): no Match (varname=created_news_url), 

=INFO REPORT==== 1-Dec-2016::13:31:19 ===
           ts_search:(5:<0.416.0>) Dyn Var (RE): no Match (varname=created_news_id), 

=INFO REPORT==== 1-Dec-2016::13:31:19 ===
           ts_search:(5:<0.416.0>) Dyn Var (RE): no Match (varname=created_news_url), 

=INFO REPORT==== 1-Dec-2016::13:31:19 ===
           ts_search:(5:<0.254.0>) Dyn Var (RE): no Match (varname=created_news_id), 

=INFO REPORT==== 1-Dec-2016::13:31:19 ===
           ts_search:(5:<0.254.0>) Dyn Var (RE): no Match (varname=created_news_url), 

=INFO REPORT==== 1-Dec-2016::13:31:19 ===
           ts_search:(5:<0.208.0>) Dyn Var (RE): no Match (varname=created_news_id), 

=INFO REPORT==== 1-Dec-2016::13:31:19 ===
           ts_search:(5:<0.208.0>) Dyn Var (RE): no Match (varname=created_news_url), 

=INFO REPORT==== 1-Dec-2016::13:31:19 ===
           ts_search:(5:<0.310.0>) Dyn Var (RE): no Match (varname=created_news_id), 

=INFO REPORT==== 1-Dec-2016::13:31:19 ===
           ts_search:(5:<0.310.0>) Dyn Var (RE): no Match (varname=created_news_url), 

=INFO REPORT==== 1-Dec-2016::13:31:19 ===
           ts_search:(5:<0.426.0>) Dyn Var (RE): no Match (varname=created_news_id), 

=INFO REPORT==== 1-Dec-2016::13:31:19 ===
           ts_search:(5:<0.426.0>) Dyn Var (RE): no Match (varname=created_news_url), 

=INFO REPORT==== 1-Dec-2016::13:31:19 ===
           ts_search:(5:<0.345.0>) Dyn Var (RE): no Match (varname=created_news_id), 

=INFO REPORT==== 1-Dec-2016::13:31:19 ===
           ts_search:(5:<0.345.0>) Dyn Var (RE): no Match (varname=created_news_url), 

=INFO REPORT==== 1-Dec-2016::13:31:19 ===
           ts_search:(5:<0.304.0>) Dyn Var (RE): no Match (varname=created_news_id), 

=INFO REPORT==== 1-Dec-2016::13:31:19 ===
           ts_search:(5:<0.304.0>) Dyn Var (RE): no Match (varname=created_news_url), 

=INFO REPORT==== 1-Dec-2016::13:31:19 ===
           ts_search:(5:<0.392.0>) Dyn Var (RE): no Match (varname=created_news_id), 

=INFO REPORT==== 1-Dec-2016::13:31:19 ===
           ts_search:(5:<0.392.0>) Dyn Var (RE): no Match (varname=created_news_url), 

=INFO REPORT==== 1-Dec-2016::13:31:20 ===
           ts_search:(5:<0.295.0>) Dyn Var (RE): no Match (varname=created_news_id), 

=INFO REPORT==== 1-Dec-2016::13:31:20 ===
           ts_search:(5:<0.295.0>) Dyn Var (RE): no Match (varname=created_news_url), 

=INFO REPORT==== 1-Dec-2016::13:31:20 ===
           ts_search:(5:<0.233.0>) Dyn Var (RE): no Match (varname=created_news_id), 

=INFO REPORT==== 1-Dec-2016::13:31:20 ===
           ts_search:(5:<0.233.0>) Dyn Var (RE): no Match (varname=created_news_url), 

=INFO REPORT==== 1-Dec-2016::13:31:20 ===
         ts_launcher:(5:<0.112.0>) Phase duration exceeded, but not all users were launched (27 users, 11.3% of phase)

=INFO REPORT==== 1-Dec-2016::13:31:20 ===
         ts_launcher:(5:<0.112.0>) This was the last phase, wait for connected users to finish their session

=INFO REPORT==== 1-Dec-2016::13:31:20 ===
           ts_search:(5:<0.402.0>) Dyn Var (RE): no Match (varname=created_news_id), 

=INFO REPORT==== 1-Dec-2016::13:31:20 ===
           ts_search:(5:<0.402.0>) Dyn Var (RE): no Match (varname=created_news_url), 

=INFO REPORT==== 1-Dec-2016::13:31:20 ===
           ts_search:(5:<0.385.0>) Dyn Var (RE): no Match (varname=created_news_id), 

=INFO REPORT==== 1-Dec-2016::13:31:20 ===
           ts_search:(5:<0.385.0>) Dyn Var (RE): no Match (varname=created_news_url), 

=INFO REPORT==== 1-Dec-2016::13:31:20 ===
           ts_search:(5:<0.386.0>) Dyn Var (RE): no Match (varname=created_news_id), 

=INFO REPORT==== 1-Dec-2016::13:31:20 ===
           ts_search:(5:<0.386.0>) Dyn Var (RE): no Match (varname=created_news_url), 

=INFO REPORT==== 1-Dec-2016::13:31:21 ===
           ts_search:(5:<0.348.0>) Dyn Var (RE): no Match (varname=created_news_id), 

=INFO REPORT==== 1-Dec-2016::13:31:21 ===
           ts_search:(5:<0.348.0>) Dyn Var (RE): no Match (varname=created_news_url), 

=INFO REPORT==== 1-Dec-2016::13:31:21 ===
           ts_search:(5:<0.239.0>) Dyn Var (RE): no Match (varname=created_news_id), 

=INFO REPORT==== 1-Dec-2016::13:31:21 ===
           ts_search:(5:<0.239.0>) Dyn Var (RE): no Match (varname=created_news_url), 

=INFO REPORT==== 1-Dec-2016::13:31:22 ===
           ts_search:(5:<0.205.0>) Dyn Var (RE): no Match (varname=created_news_id), 

=INFO REPORT==== 1-Dec-2016::13:31:22 ===
           ts_search:(5:<0.205.0>) Dyn Var (RE): no Match (varname=created_news_url), 

=INFO REPORT==== 1-Dec-2016::13:31:22 ===
           ts_search:(5:<0.456.0>) Dyn Var (RE): no Match (varname=created_news_id), 

=INFO REPORT==== 1-Dec-2016::13:31:22 ===
           ts_search:(5:<0.456.0>) Dyn Var (RE): no Match (varname=created_news_url), 

=INFO REPORT==== 1-Dec-2016::13:31:22 ===
           ts_search:(5:<0.479.0>) Dyn Var (RE): no Match (varname=created_news_id), 

=INFO REPORT==== 1-Dec-2016::13:31:22 ===
           ts_search:(5:<0.479.0>) Dyn Var (RE): no Match (varname=created_news_url), 

=INFO REPORT==== 1-Dec-2016::13:31:22 ===
           ts_search:(5:<0.429.0>) Dyn Var (RE): no Match (varname=created_news_id), 

=INFO REPORT==== 1-Dec-2016::13:31:22 ===
           ts_search:(5:<0.429.0>) Dyn Var (RE): no Match (varname=created_news_url), 

=INFO REPORT==== 1-Dec-2016::13:31:22 ===
           ts_search:(5:<0.447.0>) Dyn Var (RE): no Match (varname=created_news_id), 

=INFO REPORT==== 1-Dec-2016::13:31:22 ===
           ts_search:(5:<0.447.0>) Dyn Var (RE): no Match (varname=created_news_url), 

=INFO REPORT==== 1-Dec-2016::13:31:23 ===
           ts_search:(5:<0.451.0>) Dyn Var (RE): no Match (varname=created_news_id), 

=INFO REPORT==== 1-Dec-2016::13:31:23 ===
           ts_search:(5:<0.451.0>) Dyn Var (RE): no Match (varname=created_news_url), 

=INFO REPORT==== 1-Dec-2016::13:31:23 ===
           ts_search:(5:<0.253.0>) Dyn Var (RE): no Match (varname=created_news_id), 

=INFO REPORT==== 1-Dec-2016::13:31:23 ===
           ts_search:(5:<0.253.0>) Dyn Var (RE): no Match (varname=created_news_url), 

=INFO REPORT==== 1-Dec-2016::13:31:23 ===
           ts_search:(5:<0.467.0>) Dyn Var (RE): no Match (varname=created_news_id), 

=INFO REPORT==== 1-Dec-2016::13:31:23 ===
           ts_search:(5:<0.467.0>) Dyn Var (RE): no Match (varname=created_news_url), 

=INFO REPORT==== 1-Dec-2016::13:31:23 ===
           ts_search:(5:<0.225.0>) Dyn Var (RE): no Match (varname=created_news_id), 

=INFO REPORT==== 1-Dec-2016::13:31:23 ===
           ts_search:(5:<0.225.0>) Dyn Var (RE): no Match (varname=created_news_url), 

=INFO REPORT==== 1-Dec-2016::13:31:24 ===
           ts_search:(5:<0.425.0>) Dyn Var (RE): no Match (varname=created_news_id), 

=INFO REPORT==== 1-Dec-2016::13:31:24 ===
           ts_search:(5:<0.425.0>) Dyn Var (RE): no Match (varname=created_news_url), 

=INFO REPORT==== 1-Dec-2016::13:31:24 ===
           ts_search:(5:<0.338.0>) Dyn Var (RE): no Match (varname=created_news_id), 

=INFO REPORT==== 1-Dec-2016::13:31:24 ===
           ts_search:(5:<0.338.0>) Dyn Var (RE): no Match (varname=created_news_url), 

=INFO REPORT==== 1-Dec-2016::13:31:24 ===
           ts_search:(5:<0.443.0>) Dyn Var (RE): no Match (varname=created_news_id), 

=INFO REPORT==== 1-Dec-2016::13:31:24 ===
           ts_search:(5:<0.443.0>) Dyn Var (RE): no Match (varname=created_news_url), 

=INFO REPORT==== 1-Dec-2016::13:31:25 ===
           ts_search:(5:<0.229.0>) Dyn Var (RE): no Match (varname=created_news_id), 

=INFO REPORT==== 1-Dec-2016::13:31:25 ===
           ts_search:(5:<0.229.0>) Dyn Var (RE): no Match (varname=created_news_url), 

=INFO REPORT==== 1-Dec-2016::13:31:25 ===
           ts_search:(5:<0.444.0>) Dyn Var (RE): no Match (varname=created_news_id), 

=INFO REPORT==== 1-Dec-2016::13:31:25 ===
           ts_search:(5:<0.444.0>) Dyn Var (RE): no Match (varname=created_news_url), 

=INFO REPORT==== 1-Dec-2016::13:31:26 ===
           ts_search:(5:<0.468.0>) Dyn Var (RE): no Match (varname=created_news_id), 

=INFO REPORT==== 1-Dec-2016::13:31:26 ===
           ts_search:(5:<0.468.0>) Dyn Var (RE): no Match (varname=created_news_url), 

=INFO REPORT==== 1-Dec-2016::13:31:26 ===
           ts_search:(5:<0.481.0>) Dyn Var (RE): no Match (varname=created_news_id), 

=INFO REPORT==== 1-Dec-2016::13:31:26 ===
           ts_search:(5:<0.481.0>) Dyn Var (RE): no Match (varname=created_news_url), 

=INFO REPORT==== 1-Dec-2016::13:31:26 ===
           ts_search:(5:<0.459.0>) Dyn Var (RE): no Match (varname=created_news_id), 

=INFO REPORT==== 1-Dec-2016::13:31:26 ===
           ts_search:(5:<0.459.0>) Dyn Var (RE): no Match (varname=created_news_url), 

=INFO REPORT==== 1-Dec-2016::13:31:26 ===
           ts_search:(5:<0.464.0>) Dyn Var (RE): no Match (varname=created_news_id), 

=INFO REPORT==== 1-Dec-2016::13:31:26 ===
           ts_search:(5:<0.464.0>) Dyn Var (RE): no Match (varname=created_news_url), 

=INFO REPORT==== 1-Dec-2016::13:31:26 ===
           ts_search:(5:<0.197.0>) Dyn Var (RE): no Match (varname=created_news_id), 

=INFO REPORT==== 1-Dec-2016::13:31:26 ===
           ts_search:(5:<0.197.0>) Dyn Var (RE): no Match (varname=created_news_url), 

=INFO REPORT==== 1-Dec-2016::13:31:26 ===
           ts_search:(5:<0.417.0>) Dyn Var (RE): no Match (varname=created_news_id), 

=INFO REPORT==== 1-Dec-2016::13:31:26 ===
           ts_search:(5:<0.417.0>) Dyn Var (RE): no Match (varname=created_news_url), 

=INFO REPORT==== 1-Dec-2016::13:31:26 ===
           ts_search:(5:<0.522.0>) Dyn Var (RE): no Match (varname=created_news_id), 

=INFO REPORT==== 1-Dec-2016::13:31:26 ===
           ts_search:(5:<0.522.0>) Dyn Var (RE): no Match (varname=created_news_url), 

=INFO REPORT==== 1-Dec-2016::13:31:27 ===
           ts_search:(5:<0.250.0>) Dyn Var (RE): no Match (varname=created_news_id), 

=INFO REPORT==== 1-Dec-2016::13:31:27 ===
           ts_search:(5:<0.250.0>) Dyn Var (RE): no Match (varname=created_news_url), 

=INFO REPORT==== 1-Dec-2016::13:31:27 ===
           ts_search:(5:<0.432.0>) Dyn Var (RE): no Match (varname=created_news_id), 

=INFO REPORT==== 1-Dec-2016::13:31:27 ===
           ts_search:(5:<0.432.0>) Dyn Var (RE): no Match (varname=created_news_url), 

=INFO REPORT==== 1-Dec-2016::13:31:27 ===
           ts_search:(5:<0.149.0>) Dyn Var (RE): no Match (varname=created_news_id), 

=INFO REPORT==== 1-Dec-2016::13:31:27 ===
           ts_search:(5:<0.149.0>) Dyn Var (RE): no Match (varname=created_news_url), 

=INFO REPORT==== 1-Dec-2016::13:31:28 ===
           ts_search:(5:<0.251.0>) Dyn Var (RE): no Match (varname=created_news_id), 

=INFO REPORT==== 1-Dec-2016::13:31:28 ===
           ts_search:(5:<0.251.0>) Dyn Var (RE): no Match (varname=created_news_url), 

=INFO REPORT==== 1-Dec-2016::13:31:29 ===
           ts_search:(5:<0.228.0>) Dyn Var (RE): no Match (varname=created_news_id), 

=INFO REPORT==== 1-Dec-2016::13:31:29 ===
           ts_search:(5:<0.228.0>) Dyn Var (RE): no Match (varname=created_news_url), 

=INFO REPORT==== 1-Dec-2016::13:31:29 ===
           ts_search:(5:<0.334.0>) Dyn Var (RE): no Match (varname=created_news_id), 

=INFO REPORT==== 1-Dec-2016::13:31:29 ===
           ts_search:(5:<0.334.0>) Dyn Var (RE): no Match (varname=created_news_url), 

=INFO REPORT==== 1-Dec-2016::13:31:29 ===
           ts_search:(5:<0.475.0>) Dyn Var (RE): no Match (varname=created_news_id), 

=INFO REPORT==== 1-Dec-2016::13:31:29 ===
           ts_search:(5:<0.475.0>) Dyn Var (RE): no Match (varname=created_news_url), 

=INFO REPORT==== 1-Dec-2016::13:31:29 ===
           ts_search:(5:<0.333.0>) Dyn Var (RE): no Match (varname=created_news_id), 

=INFO REPORT==== 1-Dec-2016::13:31:29 ===
           ts_search:(5:<0.333.0>) Dyn Var (RE): no Match (varname=created_news_url), 

=INFO REPORT==== 1-Dec-2016::13:31:29 ===
           ts_search:(5:<0.393.0>) Dyn Var (RE): no Match (varname=created_news_id), 

=INFO REPORT==== 1-Dec-2016::13:31:29 ===
           ts_search:(5:<0.393.0>) Dyn Var (RE): no Match (varname=created_news_url), 

=INFO REPORT==== 1-Dec-2016::13:31:29 ===
           ts_search:(5:<0.513.0>) Dyn Var (RE): no Match (varname=created_news_id), 

=INFO REPORT==== 1-Dec-2016::13:31:29 ===
           ts_search:(5:<0.513.0>) Dyn Var (RE): no Match (varname=created_news_url), 

=INFO REPORT==== 1-Dec-2016::13:31:29 ===
           ts_search:(5:<0.453.0>) Dyn Var (RE): no Match (varname=created_news_id), 

=INFO REPORT==== 1-Dec-2016::13:31:29 ===
           ts_search:(5:<0.453.0>) Dyn Var (RE): no Match (varname=created_news_url), 

=INFO REPORT==== 1-Dec-2016::13:31:29 ===
           ts_search:(5:<0.486.0>) Dyn Var (RE): no Match (varname=created_news_id), 

=INFO REPORT==== 1-Dec-2016::13:31:29 ===
           ts_search:(5:<0.486.0>) Dyn Var (RE): no Match (varname=created_news_url), 

=INFO REPORT==== 1-Dec-2016::13:31:29 ===
           ts_search:(5:<0.442.0>) Dyn Var (RE): no Match (varname=created_news_id), 

=INFO REPORT==== 1-Dec-2016::13:31:29 ===
           ts_search:(5:<0.442.0>) Dyn Var (RE): no Match (varname=created_news_url), 

=INFO REPORT==== 1-Dec-2016::13:31:29 ===
           ts_search:(5:<0.167.0>) Dyn Var (RE): no Match (varname=created_news_id), 

=INFO REPORT==== 1-Dec-2016::13:31:29 ===
           ts_search:(5:<0.167.0>) Dyn Var (RE): no Match (varname=created_news_url), 

=INFO REPORT==== 1-Dec-2016::13:31:30 ===
           ts_search:(5:<0.306.0>) Dyn Var (RE): no Match (varname=created_news_id), 

=INFO REPORT==== 1-Dec-2016::13:31:30 ===
           ts_search:(5:<0.306.0>) Dyn Var (RE): no Match (varname=created_news_url), 

=INFO REPORT==== 1-Dec-2016::13:31:30 ===
           ts_search:(5:<0.321.0>) Dyn Var (RE): no Match (varname=created_news_id), 

=INFO REPORT==== 1-Dec-2016::13:31:30 ===
           ts_search:(5:<0.321.0>) Dyn Var (RE): no Match (varname=created_news_url), 

=INFO REPORT==== 1-Dec-2016::13:31:30 ===
           ts_search:(5:<0.332.0>) Dyn Var (RE): no Match (varname=created_news_id), 

=INFO REPORT==== 1-Dec-2016::13:31:30 ===
           ts_search:(5:<0.332.0>) Dyn Var (RE): no Match (varname=created_news_url), 

=INFO REPORT==== 1-Dec-2016::13:31:30 ===
           ts_search:(5:<0.206.0>) Dyn Var (RE): no Match (varname=created_news_id), 

=INFO REPORT==== 1-Dec-2016::13:31:30 ===
           ts_search:(5:<0.206.0>) Dyn Var (RE): no Match (varname=created_news_url), 

=INFO REPORT==== 1-Dec-2016::13:31:30 ===
           ts_search:(5:<0.473.0>) Dyn Var (RE): no Match (varname=created_news_id), 

=INFO REPORT==== 1-Dec-2016::13:31:30 ===
           ts_search:(5:<0.473.0>) Dyn Var (RE): no Match (varname=created_news_url), 

=INFO REPORT==== 1-Dec-2016::13:31:30 ===
           ts_search:(5:<0.502.0>) Dyn Var (RE): no Match (varname=created_news_id), 

=INFO REPORT==== 1-Dec-2016::13:31:30 ===
           ts_search:(5:<0.502.0>) Dyn Var (RE): no Match (varname=created_news_url), 

=INFO REPORT==== 1-Dec-2016::13:31:30 ===
           ts_search:(5:<0.424.0>) Dyn Var (RE): no Match (varname=created_news_id), 

=INFO REPORT==== 1-Dec-2016::13:31:30 ===
           ts_search:(5:<0.424.0>) Dyn Var (RE): no Match (varname=created_news_url), 

=INFO REPORT==== 1-Dec-2016::13:31:30 ===
           ts_search:(5:<0.323.0>) Dyn Var (RE): no Match (varname=created_news_id), 

=INFO REPORT==== 1-Dec-2016::13:31:30 ===
           ts_search:(5:<0.323.0>) Dyn Var (RE): no Match (varname=created_news_url), 

=INFO REPORT==== 1-Dec-2016::13:31:31 ===
           ts_search:(5:<0.439.0>) Dyn Var (RE): no Match (varname=created_news_id), 

=INFO REPORT==== 1-Dec-2016::13:31:31 ===
           ts_search:(5:<0.439.0>) Dyn Var (RE): no Match (varname=created_news_url), 

=INFO REPORT==== 1-Dec-2016::13:31:31 ===
           ts_search:(5:<0.544.0>) Dyn Var (RE): no Match (varname=created_news_id), 

=INFO REPORT==== 1-Dec-2016::13:31:31 ===
           ts_search:(5:<0.544.0>) Dyn Var (RE): no Match (varname=created_news_url), 

=INFO REPORT==== 1-Dec-2016::13:31:31 ===
           ts_search:(5:<0.377.0>) Dyn Var (RE): no Match (varname=created_news_id), 

=INFO REPORT==== 1-Dec-2016::13:31:31 ===
           ts_search:(5:<0.377.0>) Dyn Var (RE): no Match (varname=created_news_url), 

=INFO REPORT==== 1-Dec-2016::13:31:31 ===
           ts_search:(5:<0.463.0>) Dyn Var (RE): no Match (varname=created_news_id), 

=INFO REPORT==== 1-Dec-2016::13:31:31 ===
           ts_search:(5:<0.463.0>) Dyn Var (RE): no Match (varname=created_news_url), 

=INFO REPORT==== 1-Dec-2016::13:31:31 ===
           ts_search:(5:<0.191.0>) Dyn Var (RE): no Match (varname=created_news_id), 

=INFO REPORT==== 1-Dec-2016::13:31:31 ===
           ts_search:(5:<0.191.0>) Dyn Var (RE): no Match (varname=created_news_url), 

=INFO REPORT==== 1-Dec-2016::13:31:31 ===
           ts_search:(5:<0.147.0>) Dyn Var (RE): no Match (varname=created_news_id), 

=INFO REPORT==== 1-Dec-2016::13:31:31 ===
           ts_search:(5:<0.147.0>) Dyn Var (RE): no Match (varname=created_news_url), 

=INFO REPORT==== 1-Dec-2016::13:31:31 ===
           ts_search:(5:<0.540.0>) Dyn Var (RE): no Match (varname=created_news_id), 

=INFO REPORT==== 1-Dec-2016::13:31:31 ===
           ts_search:(5:<0.540.0>) Dyn Var (RE): no Match (varname=created_news_url), 

=INFO REPORT==== 1-Dec-2016::13:31:31 ===
           ts_search:(5:<0.438.0>) Dyn Var (RE): no Match (varname=created_news_id), 

=INFO REPORT==== 1-Dec-2016::13:31:31 ===
           ts_search:(5:<0.438.0>) Dyn Var (RE): no Match (varname=created_news_url), 

=INFO REPORT==== 1-Dec-2016::13:31:32 ===
           ts_search:(5:<0.480.0>) Dyn Var (RE): no Match (varname=created_news_id), 

=INFO REPORT==== 1-Dec-2016::13:31:32 ===
           ts_search:(5:<0.480.0>) Dyn Var (RE): no Match (varname=created_news_url), 

=INFO REPORT==== 1-Dec-2016::13:31:32 ===
           ts_search:(5:<0.255.0>) Dyn Var (RE): no Match (varname=created_news_id), 

=INFO REPORT==== 1-Dec-2016::13:31:32 ===
           ts_search:(5:<0.255.0>) Dyn Var (RE): no Match (varname=created_news_url), 

=INFO REPORT==== 1-Dec-2016::13:31:32 ===
           ts_search:(5:<0.261.0>) Dyn Var (RE): no Match (varname=created_news_id), 

=INFO REPORT==== 1-Dec-2016::13:31:32 ===
           ts_search:(5:<0.261.0>) Dyn Var (RE): no Match (varname=created_news_url), 

=INFO REPORT==== 1-Dec-2016::13:31:32 ===
           ts_search:(5:<0.545.0>) Dyn Var (RE): no Match (varname=created_news_id), 

=INFO REPORT==== 1-Dec-2016::13:31:32 ===
           ts_search:(5:<0.545.0>) Dyn Var (RE): no Match (varname=created_news_url), 

=INFO REPORT==== 1-Dec-2016::13:31:32 ===
           ts_search:(5:<0.395.0>) Dyn Var (RE): no Match (varname=created_news_id), 

=INFO REPORT==== 1-Dec-2016::13:31:32 ===
           ts_search:(5:<0.395.0>) Dyn Var (RE): no Match (varname=created_news_url), 

=INFO REPORT==== 1-Dec-2016::13:31:32 ===
           ts_search:(5:<0.283.0>) Dyn Var (RE): no Match (varname=created_news_id), 

=INFO REPORT==== 1-Dec-2016::13:31:32 ===
           ts_search:(5:<0.283.0>) Dyn Var (RE): no Match (varname=created_news_url), 

=INFO REPORT==== 1-Dec-2016::13:31:33 ===
           ts_search:(5:<0.514.0>) Dyn Var (RE): no Match (varname=created_news_id), 

=INFO REPORT==== 1-Dec-2016::13:31:33 ===
           ts_search:(5:<0.514.0>) Dyn Var (RE): no Match (varname=created_news_url), 

=INFO REPORT==== 1-Dec-2016::13:31:33 ===
           ts_search:(5:<0.311.0>) Dyn Var (RE): no Match (varname=created_news_id), 

=INFO REPORT==== 1-Dec-2016::13:31:33 ===
           ts_search:(5:<0.311.0>) Dyn Var (RE): no Match (varname=created_news_url), 

=INFO REPORT==== 1-Dec-2016::13:31:33 ===
           ts_search:(5:<0.324.0>) Dyn Var (RE): no Match (varname=created_news_id), 

=INFO REPORT==== 1-Dec-2016::13:31:33 ===
           ts_search:(5:<0.324.0>) Dyn Var (RE): no Match (varname=created_news_url), 

=INFO REPORT==== 1-Dec-2016::13:31:33 ===
           ts_search:(5:<0.387.0>) Dyn Var (RE): no Match (varname=created_news_id), 

=INFO REPORT==== 1-Dec-2016::13:31:33 ===
           ts_search:(5:<0.387.0>) Dyn Var (RE): no Match (varname=created_news_url), 

=INFO REPORT==== 1-Dec-2016::13:31:33 ===
           ts_search:(5:<0.278.0>) Dyn Var (RE): no Match (varname=created_news_id), 

=INFO REPORT==== 1-Dec-2016::13:31:33 ===
           ts_search:(5:<0.278.0>) Dyn Var (RE): no Match (varname=created_news_url), 

=INFO REPORT==== 1-Dec-2016::13:31:33 ===
           ts_search:(5:<0.382.0>) Dyn Var (RE): no Match (varname=created_news_id), 

=INFO REPORT==== 1-Dec-2016::13:31:33 ===
           ts_search:(5:<0.382.0>) Dyn Var (RE): no Match (varname=created_news_url), 

=INFO REPORT==== 1-Dec-2016::13:31:34 ===
           ts_search:(5:<0.240.0>) Dyn Var (RE): no Match (varname=created_news_id), 

=INFO REPORT==== 1-Dec-2016::13:31:34 ===
           ts_search:(5:<0.240.0>) Dyn Var (RE): no Match (varname=created_news_url), 

=INFO REPORT==== 1-Dec-2016::13:31:34 ===
           ts_search:(5:<0.279.0>) Dyn Var (RE): no Match (varname=created_news_id), 

=INFO REPORT==== 1-Dec-2016::13:31:34 ===
           ts_search:(5:<0.279.0>) Dyn Var (RE): no Match (varname=created_news_url), 

=INFO REPORT==== 1-Dec-2016::13:31:34 ===
           ts_search:(5:<0.503.0>) Dyn Var (RE): no Match (varname=created_news_id), 

=INFO REPORT==== 1-Dec-2016::13:31:34 ===
           ts_search:(5:<0.503.0>) Dyn Var (RE): no Match (varname=created_news_url), 

=INFO REPORT==== 1-Dec-2016::13:31:34 ===
           ts_search:(5:<0.193.0>) Dyn Var (RE): no Match (varname=created_news_id), 

=INFO REPORT==== 1-Dec-2016::13:31:34 ===
           ts_search:(5:<0.193.0>) Dyn Var (RE): no Match (varname=created_news_url), 

=INFO REPORT==== 1-Dec-2016::13:31:35 ===
           ts_search:(5:<0.335.0>) Dyn Var (RE): no Match (varname=created_news_id), 

=INFO REPORT==== 1-Dec-2016::13:31:35 ===
           ts_search:(5:<0.335.0>) Dyn Var (RE): no Match (varname=created_news_url), 

=INFO REPORT==== 1-Dec-2016::13:31:35 ===
           ts_search:(5:<0.516.0>) Dyn Var (RE): no Match (varname=created_news_id), 

=INFO REPORT==== 1-Dec-2016::13:31:35 ===
           ts_search:(5:<0.516.0>) Dyn Var (RE): no Match (varname=created_news_url), 

=INFO REPORT==== 1-Dec-2016::13:31:35 ===
           ts_search:(5:<0.249.0>) Dyn Var (RE): no Match (varname=created_news_id), 

=INFO REPORT==== 1-Dec-2016::13:31:35 ===
           ts_search:(5:<0.249.0>) Dyn Var (RE): no Match (varname=created_news_url), 

=INFO REPORT==== 1-Dec-2016::13:31:36 ===
           ts_search:(5:<0.355.0>) Dyn Var (RE): no Match (varname=created_news_id), 

=INFO REPORT==== 1-Dec-2016::13:31:36 ===
           ts_search:(5:<0.355.0>) Dyn Var (RE): no Match (varname=created_news_url), 

=INFO REPORT==== 1-Dec-2016::13:31:36 ===
           ts_search:(5:<0.472.0>) Dyn Var (RE): no Match (varname=created_news_id), 

=INFO REPORT==== 1-Dec-2016::13:31:36 ===
           ts_search:(5:<0.472.0>) Dyn Var (RE): no Match (varname=created_news_url), 

=INFO REPORT==== 1-Dec-2016::13:31:37 ===
           ts_search:(5:<0.154.0>) Dyn Var (RE): no Match (varname=created_news_id), 

=INFO REPORT==== 1-Dec-2016::13:31:37 ===
           ts_search:(5:<0.154.0>) Dyn Var (RE): no Match (varname=created_news_url), 

=INFO REPORT==== 1-Dec-2016::13:31:37 ===
           ts_search:(5:<0.271.0>) Dyn Var (RE): no Match (varname=created_news_id), 

=INFO REPORT==== 1-Dec-2016::13:31:37 ===
           ts_search:(5:<0.271.0>) Dyn Var (RE): no Match (varname=created_news_url), 

=INFO REPORT==== 1-Dec-2016::13:31:37 ===
           ts_search:(5:<0.495.0>) Dyn Var (RE): no Match (varname=created_news_id), 

=INFO REPORT==== 1-Dec-2016::13:31:37 ===
           ts_search:(5:<0.495.0>) Dyn Var (RE): no Match (varname=created_news_url), 

=INFO REPORT==== 1-Dec-2016::13:31:37 ===
           ts_search:(5:<0.184.0>) Dyn Var (RE): no Match (varname=created_news_id), 

=INFO REPORT==== 1-Dec-2016::13:31:37 ===
           ts_search:(5:<0.184.0>) Dyn Var (RE): no Match (varname=created_news_url), 

=INFO REPORT==== 1-Dec-2016::13:31:37 ===
           ts_search:(5:<0.470.0>) Dyn Var (RE): no Match (varname=created_news_id), 

=INFO REPORT==== 1-Dec-2016::13:31:37 ===
           ts_search:(5:<0.470.0>) Dyn Var (RE): no Match (varname=created_news_url), 

=INFO REPORT==== 1-Dec-2016::13:31:37 ===
           ts_search:(5:<0.285.0>) Dyn Var (RE): no Match (varname=created_news_id), 

=INFO REPORT==== 1-Dec-2016::13:31:37 ===
           ts_search:(5:<0.285.0>) Dyn Var (RE): no Match (varname=created_news_url), 

=INFO REPORT==== 1-Dec-2016::13:31:37 ===
           ts_search:(5:<0.356.0>) Dyn Var (RE): no Match (varname=created_news_id), 

=INFO REPORT==== 1-Dec-2016::13:31:37 ===
           ts_search:(5:<0.356.0>) Dyn Var (RE): no Match (varname=created_news_url), 

=INFO REPORT==== 1-Dec-2016::13:31:37 ===
           ts_search:(5:<0.400.0>) Dyn Var (RE): no Match (varname=created_news_id), 

=INFO REPORT==== 1-Dec-2016::13:31:37 ===
           ts_search:(5:<0.400.0>) Dyn Var (RE): no Match (varname=created_news_url), 

=INFO REPORT==== 1-Dec-2016::13:31:37 ===
           ts_search:(5:<0.185.0>) Dyn Var (RE): no Match (varname=created_news_id), 

=INFO REPORT==== 1-Dec-2016::13:31:37 ===
           ts_search:(5:<0.185.0>) Dyn Var (RE): no Match (varname=created_news_url), 

=INFO REPORT==== 1-Dec-2016::13:31:38 ===
           ts_search:(5:<0.282.0>) Dyn Var (RE): no Match (varname=created_news_id), 

=INFO REPORT==== 1-Dec-2016::13:31:38 ===
           ts_search:(5:<0.282.0>) Dyn Var (RE): no Match (varname=created_news_url), 

=INFO REPORT==== 1-Dec-2016::13:31:38 ===
           ts_search:(5:<0.326.0>) Dyn Var (RE): no Match (varname=created_news_id), 

=INFO REPORT==== 1-Dec-2016::13:31:38 ===
           ts_search:(5:<0.326.0>) Dyn Var (RE): no Match (varname=created_news_url), 

=INFO REPORT==== 1-Dec-2016::13:31:38 ===
           ts_search:(5:<0.296.0>) Dyn Var (RE): no Match (varname=created_news_id), 

=INFO REPORT==== 1-Dec-2016::13:31:38 ===
           ts_search:(5:<0.296.0>) Dyn Var (RE): no Match (varname=created_news_url), 

=INFO REPORT==== 1-Dec-2016::13:31:38 ===
           ts_search:(5:<0.448.0>) Dyn Var (RE): no Match (varname=created_news_id), 

=INFO REPORT==== 1-Dec-2016::13:31:38 ===
           ts_search:(5:<0.448.0>) Dyn Var (RE): no Match (varname=created_news_url), 

=INFO REPORT==== 1-Dec-2016::13:31:38 ===
           ts_search:(5:<0.383.0>) Dyn Var (RE): no Match (varname=created_news_id), 

=INFO REPORT==== 1-Dec-2016::13:31:38 ===
           ts_search:(5:<0.383.0>) Dyn Var (RE): no Match (varname=created_news_url), 

=INFO REPORT==== 1-Dec-2016::13:31:38 ===
           ts_search:(5:<0.512.0>) Dyn Var (RE): no Match (varname=created_news_id), 

=INFO REPORT==== 1-Dec-2016::13:31:38 ===
           ts_search:(5:<0.512.0>) Dyn Var (RE): no Match (varname=created_news_url), 

=INFO REPORT==== 1-Dec-2016::13:31:38 ===
           ts_search:(5:<0.288.0>) Dyn Var (RE): no Match (varname=created_news_id), 

=INFO REPORT==== 1-Dec-2016::13:31:38 ===
           ts_search:(5:<0.288.0>) Dyn Var (RE): no Match (varname=created_news_url), 

=INFO REPORT==== 1-Dec-2016::13:31:39 ===
           ts_search:(5:<0.437.0>) Dyn Var (RE): no Match (varname=created_news_id), 

=INFO REPORT==== 1-Dec-2016::13:31:39 ===
           ts_search:(5:<0.437.0>) Dyn Var (RE): no Match (varname=created_news_url), 

=INFO REPORT==== 1-Dec-2016::13:31:39 ===
           ts_search:(5:<0.465.0>) Dyn Var (RE): no Match (varname=created_news_id), 

=INFO REPORT==== 1-Dec-2016::13:31:39 ===
           ts_search:(5:<0.465.0>) Dyn Var (RE): no Match (varname=created_news_url), 

=INFO REPORT==== 1-Dec-2016::13:31:39 ===
           ts_search:(5:<0.492.0>) Dyn Var (RE): no Match (varname=created_news_id), 

=INFO REPORT==== 1-Dec-2016::13:31:39 ===
           ts_search:(5:<0.492.0>) Dyn Var (RE): no Match (varname=created_news_url), 

=INFO REPORT==== 1-Dec-2016::13:31:40 ===
           ts_search:(5:<0.482.0>) Dyn Var (RE): no Match (varname=created_news_id), 

=INFO REPORT==== 1-Dec-2016::13:31:40 ===
           ts_search:(5:<0.482.0>) Dyn Var (RE): no Match (varname=created_news_url), 

=INFO REPORT==== 1-Dec-2016::13:31:40 ===
           ts_search:(5:<0.501.0>) Dyn Var (RE): no Match (varname=created_news_id), 

=INFO REPORT==== 1-Dec-2016::13:31:40 ===
           ts_search:(5:<0.501.0>) Dyn Var (RE): no Match (varname=created_news_url), 

=INFO REPORT==== 1-Dec-2016::13:31:40 ===
           ts_search:(5:<0.300.0>) Dyn Var (RE): no Match (varname=created_news_id), 

=INFO REPORT==== 1-Dec-2016::13:31:40 ===
           ts_search:(5:<0.300.0>) Dyn Var (RE): no Match (varname=created_news_url), 

=INFO REPORT==== 1-Dec-2016::13:31:40 ===
           ts_search:(5:<0.273.0>) Dyn Var (RE): no Match (varname=created_news_id), 

=INFO REPORT==== 1-Dec-2016::13:31:40 ===
           ts_search:(5:<0.273.0>) Dyn Var (RE): no Match (varname=created_news_url), 

=INFO REPORT==== 1-Dec-2016::13:31:40 ===
           ts_search:(5:<0.450.0>) Dyn Var (RE): no Match (varname=created_news_id), 

=INFO REPORT==== 1-Dec-2016::13:31:40 ===
           ts_search:(5:<0.450.0>) Dyn Var (RE): no Match (varname=created_news_url), 

=INFO REPORT==== 1-Dec-2016::13:31:41 ===
           ts_search:(5:<0.435.0>) Dyn Var (RE): no Match (varname=created_news_id), 

=INFO REPORT==== 1-Dec-2016::13:31:41 ===
           ts_search:(5:<0.435.0>) Dyn Var (RE): no Match (varname=created_news_url), 

=INFO REPORT==== 1-Dec-2016::13:31:41 ===
           ts_search:(5:<0.281.0>) Dyn Var (RE): no Match (varname=created_news_id), 

=INFO REPORT==== 1-Dec-2016::13:31:41 ===
           ts_search:(5:<0.281.0>) Dyn Var (RE): no Match (varname=created_news_url), 

=INFO REPORT==== 1-Dec-2016::13:31:41 ===
           ts_search:(5:<0.471.0>) Dyn Var (RE): no Match (varname=created_news_id), 

=INFO REPORT==== 1-Dec-2016::13:31:41 ===
           ts_search:(5:<0.471.0>) Dyn Var (RE): no Match (varname=created_news_url), 

=INFO REPORT==== 1-Dec-2016::13:31:42 ===
           ts_search:(5:<0.187.0>) Dyn Var (RE): no Match (varname=created_news_id), 

=INFO REPORT==== 1-Dec-2016::13:31:42 ===
           ts_search:(5:<0.187.0>) Dyn Var (RE): no Match (varname=created_news_url), 

=INFO REPORT==== 1-Dec-2016::13:31:42 ===
           ts_search:(5:<0.524.0>) Dyn Var (RE): no Match (varname=created_news_id), 

=INFO REPORT==== 1-Dec-2016::13:31:42 ===
           ts_search:(5:<0.524.0>) Dyn Var (RE): no Match (varname=created_news_url), 

=INFO REPORT==== 1-Dec-2016::13:31:42 ===
           ts_search:(5:<0.287.0>) Dyn Var (RE): no Match (varname=created_news_id), 

=INFO REPORT==== 1-Dec-2016::13:31:42 ===
           ts_search:(5:<0.287.0>) Dyn Var (RE): no Match (varname=created_news_url), 

=INFO REPORT==== 1-Dec-2016::13:31:42 ===
           ts_search:(5:<0.203.0>) Dyn Var (RE): no Match (varname=created_news_id), 

=INFO REPORT==== 1-Dec-2016::13:31:42 ===
           ts_search:(5:<0.203.0>) Dyn Var (RE): no Match (varname=created_news_url), 

=INFO REPORT==== 1-Dec-2016::13:31:42 ===
           ts_search:(5:<0.198.0>) Dyn Var (RE): no Match (varname=created_news_id), 

=INFO REPORT==== 1-Dec-2016::13:31:42 ===
           ts_search:(5:<0.198.0>) Dyn Var (RE): no Match (varname=created_news_url), 

=INFO REPORT==== 1-Dec-2016::13:31:42 ===
           ts_search:(5:<0.215.0>) Dyn Var (RE): no Match (varname=created_news_id), 

=INFO REPORT==== 1-Dec-2016::13:31:42 ===
           ts_search:(5:<0.215.0>) Dyn Var (RE): no Match (varname=created_news_url), 

=INFO REPORT==== 1-Dec-2016::13:31:43 ===
           ts_search:(5:<0.347.0>) Dyn Var (RE): no Match (varname=created_news_id), 

=INFO REPORT==== 1-Dec-2016::13:31:43 ===
           ts_search:(5:<0.347.0>) Dyn Var (RE): no Match (varname=created_news_url), 

=INFO REPORT==== 1-Dec-2016::13:31:43 ===
           ts_search:(5:<0.413.0>) Dyn Var (RE): no Match (varname=created_news_id), 

=INFO REPORT==== 1-Dec-2016::13:31:43 ===
           ts_search:(5:<0.413.0>) Dyn Var (RE): no Match (varname=created_news_url), 

=INFO REPORT==== 1-Dec-2016::13:31:43 ===
           ts_search:(5:<0.476.0>) Dyn Var (RE): no Match (varname=created_news_id), 

=INFO REPORT==== 1-Dec-2016::13:31:43 ===
           ts_search:(5:<0.476.0>) Dyn Var (RE): no Match (varname=created_news_url), 

=INFO REPORT==== 1-Dec-2016::13:31:43 ===
           ts_search:(5:<0.404.0>) Dyn Var (RE): no Match (varname=created_news_id), 

=INFO REPORT==== 1-Dec-2016::13:31:43 ===
           ts_search:(5:<0.404.0>) Dyn Var (RE): no Match (varname=created_news_url), 

=INFO REPORT==== 1-Dec-2016::13:31:43 ===
           ts_search:(5:<0.527.0>) Dyn Var (RE): no Match (varname=created_news_id), 

=INFO REPORT==== 1-Dec-2016::13:31:43 ===
           ts_search:(5:<0.527.0>) Dyn Var (RE): no Match (varname=created_news_url), 

=INFO REPORT==== 1-Dec-2016::13:31:44 ===
           ts_search:(5:<0.299.0>) Dyn Var (RE): no Match (varname=created_news_id), 

=INFO REPORT==== 1-Dec-2016::13:31:44 ===
           ts_search:(5:<0.299.0>) Dyn Var (RE): no Match (varname=created_news_url), 

=INFO REPORT==== 1-Dec-2016::13:31:44 ===
           ts_search:(5:<0.407.0>) Dyn Var (RE): no Match (varname=created_news_id), 

=INFO REPORT==== 1-Dec-2016::13:31:44 ===
           ts_search:(5:<0.407.0>) Dyn Var (RE): no Match (varname=created_news_url), 

=INFO REPORT==== 1-Dec-2016::13:31:44 ===
           ts_search:(5:<0.401.0>) Dyn Var (RE): no Match (varname=created_news_id), 

=INFO REPORT==== 1-Dec-2016::13:31:44 ===
           ts_search:(5:<0.401.0>) Dyn Var (RE): no Match (varname=created_news_url), 

=INFO REPORT==== 1-Dec-2016::13:31:45 ===
           ts_search:(5:<0.315.0>) Dyn Var (RE): no Match (varname=created_news_id), 

=INFO REPORT==== 1-Dec-2016::13:31:45 ===
           ts_search:(5:<0.315.0>) Dyn Var (RE): no Match (varname=created_news_url), 

=INFO REPORT==== 1-Dec-2016::13:31:45 ===
           ts_search:(5:<0.538.0>) Dyn Var (RE): no Match (varname=created_news_id), 

=INFO REPORT==== 1-Dec-2016::13:31:45 ===
           ts_search:(5:<0.538.0>) Dyn Var (RE): no Match (varname=created_news_url), 

=INFO REPORT==== 1-Dec-2016::13:31:45 ===
           ts_search:(5:<0.327.0>) Dyn Var (RE): no Match (varname=created_news_id), 

=INFO REPORT==== 1-Dec-2016::13:31:45 ===
           ts_search:(5:<0.327.0>) Dyn Var (RE): no Match (varname=created_news_url), 

=INFO REPORT==== 1-Dec-2016::13:31:45 ===
           ts_search:(5:<0.520.0>) Dyn Var (RE): no Match (varname=created_news_id), 

=INFO REPORT==== 1-Dec-2016::13:31:45 ===
           ts_search:(5:<0.520.0>) Dyn Var (RE): no Match (varname=created_news_url), 

=INFO REPORT==== 1-Dec-2016::13:31:45 ===
           ts_search:(5:<0.415.0>) Dyn Var (RE): no Match (varname=created_news_id), 

=INFO REPORT==== 1-Dec-2016::13:31:45 ===
           ts_search:(5:<0.415.0>) Dyn Var (RE): no Match (varname=created_news_url), 

=INFO REPORT==== 1-Dec-2016::13:31:46 ===
           ts_search:(5:<0.420.0>) Dyn Var (RE): no Match (varname=created_news_id), 

=INFO REPORT==== 1-Dec-2016::13:31:46 ===
           ts_search:(5:<0.420.0>) Dyn Var (RE): no Match (varname=created_news_url), 

=INFO REPORT==== 1-Dec-2016::13:31:46 ===
           ts_search:(5:<0.337.0>) Dyn Var (RE): no Match (varname=created_news_id), 

=INFO REPORT==== 1-Dec-2016::13:31:46 ===
           ts_search:(5:<0.337.0>) Dyn Var (RE): no Match (varname=created_news_url), 

=INFO REPORT==== 1-Dec-2016::13:31:46 ===
           ts_search:(5:<0.461.0>) Dyn Var (RE): no Match (varname=created_news_id), 

=INFO REPORT==== 1-Dec-2016::13:31:46 ===
           ts_search:(5:<0.461.0>) Dyn Var (RE): no Match (varname=created_news_url), 

=INFO REPORT==== 1-Dec-2016::13:31:46 ===
           ts_search:(5:<0.223.0>) Dyn Var (RE): no Match (varname=created_news_id), 

=INFO REPORT==== 1-Dec-2016::13:31:46 ===
           ts_search:(5:<0.223.0>) Dyn Var (RE): no Match (varname=created_news_url), 

=INFO REPORT==== 1-Dec-2016::13:31:47 ===
           ts_search:(5:<0.440.0>) Dyn Var (RE): no Match (varname=created_news_id), 

=INFO REPORT==== 1-Dec-2016::13:31:47 ===
           ts_search:(5:<0.440.0>) Dyn Var (RE): no Match (varname=created_news_url), 

=INFO REPORT==== 1-Dec-2016::13:31:47 ===
           ts_search:(5:<0.368.0>) Dyn Var (RE): no Match (varname=created_news_id), 

=INFO REPORT==== 1-Dec-2016::13:31:47 ===
           ts_search:(5:<0.368.0>) Dyn Var (RE): no Match (varname=created_news_url), 

=INFO REPORT==== 1-Dec-2016::13:31:49 ===
           ts_search:(5:<0.374.0>) Dyn Var (RE): no Match (varname=created_news_id), 

=INFO REPORT==== 1-Dec-2016::13:31:49 ===
           ts_search:(5:<0.374.0>) Dyn Var (RE): no Match (varname=created_news_url), 

=INFO REPORT==== 1-Dec-2016::13:31:49 ===
           ts_search:(5:<0.351.0>) Dyn Var (RE): no Match (varname=created_news_id), 

=INFO REPORT==== 1-Dec-2016::13:31:49 ===
           ts_search:(5:<0.351.0>) Dyn Var (RE): no Match (varname=created_news_url), 

=INFO REPORT==== 1-Dec-2016::13:31:52 ===
           ts_search:(5:<0.483.0>) Dyn Var (RE): no Match (varname=created_news_id), 

=INFO REPORT==== 1-Dec-2016::13:31:52 ===
           ts_search:(5:<0.483.0>) Dyn Var (RE): no Match (varname=created_news_url), 

=INFO REPORT==== 1-Dec-2016::13:31:52 ===
           ts_search:(5:<0.339.0>) Dyn Var (RE): no Match (varname=created_news_id), 

=INFO REPORT==== 1-Dec-2016::13:31:52 ===
           ts_search:(5:<0.339.0>) Dyn Var (RE): no Match (varname=created_news_url), 

=INFO REPORT==== 1-Dec-2016::13:31:52 ===
           ts_search:(5:<0.354.0>) Dyn Var (RE): no Match (varname=created_news_id), 

=INFO REPORT==== 1-Dec-2016::13:31:52 ===
           ts_search:(5:<0.354.0>) Dyn Var (RE): no Match (varname=created_news_url), 

=INFO REPORT==== 1-Dec-2016::13:31:52 ===
           ts_search:(5:<0.531.0>) Dyn Var (RE): no Match (varname=created_news_id), 

=INFO REPORT==== 1-Dec-2016::13:31:52 ===
           ts_search:(5:<0.531.0>) Dyn Var (RE): no Match (varname=created_news_url), 

=INFO REPORT==== 1-Dec-2016::13:31:53 ===
           ts_search:(5:<0.322.0>) Dyn Var (RE): no Match (varname=created_news_id), 

=INFO REPORT==== 1-Dec-2016::13:31:53 ===
           ts_search:(5:<0.322.0>) Dyn Var (RE): no Match (varname=created_news_url), 

=INFO REPORT==== 1-Dec-2016::13:31:53 ===
           ts_search:(5:<0.533.0>) Dyn Var (RE): no Match (varname=created_news_id), 

=INFO REPORT==== 1-Dec-2016::13:31:53 ===
           ts_search:(5:<0.533.0>) Dyn Var (RE): no Match (varname=created_news_url), 

=INFO REPORT==== 1-Dec-2016::13:31:53 ===
           ts_search:(5:<0.266.0>) Dyn Var (RE): no Match (varname=created_news_id), 

=INFO REPORT==== 1-Dec-2016::13:31:53 ===
           ts_search:(5:<0.266.0>) Dyn Var (RE): no Match (varname=created_news_url), 

=INFO REPORT==== 1-Dec-2016::13:31:53 ===
           ts_search:(5:<0.543.0>) Dyn Var (RE): no Match (varname=created_news_id), 

=INFO REPORT==== 1-Dec-2016::13:31:53 ===
           ts_search:(5:<0.543.0>) Dyn Var (RE): no Match (varname=created_news_url), 

=INFO REPORT==== 1-Dec-2016::13:31:54 ===
           ts_search:(5:<0.153.0>) Dyn Var (RE): no Match (varname=created_news_id), 

=INFO REPORT==== 1-Dec-2016::13:31:54 ===
           ts_search:(5:<0.153.0>) Dyn Var (RE): no Match (varname=created_news_url), 

=INFO REPORT==== 1-Dec-2016::13:31:54 ===
           ts_search:(5:<0.379.0>) Dyn Var (RE): no Match (varname=created_news_id), 

=INFO REPORT==== 1-Dec-2016::13:31:54 ===
           ts_search:(5:<0.379.0>) Dyn Var (RE): no Match (varname=created_news_url), 

=INFO REPORT==== 1-Dec-2016::13:31:55 ===
           ts_search:(5:<0.384.0>) Dyn Var (RE): no Match (varname=created_news_id), 

=INFO REPORT==== 1-Dec-2016::13:31:55 ===
           ts_search:(5:<0.384.0>) Dyn Var (RE): no Match (varname=created_news_url), 

=INFO REPORT==== 1-Dec-2016::13:31:56 ===
           ts_search:(5:<0.454.0>) Dyn Var (RE): no Match (varname=created_news_id), 

=INFO REPORT==== 1-Dec-2016::13:31:56 ===
           ts_search:(5:<0.454.0>) Dyn Var (RE): no Match (varname=created_news_url), 

=INFO REPORT==== 1-Dec-2016::13:31:57 ===
           ts_search:(5:<0.176.0>) Dyn Var (RE): no Match (varname=created_news_id), 

=INFO REPORT==== 1-Dec-2016::13:31:57 ===
           ts_search:(5:<0.176.0>) Dyn Var (RE): no Match (varname=created_news_url), 

=INFO REPORT==== 1-Dec-2016::13:31:57 ===
           ts_search:(5:<0.346.0>) Dyn Var (RE): no Match (varname=created_news_id), 

=INFO REPORT==== 1-Dec-2016::13:31:57 ===
           ts_search:(5:<0.346.0>) Dyn Var (RE): no Match (varname=created_news_url), 

=INFO REPORT==== 1-Dec-2016::13:31:57 ===
           ts_search:(5:<0.491.0>) Dyn Var (RE): no Match (varname=created_news_id), 

=INFO REPORT==== 1-Dec-2016::13:31:57 ===
           ts_search:(5:<0.491.0>) Dyn Var (RE): no Match (varname=created_news_url), 

=INFO REPORT==== 1-Dec-2016::13:31:57 ===
           ts_search:(5:<0.497.0>) Dyn Var (RE): no Match (varname=created_news_id), 

=INFO REPORT==== 1-Dec-2016::13:31:57 ===
           ts_search:(5:<0.497.0>) Dyn Var (RE): no Match (varname=created_news_url), 

=INFO REPORT==== 1-Dec-2016::13:31:58 ===
           ts_search:(5:<0.536.0>) Dyn Var (RE): no Match (varname=created_news_id), 

=INFO REPORT==== 1-Dec-2016::13:31:58 ===
           ts_search:(5:<0.536.0>) Dyn Var (RE): no Match (varname=created_news_url), 

=INFO REPORT==== 1-Dec-2016::13:31:58 ===
           ts_search:(5:<0.307.0>) Dyn Var (RE): no Match (varname=created_news_id), 

=INFO REPORT==== 1-Dec-2016::13:31:58 ===
           ts_search:(5:<0.307.0>) Dyn Var (RE): no Match (varname=created_news_url), 

=INFO REPORT==== 1-Dec-2016::13:31:58 ===
           ts_search:(5:<0.329.0>) Dyn Var (RE): no Match (varname=created_news_id), 

=INFO REPORT==== 1-Dec-2016::13:31:58 ===
           ts_search:(5:<0.329.0>) Dyn Var (RE): no Match (varname=created_news_url), 

=INFO REPORT==== 1-Dec-2016::13:31:58 ===
           ts_search:(5:<0.508.0>) Dyn Var (RE): no Match (varname=created_news_id), 

=INFO REPORT==== 1-Dec-2016::13:31:58 ===
           ts_search:(5:<0.508.0>) Dyn Var (RE): no Match (varname=created_news_url), 

=INFO REPORT==== 1-Dec-2016::13:32:00 ===
           ts_search:(5:<0.547.0>) Dyn Var (RE): no Match (varname=created_news_id), 

=INFO REPORT==== 1-Dec-2016::13:32:00 ===
           ts_search:(5:<0.547.0>) Dyn Var (RE): no Match (varname=created_news_url), 

=INFO REPORT==== 1-Dec-2016::13:32:00 ===
           ts_search:(5:<0.526.0>) Dyn Var (RE): no Match (varname=created_news_id), 

=INFO REPORT==== 1-Dec-2016::13:32:00 ===
           ts_search:(5:<0.526.0>) Dyn Var (RE): no Match (varname=created_news_url), 

=INFO REPORT==== 1-Dec-2016::13:32:00 ===
           ts_search:(5:<0.342.0>) Dyn Var (RE): no Match (varname=created_news_id), 

=INFO REPORT==== 1-Dec-2016::13:32:00 ===
           ts_search:(5:<0.342.0>) Dyn Var (RE): no Match (varname=created_news_url), 

=INFO REPORT==== 1-Dec-2016::13:32:55 ===
     ts_launcher_mgr:(5:<0.106.0>) No more active users 'tsung_controller@ip-172-31-13-122' "32030"

=INFO REPORT==== 1-Dec-2016::13:32:56 ===
              ts_mon:(5:<0.56.0>) stopping monitor (normal)
