# stats: dump at 1480594268
stats: users 9 10
stats: {freemem,"tsung_controller@ip-172-31-13-122"} 1 3154.0 0 3154.0 3154.0 0 0
stats: {load,"tsung_controller@ip-172-31-13-122"} 1 0.12109375 0 0.12109375 0.12109375 0 0
stats: {cpu,"tsung_controller@ip-172-31-13-122"} 1 1.721099015033696 0 1.721099015033696 1.721099015033696 0 0
stats: session 2 4251.1619873046875 105.2608642578125 4356.4228515625 4145.901123046875 0 0
stats: users_count 11 11
stats: finish_users_count 2 2
stats: request 31 16.207094254032263 22.846297412652195 136.10791015625 6.989990234375 0 0
stats: connect 11 11.367453835227273 33.24375169143971 116.4931640625 0.72900390625 0 0
stats: page 27 18.62571433738426 23.971696344197017 136.10791015625 6.989990234375 0 0
stats: 302 8 8
stats: 200 23 23
stats: size_rcv 1190337 1190337
stats: size_sent 12128 12128
stats: connected 9 9
# stats: dump at 1480594278
stats: users 11 12
stats: {freemem,"tsung_controller@ip-172-31-13-122"} 1 3153.328125 0.0 3154.0 3153.328125 3154.0 1
stats: {load,"tsung_controller@ip-172-31-13-122"} 1 0.109375 0.0 0.12109375 0.109375 0.12109375 1
stats: {recvpackets,"tsung_controller@ip-172-31-13-122"} 1 905 0 905 905 0 0
stats: {sentpackets,"tsung_controller@ip-172-31-13-122"} 1 535 0 535 535 0 0
stats: {cpu,"tsung_controller@ip-172-31-13-122"} 1 2.6522593320235757 0.0 2.6522593320235757 1.721099015033696 1.721099015033696 1
stats: session 5 9853.49443359375 2735.5214538498017 12602.285888671875 4145.901123046875 4251.1619873046875 2
stats: users_count 7 18
stats: finish_users_count 5 7
stats: request 36 10.079813639322916 3.366270379692361 136.10791015625 6.989990234375 16.207094254032263 31
stats: connect 6 0.8504638671875 0.11287975412934298 116.4931640625 0.6708984375 11.367453835227273 11
stats: page 30 12.120027669270833 4.003115067125144 136.10791015625 6.989990234375 18.62571433738426 27
stats: 302 16 24
stats: 200 20 43
stats: size_rcv 833444 2023781
stats: size_sent 17332 29460
stats: connected 2 11
# stats: dump at 1480594288
stats: users 12 13
stats: {freemem,"tsung_controller@ip-172-31-13-122"} 1 3153.7890625 0.0 3154.0 3153.328125 3153.6640625 2
stats: {load,"tsung_controller@ip-172-31-13-122"} 1 0.08984375 0.0 0.12109375 0.08984375 0.115234375 2
stats: {recvpackets,"tsung_controller@ip-172-31-13-122"} 1 890.0 0.0 905 890 905.0 1
stats: {sentpackets,"tsung_controller@ip-172-31-13-122"} 1 477.0 0.0 535 477 535.0 1
stats: {cpu,"tsung_controller@ip-172-31-13-122"} 1 1.8682399213372665 0.0 2.6522593320235757 1.721099015033696 2.1866791735286357 2
stats: session 8 11787.675262451172 5155.315694139906 17847.760986328125 3435.475830078125 8252.828020368304 7
stats: users_count 9 27
stats: finish_users_count 8 15
stats: request 56 10.260746547154017 3.8127596383417064 136.10791015625 6.781982421875 12.914824072994406 67
stats: connect 10 0.886474609375 0.07684583591455042 116.4931640625 0.6708984375 7.655575022977941 17
stats: page 47 12.248291015625 4.117101060137872 136.10791015625 6.781982421875 15.20166872258772 57
stats: 302 28 52
stats: 200 28 71
stats: size_rcv 1320573 3344354
stats: size_sent 27011 56471
stats: connected 1 12
# stats: dump at 1480594298
stats: users 17 17
stats: {freemem,"tsung_controller@ip-172-31-13-122"} 1 3154.78125 0.0 3154.78125 3153.328125 3153.7057291666665 3
stats: {load,"tsung_controller@ip-172-31-13-122"} 1 0.078125 0.0 0.12109375 0.078125 0.10677083333333333 3
stats: {recvpackets,"tsung_controller@ip-172-31-13-122"} 1 988.0 0.0 988 890 897.5 2
stats: {sentpackets,"tsung_controller@ip-172-31-13-122"} 1 608.0 0.0 608 477 506.0 2
stats: {cpu,"tsung_controller@ip-172-31-13-122"} 1 2.1589793915603535 0.0 2.6522593320235757 1.721099015033696 2.080532756131513 3
stats: session 9 12299.796468098959 8820.32379981814 33704.762939453125 3042.322998046875 10138.0798828125 15
stats: users_count 14 41
stats: finish_users_count 9 24
stats: request 51 10.770483877144608 5.173179025540114 136.10791015625 6.154052734375 11.706463573424799 123
stats: connect 11 1.6490367542613635 2.303387553286319 116.4931640625 0.6708984375 5.148500795717593 27
stats: page 44 12.504627574573863 5.40082016652274 136.10791015625 6.154052734375 13.866969181941105 104
stats: 302 23 75
stats: 200 28 99
stats: size_rcv 1352013 4696367
stats: newphase 1 1
stats: size_sent 23425 79896
stats: connected 2 14
# stats: dump at 1480594308
stats: users 24 25
stats: {freemem,"tsung_controller@ip-172-31-13-122"} 1 3156.453125 0.0 3156.453125 3153.328125 3153.974609375 4
stats: {load,"tsung_controller@ip-172-31-13-122"} 1 0.05859375 0.0 0.12109375 0.05859375 0.099609375 4
stats: {recvpackets,"tsung_controller@ip-172-31-13-122"} 1 1260.0 0.0 1260 890 927.6666666666666 3
stats: {sentpackets,"tsung_controller@ip-172-31-13-122"} 1 735.0 0.0 735 477 540.0 3
stats: {cpu,"tsung_controller@ip-172-31-13-122"} 1 1.966568338249754 0.0 2.6522593320235757 1.721099015033696 2.1001444149887227 4
stats: session 10 12459.15205078125 4045.182942536547 33704.762939453125 3042.322998046875 10948.723602294922 24
stats: users_count 17 58
stats: finish_users_count 10 34
stats: request 84 11.699172247023807 6.262522976610372 136.10791015625 6.154052734375 11.43212469692888 174
stats: connect 20 1.02152099609375 0.747310015650588 116.4931640625 0.6708984375 4.135498046875 38
stats: page 72 13.671044243706596 6.6526100185618775 136.10791015625 6.154052734375 13.46194870407517 148
stats: 302 32 107
stats: 200 52 151
stats: size_rcv 2506728 7203095
stats: newphase 0 1
stats: size_sent 37552 117448
stats: connected 11 25
# stats: dump at 1480594318
stats: users 26 28
stats: {freemem,"tsung_controller@ip-172-31-13-122"} 1 3158.875 0.0 3158.875 3153.328125 3154.4703125 5
stats: {load,"tsung_controller@ip-172-31-13-122"} 1 0.05078125 0.0 0.12109375 0.05078125 0.09140625 5
stats: {recvpackets,"tsung_controller@ip-172-31-13-122"} 1 1810.0 0.0 1810 890 1010.75 4
stats: {sentpackets,"tsung_controller@ip-172-31-13-122"} 1 1069.0 0.0 1069 477 588.75 4
stats: {cpu,"tsung_controller@ip-172-31-13-122"} 1 2.066929133858268 0.0 2.6522593320235757 1.721099015033696 2.073429199640929 5
stats: session 16 13151.283386230469 6560.383840913026 33704.762939453125 3042.322998046875 11392.96726361443 34
stats: users_count 18 76
stats: finish_users_count 16 50
stats: request 99 9.742552477904042 3.97649018449994 136.10791015625 5.85498046875 11.519070410913276 258
stats: connect 16 0.8660430908203125 0.08915390539036351 116.4931640625 0.6708984375 3.061712856950431 58
stats: page 81 11.934362340856481 5.029349164820362 136.10791015625 5.85498046875 13.530379971590909 220
stats: 302 48 155
stats: 200 51 202
stats: size_rcv 2332849 9535944
stats: newphase 0 1
stats: size_sent 48243 165691
stats: connected 2 27
# stats: dump at 1480594328
stats: users 43 44
stats: {freemem,"tsung_controller@ip-172-31-13-122"} 1 3158.45703125 0.0 3158.875 3153.328125 3155.2044270833335 6
stats: {load,"tsung_controller@ip-172-31-13-122"} 1 0.05078125 0.0 0.12109375 0.05078125 0.08463541666666667 6
stats: {recvpackets,"tsung_controller@ip-172-31-13-122"} 1 2131.0 0.0 2131 890 1170.6 5
stats: {sentpackets,"tsung_controller@ip-172-31-13-122"} 1 1266.0 0.0 1266 477 684.8 5
stats: {cpu,"tsung_controller@ip-172-31-13-122"} 1 2.3645320197044337 0.0 2.6522593320235757 1.721099015033696 2.0723458553438188 6
stats: session 16 13931.374114990234 7865.452036470347 33704.762939453125 2886.7939453125 11955.628422851563 50
stats: users_count 33 109
stats: finish_users_count 16 66
stats: request 134 12.261603967467352 7.336906437432676 136.10791015625 5.72802734375 11.026422580751051 357
stats: connect 34 1.1058493221507353 1.3645494840729988 116.4931640625 0.6708984375 2.5869734480574325 74
stats: page 117 14.060066940438034 8.22790987947028 136.10791015625 5.72802734375 13.100886855014535 301
stats: 302 54 209
stats: 200 80 282
stats: size_rcv 4327714 13863658
stats: newphase 1 2
stats: size_sent 59439 225130
stats: connected 16 43
# stats: dump at 1480594338
stats: users 54 57
stats: {freemem,"tsung_controller@ip-172-31-13-122"} 1 3157.0390625 0.0 3158.875 3153.328125 3155.6690848214284 7
stats: {load,"tsung_controller@ip-172-31-13-122"} 1 0.0390625 0.0 0.12109375 0.0390625 0.07979910714285714 7
stats: {recvpackets,"tsung_controller@ip-172-31-13-122"} 1 4002.0 0.0 4002 890 1330.6666666666667 6
stats: {sentpackets,"tsung_controller@ip-172-31-13-122"} 1 2260.0 0.0 2260 477 781.6666666666666 6
stats: {cpu,"tsung_controller@ip-172-31-13-122"} 1 3.43811394891945 0.0 3.43811394891945 1.721099015033696 2.114086735966764 7
stats: session 33 11959.24601236979 7748.21509715707 33704.762939453125 1827.5859375 12434.597075491241 66
stats: users_count 44 153
stats: finish_users_count 33 99
stats: request 242 11.674086389462808 6.8812850898808176 136.10791015625 5.537841796875 11.3635189266166 491
stats: connect 44 0.81976318359375 0.20346659584117868 116.4931640625 0.623046875 2.120693630642361 108
stats: page 200 14.149898681640625 7.768038053163237 136.10791015625 5.537841796875 13.369365491365132 418
stats: 302 111 320
stats: 200 131 413
stats: size_rcv 6645071 20508729
stats: newphase 0 2
stats: size_sent 115329 340459
stats: connected 11 54
# stats: dump at 1480594348
stats: users 64 65
stats: {freemem,"tsung_controller@ip-172-31-13-122"} 1 3155.578125 0.0 3158.875 3153.328125 3155.84033203125 8
stats: {load,"tsung_controller@ip-172-31-13-122"} 1 0.03125 0.0 0.12109375 0.03125 0.07470703125 8
stats: {recvpackets,"tsung_controller@ip-172-31-13-122"} 1 4953.0 0.0 4953 890 1712.2857142857142 7
stats: {sentpackets,"tsung_controller@ip-172-31-13-122"} 1 2914.0 0.0 2914 477 992.8571428571429 7
stats: {cpu,"tsung_controller@ip-172-31-13-122"} 1 3.9408866995073892 0.0 3.9408866995073892 1.721099015033696 2.2795901375858496 8
stats: session 34 11479.690831801468 6617.017017484467 34879.22607421875 1827.5859375 12276.146721117424 99
stats: users_count 44 197
stats: finish_users_count 34 133
stats: request 219 11.904403895547945 6.695217615451529 136.10791015625 5.537841796875 11.466052795659959 733
stats: connect 43 0.8365620457848837 0.1103121168951312 116.4931640625 0.623046875 1.7441085012335527 152
stats: page 187 13.96112289020722 7.21757649267482 136.10791015625 5.537841796875 13.621965229318366 618
stats: 302 100 420
stats: 200 119 532
stats: size_rcv 6429221 26937950
stats: newphase 0 2
stats: size_sent 102836 443295
stats: connected 9 63
# stats: dump at 1480594358
stats: users 75 75
stats: {freemem,"tsung_controller@ip-172-31-13-122"} 1 3154.16015625 0.0 3158.875 3153.328125 3155.8111979166665 9
stats: {load,"tsung_controller@ip-172-31-13-122"} 1 0.03125 0.0 0.12109375 0.03125 0.06987847222222222 9
stats: {recvpackets,"tsung_controller@ip-172-31-13-122"} 1 5267.0 0.0 5267 890 2117.375 8
stats: {sentpackets,"tsung_controller@ip-172-31-13-122"} 1 2988.0 0.0 2988 477 1233.0 8
stats: {cpu,"tsung_controller@ip-172-31-13-122"} 1 4.424778761061947 0.0 4.424778761061947 1.721099015033696 2.4641786444660205 9
stats: session 43 15432.84401685138 8221.176891926083 37680.8818359375 1827.5859375 12072.541456179511 133
stats: users_count 54 251
stats: finish_users_count 43 176
stats: request 275 16.438182705965907 19.0897020725139 145.528076171875 5.537841796875 11.566891966747637 952
stats: connect 54 0.8278040002893519 0.17705831677669598 116.4931640625 0.623046875 1.5439828725961537 195
stats: page 229 19.763655883256007 22.470771098334495 156.98291015625 5.537841796875 13.70075092197205 805
stats: 302 130 550
stats: 200 145 677
stats: size_rcv 8319842 35257792
stats: newphase 1 3
stats: size_sent 129745 573040
stats: connected 10 73
# stats: dump at 1480594368
stats: users 85 95
stats: {freemem,"tsung_controller@ip-172-31-13-122"} 1 3151.75390625 0.0 3158.875 3151.75390625 3155.64609375 10
stats: {load,"tsung_controller@ip-172-31-13-122"} 1 0.01953125 0.0 0.12109375 0.01953125 0.066015625 10
stats: {recvpackets,"tsung_controller@ip-172-31-13-122"} 1 7805.0 0.0 7805 890 2467.3333333333335 9
stats: {sentpackets,"tsung_controller@ip-172-31-13-122"} 1 4302.0 0.0 4302 477 1428.0 9
stats: {cpu,"tsung_controller@ip-172-31-13-122"} 1 5.216535433070866 0.0 5.216535433070866 1.721099015033696 2.660238656125613 10
stats: session 57 12755.253931949013 7446.863127460423 37680.8818359375 1827.5859375 12893.524468161842 176
stats: users_count 67 318
stats: finish_users_count 57 233
stats: request 370 14.14443689294763 8.987163840911617 145.528076171875 5.537841796875 12.65866454481204 1227
stats: connect 66 0.8054495146780303 0.1681603515178563 116.4931640625 0.623046875 1.3886669725778114 249
stats: page 310 16.90393066406249 10.082276905763576 156.98291015625 5.537841796875 15.043502601018496 1034
stats: 302 179 729
stats: 200 191 868
stats: size_rcv 11343343 46601135
stats: newphase 0 3
stats: size_sent 178173 751213
stats: connected 11 84
# stats: dump at 1480594378
stats: users 108 110
stats: {freemem,"tsung_controller@ip-172-31-13-122"} 1 3150.9453125 0.0 3158.875 3150.9453125 3155.2922585227275 11
stats: {load,"tsung_controller@ip-172-31-13-122"} 1 0.01953125 0.0 0.12109375 0.01953125 0.06178977272727273 11
stats: {recvpackets,"tsung_controller@ip-172-31-13-122"} 1 8973.0 0.0 8973 890 3001.1 10
stats: {sentpackets,"tsung_controller@ip-172-31-13-122"} 1 4947.0 0.0 4947 477 1715.4 10
stats: {cpu,"tsung_controller@ip-172-31-13-122"} 1 6.457925636007827 0.0 6.457925636007827 1.721099015033696 2.892629272211545 11
stats: session 51 14554.297751034008 10863.378063740962 69044.873046875 1827.5859375 12859.698628830807 233
stats: users_count 74 392
stats: finish_users_count 51 284
stats: request 353 13.884804355524079 9.850534260707121 145.528076171875 5.537841796875 13.002894832107074 1597
stats: connect 77 0.8376116071428571 0.37090822165066356 116.4931640625 0.580078125 1.266469029017857 315
stats: page 300 16.357932128906246 10.72996913275476 156.98291015625 5.537841796875 15.472619192940845 1344
stats: 302 154 883
stats: 200 199 1067
stats: size_rcv 12028907 58630042
stats: newphase 0 3
stats: size_sent 162536 913749
stats: connected 25 109
# stats: dump at 1480594388
stats: users 62 110
stats: {freemem,"tsung_controller@ip-172-31-13-122"} 1 3150.8046875 0.0 3158.875 3150.8046875 3154.9300130208335 12
stats: {load,"tsung_controller@ip-172-31-13-122"} 1 0.01953125 0.0 0.12109375 0.01953125 0.058268229166666664 12
stats: {recvpackets,"tsung_controller@ip-172-31-13-122"} 1 8798.0 0.0 8973 890 3544.0 11
stats: {sentpackets,"tsung_controller@ip-172-31-13-122"} 1 5170.0 0.0 5170 477 2009.1818181818182 11
stats: {cpu,"tsung_controller@ip-172-31-13-122"} 1 6.286836935166994 0.0 6.457925636007827 1.721099015033696 3.1897373025279023 12
stats: session 64 14684.801670074463 7832.1934724342955 69044.873046875 1827.5859375 13164.010443029269 284
stats: users_count 18 410
stats: finish_users_count 64 348
stats: request 320 11.356677246093746 7.059405226962537 145.528076171875 5.537841796875 13.162543068910255 1950
stats: connect 19 0.8025416324013158 0.08504100901813855 116.4931640625 0.580078125 1.1822291782924108 392
stats: page 254 14.33439576156496 8.268323822998429 156.98291015625 5.537841796875 15.634172648408985 1644
stats: 302 195 1078
stats: 200 125 1192
stats: size_rcv 4995319 63625361
stats: newphase 0 3
stats: size_sent 171676 1085425
stats: connected -46 63
# stats: dump at 1480594398
stats: users 24 110
stats: {freemem,"tsung_controller@ip-172-31-13-122"} 1 3150.9296875 0.0 3158.875 3150.8046875 3154.6126802884614 13
stats: {load,"tsung_controller@ip-172-31-13-122"} 1 0.01171875 0.0 0.12109375 0.01171875 0.055288461538461536 13
stats: {recvpackets,"tsung_controller@ip-172-31-13-122"} 1 2827.0 0.0 8973 890 3981.8333333333335 12
stats: {sentpackets,"tsung_controller@ip-172-31-13-122"} 1 1925.0 0.0 5170 477 2272.5833333333335 12
stats: {cpu,"tsung_controller@ip-172-31-13-122"} 1 4.19921875 0.0 6.457925636007827 1.721099015033696 3.4279757358078324 13
stats: session 38 18819.74212967722 8124.321628965707 69044.873046875 1827.5859375 13443.696185934132 348
stats: users_count 0 410
stats: finish_users_count 38 386
stats: request 115 8.060763417119563 1.9872739092073748 145.528076171875 5.416015625 12.907971675385461 2270
stats: connect 0 0 0 116.4931640625 0.580078125 1.164676712667275 411
stats: page 93 9.99186722950269 4.444533902972027 156.98291015625 5.416015625 15.46022990380499 1898
stats: 302 93 1171
stats: 200 22 1214
stats: size_rcv 542454 64167815
stats: newphase 0 3
stats: size_sent 66444 1151869
stats: connected -39 24
# stats: dump at 1480594408
stats: users 6 110
stats: {freemem,"tsung_controller@ip-172-31-13-122"} 1 3150.953125 0.0 3158.875 3150.8046875 3154.349609375 14
stats: {load,"tsung_controller@ip-172-31-13-122"} 1 0.01171875 0.0 0.12109375 0.01171875 0.05217633928571429 14
stats: {recvpackets,"tsung_controller@ip-172-31-13-122"} 1 614.0 0.0 8973 614 3893.0 13
stats: {sentpackets,"tsung_controller@ip-172-31-13-122"} 1 479.0 0.0 5170 477 2245.846153846154 13
stats: {cpu,"tsung_controller@ip-172-31-13-122"} 1 2.0689655172413794 0.0 6.457925636007827 1.721099015033696 3.4830645225358445 14
stats: session 18 31338.067857530383 6857.007083207961 69044.873046875 1827.5859375 13972.944232209358 386
stats: users_count 0 410
stats: finish_users_count 18 404
stats: request 58 8.757610452586205 2.5032627581070956 145.528076171875 5.416015625 12.674248845322326 2385
stats: connect 0 0 0 116.4931640625 0.580078125 1.164676712667275 411
stats: page 44 11.579079367897728 5.321224922405785 156.98291015625 5.416015625 15.204801612137429 1991
stats: 302 44 1215
stats: 200 14 1228
stats: size_rcv 343649 64511464
stats: newphase 0 3
stats: size_sent 33232 1185101
stats: connected -17 7
# stats: dump at 1480594418
stats: users 3 110
stats: {freemem,"tsung_controller@ip-172-31-13-122"} 1 3151.53515625 0.0 3158.875 3150.8046875 3154.1231770833333 15
stats: {load,"tsung_controller@ip-172-31-13-122"} 1 0.01171875 0.0 0.12109375 0.01171875 0.049479166666666664 15
stats: {recvpackets,"tsung_controller@ip-172-31-13-122"} 1 342.0 0.0 8973 342 3658.785714285714 14
stats: {sentpackets,"tsung_controller@ip-172-31-13-122"} 1 270.0 0.0 5170 270 2119.6428571428573 14
stats: {cpu,"tsung_controller@ip-172-31-13-122"} 1 1.5763546798029555 0.0 6.457925636007827 1.5763546798029555 3.3887912555162134 15
stats: session 3 49188.609619140625 6498.50931060691 69044.873046875 1827.5859375 14746.637859080098 404
stats: users_count 0 410
stats: finish_users_count 3 407
stats: request 10 8.250732421875 1.1545911178317263 145.528076171875 5.416015625 12.581262751675705 2443
stats: connect 0 0 0 116.4931640625 0.580078125 1.164676712667275 411
stats: page 9 9.18112521701389 2.728538956525499 156.98291015625 5.416015625 15.12640761766738 2035
stats: 302 9 1224
stats: 200 1 1229
stats: size_rcv 25139 64536603
stats: newphase 0 3
stats: size_sent 5894 1190995
stats: connected -4 3
# stats: dump at 1480594428
stats: users 1 110
stats: {freemem,"tsung_controller@ip-172-31-13-122"} 1 3151.53515625 0.0 3158.875 3150.8046875 3153.96142578125 16
stats: {load,"tsung_controller@ip-172-31-13-122"} 1 0.01171875 0.0 0.12109375 0.01171875 0.047119140625 16
stats: {recvpackets,"tsung_controller@ip-172-31-13-122"} 1 49.0 0.0 8973 49 3437.6666666666665 15
stats: {sentpackets,"tsung_controller@ip-172-31-13-122"} 1 49.0 0.0 5170 49 1996.3333333333335 15
stats: {cpu,"tsung_controller@ip-172-31-13-122"} 1 1.0826771653543308 0.0 6.457925636007827 1.0826771653543308 3.275513969534135 16
stats: session 2 54577.300537109375 3340.2734375 69044.873046875 1827.5859375 15000.509886795531 407
stats: users_count 0 410
stats: finish_users_count 2 409
stats: request 3 9.442301432291666 1.8456642680532347 145.528076171875 5.416015625 12.563608734839992 2453
stats: connect 0 0 0 116.4931640625 0.580078125 1.164676712667275 411
stats: page 3 9.442301432291666 1.8456642680532347 156.98291015625 5.416015625 15.100229759738868 2044
stats: 302 3 1227
stats: 200 0 1229
stats: size_rcv 301 64536904
stats: newphase 0 3
stats: size_sent 1732 1192727
stats: connected -2 1
# stats: dump at 1480594438
stats: users 1 110
stats: {freemem,"tsung_controller@ip-172-31-13-122"} 1 3151.59375 0.0 3158.875 3150.8046875 3153.8187040441176 17
stats: {load,"tsung_controller@ip-172-31-13-122"} 1 0.01171875 0.0 0.12109375 0.01171875 0.04503676470588235 17
stats: {recvpackets,"tsung_controller@ip-172-31-13-122"} 1 6.0 0.0 8973 6 3225.875 16
stats: {sentpackets,"tsung_controller@ip-172-31-13-122"} 1 7.0 0.0 5170 7 1874.6250000000002 16
stats: {cpu,"tsung_controller@ip-172-31-13-122"} 1 1.1822660098522169 0.0 6.457925636007827 1.0826771653543308 3.1465235692882643 17
stats: session 0 0 0 69044.873046875 1827.5859375 15194.039425427873 409
stats: users_count 0 410
stats: finish_users_count 0 409
stats: request 0 0 0 145.528076171875 5.416015625 12.559796063053492 2456
stats: connect 0 0 0 116.4931640625 0.580078125 1.164676712667275 411
stats: page 0 0 0 156.98291015625 5.416015625 15.091937729947787 2047
stats: 302 0 1227
stats: 200 0 1229
stats: size_rcv 0 64536904
stats: newphase 0 3
stats: size_sent 0 1192727
stats: connected 0 1
# stats: dump at 1480594448
stats: users 0 110
stats: {freemem,"tsung_controller@ip-172-31-13-122"} 1 3151.6015625 0.0 3158.875 3150.8046875 3153.6950954861113 18
stats: {load,"tsung_controller@ip-172-31-13-122"} 1 0.01171875 0.0 0.12109375 0.01171875 0.04318576388888889 18
stats: {recvpackets,"tsung_controller@ip-172-31-13-122"} 1 2.0 0.0 8973 2 3036.470588235294 17
stats: {sentpackets,"tsung_controller@ip-172-31-13-122"} 1 1.0 0.0 5170 1 1764.7647058823532 17
stats: {cpu,"tsung_controller@ip-172-31-13-122"} 1 1.083743842364532 0.0 6.457925636007827 1.0826771653543308 3.0373981493195945 18
stats: session 1 70680.57495117188 0.0 70680.57495117188 1827.5859375 15194.039425427873 409
stats: users_count 0 410
stats: finish_users_count 1 410
stats: request 4 8.43438720703125 0.8059806687145012 145.528076171875 5.416015625 12.559796063053492 2456
stats: connect 1 0.892822265625 0.0 116.4931640625 0.580078125 1.164676712667275 411
stats: page 3 11.286214192708334 4.614288411069824 156.98291015625 5.416015625 15.091937729947787 2047
stats: 302 3 1230
stats: 200 1 1230
stats: size_rcv 24532 64561436
stats: newphase 0 3
stats: size_sent 2306 1195033
stats: connected -1 0
# stats: dump at 1480594452
stats: users 0 110
stats: {freemem,"tsung_controller@ip-172-31-13-122"} 1 3151.60546875 0.0 3158.875 3150.8046875 3153.5849095394738 19
stats: {load,"tsung_controller@ip-172-31-13-122"} 1 0.01171875 0.0 0.12109375 0.01171875 0.041529605263157895 19
stats: {recvpackets,"tsung_controller@ip-172-31-13-122"} 1 32.0 0.0 8973 2 2867.8888888888887 18
stats: {sentpackets,"tsung_controller@ip-172-31-13-122"} 1 21.0 0.0 5170 1 1666.777777777778 18
stats: {cpu,"tsung_controller@ip-172-31-13-122"} 1 1.0848126232741617 0.0 6.457925636007827 1.0826771653543308 2.934574238427223 19
stats: session 0 0 0 70680.57495117188 1827.5859375 15329.372438905297 410
stats: users_count 0 410
stats: finish_users_count 0 410
stats: request 0 0 0 145.528076171875 5.416015625 12.553088081173781 2460
stats: connect 0 0 0 116.4931640625 0.580078125 1.1640168717763957 412
stats: page 0 0 0 156.98291015625 5.416015625 15.086368378429876 2050
stats: 302 0 1230
stats: 200 0 1230
stats: size_rcv 0 64561436
stats: newphase 0 3
stats: size_sent 0 1195033
stats: connected 0 0
EndMonitor:{1480,594452,493478}
