# stats: dump at 1480594495
stats: users 5 6
stats: {freemem,"tsung_controller@ip-172-31-13-122"} 1 3162.296875 0 3162.296875 3162.296875 0 0
stats: {load,"tsung_controller@ip-172-31-13-122"} 1 0.0 0 0.0 0.0 0 0
stats: {cpu,"tsung_controller@ip-172-31-13-122"} 1 1.7408311503582252 0 1.7408311503582252 1.7408311503582252 0 0
stats: session 1 3076.757080078125 0 3076.757080078125 3076.757080078125 0 0
stats: users_count 6 6
stats: finish_users_count 1 1
stats: request 14 51.248291015625 38.31352261803383 133.248046875 7.8828125 0 0
stats: connect 6 20.176472981770832 43.06727566682216 116.477783203125 0.85107421875 0 0
stats: page 14 51.248291015625 38.31352261803383 133.248046875 7.8828125 0 0
stats: 200 14 14
stats: size_rcv 2178763 2178763
stats: size_sent 6031 6031
stats: connected 5 5
# stats: dump at 1480594505
stats: users 12 14
stats: {freemem,"tsung_controller@ip-172-31-13-122"} 1 3161.0703125 0.0 3162.296875 3161.0703125 3162.296875 1
stats: {load,"tsung_controller@ip-172-31-13-122"} 1 0.0 0.0 0.0 0.0 0.0 1
stats: {recvpackets,"tsung_controller@ip-172-31-13-122"} 1 1607 0 1607 1607 0 0
stats: {sentpackets,"tsung_controller@ip-172-31-13-122"} 1 783 0 783 783 0 0
stats: {cpu,"tsung_controller@ip-172-31-13-122"} 1 2.4606299212598426 0.0 2.4606299212598426 1.7408311503582252 1.7408311503582252 1
stats: session 3 7599.428304036458 6921.397095684911 16953.781982421875 426.123046875 3076.757080078125 1
stats: users_count 10 16
stats: finish_users_count 3 4
stats: request 25 500.5291015625 1918.3343092123719 9885.303955078125 7.8828125 51.248291015625 14
stats: connect 9 0.934326171875 0.12854394829289836 116.477783203125 0.77099609375 20.176472981770832 6
stats: page 22 568.8015691583806 2037.1957269665784 9885.303955078125 7.8828125 51.248291015625 14
stats: 302 5 5
stats: 200 20 34
stats: size_rcv 2025292 4204055
stats: size_sent 10669 16700
stats: connected 8 13
# stats: dump at 1480594515
stats: users 20 20
stats: {freemem,"tsung_controller@ip-172-31-13-122"} 1 3160.16796875 0.0 3162.296875 3160.16796875 3161.68359375 2
stats: {load,"tsung_controller@ip-172-31-13-122"} 1 0.0 0.0 0.0 0.0 0.0 2
stats: {recvpackets,"tsung_controller@ip-172-31-13-122"} 1 1750.0 0.0 1750 1607 1607.0 1
stats: {sentpackets,"tsung_controller@ip-172-31-13-122"} 1 850.0 0.0 850 783 783.0 1
stats: {cpu,"tsung_controller@ip-172-31-13-122"} 1 1.5779092702169626 0.0 2.4606299212598426 1.5779092702169626 2.100730535809034 2
stats: session 4 3906.9351806640625 1879.3016969994408 16953.781982421875 426.123046875 6468.760498046875 4
stats: users_count 12 28
stats: finish_users_count 4 8
stats: request 35 1528.2644670758928 4285.305833183722 19250.45703125 7.09814453125 339.24881059695514 39
stats: connect 12 0.8538614908854166 0.03599597462876861 116.477783203125 0.77099609375 8.631184895833334 15
stats: page 33 1620.894405480587 4407.967979940316 19250.45703125 7.09814453125 367.53084988064234 36
stats: 302 7 12
stats: 200 28 62
stats: size_rcv 4909832 9113887
stats: size_sent 17488 34188
stats: connected 6 19
# stats: dump at 1480594525
stats: users 19 20
stats: {freemem,"tsung_controller@ip-172-31-13-122"} 1 3159.3515625 0.0 3162.296875 3159.3515625 3161.1783854166665 3
stats: {load,"tsung_controller@ip-172-31-13-122"} 1 0.0 0.0 0.0 0.0 0.0 3
stats: {recvpackets,"tsung_controller@ip-172-31-13-122"} 1 4119.0 0.0 4119 1607 1678.5 2
stats: {sentpackets,"tsung_controller@ip-172-31-13-122"} 1 1938.0 0.0 1938 783 816.5 2
stats: {cpu,"tsung_controller@ip-172-31-13-122"} 1 2.0771513353115725 0.0 2.4606299212598426 1.5779092702169626 1.9264567806116768 3
stats: session 7 14023.759451729911 12220.898302360318 29207.150146484375 426.123046875 5187.847839355469 8
stats: users_count 6 34
stats: finish_users_count 7 15
stats: request 19 2709.0097270764795 5806.6529548345825 20911.5380859375 7.09814453125 901.6210805532095 74
stats: connect 7 0.85986328125 0.055375731551016716 116.477783203125 0.736083984375 5.174596715856482 27
stats: page 19 2709.0097270764795 5806.6529548345825 20911.5380859375 7.09814453125 966.9655938632246 69
stats: 302 2 14
stats: 200 16 78
stats: size_rcv 2862664 11976551
stats: newphase 1 1
stats: size_sent 9767 43955
stats: connected 0 19
stats: 500 1 1
# stats: dump at 1480594535
stats: users 41 41
stats: {freemem,"tsung_controller@ip-172-31-13-122"} 1 3159.23828125 0.0 3162.296875 3159.23828125 3160.7216796875 4
stats: {load,"tsung_controller@ip-172-31-13-122"} 1 0.0 0.0 0.0 0.0 0.0 4
stats: {recvpackets,"tsung_controller@ip-172-31-13-122"} 1 1151.0 0.0 4119 1151 2492.0 3
stats: {sentpackets,"tsung_controller@ip-172-31-13-122"} 1 614.0 0.0 1938 614 1190.3333333333333 3
stats: {cpu,"tsung_controller@ip-172-31-13-122"} 1 1.4807502467917077 0.0 2.4606299212598426 1.4807502467917077 1.9641304192866507 4
stats: session 0 0 0 29207.150146484375 426.123046875 9311.273258463541 15
stats: users_count 22 56
stats: finish_users_count 0 15
stats: request 2 14896.962036132813 5864.7259521484375 20911.5380859375 7.09814453125 1270.8725244665657 93
stats: connect 20 0.92037353515625 0.13979870960621704 116.477783203125 0.677001953125 4.2862692440257355 34
stats: page 2 14896.962036132813 5864.7259521484375 20911.5380859375 7.09814453125 1343.0887589888137 88
stats: 302 0 14
stats: 200 2 80
stats: size_rcv 649034 12625585
stats: newphase 0 1
stats: size_sent 3850 47805
stats: connected 20 39
stats: 500 0 1
# stats: dump at 1480594545
stats: users 27 42
stats: {freemem,"tsung_controller@ip-172-31-13-122"} 1 3159.14453125 0.0 3162.296875 3159.14453125 3160.425 5
stats: {load,"tsung_controller@ip-172-31-13-122"} 1 0.0 0.0 0.0 0.0 0.0 5
stats: {recvpackets,"tsung_controller@ip-172-31-13-122"} 1 1133.0 0.0 4119 1133 2156.75 4
stats: {sentpackets,"tsung_controller@ip-172-31-13-122"} 1 571.0 0.0 1938 571 1046.25 4
stats: {cpu,"tsung_controller@ip-172-31-13-122"} 1 1.5779092702169626 0.0 2.4606299212598426 1.4807502467917077 1.8674543847876621 5
stats: session 28 18136.225507463732 14648.85926201389 44250.14501953125 85.123046875 9311.273258463541 15
stats: users_count 14 70
stats: finish_users_count 28 43
stats: request 81 6544.82490897473 7416.466276698534 24156.990966796875 7.09814453125 1557.7375668174343 95
stats: connect 16 0.9183197021484375 0.3131408672817919 116.477783203125 0.677001953125 3.0396412037037037 54
stats: page 79 6710.519868102255 7472.415939711645 24156.990966796875 7.09814453125 1644.285942925347 90
stats: 302 4 18
stats: 200 77 157
stats: size_rcv 9368547 21994132
stats: newphase 0 1
stats: size_sent 17856 65661
stats: connected -7 32
stats: 500 0 1
# stats: dump at 1480594555
stats: users 56 56
stats: {freemem,"tsung_controller@ip-172-31-13-122"} 1 3157.09375 0.0 3162.296875 3157.09375 3160.2115885416665 6
stats: {load,"tsung_controller@ip-172-31-13-122"} 1 0.0 0.0 0.0 0.0 0.0 6
stats: {recvpackets,"tsung_controller@ip-172-31-13-122"} 1 6538.0 0.0 6538 1133 1952.0 5
stats: {sentpackets,"tsung_controller@ip-172-31-13-122"} 1 3154.0 0.0 3154 571 951.2 5
stats: {cpu,"tsung_controller@ip-172-31-13-122"} 1 2.955665024630542 0.0 2.955665024630542 1.4807502467917077 1.8191968656925457 6
stats: session 3 6647.440266927083 3592.79545672114 44250.14501953125 85.123046875 15057.753792696223 43
stats: users_count 32 102
stats: finish_users_count 3 46
stats: request 10 3149.53466796875 8646.703263915837 29058.044921875 7.09814453125 3852.93117315119 176
stats: connect 30 0.866455078125 0.2110934493417808 116.477783203125 0.677001953125 2.5547677176339287 70
stats: page 9 3499.4969618055557 9046.997745303843 29058.044921875 7.09814453125 4012.5254700790497 169
stats: 302 2 20
stats: 200 8 165
stats: size_rcv 896787 22890919
stats: newphase 1 2
stats: size_sent 18759 84420
stats: connected 22 54
stats: 500 0 1
# stats: dump at 1480594565
stats: users 97 97
stats: {freemem,"tsung_controller@ip-172-31-13-122"} 1 3156.97265625 0.0 3162.296875 3156.97265625 3159.766183035714 7
stats: {load,"tsung_controller@ip-172-31-13-122"} 1 0.0 0.0 0.0 0.0 0.0 7
stats: {recvpackets,"tsung_controller@ip-172-31-13-122"} 1 285.0 0.0 6538 285 2716.3333333333335 6
stats: {sentpackets,"tsung_controller@ip-172-31-13-122"} 1 204.0 0.0 3154 204 1318.3333333333333 6
stats: {cpu,"tsung_controller@ip-172-31-13-122"} 1 1.3847675568743818 0.0 2.955665024630542 1.3847675568743818 1.9815494598265448 7
stats: session 5 13174.716845703126 654.6151320700774 44250.14501953125 85.123046875 14509.255084493889 46
stats: users_count 46 148
stats: finish_users_count 5 51
stats: request 16 17327.934936523438 10689.362277720082 39452.22412109375 7.09814453125 3815.1141567435316 186
stats: connect 44 0.86126708984375 0.08189523038294226 116.477783203125 0.677001953125 2.04827392578125 100
stats: page 16 17327.934936523438 10689.362277720082 39452.22412109375 7.09814453125 3986.5858264023 178
stats: 302 2 22
stats: 200 13 178
stats: size_rcv 3104396 25995315
stats: newphase 0 2
stats: size_sent 10718 95138
stats: connected 39 93
stats: 500 1 2
# stats: dump at 1480594575
stats: users 123 123
stats: {freemem,"tsung_controller@ip-172-31-13-122"} 1 3155.89453125 0.0 3162.296875 3155.89453125 3159.4169921875 8
stats: {load,"tsung_controller@ip-172-31-13-122"} 1 0.0 0.0 0.0 0.0 0.0 8
stats: {recvpackets,"tsung_controller@ip-172-31-13-122"} 1 3083.0 0.0 6538 285 2369.0 7
stats: {sentpackets,"tsung_controller@ip-172-31-13-122"} 1 1464.0 0.0 3154 204 1159.142857142857 7
stats: {cpu,"tsung_controller@ip-172-31-13-122"} 1 2.3692003948667324 0.0 2.955665024630542 1.3847675568743818 1.9069517219575245 8
stats: session 17 22544.27707088695 14666.698158349742 62797.152099609375 85.123046875 14378.4180022595 51
stats: users_count 43 191
stats: finish_users_count 17 68
stats: request 81 8822.41426444348 7076.840211844853 39452.22412109375 0.7041015625 4885.4365947459 202
stats: connect 44 0.8488270152698864 0.19693454031698057 116.477783203125 0.64306640625 1.685577392578125 144
stats: page 71 8594.533798002862 7068.330113085438 39452.22412109375 0.906005859375 5086.903278783425 194
stats: 302 7 29
stats: 200 43 221
stats: size_rcv 4382163 30377478
stats: newphase 0 2
stats: size_sent 30693 125831
stats: connected 27 120
stats: 503 30 30
stats: 500 1 3
# stats: dump at 1480594585
stats: users 138 138
stats: {freemem,"tsung_controller@ip-172-31-13-122"} 1 3154.7734375 0.0 3162.296875 3154.7734375 3159.0256076388887 9
stats: {load,"tsung_controller@ip-172-31-13-122"} 1 0.0 0.0 0.0 0.0 0.0 9
stats: {recvpackets,"tsung_controller@ip-172-31-13-122"} 1 2532.0 0.0 6538 285 2458.25 8
stats: {sentpackets,"tsung_controller@ip-172-31-13-122"} 1 1469.0 0.0 3154 204 1197.25 8
stats: {cpu,"tsung_controller@ip-172-31-13-122"} 1 2.472799208704253 0.0 2.955665024630542 1.3847675568743818 1.958312685614103 9
stats: session 29 19166.98976293103 18367.45082389189 77463.04418945313 85.123046875 16419.88276941636 68
stats: users_count 44 235
stats: finish_users_count 29 97
stats: request 106 11761.676163583432 10269.80277188855 39452.22412109375 0.692138671875 6012.274726355455 283
stats: connect 44 0.7924527254971591 0.08593064613295776 116.477783203125 0.64306640625 1.4897421978889627 188
stats: page 103 12849.054592688102 11161.448274614582 39452.22412109375 0.7529296875 6026.683531102594 265
stats: 302 2 31
stats: 200 60 281
stats: size_rcv 6559987 36937465
stats: newphase 1 3
stats: size_sent 23032 148863
stats: connected 15 135
stats: 503 44 74
stats: 500 0 3
# stats: dump at 1480594595
stats: users 170 170
stats: {freemem,"tsung_controller@ip-172-31-13-122"} 1 3152.55859375 0.0 3162.296875 3152.55859375 3158.600390625 10
stats: {load,"tsung_controller@ip-172-31-13-122"} 1 0.0 0.0 0.0 0.0 0.0 10
stats: {recvpackets,"tsung_controller@ip-172-31-13-122"} 1 6393.0 0.0 6538 285 2466.4444444444443 9
stats: {sentpackets,"tsung_controller@ip-172-31-13-122"} 1 3259.0 0.0 3259 204 1227.4444444444443 9
stats: {cpu,"tsung_controller@ip-172-31-13-122"} 1 4.133858267716536 0.0 4.133858267716536 1.3847675568743818 2.009761337923118 10
stats: session 54 19565.40299479166 20401.99827161639 77463.04418945313 60.05908203125 17241.182798405283 97
stats: users_count 86 321
stats: finish_users_count 54 151
stats: request 223 6290.874588354821 6854.980470270472 39452.22412109375 0.692138671875 7578.949668119377 389
stats: connect 87 0.8847123069324713 0.40927129515439326 116.477783203125 0.628173828125 1.3574976427801724 232
stats: page 214 6622.568562445241 7232.126719064251 39452.22412109375 0.69384765625 7936.205866274625 368
stats: 302 8 39
stats: 200 124 405
stats: size_rcv 12835932 49773397
stats: newphase 0 3
stats: size_sent 76432 225295
stats: connected 34 169
stats: 503 87 161
stats: 500 0 3
stats: 404 4 4
# stats: dump at 1480594605
stats: users 170 181
stats: {freemem,"tsung_controller@ip-172-31-13-122"} 1 3149.82421875 0.0 3162.296875 3149.82421875 3158.0511363636365 11
stats: {load,"tsung_controller@ip-172-31-13-122"} 1 0.0 0.0 0.0 0.0 0.0 11
stats: {recvpackets,"tsung_controller@ip-172-31-13-122"} 1 8724.0 0.0 8724 285 2859.1 10
stats: {sentpackets,"tsung_controller@ip-172-31-13-122"} 1 4443.0 0.0 4443 204 1430.6 10
stats: {cpu,"tsung_controller@ip-172-31-13-122"} 1 5.7673509286412505 0.0 5.7673509286412505 1.3847675568743818 2.2028610588134288 11
stats: session 78 15028.945381360176 16828.56251815928 77463.04418945313 48.030029296875 18072.36088188121 151
stats: users_count 78 399
stats: finish_users_count 78 229
stats: request 277 204.32723216803902 1179.3214400925033 39452.22412109375 0.65380859375 7109.60204918556 612
stats: connect 77 0.8025219409496753 0.25436100999073 116.477783203125 0.60009765625 1.2285561875489812 319
stats: page 253 249.31654231256172 1423.2852387758755 39452.22412109375 0.663818359375 7453.184589608838 582
stats: 302 0 39
stats: 200 7 412
stats: size_rcv 1051625 50825022
stats: newphase 0 3
stats: size_sent 86813 312108
stats: connected 0 169
stats: 503 269 430
stats: 500 0 3
stats: 404 1 5
# stats: dump at 1480594615
stats: users 150 181
stats: {freemem,"tsung_controller@ip-172-31-13-122"} 1 3149.3359375 0.0 3162.296875 3149.3359375 3157.3655598958335 12
stats: {load,"tsung_controller@ip-172-31-13-122"} 1 0.0 0.0 0.0 0.0 0.0 12
stats: {recvpackets,"tsung_controller@ip-172-31-13-122"} 1 2869.0 0.0 8724 285 3392.2727272727275 11
stats: {sentpackets,"tsung_controller@ip-172-31-13-122"} 1 1997.0 0.0 4443 204 1704.4545454545455 11
stats: {cpu,"tsung_controller@ip-172-31-13-122"} 1 4.98046875 0.0 5.7673509286412505 1.3847675568743818 2.4999018812990808 12
stats: session 62 14973.513124527473 18840.382451115624 90034.13818359375 48.030029296875 17035.739008341294 229
stats: users_count 42 441
stats: finish_users_count 62 291
stats: request 231 6345.964987486472 9985.56041191838 45853.55908203125 0.65380859375 4958.0147327470295 889
stats: connect 45 0.8196668836805555 0.15881692548254583 116.477783203125 0.60009765625 1.1457161951546717 396
stats: page 207 6437.282438858696 10114.879010268234 45853.55908203125 0.663818359375 5270.455708212481 835
stats: 302 8 47
stats: 200 62 474
stats: size_rcv 9608358 60433380
stats: newphase 0 3
stats: size_sent 73054 385162
stats: connected -18 151
stats: 503 161 591
stats: 500 0 3
stats: 404 0 5
# stats: dump at 1480594625
stats: users 123 181
stats: {freemem,"tsung_controller@ip-172-31-13-122"} 1 3148.85546875 0.0 3162.296875 3148.85546875 3156.7478966346152 13
stats: {load,"tsung_controller@ip-172-31-13-122"} 1 0.078125 0.0 0.078125 0.0 0.0 13
stats: {recvpackets,"tsung_controller@ip-172-31-13-122"} 1 5498.0 0.0 8724 285 3348.6666666666665 12
stats: {sentpackets,"tsung_controller@ip-172-31-13-122"} 1 2796.0 0.0 4443 204 1728.8333333333333 12
stats: {cpu,"tsung_controller@ip-172-31-13-122"} 1 4.416094210009813 0.0 5.7673509286412505 1.3847675568743818 2.6907147173529973 13
stats: session 27 38672.073902271404 17723.918761703895 90034.13818359375 48.030029296875 16596.364421411887 291
stats: users_count 0 441
stats: finish_users_count 27 318
stats: request 84 3024.589779808406 7829.233357111625 45853.55908203125 0.65380859375 5244.27947278704 1120
stats: connect 0 0 0 116.477783203125 0.60009765625 1.1124458572491496 441
stats: page 69 3781.556251415306 8747.392920435663 45853.55908203125 0.663818359375 5502.253340884042 1042
stats: 302 2 49
stats: 200 9 483
stats: size_rcv 976162 61409542
stats: newphase 0 3
stats: size_sent 40641 425803
stats: connected -28 123
stats: 503 73 664
stats: 500 0 3
stats: 404 0 5
# stats: dump at 1480594635
stats: users 111 181
stats: {freemem,"tsung_controller@ip-172-31-13-122"} 1 3148.90625 0.0 3162.296875 3148.85546875 3156.184151785714 14
stats: {load,"tsung_controller@ip-172-31-13-122"} 1 0.0703125 0.0 0.078125 0.0 0.005580357142857143 14
stats: {recvpackets,"tsung_controller@ip-172-31-13-122"} 1 151.0 0.0 8724 151 3514.0 13
stats: {sentpackets,"tsung_controller@ip-172-31-13-122"} 1 236.0 0.0 4443 204 1810.923076923077 13
stats: {cpu,"tsung_controller@ip-172-31-13-122"} 1 1.678183613030602 0.0 5.7673509286412505 1.3847675568743818 2.813956109685627 14
stats: session 12 53282.76971435547 23196.450800224593 100348.6669921875 48.030029296875 18470.71711318298 318
stats: users_count 0 441
stats: finish_users_count 12 330
stats: request 36 9580.698018391928 15464.943151901418 45853.55908203125 0.65380859375 5089.4174011838795 1204
stats: connect 0 0 0 116.477783203125 0.60009765625 1.1124458572491496 441
stats: page 30 11496.897819010417 16277.789485503736 45853.55908203125 0.663818359375 5395.387365030449 1111
stats: 302 1 50
stats: 200 8 491
stats: size_rcv 639326 62048868
stats: newphase 0 3
stats: size_sent 16830 442633
stats: connected -12 111
stats: 503 26 690
stats: 500 0 3
stats: 404 1 6
# stats: dump at 1480594645
stats: users 103 181
stats: {freemem,"tsung_controller@ip-172-31-13-122"} 1 3148.7734375 0.0 3162.296875 3148.7734375 3155.6989583333334 15
stats: {load,"tsung_controller@ip-172-31-13-122"} 1 0.05859375 0.0 0.078125 0.0 0.009895833333333333 15
stats: {recvpackets,"tsung_controller@ip-172-31-13-122"} 1 2921.0 0.0 8724 151 3273.785714285714 14
stats: {sentpackets,"tsung_controller@ip-172-31-13-122"} 1 1426.0 0.0 4443 204 1698.4285714285713 14
stats: {cpu,"tsung_controller@ip-172-31-13-122"} 1 1.8793273986152326 0.0 5.7673509286412505 1.3847675568743818 2.7382379432419586 15
stats: session 8 55128.83712768555 22010.504955764976 103943.06909179688 48.030029296875 19736.609935043798 330
stats: users_count 0 441
stats: finish_users_count 8 338
stats: request 34 35524.4701573989 5511.41443291545 46238.1611328125 0.65380859375 5219.809419102822 1240
stats: connect 0 0 0 116.477783203125 0.60009765625 1.1124458572491496 441
stats: page 30 38031.555224609365 6715.396460003288 49823.23095703125 0.663818359375 5555.81270562589 1141
stats: 302 4 54
stats: 200 27 518
stats: size_rcv 5241550 67290418
stats: newphase 0 3
stats: size_sent 13246 455879
stats: connected -8 103
stats: 503 0 690
stats: 500 0 3
stats: 404 3 9
# stats: dump at 1480594655
stats: users 103 181
stats: {freemem,"tsung_controller@ip-172-31-13-122"} 1 3144.2421875 0.0 3162.296875 3144.2421875 3155.26611328125 16
stats: {load,"tsung_controller@ip-172-31-13-122"} 1 0.05078125 0.0 0.078125 0.0 0.012939453125 16
stats: {recvpackets,"tsung_controller@ip-172-31-13-122"} 1 1337.0 0.0 8724 151 3250.266666666667 15
stats: {sentpackets,"tsung_controller@ip-172-31-13-122"} 1 684.0 0.0 4443 204 1680.2666666666667 15
stats: {cpu,"tsung_controller@ip-172-31-13-122"} 1 1.8700787401574805 0.0 5.7673509286412505 1.3847675568743818 2.6845560342027883 16
stats: session 0 0 0 103943.06909179688 48.030029296875 20574.29578575721 338
stats: users_count 0 441
stats: finish_users_count 0 338
stats: request 6 44010.44523111979 6175.442351799572 57818.494873046875 0.65380859375 6028.568025933329 1274
stats: connect 0 0 0 116.477783203125 0.60009765625 1.1124458572491496 441
stats: page 5 57607.59233398437 8405.391814307523 63011.552001953125 0.663818359375 6387.812940954246 1171
stats: 302 1 55
stats: 200 5 523
stats: size_rcv 1014206 68304624
stats: newphase 0 3
stats: size_sent 4242 460121
stats: connected 0 103
stats: 503 0 690
stats: 500 0 3
stats: 404 0 9
# stats: dump at 1480594665
stats: users 102 181
stats: {freemem,"tsung_controller@ip-172-31-13-122"} 1 3148.5625 0.0 3162.296875 3144.2421875 3154.6176470588234 17
stats: {load,"tsung_controller@ip-172-31-13-122"} 1 0.0390625 0.0 0.078125 0.0 0.015165441176470588 17
stats: {recvpackets,"tsung_controller@ip-172-31-13-122"} 1 737.0 0.0 8724 151 3130.6875 16
stats: {sentpackets,"tsung_controller@ip-172-31-13-122"} 1 363.0 0.0 4443 204 1618.0 16
stats: {cpu,"tsung_controller@ip-172-31-13-122"} 1 1.477832512315271 0.0 5.7673509286412505 1.3847675568743818 2.6366456051413 17
stats: session 1 98103.80615234375 0.0 103943.06909179688 48.030029296875 20574.29578575721 338
stats: users_count 0 441
stats: finish_users_count 1 339
stats: request 8 53281.95251464844 5181.385481082652 65397.7119140625 0.65380859375 6206.6080753326405 1280
stats: connect 0 0 0 116.477783203125 0.60009765625 1.1124458572491496 441
stats: page 6 54614.52685546875 5344.818107475523 65397.7119140625 0.663818359375 6605.584111842979 1176
stats: 302 2 57
stats: 200 5 528
stats: size_rcv 3696675 72001299
stats: newphase 0 3
stats: size_sent 3933 464054
stats: connected -1 102
stats: 503 0 690
stats: 500 0 3
stats: 404 1 10
# stats: dump at 1480594675
stats: users 102 181
stats: {freemem,"tsung_controller@ip-172-31-13-122"} 1 3148.625 0.0 3162.296875 3144.2421875 3154.28125 18
stats: {load,"tsung_controller@ip-172-31-13-122"} 1 0.0390625 0.0 0.078125 0.0 0.016493055555555556 18
stats: {recvpackets,"tsung_controller@ip-172-31-13-122"} 1 2579.0 0.0 8724 151 2989.8823529411766 17
stats: {sentpackets,"tsung_controller@ip-172-31-13-122"} 1 896.0 0.0 4443 204 1544.1764705882354 17
stats: {cpu,"tsung_controller@ip-172-31-13-122"} 1 1.5763546798029555 0.0 5.7673509286412505 1.3847675568743818 2.5722670999842983 18
stats: session 0 0 0 103943.06909179688 48.030029296875 20802.996406307615 339
stats: users_count 0 441
stats: finish_users_count 0 339
stats: request 0 0 0 65397.7119140625 0.65380859375 6499.0015190550985 1288
stats: connect 0 0 0 116.477783203125 0.60009765625 1.1124458572491496 441
stats: page 0 0 0 65397.7119140625 0.663818359375 6849.284328815698 1182
stats: 302 0 57
stats: 200 0 528
stats: size_rcv 0 72001299
stats: newphase 0 3
stats: size_sent 506 464560
stats: connected 0 102
stats: 503 0 690
stats: 500 0 3
stats: 404 0 10
# stats: dump at 1480594685
stats: users 97 181
stats: {freemem,"tsung_controller@ip-172-31-13-122"} 1 3148.625 0.0 3162.296875 3144.2421875 3153.9835526315787 19
stats: {load,"tsung_controller@ip-172-31-13-122"} 1 0.03125 0.0 0.078125 0.0 0.01768092105263158 19
stats: {recvpackets,"tsung_controller@ip-172-31-13-122"} 1 935.0 0.0 8724 151 2967.0555555555557 18
stats: {sentpackets,"tsung_controller@ip-172-31-13-122"} 1 267.0 0.0 4443 204 1508.1666666666667 18
stats: {cpu,"tsung_controller@ip-172-31-13-122"} 1 1.477832512315271 0.0 5.7673509286412505 1.3847675568743818 2.519850656816859 19
stats: session 5 85869.6646484375 16253.329224474892 116127.73095703125 48.030029296875 20802.996406307615 339
stats: users_count 0 441
stats: finish_users_count 5 344
stats: request 34 67991.08654067095 2266.451279270064 72638.40893554688 0.65380859375 6499.0015190550985 1288
stats: connect 0 0 0 116.477783203125 0.60009765625 1.1124458572491496 441
stats: page 25 67893.48462890627 2310.001538271225 72638.40893554688 0.663818359375 6849.284328815698 1182
stats: 302 9 66
stats: 200 19 547
stats: size_rcv 5460093 77461392
stats: newphase 0 3
stats: size_sent 7847 472407
stats: connected -5 97
stats: 503 0 690
stats: 500 0 3
stats: 404 6 16
# stats: dump at 1480594695
stats: users 94 181
stats: {freemem,"tsung_controller@ip-172-31-13-122"} 1 3148.640625 0.0 3162.296875 3144.2421875 3153.715625 20
stats: {load,"tsung_controller@ip-172-31-13-122"} 1 0.03125 0.0 0.078125 0.0 0.018359375 20
stats: {recvpackets,"tsung_controller@ip-172-31-13-122"} 1 3873.0 0.0 8724 151 2860.1052631578946 19
stats: {sentpackets,"tsung_controller@ip-172-31-13-122"} 1 1840.0 0.0 4443 204 1442.842105263158 19
stats: {cpu,"tsung_controller@ip-172-31-13-122"} 1 2.0710059171597637 0.0 5.7673509286412505 1.3847675568743818 2.4677497495917797 20
stats: session 3 114636.81372070313 30694.56448179993 156020.14013671875 48.030029296875 21748.732863315316 344
stats: users_count 0 441
stats: finish_users_count 3 347
stats: request 9 68822.18489583333 1621.841353212486 73311.18505859375 0.65380859375 8080.492359247942 1322
stats: connect 0 0 0 116.477783203125 0.60009765625 1.1124458572491496 441
stats: page 7 69025.73716517857 1785.2988671057592 73311.18505859375 0.663818359375 8113.66295972064 1207
stats: 302 2 68
stats: 200 5 552
stats: size_rcv 1314089 78775481
stats: newphase 0 3
stats: size_sent 7486 479893
stats: connected -3 94
stats: 503 0 690
stats: 500 0 3
stats: 404 2 18
# stats: dump at 1480594705
stats: users 78 181
stats: {freemem,"tsung_controller@ip-172-31-13-122"} 1 3148.640625 0.0 3162.296875 3144.2421875 3153.4739583333335 21
stats: {load,"tsung_controller@ip-172-31-13-122"} 1 0.01953125 0.0 0.078125 0.0 0.018973214285714284 21
stats: {recvpackets,"tsung_controller@ip-172-31-13-122"} 1 445.0 0.0 8724 151 2910.75 20
stats: {sentpackets,"tsung_controller@ip-172-31-13-122"} 1 175.0 0.0 4443 175 1462.7 20
stats: {cpu,"tsung_controller@ip-172-31-13-122"} 1 1.279527559055118 0.0 5.7673509286412505 1.279527559055118 2.4488571861426363 21
stats: session 16 125347.02624511719 21560.577346537735 156020.14013671875 48.030029296875 22551.79984479129 347
stats: users_count 0 441
stats: finish_users_count 16 363
stats: request 78 47338.95248021835 19675.422530271597 89828.30200195313 0.65380859375 8491.217552958888 1331
stats: connect 0 0 0 116.477783203125 0.60009765625 1.1124458572491496 441
stats: page 68 61832.8050142176 23844.254801592684 102372.35302734375 0.663818359375 8464.885792865785 1214
stats: 302 18 86
stats: 200 51 603
stats: size_rcv 3056629 81832110
stats: newphase 0 3
stats: size_sent 23714 503607
stats: connected -16 78
stats: 503 0 690
stats: 500 1 4
stats: 404 8 26
# stats: dump at 1480594715
stats: users 60 181
stats: {freemem,"tsung_controller@ip-172-31-13-122"} 1 3148.38671875 0.0 3162.296875 3144.2421875 3153.2542613636365 22
stats: {load,"tsung_controller@ip-172-31-13-122"} 1 0.01953125 0.0 0.078125 0.0 0.018998579545454544 22
stats: {recvpackets,"tsung_controller@ip-172-31-13-122"} 1 2304.0 0.0 8724 151 2793.3333333333335 21
stats: {sentpackets,"tsung_controller@ip-172-31-13-122"} 1 1169.0 0.0 4443 175 1401.3809523809523 21
stats: {cpu,"tsung_controller@ip-172-31-13-122"} 1 2.167487684729064 0.0 5.7673509286412505 1.279527559055118 2.39570583945684 22
stats: session 18 133757.80763075087 17883.01641401964 160511.90405273438 48.030029296875 27082.718914778106 363
stats: users_count 0 441
stats: finish_users_count 18 381
stats: request 33 18700.406597715435 17571.490858379824 90859.40478515625 0.65380859375 10641.76639918049 1409
stats: connect 0 0 0 116.477783203125 0.60009765625 1.1124458572491496 441
stats: page 30 35871.748404947924 26976.952521930358 102372.35302734375 0.663818359375 11295.633458272901 1282
stats: 302 10 96
stats: 200 15 618
stats: size_rcv 2692329 84524439
stats: newphase 0 3
stats: size_sent 16703 520310
stats: connected -18 60
stats: 503 0 690
stats: 500 0 4
stats: 404 8 34
# stats: dump at 1480594725
stats: users 56 181
stats: {freemem,"tsung_controller@ip-172-31-13-122"} 1 3148.41796875 0.0 3162.296875 3144.2421875 3153.042629076087 23
stats: {load,"tsung_controller@ip-172-31-13-122"} 1 0.01953125 0.0 0.078125 0.0 0.019021739130434784 23
stats: {recvpackets,"tsung_controller@ip-172-31-13-122"} 1 1566.0 0.0 8724 151 2771.090909090909 22
stats: {sentpackets,"tsung_controller@ip-172-31-13-122"} 1 768.0 0.0 4443 175 1390.8181818181818 22
stats: {cpu,"tsung_controller@ip-172-31-13-122"} 1 1.5794669299111548 0.0 5.7673509286412505 1.279527559055118 2.3857833109904147 23
stats: session 4 153961.4012451172 22422.384864264375 171752.10791015625 48.030029296875 32122.486885611466 381
stats: users_count 0 441
stats: finish_users_count 4 385
stats: request 21 23665.871570405507 6057.620788862048 90859.40478515625 0.65380859375 10826.187430076227 1442
stats: connect 0 0 0 116.477783203125 0.60009765625 1.1124458572491496 441
stats: page 19 23818.07921720806 6348.007281238434 102372.35302734375 0.663818359375 11857.587306138947 1312
stats: 302 16 112
stats: 200 5 623
stats: size_rcv 1586289 86110728
stats: newphase 0 3
stats: size_sent 5396 525706
stats: connected -4 56
stats: 503 0 690
stats: 500 0 4
stats: 404 0 34
# stats: dump at 1480594735
stats: users 55 181
stats: {freemem,"tsung_controller@ip-172-31-13-122"} 1 3148.28125 0.0 3162.296875 3144.2421875 3152.8499348958335 24
stats: {load,"tsung_controller@ip-172-31-13-122"} 1 0.01171875 0.0 0.078125 0.0 0.01904296875 24
stats: {recvpackets,"tsung_controller@ip-172-31-13-122"} 1 2988.0 0.0 8724 151 2718.695652173913 23
stats: {sentpackets,"tsung_controller@ip-172-31-13-122"} 1 1446.0 0.0 4443 175 1363.7391304347825 23
stats: {cpu,"tsung_controller@ip-172-31-13-122"} 1 1.966568338249754 0.0 5.7673509286412505 1.279527559055118 2.3521867951121123 24
stats: session 1 136721.2138671875 0.0 171752.10791015625 48.030029296875 33388.345736099836 385
stats: users_count 0 441
stats: finish_users_count 1 386
stats: request 10 31296.309814453125 9557.959311032622 90859.40478515625 0.65380859375 11010.489116301049 1463
stats: connect 0 0 0 116.477783203125 0.60009765625 1.1124458572491496 441
stats: page 9 32222.477023654516 9639.877529002822 102372.35302734375 0.663818359375 12028.323103517094 1331
stats: 302 4 116
stats: 200 6 629
stats: size_rcv 3875100 89985828
stats: newphase 0 3
stats: size_sent 8992 534698
stats: connected -1 55
stats: 503 0 690
stats: 500 0 4
stats: 404 0 34
# stats: dump at 1480594745
stats: users 54 181
stats: {freemem,"tsung_controller@ip-172-31-13-122"} 1 3148.2734375 0.0 3162.296875 3144.2421875 3152.6671875 25
stats: {load,"tsung_controller@ip-172-31-13-122"} 1 0.01171875 0.0 0.078125 0.0 0.01875 25
stats: {recvpackets,"tsung_controller@ip-172-31-13-122"} 1 1010.0 0.0 8724 151 2729.9166666666665 24
stats: {sentpackets,"tsung_controller@ip-172-31-13-122"} 1 469.0 0.0 4443 175 1367.1666666666667 24
stats: {cpu,"tsung_controller@ip-172-31-13-122"} 1 1.5732546705998034 0.0 5.7673509286412505 1.279527559055118 2.336762056837618 25
stats: session 1 132263.22216796875 0.0 171752.10791015625 48.030029296875 33656.04746700939 386
stats: users_count 0 441
stats: finish_users_count 1 387
stats: request 13 32996.19613882212 3059.990935724247 90859.40478515625 0.65380859375 11148.206839981647 1473
stats: connect 0 0 0 116.477783203125 0.60009765625 1.1124458572491496 441
stats: page 13 37168.22737004207 7953.892677864987 102372.35302734375 0.663818359375 12163.955480592644 1340
stats: 302 7 123
stats: 200 6 635
stats: size_rcv 153767 90139595
stats: newphase 0 3
stats: size_sent 6218 540916
stats: connected -1 54
stats: 503 0 690
stats: 500 0 4
stats: 404 0 34
# stats: dump at 1480594755
stats: users 12 181
stats: {freemem,"tsung_controller@ip-172-31-13-122"} 1 3148.1796875 0.0 3162.296875 3144.2421875 3152.4981971153848 26
stats: {load,"tsung_controller@ip-172-31-13-122"} 1 0.01171875 0.0 0.078125 0.0 0.018479567307692308 26
stats: {recvpackets,"tsung_controller@ip-172-31-13-122"} 1 533.0 0.0 8724 151 2661.12 25
stats: {sentpackets,"tsung_controller@ip-172-31-13-122"} 1 310.0 0.0 4443 175 1331.24 25
stats: {cpu,"tsung_controller@ip-172-31-13-122"} 1 1.477832512315271 0.0 5.7673509286412505 1.279527559055118 2.3073963881361634 26
stats: session 42 159508.4767368862 14046.759680794323 188555.64086914063 48.030029296875 33910.84636804546 387
stats: users_count 0 441
stats: finish_users_count 42 429
stats: request 66 17940.872255267517 12368.372560461561 90859.40478515625 0.65380859375 11339.339989971504 1486
stats: connect 0 0 0 116.477783203125 0.60009765625 1.1124458572491496 441
stats: page 62 20185.468919323335 13573.562202615632 102372.35302734375 0.663818359375 12404.203473617657 1353
stats: 302 45 168
stats: 200 20 655
stats: size_rcv 4299296 94438891
stats: newphase 0 3
stats: size_sent 10450 551366
stats: connected -39 15
stats: 503 0 690
stats: 500 1 5
stats: 404 0 34
# stats: dump at 1480594765
stats: users 1 181
stats: {freemem,"tsung_controller@ip-172-31-13-122"} 1 3148.19140625 0.0 3162.296875 3144.2421875 3152.338252314815 27
stats: {load,"tsung_controller@ip-172-31-13-122"} 1 0.078125 0.0 0.078125 0.0 0.018229166666666668 27
stats: {recvpackets,"tsung_controller@ip-172-31-13-122"} 1 3702.0 0.0 8724 151 2579.269230769231 26
stats: {sentpackets,"tsung_controller@ip-172-31-13-122"} 1 1734.0 0.0 4443 175 1291.9615384615386 26
stats: {cpu,"tsung_controller@ip-172-31-13-122"} 1 1.8756169792694966 0.0 5.7673509286412505 1.279527559055118 2.2766718001427972 27
stats: session 11 163374.6190074574 3169.144366956392 188555.64086914063 48.030029296875 46207.11787268721 429
stats: users_count 0 441
stats: finish_users_count 11 440
stats: request 18 4410.284586588542 12625.742189712955 90859.40478515625 0.65380859375 11620.075253830742 1552
stats: connect 0 0 0 116.477783203125 0.60009765625 1.1124458572491496 441
stats: page 18 4410.284586588542 12625.742189712955 102372.35302734375 0.663818359375 12745.149380072606 1415
stats: 302 11 179
stats: 200 7 662
stats: size_rcv 2124803 96563694
stats: newphase 0 3
stats: size_sent 8262 559628
stats: connected -14 1
stats: 503 0 690
stats: 500 0 5
stats: 404 0 34
# stats: dump at 1480594770
stats: users 0 181
stats: {freemem,"tsung_controller@ip-172-31-13-122"} 1 3148.35546875 0.0 3162.296875 3144.2421875 3152.1901506696427 28
stats: {load,"tsung_controller@ip-172-31-13-122"} 1 0.0703125 0.0 0.078125 0.0 0.020368303571428572 28
stats: {recvpackets,"tsung_controller@ip-172-31-13-122"} 1 676.0 0.0 8724 151 2620.8518518518517 27
stats: {sentpackets,"tsung_controller@ip-172-31-13-122"} 1 138.0 0.0 4443 138 1308.3333333333333 27
stats: {cpu,"tsung_controller@ip-172-31-13-122"} 1 1.376597836774828 0.0 5.7673509286412505 1.279527559055118 2.2623484136830365 28
stats: session 1 159658.23999023438 0.0 188555.64086914063 48.030029296875 49136.30540105647 440
stats: users_count 0 441
stats: finish_users_count 1 441
stats: request 0 0 0 90859.40478515625 0.65380859375 11537.415233441978 1570
stats: connect 0 0 0 116.477783203125 0.60009765625 1.1124458572491496 441
stats: page 0 0 0 102372.35302734375 0.663818359375 12640.454637377063 1433
stats: 302 0 179
stats: 200 0 662
stats: size_rcv 0 96563694
stats: newphase 0 3
stats: size_sent 0 559628
stats: connected -1 0
stats: 503 0 690
stats: 500 0 5
stats: 404 0 34
EndMonitor:{1480,594770,10530}
