# stats: dump at 1480612772
stats: users 9 9
stats: {freemem,"tsung_controller@ip-172-31-13-122"} 1 3155.38671875 0 3155.38671875 3155.38671875 0 0
stats: {load,"tsung_controller@ip-172-31-13-122"} 1 0.078125 0 0.078125 0.078125 0 0
stats: {cpu,"tsung_controller@ip-172-31-13-122"} 1 3.250331059917007 0 3.250331059917007 3.250331059917007 0 0
stats: users_count 9 9
stats: finish_users_count 0 0
stats: request 24 54.25103759765625 41.46467885120717 183.524169921875 17.237060546875 0 0
stats: connect 9 15.48752170138889 39.31336358488333 126.676025390625 1.081787109375 0 0
stats: page 24 54.25103759765625 41.46467885120717 183.524169921875 17.237060546875 0 0
stats: 200 24 24
stats: size_rcv 4135752 4135752
stats: size_sent 14290 14290
stats: connected 9 9
# stats: dump at 1480612782
stats: users 18 18
stats: {freemem,"tsung_controller@ip-172-31-13-122"} 1 3155.31640625 0.0 3155.38671875 3155.31640625 3155.38671875 1
stats: {load,"tsung_controller@ip-172-31-13-122"} 1 0.0703125 0.0 0.078125 0.0703125 0.078125 1
stats: {recvpackets,"tsung_controller@ip-172-31-13-122"} 1 2998 0 2998 2998 0 0
stats: {sentpackets,"tsung_controller@ip-172-31-13-122"} 1 1548 0 1548 1548 0 0
stats: {cpu,"tsung_controller@ip-172-31-13-122"} 1 2.949852507374631 0.0 3.250331059917007 2.949852507374631 3.250331059917007 1
stats: users_count 9 18
stats: finish_users_count 0 0
stats: request 49 1058.4495226801662 1868.1948635111232 4897.31494140625 7.927978515625 54.25103759765625 24
stats: connect 9 1.54248046875 0.4141993746260523 126.676025390625 1.081787109375 15.48752170138889 9
stats: page 49 1058.4495226801662 1868.1948635111232 4897.31494140625 7.927978515625 54.25103759765625 24
stats: 200 48 72
stats: size_rcv 16103064 20238816
stats: size_sent 28799 43089
stats: connected 9 18
stats: 500 1 1
# stats: dump at 1480612792
stats: users 21 21
stats: {freemem,"tsung_controller@ip-172-31-13-122"} 1 3153.75390625 0.0 3155.38671875 3153.75390625 3155.3515625 2
stats: {load,"tsung_controller@ip-172-31-13-122"} 1 0.05859375 0.0 0.078125 0.05859375 0.07421875 2
stats: {recvpackets,"tsung_controller@ip-172-31-13-122"} 1 12346.0 0.0 12346 2998 2998.0 1
stats: {sentpackets,"tsung_controller@ip-172-31-13-122"} 1 6237.0 0.0 6237 1548 1548.0 1
stats: {cpu,"tsung_controller@ip-172-31-13-122"} 1 4.738400789733465 0.0 4.738400789733465 2.949852507374631 3.1000917836458193 2
stats: users_count 3 21
stats: finish_users_count 0 0
stats: request 64 978.5166511535645 1753.6128149246126 4934.344970703125 7.927978515625 728.302075529752 73
stats: connect 3 1.5043131510416667 0.39356772898397124 126.676025390625 1.081787109375 8.515001085069445 18
stats: page 64 978.5166511535645 1753.6128149246126 4934.344970703125 7.927978515625 728.302075529752 73
stats: 200 64 136
stats: size_rcv 17322435 37561251
stats: size_sent 40799 83888
stats: connected 3 21
stats: 500 0 1
# stats: dump at 1480612802
stats: users 29 29
stats: {freemem,"tsung_controller@ip-172-31-13-122"} 1 3152.31640625 0.0 3155.38671875 3152.31640625 3154.8190104166665 3
stats: {load,"tsung_controller@ip-172-31-13-122"} 1 0.05078125 0.0 0.078125 0.05078125 0.06901041666666667 3
stats: {recvpackets,"tsung_controller@ip-172-31-13-122"} 1 12738.0 0.0 12738 2998 7672.0 2
stats: {sentpackets,"tsung_controller@ip-172-31-13-122"} 1 6353.0 0.0 6353 1548 3892.5 2
stats: {cpu,"tsung_controller@ip-172-31-13-122"} 1 5.009823182711198 0.0 5.009823182711198 2.949852507374631 3.6461947856750343 3
stats: session 2 31095.013427734375 157.865478515625 31252.87890625 30937.14794921875 0 0
stats: users_count 10 31
stats: finish_users_count 2 2
stats: request 82 812.4457263481327 1662.3006922306909 5194.41015625 7.674072265625 845.1906364051096 137
stats: connect 10 1.61337890625 0.5805215208317727 126.676025390625 1.073974609375 7.513474237351191 21
stats: page 82 812.4457263481327 1662.3006922306909 5194.41015625 7.674072265625 845.1906364051096 137
stats: 200 81 217
stats: size_rcv 19105131 56666382
stats: newphase 1 1
stats: size_sent 54844 138732
stats: connected 8 29
stats: 500 1 2
# stats: dump at 1480612812
stats: users 42 42
stats: {freemem,"tsung_controller@ip-172-31-13-122"} 1 3150.5078125 0.0 3155.38671875 3150.5078125 3154.193359375 4
stats: {load,"tsung_controller@ip-172-31-13-122"} 1 0.0390625 0.0 0.078125 0.0390625 0.064453125 4
stats: {recvpackets,"tsung_controller@ip-172-31-13-122"} 1 15127.0 0.0 15127 2998 9360.666666666666 3
stats: {sentpackets,"tsung_controller@ip-172-31-13-122"} 1 7314.0 0.0 7314 1548 4712.666666666667 3
stats: {cpu,"tsung_controller@ip-172-31-13-122"} 1 5.899705014749262 0.0 5.899705014749262 2.949852507374631 3.9871018849340754 4
stats: session 8 36920.992126464844 4171.122165706797 43929.906982421875 30937.14794921875 31095.013427734375 2
stats: users_count 21 52
stats: finish_users_count 8 10
stats: request 116 971.3906376279637 1942.0750768523847 6097.968994140625 7.674072265625 832.929985150899 219
stats: connect 20 1.6959228515625 0.4497299171944887 126.676025390625 1.073974609375 5.610217678931452 31
stats: page 116 971.3906376279637 1942.0750768523847 6097.968994140625 7.674072265625 832.929985150899 219
stats: 200 116 333
stats: size_rcv 28581635 85248017
stats: newphase 0 1
stats: size_sent 70769 209501
stats: connected 12 41
stats: 500 0 2
# stats: dump at 1480612822
stats: users 59 59
stats: {freemem,"tsung_controller@ip-172-31-13-122"} 1 3149.9140625 0.0 3155.38671875 3149.9140625 3153.45625 5
stats: {load,"tsung_controller@ip-172-31-13-122"} 1 0.0390625 0.0 0.078125 0.0390625 0.059375 5
stats: {recvpackets,"tsung_controller@ip-172-31-13-122"} 1 21722.0 0.0 21722 2998 10802.25 4
stats: {sentpackets,"tsung_controller@ip-172-31-13-122"} 1 10723.0 0.0 10723 1548 5363.0 4
stats: {cpu,"tsung_controller@ip-172-31-13-122"} 1 7.5322101090188305 0.0 7.5322101090188305 2.949852507374631 4.369622510897113 5
stats: session 5 40601.552978515625 3422.8321549209318 45194.172119140625 30937.14794921875 35755.79638671875 10
stats: users_count 22 74
stats: finish_users_count 5 15
stats: request 145 946.253209186422 2081.1496168822114 7661.713134765625 7.674072265625 880.8745692922108 335
stats: connect 23 2.019223420516304 1.039763058806829 126.676025390625 1.073974609375 4.075200099571078 51
stats: page 145 946.253209186422 2081.1496168822114 7661.713134765625 7.674072265625 880.8745692922108 335
stats: 200 142 475
stats: size_rcv 34777610 120025627
stats: newphase 0 1
stats: size_sent 90992 300493
stats: connected 18 59
stats: 500 3 5
# stats: dump at 1480612832
stats: users 79 79
stats: {freemem,"tsung_controller@ip-172-31-13-122"} 1 3146.52734375 0.0 3155.38671875 3146.52734375 3152.8658854166665 6
stats: {load,"tsung_controller@ip-172-31-13-122"} 1 0.03125 0.0 0.078125 0.03125 0.055989583333333336 6
stats: {recvpackets,"tsung_controller@ip-172-31-13-122"} 1 21728.0 0.0 21728 2998 12986.2 5
stats: {sentpackets,"tsung_controller@ip-172-31-13-122"} 1 11046.0 0.0 11046 1548 6435.0 5
stats: {cpu,"tsung_controller@ip-172-31-13-122"} 1 8.69140625 0.0 8.69140625 2.949852507374631 4.896720443917399 6
stats: session 5 42162.91201171875 5221.348221623022 48942.14208984375 30937.14794921875 37371.048583984375 15
stats: users_count 25 99
stats: finish_users_count 5 20
stats: request 172 1589.4938652570856 3093.0102374400994 10639.239013671875 7.674072265625 900.6243667602538 480
stats: connect 24 2.4853006998697915 4.27285888270613 126.676025390625 0.963134765625 3.436180320945946 74
stats: page 172 1589.4938652570856 3093.0102374400994 10639.239013671875 7.674072265625 900.6243667602538 480
stats: 200 171 646
stats: size_rcv 42698418 162724045
stats: newphase 1 2
stats: size_sent 112399 412892
stats: connected 19 78
stats: 500 2 7
# stats: dump at 1480612842
stats: users 123 123
stats: {freemem,"tsung_controller@ip-172-31-13-122"} 1 3141.19921875 0.0 3155.38671875 3141.19921875 3151.960379464286 7
stats: {load,"tsung_controller@ip-172-31-13-122"} 1 0.03125 0.0 0.078125 0.03125 0.052455357142857144 7
stats: {recvpackets,"tsung_controller@ip-172-31-13-122"} 1 35738.0 0.0 35738 2998 14443.166666666666 6
stats: {sentpackets,"tsung_controller@ip-172-31-13-122"} 1 17124.0 0.0 17124 1548 7203.5 6
stats: {cpu,"tsung_controller@ip-172-31-13-122"} 1 12.124151309408342 0.0 12.124151309408342 2.949852507374631 5.438818416214914 7
stats: session 4 40988.433532714844 3966.7574021404166 48942.14208984375 30937.14794921875 38569.01444091797 20
stats: users_count 48 147
stats: finish_users_count 4 24
stats: request 227 2021.5857396062775 3523.5311918049506 12928.712890625 7.674072265625 1082.3506761796634 652
stats: connect 49 1.8997329400510203 1.5978564733355496 126.676025390625 0.8818359375 3.203311842315051 98
stats: page 227 2021.5857396062775 3523.5311918049506 12928.712890625 7.674072265625 1082.3506761796634 652
stats: 200 222 868
stats: size_rcv 52552624 215276669
stats: newphase 0 2
stats: size_sent 149476 562368
stats: connected 45 123
stats: 500 5 12
# stats: dump at 1480612852
stats: users 157 157
stats: {freemem,"tsung_controller@ip-172-31-13-122"} 1 3137.91796875 0.0 3155.38671875 3137.91796875 3150.615234375 8
stats: {load,"tsung_controller@ip-172-31-13-122"} 1 0.01953125 0.0 0.078125 0.01953125 0.0498046875 8
stats: {recvpackets,"tsung_controller@ip-172-31-13-122"} 1 35130.0 0.0 35738 2998 17485.285714285714 7
stats: {sentpackets,"tsung_controller@ip-172-31-13-122"} 1 17726.0 0.0 17726 1548 8620.714285714286 7
stats: {cpu,"tsung_controller@ip-172-31-13-122"} 1 13.026444662095985 0.0 13.026444662095985 2.949852507374631 6.274485027864092 8
stats: session 3 52442.53173828125 6949.501570623787 62059.175048828125 30937.14794921875 38972.250956217445 24
stats: users_count 37 184
stats: finish_users_count 3 27
stats: request 174 4259.167537996138 4499.496703952388 17157.744140625 7.674072265625 1324.9062613876742 879
stats: connect 35 1.982638113839285 1.6245668114426008 126.676025390625 0.8818359375 2.768785541560374 147
stats: page 174 4259.167537996138 4499.496703952388 17157.744140625 7.674072265625 1324.9062613876742 879
stats: 200 171 1039
stats: size_rcv 47283410 262560079
stats: newphase 0 2
stats: size_sent 127660 690028
stats: connected 32 155
stats: 500 3 15
# stats: dump at 1480612862
stats: users 214 214
stats: {freemem,"tsung_controller@ip-172-31-13-122"} 1 3134.47265625 0.0 3155.38671875 3134.47265625 3149.2044270833335 9
stats: {load,"tsung_controller@ip-172-31-13-122"} 1 0.01953125 0.0 0.078125 0.01953125 0.046440972222222224 9
stats: {recvpackets,"tsung_controller@ip-172-31-13-122"} 1 31007.0 0.0 35738 2998 19690.875 8
stats: {sentpackets,"tsung_controller@ip-172-31-13-122"} 1 15520.0 0.0 17726 1548 9758.875 8
stats: {cpu,"tsung_controller@ip-172-31-13-122"} 1 11.023622047244094 0.0 13.026444662095985 2.949852507374631 7.024702765000969 9
stats: session 5 53973.11259765625 5436.4672069097805 62561.126220703125 30937.14794921875 40468.9488208912 27
stats: users_count 62 246
stats: finish_users_count 5 32
stats: request 202 5727.294005743348 5005.1943865749 20397.377197265625 7.674072265625 1809.7699481206969 1053
stats: connect 64 2.0091285705566406 1.591389137901496 126.676025390625 0.8818359375 2.6176033439217035 182
stats: page 202 5727.294005743348 5005.1943865749 20397.377197265625 7.674072265625 1809.7699481206969 1053
stats: 200 199 1238
stats: size_rcv 48921480 311481559
stats: newphase 1 3
stats: size_sent 121071 811099
stats: connected 59 214
stats: 500 4 19
# stats: dump at 1480612872
stats: users 297 297
stats: {freemem,"tsung_controller@ip-172-31-13-122"} 1 3125.36328125 0.0 3155.38671875 3125.36328125 3147.73125 10
stats: {load,"tsung_controller@ip-172-31-13-122"} 1 0.01953125 0.0 0.078125 0.01953125 0.04375 10
stats: {recvpackets,"tsung_controller@ip-172-31-13-122"} 1 41680.0 0.0 41680 2998 20948.222222222223 9
stats: {sentpackets,"tsung_controller@ip-172-31-13-122"} 1 20884.0 0.0 20884 1548 10399.0 9
stats: {cpu,"tsung_controller@ip-172-31-13-122"} 1 15.310077519379844 0.0 15.310077519379844 2.949852507374631 7.424594693225281 10
stats: session 8 59484.39465332031 4783.7010803006 68517.19311523438 30937.14794921875 42578.97441101074 32
stats: users_count 91 337
stats: finish_users_count 8 40
stats: request 343 4725.131159746267 4947.489666990345 20397.377197265625 7.674072265625 2440.319637076693 1255
stats: connect 90 1.9047037760416667 1.2236448500652484 126.676025390625 0.8818359375 2.459300963859248 246
stats: page 343 4725.131159746267 4947.489666990345 20397.377197265625 7.674072265625 2440.319637076693 1255
stats: 200 334 1572
stats: size_rcv 76169737 387651296
stats: newphase 0 3
stats: size_sent 247808 1058907
stats: connected 82 296
stats: 500 7 26
# stats: dump at 1480612882
stats: users 382 382
stats: {freemem,"tsung_controller@ip-172-31-13-122"} 1 3119.83203125 0.0 3155.38671875 3119.83203125 3145.6977982954545 11
stats: {load,"tsung_controller@ip-172-31-13-122"} 1 0.01171875 0.0 0.078125 0.01171875 0.041548295454545456 11
stats: {recvpackets,"tsung_controller@ip-172-31-13-122"} 1 46435.0 0.0 46435 2998 23021.4 10
stats: {sentpackets,"tsung_controller@ip-172-31-13-122"} 1 23541.0 0.0 23541 1548 11447.5 10
stats: {cpu,"tsung_controller@ip-172-31-13-122"} 1 17.65853658536585 0.0 17.65853658536585 2.949852507374631 8.141456768330242 11
stats: session 2 63718.636962890625 3585.513916015625 68517.19311523438 30937.14794921875 45960.05845947265 40
stats: users_count 87 424
stats: finish_users_count 2 42
stats: request 240 8924.698391723628 4290.652887690998 23597.218994140625 7.674072265625 2930.739131617159 1598
stats: connect 86 1.7984761082848837 1.4877694992332382 126.676025390625 0.8818359375 2.3107481456938244 336
stats: page 240 8924.698391723628 4290.652887690998 23597.218994140625 7.674072265625 2930.739131617159 1598
stats: 200 240 1812
stats: size_rcv 63323977 450975273
stats: newphase 0 3
stats: size_sent 171471 1230378
stats: connected 84 380
stats: 500 1 27
# stats: dump at 1480612892
stats: users 394 395
stats: {freemem,"tsung_controller@ip-172-31-13-122"} 1 3109.265625 0.0 3155.38671875 3109.265625 3143.5423177083335 12
stats: {load,"tsung_controller@ip-172-31-13-122"} 1 0.01171875 0.0 0.078125 0.01171875 0.0390625 12
stats: {recvpackets,"tsung_controller@ip-172-31-13-122"} 1 48968.0 0.0 48968 2998 25149.909090909092 11
stats: {sentpackets,"tsung_controller@ip-172-31-13-122"} 1 24537.0 0.0 24537 1548 12546.90909090909 11
stats: {cpu,"tsung_controller@ip-172-31-13-122"} 1 17.85028790786948 0.0 17.85028790786948 2.949852507374631 8.93454675308321 12
stats: session 1 88408.119140625 0.0 88408.119140625 30937.14794921875 46805.70505487351 42
stats: users_count 13 437
stats: finish_users_count 1 43
stats: request 162 12579.450477129147 4740.054841290123 24569.85595703125 7.674072265625 3713.4106345690375 1838
stats: connect 15 3.0177897135416667 5.5499945693996615 126.676025390625 0.8818359375 2.2063514745630926 422
stats: page 162 12579.450477129147 4740.054841290123 24569.85595703125 7.674072265625 3713.4106345690375 1838
stats: 200 157 1969
stats: size_rcv 38299952 489275225
stats: newphase 0 3
stats: size_sent 132305 1362683
stats: connected 14 394
stats: 500 4 31
# stats: dump at 1480612902
stats: users 388 395
stats: {freemem,"tsung_controller@ip-172-31-13-122"} 1 3105.890625 0.0 3155.38671875 3105.890625 3140.9056490384614 13
stats: {load,"tsung_controller@ip-172-31-13-122"} 1 0.01171875 0.0 0.078125 0.01171875 0.036959134615384616 13
stats: {recvpackets,"tsung_controller@ip-172-31-13-122"} 1 25575.0 0.0 48968 2998 27134.75 12
stats: {sentpackets,"tsung_controller@ip-172-31-13-122"} 1 12523.0 0.0 24537 1548 13546.083333333334 12
stats: {cpu,"tsung_controller@ip-172-31-13-122"} 1 8.7426326129666 0.0 17.85028790786948 2.949852507374631 9.620372995759075 13
stats: session 6 85717.9384765625 6711.004529868848 98881.0859375 30937.14794921875 47773.20305686773 43
stats: users_count 0 437
stats: finish_users_count 6 49
stats: request 174 17383.531637257547 3657.8803801292065 29170.616943359375 7.674072265625 4431.559861816406 2000
stats: connect 0 0 0 126.676025390625 0.8818359375 2.2342040456950802 437
stats: page 174 17383.531637257547 3657.8803801292065 29170.616943359375 7.674072265625 4431.559861816406 2000
stats: 200 169 2138
stats: size_rcv 49137870 538413095
stats: newphase 0 3
stats: size_sent 93773 1456456
stats: connected -6 388
stats: 500 5 36
# stats: dump at 1480612912
stats: users 381 395
stats: {freemem,"tsung_controller@ip-172-31-13-122"} 1 3103.86328125 0.0 3155.38671875 3103.86328125 3138.4045758928573 14
stats: {load,"tsung_controller@ip-172-31-13-122"} 1 0.01171875 0.0 0.078125 0.01171875 0.03515625 14
stats: {recvpackets,"tsung_controller@ip-172-31-13-122"} 1 33197.0 0.0 48968 2998 27014.76923076923 13
stats: {sentpackets,"tsung_controller@ip-172-31-13-122"} 1 16508.0 0.0 24537 1548 13467.384615384615 13
stats: {cpu,"tsung_controller@ip-172-31-13-122"} 1 11.448140900195694 0.0 17.85028790786948 2.949852507374631 9.55767725413104 14
stats: session 7 89664.2548828125 6668.30562697829 101993.13793945313 30937.14794921875 52419.49718989158 49
stats: users_count 0 437
stats: finish_users_count 7 56
stats: request 226 18677.07451366324 6800.066828274261 31543.22802734375 7.674072265625 5468.194217348493 2174
stats: connect 0 0 0 126.676025390625 0.8818359375 2.2342040456950802 437
stats: page 226 18677.07451366324 6800.066828274261 31543.22802734375 7.674072265625 5468.194217348493 2174
stats: 200 224 2362
stats: size_rcv 60576653 598989748
stats: newphase 0 3
stats: size_sent 147017 1603473
stats: connected -7 381
stats: 500 4 40
# stats: dump at 1480612922
stats: users 378 395
stats: {freemem,"tsung_controller@ip-172-31-13-122"} 1 3100.58984375 0.0 3155.38671875 3100.58984375 3136.1018229166666 15
stats: {load,"tsung_controller@ip-172-31-13-122"} 1 0.01171875 0.0 0.078125 0.01171875 0.03359375 15
stats: {recvpackets,"tsung_controller@ip-172-31-13-122"} 1 43645.0 0.0 48968 2998 27456.35714285714 14
stats: {sentpackets,"tsung_controller@ip-172-31-13-122"} 1 21138.0 0.0 24537 1548 13684.57142857143 14
stats: {cpu,"tsung_controller@ip-172-31-13-122"} 1 14.147286821705427 0.0 17.85028790786948 2.949852507374631 9.683708163868683 15
stats: session 3 99081.14860026042 6643.538641642236 105400.14086914063 30937.14794921875 57075.0919015067 56
stats: users_count 0 437
stats: finish_users_count 3 59
stats: request 205 17098.083371046105 7716.884583569803 37065.06884765625 7.674072265625 6712.030445251465 2400
stats: connect 0 0 0 126.676025390625 0.8818359375 2.2342040456950802 437
stats: page 205 17098.083371046105 7716.884583569803 37065.06884765625 7.674072265625 6712.030445251465 2400
stats: 200 195 2557
stats: size_rcv 52902741 651892489
stats: newphase 0 3
stats: size_sent 134499 1737972
stats: connected -3 378
stats: 500 8 48
# stats: dump at 1480612932
stats: users 373 395
stats: {freemem,"tsung_controller@ip-172-31-13-122"} 1 3098.16796875 0.0 3155.38671875 3098.16796875 3133.88232421875 16
stats: {load,"tsung_controller@ip-172-31-13-122"} 1 0.01171875 0.0 0.078125 0.01171875 0.0322265625 16
stats: {recvpackets,"tsung_controller@ip-172-31-13-122"} 1 39872.0 0.0 48968 2998 28535.6 15
stats: {sentpackets,"tsung_controller@ip-172-31-13-122"} 1 19384.0 0.0 24537 1548 14181.466666666667 15
stats: {cpu,"tsung_controller@ip-172-31-13-122"} 1 12.855740922473014 0.0 17.85028790786948 2.949852507374631 9.96268182998348 16
stats: session 5 113850.3587890625 8381.287432109993 124163.1708984375 30937.14794921875 59210.99308957892 59
stats: users_count 0 437
stats: finish_users_count 5 64
stats: request 172 14885.969090661338 8750.292445592893 37065.06884765625 7.674072265625 7529.3589864368405 2605
stats: connect 0 0 0 126.676025390625 0.8818359375 2.2342040456950802 437
stats: page 172 14885.969090661338 8750.292445592893 37065.06884765625 7.674072265625 7529.3589864368405 2605
stats: 200 166 2723
stats: size_rcv 42914724 694807213
stats: newphase 0 3
stats: size_sent 116195 1854167
stats: connected -5 373
stats: 500 6 54
# stats: dump at 1480612942
stats: users 373 395
stats: {freemem,"tsung_controller@ip-172-31-13-122"} 1 3098.0625 0.0 3155.38671875 3098.0625 3131.7814797794117 17
stats: {load,"tsung_controller@ip-172-31-13-122"} 1 0.0 0.0 0.078125 0.0 0.031020220588235295 17
stats: {recvpackets,"tsung_controller@ip-172-31-13-122"} 1 27451.0 0.0 48968 2998 29244.125 16
stats: {sentpackets,"tsung_controller@ip-172-31-13-122"} 1 13499.0 0.0 24537 1548 14506.625 16
stats: {cpu,"tsung_controller@ip-172-31-13-122"} 1 9.617271835132483 0.0 17.85028790786948 2.949852507374631 10.13286177660051 17
stats: session 0 0 0 124163.1708984375 30937.14794921875 63479.693534851074 64
stats: users_count 0 437
stats: finish_users_count 0 64
stats: request 99 19989.453864820076 6213.180825854356 41028.5419921875 7.674072265625 7985.007865776636 2777
stats: connect 0 0 0 126.676025390625 0.8818359375 2.2342040456950802 437
stats: page 99 19989.453864820076 6213.180825854356 41028.5419921875 7.674072265625 7985.007865776636 2777
stats: 200 97 2820
stats: size_rcv 35053033 729860246
stats: newphase 0 3
stats: size_sent 78706 1932873
stats: connected 0 373
stats: 500 2 56
# stats: dump at 1480612952
stats: users 369 395
stats: {freemem,"tsung_controller@ip-172-31-13-122"} 1 3097.58203125 0.0 3155.38671875 3097.58203125 3129.908203125 18
stats: {load,"tsung_controller@ip-172-31-13-122"} 1 0.0 0.0 0.078125 0.0 0.029296875 18
stats: {recvpackets,"tsung_controller@ip-172-31-13-122"} 1 26835.0 0.0 48968 2998 29138.647058823528 17
stats: {sentpackets,"tsung_controller@ip-172-31-13-122"} 1 13097.0 0.0 24537 1548 14447.35294117647 17
stats: {cpu,"tsung_controller@ip-172-31-13-122"} 1 8.797653958944283 0.0 17.85028790786948 2.949852507374631 10.104217890963398 18
stats: session 4 122399.41107177734 5281.646518478939 127930.06005859375 30937.14794921875 63479.693534851074 64
stats: users_count 0 437
stats: finish_users_count 4 68
stats: request 118 26280.067676608844 6173.568487491743 44989.912109375 7.674072265625 8398.234623045517 2876
stats: connect 0 0 0 126.676025390625 0.8818359375 2.2342040456950802 437
stats: page 118 26280.067676608844 6173.568487491743 44989.912109375 7.674072265625 8398.234623045517 2876
stats: 200 116 2936
stats: size_rcv 41699900 771560146
stats: newphase 0 3
stats: size_sent 69339 2002212
stats: connected -4 369
stats: 500 2 58
# stats: dump at 1480612962
stats: users 364 395
stats: {freemem,"tsung_controller@ip-172-31-13-122"} 1 3096.8515625 0.0 3155.38671875 3096.8515625 3128.2068256578946 19
stats: {load,"tsung_controller@ip-172-31-13-122"} 1 0.0 0.0 0.078125 0.0 0.027754934210526317 19
stats: {recvpackets,"tsung_controller@ip-172-31-13-122"} 1 25399.0 0.0 48968 2998 29010.666666666668 18
stats: {sentpackets,"tsung_controller@ip-172-31-13-122"} 1 12599.0 0.0 24537 1548 14372.333333333334 18
stats: {cpu,"tsung_controller@ip-172-31-13-122"} 1 8.840864440078585 0.0 17.85028790786948 2.949852507374631 10.03545136822555 19
stats: session 5 135373.21201171874 8110.1302730074385 145440.1669921875 30937.14794921875 66945.55927231733 68
stats: users_count 0 437
stats: finish_users_count 5 73
stats: request 118 27838.02694236626 7324.92893544276 53372.80908203125 7.674072265625 9102.996246399049 2994
stats: connect 0 0 0 126.676025390625 0.8818359375 2.2342040456950802 437
stats: page 118 27838.02694236626 7324.92893544276 53372.80908203125 7.674072265625 9102.996246399049 2994
stats: 200 115 3051
stats: size_rcv 34059260 805619406
stats: newphase 0 3
stats: size_sent 71277 2073489
stats: connected -5 364
stats: 500 3 61
# stats: dump at 1480612972
stats: users 361 395
stats: {freemem,"tsung_controller@ip-172-31-13-122"} 1 3096.73828125 0.0 3155.38671875 3096.73828125 3126.6390625 20
stats: {load,"tsung_controller@ip-172-31-13-122"} 1 0.0 0.0 0.078125 0.0 0.0263671875 20
stats: {recvpackets,"tsung_controller@ip-172-31-13-122"} 1 26167.0 0.0 48968 2998 28820.57894736842 19
stats: {sentpackets,"tsung_controller@ip-172-31-13-122"} 1 12776.0 0.0 24537 1548 14279.0 19
stats: {cpu,"tsung_controller@ip-172-31-13-122"} 1 8.259587020648967 0.0 17.85028790786948 2.949852507374631 9.975722021818202 20
stats: session 3 135503.13932291666 7408.5414456262315 145851.1240234375 30937.14794921875 71632.38480241332 73
stats: users_count 0 437
stats: finish_users_count 3 76
stats: request 155 26066.486209992447 13065.027778891597 59649.301025390625 7.674072265625 9813.386227801404 3112
stats: connect 0 0 0 126.676025390625 0.8818359375 2.2342040456950802 437
stats: page 155 26066.486209992447 13065.027778891597 59649.301025390625 7.674072265625 9813.386227801404 3112
stats: 504 4 4
stats: 200 150 3201
stats: size_rcv 47217253 852836659
stats: newphase 0 3
stats: size_sent 93826 2167315
stats: connected -3 361
stats: 500 1 62
# stats: dump at 1480612982
stats: users 357 395
stats: {freemem,"tsung_controller@ip-172-31-13-122"} 1 3095.1953125 0.0 3155.38671875 3095.1953125 3125.2152157738096 21
stats: {load,"tsung_controller@ip-172-31-13-122"} 1 0.0 0.0 0.078125 0.0 0.025111607142857144 21
stats: {recvpackets,"tsung_controller@ip-172-31-13-122"} 1 34004.0 0.0 48968 2998 28687.9 20
stats: {sentpackets,"tsung_controller@ip-172-31-13-122"} 1 16830.0 0.0 24537 1548 14203.85 20
stats: {cpu,"tsung_controller@ip-172-31-13-122"} 1 11.328125 0.0 17.85028790786948 2.949852507374631 9.89400130747681 21
stats: session 4 161943.38800048828 5407.000086069718 170918.1630859375 30937.14794921875 74153.59879664371 76
stats: users_count 0 437
stats: finish_users_count 4 80
stats: request 167 24945.349831586824 14831.507626781708 59795.695068359375 7.674072265625 10584.500552025343 3267
stats: connect 0 0 0 126.676025390625 0.8818359375 2.2342040456950802 437
stats: page 167 24945.349831586824 14831.507626781708 59795.695068359375 7.674072265625 10584.500552025343 3267
stats: 504 4 8
stats: 200 158 3359
stats: size_rcv 37858426 890695085
stats: newphase 0 3
stats: size_sent 112416 2279731
stats: connected -3 358
stats: 500 6 68
# stats: dump at 1480612992
stats: users 350 395
stats: {freemem,"tsung_controller@ip-172-31-13-122"} 1 3093.625 0.0 3155.38671875 3093.625 3123.850674715909 22
stats: {load,"tsung_controller@ip-172-31-13-122"} 1 0.0 0.0 0.078125 0.0 0.023970170454545456 22
stats: {recvpackets,"tsung_controller@ip-172-31-13-122"} 1 34587.0 0.0 48968 2998 28941.04761904762 21
stats: {sentpackets,"tsung_controller@ip-172-31-13-122"} 1 17143.0 0.0 24537 1548 14328.904761904761 21
stats: {cpu,"tsung_controller@ip-172-31-13-122"} 1 11.133004926108374 0.0 17.85028790786948 2.949852507374631 9.959188748046046 22
stats: session 7 155827.16301618304 9228.039909083673 175303.1630859375 30937.14794921875 78543.08825683594 80
stats: users_count 0 437
stats: finish_users_count 7 87
stats: request 194 17429.032679606942 10205.04564716816 59795.695068359375 7.674072265625 11282.887805865405 3434
stats: connect 0 0 0 126.676025390625 0.8818359375 2.2342040456950802 437
stats: page 194 17429.032679606942 10205.04564716816 59795.695068359375 7.674072265625 11282.887805865405 3434
stats: 504 0 8
stats: 200 190 3549
stats: size_rcv 56949324 947644409
stats: newphase 0 3
stats: size_sent 125404 2405135
stats: connected -8 350
stats: 500 4 72
# stats: dump at 1480613002
stats: users 338 395
stats: {freemem,"tsung_controller@ip-172-31-13-122"} 1 3094.87109375 0.0 3155.38671875 3093.625 3122.536514945652 23
stats: {load,"tsung_controller@ip-172-31-13-122"} 1 0.0 0.0 0.078125 0.0 0.022927989130434784 23
stats: {recvpackets,"tsung_controller@ip-172-31-13-122"} 1 30392.0 0.0 48968 2998 29197.68181818182 22
stats: {sentpackets,"tsung_controller@ip-172-31-13-122"} 1 15048.0 0.0 24537 1548 14456.818181818182 22
stats: {cpu,"tsung_controller@ip-172-31-13-122"} 1 10.433070866141732 0.0 17.85028790786948 2.949852507374631 10.010224234048756 23
stats: session 12 163256.57029215494 5836.624613371694 175303.1630859375 30937.14794921875 84761.34714551903 87
stats: users_count 0 437
stats: finish_users_count 12 99
stats: request 214 15537.32740740909 9612.568500657146 59795.695068359375 7.674072265625 11611.540536159191 3628
stats: connect 0 0 0 126.676025390625 0.8818359375 2.2342040456950802 437
stats: page 214 15537.32740740909 9612.568500657146 59795.695068359375 7.674072265625 11611.540536159191 3628
stats: 504 0 8
stats: 200 206 3755
stats: size_rcv 53603516 1001247925
stats: newphase 0 3
stats: size_sent 112382 2517517
stats: connected -11 339
stats: 500 7 79
# stats: dump at 1480613012
stats: users 333 395
stats: {freemem,"tsung_controller@ip-172-31-13-122"} 1 3094.0 0.0 3155.38671875 3093.625 3121.3837890625 24
stats: {load,"tsung_controller@ip-172-31-13-122"} 1 0.0 0.0 0.078125 0.0 0.02197265625 24
stats: {recvpackets,"tsung_controller@ip-172-31-13-122"} 1 39940.0 0.0 48968 2998 29249.608695652172 23
stats: {sentpackets,"tsung_controller@ip-172-31-13-122"} 1 19880.0 0.0 24537 1548 14482.521739130434 23
stats: {cpu,"tsung_controller@ip-172-31-13-122"} 1 13.030602171767027 0.0 17.85028790786948 2.949852507374631 10.027842843719297 24
stats: session 5 169603.12734375 2991.5128295720174 175376.208984375 30937.14794921875 94275.91964814157 99
stats: users_count 0 437
stats: finish_users_count 5 104
stats: request 102 22266.792789234834 14026.711724429015 59795.695068359375 7.674072265625 11830.207477972695 3842
stats: connect 0 0 0 126.676025390625 0.8818359375 2.2342040456950802 437
stats: page 102 22266.792789234834 14026.711724429015 59795.695068359375 7.674072265625 11830.207477972695 3842
stats: 504 2 10
stats: 200 97 3852
stats: size_rcv 32223574 1033471499
stats: newphase 0 3
stats: size_sent 91212 2608729
stats: connected -6 333
stats: 500 3 82
# stats: dump at 1480613022
stats: users 328 395
stats: {freemem,"tsung_controller@ip-172-31-13-122"} 1 3093.8828125 0.0 3155.38671875 3093.625 3120.2884375 25
stats: {load,"tsung_controller@ip-172-31-13-122"} 1 0.0 0.0 0.078125 0.0 0.02109375 25
stats: {recvpackets,"tsung_controller@ip-172-31-13-122"} 1 25636.0 0.0 48968 2998 29695.041666666668 24
stats: {sentpackets,"tsung_controller@ip-172-31-13-122"} 1 12151.0 0.0 24537 1548 14707.416666666666 24
stats: {cpu,"tsung_controller@ip-172-31-13-122"} 1 7.462686567164178 0.0 17.85028790786948 2.949852507374631 10.147953216841206 25
stats: session 5 188550.15903320312 9317.626338094035 203746.12890625 30937.14794921875 97897.42001812275 104
stats: users_count 0 437
stats: finish_users_count 5 109
stats: request 136 25835.85684383617 12682.223272284908 59913.05810546875 7.674072265625 12100.11916705706 3944
stats: connect 0 0 0 126.676025390625 0.8818359375 2.2342040456950802 437
stats: page 136 25835.85684383617 12682.223272284908 59913.05810546875 7.674072265625 12100.11916705706 3944
stats: 504 2 12
stats: 200 132 3984
stats: size_rcv 38925267 1072396766
stats: newphase 0 3
stats: size_sent 78191 2686920
stats: connected -5 328
stats: 500 2 84
# stats: dump at 1480613032
stats: users 320 395
stats: {freemem,"tsung_controller@ip-172-31-13-122"} 1 3093.40234375 0.0 3155.38671875 3093.40234375 3119.2728365384614 26
stats: {load,"tsung_controller@ip-172-31-13-122"} 1 0.078125 0.0 0.078125 0.0 0.020282451923076924 26
stats: {recvpackets,"tsung_controller@ip-172-31-13-122"} 1 25764.0 0.0 48968 2998 29532.68 25
stats: {sentpackets,"tsung_controller@ip-172-31-13-122"} 1 12654.0 0.0 24537 1548 14605.16 25
stats: {cpu,"tsung_controller@ip-172-31-13-122"} 1 8.227228207639568 0.0 17.85028790786948 2.949852507374631 10.044673730315166 26
stats: session 8 185831.44174194336 5945.600726407165 203746.12890625 30937.14794921875 102055.80254175028 109
stats: users_count 0 437
stats: finish_users_count 8 117
stats: request 133 23881.744621563674 9353.641771306045 59913.05810546875 7.674072265625 12557.977089616365 4080
stats: connect 0 0 0 126.676025390625 0.8818359375 2.2342040456950802 437
stats: page 133 23881.744621563674 9353.641771306045 59913.05810546875 7.674072265625 12557.977089616365 4080
stats: 504 0 12
stats: 200 132 4116
stats: size_rcv 36859993 1109256759
stats: newphase 0 3
stats: size_sent 83470 2770390
stats: connected -8 320
stats: 500 1 85
# stats: dump at 1480613042
stats: users 306 395
stats: {freemem,"tsung_controller@ip-172-31-13-122"} 1 3092.52734375 0.0 3155.38671875 3092.52734375 3118.3146701388887 27
stats: {load,"tsung_controller@ip-172-31-13-122"} 1 0.140625 0.0 0.140625 0.0 0.022424768518518517 27
stats: {recvpackets,"tsung_controller@ip-172-31-13-122"} 1 31799.0 0.0 48968 2998 29387.73076923077 26
stats: {sentpackets,"tsung_controller@ip-172-31-13-122"} 1 15776.0 0.0 24537 1548 14530.115384615385 26
stats: {cpu,"tsung_controller@ip-172-31-13-122"} 1 10.422812192723697 0.0 17.85028790786948 2.949852507374631 9.977360933179032 27
stats: session 14 194607.93954031807 7980.368606600064 219253.27490234375 30937.14794921875 107784.05137595152 117
stats: users_count 0 437
stats: finish_users_count 14 131
stats: request 194 18259.04582418854 9728.761573196512 59913.05810546875 7.674072265625 12915.456577332716 4213
stats: connect 0 0 0 126.676025390625 0.8818359375 2.2342040456950802 437
stats: page 194 18259.04582418854 9728.761573196512 59913.05810546875 7.674072265625 12915.456577332716 4213
stats: 504 0 12
stats: 200 192 4308
stats: size_rcv 54115822 1163372581
stats: newphase 0 3
stats: size_sent 120500 2890890
stats: connected -14 306
stats: 500 2 87
# stats: dump at 1480613052
stats: users 293 395
stats: {freemem,"tsung_controller@ip-172-31-13-122"} 1 3092.20703125 0.0 3155.38671875 3092.20703125 3117.3936941964284 28
stats: {load,"tsung_controller@ip-172-31-13-122"} 1 0.12109375 0.0 0.140625 0.0 0.026646205357142856 28
stats: {recvpackets,"tsung_controller@ip-172-31-13-122"} 1 35526.0 0.0 48968 2998 29477.037037037036 27
stats: {sentpackets,"tsung_controller@ip-172-31-13-122"} 1 17548.0 0.0 24537 1548 14576.25925925926 27
stats: {cpu,"tsung_controller@ip-172-31-13-122"} 1 11.851126346718903 0.0 17.85028790786948 2.949852507374631 9.993269906734199 28
stats: session 13 198205.08002178484 13945.788029479576 225009.19897460938 30937.14794921875 117062.94018741054 131
stats: users_count 0 437
stats: finish_users_count 13 144
stats: request 175 16626.093928571438 9262.898586882657 59913.05810546875 7.674072265625 13150.686056318427 4407
stats: connect 0 0 0 126.676025390625 0.8818359375 2.2342040456950802 437
stats: page 175 16626.093928571438 9262.898586882657 59913.05810546875 7.674072265625 13150.686056318427 4407
stats: 504 0 12
stats: 200 170 4478
stats: size_rcv 48030291 1211402872
stats: newphase 0 3
stats: size_sent 103553 2994443
stats: connected -12 294
stats: 500 6 93
# stats: dump at 1480613062
stats: users 274 395
stats: {freemem,"tsung_controller@ip-172-31-13-122"} 1 3092.55859375 0.0 3155.38671875 3092.20703125 3116.525188577586 29
stats: {load,"tsung_controller@ip-172-31-13-122"} 1 0.1015625 0.0 0.140625 0.0 0.02990301724137931 29
stats: {recvpackets,"tsung_controller@ip-172-31-13-122"} 1 28497.0 0.0 48968 2998 29693.071428571428 28
stats: {sentpackets,"tsung_controller@ip-172-31-13-122"} 1 14196.0 0.0 24537 1548 14682.392857142857 28
stats: {cpu,"tsung_controller@ip-172-31-13-122"} 1 9.744094488188976 0.0 17.85028790786948 2.949852507374631 10.057333921906086 29
stats: session 19 210013.78611996298 12186.907632790284 232308.15405273438 30937.14794921875 124388.27225579155 144
stats: users_count 0 437
stats: finish_users_count 19 163
stats: request 145 16853.80601259429 10081.564499604687 59913.05810546875 7.674072265625 13283.422061915171 4582
stats: connect 0 0 0 126.676025390625 0.8818359375 2.2342040456950802 437
stats: page 145 16853.80601259429 10081.564499604687 59913.05810546875 7.674072265625 13283.422061915171 4582
stats: 504 0 12
stats: 200 139 4617
stats: size_rcv 40579764 1251982636
stats: newphase 0 3
stats: size_sent 81914 3076357
stats: connected -19 275
stats: 500 5 98
# stats: dump at 1480613072
stats: users 252 395
stats: {freemem,"tsung_controller@ip-172-31-13-122"} 1 3092.375 0.0 3155.38671875 3092.20703125 3115.7263020833334 30
stats: {load,"tsung_controller@ip-172-31-13-122"} 1 0.08984375 0.0 0.140625 0.0 0.03229166666666667 30
stats: {recvpackets,"tsung_controller@ip-172-31-13-122"} 1 30992.0 0.0 48968 2998 29651.827586206895 29
stats: {sentpackets,"tsung_controller@ip-172-31-13-122"} 1 14863.0 0.0 24537 1548 14665.620689655172 29
stats: {cpu,"tsung_controller@ip-172-31-13-122"} 1 10.392156862745098 0.0 17.85028790786948 2.949852507374631 10.046892607448848 30
stats: session 22 205004.76594682175 7081.91535096566 232308.15405273438 30937.14794921875 134369.16037492812 163
stats: users_count 0 437
stats: finish_users_count 22 185
stats: request 128 16837.98920059204 11232.860906794805 59913.05810546875 7.674072265625 13392.943041997352 4727
stats: connect 0 0 0 126.676025390625 0.8818359375 2.2342040456950802 437
stats: page 128 16837.98920059204 11232.860906794805 59913.05810546875 7.674072265625 13392.943041997352 4727
stats: 504 0 12
stats: 200 125 4742
stats: size_rcv 35018995 1287001631
stats: newphase 0 3
stats: size_sent 80985 3157342
stats: connected -22 253
stats: 500 5 103
# stats: dump at 1480613082
stats: users 212 395
stats: {freemem,"tsung_controller@ip-172-31-13-122"} 1 3091.62890625 0.0 3155.38671875 3091.62890625 3114.9730342741937 31
stats: {load,"tsung_controller@ip-172-31-13-122"} 1 0.0703125 0.0 0.140625 0.0 0.03414818548387097 31
stats: {recvpackets,"tsung_controller@ip-172-31-13-122"} 1 23651.0 0.0 48968 2998 29696.5 30
stats: {sentpackets,"tsung_controller@ip-172-31-13-122"} 1 11570.0 0.0 24537 1548 14672.2 30
stats: {cpu,"tsung_controller@ip-172-31-13-122"} 1 8.529411764705882 0.0 17.85028790786948 2.949852507374631 10.058030164071306 31
stats: session 40 214617.7477294922 12644.617050749113 253148.19897460938 30937.14794921875 142769.07022672088 185
stats: users_count 0 437
stats: finish_users_count 40 225
stats: request 139 19781.238780069692 12254.292767832758 59913.05810546875 7.674072265625 13483.770211575133 4855
stats: connect 0 0 0 126.676025390625 0.8818359375 2.2342040456950802 437
stats: page 139 19781.238780069692 12254.292767832758 59913.05810546875 7.674072265625 13483.770211575133 4855
stats: 504 0 12
stats: 200 133 4875
stats: size_rcv 34213088 1321214719
stats: newphase 0 3
stats: size_sent 69239 3226581
stats: connected -41 212
stats: 500 4 107
# stats: dump at 1480613092
stats: users 170 395
stats: {freemem,"tsung_controller@ip-172-31-13-122"} 1 3091.546875 0.0 3155.38671875 3091.546875 3114.2435302734375 32
stats: {load,"tsung_controller@ip-172-31-13-122"} 1 0.12890625 0.0 0.140625 0.0 0.0352783203125 32
stats: {recvpackets,"tsung_controller@ip-172-31-13-122"} 1 25368.0 0.0 48968 2998 29501.483870967742 31
stats: {sentpackets,"tsung_controller@ip-172-31-13-122"} 1 12522.0 0.0 24537 1548 14572.129032258064 31
stats: {cpu,"tsung_controller@ip-172-31-13-122"} 1 8.860759493670885 0.0 17.85028790786948 2.949852507374631 10.010260839091137 32
stats: session 42 220807.6014404297 15009.509442040677 267582.1809082031 30937.14794921875 155542.16844943576 225
stats: users_count 0 437
stats: finish_users_count 42 267
stats: request 142 16832.067391409004 11708.282356720887 59913.05810546875 7.674072265625 13659.05017373387 4994
stats: connect 0 0 0 126.676025390625 0.8818359375 2.2342040456950802 437
stats: page 142 16832.067391409004 11708.282356720887 59913.05810546875 7.674072265625 13659.05017373387 4994
stats: 504 0 12
stats: 200 141 5016
stats: size_rcv 44419040 1365633759
stats: newphase 0 3
stats: size_sent 59358 3285939
stats: connected -40 172
stats: 500 1 108
# stats: dump at 1480613102
stats: users 137 395
stats: {freemem,"tsung_controller@ip-172-31-13-122"} 1 3091.796875 0.0 3155.38671875 3091.546875 3113.555752840909 33
stats: {load,"tsung_controller@ip-172-31-13-122"} 1 0.109375 0.0 0.140625 0.0 0.038115530303030304 33
stats: {recvpackets,"tsung_controller@ip-172-31-13-122"} 1 25415.0 0.0 48968 2998 29372.3125 32
stats: {sentpackets,"tsung_controller@ip-172-31-13-122"} 1 12949.0 0.0 24537 1548 14508.0625 32
stats: {cpu,"tsung_controller@ip-172-31-13-122"} 1 8.81188118811881 0.0 17.85028790786948 2.949852507374631 9.975427464987494 33
stats: session 33 225457.84511866714 8424.459842977054 267582.1809082031 30937.14794921875 165808.64105476066 267
stats: users_count 0 437
stats: finish_users_count 33 300
stats: request 75 16398.759296875 13502.822423146568 59913.05810546875 7.674072265625 13746.777674689842 5136
stats: connect 0 0 0 126.676025390625 0.8818359375 2.2342040456950802 437
stats: page 75 16398.759296875 13502.822423146568 59913.05810546875 7.674072265625 13746.777674689842 5136
stats: 504 0 12
stats: 200 74 5090
stats: size_rcv 22721734 1388355493
stats: newphase 0 3
stats: size_sent 37016 3322955
stats: connected -34 138
stats: 500 1 109
# stats: dump at 1480613112
stats: users 113 395
stats: {freemem,"tsung_controller@ip-172-31-13-122"} 1 3091.8359375 0.0 3155.38671875 3091.546875 3112.9157858455883 34
stats: {load,"tsung_controller@ip-172-31-13-122"} 1 0.08984375 0.0 0.140625 0.0 0.04021139705882353 34
stats: {recvpackets,"tsung_controller@ip-172-31-13-122"} 1 16567.0 0.0 48968 2998 29252.39393939394 33
stats: {sentpackets,"tsung_controller@ip-172-31-13-122"} 1 8411.0 0.0 24537 1548 14460.818181818182 33
stats: {cpu,"tsung_controller@ip-172-31-13-122"} 1 6.03960396039604 0.0 17.85028790786948 2.949852507374631 9.941205515667827 34
stats: session 24 231075.2436014811 7055.825698750682 267582.1809082031 30937.14794921875 172370.05350179036 300
stats: users_count 0 437
stats: finish_users_count 24 324
stats: request 78 15812.223038110975 10589.039316405164 59913.05810546875 7.674072265625 13784.946667524977 5211
stats: connect 0 0 0 126.676025390625 0.8818359375 2.2342040456950802 437
stats: page 78 15812.223038110975 10589.039316405164 59913.05810546875 7.674072265625 13784.946667524977 5211
stats: 504 0 12
stats: 200 73 5163
stats: size_rcv 20291381 1408646874
stats: newphase 0 3
stats: size_sent 40738 3363693
stats: connected -25 113
stats: 500 5 114
# stats: dump at 1480613122
stats: users 108 395
stats: {freemem,"tsung_controller@ip-172-31-13-122"} 1 3091.84375 0.0 3155.38671875 3091.546875 3112.313504464286 35
stats: {load,"tsung_controller@ip-172-31-13-122"} 1 0.078125 0.0 0.140625 0.0 0.041629464285714284 35
stats: {recvpackets,"tsung_controller@ip-172-31-13-122"} 1 8840.0 0.0 48968 2998 28879.29411764706 34
stats: {sentpackets,"tsung_controller@ip-172-31-13-122"} 1 4466.0 0.0 24537 1548 14282.882352941177 34
stats: {cpu,"tsung_controller@ip-172-31-13-122"} 1 4.129793510324483 0.0 17.85028790786948 2.949852507374631 9.829731185517204 35
stats: session 5 237896.60776367187 7404.091796677033 267582.1809082031 30937.14794921875 176718.58610176746 324
stats: users_count 0 437
stats: finish_users_count 5 329
stats: request 18 22318.012044270832 18186.42430891117 59913.05810546875 7.674072265625 13814.844106909683 5289
stats: connect 0 0 0 126.676025390625 0.8818359375 2.2342040456950802 437
stats: page 18 22318.012044270832 18186.42430891117 59913.05810546875 7.674072265625 13814.844106909683 5289
stats: 504 0 12
stats: 200 17 5180
stats: size_rcv 6615765 1415262639
stats: newphase 0 3
stats: size_sent 15562 3379255
stats: connected -5 108
stats: 500 1 115
# stats: dump at 1480613132
stats: users 106 395
stats: {freemem,"tsung_controller@ip-172-31-13-122"} 1 3091.86328125 0.0 3155.38671875 3091.546875 3111.7449001736113 36
stats: {load,"tsung_controller@ip-172-31-13-122"} 1 0.05859375 0.0 0.140625 0.0 0.042643229166666664 36
stats: {recvpackets,"tsung_controller@ip-172-31-13-122"} 1 3939.0 0.0 48968 2998 28306.742857142857 35
stats: {sentpackets,"tsung_controller@ip-172-31-13-122"} 1 2006.0 0.0 24537 1548 14002.4 35
stats: {cpu,"tsung_controller@ip-172-31-13-122"} 1 2.3645320197044337 0.0 17.85028790786948 2.3645320197044337 9.671399583428517 36
stats: session 2 289497.2000732422 4846.9769287109375 294344.1770019531 30937.14794921875 177648.3432698815 329
stats: users_count 0 437
stats: finish_users_count 2 331
stats: request 16 36755.26513671876 15215.841821746872 59913.05810546875 7.674072265625 13843.684699122326 5307
stats: connect 0 0 0 126.676025390625 0.8818359375 2.2342040456950802 437
stats: page 16 36755.26513671876 15215.841821746872 59913.05810546875 7.674072265625 13843.684699122326 5307
stats: 504 0 12
stats: 200 16 5196
stats: size_rcv 7878559 1423141198
stats: newphase 0 3
stats: size_sent 9433 3388688
stats: connected -2 106
stats: 500 0 115
# stats: dump at 1480613142
stats: users 102 395
stats: {freemem,"tsung_controller@ip-172-31-13-122"} 1 3091.86328125 0.0 3155.38671875 3091.546875 3111.2075591216217 37
stats: {load,"tsung_controller@ip-172-31-13-122"} 1 0.05078125 0.0 0.140625 0.0 0.04307432432432432 37
stats: {recvpackets,"tsung_controller@ip-172-31-13-122"} 1 5327.0 0.0 48968 2998 27629.86111111111 36
stats: {sentpackets,"tsung_controller@ip-172-31-13-122"} 1 2.7e3 0.0 24537 1548 13669.166666666666 36
stats: {cpu,"tsung_controller@ip-172-31-13-122"} 1 2.665350444225074 0.0 17.85028790786948 2.3645320197044337 9.47391667630084 37
stats: session 4 300722.4284667969 4655.664980454705 304489.1760253906 30937.14794921875 178324.1671780589 331
stats: users_count 0 437
stats: finish_users_count 4 335
stats: request 39 45188.94353465546 11531.8313253162 59913.05810546875 7.674072265625 13912.552872521075 5323
stats: connect 0 0 0 126.676025390625 0.8818359375 2.2342040456950802 437
stats: page 39 45188.94353465546 11531.8313253162 59913.05810546875 7.674072265625 13912.552872521075 5323
stats: 504 6 18
stats: 200 30 5226
stats: size_rcv 7079641 1430220839
stats: newphase 0 3
stats: size_sent 21362 3410050
stats: connected -4 102
stats: 500 3 118
# stats: dump at 1480613152
stats: users 93 395
stats: {freemem,"tsung_controller@ip-172-31-13-122"} 1 3091.8984375 0.0 3155.38671875 3091.546875 3110.6984991776317 38
stats: {load,"tsung_controller@ip-172-31-13-122"} 1 0.05078125 0.0 0.140625 0.0 0.04327713815789474 38
stats: {recvpackets,"tsung_controller@ip-172-31-13-122"} 1 5958.0 0.0 48968 2998 27027.08108108108 37
stats: {sentpackets,"tsung_controller@ip-172-31-13-122"} 1 3116.0 0.0 24537 1548 13372.702702702703 37
stats: {cpu,"tsung_controller@ip-172-31-13-122"} 1 2.955665024630542 0.0 17.85028790786948 2.3645320197044337 9.294743880719897 38
stats: session 9 304615.1621636285 6974.783500799831 314464.2028808594 30937.14794921875 179785.63895464086 335
stats: users_count 0 437
stats: finish_users_count 9 344
stats: request 50 35702.36625 9234.176846797734 59913.05810546875 7.674072265625 14140.038742685798 5362
stats: connect 0 0 0 126.676025390625 0.8818359375 2.2342040456950802 437
stats: page 50 35702.36625 9234.176846797734 59913.05810546875 7.674072265625 14140.038742685798 5362
stats: 504 1 19
stats: 200 49 5275
stats: size_rcv 8822907 1439043746
stats: newphase 0 3
stats: size_sent 21306 3431356
stats: connected -7 95
stats: 500 0 118
# stats: dump at 1480613162
stats: users 78 395
stats: {freemem,"tsung_controller@ip-172-31-13-122"} 1 3092.31640625 0.0 3155.38671875 3091.546875 3110.2164463141025 39
stats: {load,"tsung_controller@ip-172-31-13-122"} 1 0.0390625 0.0 0.140625 0.0 0.04346955128205128 39
stats: {recvpackets,"tsung_controller@ip-172-31-13-122"} 1 8296.0 0.0 48968 2998 26472.63157894737 38
stats: {sentpackets,"tsung_controller@ip-172-31-13-122"} 1 4378.0 0.0 24537 1548 13102.78947368421 38
stats: {cpu,"tsung_controller@ip-172-31-13-122"} 1 4.339250493096647 0.0 17.85028790786948 2.3645320197044337 9.132203397230427 39
stats: session 15 298223.5008789062 12329.166379444176 317660.23583984375 30937.14794921875 183051.5276432481 344
stats: users_count 0 437
stats: finish_users_count 15 359
stats: request 55 22176.57909268466 13061.775524765046 59913.05810546875 7.674072265625 14339.247237764459 5412
stats: connect 0 0 0 126.676025390625 0.8818359375 2.2342040456950802 437
stats: page 55 22176.57909268466 13061.775524765046 59913.05810546875 7.674072265625 14339.247237764459 5412
stats: 504 0 19
stats: 200 54 5329
stats: size_rcv 9778740 1448822486
stats: newphase 0 3
stats: size_sent 28559 3459915
stats: connected -17 78
stats: 500 1 119
# stats: dump at 1480613172
stats: users 72 395
stats: {freemem,"tsung_controller@ip-172-31-13-122"} 1 3092.35546875 0.0 3155.38671875 3091.546875 3109.7689453125 40
stats: {load,"tsung_controller@ip-172-31-13-122"} 1 0.03125 0.0 0.140625 0.0 0.043359375 40
stats: {recvpackets,"tsung_controller@ip-172-31-13-122"} 1 7971.0 0.0 48968 2998 26006.564102564105 39
stats: {sentpackets,"tsung_controller@ip-172-31-13-122"} 1 4128.0 0.0 24537 1548 12879.076923076924 39
stats: {cpu,"tsung_controller@ip-172-31-13-122"} 1 3.3596837944664033 0.0 17.85028790786948 2.3645320197044337 9.012379574627081 40
stats: session 6 302510.80818684894 6945.029969959963 317660.23583984375 30937.14794921875 187863.72708206388 359
stats: users_count 0 437
stats: finish_users_count 6 365
stats: request 47 15612.279811128657 5219.1308417662585 59913.05810546875 7.674072265625 14418.093634695246 5467
stats: connect 0 0 0 126.676025390625 0.8818359375 2.2342040456950802 437
stats: page 47 15612.279811128657 5219.1308417662585 59913.05810546875 7.674072265625 14418.093634695246 5467
stats: 504 0 19
stats: 200 47 5376
stats: size_rcv 14312163 1463134649
stats: newphase 0 3
stats: size_sent 32008 3491923
stats: connected -6 72
stats: 500 0 119
# stats: dump at 1480613182
stats: users 66 395
stats: {freemem,"tsung_controller@ip-172-31-13-122"} 1 3092.21484375 0.0 3155.38671875 3091.546875 3109.344226371951 41
stats: {load,"tsung_controller@ip-172-31-13-122"} 1 0.03125 0.0 0.140625 0.0 0.0430640243902439 41
stats: {recvpackets,"tsung_controller@ip-172-31-13-122"} 1 6143.0 0.0 48968 2998 25555.675000000003 40
stats: {sentpackets,"tsung_controller@ip-172-31-13-122"} 1 3124.0 0.0 24537 1548 12660.3 40
stats: {cpu,"tsung_controller@ip-172-31-13-122"} 1 2.9615004935834155 0.0 17.85028790786948 2.3645320197044337 8.874508945842674 41
stats: session 6 315103.5131429036 11806.235283265361 333490.1369628906 30937.14794921875 189748.3366344713 365
stats: users_count 0 437
stats: finish_users_count 6 371
stats: request 35 18034.368512834822 5796.712277509222 59913.05810546875 7.674072265625 14428.272588320993 5514
stats: connect 0 0 0 126.676025390625 0.8818359375 2.2342040456950802 437
stats: page 35 18034.368512834822 5796.712277509222 59913.05810546875 7.674072265625 14428.272588320993 5514
stats: 504 0 19
stats: 200 35 5411
stats: size_rcv 11365719 1474500368
stats: newphase 0 3
stats: size_sent 14184 3506107
stats: connected -6 66
stats: 500 0 119
# stats: dump at 1480613192
stats: users 51 395
stats: {freemem,"tsung_controller@ip-172-31-13-122"} 1 3092.25390625 0.0 3155.38671875 3091.546875 3108.9363839285716 42
stats: {load,"tsung_controller@ip-172-31-13-122"} 1 0.01953125 0.0 0.140625 0.0 0.04278273809523809 42
stats: {recvpackets,"tsung_controller@ip-172-31-13-122"} 1 7478.0 0.0 48968 2998 25082.195121951223 41
stats: {sentpackets,"tsung_controller@ip-172-31-13-122"} 1 3871.0 0.0 24537 1548 12427.707317073171 41
stats: {cpu,"tsung_controller@ip-172-31-13-122"} 1 4.117647058823529 0.0 17.85028790786948 2.3645320197044337 8.733723030312692 42
stats: session 15 316585.5640299479 9567.56374677038 339757.1330566406 30937.14794921875 191775.6440712654 371
stats: users_count 0 437
stats: finish_users_count 15 386
stats: request 31 15181.451179750504 10502.681883943866 59913.05810546875 7.674072265625 14451.01783203301 5549
stats: connect 0 0 0 126.676025390625 0.8818359375 2.2342040456950802 437
stats: page 31 15181.451179750504 10502.681883943866 59913.05810546875 7.674072265625 14451.01783203301 5549
stats: 504 0 19
stats: 200 32 5443
stats: size_rcv 8400405 1482900773
stats: newphase 0 3
stats: size_sent 12992 3519099
stats: connected -15 51
stats: 500 1 120
# stats: dump at 1480613202
stats: users 42 395
stats: {freemem,"tsung_controller@ip-172-31-13-122"} 1 3100.734375 0.0 3155.38671875 3091.546875 3108.5484193313955 43
stats: {load,"tsung_controller@ip-172-31-13-122"} 1 0.01953125 0.0 0.140625 0.0 0.04224200581395348 43
stats: {recvpackets,"tsung_controller@ip-172-31-13-122"} 1 6159.0 0.0 48968 2998 24663.047619047622 42
stats: {sentpackets,"tsung_controller@ip-172-31-13-122"} 1 3212.0 0.0 24537 1548 12223.97619047619 42
stats: {cpu,"tsung_controller@ip-172-31-13-122"} 1 2.9644268774703555 0.0 17.85028790786948 2.3645320197044337 8.626372426324572 43
stats: session 9 335053.44390190975 9797.519893155533 347460.22705078125 30937.14794921875 196625.77049453024 386
stats: users_count 0 437
stats: finish_users_count 9 395
stats: request 23 21082.943359374996 5985.76772265617 59913.05810546875 7.674072265625 14455.075795075885 5580
stats: connect 0 0 0 126.676025390625 0.8818359375 2.2342040456950802 437
stats: page 23 21082.943359374996 5985.76772265617 59913.05810546875 7.674072265625 14455.075795075885 5580
stats: 504 0 19
stats: 200 21 5464
stats: size_rcv 3313516 1486214289
stats: newphase 0 3
stats: size_sent 14730 3533829
stats: connected -9 42
stats: 500 0 120
# stats: dump at 1480613212
stats: users 39 395
stats: {freemem,"tsung_controller@ip-172-31-13-122"} 1 3103.33984375 0.0 3155.38671875 3091.546875 3108.3708274147725 44
stats: {load,"tsung_controller@ip-172-31-13-122"} 1 0.01953125 0.0 0.140625 0.0 0.041725852272727265 44
stats: {recvpackets,"tsung_controller@ip-172-31-13-122"} 1 3521.0 0.0 48968 2998 24232.72093023256 43
stats: {sentpackets,"tsung_controller@ip-172-31-13-122"} 1 1693.0 0.0 24537 1548 12014.39534883721 43
stats: {cpu,"tsung_controller@ip-172-31-13-122"} 1 2.3506366307541624 0.0 17.85028790786948 2.3506366307541624 8.497691845668795 44
stats: session 3 347865.79532877606 3401.2407487980104 352448.2060546875 30937.14794921875 199779.81874938193 395
stats: users_count 0 437
stats: finish_users_count 3 398
stats: request 10 27890.18034667969 5744.5905725363955 59913.05810546875 7.674072265625 14482.282818809399 5603
stats: connect 0 0 0 126.676025390625 0.8818359375 2.2342040456950802 437
stats: page 10 27890.18034667969 5744.5905725363955 59913.05810546875 7.674072265625 14482.282818809399 5603
stats: 504 0 19
stats: 200 10 5474
stats: size_rcv 6000126 1492214415
stats: newphase 0 3
stats: size_sent 4188 3538017
stats: connected -3 39
stats: 500 0 120
# stats: dump at 1480613222
stats: users 37 395
stats: {freemem,"tsung_controller@ip-172-31-13-122"} 1 3103.37109375 0.0 3155.38671875 3091.546875 3108.2590277777776 45
stats: {load,"tsung_controller@ip-172-31-13-122"} 1 0.01171875 0.0 0.140625 0.0 0.04123263888888888 45
stats: {recvpackets,"tsung_controller@ip-172-31-13-122"} 1 2378.0 0.0 48968 2378 23762.000000000004 44
stats: {sentpackets,"tsung_controller@ip-172-31-13-122"} 1 1177.0 0.0 24537 1177 11779.818181818182 44
stats: {cpu,"tsung_controller@ip-172-31-13-122"} 1 1.8645731108930326 0.0 17.85028790786948 1.8645731108930326 8.361090618670692 45
stats: session 2 358478.72302246094 142.4859619140625 358621.208984375 30937.14794921875 200896.04470349796 398
stats: users_count 0 437
stats: finish_users_count 2 400
stats: request 6 32310.938028971355 3325.9843329242317 59913.05810546875 7.674072265625 14506.170040487415 5613
stats: connect 0 0 0 126.676025390625 0.8818359375 2.2342040456950802 437
stats: page 6 32310.938028971355 3325.9843329242317 59913.05810546875 7.674072265625 14506.170040487415 5613
stats: 504 0 19
stats: 200 6 5480
stats: size_rcv 3798984 1496013399
stats: newphase 0 3
stats: size_sent 2792 3540809
stats: connected -2 37
stats: 500 0 120
# stats: dump at 1480613232
stats: users 35 395
stats: {freemem,"tsung_controller@ip-172-31-13-122"} 1 3103.4375 0.0 3155.38671875 3091.546875 3108.1527683423915 46
stats: {load,"tsung_controller@ip-172-31-13-122"} 1 0.01171875 0.0 0.140625 0.0 0.04059103260869564 46
stats: {recvpackets,"tsung_controller@ip-172-31-13-122"} 1 2070.0 0.0 48968 2070 23286.800000000003 45
stats: {sentpackets,"tsung_controller@ip-172-31-13-122"} 1 1064.0 0.0 24537 1064 11544.2 45
stats: {cpu,"tsung_controller@ip-172-31-13-122"} 1 1.582591493570722 0.0 17.85028790786948 1.582591493570722 8.219861977197265 46
stats: session 2 372168.6444091797 7762.4844970703125 379931.12890625 30937.14794921875 201683.95809509276 400
stats: users_count 0 437
stats: finish_users_count 2 402
stats: request 13 35360.502366286055 1901.9760805739902 59913.05810546875 7.674072265625 14525.182072509288 5619
stats: connect 0 0 0 126.676025390625 0.8818359375 2.2342040456950802 437
stats: page 13 35360.502366286055 1901.9760805739902 59913.05810546875 7.674072265625 14525.182072509288 5619
stats: 504 0 19
stats: 200 11 5491
stats: size_rcv 2218968 1498232367
stats: newphase 0 3
stats: size_sent 5466 3546275
stats: connected -2 35
stats: 500 2 122
# stats: dump at 1480613242
stats: users 33 395
stats: {freemem,"tsung_controller@ip-172-31-13-122"} 1 3103.49609375 0.0 3155.38671875 3091.546875 3108.0524434840427 47
stats: {load,"tsung_controller@ip-172-31-13-122"} 1 0.01171875 0.0 0.140625 0.0 0.03997672872340425 47
stats: {recvpackets,"tsung_controller@ip-172-31-13-122"} 1 889.0 0.0 48968 889 22825.565217391304 46
stats: {sentpackets,"tsung_controller@ip-172-31-13-122"} 1 480.0 0.0 24537 480 11316.369565217392 46
stats: {cpu,"tsung_controller@ip-172-31-13-122"} 1 1.3779527559055118 0.0 17.85028790786948 1.3779527559055118 8.07864345626904 47
stats: session 2 372687.1955566406 2050.04443359375 379931.12890625 30937.14794921875 202532.14061406834 402
stats: users_count 0 437
stats: finish_users_count 2 404
stats: request 4 43452.491760253906 2117.751125163211 59913.05810546875 7.674072265625 14573.274963812395 5632
stats: connect 0 0 0 126.676025390625 0.8818359375 2.2342040456950802 437
stats: page 4 43452.491760253906 2117.751125163211 59913.05810546875 7.674072265625 14573.274963812395 5632
stats: 504 0 19
stats: 200 4 5495
stats: size_rcv 2575001 1500807368
stats: newphase 0 3
stats: size_sent 3490 3549765
stats: connected -2 33
stats: 500 0 122
# stats: dump at 1480613252
stats: users 11 395
stats: {freemem,"tsung_controller@ip-172-31-13-122"} 1 3103.640625 0.0 3155.38671875 3091.546875 3107.95751953125 48
stats: {load,"tsung_controller@ip-172-31-13-122"} 1 0.01171875 0.0 0.140625 0.0 0.03938802083333333 48
stats: {recvpackets,"tsung_controller@ip-172-31-13-122"} 1 3477.0 0.0 48968 889 22358.82978723404 47
stats: {sentpackets,"tsung_controller@ip-172-31-13-122"} 1 1861.0 0.0 24537 480 11085.808510638299 47
stats: {cpu,"tsung_controller@ip-172-31-13-122"} 1 2.1739130434782608 0.0 17.85028790786948 1.3779527559055118 7.939045733344801 48
stats: session 22 375967.0051269531 6323.280301846022 384998.2131347656 30937.14794921875 203374.49237120978 404
stats: users_count 0 437
stats: finish_users_count 22 426
stats: request 33 26077.59756007339 16155.80725930086 59913.05810546875 7.674072265625 14593.771214200216 5636
stats: connect 0 0 0 126.676025390625 0.8818359375 2.2342040456950802 437
stats: page 33 26077.59756007339 16155.80725930086 59913.05810546875 7.674072265625 14593.771214200216 5636
stats: 504 0 19
stats: 200 32 5527
stats: size_rcv 3275902 1504083270
stats: newphase 0 3
stats: size_sent 4150 3553915
stats: connected -22 11
stats: 500 1 123
# stats: dump at 1480613262
stats: users 1 395
stats: {freemem,"tsung_controller@ip-172-31-13-122"} 1 3119.24609375 0.0 3155.38671875 3091.546875 3107.8694196428573 49
stats: {load,"tsung_controller@ip-172-31-13-122"} 1 0.01171875 0.0 0.140625 0.0 0.03882334183673469 49
stats: {recvpackets,"tsung_controller@ip-172-31-13-122"} 1 3473.0 0.0 48968 889 21965.458333333332 48
stats: {sentpackets,"tsung_controller@ip-172-31-13-122"} 1 1802.0 0.0 24537 480 10893.625000000002 48
stats: {cpu,"tsung_controller@ip-172-31-13-122"} 1 2.3622047244094486 0.0 17.85028790786948 1.3779527559055118 7.821389964163851 49
stats: session 10 377738.8682617188 3619.1041965608615 386858.14404296875 30937.14794921875 212287.7207294876 426
stats: users_count 0 437
stats: finish_users_count 10 436
stats: request 11 15951.968883167614 21105.832642759207 59913.05810546875 7.674072265625 14660.62008867787 5669
stats: connect 0 0 0 126.676025390625 0.8818359375 2.2342040456950802 437
stats: page 11 15951.968883167614 21105.832642759207 59913.05810546875 7.674072265625 14660.62008867787 5669
stats: 504 0 19
stats: 200 11 5538
stats: size_rcv 4702152 1508785422
stats: newphase 0 3
stats: size_sent 4188 3558103
stats: connected -10 1
stats: 500 0 123
# stats: dump at 1480613269
stats: users 0 395
stats: {freemem,"tsung_controller@ip-172-31-13-122"} 1 3119.21875 0.0 3155.38671875 3091.546875 3108.096953125 50
stats: {load,"tsung_controller@ip-172-31-13-122"} 1 0.01171875 0.0 0.140625 0.0 0.03828125 50
stats: {recvpackets,"tsung_controller@ip-172-31-13-122"} 1 47.0 0.0 48968 47 21588.061224489797 49
stats: {sentpackets,"tsung_controller@ip-172-31-13-122"} 1 36.0 0.0 24537 36 10708.081632653064 49
stats: {cpu,"tsung_controller@ip-172-31-13-122"} 1 1.085883514313919 0.0 17.85028790786948 1.085883514313919 7.712206259368762 50
stats: session 1 384141.1730957031 0.0 386858.14404296875 30937.14794921875 216082.4718196764 436
stats: users_count 0 437
stats: finish_users_count 1 437
stats: request 1 13.989013671875 0.0 59913.05810546875 7.674072265625 14663.120940216495 5680
stats: connect 0 0 0 126.676025390625 0.8818359375 2.2342040456950802 437
stats: page 1 13.989013671875 0.0 59913.05810546875 7.674072265625 14663.120940216495 5680
stats: 504 0 19
stats: 200 1 5539
stats: size_rcv 27215 1508812637
stats: newphase 0 3
stats: size_sent 698 3558801
stats: connected -1 0
stats: 500 0 123
EndMonitor:{1480,613269,788494}
