# stats: dump at 1480576716
stats: users 10 10
stats: {freemem,"tsung_controller@ip-172-31-6-21"} 1 3163.640625 0 3163.640625 3163.640625 0 0
stats: {load,"tsung_controller@ip-172-31-6-21"} 1 0.0 0 0.0 0.0 0 0
stats: {cpu,"tsung_controller@ip-172-31-6-21"} 1 6.304449460343953 0 6.304449460343953 6.304449460343953 0 0
stats: users_count 10 10
stats: finish_users_count 0 0
stats: request 24 534.8270975748696 856.4412873399477 2787.97509765625 6.48291015625 0 0
stats: connect 10 11.2441162109375 31.131078462151084 104.636962890625 0.73291015625 0 0
stats: page 24 534.8270975748696 856.4412873399477 2787.97509765625 6.48291015625 0 0
stats: 200 24 24
stats: size_rcv 1992370 1992370
stats: size_sent 8495 8495
stats: connected 10 10
# stats: dump at 1480576726
stats: users 17 19
stats: {freemem,"tsung_controller@ip-172-31-6-21"} 1 3163.94140625 0.0 3163.94140625 3163.640625 3163.640625 1
stats: {load,"tsung_controller@ip-172-31-6-21"} 1 0.0 0.0 0.0 0.0 0.0 1
stats: {recvpackets,"tsung_controller@ip-172-31-6-21"} 1 1503 0 1503 1503 0 0
stats: {sentpackets,"tsung_controller@ip-172-31-6-21"} 1 781 0 781 781 0 0
stats: {cpu,"tsung_controller@ip-172-31-6-21"} 1 2.1696252465483234 0.0 6.304449460343953 2.1696252465483234 6.304449460343953 1
stats: session 5 10787.979541015626 3264.8231927710167 13945.91796875 5880.2587890625 0 0
stats: users_count 12 22
stats: finish_users_count 5 5
stats: request 51 576.4929917279412 1358.3813148533668 6838.62890625 0.572998046875 534.8270975748696 24
stats: connect 15 0.775 0.06438217419397135 104.636962890625 0.6240234375 11.2441162109375 10
stats: page 48 612.5396372477215 1392.2846270411383 6838.62890625 1.232177734375 534.8270975748696 24
stats: 200 42 66
stats: size_rcv 3897682 5890052
stats: size_sent 25545 34040
stats: connected 6 16
stats: 400 9 9
# stats: dump at 1480576736
stats: users 20 25
stats: {freemem,"tsung_controller@ip-172-31-6-21"} 1 3162.71875 0.0 3163.94140625 3162.71875 3163.791015625 2
stats: {load,"tsung_controller@ip-172-31-6-21"} 1 0.0 0.0 0.0 0.0 0.0 2
stats: {recvpackets,"tsung_controller@ip-172-31-6-21"} 1 2823.0 0.0 2823 1503 1503.0 1
stats: {sentpackets,"tsung_controller@ip-172-31-6-21"} 1 1261.0 0.0 1261 781 781.0 1
stats: {cpu,"tsung_controller@ip-172-31-6-21"} 1 1.4910536779324055 0.0 6.304449460343953 1.4910536779324055 4.237037353446138 2
stats: session 5 18004.72783203125 4006.8154278587576 24007.919921875 5880.2587890625 10787.979541015626 5
stats: users_count 8 30
stats: finish_users_count 5 10
stats: request 48 2149.6966603597 3038.8074846398517 10727.72705078125 0.572998046875 563.1599055989583 75
stats: connect 10 0.8576904296875 0.16868398046054997 104.636962890625 0.6240234375 4.962646484375 25
stats: page 46 2243.173143469769 3070.217162786441 10727.72705078125 1.232177734375 586.6354573567709 72
stats: 200 42 108
stats: size_rcv 4085634 9975686
stats: size_sent 17532 51572
stats: connected 2 18
stats: 400 6 15
# stats: dump at 1480576746
stats: users 31 35
stats: {freemem,"tsung_controller@ip-172-31-6-21"} 1 3162.26953125 0.0 3163.94140625 3162.26953125 3163.43359375 3
stats: {load,"tsung_controller@ip-172-31-6-21"} 1 0.0 0.0 0.0 0.0 0.0 3
stats: {recvpackets,"tsung_controller@ip-172-31-6-21"} 1 3322.0 0.0 3322 1503 2163.0 2
stats: {sentpackets,"tsung_controller@ip-172-31-6-21"} 1 1608.0 0.0 1608 781 1021.0 2
stats: {cpu,"tsung_controller@ip-172-31-6-21"} 1 1.582591493570722 0.0 6.304449460343953 1.4910536779324055 3.3217094616082274 3
stats: session 10 24253.272583007813 6041.312224429241 36955.72900390625 5880.2587890625 14396.353686523438 10
stats: users_count 21 51
stats: finish_users_count 10 20
stats: request 74 873.5941722972971 2042.5602609522696 11409.99609375 0.572998046875 1182.2962001397357 123
stats: connect 28 1.0250331333705358 0.6731503427965975 104.636962890625 0.6240234375 3.7898018973214285 35
stats: page 70 923.5294712611608 2089.1139971689404 11409.99609375 1.232177734375 1232.4043858414989 118
stats: 200 59 167
stats: size_rcv 5726794 15702480
stats: newphase 1 1
stats: size_sent 31613 83185
stats: connected 11 29
stats: 400 15 30
# stats: dump at 1480576756
stats: users 42 42
stats: {freemem,"tsung_controller@ip-172-31-6-21"} 1 3161.4375 0.0 3163.94140625 3161.4375 3163.142578125 4
stats: {load,"tsung_controller@ip-172-31-6-21"} 1 0.0 0.0 0.0 0.0 0.0 4
stats: {recvpackets,"tsung_controller@ip-172-31-6-21"} 1 4541.0 0.0 4541 1503 2549.3333333333335 3
stats: {sentpackets,"tsung_controller@ip-172-31-6-21"} 1 2218.0 0.0 2218 781 1216.6666666666667 3
stats: {cpu,"tsung_controller@ip-172-31-6-21"} 1 2.0792079207920793 0.0 6.304449460343953 1.4910536779324055 2.8869299695988513 4
stats: session 5 18839.465966796874 9704.709408419178 36955.72900390625 5880.2587890625 19324.813134765624 20
stats: users_count 16 67
stats: finish_users_count 5 25
stats: request 52 3060.157193697416 2912.3574386527803 11409.99609375 0.572998046875 1066.3370627776014 197
stats: connect 24 0.8530476888020834 0.35636423602704304 104.636962890625 0.6240234375 2.5610157800099205 63
stats: page 51 3120.1656661688107 2908.7657408892323 11409.99609375 1.232177734375 1117.3977687105219 188
stats: 200 42 209
stats: size_rcv 3818419 19520899
stats: newphase 0 1
stats: size_sent 24117 107302
stats: connected 13 42
stats: 400 10 40
# stats: dump at 1480576766
stats: users 54 54
stats: {freemem,"tsung_controller@ip-172-31-6-21"} 1 3161.31640625 0.0 3163.94140625 3161.31640625 3162.8015625 5
stats: {load,"tsung_controller@ip-172-31-6-21"} 1 0.0 0.0 0.0 0.0 0.0 5
stats: {recvpackets,"tsung_controller@ip-172-31-6-21"} 1 2381.0 0.0 4541 1503 3047.25 4
stats: {sentpackets,"tsung_controller@ip-172-31-6-21"} 1 1260.0 0.0 2218 781 1467.0 4
stats: {cpu,"tsung_controller@ip-172-31-6-21"} 1 1.4910536779324055 0.0 6.304449460343953 1.4910536779324055 2.725385559837497 5
stats: session 7 28943.828752790178 6421.0564343338865 39264.964111328125 5880.2587890625 19227.743701171876 25
stats: users_count 19 86
stats: finish_users_count 7 32
stats: request 47 2323.1341994265294 3188.3185322825057 14600.26318359375 0.572998046875 1482.7171704395707 249
stats: connect 19 0.7559236225328947 0.06436115826124669 104.636962890625 0.6240234375 2.0898521686422415 87
stats: page 46 2373.6425091287365 3204.1377105371844 14600.26318359375 1.232177734375 1544.7666505949264 239
stats: 200 45 254
stats: size_rcv 3928616 23449515
stats: newphase 0 1
stats: size_sent 31272 138574
stats: connected 11 53
stats: 400 2 42
# stats: dump at 1480576776
stats: users 84 85
stats: {freemem,"tsung_controller@ip-172-31-6-21"} 1 3160.37890625 0.0 3163.94140625 3160.37890625 3162.5540364583335 6
stats: {load,"tsung_controller@ip-172-31-6-21"} 1 0.0 0.0 0.0 0.0 0.0 6
stats: {recvpackets,"tsung_controller@ip-172-31-6-21"} 1 3051.0 0.0 4541 1503 2914.0 5
stats: {sentpackets,"tsung_controller@ip-172-31-6-21"} 1 1477.0 0.0 2218 781 1425.6 5
stats: {cpu,"tsung_controller@ip-172-31-6-21"} 1 2.075098814229249 0.0 6.304449460343953 1.4910536779324055 2.5196635795199818 6
stats: session 7 29244.50069754464 10658.613662759533 49485.921142578125 5880.2587890625 21353.13730621338 32
stats: users_count 37 123
stats: finish_users_count 7 39
stats: request 27 7010.947762948495 3965.529180546454 14600.26318359375 0.568115234375 1616.161766258446 296
stats: connect 41 0.7889612709603658 0.13113953215509838 104.636962890625 0.6240234375 1.8507517688679247 106
stats: page 25 7571.841259765625 3568.948856994475 14600.26318359375 1.232177734375 1678.5501224986292 285
stats: 200 19 273
stats: size_rcv 2106968 25556483
stats: newphase 1 2
stats: size_sent 14389 152963
stats: connected 31 84
stats: 400 8 50
# stats: dump at 1480576786
stats: users 113 113
stats: {freemem,"tsung_controller@ip-172-31-6-21"} 1 3160.14453125 0.0 3163.94140625 3160.14453125 3162.2433035714284 7
stats: {load,"tsung_controller@ip-172-31-6-21"} 1 0.0 0.0 0.0 0.0 0.0 7
stats: {recvpackets,"tsung_controller@ip-172-31-6-21"} 1 1710.0 0.0 4541 1503 2936.8333333333335 6
stats: {sentpackets,"tsung_controller@ip-172-31-6-21"} 1 915.0 0.0 2218 781 1434.1666666666667 6
stats: {cpu,"tsung_controller@ip-172-31-6-21"} 1 1.5857284440039643 0.0 6.304449460343953 1.4910536779324055 2.4561543273355917 7
stats: session 9 38371.868896484375 6580.800455705651 49485.921142578125 5880.2587890625 22769.535863631812 39
stats: users_count 38 161
stats: finish_users_count 9 48
stats: request 135 7175.709402126731 5410.255733574851 20154.385009765625 0.568115234375 2067.1191096350135 323
stats: connect 42 0.7371535528273808 0.06402092785195164 104.636962890625 0.6240234375 1.554606119791667 147
stats: page 132 7338.800246729995 5360.946442704099 20154.385009765625 1.232177734375 2153.815536794355 310
stats: 200 125 398
stats: size_rcv 9173052 34729535
stats: newphase 0 2
stats: size_sent 51874 204837
stats: connected 26 110
stats: 400 10 60
# stats: dump at 1480576796
stats: users 146 146
stats: {freemem,"tsung_controller@ip-172-31-6-21"} 1 3156.01953125 0.0 3163.94140625 3156.01953125 3161.98095703125 8
stats: {load,"tsung_controller@ip-172-31-6-21"} 1 0.0 0.0 0.0 0.0 0.0 8
stats: {recvpackets,"tsung_controller@ip-172-31-6-21"} 1 6842.0 0.0 6842 1503 2761.5714285714284 7
stats: {sentpackets,"tsung_controller@ip-172-31-6-21"} 1 3522.0 0.0 3522 781 1360.0 7
stats: {cpu,"tsung_controller@ip-172-31-6-21"} 1 3.270564915758176 0.0 6.304449460343953 1.4910536779324055 2.3473510919191383 8
stats: session 9 42856.94878472222 12240.288111985798 59718.3369140625 5880.2587890625 25694.973307291668 48
stats: users_count 42 203
stats: finish_users_count 9 57
stats: request 93 3956.6127667170704 5096.224532739864 25907.60888671875 0.537109375 3572.92629191969 458
stats: connect 45 0.7675075954861111 0.08462933832061711 104.636962890625 0.6240234375 1.3729499937996035 189
stats: page 89 4134.447967872194 5138.431044657795 25907.60888671875 0.718994140625 3702.2725089923288 442
stats: 200 46 444
stats: size_rcv 4230389 38959924
stats: newphase 0 2
stats: size_sent 44309 249146
stats: connected 30 140
stats: 400 10 70
stats: 503 37 37
# stats: dump at 1480576806
stats: users 195 196
stats: {freemem,"tsung_controller@ip-172-31-6-21"} 1 3153.671875 0.0 3163.94140625 3153.671875 3161.3185763888887 9
stats: {load,"tsung_controller@ip-172-31-6-21"} 1 0.0 0.0 0.0 0.0 0.0 9
stats: {recvpackets,"tsung_controller@ip-172-31-6-21"} 1 4408.0 0.0 6842 1503 3271.625 8
stats: {sentpackets,"tsung_controller@ip-172-31-6-21"} 1 2203.0 0.0 3522 781 1630.25 8
stats: {cpu,"tsung_controller@ip-172-31-6-21"} 1 2.3785926660059467 0.0 6.304449460343953 1.4910536779324055 2.4499304056790314 9
stats: session 23 23623.471361243206 16545.99397873082 62576.85693359375 3285.97802734375 28404.75890899123 57
stats: users_count 72 275
stats: finish_users_count 23 80
stats: request 267 2701.451592491808 5422.314510045478 25907.60888671875 0.537109375 3637.686441023422 551
stats: connect 82 1.0073510146722562 0.734538492163818 104.636962890625 0.6240234375 1.256518763354701 234
stats: page 260 2774.1892080453713 5476.428460880683 25907.60888671875 0.65283203125 3774.708697015508 531
stats: 200 54 498
stats: size_rcv 5759376 44719300
stats: newphase 1 3
stats: size_sent 76227 325373
stats: connected 49 189
stats: 400 14 84
stats: 503 199 236
# stats: dump at 1480576816
stats: users 226 227
stats: {freemem,"tsung_controller@ip-172-31-6-21"} 1 3152.39453125 0.0 3163.94140625 3152.39453125 3160.55390625 10
stats: {load,"tsung_controller@ip-172-31-6-21"} 1 0.0 0.0 0.0 0.0 0.0 10
stats: {recvpackets,"tsung_controller@ip-172-31-6-21"} 1 3011.0 0.0 6842 1503 3397.8888888888887 9
stats: {sentpackets,"tsung_controller@ip-172-31-6-21"} 1 2001.0 0.0 3522 781 1693.888888888889 9
stats: {cpu,"tsung_controller@ip-172-31-6-21"} 1 3.084577114427861 0.0 6.304449460343953 1.4910536779324055 2.442796631711723 10
stats: session 47 27248.915989652593 17206.174452489788 70527.75512695313 2829.969970703125 27030.138739013673 80
stats: users_count 78 353
stats: finish_users_count 47 127
stats: request 383 2636.043152970992 6538.349877013936 25907.60888671875 0.537109375 3332.093892664081 818
stats: connect 100 0.73248291015625 0.15570893783552373 104.636962890625 0.571044921875 1.1918613095826742 316
stats: page 366 2758.492807190274 6663.244044969069 25907.60888671875 0.65283203125 3445.8400912857537 791
stats: 200 51 549
stats: size_rcv 3966926 48686226
stats: newphase 0 3
stats: size_sent 107323 432696
stats: connected 23 212
stats: 400 44 128
stats: 503 288 524
# stats: dump at 1480576826
stats: users 249 249
stats: {freemem,"tsung_controller@ip-172-31-6-21"} 1 3150.265625 0.0 3163.94140625 3150.265625 3159.8121448863635 11
stats: {load,"tsung_controller@ip-172-31-6-21"} 1 0.0 0.0 0.0 0.0 0.0 11
stats: {recvpackets,"tsung_controller@ip-172-31-6-21"} 1 3336.0 0.0 6842 1503 3359.2 10
stats: {sentpackets,"tsung_controller@ip-172-31-6-21"} 1 2299.0 0.0 3522 781 1724.6 10
stats: {cpu,"tsung_controller@ip-172-31-6-21"} 1 3.4034034034034035 0.0 6.304449460343953 1.4910536779324055 2.5011403119586446 11
stats: session 64 27366.04132080078 20522.022371188967 85707.96606445313 1516.964111328125 27111.10354830524 127
stats: users_count 87 440
stats: finish_users_count 64 191
stats: request 418 2334.0209353506275 7099.6455726092145 28875.369140625 0.51318359375 3110.1226742607064 1201
stats: connect 123 0.7403614075203252 0.10018518690602461 104.636962890625 0.571044921875 1.081433809720553 416
stats: page 404 2414.910872355544 7208.08627849469 28875.369140625 0.64794921875 3228.4078475701567 1157
stats: 200 39 588
stats: size_rcv 3503771 52189997
stats: newphase 0 3
stats: size_sent 106493 539189
stats: connected 25 237
stats: 400 52 180
stats: 503 327 851
# stats: dump at 1480576836
stats: users 297 297
stats: {freemem,"tsung_controller@ip-172-31-6-21"} 1 3150.08984375 0.0 3163.94140625 3150.08984375 3159.0166015625 12
stats: {load,"tsung_controller@ip-172-31-6-21"} 1 0.0 0.0 0.0 0.0 0.0 12
stats: {recvpackets,"tsung_controller@ip-172-31-6-21"} 1 3231.0 0.0 6842 1503 3357.090909090909 11
stats: {sentpackets,"tsung_controller@ip-172-31-6-21"} 1 2309.0 0.0 3522 781 1776.8181818181818 11
stats: {cpu,"tsung_controller@ip-172-31-6-21"} 1 3.4034034034034035 0.0 6.304449460343953 1.4910536779324055 2.5763289029123744 12
stats: session 90 27908.93246527778 21715.84421321508 85707.96606445313 1148.922119140625 27196.52772338228 191
stats: users_count 138 578
stats: finish_users_count 90 281
stats: request 568 1056.01363104162 5191.447829843249 34186.626953125 0.506103515625 2909.745573047357 1619
stats: connect 177 0.690517964336158 0.054845208021676896 104.636962890625 0.56298828125 1.0036009609809833 539
stats: page 539 1112.841980320182 5323.339045586204 34186.626953125 0.64794921875 3017.8679513583033 1561
stats: 200 23 611
stats: size_rcv 1757211 53947208
stats: newphase 1 4
stats: size_sent 126647 665836
stats: connected 36 273
stats: 400 73 253
stats: 503 472 1323
# stats: dump at 1480576846
stats: users 361 361
stats: {freemem,"tsung_controller@ip-172-31-6-21"} 1 3149.71875 0.0 3163.94140625 3149.71875 3158.3299278846152 13
stats: {load,"tsung_controller@ip-172-31-6-21"} 1 0.0 0.0 0.0 0.0 0.0 13
stats: {recvpackets,"tsung_controller@ip-172-31-6-21"} 1 2527.0 0.0 6842 1503 3346.5833333333335 12
stats: {sentpackets,"tsung_controller@ip-172-31-6-21"} 1 2449.0 0.0 3522 781 1821.1666666666667 12
stats: {cpu,"tsung_controller@ip-172-31-6-21"} 1 4.7 0.0 6.304449460343953 1.4910536779324055 2.639950018334761 13
stats: session 101 21465.028554784185 17522.793450122703 93935.90698242188 897.970947265625 27424.700060644183 281
stats: users_count 165 743
stats: finish_users_count 101 382
stats: request 763 1086.5272701558415 5904.659047646211 35043.7001953125 0.4951171875 2428.3007888410198 2187
stats: connect 221 0.6893073034502264 0.13181143437774334 104.636962890625 0.56298828125 0.9262047453299581 716
stats: page 732 1132.5503803524173 6024.074185054984 35043.7001953125 0.64794921875 2528.9112854585187 2100
stats: 200 24 635
stats: size_rcv 2912809 56860017
stats: newphase 0 4
stats: size_sent 146297 812133
stats: connected 63 336
stats: 400 84 337
stats: 503 655 1978
# stats: dump at 1480576856
stats: users 387 389
stats: {freemem,"tsung_controller@ip-172-31-6-21"} 1 3147.13671875 0.0 3163.94140625 3147.13671875 3157.71484375 14
stats: {load,"tsung_controller@ip-172-31-6-21"} 1 0.0 0.0 0.0 0.0 0.0 14
stats: {recvpackets,"tsung_controller@ip-172-31-6-21"} 1 3425.0 0.0 6842 1503 3283.5384615384614 13
stats: {sentpackets,"tsung_controller@ip-172-31-6-21"} 1 3196.0 0.0 3522 781 1869.4615384615386 13
stats: {cpu,"tsung_controller@ip-172-31-6-21"} 1 5.141129032258065 0.0 6.304449460343953 1.4910536779324055 2.787096445596564 14
stats: session 145 22040.490897764008 19716.92525816011 94160.15698242188 553.968994140625 25848.975395482248 382
stats: users_count 171 914
stats: finish_users_count 145 527
stats: request 920 1365.8437513268511 6894.008689619403 45364.7529296875 0.487060546875 2081.2590279065143 2950
stats: connect 263 0.7002278026972434 0.18653454892719012 104.636962890625 0.56298828125 0.8703303220050693 937
stats: page 861 1459.4523353000702 7116.726922439558 45364.7529296875 0.64501953125 2167.987492189569 2832
stats: 200 31 666
stats: size_rcv 2997347 59857364
stats: newphase 0 4
stats: size_sent 190900 1003033
stats: connected 7 343
stats: 400 155 492
stats: 503 734 2712
# stats: dump at 1480576866
stats: users 484 485
stats: {freemem,"tsung_controller@ip-172-31-6-21"} 1 3145.3203125 0.0 3163.94140625 3145.3203125 3157.0096354166667 15
stats: {load,"tsung_controller@ip-172-31-6-21"} 1 0.0 0.0 0.0 0.0 0.0 15
stats: {recvpackets,"tsung_controller@ip-172-31-6-21"} 1 4914.0 0.0 6842 1503 3293.6428571428573 14
stats: {sentpackets,"tsung_controller@ip-172-31-6-21"} 1 4244.0 0.0 4244 781 1964.2142857142858 14
stats: {cpu,"tsung_controller@ip-172-31-6-21"} 1 6.572295247724974 0.0 6.572295247724974 1.4910536779324055 2.9440319513739976 15
stats: session 201 21053.7484841418 18273.697518795965 94160.15698242188 553.968994140625 24801.10015417457 527
stats: users_count 298 1212
stats: finish_users_count 201 728
stats: request 1271 1554.6168611467954 6552.511884041578 47518.6728515625 0.487060546875 1911.1861456188424 3870
stats: connect 427 0.7593328042666858 0.36669254849098826 104.636962890625 0.553955078125 0.8330495198567708 1200
stats: page 1206 1638.4177150947721 6716.567060610967 47518.6728515625 0.635986328125 2002.7969235240237 3693
stats: 200 71 737
stats: size_rcv 7030981 66888345
stats: newphase 1 5
stats: size_sent 267966 1270999
stats: connected 104 447
stats: 400 194 686
stats: 503 1006 3718
# stats: dump at 1480576876
stats: users 579 587
stats: {freemem,"tsung_controller@ip-172-31-6-21"} 1 3141.171875 0.0 3163.94140625 3141.171875 3156.279052734375 16
stats: {load,"tsung_controller@ip-172-31-6-21"} 1 0.0 0.0 0.0 0.0 0.0 16
stats: {recvpackets,"tsung_controller@ip-172-31-6-21"} 1 6201.0 0.0 6842 1503 3401.6666666666665 15
stats: {sentpackets,"tsung_controller@ip-172-31-6-21"} 1 5483.0 0.0 5483 781 2116.2 15
stats: {cpu,"tsung_controller@ip-172-31-6-21"} 1 9.667673716012084 0.0 9.667673716012084 1.4910536779324055 3.1707984073959334 16
stats: session 227 20577.6570329708 18669.08122762003 103882.94702148438 553.968994140625 23766.46047604739 728
stats: users_count 322 1534
stats: finish_users_count 227 955
stats: request 1543 562.300267652806 3427.8306682607695 47518.6728515625 0.487060546875 1823.032175464403 5141
stats: connect 459 0.7128693491285403 0.2213633682450868 104.636962890625 0.553955078125 0.8137028464966194 1627
stats: page 1462 593.4653493982986 3518.901635737585 47518.6728515625 0.635986328125 1913.096714223008 4899
stats: 200 40 777
stats: size_rcv 3761237 70649582
stats: newphase 0 5
stats: size_sent 308583 1579582
stats: connected 80 527
stats: 400 225 911
stats: 503 1278 4996
# stats: dump at 1480576886
stats: users 611 613
stats: {freemem,"tsung_controller@ip-172-31-6-21"} 1 3137.7734375 0.0 3163.94140625 3137.7734375 3155.3903952205883 17
stats: {load,"tsung_controller@ip-172-31-6-21"} 1 0.0 0.0 0.0 0.0 0.0 17
stats: {recvpackets,"tsung_controller@ip-172-31-6-21"} 1 5520.0 0.0 6842 1503 3576.625 16
stats: {sentpackets,"tsung_controller@ip-172-31-6-21"} 1 5676.0 0.0 5676 781 2326.625 16
stats: {cpu,"tsung_controller@ip-172-31-6-21"} 1 10.0 0.0 10.0 1.4910536779324055 3.5529675431968832 17
stats: session 265 18440.987932082833 15406.36762833236 105169.9609375 553.968994140625 23008.49358434227 955
stats: users_count 297 1831
stats: finish_users_count 265 1220
stats: request 1542 349.01668531761715 2745.91190243617 47518.6728515625 0.487060546875 1531.992478613222 6684
stats: connect 454 0.673275850943007 0.11719967156182305 104.636962890625 0.553955078125 0.7915156100191754 2086
stats: page 1469 366.37011835086565 2812.1919018829158 47518.6728515625 0.60888671875 1609.7951806003502 6361
stats: 200 22 799
stats: size_rcv 1672433 72322015
stats: newphase 0 5
stats: size_sent 301558 1881140
stats: connected 35 562
stats: 400 232 1143
stats: 503 1288 6284
# stats: dump at 1480576896
stats: users 409 626
stats: {freemem,"tsung_controller@ip-172-31-6-21"} 1 3136.6015625 0.0 3163.94140625 3136.6015625 3154.411675347222 18
stats: {load,"tsung_controller@ip-172-31-6-21"} 1 0.078125 0.0 0.078125 0.0 0.0 18
stats: {recvpackets,"tsung_controller@ip-172-31-6-21"} 1 3782.0 0.0 6842 1503 3690.9411764705883 17
stats: {sentpackets,"tsung_controller@ip-172-31-6-21"} 1 4865.0 0.0 5676 781 2523.6470588235293 17
stats: {cpu,"tsung_controller@ip-172-31-6-21"} 1 10.797174571140262 0.0 10.797174571140262 1.4910536779324055 3.9111360130192785 18
stats: session 253 22076.18556520966 16786.495534235823 105169.9609375 553.968994140625 22016.37145495805 1220
stats: users_count 51 1882
stats: finish_users_count 253 1473
stats: request 1004 1742.8847646523282 6613.300387569275 47518.6728515625 0.487060546875 1310.2384458802019 8226
stats: connect 209 0.6762742037978469 0.10484823919732086 104.636962890625 0.553955078125 0.7703814168614666 2540
stats: page 927 1887.6706748394508 6862.608695056161 47518.6728515625 0.60888671875 1376.5140290748723 7830
stats: 200 63 862
stats: size_rcv 4943536 77265551
stats: newphase 0 5
stats: size_sent 230756 2111896
stats: connected -202 360
stats: 400 236 1379
stats: 503 705 6989
# stats: dump at 1480576906
stats: users 246 626
stats: {freemem,"tsung_controller@ip-172-31-6-21"} 1 3136.43359375 0.0 3163.94140625 3136.43359375 3153.474300986842 19
stats: {load,"tsung_controller@ip-172-31-6-21"} 1 0.0703125 0.0 0.078125 0.0 0.004111842105263158 19
stats: {recvpackets,"tsung_controller@ip-172-31-6-21"} 1 5409.0 0.0 6842 1503 3696.0 18
stats: {sentpackets,"tsung_controller@ip-172-31-6-21"} 1 3960.0 0.0 5676 781 2653.722222222222 18
stats: {cpu,"tsung_controller@ip-172-31-6-21"} 1 5.472636815920398 0.0 10.797174571140262 1.4910536779324055 4.273559095025646 19
stats: session 163 28844.9295916411 12839.452680193213 105169.9609375 553.968994140625 22026.645025829508 1473
stats: users_count 0 1882
stats: finish_users_count 163 1636
stats: request 390 2074.5820688100976 7271.801930508891 47518.6728515625 0.487060546875 1357.2998656036273 9230
stats: connect 117 0.6964393028846154 0.08477553014030119 104.636962890625 0.548095703125 0.7632266669413877 2749
stats: page 348 2324.98614291487 7660.210803742368 47518.6728515625 0.60888671875 1430.6241364888 8757
stats: 200 30 892
stats: size_rcv 2773025 80038576
stats: newphase 0 5
stats: size_sent 114047 2225943
stats: connected -141 219
stats: 400 159 1538
stats: 503 201 7190
# stats: dump at 1480576916
stats: users 169 626
stats: {freemem,"tsung_controller@ip-172-31-6-21"} 1 3136.296875 0.0 3163.94140625 3136.296875 3152.622265625 20
stats: {load,"tsung_controller@ip-172-31-6-21"} 1 0.05859375 0.0 0.078125 0.0 0.007421875 20
stats: {recvpackets,"tsung_controller@ip-172-31-6-21"} 1 3499.0 0.0 6842 1503 3786.157894736842 19
stats: {sentpackets,"tsung_controller@ip-172-31-6-21"} 1 2419.0 0.0 5676 781 2722.4736842105262 19
stats: {cpu,"tsung_controller@ip-172-31-6-21"} 1 2.9940119760479043 0.0 10.797174571140262 1.4910536779324055 4.333512981070383 20
stats: session 77 34296.5910137226 11605.157521533274 105169.9609375 553.968994140625 22705.97288904912 1636
stats: users_count 0 1882
stats: finish_users_count 77 1713
stats: request 161 4472.617330041732 8925.22206934726 47518.6728515625 0.487060546875 1386.3788738417272 9620
stats: connect 51 0.7361605775122549 0.0945398615164352 104.636962890625 0.548095703125 0.76050017650362 2866
stats: page 146 4932.154885488013 9250.815131870364 47518.6728515625 0.60888671875 1464.8073301446234 9105
stats: 200 32 924
stats: size_rcv 3235099 83273675
stats: newphase 0 5
stats: size_sent 57364 2283307
stats: connected -63 156
stats: 400 68 1606
stats: 503 61 7251
# stats: dump at 1480576926
stats: users 141 626
stats: {freemem,"tsung_controller@ip-172-31-6-21"} 1 3136.34375 0.0 3163.94140625 3136.296875 3151.8448660714284 21
stats: {load,"tsung_controller@ip-172-31-6-21"} 1 0.05078125 0.0 0.078125 0.0 0.009858630952380952 21
stats: {recvpackets,"tsung_controller@ip-172-31-6-21"} 1 1750.0 0.0 6842 1503 3771.8 20
stats: {sentpackets,"tsung_controller@ip-172-31-6-21"} 1 1166.0 0.0 5676 781 2707.3 20
stats: {cpu,"tsung_controller@ip-172-31-6-21"} 1 1.9801980198019802 0.0 10.797174571140262 1.4910536779324055 4.269727218926455 21
stats: session 28 44336.829755510604 10754.594925351104 105169.9609375 553.968994140625 23226.97557182779 1713
stats: users_count 0 1882
stats: finish_users_count 28 1741
stats: request 90 4718.67337782118 10197.321924063266 47518.6728515625 0.487060546875 1437.1798544621342 9781
stats: connect 34 1.0297348920036762 0.8172602499579192 104.636962890625 0.548095703125 0.7600746298637299 2917
stats: page 75 5662.454267578125 10928.852158296702 47518.6728515625 0.60888671875 1519.5292783750997 9251
stats: 200 13 937
stats: size_rcv 821041 84094716
stats: newphase 0 5
stats: size_sent 40041 2323348
stats: connected -28 128
stats: 400 52 1658
stats: 503 25 7276
# stats: dump at 1480576936
stats: users 114 626
stats: {freemem,"tsung_controller@ip-172-31-6-21"} 1 3136.3515625 0.0 3163.94140625 3136.296875 3151.1402698863635 22
stats: {load,"tsung_controller@ip-172-31-6-21"} 1 0.0390625 0.0 0.078125 0.0 0.01171875 22
stats: {recvpackets,"tsung_controller@ip-172-31-6-21"} 1 523.0 0.0 6842 523 3675.5238095238096 21
stats: {sentpackets,"tsung_controller@ip-172-31-6-21"} 1 420.0 0.0 5676 420 2633.904761904762 21
stats: {cpu,"tsung_controller@ip-172-31-6-21"} 1 1.3847675568743818 0.0 10.797174571140262 1.3847675568743818 4.165657709875342 22
stats: session 27 57860.23739510995 13153.76346242048 105169.9609375 553.968994140625 23566.479257722745 1741
stats: users_count 0 1882
stats: finish_users_count 27 1768
stats: request 55 12412.451313920454 17109.555182063334 47518.6728515625 0.487060546875 1467.0992564581138 9871
stats: connect 24 0.7858683268229166 0.07665147077488654 104.636962890625 0.548095703125 0.7631815254627669 2951
stats: page 51 13385.995145909927 17397.320001907734 47518.6728515625 0.60888671875 1552.8468179622996 9326
stats: 200 17 954
stats: size_rcv 1138218 85232934
stats: newphase 0 5
stats: size_sent 22004 2345352
stats: connected -17 111
stats: 400 30 1688
stats: 503 8 7284
# stats: dump at 1480576946
stats: users 102 626
stats: {freemem,"tsung_controller@ip-172-31-6-21"} 1 3136.36328125 0.0 3163.94140625 3136.296875 3150.4972826086955 23
stats: {load,"tsung_controller@ip-172-31-6-21"} 1 0.1015625 0.0 0.1015625 0.0 0.012907608695652174 23
stats: {recvpackets,"tsung_controller@ip-172-31-6-21"} 1 1324.0 0.0 6842 523 3532.2272727272725 22
stats: {sentpackets,"tsung_controller@ip-172-31-6-21"} 1 754.0 0.0 5676 420 2533.2727272727275 22
stats: {cpu,"tsung_controller@ip-172-31-6-21"} 1 1.1904761904761905 0.0 10.797174571140262 1.1904761904761905 4.044749442353561 23
stats: session 12 64121.209716796875 11839.549516109117 105169.9609375 553.968994140625 24090.196152354787 1768
stats: users_count 0 1882
stats: finish_users_count 12 1780
stats: request 45 23320.157731119798 19315.4518993833 48437.694091796875 0.487060546875 1527.7474897001478 9926
stats: connect 13 0.9079402043269231 0.49935427988363934 104.636962890625 0.548095703125 0.7633645450367647 2975
stats: page 40 26235.204583740233 18527.079717616158 48437.694091796875 0.60888671875 1617.205415032293 9377
stats: 200 22 976
stats: size_rcv 1432736 86665670
stats: newphase 0 5
stats: size_sent 13335 2358687
stats: connected -11 100
stats: 400 23 1711
stats: 503 0 7284
# stats: dump at 1480576956
stats: users 94 626
stats: {freemem,"tsung_controller@ip-172-31-6-21"} 1 3136.53125 0.0 3163.94140625 3136.296875 3149.9083658854165 24
stats: {load,"tsung_controller@ip-172-31-6-21"} 1 0.08984375 0.0 0.1015625 0.0 0.0166015625 24
stats: {recvpackets,"tsung_controller@ip-172-31-6-21"} 1 1276.0 0.0 6842 523 3436.217391304348 23
stats: {sentpackets,"tsung_controller@ip-172-31-6-21"} 1 688.0 0.0 5676 420 2455.913043478261 23
stats: {cpu,"tsung_controller@ip-172-31-6-21"} 1 0.9900990099009901 0.0 10.797174571140262 0.9900990099009901 3.925821390192004 24
stats: session 8 81472.64999389648 11628.221067949391 106078.96704101563 553.968994140625 24360.068153912824 1780
stats: users_count 0 1882
stats: finish_users_count 8 1788
stats: request 38 32880.65548545435 18364.553070354094 48437.694091796875 0.487060546875 1626.0985538726363 9971
stats: connect 6 0.8044026692708334 0.036713321546050795 104.636962890625 0.548095703125 0.7639935556026188 2988
stats: page 35 35699.017578125 16295.917114477994 48437.694091796875 0.60888671875 1721.773745365554 9417
stats: 200 26 1002
stats: size_rcv 2573494 89239164
stats: newphase 0 5
stats: size_sent 11147 2369834
stats: connected -8 92
stats: 400 12 1723
stats: 503 0 7284
# stats: dump at 1480576966
stats: users 83 626
stats: {freemem,"tsung_controller@ip-172-31-6-21"} 1 3136.65625 0.0 3163.94140625 3136.296875 3149.37328125 25
stats: {load,"tsung_controller@ip-172-31-6-21"} 1 0.0703125 0.0 0.1015625 0.0 0.01953125 25
stats: {recvpackets,"tsung_controller@ip-172-31-6-21"} 1 1316.0 0.0 6842 523 3346.2083333333335 24
stats: {sentpackets,"tsung_controller@ip-172-31-6-21"} 1 625.0 0.0 5676 420 2382.25 24
stats: {cpu,"tsung_controller@ip-172-31-6-21"} 1 1.089108910891089 0.0 10.797174571140262 0.9900990099009901 3.8083924949803634 25
stats: session 11 83485.08092151988 9864.72413803504 106078.96704101563 553.968994140625 24615.605432838925 1788
stats: users_count 0 1882
stats: finish_users_count 11 1799
stats: request 20 29972.93557128906 24558.691448769874 53746.662109375 0.487060546875 1744.7590757429634 10009
stats: connect 5 0.899755859375 0.05557138323493086 104.636962890625 0.548095703125 0.7640745357903307 2994
stats: page 17 35262.31913488051 22870.532194147992 53746.662109375 0.60888671875 1847.5887616739099 9452
stats: 200 9 1011
stats: size_rcv 377462 89616626
stats: newphase 0 5
stats: size_sent 7142 2376976
stats: connected -11 81
stats: 400 11 1734
stats: 503 0 7284
# stats: dump at 1480576976
stats: users 70 626
stats: {freemem,"tsung_controller@ip-172-31-6-21"} 1 3136.6875 0.0 3163.94140625 3136.296875 3148.8841646634614 26
stats: {load,"tsung_controller@ip-172-31-6-21"} 1 0.05859375 0.0 0.1015625 0.0 0.021484375 26
stats: {recvpackets,"tsung_controller@ip-172-31-6-21"} 1 394.0 0.0 6842 394 3265.0 25
stats: {sentpackets,"tsung_controller@ip-172-31-6-21"} 1 243.0 0.0 5676 243 2311.96 25
stats: {cpu,"tsung_controller@ip-172-31-6-21"} 1 0.8919722497522299 0.0 10.797174571140262 0.8919722497522299 3.7038046648230836 26
stats: session 13 96677.69304011419 7657.5620723713755 111027.98022460938 553.968994140625 24975.563315204403 1799
stats: users_count 0 1882
stats: finish_users_count 13 1812
stats: request 41 23657.380412776296 25662.245798611228 59123.7138671875 0.487060546875 1801.0521787353775 10029
stats: connect 13 1.4883375901442308 2.132713821105765 104.636962890625 0.548095703125 0.7643007467332861 2999
stats: page 32 30311.082839965817 25339.856275622064 59123.7138671875 0.60888671875 1907.5793009435806 9469
stats: 200 10 1021
stats: size_rcv 454470 90071096
stats: newphase 0 5
stats: size_sent 9170 2386146
stats: connected -16 65
stats: 400 31 1765
stats: 503 0 7284
# stats: dump at 1480576986
stats: users 58 626
stats: {freemem,"tsung_controller@ip-172-31-6-21"} 1 3136.7578125 0.0 3163.94140625 3136.296875 3148.4324363425926 27
stats: {load,"tsung_controller@ip-172-31-6-21"} 1 0.05078125 0.0 0.1015625 0.0 0.022858796296296297 27
stats: {recvpackets,"tsung_controller@ip-172-31-6-21"} 1 637.0 0.0 6842 394 3154.576923076923 26
stats: {sentpackets,"tsung_controller@ip-172-31-6-21"} 1 362.0 0.0 5676 243 2232.3846153846152 26
stats: {cpu,"tsung_controller@ip-172-31-6-21"} 1 1.089108910891089 0.0 10.797174571140262 0.8919722497522299 3.5996627235241627 27
stats: session 12 110551.86897786458 19106.29687514552 163503.5830078125 553.968994140625 25489.982568197684 1812
stats: users_count 0 1882
stats: finish_users_count 12 1824
stats: request 25 28648.1217578125 25553.361319851665 59925.577880859375 0.487060546875 1890.0402082880764 10070
stats: connect 10 0.8828125 0.0969808799737085 104.636962890625 0.548095703125 0.767425739749336 3012
stats: page 24 29841.805206298828 25388.24854056673 59925.577880859375 0.60888671875 2003.2441902445712 9501
stats: 200 13 1034
stats: size_rcv 1114935 91186031
stats: newphase 0 5
stats: size_sent 7333 2393479
stats: connected -7 58
stats: 400 12 1777
stats: 503 0 7284
# stats: dump at 1480576996
stats: users 50 626
stats: {freemem,"tsung_controller@ip-172-31-6-21"} 1 3136.84765625 0.0 3163.94140625 3136.296875 3148.0154854910716 28
stats: {load,"tsung_controller@ip-172-31-6-21"} 1 0.0390625 0.0 0.1015625 0.0 0.023856026785714284 28
stats: {recvpackets,"tsung_controller@ip-172-31-6-21"} 1 671.0 0.0 6842 394 3061.3333333333335 27
stats: {sentpackets,"tsung_controller@ip-172-31-6-21"} 1 349.0 0.0 5676 243 2163.1111111111113 27
stats: {cpu,"tsung_controller@ip-172-31-6-21"} 1 0.9891196834817012 0.0 10.797174571140262 0.8919722497522299 3.5100000873586956 28
stats: session 8 117593.6577758789 9429.757468240346 163503.5830078125 553.968994140625 26049.600241945493 1824
stats: users_count 0 1882
stats: finish_users_count 8 1832
stats: request 19 42014.309660259045 21836.513911438644 59925.577880859375 0.487060546875 1956.3058882026987 10095
stats: connect 2 0.822021484375 0.06396484375 104.636962890625 0.548095703125 0.76780756225182 3022
stats: page 17 46957.198917164525 17344.620272784567 59925.577880859375 0.60888671875 2073.3885959543145 9525
stats: 200 13 1047
stats: size_rcv 651120 91837151
stats: newphase 0 5
stats: size_sent 5007 2398486
stats: connected -9 49
stats: 400 6 1783
stats: 503 0 7284
# stats: dump at 1480577006
stats: users 43 626
stats: {freemem,"tsung_controller@ip-172-31-6-21"} 1 3136.97265625 0.0 3163.94140625 3136.296875 3147.6303879310344 29
stats: {load,"tsung_controller@ip-172-31-6-21"} 1 0.0390625 0.0 0.1015625 0.0 0.024380387931034482 29
stats: {recvpackets,"tsung_controller@ip-172-31-6-21"} 1 494.0 0.0 6842 394 2975.964285714286 28
stats: {sentpackets,"tsung_controller@ip-172-31-6-21"} 1 263.0 0.0 5676 243 2098.321428571429 28
stats: {cpu,"tsung_controller@ip-172-31-6-21"} 1 0.7936507936507936 0.0 10.797174571140262 0.7936507936507936 3.423073176880179 29
stats: session 7 121869.95650809152 2968.709734526506 163503.5830078125 553.968994140625 26449.35595170066 1832
stats: users_count 0 1882
stats: finish_users_count 7 1839
stats: request 29 36167.02959994612 24614.986633365395 61490.819091796875 0.487060546875 2031.5582188007875 10114
stats: connect 5 0.825390625 0.05418896827336481 104.636962890625 0.548095703125 0.76784341802042 3024
stats: page 25 41953.80180664062 21449.441855454355 61490.819091796875 0.60888671875 2153.353464478793 9542
stats: 200 16 1063
stats: size_rcv 1412032 93249183
stats: newphase 0 5
stats: size_sent 10436 2408922
stats: connected -7 42
stats: 400 13 1796
stats: 503 0 7284
# stats: dump at 1480577016
stats: users 36 626
stats: {freemem,"tsung_controller@ip-172-31-6-21"} 1 3137.08203125 0.0 3163.94140625 3136.296875 3147.2751302083334 30
stats: {load,"tsung_controller@ip-172-31-6-21"} 1 0.03125 0.0 0.1015625 0.0 0.024869791666666665 30
stats: {recvpackets,"tsung_controller@ip-172-31-6-21"} 1 978.0 0.0 6842 394 2890.3793103448274 29
stats: {sentpackets,"tsung_controller@ip-172-31-6-21"} 1 464.0 0.0 5676 243 2035.034482758621 29
stats: {cpu,"tsung_controller@ip-172-31-6-21"} 1 1.2833168805528135 0.0 10.797174571140262 0.7936507936507936 3.335425764105866 30
stats: session 7 135118.71407645088 8360.247007155622 163503.5830078125 553.968994140625 26812.566503030044 1839
stats: users_count 0 1882
stats: finish_users_count 7 1846
stats: request 13 33806.48989633413 27356.101649213142 61490.819091796875 0.487060546875 2129.1554454648135 10143
stats: connect 5 0.826708984375 0.06817976543919932 104.636962890625 0.548095703125 0.7679384117592439 3029
stats: page 13 33806.48989633413 27356.101649213142 61490.819091796875 0.60888671875 2257.35798089502 9567
stats: 200 8 1071
stats: size_rcv 310915 93560098
stats: newphase 0 5
stats: size_sent 4898 2413820
stats: connected -5 37
stats: 400 5 1801
stats: 503 0 7284
# stats: dump at 1480577026
stats: users 26 626
stats: {freemem,"tsung_controller@ip-172-31-6-21"} 1 3137.203125 0.0 3163.94140625 3136.296875 3146.946320564516 31
stats: {load,"tsung_controller@ip-172-31-6-21"} 1 0.03125 0.0 0.1015625 0.0 0.025075604838709676 31
stats: {recvpackets,"tsung_controller@ip-172-31-6-21"} 1 293.0 0.0 6842 293 2826.633333333333 30
stats: {sentpackets,"tsung_controller@ip-172-31-6-21"} 1 164.0 0.0 5676 164 1982.666666666667 30
stats: {cpu,"tsung_controller@ip-172-31-6-21"} 1 0.9900990099009901 0.0 10.797174571140262 0.7936507936507936 3.2692287033460903 31
stats: session 10 142411.43881835937 9136.164333637418 163503.5830078125 553.968994140625 27223.261537165443 1846
stats: users_count 0 1882
stats: finish_users_count 10 1856
stats: request 12 35201.36747233073 21364.7117640152 61490.819091796875 0.487060546875 2169.7034316662016 10156
stats: connect 2 0.9029541015625 0.0260009765625 104.636962890625 0.548095703125 0.7680352650430537 3034
stats: page 11 38401.51360529119 19366.474629052605 61490.819091796875 0.60888671875 2300.1699553105427 9580
stats: 200 8 1079
stats: size_rcv 309670 93869768
stats: newphase 0 5
stats: size_sent 2657 2416477
stats: connected -11 26
stats: 400 4 1805
stats: 503 0 7284
# stats: dump at 1480577036
stats: users 23 626
stats: {freemem,"tsung_controller@ip-172-31-6-21"} 1 3137.421875 0.0 3163.94140625 3136.296875 3146.641845703125 32
stats: {load,"tsung_controller@ip-172-31-6-21"} 1 0.01953125 0.0 0.1015625 0.0 0.0252685546875 32
stats: {recvpackets,"tsung_controller@ip-172-31-6-21"} 1 250.0 0.0 6842 250 2744.9032258064517 31
stats: {sentpackets,"tsung_controller@ip-172-31-6-21"} 1 138.0 0.0 5676 138 1924.0000000000002 31
stats: {cpu,"tsung_controller@ip-172-31-6-21"} 1 0.891089108910891 0.0 10.797174571140262 0.7936507936507936 3.198005900425931 32
stats: session 3 149027.31534830728 2364.9294783961113 163503.5830078125 553.968994140625 27843.88749234429 1856
stats: users_count 0 1882
stats: finish_users_count 3 1859
stats: request 8 40338.479095458984 3841.503960050361 61490.819091796875 0.487060546875 2208.686512752745 10168
stats: connect 0 0 0 104.636962890625 0.548095703125 0.7681241443819994 3036
stats: page 8 40338.479095458984 3841.503960050361 61490.819091796875 0.60888671875 2341.5748953741218 9591
stats: 200 8 1087
stats: size_rcv 308360 94178128
stats: newphase 0 5
stats: size_sent 928 2417405
stats: connected -3 23
stats: 400 0 1805
stats: 503 0 7284
# stats: dump at 1480577046
stats: users 16 626
stats: {freemem,"tsung_controller@ip-172-31-6-21"} 1 3137.59375 0.0 3163.94140625 3136.296875 3146.362452651515 33
stats: {load,"tsung_controller@ip-172-31-6-21"} 1 0.01953125 0.0 0.1015625 0.0 0.025094696969696968 33
stats: {recvpackets,"tsung_controller@ip-172-31-6-21"} 1 232.0 0.0 6842 232 2666.9375 32
stats: {sentpackets,"tsung_controller@ip-172-31-6-21"} 1 113.0 0.0 5676 113 1868.1875000000002 32
stats: {cpu,"tsung_controller@ip-172-31-6-21"} 1 0.891089108910891 0.0 10.797174571140262 0.7936507936507936 3.1280993309860814 33
stats: session 7 161788.3720703125 6519.49233482091 173755.94995117188 553.968994140625 28039.449775059667 1859
stats: users_count 0 1882
stats: finish_users_count 7 1866
stats: request 15 31667.468212890624 11525.33798864337 61490.819091796875 0.487060546875 2238.662764783174 10176
stats: connect 0 0 0 104.636962890625 0.548095703125 0.7681241443819994 3036
stats: page 14 33929.44730050223 8097.994645597883 61490.819091796875 0.60888671875 2373.2422808935175 9599
stats: 200 13 1100
stats: size_rcv 652283 94830411
stats: newphase 0 5
stats: size_sent 3737 2421142
stats: connected -8 15
stats: 400 2 1807
stats: 503 0 7284
# stats: dump at 1480577056
stats: users 8 626
stats: {freemem,"tsung_controller@ip-172-31-6-21"} 1 3137.60546875 0.0 3163.94140625 3136.296875 3146.104549632353 34
stats: {load,"tsung_controller@ip-172-31-6-21"} 1 0.01953125 0.0 0.1015625 0.0 0.02493106617647059 34
stats: {recvpackets,"tsung_controller@ip-172-31-6-21"} 1 489.0 0.0 6842 232 2593.151515151515 33
stats: {sentpackets,"tsung_controller@ip-172-31-6-21"} 1 265.0 0.0 5676 113 1815.0000000000002 33
stats: {cpu,"tsung_controller@ip-172-31-6-21"} 1 0.6944444444444444 0.0 10.797174571140262 0.6944444444444444 3.062304912689752 34
stats: session 8 177362.0317993164 8194.9985272713 188180.47192382813 553.968994140625 28541.187425684948 1866
stats: users_count 0 1882
stats: finish_users_count 8 1874
stats: request 10 21086.834521484376 17183.17324318971 61490.819091796875 0.487060546875 2281.9786397435914 10191
stats: connect 2 0.8199462890625 0.0159912109375 104.636962890625 0.548095703125 0.7681241443819994 3036
stats: page 10 21086.834521484376 17183.17324318971 61490.819091796875 0.60888671875 2419.1995127955797 9613
stats: 200 8 1108
stats: size_rcv 305608 95136019
stats: newphase 0 5
stats: size_sent 1708 2422850
stats: connected -6 9
stats: 400 2 1809
stats: 503 0 7284
# stats: dump at 1480577066
stats: users 2 626
stats: {freemem,"tsung_controller@ip-172-31-6-21"} 1 3139.6796875 0.0 3163.94140625 3136.296875 3145.86171875 35
stats: {load,"tsung_controller@ip-172-31-6-21"} 1 0.01171875 0.0 0.1015625 0.0 0.024776785714285713 35
stats: {recvpackets,"tsung_controller@ip-172-31-6-21"} 1 204.0 0.0 6842 204 2531.264705882353 34
stats: {sentpackets,"tsung_controller@ip-172-31-6-21"} 1 135.0 0.0 5676 113 1769.4117647058827 34
stats: {cpu,"tsung_controller@ip-172-31-6-21"} 1 0.8893280632411068 0.0 10.797174571140262 0.6944444444444444 2.994651756454172 35
stats: session 6 189230.98116048178 11709.420961078407 204846.9931640625 553.968994140625 29176.49519248807 1874
stats: users_count 0 1882
stats: finish_users_count 6 1880
stats: request 7 11363.691999162946 5927.391607469512 61490.819091796875 0.487060546875 2300.4129656741284 10201
stats: connect 0 0 0 104.636962890625 0.548095703125 0.7681582603429477 3038
stats: page 7 11363.691999162946 5927.391607469512 61490.819091796875 0.60888671875 2438.5984892152915 9623
stats: 200 7 1115
stats: size_rcv 197182 95333201
stats: newphase 0 5
stats: size_sent 930 2423780
stats: connected -6 3
stats: 400 0 1809
stats: 503 0 7284
# stats: dump at 1480577076
stats: users 1 626
stats: {freemem,"tsung_controller@ip-172-31-6-21"} 1 3139.7890625 0.0 3163.94140625 3136.296875 3145.689995659722 36
stats: {load,"tsung_controller@ip-172-31-6-21"} 1 0.01171875 0.0 0.1015625 0.0 0.0244140625 36
stats: {recvpackets,"tsung_controller@ip-172-31-6-21"} 1 49.0 0.0 6842 49 2464.7714285714287 35
stats: {sentpackets,"tsung_controller@ip-172-31-6-21"} 1 31.0 0.0 5676 31 1722.714285714286 35
stats: {cpu,"tsung_controller@ip-172-31-6-21"} 1 0.9861932938856016 0.0 10.797174571140262 0.6944444444444444 2.9361705427538087 36
stats: session 1 189226.99609375 0.0 204846.9931640625 553.968994140625 29687.307381747625 1880
stats: users_count 0 1882
stats: finish_users_count 1 1881
stats: request 0 0 0 61490.819091796875 0.487060546875 2306.627988522328 10208
stats: connect 0 0 0 104.636962890625 0.548095703125 0.7681582603429477 3038
stats: page 0 0 0 61490.819091796875 0.60888671875 2445.086096128026 9630
stats: 200 0 1115
stats: size_rcv 0 95333201
stats: newphase 0 5
stats: size_sent 0 2423780
stats: connected -2 1
stats: 400 0 1809
stats: 503 0 7284
# stats: dump at 1480577083
stats: users 0 626
stats: {freemem,"tsung_controller@ip-172-31-6-21"} 1 3140.03125 0.0 3163.94140625 3136.296875 3145.5305109797296 37
stats: {load,"tsung_controller@ip-172-31-6-21"} 1 0.01171875 0.0 0.1015625 0.0 0.024070945945945946 37
stats: {recvpackets,"tsung_controller@ip-172-31-6-21"} 1 2.0 0.0 6842 2 2397.6666666666665 36
stats: {sentpackets,"tsung_controller@ip-172-31-6-21"} 1 4.0 0.0 5676 4 1675.7222222222224 36
stats: {cpu,"tsung_controller@ip-172-31-6-21"} 1 0.791295746785361 0.0 10.797174571140262 0.6944444444444444 2.8834684549465597 37
stats: session 1 194927.0048828125 0.0 204846.9931640625 553.968994140625 29772.12380317878 1881
stats: users_count 0 1882
stats: finish_users_count 1 1882
stats: request 0 0 0 61490.819091796875 0.487060546875 2306.627988522328 10208
stats: connect 0 0 0 104.636962890625 0.548095703125 0.7681582603429477 3038
stats: page 0 0 0 61490.819091796875 0.60888671875 2445.086096128026 9630
stats: 200 0 1115
stats: size_rcv 0 95333201
stats: newphase 0 5
stats: size_sent 0 2423780
stats: connected -1 0
stats: 400 0 1809
stats: 503 0 7284
EndMonitor:{1480,577083,34557}
