# stats: dump at 1480614786
stats: users 10 10
stats: {freemem,"tsung_controller@ip-172-31-13-122"} 1 3158.828125 0 3158.828125 3158.828125 0 0
stats: {load,"tsung_controller@ip-172-31-13-122"} 1 0.0 0 0.0 0.0 0 0
stats: {cpu,"tsung_controller@ip-172-31-13-122"} 1 3.2007596464161776 0 3.2007596464161776 3.2007596464161776 0 0
stats: users_count 10 10
stats: finish_users_count 0 0
stats: request 22 88.0384521484375 91.77162687722901 427.27587890625 13.548095703125 0 0
stats: connect 10 12.20927734375 33.99557619851263 114.195068359375 0.742919921875 0 0
stats: page 22 88.0384521484375 91.77162687722901 427.27587890625 13.548095703125 0 0
stats: 200 22 22
stats: size_rcv 3902655 3902655
stats: size_sent 8054 8054
stats: connected 10 10
# stats: dump at 1480614796
stats: users 22 22
stats: {freemem,"tsung_controller@ip-172-31-13-122"} 1 3156.37109375 0.0 3158.828125 3156.37109375 3158.828125 1
stats: {load,"tsung_controller@ip-172-31-13-122"} 1 0.0 0.0 0.0 0.0 0.0 1
stats: {recvpackets,"tsung_controller@ip-172-31-13-122"} 1 3456 0 3456 3456 0 0
stats: {sentpackets,"tsung_controller@ip-172-31-13-122"} 1 1487 0 1487 1487 0 0
stats: {cpu,"tsung_controller@ip-172-31-13-122"} 1 2.8543307086614176 0.0 3.2007596464161776 2.8543307086614176 3.2007596464161776 1
stats: users_count 12 22
stats: finish_users_count 0 0
stats: request 16 814.8479156494141 1828.9285972359264 5933.818115234375 13.548095703125 88.0384521484375 22
stats: connect 12 0.76434326171875 0.05306115568260632 114.195068359375 0.666015625 12.20927734375 10
stats: page 16 814.8479156494141 1828.9285972359264 5933.818115234375 13.548095703125 88.0384521484375 22
stats: 200 16 38
stats: size_rcv 4092384 7995039
stats: size_sent 12568 20622
stats: connected 12 22
# stats: dump at 1480614806
stats: users 30 30
stats: {freemem,"tsung_controller@ip-172-31-13-122"} 1 3155.79296875 0.0 3158.828125 3155.79296875 3157.599609375 2
stats: {load,"tsung_controller@ip-172-31-13-122"} 1 0.0 0.0 0.0 0.0 0.0 2
stats: {recvpackets,"tsung_controller@ip-172-31-13-122"} 1 2208.0 0.0 3456 2208 3456.0 1
stats: {sentpackets,"tsung_controller@ip-172-31-13-122"} 1 1012.0 0.0 1487 1012 1487.0 1
stats: {cpu,"tsung_controller@ip-172-31-13-122"} 1 1.7769002961500493 0.0 3.2007596464161776 1.7769002961500493 3.027545177538798 2
stats: users_count 8 30
stats: finish_users_count 0 0
stats: request 57 3405.7005079838277 4378.500179269971 12350.465087890625 13.548095703125 394.06348941200656 38
stats: connect 8 0.716094970703125 0.050043831552582206 114.195068359375 0.640869140625 5.966586026278409 22
stats: page 57 3405.7005079838277 4378.500179269971 12350.465087890625 13.548095703125 394.06348941200656 38
stats: 200 56 94
stats: size_rcv 13319470 21314509
stats: size_sent 25944 46566
stats: connected 8 30
stats: 500 1 1
# stats: dump at 1480614816
stats: users 49 49
stats: {freemem,"tsung_controller@ip-172-31-13-122"} 1 3154.08203125 0.0 3158.828125 3154.08203125 3156.9973958333335 3
stats: {load,"tsung_controller@ip-172-31-13-122"} 1 0.0 0.0 0.0 0.0 0.0 3
stats: {recvpackets,"tsung_controller@ip-172-31-13-122"} 1 9383.0 0.0 9383 2208 2832.0 2
stats: {sentpackets,"tsung_controller@ip-172-31-13-122"} 1 3721.0 0.0 3721 1012 1249.5 2
stats: {cpu,"tsung_controller@ip-172-31-13-122"} 1 3.4482758620689653 0.0 3.4482758620689653 1.7769002961500493 2.6106635504092153 3
stats: users_count 19 49
stats: finish_users_count 0 0
stats: request 32 8758.13996887207 3491.8745729417683 20170.694091796875 13.548095703125 2201.0457005550993 95
stats: connect 18 0.7580159505208334 0.05489903365282395 114.195068359375 0.640869140625 4.566455078125 30
stats: page 32 8758.13996887207 3491.8745729417683 20170.694091796875 13.548095703125 2201.0457005550993 95
stats: 200 32 126
stats: size_rcv 8184400 29498909
stats: newphase 1 1
stats: size_sent 12561 59127
stats: connected 18 48
stats: 500 0 1
# stats: dump at 1480614826
stats: users 71 71
stats: {freemem,"tsung_controller@ip-172-31-13-122"} 1 3153.046875 0.0 3158.828125 3153.046875 3156.2685546875 4
stats: {load,"tsung_controller@ip-172-31-13-122"} 1 0.0 0.0 0.0 0.0 0.0 4
stats: {recvpackets,"tsung_controller@ip-172-31-13-122"} 1 6008.0 0.0 9383 2208 5015.666666666667 3
stats: {sentpackets,"tsung_controller@ip-172-31-13-122"} 1 2686.0 0.0 3721 1012 2073.3333333333335 3
stats: {cpu,"tsung_controller@ip-172-31-13-122"} 1 2.8543307086614176 0.0 3.4482758620689653 1.7769002961500493 2.8200666283241524 4
stats: users_count 22 71
stats: finish_users_count 0 0
stats: request 4 15164.98095703125 4792.921079366492 20170.694091796875 13.548095703125 3853.2269335168558 127
stats: connect 23 0.872696586277174 0.24717055414185962 114.195068359375 0.640869140625 3.1382904052734375 48
stats: page 4 15164.98095703125 4792.921079366492 20170.694091796875 13.548095703125 3853.2269335168558 127
stats: 200 4 130
stats: size_rcv 2292234 31791143
stats: newphase 0 1
stats: size_sent 11461 70588
stats: connected 23 71
stats: 500 0 1
# stats: dump at 1480614836
stats: users 90 90
stats: {freemem,"tsung_controller@ip-172-31-13-122"} 1 3152.81640625 0.0 3158.828125 3152.81640625 3155.62421875 5
stats: {load,"tsung_controller@ip-172-31-13-122"} 1 0.0 0.0 0.0 0.0 0.0 5
stats: {recvpackets,"tsung_controller@ip-172-31-13-122"} 1 2326.0 0.0 9383 2208 5263.75 4
stats: {sentpackets,"tsung_controller@ip-172-31-13-122"} 1 791.0 0.0 3721 791 2226.5 4
stats: {cpu,"tsung_controller@ip-172-31-13-122"} 1 1.966568338249754 0.0 3.4482758620689653 1.7769002961500493 2.8269194443916055 5
stats: users_count 19 90
stats: finish_users_count 0 0
stats: request 27 16255.304958767361 3000.733189150326 24513.465087890625 13.548095703125 4198.624002937142 131
stats: connect 19 0.7470060649671053 0.06928899566889948 114.195068359375 0.544921875 2.4043656470070425 71
stats: page 27 16255.304958767361 3000.733189150326 24513.465087890625 13.548095703125 4198.624002937142 131
stats: 200 26 156
stats: size_rcv 5868121 37659264
stats: newphase 0 1
stats: size_sent 15996 86584
stats: connected 19 90
stats: 500 1 2
# stats: dump at 1480614846
stats: users 132 132
stats: {freemem,"tsung_controller@ip-172-31-13-122"} 1 3151.1171875 0.0 3158.828125 3151.1171875 3155.15625 6
stats: {load,"tsung_controller@ip-172-31-13-122"} 1 0.0 0.0 0.0 0.0 0.0 6
stats: {recvpackets,"tsung_controller@ip-172-31-13-122"} 1 4483.0 0.0 9383 2208 4676.2 5
stats: {sentpackets,"tsung_controller@ip-172-31-13-122"} 1 1735.0 0.0 3721 791 1939.4 5
stats: {cpu,"tsung_controller@ip-172-31-13-122"} 1 2.75049115913556 0.0 3.4482758620689653 1.7769002961500493 2.683527593367964 6
stats: users_count 42 132
stats: finish_users_count 0 0
stats: request 92 10415.87712561566 8994.453612105248 28733.216064453125 0.743896484375 6258.942900452433 158
stats: connect 40 0.754351806640625 0.15047449411438524 114.195068359375 0.5400390625 2.054478624131945 90
stats: page 92 10415.87712561566 8994.453612105248 28733.216064453125 0.743896484375 6258.942900452433 158
stats: 200 54 210
stats: size_rcv 9952189 47611453
stats: newphase 1 2
stats: size_sent 35620 122204
stats: connected 40 130
stats: 503 37 37
stats: 500 1 3
# stats: dump at 1480614856
stats: users 168 168
stats: {freemem,"tsung_controller@ip-172-31-13-122"} 1 3146.91015625 0.0 3158.828125 3146.91015625 3154.5792410714284 7
stats: {load,"tsung_controller@ip-172-31-13-122"} 1 0.0 0.0 0.0 0.0 0.0 7
stats: {recvpackets,"tsung_controller@ip-172-31-13-122"} 1 7159.0 0.0 9383 2208 4644.0 6
stats: {sentpackets,"tsung_controller@ip-172-31-13-122"} 1 3277.0 0.0 3721 791 1905.3333333333333 6
stats: {cpu,"tsung_controller@ip-172-31-13-122"} 1 4.2198233562316 0.0 4.2198233562316 1.7769002961500493 2.693093817049049 7
stats: session 1 74541.98608398438 0 74541.98608398438 74541.98608398438 0 0
stats: users_count 37 169
stats: finish_users_count 1 1
stats: request 263 4976.174853886943 7934.092592267058 31390.057861328125 0.673095703125 7788.6946953125 250
stats: connect 39 0.7672651241987178 0.19780762649707703 114.195068359375 0.5400390625 1.6544396033653848 130
stats: page 263 4976.174853886943 7934.092592267058 31390.057861328125 0.673095703125 7788.6946953125 250
stats: 200 78 288
stats: size_rcv 17593951 65205404
stats: newphase 0 2
stats: size_sent 85685 207889
stats: connected 38 168
stats: 503 185 222
stats: 500 0 3
# stats: dump at 1480614866
stats: users 196 197
stats: {freemem,"tsung_controller@ip-172-31-13-122"} 1 3140.29296875 0.0 3158.828125 3140.29296875 3153.62060546875 8
stats: {load,"tsung_controller@ip-172-31-13-122"} 1 0.0 0.0 0.0 0.0 0.0 8
stats: {recvpackets,"tsung_controller@ip-172-31-13-122"} 1 14649.0 0.0 14649 2208 5003.285714285715 7
stats: {sentpackets,"tsung_controller@ip-172-31-13-122"} 1 6313.0 0.0 6313 791 2101.285714285714 7
stats: {cpu,"tsung_controller@ip-172-31-13-122"} 1 6.451612903225806 0.0 6.451612903225806 1.7769002961500493 2.883935009446868 8
stats: session 5 69547.7419921875 16995.62063715157 87024.05688476563 37018.18603515625 74541.98608398438 1
stats: users_count 33 202
stats: finish_users_count 5 6
stats: request 443 1245.3594648305238 4428.623651481095 31390.057861328125 0.661865234375 6346.798558285363 513
stats: connect 33 0.6910067471590909 0.07058142455004068 114.195068359375 0.527099609375 1.4497070312500002 169
stats: page 443 1245.3594648305238 4428.623651481095 31390.057861328125 0.661865234375 6346.798558285363 513
stats: 200 32 320
stats: size_rcv 8992528 74197932
stats: newphase 0 2
stats: size_sent 155652 363541
stats: connected 28 196
stats: 503 409 631
stats: 500 2 5
# stats: dump at 1480614876
stats: users 257 257
stats: {freemem,"tsung_controller@ip-172-31-13-122"} 1 3138.3046875 0.0 3158.828125 3138.3046875 3152.1397569444443 9
stats: {load,"tsung_controller@ip-172-31-13-122"} 1 0.0 0.0 0.0 0.0 0.0 9
stats: {recvpackets,"tsung_controller@ip-172-31-13-122"} 1 5108.0 0.0 14649 2208 6209.0 8
stats: {sentpackets,"tsung_controller@ip-172-31-13-122"} 1 2832.0 0.0 6313 791 2627.75 8
stats: {cpu,"tsung_controller@ip-172-31-13-122"} 1 6.341463414634147 0.0 6.451612903225806 1.7769002961500493 3.2803436643111943 9
stats: session 17 51837.23934397978 24692.276783039466 88696.11694335938 16417.22998046875 70380.11600748698 6
stats: users_count 78 280
stats: finish_users_count 17 23
stats: request 624 840.0933595315017 3991.7350092091506 31390.057861328125 0.64501953125 3982.8471792053488 956
stats: connect 73 0.6816573469606163 0.13667029746899897 114.195068359375 0.527099609375 1.3257609452351484 202
stats: page 624 840.0933595315017 3991.7350092091506 31390.057861328125 0.64501953125 3982.8471792053488 956
stats: 200 26 346
stats: size_rcv 7230835 81428767
stats: newphase 1 3
stats: size_sent 175128 538669
stats: connected 57 253
stats: 503 597 1228
stats: 500 1 6
# stats: dump at 1480614886
stats: users 303 305
stats: {freemem,"tsung_controller@ip-172-31-13-122"} 1 3135.171875 0.0 3158.828125 3135.171875 3150.75625 10
stats: {load,"tsung_controller@ip-172-31-13-122"} 1 0.0 0.0 0.0 0.0 0.0 10
stats: {recvpackets,"tsung_controller@ip-172-31-13-122"} 1 7017.0 0.0 14649 2208 6086.666666666667 9
stats: {sentpackets,"tsung_controller@ip-172-31-13-122"} 1 4.0e3 0.0 6313 791 2650.4444444444443 9
stats: {cpu,"tsung_controller@ip-172-31-13-122"} 1 8.712487899322362 0.0 8.712487899322362 1.7769002961500493 3.5864556393434897 10
stats: session 39 46660.5673452524 24453.234735746915 106325.080078125 10493.14794921875 56674.51151706861 23
stats: users_count 85 365
stats: finish_users_count 39 62
stats: request 933 1542.8196708785501 6117.212860248049 31390.057861328125 0.64501953125 2741.658328903779 1580
stats: connect 88 0.7443570223721594 0.5609735653009078 114.195068359375 0.52490234375 1.1547807173295455 275
stats: page 933 1542.8196708785501 6117.212860248049 31390.057861328125 0.64501953125 2741.658328903779 1580
stats: 200 56 402
stats: size_rcv 12927829 94356596
stats: newphase 0 3
stats: size_sent 236610 775279
stats: connected 49 302
stats: 503 877 2105
stats: 500 0 6
# stats: dump at 1480614896
stats: users 327 329
stats: {freemem,"tsung_controller@ip-172-31-13-122"} 1 3132.4609375 0.0 3158.828125 3132.4609375 3149.3394886363635 11
stats: {load,"tsung_controller@ip-172-31-13-122"} 1 0.0 0.0 0.0 0.0 0.0 11
stats: {recvpackets,"tsung_controller@ip-172-31-13-122"} 1 7094.0 0.0 14649 2208 6179.7 10
stats: {sentpackets,"tsung_controller@ip-172-31-13-122"} 1 4409.0 0.0 6313 791 2785.4 10
stats: {cpu,"tsung_controller@ip-172-31-13-122"} 1 9.602327837051407 0.0 9.602327837051407 1.7769002961500493 4.052458572068842 11
stats: session 46 45356.40491784136 27534.16605161206 106325.080078125 10493.14794921875 50375.41760253906 62
stats: users_count 70 435
stats: finish_users_count 46 108
stats: request 1023 816.2592618313942 4987.700074805613 37898.176025390625 0.638916015625 2296.5662206914676 2513
stats: connect 71 0.7011512433978873 0.2547718135858852 114.195068359375 0.51806640625 1.0552840640065426 363
stats: page 1023 816.2592618313942 4987.700074805613 37898.176025390625 0.638916015625 2296.5662206914676 2513
stats: 200 26 428
stats: size_rcv 6155697 100512293
stats: newphase 0 3
stats: size_sent 232969 1008248
stats: connected 25 327
stats: 503 996 3101
stats: 500 1 7
# stats: dump at 1480614906
stats: users 254 333
stats: {freemem,"tsung_controller@ip-172-31-13-122"} 1 3131.55078125 0.0 3158.828125 3131.55078125 3147.9329427083335 12
stats: {load,"tsung_controller@ip-172-31-13-122"} 1 0.1484375 0.0 0.1484375 0.0 0.0 12
stats: {recvpackets,"tsung_controller@ip-172-31-13-122"} 1 5326.0 0.0 14649 2208 6262.818181818182 11
stats: {sentpackets,"tsung_controller@ip-172-31-13-122"} 1 4096.0 0.0 6313 791 2933.0 11
stats: {cpu,"tsung_controller@ip-172-31-13-122"} 1 10.714285714285714 0.0 10.714285714285714 1.7769002961500493 4.514947677484055 12
stats: session 82 37917.533980206725 23637.033284899724 107996.08813476563 10493.14794921875 48237.68997757523 108
stats: users_count 9 444
stats: finish_users_count 82 190
stats: request 788 802.8718986704866 5431.646511787517 45529.8701171875 0.635009765625 1868.2986814058752 3536
stats: connect 10 0.624267578125 0.0817758125360438 114.195068359375 0.51806640625 0.9973498928931451 434
stats: page 788 802.8718986704866 5431.646511787517 45529.8701171875 0.635009765625 1868.2986814058752 3536
stats: 200 17 445
stats: size_rcv 7191715 107704008
stats: newphase 0 3
stats: size_sent 178786 1187034
stats: connected -70 257
stats: 503 771 3872
stats: 500 0 7
# stats: dump at 1480614916
stats: users 173 333
stats: {freemem,"tsung_controller@ip-172-31-13-122"} 1 3131.43359375 0.0 3158.828125 3131.43359375 3146.6727764423076 13
stats: {load,"tsung_controller@ip-172-31-13-122"} 1 0.19921875 0.0 0.19921875 0.0 0.01141826923076923 13
stats: {recvpackets,"tsung_controller@ip-172-31-13-122"} 1 5640.0 0.0 14649 2208 6184.75 12
stats: {sentpackets,"tsung_controller@ip-172-31-13-122"} 1 3399.0 0.0 6313 791 3029.9166666666665 12
stats: {cpu,"tsung_controller@ip-172-31-13-122"} 1 7.789678675754626 0.0 10.714285714285714 1.7769002961500493 4.991819834161105 13
stats: session 81 44942.853202160506 27233.022112601953 126803.91015625 10493.14794921875 43783.727915553034 190
stats: users_count 0 444
stats: finish_users_count 81 271
stats: request 471 1449.8649923077562 7509.030054126046 46264.0810546875 0.635009765625 1674.1367237750967 4324
stats: connect 0 0 0 114.195068359375 0.51806640625 0.9889471380560247 444
stats: page 471 1449.8649923077562 7509.030054126046 46264.0810546875 0.635009765625 1674.1367237750967 4324
stats: 200 18 463
stats: size_rcv 4338510 112042518
stats: newphase 0 3
stats: size_sent 122693 1309727
stats: connected -82 175
stats: 503 454 4326
stats: 500 0 7
# stats: dump at 1480614926
stats: users 138 333
stats: {freemem,"tsung_controller@ip-172-31-13-122"} 1 3131.07421875 0.0 3158.828125 3131.07421875 3145.5842633928573 14
stats: {load,"tsung_controller@ip-172-31-13-122"} 1 0.171875 0.0 0.19921875 0.0 0.024832589285714284 14
stats: {recvpackets,"tsung_controller@ip-172-31-13-122"} 1 5645.0 0.0 14649 2208 6142.846153846154 13
stats: {sentpackets,"tsung_controller@ip-172-31-13-122"} 1 3095.0 0.0 6313 791 3058.3076923076924 13
stats: {cpu,"tsung_controller@ip-172-31-13-122"} 1 5.95703125 0.0 10.714285714285714 1.7769002961500493 5.1916668942749284 14
stats: session 35 51664.4517578125 27995.506190452754 126803.91015625 10493.14794921875 44130.182337011356 271
stats: users_count 0 444
stats: finish_users_count 35 306
stats: request 196 2969.7247314453143 10345.109170083993 47087.198974609375 0.635009765625 1652.107112613237 4795
stats: connect 0 0 0 114.195068359375 0.51806640625 0.9889471380560247 444
stats: page 196 2969.7247314453143 10345.109170083993 47087.198974609375 0.635009765625 1652.107112613237 4795
stats: 200 13 476
stats: size_rcv 3776857 115819375
stats: newphase 0 3
stats: size_sent 69201 1378928
stats: connected -37 138
stats: 503 181 4507
stats: 500 1 8
# stats: dump at 1480614936
stats: users 119 333
stats: {freemem,"tsung_controller@ip-172-31-13-122"} 1 3130.96484375 0.0 3158.828125 3130.96484375 3144.6169270833334 15
stats: {load,"tsung_controller@ip-172-31-13-122"} 1 0.140625 0.0 0.19921875 0.0 0.03463541666666667 15
stats: {recvpackets,"tsung_controller@ip-172-31-13-122"} 1 2876.0 0.0 14649 2208 6107.285714285715 14
stats: {sentpackets,"tsung_controller@ip-172-31-13-122"} 1 1318.0 0.0 6313 791 3060.9285714285716 14
stats: {cpu,"tsung_controller@ip-172-31-13-122"} 1 3.23846908734053 0.0 10.714285714285714 1.7769002961500493 5.242691184656599 15
stats: session 19 66634.59164268093 26099.82905877424 126803.91015625 10493.14794921875 44991.945179259856 306
stats: users_count 0 444
stats: finish_users_count 19 325
stats: request 91 8399.556809645437 18208.718133228413 52788.39404296875 0.635009765625 1703.8508620203875 4991
stats: connect 0 0 0 114.195068359375 0.51806640625 0.9889471380560247 444
stats: page 91 8399.556809645437 18208.718133228413 52788.39404296875 0.635009765625 1703.8508620203875 4991
stats: 200 16 492
stats: size_rcv 5123131 120942506
stats: newphase 0 3
stats: size_sent 40625 1419553
stats: connected -19 119
stats: 503 75 4582
stats: 500 0 8
# stats: dump at 1480614946
stats: users 114 333
stats: {freemem,"tsung_controller@ip-172-31-13-122"} 1 3130.99609375 0.0 3158.828125 3130.96484375 3143.763671875 16
stats: {load,"tsung_controller@ip-172-31-13-122"} 1 0.12109375 0.0 0.19921875 0.0 0.041259765625 16
stats: {recvpackets,"tsung_controller@ip-172-31-13-122"} 1 1479.0 0.0 14649 1479 5891.866666666667 15
stats: {sentpackets,"tsung_controller@ip-172-31-13-122"} 1 586.0 0.0 6313 586 2944.733333333333 15
stats: {cpu,"tsung_controller@ip-172-31-13-122"} 1 2.1696252465483234 0.0 10.714285714285714 1.7769002961500493 5.117427303574345 16
stats: session 5 106293.01220703125 35997.266291969085 149443.23706054688 10493.14794921875 46257.207587890625 325
stats: users_count 0 444
stats: finish_users_count 5 330
stats: request 56 25318.300061907088 26356.338563539688 58297.781982421875 0.635009765625 1823.746423066015 5082
stats: connect 0 0 0 114.195068359375 0.51806640625 0.9889471380560247 444
stats: page 56 25318.300061907088 26356.338563539688 58297.781982421875 0.635009765625 1823.746423066015 5082
stats: 200 27 519
stats: size_rcv 8203833 129146339
stats: newphase 0 3
stats: size_sent 25707 1445260
stats: connected -5 114
stats: 503 29 4611
stats: 500 0 8
# stats: dump at 1480614956
stats: users 113 333
stats: {freemem,"tsung_controller@ip-172-31-13-122"} 1 3131.01171875 0.0 3158.828125 3130.96484375 3143.012637867647 17
stats: {load,"tsung_controller@ip-172-31-13-122"} 1 0.1015625 0.0 0.19921875 0.0 0.04595588235294118 17
stats: {recvpackets,"tsung_controller@ip-172-31-13-122"} 1 6479.0 0.0 14649 1479 5616.0625 16
stats: {sentpackets,"tsung_controller@ip-172-31-13-122"} 1 2164.0 0.0 6313 586 2797.3125 16
stats: {cpu,"tsung_controller@ip-172-31-13-122"} 1 2.2682445759368837 0.0 10.714285714285714 1.7769002961500493 4.944027182572815 17
stats: session 1 103965.171875 0.0 149443.23706054688 10493.14794921875 47166.840991210935 330
stats: users_count 0 444
stats: finish_users_count 1 331
stats: request 44 22911.589238947086 27755.223919915228 68282.1708984375 0.635009765625 2079.817852372185 5138
stats: connect 0 0 0 114.195068359375 0.51806640625 0.9889471380560247 444
stats: page 44 22911.589238947086 27755.223919915228 68282.1708984375 0.635009765625 2079.817852372185 5138
stats: 200 18 537
stats: size_rcv 6860544 136006883
stats: newphase 0 3
stats: size_sent 20634 1465894
stats: connected -1 113
stats: 503 26 4637
stats: 500 0 8
# stats: dump at 1480614966
stats: users 108 333
stats: {freemem,"tsung_controller@ip-172-31-13-122"} 1 3131.01953125 0.0 3158.828125 3130.96484375 3142.3459201388887 18
stats: {load,"tsung_controller@ip-172-31-13-122"} 1 0.08984375 0.0 0.19921875 0.0 0.04904513888888889 18
stats: {recvpackets,"tsung_controller@ip-172-31-13-122"} 1 4243.0 0.0 14649 1479 5666.823529411765 17
stats: {sentpackets,"tsung_controller@ip-172-31-13-122"} 1 1764.0 0.0 6313 586 2760.0588235294117 17
stats: {cpu,"tsung_controller@ip-172-31-13-122"} 1 2.2682445759368837 0.0 10.714285714285714 1.7769002961500493 4.795372593315263 18
stats: session 5 124326.88872070312 28014.497090353736 158655.79418945313 10493.14794921875 47338.437157022985 331
stats: users_count 0 444
stats: finish_users_count 5 336
stats: request 54 34992.94304289642 25150.484976348558 68282.1708984375 0.635009765625 2256.6989679664143 5182
stats: connect 0 0 0 114.195068359375 0.51806640625 0.9889471380560247 444
stats: page 54 34992.94304289642 25150.484976348558 68282.1708984375 0.635009765625 2256.6989679664143 5182
stats: 200 36 573
stats: size_rcv 6674945 142681828
stats: newphase 0 3
stats: size_sent 17868 1483762
stats: connected -4 109
stats: 503 18 4655
stats: 500 0 8
# stats: dump at 1480614976
stats: users 104 333
stats: {freemem,"tsung_controller@ip-172-31-13-122"} 1 3130.87890625 0.0 3158.828125 3130.87890625 3141.7497944078946 19
stats: {load,"tsung_controller@ip-172-31-13-122"} 1 0.0703125 0.0 0.19921875 0.0 0.051192434210526314 19
stats: {recvpackets,"tsung_controller@ip-172-31-13-122"} 1 4721.0 0.0 14649 1479 5587.722222222223 18
stats: {sentpackets,"tsung_controller@ip-172-31-13-122"} 1 2132.0 0.0 6313 586 2704.722222222222 18
stats: {cpu,"tsung_controller@ip-172-31-13-122"} 1 2.1739130434782608 0.0 10.714285714285714 1.7769002961500493 4.662365855558507 19
stats: session 4 100703.09197998047 33820.231812400496 158655.79418945313 10493.14794921875 48484.098638625364 336
stats: users_count 0 444
stats: finish_users_count 4 340
stats: request 17 50962.01146024816 6795.1494370056025 70032.51708984375 0.635009765625 2594.3149305420866 5236
stats: connect 0 0 0 114.195068359375 0.51806640625 0.9889471380560247 444
stats: page 17 50962.01146024816 6795.1494370056025 70032.51708984375 0.635009765625 2594.3149305420866 5236
stats: 200 17 590
stats: size_rcv 3662720 146344548
stats: newphase 0 3
stats: size_sent 7933 1491695
stats: connected -5 104
stats: 503 0 4655
stats: 500 0 8
# stats: dump at 1480614986
stats: users 98 333
stats: {freemem,"tsung_controller@ip-172-31-13-122"} 1 3130.625 0.0 3158.828125 3130.625 3141.20625 20
stats: {load,"tsung_controller@ip-172-31-13-122"} 1 0.05859375 0.0 0.19921875 0.0 0.0521484375 20
stats: {recvpackets,"tsung_controller@ip-172-31-13-122"} 1 6662.0 0.0 14649 1479 5542.105263157895 19
stats: {sentpackets,"tsung_controller@ip-172-31-13-122"} 1 2366.0 0.0 6313 586 2674.5789473684213 19
stats: {cpu,"tsung_controller@ip-172-31-13-122"} 1 2.1760633036597428 0.0 10.714285714285714 1.7769002961500493 4.5379432149544945 20
stats: session 6 133230.19079589844 35539.31647779143 180723.15209960938 10493.14794921875 49098.439736758955 340
stats: users_count 0 444
stats: finish_users_count 6 346
stats: request 22 43303.78664328835 9177.047637554933 70032.51708984375 0.635009765625 2750.844692774145 5253
stats: connect 0 0 0 114.195068359375 0.51806640625 0.9889471380560247 444
stats: page 22 43303.78664328835 9177.047637554933 70032.51708984375 0.635009765625 2750.844692774145 5253
stats: 200 22 612
stats: size_rcv 6367787 152712335
stats: newphase 0 3
stats: size_sent 14130 1505825
stats: connected -5 99
stats: 503 0 4655
stats: 500 0 8
# stats: dump at 1480614996
stats: users 98 333
stats: {freemem,"tsung_controller@ip-172-31-13-122"} 1 3130.68359375 0.0 3158.828125 3130.625 3140.7023809523807 21
stats: {load,"tsung_controller@ip-172-31-13-122"} 1 0.05078125 0.0 0.19921875 0.0 0.052455357142857144 21
stats: {recvpackets,"tsung_controller@ip-172-31-13-122"} 1 2128.0 0.0 14649 1479 5598.1 20
stats: {sentpackets,"tsung_controller@ip-172-31-13-122"} 1 742.0 0.0 6313 586 2659.1500000000005 20
stats: {cpu,"tsung_controller@ip-172-31-13-122"} 1 1.477832512315271 0.0 10.714285714285714 1.477832512315271 4.425472742988078 21
stats: session 0 0 0 180723.15209960938 10493.14794921875 50557.3718360504 346
stats: users_count 0 444
stats: finish_users_count 0 346
stats: request 15 46879.642805989584 3612.1416872095538 70032.51708984375 0.635009765625 2919.975445932688 5275
stats: connect 0 0 0 114.195068359375 0.51806640625 0.9889471380560247 444
stats: page 15 46879.642805989584 3612.1416872095538 70032.51708984375 0.635009765625 2919.975445932688 5275
stats: 200 14 626
stats: size_rcv 5641976 158354311
stats: newphase 0 3
stats: size_sent 5685 1511510
stats: connected -1 98
stats: 503 0 4655
stats: 500 1 9
# stats: dump at 1480615006
stats: users 98 333
stats: {freemem,"tsung_controller@ip-172-31-13-122"} 1 3130.68359375 0.0 3158.828125 3130.625 3140.246981534091 22
stats: {load,"tsung_controller@ip-172-31-13-122"} 1 0.0390625 0.0 0.19921875 0.0 0.05237926136363636 22
stats: {recvpackets,"tsung_controller@ip-172-31-13-122"} 1 2332.0 0.0 14649 1479 5432.857142857143 21
stats: {sentpackets,"tsung_controller@ip-172-31-13-122"} 1 714.0 0.0 6313 586 2567.8571428571436 21
stats: {cpu,"tsung_controller@ip-172-31-13-122"} 1 1.477832512315271 0.0 10.714285714285714 1.477832512315271 4.291489096139315 22
stats: session 0 0 0 180723.15209960938 10493.14794921875 50557.3718360504 346
stats: users_count 0 444
stats: finish_users_count 0 346
stats: request 8 51883.67858886719 4601.861626311646 70032.51708984375 0.635009765625 3044.6247862731143 5290
stats: connect 0 0 0 114.195068359375 0.51806640625 0.9889471380560247 444
stats: page 8 51883.67858886719 4601.861626311646 70032.51708984375 0.635009765625 3044.6247862731143 5290
stats: 200 8 634
stats: size_rcv 2852560 161206871
stats: newphase 0 3
stats: size_sent 5188 1516698
stats: connected 0 98
stats: 503 0 4655
stats: 500 0 9
# stats: dump at 1480615016
stats: users 96 333
stats: {freemem,"tsung_controller@ip-172-31-13-122"} 1 3130.6875 0.0 3158.828125 3130.625 3139.8311820652175 23
stats: {load,"tsung_controller@ip-172-31-13-122"} 1 0.0390625 0.0 0.19921875 0.0 0.05180027173913043 23
stats: {recvpackets,"tsung_controller@ip-172-31-13-122"} 1 2790.0 0.0 14649 1479 5291.909090909091 22
stats: {sentpackets,"tsung_controller@ip-172-31-13-122"} 1 1169.0 0.0 6313 586 2483.59090909091 22
stats: {cpu,"tsung_controller@ip-172-31-13-122"} 1 1.4822134387351777 0.0 10.714285714285714 1.477832512315271 4.169156201190444 23
stats: session 2 131381.24340820313 6078.00537109375 180723.15209960938 10493.14794921875 50557.3718360504 346
stats: users_count 0 444
stats: finish_users_count 2 348
stats: request 32 49975.15379333496 4492.38811790482 70032.51708984375 0.635009765625 3118.3719418829205 5298
stats: connect 0 0 0 114.195068359375 0.51806640625 0.9889471380560247 444
stats: page 32 49975.15379333496 4492.38811790482 70032.51708984375 0.635009765625 3118.3719418829205 5298
stats: 200 31 665
stats: size_rcv 8228448 169435319
stats: newphase 0 3
stats: size_sent 11274 1527972
stats: connected -2 96
stats: 503 0 4655
stats: 500 1 10
# stats: dump at 1480615026
stats: users 96 333
stats: {freemem,"tsung_controller@ip-172-31-13-122"} 1 3130.7109375 0.0 3158.828125 3130.625 3139.4501953125 24
stats: {load,"tsung_controller@ip-172-31-13-122"} 1 0.03125 0.0 0.19921875 0.0 0.05126953125 24
stats: {recvpackets,"tsung_controller@ip-172-31-13-122"} 1 4876.0 0.0 14649 1479 5183.130434782609 23
stats: {sentpackets,"tsung_controller@ip-172-31-13-122"} 1 1864.0 0.0 6313 586 2426.4347826086964 23
stats: {cpu,"tsung_controller@ip-172-31-13-122"} 1 1.9743336623889436 0.0 10.714285714285714 1.477832512315271 4.057200252754808 24
stats: session 0 0 0 180723.15209960938 10493.14794921875 51021.87684508576 348
stats: users_count 0 444
stats: finish_users_count 0 348
stats: request 11 54306.32754794034 3924.9556225787037 70032.51708984375 0.635009765625 3399.6884558128386 5330
stats: connect 0 0 0 114.195068359375 0.51806640625 0.9889471380560247 444
stats: page 11 54306.32754794034 3924.9556225787037 70032.51708984375 0.635009765625 3399.6884558128386 5330
stats: 200 10 675
stats: size_rcv 2117208 171552527
stats: newphase 0 3
stats: size_sent 4826 1532798
stats: connected 0 96
stats: 503 0 4655
stats: 500 1 11
# stats: dump at 1480615036
stats: users 94 333
stats: {freemem,"tsung_controller@ip-172-31-13-122"} 1 3130.5703125 0.0 3158.828125 3130.5703125 3139.100625 25
stats: {load,"tsung_controller@ip-172-31-13-122"} 1 0.03125 0.0 0.19921875 0.0 0.05046875 25
stats: {recvpackets,"tsung_controller@ip-172-31-13-122"} 1 2315.0 0.0 14649 1479 5170.333333333333 24
stats: {sentpackets,"tsung_controller@ip-172-31-13-122"} 1 976.0 0.0 6313 586 2403.0000000000005 24
stats: {cpu,"tsung_controller@ip-172-31-13-122"} 1 1.8645731108930326 0.0 10.714285714285714 1.477832512315271 3.9738855891401736 25
stats: session 2 148570.75244140625 1495.50341796875 180723.15209960938 10493.14794921875 51021.87684508576 348
stats: users_count 0 444
stats: finish_users_count 2 350
stats: request 20 55522.73872070313 5220.614501005347 70032.51708984375 0.635009765625 3504.532685360377 5341
stats: connect 0 0 0 114.195068359375 0.51806640625 0.9889471380560247 444
stats: page 20 55522.73872070313 5220.614501005347 70032.51708984375 0.635009765625 3504.532685360377 5341
stats: 200 19 694
stats: size_rcv 5410629 176963156
stats: newphase 0 3
stats: size_sent 7503 1540301
stats: connected -2 94
stats: 503 0 4655
stats: 500 1 12
# stats: dump at 1480615046
stats: users 91 333
stats: {freemem,"tsung_controller@ip-172-31-13-122"} 1 3129.2265625 0.0 3158.828125 3129.2265625 3138.7725360576924 26
stats: {load,"tsung_controller@ip-172-31-13-122"} 1 0.01953125 0.0 0.19921875 0.0 0.049729567307692304 26
stats: {recvpackets,"tsung_controller@ip-172-31-13-122"} 1 4930.0 0.0 14649 1479 5056.12 25
stats: {sentpackets,"tsung_controller@ip-172-31-13-122"} 1 1542.0 0.0 6313 586 2345.9200000000005 25
stats: {cpu,"tsung_controller@ip-172-31-13-122"} 1 1.6798418972332017 0.0 10.714285714285714 1.477832512315271 3.8927581861306684 26
stats: session 3 172481.1746419271 7174.250749790839 181844.18505859375 10493.14794921875 51579.29899135045 350
stats: users_count 0 444
stats: finish_users_count 3 353
stats: request 14 55900.06340680803 5333.6184452890075 70032.51708984375 0.635009765625 3698.5942635560223 5361
stats: connect 0 0 0 114.195068359375 0.51806640625 0.9889471380560247 444
stats: page 14 55900.06340680803 5333.6184452890075 70032.51708984375 0.635009765625 3698.5942635560223 5361
stats: 200 13 707
stats: size_rcv 3617090 180580246
stats: newphase 0 3
stats: size_sent 8556 1548857
stats: connected -3 91
stats: 503 0 4655
stats: 500 1 13
# stats: dump at 1480615056
stats: users 89 333
stats: {freemem,"tsung_controller@ip-172-31-13-122"} 1 3129.6484375 0.0 3158.828125 3129.2265625 3138.4189814814813 27
stats: {load,"tsung_controller@ip-172-31-13-122"} 1 0.01953125 0.0 0.19921875 0.0 0.04861111111111111 27
stats: {recvpackets,"tsung_controller@ip-172-31-13-122"} 1 959.0 0.0 14649 959 5051.2692307692305 26
stats: {sentpackets,"tsung_controller@ip-172-31-13-122"} 1 378.0 0.0 6313 378 2315.0000000000005 26
stats: {cpu,"tsung_controller@ip-172-31-13-122"} 1 1.3793103448275863 0.0 10.714285714285714 1.3793103448275863 3.8107983235789105 27
stats: session 2 177769.71655273438 4734.45654296875 182504.17309570313 10493.14794921875 52606.793685264696 353
stats: users_count 0 444
stats: finish_users_count 2 355
stats: request 25 50474.4907421875 8283.862478953852 70032.51708984375 0.635009765625 3834.5608808593765 5375
stats: connect 0 0 0 114.195068359375 0.51806640625 0.9889471380560247 444
stats: page 25 50474.4907421875 8283.862478953852 70032.51708984375 0.635009765625 3834.5608808593765 5375
stats: 200 25 732
stats: size_rcv 6341278 186921524
stats: newphase 0 3
stats: size_sent 10880 1559737
stats: connected -2 89
stats: 503 0 4655
stats: 500 0 13
# stats: dump at 1480615066
stats: users 89 333
stats: {freemem,"tsung_controller@ip-172-31-13-122"} 1 3129.484375 0.0 3158.828125 3129.2265625 3138.1057477678573 28
stats: {load,"tsung_controller@ip-172-31-13-122"} 1 0.01953125 0.0 0.19921875 0.0 0.047572544642857144 28
stats: {recvpackets,"tsung_controller@ip-172-31-13-122"} 1 5438.0 0.0 14649 959 4899.7037037037035 27
stats: {sentpackets,"tsung_controller@ip-172-31-13-122"} 1 1697.0 0.0 6313 378 2243.2592592592596 27
stats: {cpu,"tsung_controller@ip-172-31-13-122"} 1 2.6470588235294117 0.0 10.714285714285714 1.3793103448275863 3.7239594671949345 28
stats: session 0 0 0 182504.17309570313 10493.14794921875 53311.93691268706 355
stats: users_count 0 444
stats: finish_users_count 0 355
stats: request 11 53547.070268110794 8528.600302460614 70032.51708984375 0.635009765625 4050.4864820692287 5400
stats: connect 0 0 0 114.195068359375 0.51806640625 0.9889471380560247 444
stats: page 11 53547.070268110794 8528.600302460614 70032.51708984375 0.635009765625 4050.4864820692287 5400
stats: 200 10 742
stats: size_rcv 4745636 191667160
stats: newphase 0 3
stats: size_sent 5799 1565536
stats: connected 0 89
stats: 503 0 4655
stats: 500 1 14
# stats: dump at 1480615076
stats: users 84 333
stats: {freemem,"tsung_controller@ip-172-31-13-122"} 1 3129.28515625 0.0 3158.828125 3129.2265625 3137.808459051724 29
stats: {load,"tsung_controller@ip-172-31-13-122"} 1 0.01171875 0.0 0.19921875 0.0 0.04660560344827586 29
stats: {recvpackets,"tsung_controller@ip-172-31-13-122"} 1 3362.0 0.0 14649 959 4918.928571428572 28
stats: {sentpackets,"tsung_controller@ip-172-31-13-122"} 1 1012.0 0.0 6313 378 2223.7500000000005 28
stats: {cpu,"tsung_controller@ip-172-31-13-122"} 1 1.6748768472906401 0.0 10.714285714285714 1.3793103448275863 3.686824962240951 29
stats: session 5 193013.2587890625 7863.306916517957 205830.4091796875 10493.14794921875 53311.93691268706 355
stats: users_count 0 444
stats: finish_users_count 5 360
stats: request 17 51396.96908030791 3730.002811190363 70032.51708984375 0.635009765625 4151.107886919803 5411
stats: connect 0 0 0 114.195068359375 0.51806640625 0.9889471380560247 444
stats: page 17 51396.96908030791 3730.002811190363 70032.51708984375 0.635009765625 4151.107886919803 5411
stats: 200 17 759
stats: size_rcv 3895948 195563108
stats: newphase 0 3
stats: size_sent 4712 1570248
stats: connected -5 84
stats: 503 0 4655
stats: 500 0 14
# stats: dump at 1480615086
stats: users 81 333
stats: {freemem,"tsung_controller@ip-172-31-13-122"} 1 3129.26171875 0.0 3158.828125 3129.2265625 3137.524348958333 30
stats: {load,"tsung_controller@ip-172-31-13-122"} 1 0.01171875 0.0 0.19921875 0.0 0.04544270833333333 30
stats: {recvpackets,"tsung_controller@ip-172-31-13-122"} 1 3272.0 0.0 14649 959 4865.241379310345 29
stats: {sentpackets,"tsung_controller@ip-172-31-13-122"} 1 1347.0 0.0 6313 378 2181.96551724138 29
stats: {cpu,"tsung_controller@ip-172-31-13-122"} 1 1.966568338249754 0.0 10.714285714285714 1.3793103448275863 3.6197600250759403 30
stats: session 3 192272.89933268228 2381.9488078125387 205830.4091796875 10493.14794921875 55252.23304985894 360
stats: users_count 0 444
stats: finish_users_count 3 363
stats: request 26 49233.247286283055 6486.160457500092 70032.51708984375 0.635009765625 4299.07760694331 5428
stats: connect 0 0 0 114.195068359375 0.51806640625 0.9889471380560247 444
stats: page 26 49233.247286283055 6486.160457500092 70032.51708984375 0.635009765625 4299.07760694331 5428
stats: 200 26 785
stats: size_rcv 6300522 201863630
stats: newphase 0 3
stats: size_sent 10003 1580251
stats: connected -2 82
stats: 503 0 4655
stats: 500 0 14
# stats: dump at 1480615096
stats: users 75 333
stats: {freemem,"tsung_controller@ip-172-31-13-122"} 1 3129.2109375 0.0 3158.828125 3129.2109375 3137.2578125 31
stats: {load,"tsung_controller@ip-172-31-13-122"} 1 0.01171875 0.0 0.19921875 0.0 0.04435483870967742 31
stats: {recvpackets,"tsung_controller@ip-172-31-13-122"} 1 6260.0 0.0 14649 959 4812.133333333333 30
stats: {sentpackets,"tsung_controller@ip-172-31-13-122"} 1 2455.0 0.0 6313 378 2154.133333333334 30
stats: {cpu,"tsung_controller@ip-172-31-13-122"} 1 2.4630541871921183 0.0 10.714285714285714 1.3793103448275863 3.566431260984773 31
stats: session 6 225015.5078125 13655.463907398407 253588.17504882813 10493.14794921875 56384.63525054343 363
stats: users_count 0 444
stats: finish_users_count 6 369
stats: request 29 41750.35711880387 7044.009621690291 70032.51708984375 0.635009765625 4513.285236511119 5454
stats: connect 0 0 0 114.195068359375 0.51806640625 0.9889471380560247 444
stats: page 29 41750.35711880387 7044.009621690291 70032.51708984375 0.635009765625 4513.285236511119 5454
stats: 200 29 814
stats: size_rcv 7303202 209166832
stats: newphase 0 3
stats: size_sent 12678 1592929
stats: connected -7 75
stats: 503 0 4655
stats: 500 0 14
# stats: dump at 1480615106
stats: users 70 333
stats: {freemem,"tsung_controller@ip-172-31-13-122"} 1 3129.25390625 0.0 3158.828125 3129.2109375 3137.00634765625 32
stats: {load,"tsung_controller@ip-172-31-13-122"} 1 0.01171875 0.0 0.19921875 0.0 0.0433349609375 32
stats: {recvpackets,"tsung_controller@ip-172-31-13-122"} 1 2335.0 0.0 14649 959 4858.8387096774195 31
stats: {sentpackets,"tsung_controller@ip-172-31-13-122"} 1 998.0 0.0 6313 378 2163.8387096774204 31
stats: {cpu,"tsung_controller@ip-172-31-13-122"} 1 1.87192118226601 0.0 10.714285714285714 1.3793103448275863 3.5319507274287525 32
stats: session 5 230802.7865234375 23510.344445000366 266152.1540527344 10493.14794921875 59126.60065805492 369
stats: users_count 0 444
stats: finish_users_count 5 374
stats: request 17 39311.181181066175 6678.0582698692915 70032.51708984375 0.635009765625 4710.234914531636 5483
stats: connect 0 0 0 114.195068359375 0.51806640625 0.9889471380560247 444
stats: page 17 39311.181181066175 6678.0582698692915 70032.51708984375 0.635009765625 4710.234914531636 5483
stats: 200 17 831
stats: size_rcv 2518465 211685297
stats: newphase 0 3
stats: size_sent 4320 1597249
stats: connected -5 70
stats: 503 0 4655
stats: 500 0 14
# stats: dump at 1480615116
stats: users 67 333
stats: {freemem,"tsung_controller@ip-172-31-13-122"} 1 3129.21875 0.0 3158.828125 3129.2109375 3136.771425189394 33
stats: {load,"tsung_controller@ip-172-31-13-122"} 1 0.01171875 0.0 0.19921875 0.0 0.042376893939393936 33
stats: {recvpackets,"tsung_controller@ip-172-31-13-122"} 1 2780.0 0.0 14649 959 4779.96875 32
stats: {sentpackets,"tsung_controller@ip-172-31-13-122"} 1 900.0 0.0 6313 378 2127.406250000001 32
stats: {cpu,"tsung_controller@ip-172-31-13-122"} 1 1.282051282051282 0.0 10.714285714285714 1.282051282051282 3.48164680181776 33
stats: session 3 245735.50838216147 27114.317705820176 276623.162109375 10493.14794921875 61421.73683272581 374
stats: users_count 0 444
stats: finish_users_count 3 377
stats: request 10 38673.322534179686 6856.103745013092 70032.51708984375 0.635009765625 4817.183293900924 5500
stats: connect 0 0 0 114.195068359375 0.51806640625 0.9889471380560247 444
stats: page 10 38673.322534179686 6856.103745013092 70032.51708984375 0.635009765625 4817.183293900924 5500
stats: 200 9 840
stats: size_rcv 3982148 215667445
stats: newphase 0 3
stats: size_sent 5321 1602570
stats: connected -3 67
stats: 503 0 4655
stats: 500 1 15
# stats: dump at 1480615126
stats: users 64 333
stats: {freemem,"tsung_controller@ip-172-31-13-122"} 1 3129.12890625 0.0 3158.828125 3129.12890625 3136.5492876838234 34
stats: {load,"tsung_controller@ip-172-31-13-122"} 1 0.01171875 0.0 0.19921875 0.0 0.04147518382352941 34
stats: {recvpackets,"tsung_controller@ip-172-31-13-122"} 1 2319.0 0.0 14649 959 4719.363636363636 33
stats: {sentpackets,"tsung_controller@ip-172-31-13-122"} 1 874.0 0.0 6313 378 2090.212121212122 33
stats: {cpu,"tsung_controller@ip-172-31-13-122"} 1 1.574803149606299 0.0 10.714285714285714 1.282051282051282 3.4169528159422757 34
stats: session 3 245473.3849283854 24866.737080771065 280406.1647949219 10493.14794921875 62888.424669989225 377
stats: users_count 0 444
stats: finish_users_count 3 380
stats: request 14 40793.64004952567 4138.500260068575 70032.51708984375 0.635009765625 4878.628192703608 5510
stats: connect 0 0 0 114.195068359375 0.51806640625 0.9889471380560247 444
stats: page 14 40793.64004952567 4138.500260068575 70032.51708984375 0.635009765625 4878.628192703608 5510
stats: 200 14 854
stats: size_rcv 4912420 220579865
stats: newphase 0 3
stats: size_sent 3892 1606462
stats: connected -3 64
stats: 503 0 4655
stats: 500 0 15
# stats: dump at 1480615136
stats: users 63 333
stats: {freemem,"tsung_controller@ip-172-31-13-122"} 1 3129.63671875 0.0 3158.828125 3129.12890625 3136.3372767857145 35
stats: {load,"tsung_controller@ip-172-31-13-122"} 1 0.01171875 0.0 0.19921875 0.0 0.040625 35
stats: {recvpackets,"tsung_controller@ip-172-31-13-122"} 1 3203.0 0.0 14649 959 4648.764705882353 34
stats: {sentpackets,"tsung_controller@ip-172-31-13-122"} 1 1080.0 0.0 6313 378 2054.441176470589 34
stats: {cpu,"tsung_controller@ip-172-31-13-122"} 1 1.7751479289940828 0.0 10.714285714285714 1.282051282051282 3.3643199683326763 35
stats: session 1 316914.2429199219 0.0 316914.2429199219 10493.14794921875 64329.88488255551 380
stats: users_count 0 444
stats: finish_users_count 1 381
stats: request 17 43798.06698069853 3436.360698072108 70032.51708984375 0.635009765625 4969.651032311774 5524
stats: connect 0 0 0 114.195068359375 0.51806640625 0.9889471380560247 444
stats: page 17 43798.06698069853 3436.360698072108 70032.51708984375 0.635009765625 4969.651032311774 5524
stats: 200 16 870
stats: size_rcv 3939267 224519132
stats: newphase 0 3
stats: size_sent 8137 1614599
stats: connected -1 63
stats: 503 0 4655
stats: 500 1 16
# stats: dump at 1480615146
stats: users 61 333
stats: {freemem,"tsung_controller@ip-172-31-13-122"} 1 3129.6953125 0.0 3158.828125 3129.12890625 3136.1511501736113 36
stats: {load,"tsung_controller@ip-172-31-13-122"} 1 0.0 0.0 0.19921875 0.0 0.03982204861111111 36
stats: {recvpackets,"tsung_controller@ip-172-31-13-122"} 1 2289.0 0.0 14649 959 4607.457142857143 35
stats: {sentpackets,"tsung_controller@ip-172-31-13-122"} 1 873.0 0.0 6313 378 2026.6000000000008 35
stats: {cpu,"tsung_controller@ip-172-31-13-122"} 1 1.6765285996055226 0.0 10.714285714285714 1.282051282051282 3.320176300573271 36
stats: session 2 256000.63403320313 7934.4111328125 316914.2429199219 10493.14794921875 64992.83595351972 381
stats: users_count 0 444
stats: finish_users_count 2 383
stats: request 15 48487.59487304687 3714.710658027074 70032.51708984375 0.635009765625 5088.778098026009 5541
stats: connect 0 0 0 114.195068359375 0.51806640625 0.9889471380560247 444
stats: page 15 48487.59487304687 3714.710658027074 70032.51708984375 0.635009765625 5088.778098026009 5541
stats: 200 14 884
stats: size_rcv 4518815 229037947
stats: newphase 0 3
stats: size_sent 4289 1618888
stats: connected -2 61
stats: 503 0 4655
stats: 500 1 17
# stats: dump at 1480615156
stats: users 53 333
stats: {freemem,"tsung_controller@ip-172-31-13-122"} 1 3129.56640625 0.0 3158.828125 3129.12890625 3135.976668074324 37
stats: {load,"tsung_controller@ip-172-31-13-122"} 1 0.0 0.0 0.19921875 0.0 0.03874577702702703 37
stats: {recvpackets,"tsung_controller@ip-172-31-13-122"} 1 4582.0 0.0 14649 959 4543.055555555556 36
stats: {sentpackets,"tsung_controller@ip-172-31-13-122"} 1 1239.0 0.0 6313 378 1994.5555555555563 36
stats: {cpu,"tsung_controller@ip-172-31-13-122"} 1 1.6798418972332017 0.0 10.714285714285714 1.282051282051282 3.275753389736305 37
stats: session 8 278566.7987976074 20562.879485793692 316914.2429199219 10493.14794921875 65990.26570850502 383
stats: users_count 0 444
stats: finish_users_count 8 391
stats: request 28 40718.61859130858 9749.628520061025 70032.51708984375 0.635009765625 5205.945529924013 5556
stats: connect 0 0 0 114.195068359375 0.51806640625 0.9889471380560247 444
stats: page 28 40718.61859130858 9749.628520061025 70032.51708984375 0.635009765625 5205.945529924013 5556
stats: 200 28 912
stats: size_rcv 5613077 234651024
stats: newphase 0 3
stats: size_sent 8091 1626979
stats: connected -8 53
stats: 503 0 4655
stats: 500 0 17
# stats: dump at 1480615166
stats: users 47 333
stats: {freemem,"tsung_controller@ip-172-31-13-122"} 1 3129.77734375 0.0 3158.828125 3129.12890625 3135.807976973684 38
stats: {load,"tsung_controller@ip-172-31-13-122"} 1 0.0 0.0 0.19921875 0.0 0.03772615131578947 38
stats: {recvpackets,"tsung_controller@ip-172-31-13-122"} 1 2657.0 0.0 14649 959 4544.108108108108 37
stats: {sentpackets,"tsung_controller@ip-172-31-13-122"} 1 1128.0 0.0 6313 378 1974.135135135136 37
stats: {cpu,"tsung_controller@ip-172-31-13-122"} 1 1.87192118226601 0.0 10.714285714285714 1.282051282051282 3.2337557188809605 38
stats: session 6 274744.3710123698 9021.20718129773 316914.2429199219 10493.14794921875 70339.65768986773 391
stats: users_count 0 444
stats: finish_users_count 6 397
stats: request 7 40894.09619140625 12803.61766003181 70032.51708984375 0.635009765625 5384.017672781958 5584
stats: connect 0 0 0 114.195068359375 0.51806640625 0.9889471380560247 444
stats: page 7 40894.09619140625 12803.61766003181 70032.51708984375 0.635009765625 5384.017672781958 5584
stats: 200 7 919
stats: size_rcv 2782039 237433063
stats: newphase 0 3
stats: size_sent 4718 1631697
stats: connected -6 47
stats: 503 0 4655
stats: 500 0 17
# stats: dump at 1480615176
stats: users 43 333
stats: {freemem,"tsung_controller@ip-172-31-13-122"} 1 3129.78515625 0.0 3158.828125 3129.12890625 3135.653345352564 39
stats: {load,"tsung_controller@ip-172-31-13-122"} 1 0.0 0.0 0.19921875 0.0 0.0367588141025641 39
stats: {recvpackets,"tsung_controller@ip-172-31-13-122"} 1 3541.0 0.0 14649 959 4494.4473684210525 38
stats: {sentpackets,"tsung_controller@ip-172-31-13-122"} 1 1078.0 0.0 6313 378 1951.8684210526324 38
stats: {cpu,"tsung_controller@ip-172-31-13-122"} 1 1.7733990147783252 0.0 10.714285714285714 1.282051282051282 3.1988368846087822 39
stats: session 4 295453.15173339844 2019.6718066567094 316914.2429199219 10493.14794921875 73428.89768970403 397
stats: users_count 0 444
stats: finish_users_count 4 401
stats: request 21 33307.41534133184 4665.419163828919 70032.51708984375 0.635009765625 5428.4767229751915 5591
stats: connect 0 0 0 114.195068359375 0.51806640625 0.9889471380560247 444
stats: page 21 33307.41534133184 4665.419163828919 70032.51708984375 0.635009765625 5428.4767229751915 5591
stats: 200 21 940
stats: size_rcv 6357895 243790958
stats: newphase 0 3
stats: size_sent 5256 1636953
stats: connected -4 43
stats: 503 0 4655
stats: 500 0 17
# stats: dump at 1480615186
stats: users 39 333
stats: {freemem,"tsung_controller@ip-172-31-13-122"} 1 3129.796875 0.0 3158.828125 3129.12890625 3135.506640625 40
stats: {load,"tsung_controller@ip-172-31-13-122"} 1 0.0 0.0 0.19921875 0.0 0.035839843749999996 40
stats: {recvpackets,"tsung_controller@ip-172-31-13-122"} 1 3621.0 0.0 14649 959 4470.0 39
stats: {sentpackets,"tsung_controller@ip-172-31-13-122"} 1 1396.0 0.0 6313 378 1929.4615384615392 39
stats: {cpu,"tsung_controller@ip-172-31-13-122"} 1 1.6748768472906401 0.0 10.714285714285714 1.282051282051282 3.163200937863021 40
stats: session 4 312081.439453125 20217.748803866736 332306.22900390625 10493.14794921875 75643.60346570099 401
stats: users_count 0 444
stats: finish_users_count 4 405
stats: request 14 33031.15642438616 7884.023614388865 70032.51708984375 0.635009765625 5532.799194640461 5612
stats: connect 0 0 0 114.195068359375 0.51806640625 0.9889471380560247 444
stats: page 14 33031.15642438616 7884.023614388865 70032.51708984375 0.635009765625 5532.799194640461 5612
stats: 200 14 954
stats: size_rcv 3059542 246850500
stats: newphase 0 3
stats: size_sent 6118 1643071
stats: connected -4 39
stats: 503 0 4655
stats: 500 0 17
# stats: dump at 1480615196
stats: users 34 333
stats: {freemem,"tsung_controller@ip-172-31-13-122"} 1 3129.796875 0.0 3158.828125 3129.12890625 3135.3673780487807 41
stats: {load,"tsung_controller@ip-172-31-13-122"} 1 0.0 0.0 0.19921875 0.0 0.03496570121951219 41
stats: {recvpackets,"tsung_controller@ip-172-31-13-122"} 1 2030.0 0.0 14649 959 4448.775 40
stats: {sentpackets,"tsung_controller@ip-172-31-13-122"} 1 826.0 0.0 6313 378 1916.1250000000007 40
stats: {cpu,"tsung_controller@ip-172-31-13-122"} 1 1.8682399213372665 0.0 10.714285714285714 1.282051282051282 3.1269003502880848 41
stats: session 5 315182.5523925781 15148.892208128964 338911.9738769531 10493.14794921875 77978.79196928049 405
stats: users_count 0 444
stats: finish_users_count 5 410
stats: request 21 25351.012044270832 8771.858921185581 70032.51708984375 0.635009765625 5601.227385400582 5626
stats: connect 0 0 0 114.195068359375 0.51806640625 0.9889471380560247 444
stats: page 21 25351.012044270832 8771.858921185581 70032.51708984375 0.635009765625 5601.227385400582 5626
stats: 200 21 975
stats: size_rcv 4652397 251502897
stats: newphase 0 3
stats: size_sent 9021 1652092
stats: connected -5 34
stats: 503 0 4655
stats: 500 0 17
# stats: dump at 1480615206
stats: users 31 333
stats: {freemem,"tsung_controller@ip-172-31-13-122"} 1 3129.81640625 0.0 3158.828125 3129.12890625 3135.2347470238096 42
stats: {load,"tsung_controller@ip-172-31-13-122"} 1 0.0 0.0 0.19921875 0.0 0.03413318452380952 42
stats: {recvpackets,"tsung_controller@ip-172-31-13-122"} 1 2573.0 0.0 14649 959 4389.780487804878 41
stats: {sentpackets,"tsung_controller@ip-172-31-13-122"} 1 966.0 0.0 6313 378 1889.5365853658543 41
stats: {cpu,"tsung_controller@ip-172-31-13-122"} 1 1.7699115044247788 0.0 10.714285714285714 1.282051282051282 3.096932244836875 42
stats: session 3 331908.5036621094 29740.879266981614 373928.1379394531 10493.14794921875 80871.52075493046 410
stats: users_count 0 444
stats: finish_users_count 3 413
stats: request 26 18598.150400015023 8769.62408025021 70032.51708984375 0.635009765625 5674.672662155722 5647
stats: connect 0 0 0 114.195068359375 0.51806640625 0.9889471380560247 444
stats: page 26 18598.150400015023 8769.62408025021 70032.51708984375 0.635009765625 5674.672662155722 5647
stats: 200 24 999
stats: size_rcv 5537111 257040008
stats: newphase 0 3
stats: size_sent 8442 1660534
stats: connected -3 31
stats: 503 0 4655
stats: 500 2 19
# stats: dump at 1480615216
stats: users 29 333
stats: {freemem,"tsung_controller@ip-172-31-13-122"} 1 3129.82421875 0.0 3158.828125 3129.12890625 3135.1087390988373 43
stats: {load,"tsung_controller@ip-172-31-13-122"} 1 0.0 0.0 0.19921875 0.0 0.03333938953488372 43
stats: {recvpackets,"tsung_controller@ip-172-31-13-122"} 1 5471.0 0.0 14649 959 4346.523809523809 42
stats: {sentpackets,"tsung_controller@ip-172-31-13-122"} 1 1549.0 0.0 6313 378 1867.5476190476197 42
stats: {cpu,"tsung_controller@ip-172-31-13-122"} 1 1.9627085377821394 0.0 10.714285714285714 1.282051282051282 3.0660712973854314 43
stats: session 2 339840.23986816406 4926.9920654296875 373928.1379394531 10493.14794921875 82695.03394796081 413
stats: users_count 0 444
stats: finish_users_count 2 415
stats: request 22 12618.712735262785 6422.83385015363 70032.51708984375 0.635009765625 5733.90242086969 5673
stats: connect 0 0 0 114.195068359375 0.51806640625 0.9889471380560247 444
stats: page 22 12618.712735262785 6422.83385015363 70032.51708984375 0.635009765625 5733.90242086969 5673
stats: 200 22 1021
stats: size_rcv 5066944 262106952
stats: newphase 0 3
stats: size_sent 8528 1669062
stats: connected -2 29
stats: 503 0 4655
stats: 500 0 19
# stats: dump at 1480615226
stats: users 28 333
stats: {freemem,"tsung_controller@ip-172-31-13-122"} 1 3129.86328125 0.0 3158.828125 3129.12890625 3134.9886363636365 44
stats: {load,"tsung_controller@ip-172-31-13-122"} 1 0.0 0.0 0.19921875 0.0 0.03258167613636363 44
stats: {recvpackets,"tsung_controller@ip-172-31-13-122"} 1 2640.0 0.0 14649 959 4372.674418604651 43
stats: {sentpackets,"tsung_controller@ip-172-31-13-122"} 1 1086.0 0.0 6313 378 1860.1395348837216 43
stats: {cpu,"tsung_controller@ip-172-31-13-122"} 1 1.6765285996055226 0.0 10.714285714285714 1.282051282051282 3.040994871030811 44
stats: session 1 346246.0681152344 0.0 373928.1379394531 10493.14794921875 83934.28795239552 415
stats: users_count 0 444
stats: finish_users_count 1 416
stats: request 13 15475.55849984976 4320.571763917385 70032.51708984375 0.635009765625 5760.498703032403 5695
stats: connect 0 0 0 114.195068359375 0.51806640625 0.9889471380560247 444
stats: page 13 15475.55849984976 4320.571763917385 70032.51708984375 0.635009765625 5760.498703032403 5695
stats: 200 12 1033
stats: size_rcv 3060734 265167686
stats: newphase 0 3
stats: size_sent 7660 1676722
stats: connected -1 28
stats: 503 0 4655
stats: 500 1 20
# stats: dump at 1480615236
stats: users 21 333
stats: {freemem,"tsung_controller@ip-172-31-13-122"} 1 3129.96875 0.0 3158.828125 3129.12890625 3134.8747395833334 45
stats: {load,"tsung_controller@ip-172-31-13-122"} 1 0.0 0.0 0.19921875 0.0 0.03185763888888889 45
stats: {recvpackets,"tsung_controller@ip-172-31-13-122"} 1 3130.0 0.0 14649 959 4333.295454545454 44
stats: {sentpackets,"tsung_controller@ip-172-31-13-122"} 1 1016.0 0.0 6313 378 1842.5454545454552 44
stats: {cpu,"tsung_controller@ip-172-31-13-122"} 1 1.966568338249754 0.0 10.714285714285714 1.282051282051282 3.010673398332471 45
stats: session 7 360889.36289760045 15475.14439691307 389457.1320800781 10493.14794921875 84564.8451162485 416
stats: users_count 0 444
stats: finish_users_count 7 423
stats: request 23 11400.686162533968 5058.296901733048 70032.51708984375 0.635009765625 5782.624802779885 5708
stats: connect 0 0 0 114.195068359375 0.51806640625 0.9889471380560247 444
stats: page 23 11400.686162533968 5058.296901733048 70032.51708984375 0.635009765625 5782.624802779885 5708
stats: 200 23 1056
stats: size_rcv 6094597 271262283
stats: newphase 0 3
stats: size_sent 7151 1683873
stats: connected -7 21
stats: 503 0 4655
stats: 500 0 20
# stats: dump at 1480615246
stats: users 18 333
stats: {freemem,"tsung_controller@ip-172-31-13-122"} 1 3129.9765625 0.0 3158.828125 3129.12890625 3134.7680876358695 46
stats: {load,"tsung_controller@ip-172-31-13-122"} 1 0.0 0.0 0.19921875 0.0 0.031165081521739132 46
stats: {recvpackets,"tsung_controller@ip-172-31-13-122"} 1 3773.0 0.0 14649 959 4306.555555555555 45
stats: {sentpackets,"tsung_controller@ip-172-31-13-122"} 1 1413.0 0.0 6313 378 1824.1777777777784 45
stats: {cpu,"tsung_controller@ip-172-31-13-122"} 1 1.8700787401574805 0.0 10.714285714285714 1.282051282051282 2.9879754622437162 46
stats: session 3 357784.0974121094 9749.449320054478 389457.1320800781 10493.14794921875 89137.59127338672 423
stats: users_count 0 444
stats: finish_users_count 3 426
stats: request 11 13961.976717862215 5618.943076235362 70032.51708984375 0.635009765625 5805.171550515767 5731
stats: connect 0 0 0 114.195068359375 0.51806640625 0.9889471380560247 444
stats: page 11 13961.976717862215 5618.943076235362 70032.51708984375 0.635009765625 5805.171550515767 5731
stats: 200 11 1067
stats: size_rcv 2847362 274109645
stats: newphase 0 3
stats: size_sent 5367 1689240
stats: connected -3 18
stats: 503 0 4655
stats: 500 0 20
# stats: dump at 1480615256
stats: users 7 333
stats: {freemem,"tsung_controller@ip-172-31-13-122"} 1 3130.0546875 0.0 3158.828125 3129.12890625 3134.6661402925533 47
stats: {load,"tsung_controller@ip-172-31-13-122"} 1 0.0 0.0 0.19921875 0.0 0.030501994680851064 47
stats: {recvpackets,"tsung_controller@ip-172-31-13-122"} 1 2020.0 0.0 14649 959 4294.95652173913 46
stats: {sentpackets,"tsung_controller@ip-172-31-13-122"} 1 887.0 0.0 6313 378 1815.2391304347832 46
stats: {cpu,"tsung_controller@ip-172-31-13-122"} 1 1.4792899408284024 0.0 10.714285714285714 1.282051282051282 2.9641904256035834 47
stats: session 11 369721.2042125355 14779.512041274971 410497.1950683594 10493.14794921875 91029.46807718053 426
stats: users_count 0 444
stats: finish_users_count 11 437
stats: request 18 10719.381930881076 7592.185779000092 70032.51708984375 0.635009765625 5820.797614054745 5742
stats: connect 0 0 0 114.195068359375 0.51806640625 0.9889471380560247 444
stats: page 18 10719.381930881076 7592.185779000092 70032.51708984375 0.635009765625 5820.797614054745 5742
stats: 200 18 1085
stats: size_rcv 5052742 279162387
stats: newphase 0 3
stats: size_sent 3466 1692706
stats: connected -11 7
stats: 503 0 4655
stats: 500 0 20
# stats: dump at 1480615266
stats: users 1 333
stats: {freemem,"tsung_controller@ip-172-31-13-122"} 1 3133.2890625 0.0 3158.828125 3129.12890625 3134.570068359375 48
stats: {load,"tsung_controller@ip-172-31-13-122"} 1 0.0 0.0 0.19921875 0.0 0.029866536458333332 48
stats: {recvpackets,"tsung_controller@ip-172-31-13-122"} 1 3118.0 0.0 14649 959 4246.553191489361 47
stats: {sentpackets,"tsung_controller@ip-172-31-13-122"} 1 1123.0 0.0 6313 378 1795.4893617021282 47
stats: {cpu,"tsung_controller@ip-172-31-13-122"} 1 1.7786561264822136 0.0 10.714285714285714 1.282051282051282 2.933254998837434 48
stats: session 6 379807.51037597656 8027.158852779131 410497.1950683594 10493.14794921875 98044.59187006133 437
stats: users_count 0 444
stats: finish_users_count 6 443
stats: request 11 9617.89510830966 9699.354787533035 70032.51708984375 0.635009765625 5836.105690044827 5760
stats: connect 0 0 0 114.195068359375 0.51806640625 0.9889471380560247 444
stats: page 11 9617.89510830966 9699.354787533035 70032.51708984375 0.635009765625 5836.105690044827 5760
stats: 200 10 1095
stats: size_rcv 3876518 283038905
stats: newphase 0 3
stats: size_sent 2530 1695236
stats: connected -6 1
stats: 503 0 4655
stats: 500 1 21
# stats: dump at 1480615272
stats: users 0 333
stats: {freemem,"tsung_controller@ip-172-31-13-122"} 0 0 0 3158.828125 3129.12890625 3134.543925382653 49
stats: {load,"tsung_controller@ip-172-31-13-122"} 0 0 0 0.19921875 0.0 0.029257015306122448 49
stats: {recvpackets,"tsung_controller@ip-172-31-13-122"} 0 0 0 14649 959 4223.041666666666 48
stats: {sentpackets,"tsung_controller@ip-172-31-13-122"} 0 0 0 6313 378 1781.4791666666672 48
stats: {cpu,"tsung_controller@ip-172-31-13-122"} 0 0 0 10.714285714285714 1.282051282051282 2.90969175654447 49
stats: session 1 393531.1911621094 0.0 410497.1950683594 10493.14794921875 101860.79392657484 443
stats: users_count 0 444
stats: finish_users_count 1 444
stats: request 1 8.2919921875 0.0 70032.51708984375 0.635009765625 5843.314091292603 5771
stats: connect 0 0 0 114.195068359375 0.51806640625 0.9889471380560247 444
stats: page 1 8.2919921875 0.0 70032.51708984375 0.635009765625 5843.314091292603 5771
stats: 200 1 1096
stats: size_rcv 27206 283066111
stats: newphase 0 3
stats: size_sent 506 1695742
stats: connected -1 0
stats: 503 0 4655
stats: 500 0 21
EndMonitor:{1480,615272,548467}
