# stats: dump at 1480601314
stats: users 12 12
stats: {freemem,"tsung_controller@ip-172-31-13-122"} 1 3160.78515625 0 3160.78515625 3160.78515625 0 0
stats: {load,"tsung_controller@ip-172-31-13-122"} 1 0.0 0 0.0 0.0 0 0
stats: {cpu,"tsung_controller@ip-172-31-13-122"} 1 2.327404898521107 0 2.327404898521107 2.327404898521107 0 0
stats: users_count 12 12
stats: finish_users_count 0 0
stats: request 21 69.67639741443453 70.05878010726184 274.97998046875 6.65087890625 0 0
stats: connect 10 12.1383056640625 34.017647504848014 114.191162109375 0.701171875 0 0
stats: page 21 69.67639741443453 70.05878010726184 274.97998046875 6.65087890625 0 0
stats: 200 19 19
stats: size_rcv 3203056 3203056
stats: size_sent 7569 7569
stats: connected 10 10
stats: 500 2 2
# stats: dump at 1480601324
stats: users 22 22
stats: {freemem,"tsung_controller@ip-172-31-13-122"} 1 3157.96875 0.0 3160.78515625 3157.96875 3160.78515625 1
stats: {load,"tsung_controller@ip-172-31-13-122"} 1 0.0 0.0 0.0 0.0 0.0 1
stats: {recvpackets,"tsung_controller@ip-172-31-13-122"} 1 2720 0 2720 2720 0 0
stats: {sentpackets,"tsung_controller@ip-172-31-13-122"} 1 1190 0 1190 1190 0 0
stats: {cpu,"tsung_controller@ip-172-31-13-122"} 1 2.8515240904621435 0.0 2.8515240904621435 2.327404898521107 2.327404898521107 1
stats: users_count 10 22
stats: finish_users_count 0 0
stats: request 23 655.2809209408969 1550.9804887479108 6565.755859375 6.65087890625 69.67639741443453 21
stats: connect 12 0.7720947265625 0.18296325586302747 114.191162109375 0.59912109375 12.1383056640625 10
stats: page 23 655.2809209408969 1550.9804887479108 6565.755859375 6.65087890625 69.67639741443453 21
stats: 200 20 39
stats: size_rcv 3144197 6347253
stats: size_sent 15785 23354
stats: connected 12 22
stats: 500 3 5
# stats: dump at 1480601334
stats: users 30 30
stats: {freemem,"tsung_controller@ip-172-31-13-122"} 1 3157.41015625 0.0 3160.78515625 3157.41015625 3159.376953125 2
stats: {load,"tsung_controller@ip-172-31-13-122"} 1 0.0 0.0 0.0 0.0 0.0 2
stats: {recvpackets,"tsung_controller@ip-172-31-13-122"} 1 3457.0 0.0 3457 2720 2720.0 1
stats: {sentpackets,"tsung_controller@ip-172-31-13-122"} 1 1574.0 0.0 1574 1190 1190.0 1
stats: {cpu,"tsung_controller@ip-172-31-13-122"} 1 2.359882005899705 0.0 2.8515240904621435 2.327404898521107 2.589464494491625 2
stats: users_count 8 30
stats: finish_users_count 0 0
stats: request 36 5277.451354980469 3505.05139547292 12911.818115234375 6.65087890625 375.78785289417624 44
stats: connect 8 0.75250244140625 0.02684041381550329 114.191162109375 0.59912109375 5.938554243607954 22
stats: page 36 5277.451354980469 3505.05139547292 12911.818115234375 6.65087890625 375.78785289417624 44
stats: 200 33 72
stats: size_rcv 8993424 15340677
stats: size_sent 16587 39941
stats: connected 8 30
stats: 500 3 8
# stats: dump at 1480601344
stats: users 52 52
stats: {freemem,"tsung_controller@ip-172-31-13-122"} 1 3156.47265625 0.0 3160.78515625 3156.47265625 3158.7213541666665 3
stats: {load,"tsung_controller@ip-172-31-13-122"} 1 0.0 0.0 0.0 0.0 0.0 3
stats: {recvpackets,"tsung_controller@ip-172-31-13-122"} 1 4668.0 0.0 4668 2720 3088.5 2
stats: {sentpackets,"tsung_controller@ip-172-31-13-122"} 1 1979.0 0.0 1979 1190 1382.0 2
stats: {cpu,"tsung_controller@ip-172-31-13-122"} 1 2.4630541871921183 0.0 2.8515240904621435 2.327404898521107 2.512936998294318 3
stats: users_count 22 52
stats: finish_users_count 0 0
stats: request 40 7868.002062988281 3869.733418193407 19144.248046875 6.65087890625 2581.536428833008 80
stats: connect 20 0.72724609375 0.0703262993728796 114.191162109375 0.59912109375 4.555607096354167 30
stats: page 40 7868.002062988281 3869.733418193407 19144.248046875 6.65087890625 2581.536428833008 80
stats: 200 39 111
stats: size_rcv 8002712 23343389
stats: newphase 1 1
stats: size_sent 16089 56030
stats: connected 20 50
stats: 500 1 9
# stats: dump at 1480601354
stats: users 72 72
stats: {freemem,"tsung_controller@ip-172-31-13-122"} 1 3153.58203125 0.0 3160.78515625 3153.58203125 3158.1591796875 4
stats: {load,"tsung_controller@ip-172-31-13-122"} 1 0.0 0.0 0.0 0.0 0.0 4
stats: {recvpackets,"tsung_controller@ip-172-31-13-122"} 1 6508.0 0.0 6508 2720 3615.0 3
stats: {sentpackets,"tsung_controller@ip-172-31-13-122"} 1 2632.0 0.0 2632 1190 1581.0 3
stats: {cpu,"tsung_controller@ip-172-31-13-122"} 1 2.8515240904621435 0.0 2.8515240904621435 2.327404898521107 2.500466295518768 4
stats: users_count 20 72
stats: finish_users_count 0 0
stats: request 20 7795.010437011719 4513.86201538499 19985.677978515625 6.65087890625 4343.691640218099 120
stats: connect 22 0.7224564985795454 0.05732493696791744 114.191162109375 0.5869140625 3.0242626953125 50
stats: page 20 7795.010437011719 4513.86201538499 19985.677978515625 6.65087890625 4343.691640218099 120
stats: 200 19 130
stats: size_rcv 4027862 27371251
stats: newphase 0 1
stats: size_sent 17781 73811
stats: connected 22 72
stats: 500 2 11
# stats: dump at 1480601364
stats: users 90 90
stats: {freemem,"tsung_controller@ip-172-31-13-122"} 1 3151.91796875 0.0 3160.78515625 3151.91796875 3157.24375 5
stats: {load,"tsung_controller@ip-172-31-13-122"} 1 0.0 0.0 0.0 0.0 0.0 5
stats: {recvpackets,"tsung_controller@ip-172-31-13-122"} 1 5817.0 0.0 6508 2720 4338.25 4
stats: {sentpackets,"tsung_controller@ip-172-31-13-122"} 1 2388.0 0.0 2632 1190 1843.75 4
stats: {cpu,"tsung_controller@ip-172-31-13-122"} 1 2.4703557312252964 0.0 2.8515240904621435 2.327404898521107 2.5706778545074433 5
stats: users_count 18 90
stats: finish_users_count 0 0
stats: request 53 13450.139275316922 2705.1396410425114 20772.967041015625 6.65087890625 4836.7371826171875 140
stats: connect 18 0.7397732204861112 0.16920457939899006 114.191162109375 0.580078125 2.3209330240885415 72
stats: page 53 13450.139275316922 2705.1396410425114 20772.967041015625 6.65087890625 4836.7371826171875 140
stats: 200 51 181
stats: size_rcv 13570716 40941967
stats: newphase 0 1
stats: size_sent 21346 95157
stats: connected 18 90
stats: 500 1 12
# stats: dump at 1480601374
stats: users 122 122
stats: {freemem,"tsung_controller@ip-172-31-13-122"} 1 3150.3203125 0.0 3160.78515625 3150.3203125 3156.3561197916665 6
stats: {load,"tsung_controller@ip-172-31-13-122"} 1 0.0 0.0 0.0 0.0 0.0 6
stats: {recvpackets,"tsung_controller@ip-172-31-13-122"} 1 6733.0 0.0 6733 2720 4634.0 5
stats: {sentpackets,"tsung_controller@ip-172-31-13-122"} 1 2806.0 0.0 2806 1190 1952.6 5
stats: {cpu,"tsung_controller@ip-172-31-13-122"} 1 2.9469548133595285 0.0 2.9469548133595285 2.327404898521107 2.5539575006270856 6
stats: users_count 32 122
stats: finish_users_count 0 0
stats: request 64 12604.576499938965 3615.198975062394 25264.80810546875 0.950927734375 7202.075581130586 193
stats: connect 31 0.6983996975806451 0.05725012598116207 114.191162109375 0.574951171875 2.0047010633680555 90
stats: page 64 12604.576499938965 3615.198975062394 25264.80810546875 0.950927734375 7202.075581130586 193
stats: 200 62 243
stats: size_rcv 11638910 52580877
stats: newphase 1 2
stats: size_sent 35907 131064
stats: connected 31 121
stats: 503 2 2
stats: 500 0 12
# stats: dump at 1480601384
stats: users 166 166
stats: {freemem,"tsung_controller@ip-172-31-13-122"} 1 3147.21875 0.0 3160.78515625 3147.21875 3155.4938616071427 7
stats: {load,"tsung_controller@ip-172-31-13-122"} 1 0.0 0.0 0.0 0.0 0.0 7
stats: {recvpackets,"tsung_controller@ip-172-31-13-122"} 1 7324.0 0.0 7324 2720 4983.833333333333 6
stats: {sentpackets,"tsung_controller@ip-172-31-13-122"} 1 3142.0 0.0 3142 1190 2094.8333333333335 6
stats: {cpu,"tsung_controller@ip-172-31-13-122"} 1 3.1714568880079286 0.0 3.1714568880079286 2.327404898521107 2.610099973874578 7
stats: users_count 44 166
stats: finish_users_count 0 0
stats: request 242 2070.7075820796736 5385.108742195198 25772.1728515625 0.64404296875 8547.445459744345 257
stats: connect 43 0.6637104832848837 0.06089535456991856 114.191162109375 0.533935546875 1.6700288126291323 121
stats: page 242 2070.7075820796736 5385.108742195198 25772.1728515625 0.64404296875 8547.445459744345 257
stats: 200 33 276
stats: size_rcv 10226711 62807588
stats: newphase 0 2
stats: size_sent 71629 202693
stats: connected 43 164
stats: 503 209 211
stats: 500 0 12
# stats: dump at 1480601394
stats: users 193 193
stats: {freemem,"tsung_controller@ip-172-31-13-122"} 1 3144.625 0.0 3160.78515625 3144.625 3154.45947265625 8
stats: {load,"tsung_controller@ip-172-31-13-122"} 1 0.0 0.0 0.0 0.0 0.0 8
stats: {recvpackets,"tsung_controller@ip-172-31-13-122"} 1 8405.0 0.0 8405 2720 5318.142857142857 7
stats: {sentpackets,"tsung_controller@ip-172-31-13-122"} 1 3697.0 0.0 3697 1190 2244.4285714285716 7
stats: {cpu,"tsung_controller@ip-172-31-13-122"} 1 4.789833822091887 0.0 4.789833822091887 2.327404898521107 2.6802695881412464 8
stats: session 2 52289.189453125 8464.95751953125 60754.14697265625 43824.23193359375 0 0
stats: users_count 29 195
stats: finish_users_count 2 2
stats: request 393 1678.4150415473912 5771.576059909373 26022.137939453125 0.64404296875 5406.422280596349 499
stats: connect 29 0.6777427936422413 0.13846168663040292 114.191162109375 0.533935546875 1.4061770555449695 164
stats: page 393 1678.4150415473912 5771.576059909373 26022.137939453125 0.64404296875 5406.422280596349 499
stats: 200 30 306
stats: size_rcv 7278760 70086348
stats: newphase 0 2
stats: size_sent 107395 310088
stats: connected 27 191
stats: 503 362 573
stats: 500 1 13
# stats: dump at 1480601404
stats: users 245 245
stats: {freemem,"tsung_controller@ip-172-31-13-122"} 1 3141.54296875 0.0 3160.78515625 3141.54296875 3153.366753472222 9
stats: {load,"tsung_controller@ip-172-31-13-122"} 1 0.0 0.0 0.0 0.0 0.0 9
stats: {recvpackets,"tsung_controller@ip-172-31-13-122"} 1 5843.0 0.0 8405 2720 5704.0 8
stats: {sentpackets,"tsung_controller@ip-172-31-13-122"} 1 2938.0 0.0 3697 1190 2426.0 8
stats: {cpu,"tsung_controller@ip-172-31-13-122"} 1 5.47945205479452 0.0 5.47945205479452 2.327404898521107 2.914665614135762 9
stats: session 24 49326.38108317057 25121.14512262834 89932.84106445313 15239.143798828125 52289.189453125 2
stats: users_count 76 271
stats: finish_users_count 24 26
stats: request 656 1315.4577815358232 6144.468602099091 34451.343017578125 0.636962890625 3763.9258176521334 892
stats: connect 75 0.6616927083333334 0.13064575841576392 114.191162109375 0.509033203125 1.2967232027202074 193
stats: page 656 1315.4577815358232 6144.468602099091 34451.343017578125 0.636962890625 3763.9258176521334 892
stats: 200 29 335
stats: size_rcv 7926149 78012497
stats: newphase 1 3
stats: size_sent 162684 472772
stats: connected 52 243
stats: 503 627 1200
stats: 500 0 13
# stats: dump at 1480601414
stats: users 277 283
stats: {freemem,"tsung_controller@ip-172-31-13-122"} 1 3138.8984375 0.0 3160.78515625 3138.8984375 3152.184375 10
stats: {load,"tsung_controller@ip-172-31-13-122"} 1 0.0 0.0 0.0 0.0 0.0 10
stats: {recvpackets,"tsung_controller@ip-172-31-13-122"} 1 6197.0 0.0 8405 2720 5719.444444444444 9
stats: {sentpackets,"tsung_controller@ip-172-31-13-122"} 1 3770.0 0.0 3770 1190 2482.8888888888887 9
stats: {cpu,"tsung_controller@ip-172-31-13-122"} 1 7.722007722007722 0.0 7.722007722007722 2.327404898521107 3.1711442582016383 10
stats: session 31 34250.39494865172 23234.16097863174 99903.14306640625 12674.10791015625 49554.289419320914 26
stats: users_count 63 334
stats: finish_users_count 31 57
stats: request 822 742.8147685475587 4839.9765831483655 39402.3310546875 0.636962890625 2726.332127928426 1548
stats: connect 64 0.6290245056152344 0.07654381679985335 114.191162109375 0.509033203125 1.1190094449626866 268
stats: page 822 742.8147685475587 4839.9765831483655 39402.3310546875 0.636962890625 2726.332127928426 1548
stats: 200 18 353
stats: size_rcv 4526465 82538962
stats: newphase 0 3
stats: size_sent 199398 672170
stats: connected 34 277
stats: 503 803 2003
stats: 500 1 14
# stats: dump at 1480601424
stats: users 313 313
stats: {freemem,"tsung_controller@ip-172-31-13-122"} 1 3136.6328125 0.0 3160.78515625 3136.6328125 3150.9765625 11
stats: {load,"tsung_controller@ip-172-31-13-122"} 1 0.0 0.0 0.0 0.0 0.0 11
stats: {recvpackets,"tsung_controller@ip-172-31-13-122"} 1 3552.0 0.0 8405 2720 5767.2 10
stats: {sentpackets,"tsung_controller@ip-172-31-13-122"} 1 2893.0 0.0 3770 1190 2611.6 10
stats: {cpu,"tsung_controller@ip-172-31-13-122"} 1 8.899521531100477 0.0 8.899521531100477 2.327404898521107 3.584859118547646 11
stats: session 54 45282.32505063658 28618.95898376115 117073.02392578125 12674.10791015625 41231.118742290295 57
stats: users_count 90 424
stats: finish_users_count 54 111
stats: request 979 654.6119041871489 5079.59860139184 44070.31201171875 0.62890625 2038.3780058140494 2370
stats: connect 91 0.7306967934409341 0.49812492287054355 114.191162109375 0.509033203125 1.0245545168957078 332
stats: page 979 654.6119041871489 5079.59860139184 44070.31201171875 0.62890625 2038.3780058140494 2370
stats: 200 15 368
stats: size_rcv 5697667 88236629
stats: newphase 0 3
stats: size_sent 207853 880023
stats: connected 35 312
stats: 503 963 2966
stats: 500 1 15
# stats: dump at 1480601434
stats: users 243 313
stats: {freemem,"tsung_controller@ip-172-31-13-122"} 1 3135.46484375 0.0 3160.78515625 3135.46484375 3149.78125 12
stats: {load,"tsung_controller@ip-172-31-13-122"} 1 0.0 0.0 0.0 0.0 0.0 12
stats: {recvpackets,"tsung_controller@ip-172-31-13-122"} 1 5937.0 0.0 8405 2720 5565.818181818182 11
stats: {sentpackets,"tsung_controller@ip-172-31-13-122"} 1 3942.0 0.0 3942 1190 2637.181818181818 11
stats: {cpu,"tsung_controller@ip-172-31-13-122"} 1 9.282296650717702 0.0 9.282296650717702 2.327404898521107 4.027747652927048 12
stats: session 73 39892.659908764974 28747.056670682814 125322.01293945313 8555.072021484375 43201.97586526957 111
stats: users_count 3 427
stats: finish_users_count 73 184
stats: request 846 1188.0082947210224 7130.971058434131 52500.846923828125 0.62890625 1633.8671030094104 3349
stats: connect 4 0.7275390625 0.24985559584523417 114.191162109375 0.509033203125 0.9613368979018913 423
stats: page 846 1188.0082947210224 7130.971058434131 52500.846923828125 0.62890625 1633.8671030094104 3349
stats: 200 23 391
stats: size_rcv 8362113 96598742
stats: newphase 0 3
stats: size_sent 177201 1057224
stats: connected -69 243
stats: 503 823 3789
stats: 500 0 15
# stats: dump at 1480601444
stats: users 172 313
stats: {freemem,"tsung_controller@ip-172-31-13-122"} 1 3135.38671875 0.0 3160.78515625 3135.38671875 3148.679987980769 13
stats: {load,"tsung_controller@ip-172-31-13-122"} 1 0.0 0.0 0.0 0.0 0.0 13
stats: {recvpackets,"tsung_controller@ip-172-31-13-122"} 1 4509.0 0.0 8405 2720 5596.75 12
stats: {sentpackets,"tsung_controller@ip-172-31-13-122"} 1 3029.0 0.0 3942 1190 2745.9166666666665 12
stats: {cpu,"tsung_controller@ip-172-31-13-122"} 1 7.545367717287488 0.0 9.282296650717702 2.327404898521107 4.431943729680176 13
stats: session 71 38455.625811509686 28401.05657338074 125322.01293945313 8555.072021484375 41889.04073035199 184
stats: users_count 0 427
stats: finish_users_count 71 255
stats: request 469 2576.1684804562574 10870.608447628181 55085.94091796875 0.62890625 1543.9513576430277 4195
stats: connect 0 0 0 114.191162109375 0.509033203125 0.9591467542447307 427
stats: page 469 2576.1684804562574 10870.608447628181 55085.94091796875 0.62890625 1543.9513576430277 4195
stats: 200 24 415
stats: size_rcv 6007716 102606458
stats: newphase 0 3
stats: size_sent 118064 1175288
stats: connected -69 174
stats: 503 444 4233
stats: 500 1 16
# stats: dump at 1480601454
stats: users 127 313
stats: {freemem,"tsung_controller@ip-172-31-13-122"} 1 3135.2421875 0.0 3160.78515625 3135.2421875 3147.73046875 14
stats: {load,"tsung_controller@ip-172-31-13-122"} 1 0.0 0.0 0.0 0.0 0.0 14
stats: {recvpackets,"tsung_controller@ip-172-31-13-122"} 1 5833.0 0.0 8405 2720 5513.076923076923 13
stats: {sentpackets,"tsung_controller@ip-172-31-13-122"} 1 3269.0 0.0 3942 1190 2767.6923076923076 13
stats: {cpu,"tsung_controller@ip-172-31-13-122"} 1 5.517909002904163 0.0 9.282296650717702 2.327404898521107 4.654331157366413 14
stats: session 45 51822.70740559896 30019.44153658202 125322.01293945313 8555.072021484375 40933.070301968444 255
stats: users_count 0 427
stats: finish_users_count 45 300
stats: request 168 5824.755507696243 15985.312343617152 61267.16796875 0.62890625 1647.748491133466 4664
stats: connect 0 0 0 114.191162109375 0.509033203125 0.9591467542447307 427
stats: page 168 5824.755507696243 15985.312343617152 61267.16796875 0.62890625 1647.748491133466 4664
stats: 200 19 434
stats: size_rcv 6281923 108888381
stats: newphase 0 3
stats: size_sent 54438 1229726
stats: connected -47 127
stats: 503 148 4381
stats: 500 1 17
# stats: dump at 1480601464
stats: users 118 313
stats: {freemem,"tsung_controller@ip-172-31-13-122"} 1 3135.25390625 0.0 3160.78515625 3135.2421875 3146.897916666667 15
stats: {load,"tsung_controller@ip-172-31-13-122"} 1 0.0 0.0 0.0 0.0 0.0 15
stats: {recvpackets,"tsung_controller@ip-172-31-13-122"} 1 4115.0 0.0 8405 2720 5535.928571428572 14
stats: {sentpackets,"tsung_controller@ip-172-31-13-122"} 1 1923.0 0.0 3942 1190 2803.5 14
stats: {cpu,"tsung_controller@ip-172-31-13-122"} 1 3.048180924287119 0.0 9.282296650717702 2.327404898521107 4.711903013735596 15
stats: session 9 67703.72675238716 24327.805296362552 125322.01293945313 8555.072021484375 42566.51586751302 300
stats: users_count 0 427
stats: finish_users_count 9 309
stats: request 69 13748.191639775812 23184.438497136423 61267.16796875 0.62890625 1792.9755562788603 4832
stats: connect 0 0 0 114.191162109375 0.509033203125 0.9591467542447307 427
stats: page 69 13748.191639775812 23184.438497136423 61267.16796875 0.62890625 1792.9755562788603 4832
stats: 200 18 452
stats: size_rcv 4474322 113362703
stats: newphase 0 3
stats: size_sent 31180 1260906
stats: connected -9 118
stats: 503 51 4432
stats: 500 0 17
# stats: dump at 1480601474
stats: users 114 313
stats: {freemem,"tsung_controller@ip-172-31-13-122"} 1 3135.27734375 0.0 3160.78515625 3135.2421875 3146.170166015625 16
stats: {load,"tsung_controller@ip-172-31-13-122"} 1 0.0 0.0 0.0 0.0 0.0 16
stats: {recvpackets,"tsung_controller@ip-172-31-13-122"} 1 4083.0 0.0 8405 2720 5441.2 15
stats: {sentpackets,"tsung_controller@ip-172-31-13-122"} 1 1780.0 0.0 3942 1190 2744.8 15
stats: {cpu,"tsung_controller@ip-172-31-13-122"} 1 2.0792079207920793 0.0 9.282296650717702 2.0792079207920793 4.607920383145067 16
stats: session 4 72420.9077758789 12100.731059510712 125322.01293945313 8555.072021484375 43298.66764085887 309
stats: users_count 0 427
stats: finish_users_count 4 313
stats: request 48 29272.998224894207 25174.914153811176 64670.97314453125 0.62890625 1961.2901675339695 4901
stats: connect 0 0 0 114.191162109375 0.509033203125 0.9591467542447307 427
stats: page 48 29272.998224894207 25174.914153811176 64670.97314453125 0.62890625 1961.2901675339695 4901
stats: 200 29 481
stats: size_rcv 6627666 119990369
stats: newphase 0 3
stats: size_sent 21478 1282384
stats: connected -4 114
stats: 503 20 4452
stats: 500 0 17
# stats: dump at 1480601484
stats: users 113 313
stats: {freemem,"tsung_controller@ip-172-31-13-122"} 1 3135.1484375 0.0 3160.78515625 3135.1484375 3145.529411764706 17
stats: {load,"tsung_controller@ip-172-31-13-122"} 1 0.0 0.0 0.0 0.0 0.0 17
stats: {recvpackets,"tsung_controller@ip-172-31-13-122"} 1 3653.0 0.0 8405 2720 5356.3125 16
stats: {sentpackets,"tsung_controller@ip-172-31-13-122"} 1 1687.0 0.0 3942 1190 2684.5 16
stats: {cpu,"tsung_controller@ip-172-31-13-122"} 1 2.263779527559055 0.0 9.282296650717702 2.0792079207920793 4.45917259124195 17
stats: session 1 82566.07788085938 0.0 125322.01293945313 8555.072021484375 43670.83684386232 313
stats: users_count 0 427
stats: finish_users_count 1 314
stats: request 35 29029.186097935268 24115.95075332218 64670.97314453125 0.62890625 2226.184486942596 4949
stats: connect 0 0 0 114.191162109375 0.509033203125 0.9591467542447307 427
stats: page 35 29029.186097935268 24115.95075332218 64670.97314453125 0.62890625 2226.184486942596 4949
stats: 200 20 501
stats: size_rcv 4335123 124325492
stats: newphase 0 3
stats: size_sent 14447 1296831
stats: connected -1 113
stats: 503 14 4466
stats: 500 0 17
# stats: dump at 1480601494
stats: users 108 313
stats: {freemem,"tsung_controller@ip-172-31-13-122"} 1 3135.1875 0.0 3160.78515625 3135.1484375 3144.952690972222 18
stats: {load,"tsung_controller@ip-172-31-13-122"} 1 0.0 0.0 0.0 0.0 0.0 18
stats: {recvpackets,"tsung_controller@ip-172-31-13-122"} 1 3322.0 0.0 8405 2720 5256.117647058823 17
stats: {sentpackets,"tsung_controller@ip-172-31-13-122"} 1 1412.0 0.0 3942 1190 2625.823529411765 17
stats: {cpu,"tsung_controller@ip-172-31-13-122"} 1 1.9723865877712032 0.0 9.282296650717702 1.9723865877712032 4.337206309926234 18
stats: session 5 79779.384375 17242.607831747722 125322.01293945313 8555.072021484375 43794.70703824766 314
stats: users_count 0 427
stats: finish_users_count 5 319
stats: request 23 25829.540166440216 25035.86804659002 64670.97314453125 0.62890625 2414.4078128624883 4984
stats: connect 0 0 0 114.191162109375 0.509033203125 0.9591467542447307 427
stats: page 23 25829.540166440216 25035.86804659002 64670.97314453125 0.62890625 2414.4078128624883 4984
stats: 200 11 512
stats: size_rcv 2515539 126841031
stats: newphase 0 3
stats: size_sent 12679 1309510
stats: connected -5 108
stats: 503 11 4477
stats: 500 1 18
# stats: dump at 1480601504
stats: users 106 313
stats: {freemem,"tsung_controller@ip-172-31-13-122"} 1 3135.19921875 0.0 3160.78515625 3135.1484375 3144.4387335526317 19
stats: {load,"tsung_controller@ip-172-31-13-122"} 1 0.0 0.0 0.0 0.0 0.0 19
stats: {recvpackets,"tsung_controller@ip-172-31-13-122"} 1 2020.0 0.0 8405 2020 5148.666666666667 18
stats: {sentpackets,"tsung_controller@ip-172-31-13-122"} 1 802.0 0.0 3942 802 2558.3888888888887 18
stats: {cpu,"tsung_controller@ip-172-31-13-122"} 1 1.5794669299111548 0.0 9.282296650717702 1.5794669299111548 4.212742114023337 19
stats: session 2 78681.20739746094 147.9893798828125 125322.01293945313 8555.072021484375 44358.73019399613 319
stats: users_count 0 427
stats: finish_users_count 2 321
stats: request 11 55667.843705610794 2350.0557237277076 64670.97314453125 0.62890625 2521.96683905228 5007
stats: connect 0 0 0 114.191162109375 0.509033203125 0.9591467542447307 427
stats: page 11 55667.843705610794 2350.0557237277076 64670.97314453125 0.62890625 2521.96683905228 5007
stats: 200 11 523
stats: size_rcv 5206017 132047048
stats: newphase 0 3
stats: size_sent 3418 1312928
stats: connected -2 106
stats: 503 0 4477
stats: 500 0 18
# stats: dump at 1480601514
stats: users 102 313
stats: {freemem,"tsung_controller@ip-172-31-13-122"} 1 3135.2109375 0.0 3160.78515625 3135.1484375 3143.9767578125 20
stats: {load,"tsung_controller@ip-172-31-13-122"} 1 0.0 0.0 0.0 0.0 0.0 20
stats: {recvpackets,"tsung_controller@ip-172-31-13-122"} 1 3866.0 0.0 8405 2020 4984.0 19
stats: {sentpackets,"tsung_controller@ip-172-31-13-122"} 1 1718.0 0.0 3942 802 2465.9473684210525 19
stats: {cpu,"tsung_controller@ip-172-31-13-122"} 1 1.966568338249754 0.0 9.282296650717702 1.5794669299111548 4.081078354817728 20
stats: session 4 116334.36224365234 33569.49761837798 170555.11596679688 8555.072021484375 44572.577403986565 321
stats: users_count 0 427
stats: finish_users_count 4 325
stats: request 17 56709.45816578584 4459.1463188225725 65736.89697265625 0.62890625 2638.468362673672 5018
stats: connect 0 0 0 114.191162109375 0.509033203125 0.9591467542447307 427
stats: page 17 56709.45816578584 4459.1463188225725 65736.89697265625 0.62890625 2638.468362673672 5018
stats: 200 17 540
stats: size_rcv 6656359 138703407
stats: newphase 0 3
stats: size_sent 8101 1321029
stats: connected -4 102
stats: 503 0 4477
stats: 500 0 18
# stats: dump at 1480601524
stats: users 99 313
stats: {freemem,"tsung_controller@ip-172-31-13-122"} 1 3135.05859375 0.0 3160.78515625 3135.05859375 3143.5593377976193 21
stats: {load,"tsung_controller@ip-172-31-13-122"} 1 0.0 0.0 0.0 0.0 0.0 21
stats: {recvpackets,"tsung_controller@ip-172-31-13-122"} 1 5725.0 0.0 8405 2020 4928.1 20
stats: {sentpackets,"tsung_controller@ip-172-31-13-122"} 1 2361.0 0.0 3942 802 2428.55 20
stats: {cpu,"tsung_controller@ip-172-31-13-122"} 1 2.4582104228121926 0.0 9.282296650717702 1.5794669299111548 3.9803874016478242 21
stats: session 3 156752.51098632813 16302.821830920979 170555.11596679688 8555.072021484375 45455.79937124399 325
stats: users_count 0 427
stats: finish_users_count 3 328
stats: request 20 58654.63934326172 4517.555740991528 69237.71313476563 0.62890625 2821.031784054587 5035
stats: connect 0 0 0 114.191162109375 0.509033203125 0.9591467542447307 427
stats: page 20 58654.63934326172 4517.555740991528 69237.71313476563 0.62890625 2821.031784054587 5035
stats: 200 20 560
stats: size_rcv 7159116 145862523
stats: newphase 0 3
stats: size_sent 5701 1326730
stats: connected -3 99
stats: 503 0 4477
stats: 500 0 18
# stats: dump at 1480601534
stats: users 98 313
stats: {freemem,"tsung_controller@ip-172-31-13-122"} 1 3135.10546875 0.0 3160.78515625 3135.05859375 3143.172940340909 22
stats: {load,"tsung_controller@ip-172-31-13-122"} 1 0.0 0.0 0.0 0.0 0.0 22
stats: {recvpackets,"tsung_controller@ip-172-31-13-122"} 1 4671.0 0.0 8405 2020 4966.047619047619 21
stats: {sentpackets,"tsung_controller@ip-172-31-13-122"} 1 1994.0 0.0 3942 802 2425.3333333333335 21
stats: {cpu,"tsung_controller@ip-172-31-13-122"} 1 2.1653543307086616 0.0 9.282296650717702 1.5794669299111548 3.911197538973477 22
stats: session 1 138574.15795898438 0.0 170555.11596679688 8555.072021484375 46473.75709943074 328
stats: users_count 0 427
stats: finish_users_count 1 329
stats: request 12 62286.76873779297 3532.0590714207174 69237.71313476563 0.62890625 3041.9362650010053 5055
stats: connect 0 0 0 114.191162109375 0.509033203125 0.9591467542447307 427
stats: page 12 62286.76873779297 3532.0590714207174 69237.71313476563 0.62890625 3041.9362650010053 5055
stats: 200 11 571
stats: size_rcv 5367173 151229696
stats: newphase 0 3
stats: size_sent 7529 1334259
stats: connected -1 98
stats: 503 0 4477
stats: 500 1 19
# stats: dump at 1480601544
stats: users 98 313
stats: {freemem,"tsung_controller@ip-172-31-13-122"} 1 3135.1171875 0.0 3160.78515625 3135.05859375 3142.8221807065215 23
stats: {load,"tsung_controller@ip-172-31-13-122"} 1 0.0 0.0 0.0 0.0 0.0 23
stats: {recvpackets,"tsung_controller@ip-172-31-13-122"} 1 2809.0 0.0 8405 2020 4952.636363636364 22
stats: {sentpackets,"tsung_controller@ip-172-31-13-122"} 1 1193.0 0.0 3942 802 2405.7272727272725 22
stats: {cpu,"tsung_controller@ip-172-31-13-122"} 1 1.3820335636722607 0.0 9.282296650717702 1.3820335636722607 3.8352913125271813 23
stats: session 0 0 0 170555.11596679688 8555.072021484375 46753.69752757528 329
stats: users_count 0 427
stats: finish_users_count 0 329
stats: request 19 65576.85413240132 3275.21735544556 71922.97192382813 0.62890625 3182.243742734083 5067
stats: connect 0 0 0 114.191162109375 0.509033203125 0.9591467542447307 427
stats: page 19 65576.85413240132 3275.21735544556 71922.97192382813 0.62890625 3182.243742734083 5067
stats: 200 19 590
stats: size_rcv 5533366 156763062
stats: newphase 0 3
stats: size_sent 7112 1341371
stats: connected 0 98
stats: 503 0 4477
stats: 500 0 19
# stats: dump at 1480601554
stats: users 96 313
stats: {freemem,"tsung_controller@ip-172-31-13-122"} 1 3135.125 0.0 3160.78515625 3135.05859375 3142.5011393229165 24
stats: {load,"tsung_controller@ip-172-31-13-122"} 1 0.0 0.0 0.0 0.0 0.0 24
stats: {recvpackets,"tsung_controller@ip-172-31-13-122"} 1 3132.0 0.0 8405 2020 4859.434782608696 23
stats: {sentpackets,"tsung_controller@ip-172-31-13-122"} 1 1411.0 0.0 3942 802 2352.9999999999995 23
stats: {cpu,"tsung_controller@ip-172-31-13-122"} 1 1.87192118226601 0.0 9.282296650717702 1.3820335636722607 3.733072239658226 24
stats: session 2 145967.67358398438 8282.452392578125 170555.11596679688 8555.072021484375 46753.69752757528 329
stats: users_count 0 427
stats: finish_users_count 2 331
stats: request 16 67964.88763427736 5385.585208867286 79298.88793945313 0.62890625 3415.33410793339 5086
stats: connect 0 0 0 114.191162109375 0.509033203125 0.9591467542447307 427
stats: page 16 67964.88763427736 5385.585208867286 79298.88793945313 0.62890625 3415.33410793339 5086
stats: 200 16 606
stats: size_rcv 3769557 160532619
stats: newphase 0 3
stats: size_sent 7964 1349335
stats: connected -2 96
stats: 503 0 4477
stats: 500 1 20
# stats: dump at 1480601564
stats: users 88 313
stats: {freemem,"tsung_controller@ip-172-31-13-122"} 1 3134.98046875 0.0 3160.78515625 3134.98046875 3142.20609375 25
stats: {load,"tsung_controller@ip-172-31-13-122"} 1 0.0 0.0 0.0 0.0 0.0 25
stats: {recvpackets,"tsung_controller@ip-172-31-13-122"} 1 4033.0 0.0 8405 2020 4787.458333333333 24
stats: {sentpackets,"tsung_controller@ip-172-31-13-122"} 1 1540.0 0.0 3942 802 2313.7499999999995 24
stats: {cpu,"tsung_controller@ip-172-31-13-122"} 1 2.0689655172413794 0.0 9.282296650717702 1.3820335636722607 3.6586261973625374 25
stats: session 8 160770.51858520508 23914.938341939418 204569.044921875 8555.072021484375 47353.17774543878 331
stats: users_count 0 427
stats: finish_users_count 8 339
stats: request 35 55517.458168247766 8499.103390759974 79298.88793945313 0.62890625 3617.7631272241592 5102
stats: connect 0 0 0 114.191162109375 0.509033203125 0.9591467542447307 427
stats: page 35 55517.458168247766 8499.103390759974 79298.88793945313 0.62890625 3617.7631272241592 5102
stats: 200 33 639
stats: size_rcv 3924206 164456825
stats: newphase 0 3
stats: size_sent 7571 1356906
stats: connected -8 88
stats: 503 0 4477
stats: 500 1 21
# stats: dump at 1480601574
stats: users 81 313
stats: {freemem,"tsung_controller@ip-172-31-13-122"} 1 3135.01953125 0.0 3160.78515625 3134.98046875 3141.928185096154 26
stats: {load,"tsung_controller@ip-172-31-13-122"} 1 0.0703125 0.0 0.0703125 0.0 0.0 26
stats: {recvpackets,"tsung_controller@ip-172-31-13-122"} 1 4397.0 0.0 8405 2020 4757.28 25
stats: {sentpackets,"tsung_controller@ip-172-31-13-122"} 1 1586.0 0.0 3942 802 2282.7999999999993 25
stats: {cpu,"tsung_controller@ip-172-31-13-122"} 1 2.066929133858268 0.0 9.282296650717702 1.3820335636722607 3.597485401973262 26
stats: session 7 176480.17546735491 33547.766065537195 251545.05517578125 8555.072021484375 50029.69316348636 339
stats: users_count 0 427
stats: finish_users_count 7 346
stats: request 31 41593.222175844254 11499.353365166304 79298.88793945313 0.62890625 3971.372106479722 5137
stats: connect 0 0 0 114.191162109375 0.509033203125 0.9591467542447307 427
stats: page 31 41593.222175844254 11499.353365166304 79298.88793945313 0.62890625 3971.372106479722 5137
stats: 200 29 668
stats: size_rcv 7536820 171993645
stats: newphase 0 3
stats: size_sent 16415 1373321
stats: connected -7 81
stats: 503 0 4477
stats: 500 2 23
# stats: dump at 1480601584
stats: users 79 313
stats: {freemem,"tsung_controller@ip-172-31-13-122"} 1 3134.87890625 0.0 3160.78515625 3134.87890625 3141.672309027778 27
stats: {load,"tsung_controller@ip-172-31-13-122"} 1 0.05859375 0.0 0.0703125 0.0 0.0026041666666666665 27
stats: {recvpackets,"tsung_controller@ip-172-31-13-122"} 1 3879.0 0.0 8405 2020 4743.423076923077 26
stats: {sentpackets,"tsung_controller@ip-172-31-13-122"} 1 1751.0 0.0 3942 802 2255.9999999999995 26
stats: {cpu,"tsung_controller@ip-172-31-13-122"} 1 2.2615535889872174 0.0 9.282296650717702 1.3820335636722607 3.540798132783818 27
stats: session 2 175957.623046875 171.402099609375 251545.05517578125 8555.072021484375 52587.939915298724 346
stats: users_count 0 427
stats: finish_users_count 2 348
stats: request 11 41356.49309747869 9061.183767484774 79298.88793945313 0.62890625 4197.044968737907 5168
stats: connect 0 0 0 114.191162109375 0.509033203125 0.9591467542447307 427
stats: page 11 41356.49309747869 9061.183767484774 79298.88793945313 0.62890625 4197.044968737907 5168
stats: 200 11 679
stats: size_rcv 3047865 175041510
stats: newphase 0 3
stats: size_sent 5250 1378571
stats: connected -2 79
stats: 503 0 4477
stats: 500 0 23
# stats: dump at 1480601594
stats: users 77 313
stats: {freemem,"tsung_controller@ip-172-31-13-122"} 1 3134.91796875 0.0 3160.78515625 3134.87890625 3141.4296875 28
stats: {load,"tsung_controller@ip-172-31-13-122"} 1 0.05078125 0.0 0.0703125 0.0 0.004603794642857143 28
stats: {recvpackets,"tsung_controller@ip-172-31-13-122"} 1 1222.0 0.0 8405 1222 4711.407407407408 27
stats: {sentpackets,"tsung_controller@ip-172-31-13-122"} 1 525.0 0.0 3942 525 2237.2962962962956 27
stats: {cpu,"tsung_controller@ip-172-31-13-122"} 1 1.282051282051282 0.0 9.282296650717702 1.282051282051282 3.495110827648225 28
stats: session 2 198816.99243164063 21270.883544921875 251545.05517578125 8555.072021484375 53296.96108272158 348
stats: users_count 0 427
stats: finish_users_count 2 350
stats: request 18 38554.482259114586 3768.187422799851 79298.88793945313 0.62890625 4275.970230258693 5179
stats: connect 0 0 0 114.191162109375 0.509033203125 0.9591467542447307 427
stats: page 18 38554.482259114586 3768.187422799851 79298.88793945313 0.62890625 4275.970230258693 5179
stats: 200 18 697
stats: size_rcv 3433823 178475333
stats: newphase 0 3
stats: size_sent 7034 1385605
stats: connected -1 78
stats: 503 0 4477
stats: 500 0 23
# stats: dump at 1480601604
stats: users 76 313
stats: {freemem,"tsung_controller@ip-172-31-13-122"} 1 3134.91796875 0.0 3160.78515625 3134.87890625 3141.205145474138 29
stats: {load,"tsung_controller@ip-172-31-13-122"} 1 0.0390625 0.0 0.0703125 0.0 0.006196120689655173 29
stats: {recvpackets,"tsung_controller@ip-172-31-13-122"} 1 2932.0 0.0 8405 1222 4586.785714285715 28
stats: {sentpackets,"tsung_controller@ip-172-31-13-122"} 1 976.0 0.0 3942 525 2176.1428571428564 28
stats: {cpu,"tsung_controller@ip-172-31-13-122"} 1 1.6765285996055226 0.0 9.282296650717702 1.282051282051282 3.4187984295241924 29
stats: session 1 251950.16796875 0.0 251950.16796875 8555.072021484375 54128.50411900112 350
stats: users_count 0 427
stats: finish_users_count 1 351
stats: request 11 43020.224609375 4755.016752121104 79298.88793945313 0.62890625 4394.695113175646 5197
stats: connect 0 0 0 114.191162109375 0.509033203125 0.9591467542447307 427
stats: page 11 43020.224609375 4755.016752121104 79298.88793945313 0.62890625 4394.695113175646 5197
stats: 200 11 708
stats: size_rcv 6095828 184571161
stats: newphase 0 3
stats: size_sent 4279 1389884
stats: connected -2 76
stats: 503 0 4477
stats: 500 0 23
# stats: dump at 1480601614
stats: users 74 313
stats: {freemem,"tsung_controller@ip-172-31-13-122"} 1 3134.9375 0.0 3160.78515625 3134.87890625 3140.995572916667 30
stats: {load,"tsung_controller@ip-172-31-13-122"} 1 0.0390625 0.0 0.0703125 0.0 0.007291666666666667 30
stats: {recvpackets,"tsung_controller@ip-172-31-13-122"} 1 3106.0 0.0 8405 1222 4529.724137931034 29
stats: {sentpackets,"tsung_controller@ip-172-31-13-122"} 1 1357.0 0.0 3942 525 2134.7586206896544 29
stats: {cpu,"tsung_controller@ip-172-31-13-122"} 1 2.0648967551622417 0.0 9.282296650717702 1.282051282051282 3.3607227685269034 30
stats: session 2 216851.1875 13545.989501953125 251950.16796875 8555.072021484375 54692.098602903534 351
stats: users_count 0 427
stats: finish_users_count 2 353
stats: request 10 48408.2927734375 932.7513457188043 79298.88793945313 0.62890625 4476.277452741351 5208
stats: connect 0 0 0 114.191162109375 0.509033203125 0.9591467542447307 427
stats: page 10 48408.2927734375 932.7513457188043 79298.88793945313 0.62890625 4476.277452741351 5208
stats: 200 9 717
stats: size_rcv 2415936 186987097
stats: newphase 0 3
stats: size_sent 3380 1393264
stats: connected -2 74
stats: 503 0 4477
stats: 500 1 24
# stats: dump at 1480601624
stats: users 73 313
stats: {freemem,"tsung_controller@ip-172-31-13-122"} 1 3134.9453125 0.0 3160.78515625 3134.87890625 3140.8001512096776 31
stats: {load,"tsung_controller@ip-172-31-13-122"} 1 0.03125 0.0 0.0703125 0.0 0.008316532258064516 31
stats: {recvpackets,"tsung_controller@ip-172-31-13-122"} 1 2.7e3 0.0 8405 1222 4482.266666666666 30
stats: {sentpackets,"tsung_controller@ip-172-31-13-122"} 1 1148.0 0.0 3942 525 2108.8333333333326 30
stats: {cpu,"tsung_controller@ip-172-31-13-122"} 1 1.5810276679841897 0.0 9.282296650717702 1.282051282051282 3.3189219293861076 31
stats: session 1 195987.13598632813 0.0 251950.16796875 8555.072021484375 55610.84698192391 353
stats: users_count 0 427
stats: finish_users_count 1 354
stats: request 13 52764.68413837139 3042.36964349174 79298.88793945313 0.62890625 4560.470659565222 5218
stats: connect 0 0 0 114.191162109375 0.509033203125 0.9591467542447307 427
stats: page 13 52764.68413837139 3042.36964349174 79298.88793945313 0.62890625 4560.470659565222 5218
stats: 200 13 730
stats: size_rcv 5145665 192132762
stats: newphase 0 3
stats: size_sent 6215 1399479
stats: connected -1 73
stats: 503 0 4477
stats: 500 0 24
# stats: dump at 1480601634
stats: users 72 313
stats: {freemem,"tsung_controller@ip-172-31-13-122"} 1 3134.8046875 0.0 3160.78515625 3134.8046875 3140.6171875 32
stats: {load,"tsung_controller@ip-172-31-13-122"} 1 0.03125 0.0 0.0703125 0.0 0.009033203125 32
stats: {recvpackets,"tsung_controller@ip-172-31-13-122"} 1 4177.0 0.0 8405 1222 4424.774193548387 31
stats: {sentpackets,"tsung_controller@ip-172-31-13-122"} 1 1689.0 0.0 3942 525 2077.8387096774186 31
stats: {cpu,"tsung_controller@ip-172-31-13-122"} 1 2.0648967551622417 0.0 9.282296650717702 1.282051282051282 3.2646127337172977 32
stats: session 1 248171.548828125 0.0 251950.16796875 8555.072021484375 56007.39017120189 354
stats: users_count 0 427
stats: finish_users_count 1 355
stats: request 8 58399.1725769043 2234.978509347325 79298.88793945313 0.62890625 4680.267022636238 5231
stats: connect 0 0 0 114.191162109375 0.509033203125 0.9591467542447307 427
stats: page 8 58399.1725769043 2234.978509347325 79298.88793945313 0.62890625 4680.267022636238 5231
stats: 200 6 736
stats: size_rcv 2361524 194494286
stats: newphase 0 3
stats: size_sent 3774 1403253
stats: connected -1 72
stats: 503 0 4477
stats: 500 2 26
# stats: dump at 1480601644
stats: users 68 313
stats: {freemem,"tsung_controller@ip-172-31-13-122"} 1 3134.84375 0.0 3160.78515625 3134.8046875 3140.4410511363635 33
stats: {load,"tsung_controller@ip-172-31-13-122"} 1 0.01953125 0.0 0.0703125 0.0 0.009706439393939394 33
stats: {recvpackets,"tsung_controller@ip-172-31-13-122"} 1 3440.0 0.0 8405 1222 4417.03125 32
stats: {sentpackets,"tsung_controller@ip-172-31-13-122"} 1 1515.0 0.0 3942 525 2065.687499999999 32
stats: {cpu,"tsung_controller@ip-172-31-13-122"} 1 1.7751479289940828 0.0 9.282296650717702 1.282051282051282 3.228257704064114 33
stats: session 4 241652.6300048828 20726.541820880193 276654.14404296875 8555.072021484375 56548.69766037632 355
stats: users_count 0 427
stats: finish_users_count 4 359
stats: request 26 57374.447716346156 6346.167007475714 79298.88793945313 0.62890625 4762.296273339453 5239
stats: connect 0 0 0 114.191162109375 0.509033203125 0.9591467542447307 427
stats: page 26 57374.447716346156 6346.167007475714 79298.88793945313 0.62890625 4762.296273339453 5239
stats: 200 26 762
stats: size_rcv 7065859 201560145
stats: newphase 0 3
stats: size_sent 10864 1414117
stats: connected -4 68
stats: 503 0 4477
stats: 500 0 26
# stats: dump at 1480601654
stats: users 61 313
stats: {freemem,"tsung_controller@ip-172-31-13-122"} 1 3134.8359375 0.0 3160.78515625 3134.8046875 3140.276424632353 34
stats: {load,"tsung_controller@ip-172-31-13-122"} 1 0.08984375 0.0 0.08984375 0.0 0.009995404411764705 34
stats: {recvpackets,"tsung_controller@ip-172-31-13-122"} 1 1767.0 0.0 8405 1222 4387.424242424242 33
stats: {sentpackets,"tsung_controller@ip-172-31-13-122"} 1 729.0 0.0 3942 525 2048.999999999999 33
stats: {cpu,"tsung_controller@ip-172-31-13-122"} 1 1.671583087512291 0.0 9.282296650717702 1.282051282051282 3.185519181267937 34
stats: session 7 270226.60599190847 21068.421279017908 299063.2858886719 8555.072021484375 58611.13701797528 359
stats: users_count 0 427
stats: finish_users_count 7 366
stats: request 24 47898.13243611654 9963.976784770344 79298.88793945313 0.62890625 5022.109366885165 5265
stats: connect 0 0 0 114.191162109375 0.509033203125 0.9591467542447307 427
stats: page 24 47898.13243611654 9963.976784770344 79298.88793945313 0.62890625 5022.109366885165 5265
stats: 200 23 785
stats: size_rcv 3992768 205552913
stats: newphase 0 3
stats: size_sent 6646 1420763
stats: connected -7 61
stats: 503 0 4477
stats: 500 1 27
# stats: dump at 1480601664
stats: users 59 313
stats: {freemem,"tsung_controller@ip-172-31-13-122"} 1 3134.6171875 0.0 3160.78515625 3134.6171875 3140.120982142857 35
stats: {load,"tsung_controller@ip-172-31-13-122"} 1 0.078125 0.0 0.08984375 0.0 0.012276785714285714 35
stats: {recvpackets,"tsung_controller@ip-172-31-13-122"} 1 4012.0 0.0 8405 1222 4310.35294117647 34
stats: {sentpackets,"tsung_controller@ip-172-31-13-122"} 1 1190.0 0.0 3942 525 2010.1764705882345 34
stats: {cpu,"tsung_controller@ip-172-31-13-122"} 1 1.7786561264822136 0.0 9.282296650717702 1.282051282051282 3.1422638643034895 35
stats: session 2 310848.2043457031 21850.967529296875 332699.171875 8555.072021484375 62658.42740818712 366
stats: users_count 0 427
stats: finish_users_count 2 368
stats: request 16 42302.649337768555 10575.988002948261 79298.88793945313 0.62890625 5216.668745531706 5289
stats: connect 0 0 0 114.191162109375 0.509033203125 0.9591467542447307 427
stats: page 16 42302.649337768555 10575.988002948261 79298.88793945313 0.62890625 5216.668745531706 5289
stats: 200 16 801
stats: size_rcv 4386768 209939681
stats: newphase 0 3
stats: size_sent 6680 1427443
stats: connected -2 59
stats: 503 0 4477
stats: 500 0 27
# stats: dump at 1480601674
stats: users 55 313
stats: {freemem,"tsung_controller@ip-172-31-13-122"} 1 3134.66015625 0.0 3160.78515625 3134.6171875 3139.9680989583335 36
stats: {load,"tsung_controller@ip-172-31-13-122"} 1 0.0703125 0.0 0.08984375 0.0 0.014105902777777778 36
stats: {recvpackets,"tsung_controller@ip-172-31-13-122"} 1 2464.0 0.0 8405 1222 4301.828571428571 35
stats: {sentpackets,"tsung_controller@ip-172-31-13-122"} 1 925.0 0.0 3942 525 1986.7428571428563 35
stats: {cpu,"tsung_controller@ip-172-31-13-122"} 1 1.6748768472906401 0.0 9.282296650717702 1.282051282051282 3.104385871586232 36
stats: session 4 284580.4264526367 29920.708345350544 332699.171875 8555.072021484375 64007.28489154318 368
stats: users_count 0 427
stats: finish_users_count 4 372
stats: request 25 32075.75447265625 6126.032122847222 79298.88793945313 0.62890625 5328.520901889065 5305
stats: connect 0 0 0 114.191162109375 0.509033203125 0.9591467542447307 427
stats: page 25 32075.75447265625 6126.032122847222 79298.88793945313 0.62890625 5328.520901889065 5305
stats: 200 25 826
stats: size_rcv 5241554 215181235
stats: newphase 0 3
stats: size_sent 8921 1436364
stats: connected -4 55
stats: 503 0 4477
stats: 500 0 27
# stats: dump at 1480601684
stats: users 48 313
stats: {freemem,"tsung_controller@ip-172-31-13-122"} 1 3134.703125 0.0 3160.78515625 3134.6171875 3139.8246410472975 37
stats: {load,"tsung_controller@ip-172-31-13-122"} 1 0.05859375 0.0 0.08984375 0.0 0.015625 37
stats: {recvpackets,"tsung_controller@ip-172-31-13-122"} 1 6015.0 0.0 8405 1222 4250.777777777777 36
stats: {sentpackets,"tsung_controller@ip-172-31-13-122"} 1 2615.0 0.0 3942 525 1957.249999999999 36
stats: {cpu,"tsung_controller@ip-172-31-13-122"} 1 2.274975272007913 0.0 9.282296650717702 1.282051282051282 3.065750492551216 37
stats: session 7 282691.02413504466 21821.390015699842 332699.171875 8555.072021484375 66379.03910187753 372
stats: users_count 0 427
stats: finish_users_count 7 379
stats: request 26 25885.397564227766 7248.375937505891 79298.88793945313 0.62890625 5453.976969294164 5330
stats: connect 0 0 0 114.191162109375 0.509033203125 0.9591467542447307 427
stats: page 26 25885.397564227766 7248.375937505891 79298.88793945313 0.62890625 5453.976969294164 5330
stats: 200 26 852
stats: size_rcv 6228841 221410076
stats: newphase 0 3
stats: size_sent 9416 1445780
stats: connected -7 48
stats: 503 0 4477
stats: 500 0 27
# stats: dump at 1480601694
stats: users 46 313
stats: {freemem,"tsung_controller@ip-172-31-13-122"} 1 3134.58203125 0.0 3160.78515625 3134.58203125 3139.689864309211 38
stats: {load,"tsung_controller@ip-172-31-13-122"} 1 0.05078125 0.0 0.08984375 0.0 0.01675575657894737 38
stats: {recvpackets,"tsung_controller@ip-172-31-13-122"} 1 3566.0 0.0 8405 1222 4298.459459459459 37
stats: {sentpackets,"tsung_controller@ip-172-31-13-122"} 1 1547.0 0.0 3942 525 1975.0270270270262 37
stats: {cpu,"tsung_controller@ip-172-31-13-122"} 1 1.8737672583826428 0.0 9.282296650717702 1.282051282051282 3.044940618326392 38
stats: session 2 335280.95446777344 34873.20153808594 370154.1560058594 8555.072021484375 70374.24726871702 379
stats: users_count 0 427
stats: finish_users_count 2 381
stats: request 16 24449.960174560547 6781.149312275707 79298.88793945313 0.62890625 5553.158622667627 5356
stats: connect 0 0 0 114.191162109375 0.509033203125 0.9591467542447307 427
stats: page 16 24449.960174560547 6781.149312275707 79298.88793945313 0.62890625 5553.158622667627 5356
stats: 200 16 868
stats: size_rcv 7006848 228416924
stats: newphase 0 3
stats: size_sent 6578 1452358
stats: connected -2 46
stats: 503 0 4477
stats: 500 0 27
# stats: dump at 1480601704
stats: users 42 313
stats: {freemem,"tsung_controller@ip-172-31-13-122"} 1 3134.62890625 0.0 3160.78515625 3134.58203125 3139.5588942307695 39
stats: {load,"tsung_controller@ip-172-31-13-122"} 1 0.0390625 0.0 0.08984375 0.0 0.017628205128205128 39
stats: {recvpackets,"tsung_controller@ip-172-31-13-122"} 1 4509.0 0.0 8405 1222 4279.184210526316 38
stats: {sentpackets,"tsung_controller@ip-172-31-13-122"} 1 1998.0 0.0 3942 525 1963.763157894736 38
stats: {cpu,"tsung_controller@ip-172-31-13-122"} 1 2.263779527559055 0.0 9.282296650717702 1.282051282051282 3.014910532173988 39
stats: session 4 326126.91522216797 29483.535191797873 370154.1560058594 8555.072021484375 71764.83365821338 381
stats: users_count 0 427
stats: finish_users_count 4 385
stats: request 22 24189.794999556107 4184.493296907033 79298.88793945313 0.62890625 5609.440980230972 5372
stats: connect 0 0 0 114.191162109375 0.509033203125 0.9591467542447307 427
stats: page 22 24189.794999556107 4184.493296907033 79298.88793945313 0.62890625 5609.440980230972 5372
stats: 200 21 889
stats: size_rcv 5104760 233521684
stats: newphase 0 3
stats: size_sent 7066 1459424
stats: connected -4 42
stats: 503 0 4477
stats: 500 1 28
# stats: dump at 1480601714
stats: users 41 313
stats: {freemem,"tsung_controller@ip-172-31-13-122"} 1 3134.640625 0.0 3160.78515625 3134.58203125 3139.4356445312505 40
stats: {load,"tsung_controller@ip-172-31-13-122"} 1 0.03125 0.0 0.08984375 0.0 0.0181640625 40
stats: {recvpackets,"tsung_controller@ip-172-31-13-122"} 1 2173.0 0.0 8405 1222 4285.076923076923 39
stats: {sentpackets,"tsung_controller@ip-172-31-13-122"} 1 890.0 0.0 3942 525 1964.641025641025 39
stats: {cpu,"tsung_controller@ip-172-31-13-122"} 1 1.4807502467917077 0.0 9.282296650717702 1.282051282051282 2.9961322570586146 40
stats: session 1 371295.1379394531 0.0 371295.1379394531 8555.072021484375 74407.55658355316 385
stats: users_count 0 427
stats: finish_users_count 1 386
stats: request 20 21301.78466796875 6218.735037365391 79298.88793945313 0.62890625 5685.2229209846155 5394
stats: connect 0 0 0 114.191162109375 0.509033203125 0.9591467542447307 427
stats: page 20 21301.78466796875 6218.735037365391 79298.88793945313 0.62890625 5685.2229209846155 5394
stats: 200 19 908
stats: size_rcv 4562016 238083700
stats: newphase 0 3
stats: size_sent 11374 1470798
stats: connected -1 41
stats: 503 0 4477
stats: 500 1 29
# stats: dump at 1480601724
stats: users 39 313
stats: {freemem,"tsung_controller@ip-172-31-13-122"} 1 3134.640625 0.0 3160.78515625 3134.58203125 3139.3186928353666 41
stats: {load,"tsung_controller@ip-172-31-13-122"} 1 0.03125 0.0 0.08984375 0.0 0.018483231707317072 41
stats: {recvpackets,"tsung_controller@ip-172-31-13-122"} 1 4297.0 0.0 8405 1222 4232.275 40
stats: {sentpackets,"tsung_controller@ip-172-31-13-122"} 1 1778.0 0.0 3942 525 1937.7749999999992 40
stats: {cpu,"tsung_controller@ip-172-31-13-122"} 1 1.8756169792694966 0.0 9.282296650717702 1.282051282051282 2.959171720222837 41
stats: session 2 320288.62756347656 632.4715576171875 371295.1379394531 8555.072021484375 75176.695395356 386
stats: users_count 0 427
stats: finish_users_count 2 388
stats: request 11 24287.596590909092 6026.000202491415 79298.88793945313 0.62890625 5742.912473060655 5414
stats: connect 0 0 0 114.191162109375 0.509033203125 0.9591467542447307 427
stats: page 11 24287.596590909092 6026.000202491415 79298.88793945313 0.62890625 5742.912473060655 5414
stats: 200 11 919
stats: size_rcv 4229586 242313286
stats: newphase 0 3
stats: size_sent 4320 1475118
stats: connected -2 39
stats: 503 0 4477
stats: 500 0 29
# stats: dump at 1480601734
stats: users 35 313
stats: {freemem,"tsung_controller@ip-172-31-13-122"} 1 3134.50390625 0.0 3160.78515625 3134.50390625 3139.207310267858 42
stats: {load,"tsung_controller@ip-172-31-13-122"} 1 0.01953125 0.0 0.08984375 0.0 0.01878720238095238 42
stats: {recvpackets,"tsung_controller@ip-172-31-13-122"} 1 2731.0 0.0 8405 1222 4233.8536585365855 41
stats: {sentpackets,"tsung_controller@ip-172-31-13-122"} 1 1214.0 0.0 3942 525 1933.878048780487 41
stats: {cpu,"tsung_controller@ip-172-31-13-122"} 1 1.7733990147783252 0.0 9.282296650717702 1.282051282051282 2.9333727978191857 42
stats: session 4 343957.01177978516 25445.069835147897 373248.4541015625 8555.072021484375 76440.15896323291 388
stats: users_count 0 427
stats: finish_users_count 4 392
stats: request 15 22860.85672200521 2593.3672784536457 79298.88793945313 0.62890625 5780.514597539242 5425
stats: connect 0 0 0 114.191162109375 0.509033203125 0.9591467542447307 427
stats: page 15 22860.85672200521 2593.3672784536457 79298.88793945313 0.62890625 5780.514597539242 5425
stats: 200 15 934
stats: size_rcv 3398486 245711772
stats: newphase 0 3
stats: size_sent 5157 1480275
stats: connected -4 35
stats: 503 0 4477
stats: 500 0 29
# stats: dump at 1480601744
stats: users 34 313
stats: {freemem,"tsung_controller@ip-172-31-13-122"} 1 3134.39453125 0.0 3160.78515625 3134.39453125 3139.0979287790706 43
stats: {load,"tsung_controller@ip-172-31-13-122"} 1 0.01953125 0.0 0.08984375 0.0 0.018804505813953487 43
stats: {recvpackets,"tsung_controller@ip-172-31-13-122"} 1 4406.0 0.0 8405 1222 4198.071428571428 42
stats: {sentpackets,"tsung_controller@ip-172-31-13-122"} 1 1570.0 0.0 3942 525 1916.7380952380945 42
stats: {cpu,"tsung_controller@ip-172-31-13-122"} 1 1.8682399213372665 0.0 9.282296650717702 1.282051282051282 2.9063966633298635 43
stats: session 1 329607.2487792969 0.0 373248.4541015625 8555.072021484375 79169.92276748345 392
stats: users_count 0 427
stats: finish_users_count 1 393
stats: request 8 29265.093200683594 3712.909215963048 79298.88793945313 0.62890625 5827.611129132439 5440
stats: connect 0 0 0 114.191162109375 0.509033203125 0.9591467542447307 427
stats: page 8 29265.093200683594 3712.909215963048 79298.88793945313 0.62890625 5827.611129132439 5440
stats: 200 8 942
stats: size_rcv 5240221 250951993
stats: newphase 0 3
stats: size_sent 3846 1484121
stats: connected -1 34
stats: 503 0 4477
stats: 500 0 29
# stats: dump at 1480601754
stats: users 26 313
stats: {freemem,"tsung_controller@ip-172-31-13-122"} 1 3139.87890625 0.0 3160.78515625 3134.39453125 3138.9910333806824 44
stats: {load,"tsung_controller@ip-172-31-13-122"} 1 0.01953125 0.0 0.08984375 0.0 0.018821022727272728 44
stats: {recvpackets,"tsung_controller@ip-172-31-13-122"} 1 3501.0 0.0 8405 1222 4202.906976744186 43
stats: {sentpackets,"tsung_controller@ip-172-31-13-122"} 1 1522.0 0.0 3942 525 1908.6744186046506 43
stats: {cpu,"tsung_controller@ip-172-31-13-122"} 1 1.7716535433070866 0.0 9.282296650717702 1.282051282051282 2.882802191920941 44
stats: session 8 357425.8020629883 25557.303741610973 408030.18017578125 8555.072021484375 79807.16787183922 393
stats: users_count 0 427
stats: finish_users_count 8 401
stats: request 36 18300.625006781684 9962.5505456553 79298.88793945313 0.62890625 5862.027402365259 5448
stats: connect 0 0 0 114.191162109375 0.509033203125 0.9591467542447307 427
stats: page 36 18300.625006781684 9962.5505456553 79298.88793945313 0.62890625 5862.027402365259 5448
stats: 200 36 978
stats: size_rcv 7178436 258130429
stats: newphase 0 3
stats: size_sent 12740 1496861
stats: connected -8 26
stats: 503 0 4477
stats: 500 0 29
# stats: dump at 1480601764
stats: users 23 313
stats: {freemem,"tsung_controller@ip-172-31-13-122"} 1 3140.16796875 0.0 3160.78515625 3134.39453125 3139.0107638888894 45
stats: {load,"tsung_controller@ip-172-31-13-122"} 1 0.01171875 0.0 0.08984375 0.0 0.018836805555555555 45
stats: {recvpackets,"tsung_controller@ip-172-31-13-122"} 1 3916.0 0.0 8405 1222 4186.954545454545 44
stats: {sentpackets,"tsung_controller@ip-172-31-13-122"} 1 1651.0 0.0 3942 525 1899.886363636363 44
stats: {cpu,"tsung_controller@ip-172-31-13-122"} 1 1.9723865877712032 0.0 9.282296650717702 1.282051282051282 2.8581099997295216 45
stats: session 3 345345.16357421875 7976.618651371306 408030.18017578125 8555.072021484375 85345.69423974244 401
stats: users_count 0 427
stats: finish_users_count 3 404
stats: request 13 15377.454552283654 9394.459722364905 79298.88793945313 0.62890625 5943.68121596099 5484
stats: connect 0 0 0 114.191162109375 0.509033203125 0.9591467542447307 427
stats: page 13 15377.454552283654 9394.459722364905 79298.88793945313 0.62890625 5943.68121596099 5484
stats: 200 13 991
stats: size_rcv 4349247 262479676
stats: newphase 0 3
stats: size_sent 5268 1502129
stats: connected -3 23
stats: 503 0 4477
stats: 500 0 29
# stats: dump at 1480601774
stats: users 18 313
stats: {freemem,"tsung_controller@ip-172-31-13-122"} 1 3140.21484375 0.0 3160.78515625 3134.39453125 3139.035920516305 46
stats: {load,"tsung_controller@ip-172-31-13-122"} 1 0.01171875 0.0 0.08984375 0.0 0.018682065217391304 46
stats: {recvpackets,"tsung_controller@ip-172-31-13-122"} 1 3646.0 0.0 8405 1222 4180.9333333333325 45
stats: {sentpackets,"tsung_controller@ip-172-31-13-122"} 1 1353.0 0.0 3942 525 1894.355555555555 45
stats: {cpu,"tsung_controller@ip-172-31-13-122"} 1 1.9646365422396856 0.0 9.282296650717702 1.282051282051282 2.8388551429478195 46
stats: session 5 383343.1576171875 20675.965614355966 410695.1520996094 8555.072021484375 87276.3833684638 404
stats: users_count 0 427
stats: finish_users_count 5 409
stats: request 24 10822.006846110025 6568.287584756413 79298.88793945313 0.62890625 5965.991394853512 5497
stats: connect 0 0 0 114.191162109375 0.509033203125 0.9591467542447307 427
stats: page 24 10822.006846110025 6568.287584756413 79298.88793945313 0.62890625 5965.991394853512 5497
stats: 200 25 1016
stats: size_rcv 5390964 267870640
stats: newphase 0 3
stats: size_sent 7687 1509816
stats: connected -5 18
stats: 503 0 4477
stats: 500 0 29
# stats: dump at 1480601784
stats: users 14 313
stats: {freemem,"tsung_controller@ip-172-31-13-122"} 1 3140.25390625 0.0 3160.78515625 3134.39453125 3139.0610039893622 47
stats: {load,"tsung_controller@ip-172-31-13-122"} 1 0.01171875 0.0 0.08984375 0.0 0.018533909574468085 47
stats: {recvpackets,"tsung_controller@ip-172-31-13-122"} 1 2626.0 0.0 8405 1222 4169.304347826086 46
stats: {sentpackets,"tsung_controller@ip-172-31-13-122"} 1 1208.0 0.0 3942 525 1882.5869565217386 46
stats: {cpu,"tsung_controller@ip-172-31-13-122"} 1 1.7733990147783252 0.0 9.282296650717702 1.282051282051282 2.8202547471880717 47
stats: session 4 389009.265625 30879.445424565336 428203.033203125 8555.072021484375 90895.78158666336 409
stats: users_count 0 427
stats: finish_users_count 4 413
stats: request 7 17126.333949497766 9361.856125692362 79298.88793945313 0.62890625 5987.100681365042 5521
stats: connect 0 0 0 114.191162109375 0.509033203125 0.9591467542447307 427
stats: page 7 17126.333949497766 9361.856125692362 79298.88793945313 0.62890625 5987.100681365042 5521
stats: 200 6 1022
stats: size_rcv 4126337 271996977
stats: newphase 0 3
stats: size_sent 2950 1512766
stats: connected -4 14
stats: 503 0 4477
stats: 500 0 29
# stats: dump at 1480601794
stats: users 4 313
stats: {freemem,"tsung_controller@ip-172-31-13-122"} 1 3140.2734375 0.0 3160.78515625 3134.39453125 3139.0858561197924 48
stats: {load,"tsung_controller@ip-172-31-13-122"} 1 0.01171875 0.0 0.08984375 0.0 0.018391927083333332 48
stats: {recvpackets,"tsung_controller@ip-172-31-13-122"} 1 3738.0 0.0 8405 1222 4136.468085106382 47
stats: {sentpackets,"tsung_controller@ip-172-31-13-122"} 1 1644.0 0.0 3942 525 1868.2340425531909 47
stats: {cpu,"tsung_controller@ip-172-31-13-122"} 1 1.8737672583826428 0.0 9.282296650717702 1.282051282051282 2.798445252762869 48
stats: session 10 386016.8509033203 13612.484909473602 428203.033203125 8555.072021484375 93783.07925289423 413
stats: users_count 0 427
stats: finish_users_count 10 423
stats: request 17 8953.590863396139 7422.430362941593 79298.88793945313 0.62890625 6001.206078050449 5528
stats: connect 0 0 0 114.191162109375 0.509033203125 0.9591467542447307 427
stats: page 17 8953.590863396139 7422.430362941593 79298.88793945313 0.62890625 6001.206078050449 5528
stats: 200 18 1040
stats: size_rcv 5546282 277543259
stats: newphase 0 3
stats: size_sent 2991 1515757
stats: connected -10 4
stats: 503 0 4477
stats: 500 0 29
# stats: dump at 1480601800
stats: users 0 313
stats: {freemem,"tsung_controller@ip-172-31-13-122"} 1 3140.51953125 0.0 3160.78515625 3134.39453125 3139.1100924744906 49
stats: {load,"tsung_controller@ip-172-31-13-122"} 1 0.01171875 0.0 0.08984375 0.0 0.018255739795918366 49
stats: {recvpackets,"tsung_controller@ip-172-31-13-122"} 1 2373.0 0.0 8405 1222 4128.166666666666 48
stats: {sentpackets,"tsung_controller@ip-172-31-13-122"} 1 1039.0 0.0 3942 525 1863.5624999999993 48
stats: {cpu,"tsung_controller@ip-172-31-13-122"} 1 1.6748768472906401 0.0 9.282296650717702 1.282051282051282 2.7795742732857214 49
stats: session 4 386407.63525390625 7055.711821126795 428203.033203125 8555.072021484375 100691.67905550476 423
stats: users_count 0 427
stats: finish_users_count 4 427
stats: request 6 4593.0578206380205 7143.316516515392 79298.88793945313 0.62890625 6010.257573334647 5545
stats: connect 0 0 0 114.191162109375 0.509033203125 0.9591467542447307 427
stats: page 6 4593.0578206380205 7143.316516515392 79298.88793945313 0.62890625 6010.257573334647 5545
stats: 200 5 1045
stats: size_rcv 1273816 278817075
stats: newphase 0 3
stats: size_sent 2020 1517777
stats: connected -4 0
stats: 503 0 4477
stats: 500 0 29
EndMonitor:{1480,601800,667511}
