# stats: dump at 1480574127
stats: users 0 1
stats: {freemem,"tsung_controller@ip-172-31-6-21"} 1 3166.046875 0 3166.046875 3166.046875 0 0
stats: {load,"tsung_controller@ip-172-31-6-21"} 1 0.1015625 0 0.1015625 0.1015625 0 0
stats: {cpu,"tsung_controller@ip-172-31-6-21"} 1 12.68934762281522 0 12.68934762281522 12.68934762281522 0 0
stats: session 13 18.047626201923073 30.095420090291768 122.1171875 8.43701171875 0 0
stats: users_count 13 13
stats: finish_users_count 13 13
stats: request 13 15.942758413461538 29.600368006822755 118.296875 6.489990234375 0 0
stats: connect 13 9.293719951923077 28.586692984761314 108.304931640625 0.779052734375 0 0
stats: page 13 15.942758413461538 29.600368006822755 118.296875 6.489990234375 0 0
stats: 200 13 13
stats: size_rcv 320072 320072
stats: size_sent 1807 1807
stats: connected 0 0
# stats: dump at 1480574137
stats: users 0 1
stats: {freemem,"tsung_controller@ip-172-31-6-21"} 1 3165.328125 0.0 3166.046875 3165.328125 3166.046875 1
stats: {load,"tsung_controller@ip-172-31-6-21"} 1 0.078125 0.0 0.1015625 0.078125 0.1015625 1
stats: {recvpackets,"tsung_controller@ip-172-31-6-21"} 1 286 0 286 286 0 0
stats: {sentpackets,"tsung_controller@ip-172-31-6-21"} 1 225 0 225 225 0 0
stats: {cpu,"tsung_controller@ip-172-31-6-21"} 1 1.9762845849802373 0.0 12.68934762281522 1.9762845849802373 12.68934762281522 1
stats: session 9 8.83620876736111 0.21868712246482513 122.1171875 8.43701171875 18.047626201923073 13
stats: users_count 9 22
stats: finish_users_count 9 22
stats: request 9 6.878607855902778 0.22906751446435258 118.296875 6.489990234375 15.942758413461538 13
stats: connect 9 0.9022352430555556 0.07961689192482638 108.304931640625 0.739990234375 9.293719951923077 13
stats: page 9 6.878607855902778 0.22906751446435258 118.296875 6.489990234375 15.942758413461538 13
stats: 200 9 22
stats: size_rcv 221589 541661
stats: size_sent 1251 3058
stats: connected 0 0
# stats: dump at 1480574147
stats: users 0 1
stats: {freemem,"tsung_controller@ip-172-31-6-21"} 1 3165.375 0.0 3166.046875 3165.328125 3165.6875 2
stats: {load,"tsung_controller@ip-172-31-6-21"} 1 0.0703125 0.0 0.1015625 0.0703125 0.08984375 2
stats: {recvpackets,"tsung_controller@ip-172-31-6-21"} 1 198.0 0.0 286 198 286.0 1
stats: {sentpackets,"tsung_controller@ip-172-31-6-21"} 1 165.0 0.0 225 165 225.0 1
stats: {cpu,"tsung_controller@ip-172-31-6-21"} 1 0.7920792079207921 0.0 12.68934762281522 0.7920792079207921 7.332816103897729 2
stats: session 8 8.68377685546875 0.1446533589423407 122.1171875 8.43701171875 14.27931906960227 22
stats: users_count 8 30
stats: finish_users_count 8 30
stats: request 8 6.715576171875 0.14749599823129927 118.296875 6.489990234375 12.234696821732955 22
stats: connect 8 0.843780517578125 0.056612525744336506 108.304931640625 0.73388671875 5.86083984375 22
stats: page 8 6.715576171875 0.14749599823129927 118.296875 6.489990234375 12.234696821732955 22
stats: 200 8 30
stats: size_rcv 196968 738629
stats: size_sent 1112 4170
stats: connected 0 0
# stats: dump at 1480574157
stats: users 0 1
stats: {freemem,"tsung_controller@ip-172-31-6-21"} 1 3165.390625 0.0 3166.046875 3165.328125 3165.5833333333335 3
stats: {load,"tsung_controller@ip-172-31-6-21"} 1 0.05859375 0.0 0.1015625 0.05859375 0.08333333333333333 3
stats: {recvpackets,"tsung_controller@ip-172-31-6-21"} 1 176.0 0.0 286 176 242.0 2
stats: {sentpackets,"tsung_controller@ip-172-31-6-21"} 1 140.0 0.0 225 140 195.0 2
stats: {cpu,"tsung_controller@ip-172-31-6-21"} 1 1.0869565217391304 0.0 12.68934762281522 0.7920792079207921 5.152570471905417 3
stats: session 10 9.3565185546875 1.8394595319628653 122.1171875 8.43701171875 12.787174479166664 30
stats: users_count 10 40
stats: finish_users_count 10 40
stats: request 10 7.47744140625 1.8246518854715148 118.296875 6.489990234375 10.762931315104167 30
stats: connect 10 0.885791015625 0.11131178351144382 108.304931640625 0.73388671875 4.522957356770833 30
stats: page 10 7.47744140625 1.8246518854715148 118.296875 6.489990234375 10.762931315104167 30
stats: 200 10 40
stats: size_rcv 246210 984839
stats: newphase 1 1
stats: size_sent 1390 5560
stats: connected 0 0
# stats: dump at 1480574167
stats: users 0 2
stats: {freemem,"tsung_controller@ip-172-31-6-21"} 1 3165.40625 0.0 3166.046875 3165.328125 3165.53515625 4
stats: {load,"tsung_controller@ip-172-31-6-21"} 1 0.05078125 0.0 0.1015625 0.05078125 0.0771484375 4
stats: {recvpackets,"tsung_controller@ip-172-31-6-21"} 1 244.0 0.0 286 176 220.0 3
stats: {sentpackets,"tsung_controller@ip-172-31-6-21"} 1 202.0 0.0 225 140 176.66666666666666 3
stats: {cpu,"tsung_controller@ip-172-31-6-21"} 1 0.8902077151335311 0.0 12.68934762281522 0.7920792079207921 4.136166984363845 4
stats: session 21 9.407540457589286 1.7865240851690687 122.1171875 7.759033203125 11.929510498046874 40
stats: users_count 21 61
stats: finish_users_count 21 61
stats: request 20 7.5067626953125 1.8105015212615985 118.296875 5.76611328125 9.941558837890625 40
stats: connect 20 1.0631835937500003 0.7691337976496556 108.304931640625 0.654052734375 3.613665771484375 40
stats: page 20 7.5067626953125 1.8105015212615985 118.296875 5.76611328125 9.941558837890625 40
stats: 200 20 60
stats: size_rcv 492420 1477259
stats: newphase 0 1
stats: size_sent 2780 8340
stats: connected 0 0
# stats: dump at 1480574177
stats: users 0 2
stats: {freemem,"tsung_controller@ip-172-31-6-21"} 1 3165.421875 0.0 3166.046875 3165.328125 3165.509375 5
stats: {load,"tsung_controller@ip-172-31-6-21"} 1 0.0390625 0.0 0.1015625 0.0390625 0.071875 5
stats: {recvpackets,"tsung_controller@ip-172-31-6-21"} 1 507.0 0.0 507 176 226.0 4
stats: {sentpackets,"tsung_controller@ip-172-31-6-21"} 1 394.0 0.0 394 140 183.0 4
stats: {cpu,"tsung_controller@ip-172-31-6-21"} 1 0.9900990099009901 0.0 12.68934762281522 0.7920792079207921 3.486975130517782 5
stats: session 18 8.751600477430555 0.20594425823572685 122.1171875 7.759033203125 11.061291303790984 61
stats: users_count 18 79
stats: finish_users_count 18 79
stats: request 18 6.78271484375 0.21652552947363665 118.296875 5.76611328125 9.129960123697916 60
stats: connect 18 0.8527425130208334 0.08216456524777735 108.304931640625 0.654052734375 2.763505045572917 60
stats: page 18 6.78271484375 0.21652552947363665 118.296875 5.76611328125 9.129960123697916 60
stats: 200 18 78
stats: size_rcv 443178 1920437
stats: newphase 0 1
stats: size_sent 2502 10842
stats: connected 0 0
# stats: dump at 1480574187
stats: users 0 2
stats: {freemem,"tsung_controller@ip-172-31-6-21"} 1 3165.44140625 0.0 3166.046875 3165.328125 3165.4947916666665 6
stats: {load,"tsung_controller@ip-172-31-6-21"} 1 0.0390625 0.0 0.1015625 0.0390625 0.06640625 6
stats: {recvpackets,"tsung_controller@ip-172-31-6-21"} 1 354.0 0.0 507 176 282.2 5
stats: {sentpackets,"tsung_controller@ip-172-31-6-21"} 1 294.0 0.0 394 140 225.2 5
stats: {cpu,"tsung_controller@ip-172-31-6-21"} 1 1.089108910891089 0.0 12.68934762281522 0.7920792079207921 3.0708291104149836 6
stats: session 30 9.355061848958334 1.4848704402469037 122.1171875 7.69482421875 10.535032634493671 79
stats: users_count 30 109
stats: finish_users_count 30 109
stats: request 30 7.393489583333333 1.5020136918895617 118.296875 5.68994140625 8.588288136017628 78
stats: connect 30 0.9390625 0.6371459732131182 108.304931640625 0.636962890625 2.3225598457532053 78
stats: page 30 7.393489583333333 1.5020136918895617 118.296875 5.68994140625 8.588288136017628 78
stats: 200 30 108
stats: size_rcv 738630 2659067
stats: newphase 1 2
stats: size_sent 4170 15012
stats: connected 0 0
# stats: dump at 1480574197
stats: users 0 2
stats: {freemem,"tsung_controller@ip-172-31-6-21"} 1 3165.44921875 0.0 3166.046875 3165.328125 3165.4871651785716 7
stats: {load,"tsung_controller@ip-172-31-6-21"} 1 0.03125 0.0 0.1015625 0.03125 0.0625 7
stats: {recvpackets,"tsung_controller@ip-172-31-6-21"} 1 817.0 0.0 817 176 294.1666666666667 6
stats: {sentpackets,"tsung_controller@ip-172-31-6-21"} 1 673.0 0.0 673 140 236.66666666666666 6
stats: {cpu,"tsung_controller@ip-172-31-6-21"} 1 1.288404360753221 0.0 12.68934762281522 0.7920792079207921 2.7877262247687127 7
stats: session 48 8.99732971191406 1.1009880324350987 122.1171875 7.69482421875 10.210270032970184 109
stats: users_count 48 157
stats: finish_users_count 48 157
stats: request 48 7.0475718180338545 1.1049392856476692 118.296875 5.68994140625 8.25639964916088 108
stats: connect 48 0.8024546305338541 0.07037777854357914 108.304931640625 0.636962890625 1.9382550274884258 108
stats: page 48 7.0475718180338545 1.1049392856476692 118.296875 5.68994140625 8.25639964916088 108
stats: 200 48 156
stats: size_rcv 1181808 3840875
stats: newphase 0 2
stats: size_sent 6672 21684
stats: connected 0 0
# stats: dump at 1480574207
stats: users 0 2
stats: {freemem,"tsung_controller@ip-172-31-6-21"} 1 3165.4453125 0.0 3166.046875 3165.328125 3165.482421875 8
stats: {load,"tsung_controller@ip-172-31-6-21"} 1 0.03125 0.0 0.1015625 0.03125 0.05859375 8
stats: {recvpackets,"tsung_controller@ip-172-31-6-21"} 1 1010.0 0.0 1010 176 368.85714285714283 7
stats: {sentpackets,"tsung_controller@ip-172-31-6-21"} 1 821.0 0.0 821 140 299.0 7
stats: {cpu,"tsung_controller@ip-172-31-6-21"} 1 1.8737672583826428 0.0 12.68934762281522 0.7920792079207921 2.6003109917667766 8
stats: session 43 8.862577216569774 0.8964262977351362 122.1171875 7.5458984375 9.83943477557723 157
stats: users_count 43 200
stats: finish_users_count 43 200
stats: request 44 6.906904740767046 0.8851460449491286 118.296875 5.465087890625 7.884452624198718 156
stats: connect 44 0.8652898615056818 0.11893282263856673 108.304931640625 0.636962890625 1.5887779822716346 156
stats: page 44 6.906904740767046 0.8851460449491286 118.296875 5.465087890625 7.884452624198718 156
stats: 200 44 200
stats: size_rcv 1083322 4924197
stats: newphase 0 2
stats: size_sent 6116 27800
stats: connected 0 0
# stats: dump at 1480574217
stats: users 0 2
stats: {freemem,"tsung_controller@ip-172-31-6-21"} 1 3163.63671875 0.0 3166.046875 3163.63671875 3165.4782986111113 9
stats: {load,"tsung_controller@ip-172-31-6-21"} 1 0.01953125 0.0 0.1015625 0.01953125 0.05555555555555555 9
stats: {recvpackets,"tsung_controller@ip-172-31-6-21"} 1 881.0 0.0 1010 176 449.0 8
stats: {sentpackets,"tsung_controller@ip-172-31-6-21"} 1 676.0 0.0 821 140 364.25 8
stats: {cpu,"tsung_controller@ip-172-31-6-21"} 1 1.8756169792694966 0.0 12.68934762281522 0.7920792079207921 2.5195839102796507 9
stats: session 80 9.252737426757813 1.2275268345855785 122.1171875 7.5458984375 9.629410400390626 200
stats: users_count 80 280
stats: finish_users_count 80 280
stats: request 78 7.267631335136218 1.2340265508693453 118.296875 5.465087890625 7.66939208984375 200
stats: connect 78 0.8511368189102564 0.24587529596815577 108.304931640625 0.598876953125 1.429610595703125 200
stats: page 78 7.267631335136218 1.2340265508693453 118.296875 5.465087890625 7.66939208984375 200
stats: 200 78 278
stats: size_rcv 1920438 6844635
stats: newphase 1 3
stats: size_sent 10842 38642
stats: connected 0 0
# stats: dump at 1480574227
stats: users 0 2
stats: {freemem,"tsung_controller@ip-172-31-6-21"} 1 3164.89453125 0.0 3166.046875 3163.63671875 3165.294140625 10
stats: {load,"tsung_controller@ip-172-31-6-21"} 1 0.01953125 0.0 0.1015625 0.01953125 0.051953125 10
stats: {recvpackets,"tsung_controller@ip-172-31-6-21"} 1 1.9e3 0.0 1900 176 497.0 9
stats: {sentpackets,"tsung_controller@ip-172-31-6-21"} 1 1530.0 0.0 1530 140 398.8888888888889 9
stats: {cpu,"tsung_controller@ip-172-31-6-21"} 1 2.571711177052423 0.0 12.68934762281522 0.7920792079207921 2.455187217178635 10
stats: session 84 10.09834507533482 2.1916144175298076 122.1171875 7.5458984375 9.52178955078125 280
stats: users_count 84 364
stats: finish_users_count 84 364
stats: request 86 8.12706667877908 2.177895161501258 118.296875 5.465087890625 7.556667849314299 278
stats: connect 86 0.9491790061773254 0.5446281049648969 108.304931640625 0.598876953125 1.2673050036533273 278
stats: page 86 8.12706667877908 2.177895161501258 118.296875 5.465087890625 7.556667849314299 278
stats: 200 86 364
stats: size_rcv 2117403 8962038
stats: newphase 0 3
stats: size_sent 11954 50596
stats: connected 0 0
# stats: dump at 1480574237
stats: users 0 2
stats: {freemem,"tsung_controller@ip-172-31-6-21"} 1 3164.88671875 0.0 3166.046875 3163.63671875 3165.2578125 11
stats: {load,"tsung_controller@ip-172-31-6-21"} 1 0.01953125 0.0 0.1015625 0.01953125 0.049005681818181816 11
stats: {recvpackets,"tsung_controller@ip-172-31-6-21"} 1 1828.0 0.0 1900 176 637.3 10
stats: {sentpackets,"tsung_controller@ip-172-31-6-21"} 1 1422.0 0.0 1530 140 512.0 10
stats: {cpu,"tsung_controller@ip-172-31-6-21"} 1 2.180376610505451 0.0 12.68934762281522 0.7920792079207921 2.4657803044398885 11
stats: session 69 9.447867130887678 1.6392203081485792 122.1171875 7.5458984375 9.654840825678228 364
stats: users_count 69 433
stats: finish_users_count 69 433
stats: request 68 7.350909064797794 1.1384735492352382 118.296875 5.465087890625 7.691432407924109 364
stats: connect 68 0.8305089613970589 0.08802213235101199 108.304931640625 0.598876953125 1.1921433668870192 364
stats: page 68 7.350909064797794 1.1384735492352382 118.296875 5.465087890625 7.691432407924109 364
stats: 200 68 432
stats: size_rcv 1674226 10636264
stats: newphase 0 3
stats: size_sent 9452 60048
stats: connected 0 0
# stats: dump at 1480574247
stats: users 0 3
stats: {freemem,"tsung_controller@ip-172-31-6-21"} 1 3164.7578125 0.0 3166.046875 3163.63671875 3165.2268880208335 12
stats: {load,"tsung_controller@ip-172-31-6-21"} 1 0.01171875 0.0 0.1015625 0.01171875 0.046549479166666664 12
stats: {recvpackets,"tsung_controller@ip-172-31-6-21"} 1 1784.0 0.0 1900 176 745.5454545454545 11
stats: {sentpackets,"tsung_controller@ip-172-31-6-21"} 1 1391.0 0.0 1530 140 594.7272727272727 11
stats: {cpu,"tsung_controller@ip-172-31-6-21"} 1 1.9860973187686197 0.0 12.68934762281522 0.7920792079207921 2.4419966632786854 12
stats: session 145 9.441635237068969 2.1145740030178253 122.1171875 6.89794921875 9.621858874314377 433
stats: users_count 145 578
stats: finish_users_count 145 578
stats: request 141 7.456797498337766 2.1117684146763374 118.296875 5.43115234375 7.637831511320893 432
stats: connect 141 0.7353446365248227 0.09149951099257986 108.304931640625 0.569091796875 1.1352194326895255 432
stats: page 141 7.456797498337766 2.1117684146763374 118.296875 5.43115234375 7.637831511320893 432
stats: 200 141 573
stats: size_rcv 3471559 14107823
stats: newphase 1 4
stats: size_sent 19599 79647
stats: connected 0 0
# stats: dump at 1480574257
stats: users 0 3
stats: {freemem,"tsung_controller@ip-172-31-6-21"} 1 3164.70703125 0.0 3166.046875 3163.63671875 3165.1908052884614 13
stats: {load,"tsung_controller@ip-172-31-6-21"} 1 0.01171875 0.0 0.1015625 0.01171875 0.043870192307692304 13
stats: {recvpackets,"tsung_controller@ip-172-31-6-21"} 1 3491.0 0.0 3491 176 832.0833333333334 12
stats: {sentpackets,"tsung_controller@ip-172-31-6-21"} 1 2718.0 0.0 2718 140 661.0833333333334 12
stats: {cpu,"tsung_controller@ip-172-31-6-21"} 1 3.4722222222222223 0.0 12.68934762281522 0.7920792079207921 2.4069274829317573 13
stats: session 160 9.600254821777346 3.055981329280079 122.1171875 6.89794921875 9.576647062202639 578
stats: users_count 160 738
stats: finish_users_count 160 738
stats: request 163 7.528222955809049 2.8320864093287006 118.296875 5.43115234375 7.593283874618239 573
stats: connect 163 0.7387260951878835 0.07170258276696831 108.304931640625 0.569091796875 1.0368209226385252 573
stats: page 163 7.528222955809049 2.8320864093287006 118.296875 5.43115234375 7.593283874618239 573
stats: 200 163 736
stats: size_rcv 4013222 18121045
stats: newphase 0 4
stats: size_sent 22657 102304
stats: connected 0 0
# stats: dump at 1480574267
stats: users 0 4
stats: {freemem,"tsung_controller@ip-172-31-6-21"} 1 3164.5 0.0 3166.046875 3163.63671875 3165.15625 14
stats: {load,"tsung_controller@ip-172-31-6-21"} 1 0.01171875 0.0 0.1015625 0.01171875 0.04157366071428571 14
stats: {recvpackets,"tsung_controller@ip-172-31-6-21"} 1 3706.0 0.0 3706 176 1036.6153846153845 13
stats: {sentpackets,"tsung_controller@ip-172-31-6-21"} 1 2959.0 0.0 2959 140 819.3076923076923 13
stats: {cpu,"tsung_controller@ip-172-31-6-21"} 1 3.383084577114428 0.0 12.68934762281522 0.7920792079207921 2.4830199643096478 14
stats: session 179 9.600928279940645 2.373329683070383 122.1171875 6.89794921875 9.581765275660569 738
stats: users_count 179 917
stats: finish_users_count 179 917
stats: request 175 7.646365792410714 2.3937494049380494 118.296875 5.27587890625 7.578875002653704 736
stats: connect 175 0.7516322544642858 0.15544472153589395 108.304931640625 0.569091796875 0.9708026388417119 736
stats: page 175 7.646365792410714 2.3937494049380494 118.296875 5.27587890625 7.578875002653704 736
stats: 200 175 911
stats: size_rcv 4308673 22429718
stats: newphase 0 4
stats: size_sent 24325 126629
stats: connected 0 0
# stats: dump at 1480574277
stats: users 1 4
stats: {freemem,"tsung_controller@ip-172-31-6-21"} 1 3164.1796875 0.0 3166.046875 3163.63671875 3165.1125 15
stats: {load,"tsung_controller@ip-172-31-6-21"} 1 0.01171875 0.0 0.1015625 0.01171875 0.03958333333333333 15
stats: {recvpackets,"tsung_controller@ip-172-31-6-21"} 1 3963.0 0.0 3963 176 1227.2857142857142 14
stats: {sentpackets,"tsung_controller@ip-172-31-6-21"} 1 3118.0 0.0 3118 140 972.1428571428571 14
stats: {cpu,"tsung_controller@ip-172-31-6-21"} 1 3.869047619047619 0.0 12.68934762281522 0.7920792079207921 2.5430242718299665 15
stats: session 283 9.879654200253976 2.6363828919025347 122.1171875 6.89794921875 9.585505927532035 917
stats: users_count 284 1201
stats: finish_users_count 283 1200
stats: request 283 7.849417858325975 2.5294934867074566 118.296875 5.27587890625 7.591839753704721 911
stats: connect 283 0.7994932572327739 0.5309301221888948 108.304931640625 0.569091796875 0.928700753807629 911
stats: page 283 7.849417858325975 2.5294934867074566 118.296875 5.27587890625 7.591839753704721 911
stats: 200 283 1194
stats: size_rcv 6967736 29397454
stats: newphase 1 5
stats: size_sent 39337 165966
stats: connected 0 0
# stats: dump at 1480574287
stats: users 0 5
stats: {freemem,"tsung_controller@ip-172-31-6-21"} 1 3164.03515625 0.0 3166.046875 3163.63671875 3165.05419921875 16
stats: {load,"tsung_controller@ip-172-31-6-21"} 1 0.01171875 0.0 0.1015625 0.01171875 0.037841796875 16
stats: {recvpackets,"tsung_controller@ip-172-31-6-21"} 1 6786.0 0.0 6786 176 1409.6666666666667 15
stats: {sentpackets,"tsung_controller@ip-172-31-6-21"} 1 5459.0 0.0 5459 140 1115.2 15
stats: {cpu,"tsung_controller@ip-172-31-6-21"} 1 6.169154228855722 0.0 12.68934762281522 0.7920792079207921 2.62590073103107 16
stats: session 301 12.017449971449334 5.665643390575932 122.1171875 6.89794921875 9.654875895182292 1200
stats: users_count 300 1501
stats: finish_users_count 301 1501
stats: request 303 10.016407378042489 5.654243786186877 118.296875 5.15185546875 7.652890510495186 1194
stats: connect 304 0.8588778847142265 0.5970302081920301 108.304931640625 0.569091796875 0.8980761964117462 1194
stats: page 303 10.016407378042489 5.654243786186877 118.296875 5.15185546875 7.652890510495186 1194
stats: 200 303 1497
stats: size_rcv 7460159 36857613
stats: newphase 0 5
stats: size_sent 42256 208222
stats: connected 1 1
# stats: dump at 1480574297
stats: users 0 5
stats: {freemem,"tsung_controller@ip-172-31-6-21"} 1 3163.92578125 0.0 3166.046875 3163.63671875 3164.994255514706 17
stats: {load,"tsung_controller@ip-172-31-6-21"} 1 0.01171875 0.0 0.1015625 0.01171875 0.03630514705882353 17
stats: {recvpackets,"tsung_controller@ip-172-31-6-21"} 1 6605.0 0.0 6786 176 1745.6875 16
stats: {sentpackets,"tsung_controller@ip-172-31-6-21"} 1 5358.0 0.0 5459 140 1386.6875 16
stats: {cpu,"tsung_controller@ip-172-31-6-21"} 1 5.952380952380952 0.0 12.68934762281522 0.7920792079207921 2.8343274073736966 17
stats: session 302 10.282858741204468 3.24204493582095 122.1171875 6.89794921875 10.12864991047635 1501
stats: users_count 302 1803
stats: finish_users_count 302 1803
stats: request 304 8.2787298905222 3.237312638861565 118.296875 5.093017578125 8.131277692102955 1497
stats: connect 303 0.7336047081270629 0.20587881677531544 108.304931640625 0.569091796875 0.8901213988442924 1498
stats: page 304 8.2787298905222 3.237312638861565 118.296875 5.093017578125 8.131277692102955 1497
stats: 200 304 1801
stats: size_rcv 7484782 44342395
stats: newphase 0 5
stats: size_sent 42117 250339
stats: connected -1 0
# stats: dump at 1480574307
stats: users 1 7
stats: {freemem,"tsung_controller@ip-172-31-6-21"} 1 3163.49609375 0.0 3166.046875 3163.49609375 3164.9348958333335 18
stats: {load,"tsung_controller@ip-172-31-6-21"} 1 0.0 0.0 0.1015625 0.0 0.03493923611111111 18
stats: {recvpackets,"tsung_controller@ip-172-31-6-21"} 1 8002.0 0.0 8002 176 2031.5294117647059 17
stats: {sentpackets,"tsung_controller@ip-172-31-6-21"} 1 6476.0 0.0 6476 140 1620.2941176470588 17
stats: {cpu,"tsung_controller@ip-172-31-6-21"} 1 6.493506493506493 0.0 12.68934762281522 0.7920792079207921 3.007552604318544 18
stats: session 622 11.924167645322544 7.79703998625288 122.1171875 6.89794921875 10.154479675800749 1803
stats: users_count 623 2426
stats: finish_users_count 622 2425
stats: request 617 9.919088156528575 7.7686422246383255 118.296875 5.093017578125 8.156166902718974 1801
stats: connect 617 0.8140843420786065 1.6699709068501647 108.304931640625 0.546875 0.8637890516553304 1801
stats: page 617 9.919088156528575 7.7686422246383255 118.296875 5.093017578125 8.156166902718974 1801
stats: 200 617 2418
stats: size_rcv 15191149 59533544
stats: newphase 1 6
stats: size_sent 85763 336102
stats: connected 0 0
# stats: dump at 1480574317
stats: users 0 7
stats: {freemem,"tsung_controller@ip-172-31-6-21"} 1 3162.9453125 0.0 3166.046875 3162.9453125 3164.8591694078946 19
stats: {load,"tsung_controller@ip-172-31-6-21"} 1 0.0 0.0 0.1015625 0.0 0.03310032894736842 19
stats: {recvpackets,"tsung_controller@ip-172-31-6-21"} 1 14459.0 0.0 14459 176 2363.222222222222 18
stats: {sentpackets,"tsung_controller@ip-172-31-6-21"} 1 11721.0 0.0 11721 140 1890.0555555555557 18
stats: {cpu,"tsung_controller@ip-172-31-6-21"} 1 10.797174571140262 0.0 12.68934762281522 0.7920792079207921 3.1910238616442257 19
stats: session 648 11.592768539617104 4.913092042670026 122.1171875 6.89794921875 10.608395517880153 2425
stats: users_count 647 3073
stats: finish_users_count 648 3073
stats: request 649 9.570530308046035 4.892802711519342 118.296875 5.093017578125 8.606010746226222 2418
stats: connect 649 0.7071869883956082 0.13760397522554532 108.304931640625 0.546875 0.8511059227021298 2418
stats: page 649 9.570530308046035 4.892802711519342 118.296875 5.093017578125 8.606010746226222 2418
stats: 200 649 3067
stats: size_rcv 15979019 75512563
stats: newphase 0 6
stats: size_sent 90211 426313
stats: connected 0 0
# stats: dump at 1480574327
stats: users 0 7
stats: {freemem,"tsung_controller@ip-172-31-6-21"} 1 3162.62109375 0.0 3166.046875 3162.62109375 3164.7634765625 20
stats: {load,"tsung_controller@ip-172-31-6-21"} 1 0.0 0.0 0.1015625 0.0 0.0314453125 20
stats: {recvpackets,"tsung_controller@ip-172-31-6-21"} 1 14129.0 0.0 14459 176 2999.842105263158 19
stats: {sentpackets,"tsung_controller@ip-172-31-6-21"} 1 11344.0 0.0 11721 140 2407.4736842105262 19
stats: {cpu,"tsung_controller@ip-172-31-6-21"} 1 10.574018126888216 0.0 12.68934762281522 0.7920792079207921 3.5713313971190273 20
stats: session 588 11.219931673841412 4.690996193371226 122.1171875 6.89794921875 10.815969132616745 3073
stats: users_count 588 3661
stats: finish_users_count 588 3661
stats: request 590 9.258885477356994 4.692004543414712 118.296875 5.093017578125 8.810110255721188 3067
stats: connect 590 0.7083214711334748 0.25632934251940664 108.304931640625 0.546875 0.8206516063131724 3067
stats: page 590 9.258885477356994 4.692004543414712 118.296875 5.093017578125 8.810110255721188 3067
stats: 200 590 3657
stats: size_rcv 14526383 90038946
stats: newphase 0 6
stats: size_sent 82010 508323
stats: connected 0 0
# stats: dump at 1480574337
stats: users 2 9
stats: {freemem,"tsung_controller@ip-172-31-6-21"} 1 3161.93359375 0.0 3166.046875 3161.93359375 3164.6614583333335 21
stats: {load,"tsung_controller@ip-172-31-6-21"} 1 0.0 0.0 0.1015625 0.0 0.029947916666666668 21
stats: {recvpackets,"tsung_controller@ip-172-31-6-21"} 1 15805.0 0.0 15805 176 3556.3 20
stats: {sentpackets,"tsung_controller@ip-172-31-6-21"} 1 12681.0 0.0 12681 140 2854.3 20
stats: {cpu,"tsung_controller@ip-172-31-6-21"} 1 11.670020120724347 0.0 12.68934762281522 0.7920792079207921 3.9047926699651794 21
stats: session 1071 16.22941331480509 9.300292318711083 122.1171875 6.89794921875 10.880850305585907 3661
stats: users_count 1073 4734
stats: finish_users_count 1071 4732
stats: request 1074 14.196168128782592 9.264114457971228 118.296875 5.093017578125 8.882513149012171 3657
stats: connect 1074 0.7322607058164571 0.44399039845236 108.304931640625 0.545166015625 0.8025288883049629 3657
stats: page 1074 14.196168128782592 9.264114457971228 118.296875 5.093017578125 8.882513149012171 3657
stats: 200 1074 4731
stats: size_rcv 26442935 116481881
stats: newphase 1 7
stats: size_sent 149286 657609
stats: connected 0 0
# stats: dump at 1480574347
stats: users 2 15
stats: {freemem,"tsung_controller@ip-172-31-6-21"} 1 3159.5390625 0.0 3166.046875 3159.5390625 3164.5374644886365 22
stats: {load,"tsung_controller@ip-172-31-6-21"} 1 0.078125 0.0 0.1015625 0.0 0.028586647727272728 22
stats: {recvpackets,"tsung_controller@ip-172-31-6-21"} 1 26054.0 0.0 26054 176 4139.571428571428 21
stats: {sentpackets,"tsung_controller@ip-172-31-6-21"} 1 21001.0 0.0 21001 140 3322.2380952380954 21
stats: {cpu,"tsung_controller@ip-172-31-6-21"} 1 19.721115537848604 0.0 19.721115537848604 0.7920792079207921 4.257757554090596 22
stats: session 1247 18.589659323000227 11.471953131765483 122.1171875 6.89794921875 12.091397850571905 4732
stats: users_count 1247 5981
stats: finish_users_count 1247 5979
stats: request 1247 16.550648313765524 11.410569774532542 118.296875 5.093017578125 10.088783588300574 4731
stats: connect 1247 0.8404878740226542 0.8089022103759331 108.304931640625 0.545166015625 0.7865770751591893 4731
stats: page 1247 16.550648313765524 11.410569774532542 118.296875 5.093017578125 10.088783588300574 4731
stats: 200 1247 5978
stats: size_rcv 30702337 147184218
stats: newphase 0 7
stats: size_sent 173333 830942
stats: connected 0 0
# stats: dump at 1480574357
stats: users 2 15
stats: {freemem,"tsung_controller@ip-172-31-6-21"} 1 3159.7890625 0.0 3166.046875 3159.5390625 3164.3201426630435 23
stats: {load,"tsung_controller@ip-172-31-6-21"} 1 0.0703125 0.0 0.1015625 0.0 0.030740489130434784 23
stats: {recvpackets,"tsung_controller@ip-172-31-6-21"} 1 27872.0 0.0 27872 176 5135.681818181818 22
stats: {sentpackets,"tsung_controller@ip-172-31-6-21"} 1 21979.0 0.0 21979 140 4125.818181818182 22
stats: {cpu,"tsung_controller@ip-172-31-6-21"} 1 18.82591093117409 0.0 19.721115537848604 0.7920792079207921 4.930077466427901 23
stats: session 1244 19.19656617388465 12.314806843158308 122.1171875 6.89794921875 13.446696739369049 5979
stats: users_count 1244 7225
stats: finish_users_count 1244 7223
stats: request 1245 17.196580266378035 12.30323134704225 118.296875 5.093017578125 11.436716895870797 5978
stats: connect 1246 0.8400130417335478 1.0638954289237805 108.304931640625 0.545166015625 0.7978227704055494 5978
stats: page 1245 17.196580266378035 12.30323134704225 118.296875 5.093017578125 11.436716895870797 5978
stats: 200 1245 7223
stats: size_rcv 30653109 177837327
stats: newphase 0 7
stats: size_sent 173194 1004136
stats: connected 1 1
# stats: dump at 1480574367
stats: users 103 112
stats: {freemem,"tsung_controller@ip-172-31-6-21"} 1 3157.26171875 0.0 3166.046875 3157.26171875 3164.13134765625 24
stats: {load,"tsung_controller@ip-172-31-6-21"} 1 0.140625 0.0 0.140625 0.0 0.032389322916666664 24
stats: {recvpackets,"tsung_controller@ip-172-31-6-21"} 1 31321.0 0.0 31321 176 6124.217391304348 23
stats: {sentpackets,"tsung_controller@ip-172-31-6-21"} 1 25523.0 0.0 25523 140 4902.04347826087 23
stats: {cpu,"tsung_controller@ip-172-31-6-21"} 1 23.423423423423422 0.0 23.423423423423422 0.7920792079207921 5.5090705274589915 24
stats: session 2283 384.5246214162765 238.3009301722785 601.337158203125 2.6318359375 14.436982988370492 7223
stats: users_count 2384 9609
stats: finish_users_count 2283 9506
stats: request 2155 381.8154359184675 238.37630636441818 599.281005859375 1.281982421875 12.429521810211309 7223
stats: connect 2260 0.8120658401894353 0.48713932806647925 108.304931640625 0.545166015625 0.805099774568712 7224
stats: page 2155 381.8154359184675 238.37630636441818 599.281005859375 1.281982421875 12.429521810211309 7223
stats: 200 1721 8944
stats: size_rcv 42558205 220395532
stats: newphase 1 8
stats: size_sent 314140 1318276
stats: connected 105 106
stats: 503 435 435
# stats: dump at 1480574377
stats: users 102 112
stats: {freemem,"tsung_controller@ip-172-31-6-21"} 1 3154.62890625 0.0 3166.046875 3154.62890625 3163.8565625 25
stats: {load,"tsung_controller@ip-172-31-6-21"} 1 0.12109375 0.0 0.140625 0.0 0.03671875 25
stats: {recvpackets,"tsung_controller@ip-172-31-6-21"} 1 45183.0 0.0 45183 176 7174.083333333333 24
stats: {sentpackets,"tsung_controller@ip-172-31-6-21"} 1 37145.0 0.0 37145 140 5761.25 24
stats: {cpu,"tsung_controller@ip-172-31-6-21"} 1 31.40495867768595 0.0 31.40495867768595 0.7920792079207921 6.225644643297569 25
stats: session 2352 442.1004276405392 216.7993541919119 637.39892578125 2.6318359375 103.31875013868708 9506
stats: users_count 2351 11960
stats: finish_users_count 2352 11858
stats: request 2378 437.48082305163894 218.31155045617456 635.3681640625 1.2001953125 97.31186824903537 9378
stats: connect 2375 0.8371535773026311 0.7387425677566994 108.304931640625 0.545166015625 0.806759760682465 9484
stats: page 2378 437.48082305163894 218.31155045617456 635.3681640625 1.2001953125 97.31186824903537 9378
stats: 200 1906 10850
stats: size_rcv 47179719 267575251
stats: newphase 0 8
stats: size_sent 330125 1648401
stats: connected -3 103
stats: 503 471 906
# stats: dump at 1480574387
stats: users 104 113
stats: {freemem,"tsung_controller@ip-172-31-6-21"} 1 3151.0078125 0.0 3166.046875 3151.0078125 3163.501652644231 26
stats: {load,"tsung_controller@ip-172-31-6-21"} 1 0.1015625 0.0 0.140625 0.0 0.039963942307692304 26
stats: {recvpackets,"tsung_controller@ip-172-31-6-21"} 1 43987.0 0.0 45183 176 8694.44 25
stats: {sentpackets,"tsung_controller@ip-172-31-6-21"} 1 36357.0 0.0 37145 140 7016.6 25
stats: {cpu,"tsung_controller@ip-172-31-6-21"} 1 30.697190426638915 0.0 31.40495867768595 0.7920792079207921 7.194079798466353 26
stats: session 2376 436.5083952110628 215.0189596401456 637.39892578125 2.6318359375 170.51511592417842 11858
stats: users_count 2378 14338
stats: finish_users_count 2376 14234
stats: request 2391 432.119354541608 218.23759421808106 635.3681640625 1.2001953125 166.12113794285904 11756
stats: connect 2391 0.8483881613341708 1.929739491430273 108.304931640625 0.545166015625 0.8128467253905258 11859
stats: page 2391 432.119354541608 218.23759421808106 635.3681640625 1.2001953125 166.12113794285904 11756
stats: 200 1906 12756
stats: size_rcv 47161855 314737106
stats: newphase 0 8
stats: size_sent 332349 1980750
stats: connected 0 103
stats: 503 485 1391
# stats: dump at 1480574397
stats: users 107 121
stats: {freemem,"tsung_controller@ip-172-31-6-21"} 1 3150.1015625 0.0 3166.046875 3150.1015625 3163.038917824074 27
stats: {load,"tsung_controller@ip-172-31-6-21"} 1 0.23828125 0.0 0.23828125 0.0 0.04224537037037037 27
stats: {recvpackets,"tsung_controller@ip-172-31-6-21"} 1 47638.0 0.0 47638 176 10051.846153846154 26
stats: {sentpackets,"tsung_controller@ip-172-31-6-21"} 1 41372.0 0.0 41372 140 8145.076923076923 26
stats: {cpu,"tsung_controller@ip-172-31-6-21"} 1 35.96757852077001 0.0 35.96757852077001 0.7920792079207921 8.06456537728756 27
stats: session 4508 235.80215196854908 285.6661506599437 651.048095703125 2.44287109375 214.91584878814058 14234
stats: users_count 4511 18849
stats: finish_users_count 4508 18742
stats: request 4419 239.80706183525743 285.3481967038544 649.2578125 1.2001953125 211.0777885322143 14147
stats: connect 4421 0.9317453829202956 1.1587055148985743 108.304931640625 0.5361328125 0.8188102042214911 14250
stats: page 4419 239.80706183525743 285.3481967038544 649.2578125 1.2001953125 211.0777885322143 14147
stats: 200 1818 14574
stats: size_rcv 46017201 360754307
stats: newphase 1 9
stats: size_sent 614519 2595269
stats: connected 2 105
stats: 503 2601 3992
# stats: dump at 1480574407
stats: users 106 121
stats: {freemem,"tsung_controller@ip-172-31-6-21"} 1 3146.76171875 0.0 3166.046875 3146.76171875 3162.5768694196427 28
stats: {load,"tsung_controller@ip-172-31-6-21"} 1 0.28125 0.0 0.28125 0.0 0.04924665178571429 28
stats: {recvpackets,"tsung_controller@ip-172-31-6-21"} 1 51922.0 0.0 51922 176 11443.925925925925 27
stats: {sentpackets,"tsung_controller@ip-172-31-6-21"} 1 47809.0 0.0 47809 140 9375.703703703704 27
stats: {cpu,"tsung_controller@ip-172-31-6-21"} 1 42.28855721393035 0.0 42.28855721393035 0.7920792079207921 9.061101560983362 28
stats: session 4657 231.0539768342682 294.3098000457182 675.236083984375 2.44287109375 219.93961651502573 18742
stats: users_count 4656 23505
stats: finish_users_count 4657 23399
stats: request 4664 228.2328485452905 293.4601755441492 671.81396484375 1.2001953125 217.9158074229903 18566
stats: connect 4665 1.073811796623795 1.1912946008600274 108.304931640625 0.5361328125 0.8455514834795606 18671
stats: page 4664 228.2328485452905 293.4601755441492 671.81396484375 1.2001953125 217.9158074229903 18566
stats: 200 1739 16313
stats: size_rcv 44228618 404982925
stats: newphase 0 9
stats: size_sent 648435 3243704
stats: connected 1 106
stats: 503 2925 6917
# stats: dump at 1480574417
stats: users 107 122
stats: {freemem,"tsung_controller@ip-172-31-6-21"} 1 3144.83203125 0.0 3166.046875 3144.83203125 3162.0315193965516 29
stats: {load,"tsung_controller@ip-172-31-6-21"} 1 0.30859375 0.0 0.30859375 0.0 0.05724676724137931 29
stats: {recvpackets,"tsung_controller@ip-172-31-6-21"} 1 50324.0 0.0 51922 176 12889.57142857143 28
stats: {sentpackets,"tsung_controller@ip-172-31-6-21"} 1 48082.0 0.0 48082 140 10748.32142857143 28
stats: {cpu,"tsung_controller@ip-172-31-6-21"} 1 43.40344168260038 0.0 43.40344168260038 0.7920792079207921 10.206875893843604 29
stats: session 4651 231.34384768774524 299.05464152282957 680.60009765625 2.44287109375 222.15165873933924 23399
stats: users_count 4652 28157
stats: finish_users_count 4651 28050
stats: request 4671 228.631909948017 298.8634286581337 678.91796875 1.2001953125 219.98720991091142 23230
stats: connect 4671 1.0551228344606323 1.21031500876736 108.304931640625 0.5361328125 0.8911820268810798 23336
stats: page 4671 228.631909948017 298.8634286581337 678.91796875 1.2001953125 219.98720991091142 23230
stats: 200 1707 18020
stats: size_rcv 43411307 448394232
stats: newphase 0 9
stats: size_sent 649269 3892973
stats: connected 0 106
stats: 503 2966 9883
# stats: dump at 1480574423
stats: users 0 122
stats: {freemem,"tsung_controller@ip-172-31-6-21"} 1 3145.375 0.0 3166.046875 3144.83203125 3161.458203125 30
stats: {load,"tsung_controller@ip-172-31-6-21"} 1 0.33984375 0.0 0.33984375 0.0 0.065625 30
stats: {recvpackets,"tsung_controller@ip-172-31-6-21"} 1 34666.0 0.0 51922 176 14180.413793103447 29
stats: {sentpackets,"tsung_controller@ip-172-31-6-21"} 1 33118.0 0.0 48082 140 12035.689655172413 29
stats: {cpu,"tsung_controller@ip-172-31-6-21"} 1 29.3713163064833 0.0 43.40344168260038 0.7920792079207921 11.313428086802162 30
stats: session 583 285.053898125938 297.42756434009897 680.60009765625 2.44287109375 223.67582525623894 28050
stats: users_count 476 28633
stats: finish_users_count 583 28633
stats: request 732 277.0498387070953 298.8326630339042 678.91796875 1.2001953125 221.4344481415598 27901
stats: connect 626 1.0827671818839848 0.9231875477039624 108.304931640625 0.5361328125 0.9185240311015993 28007
stats: page 732 277.0498387070953 298.8326630339042 678.91796875 1.2001953125 221.4344481415598 27901
stats: 200 334 18354
stats: size_rcv 8463915 456858147
stats: newphase 0 9
stats: size_sent 87014 3979987
stats: connected -106 0
stats: 503 396 10279
EndMonitor:{1480,574423,852481}
