# stats: dump at 1480615610
stats: users 14 14
stats: {freemem,"tsung_controller@ip-172-31-13-122"} 1 3158.48828125 0 3158.48828125 3158.48828125 0 0
stats: {load,"tsung_controller@ip-172-31-13-122"} 1 0.01953125 0 0.01953125 0.01953125 0 0
stats: {cpu,"tsung_controller@ip-172-31-13-122"} 1 3.1948239253914017 0 3.1948239253914017 3.1948239253914017 0 0
stats: session 1 4282.3369140625 0 4282.3369140625 4282.3369140625 0 0
stats: users_count 15 15
stats: finish_users_count 1 1
stats: request 38 13.905665347450656 20.27037959912262 135.64013671875 7.22607421875 0 0
stats: connect 14 9.460902622767858 31.204843658784934 121.969970703125 0.635009765625 0 0
stats: page 35 15.10795200892857 20.940151189695822 135.64013671875 7.2939453125 0 0
stats: 302 7 7
stats: 200 17 17
stats: size_rcv 431129 431129
stats: size_sent 9927 9927
stats: connected 13 13
stats: 500 14 14
# stats: dump at 1480615620
stats: users 18 18
stats: {freemem,"tsung_controller@ip-172-31-13-122"} 1 3156.18359375 0.0 3158.48828125 3156.18359375 3158.48828125 1
stats: {load,"tsung_controller@ip-172-31-13-122"} 1 0.01953125 0.0 0.01953125 0.01953125 0.01953125 1
stats: {recvpackets,"tsung_controller@ip-172-31-13-122"} 1 435 0 435 435 0 0
stats: {sentpackets,"tsung_controller@ip-172-31-13-122"} 1 287 0 287 287 0 0
stats: {cpu,"tsung_controller@ip-172-31-13-122"} 1 2.753195673549656 0.0 3.1948239253914017 2.753195673549656 3.1948239253914017 1
stats: session 10 8256.60361328125 2632.510019572802 11471.2900390625 3630.48193359375 4282.3369140625 1
stats: users_count 14 29
stats: finish_users_count 10 11
stats: request 64 9.776241302490236 3.735213896263325 135.64013671875 6.072998046875 13.905665347450656 38
stats: connect 15 0.991015625 0.899384550424306 121.969970703125 0.635009765625 9.460902622767858 14
stats: page 53 11.830096550707546 4.508410165436288 135.64013671875 6.072998046875 15.10795200892857 35
stats: 302 30 37
stats: 200 20 37
stats: size_rcv 508675 939804
stats: size_sent 26972 36899
stats: connected 5 18
stats: 500 14 28
# stats: dump at 1480615630
stats: users 11 18
stats: {freemem,"tsung_controller@ip-172-31-13-122"} 1 3156.19140625 0.0 3158.48828125 3156.18359375 3157.3359375 2
stats: {load,"tsung_controller@ip-172-31-13-122"} 1 0.01953125 0.0 0.01953125 0.01953125 0.01953125 2
stats: {recvpackets,"tsung_controller@ip-172-31-13-122"} 1 582.0 0.0 582 435 435.0 1
stats: {sentpackets,"tsung_controller@ip-172-31-13-122"} 1 438.0 0.0 438 287 287.0 1
stats: {cpu,"tsung_controller@ip-172-31-13-122"} 1 1.968503937007874 0.0 3.1948239253914017 1.968503937007874 2.9740097994705286 2
stats: session 8 10736.9208984375 5604.783991378505 22160.302001953125 1779.212158203125 7895.306640625 11
stats: users_count 1 30
stats: finish_users_count 8 19
stats: request 44 8.709239612926138 2.314550635770601 135.64013671875 6.072998046875 11.314654181985293 102
stats: connect 1 0.658935546875 0.0 121.969970703125 0.635009765625 5.079926589439655 29
stats: page 35 10.981954520089285 3.9112253690351797 135.64013671875 6.072998046875 13.1337890625 88
stats: 302 26 63
stats: 200 16 53
stats: size_rcv 390419 1330223
stats: size_sent 21390 58289
stats: connected -7 11
stats: 500 2 30
# stats: dump at 1480615640
stats: users 27 27
stats: {freemem,"tsung_controller@ip-172-31-13-122"} 1 3156.23828125 0.0 3158.48828125 3156.18359375 3156.9544270833335 3
stats: {load,"tsung_controller@ip-172-31-13-122"} 1 0.01171875 0.0 0.01953125 0.01171875 0.01953125 3
stats: {recvpackets,"tsung_controller@ip-172-31-13-122"} 1 257.0 0.0 582 257 508.5 2
stats: {sentpackets,"tsung_controller@ip-172-31-13-122"} 1 171.0 0.0 438 171 362.5 2
stats: {cpu,"tsung_controller@ip-172-31-13-122"} 1 1.1846001974333662 0.0 3.1948239253914017 1.1846001974333662 2.6388411786496437 3
stats: session 7 16325.424211774554 6422.100007637027 27346.453125 1779.212158203125 9091.77580180921 19
stats: users_count 23 53
stats: finish_users_count 7 26
stats: request 58 11.137838429418103 4.116353749357518 135.64013671875 6.072998046875 10.52946075021404 146
stats: connect 22 0.7516313032670454 0.07406162938803713 121.969970703125 0.593017578125 4.932560221354167 30
stats: page 52 12.437293419471153 4.170782380097746 135.64013671875 6.072998046875 12.52147842035061 123
stats: 302 19 82
stats: 200 18 71
stats: size_rcv 470477 1800700
stats: newphase 1 1
stats: size_sent 19440 77729
stats: connected 16 27
stats: 500 21 51
# stats: dump at 1480615650
stats: users 32 35
stats: {freemem,"tsung_controller@ip-172-31-13-122"} 1 3155.8515625 0.0 3158.48828125 3155.8515625 3156.775390625 4
stats: {load,"tsung_controller@ip-172-31-13-122"} 1 0.01171875 0.0 0.01953125 0.01171875 0.017578125 4
stats: {recvpackets,"tsung_controller@ip-172-31-13-122"} 1 588.0 0.0 588 257 424.6666666666667 3
stats: {sentpackets,"tsung_controller@ip-172-31-13-122"} 1 435.0 0.0 438 171 298.6666666666667 3
stats: {cpu,"tsung_controller@ip-172-31-13-122"} 1 1.8737672583826428 0.0 3.1948239253914017 1.1846001974333662 2.2752809333455746 4
stats: session 12 13552.498860677084 9406.115823540535 30564.317138671875 1367.10205078125 11039.296527569111 26
stats: users_count 17 70
stats: finish_users_count 12 38
stats: request 98 9.642423668686224 3.6914927138749807 135.64013671875 5.68505859375 10.702430874693627 204
stats: connect 18 0.9412434895833334 0.8645524628424884 121.969970703125 0.593017578125 3.1637056790865383 52
stats: page 83 11.407632483057228 4.474459271743466 135.64013671875 5.68505859375 12.496463448660714 175
stats: 302 39 121
stats: 200 40 111
stats: size_rcv 995293 2795993
stats: newphase 0 1
stats: size_sent 37294 115023
stats: connected 6 33
stats: 500 19 70
# stats: dump at 1480615660
stats: users 33 37
stats: {freemem,"tsung_controller@ip-172-31-13-122"} 1 3155.14453125 0.0 3158.48828125 3155.14453125 3156.590625 5
stats: {load,"tsung_controller@ip-172-31-13-122"} 1 0.01171875 0.0 0.01953125 0.01171875 0.01640625 5
stats: {recvpackets,"tsung_controller@ip-172-31-13-122"} 1 804.0 0.0 804 257 465.5 4
stats: {sentpackets,"tsung_controller@ip-172-31-13-122"} 1 579.0 0.0 579 171 332.75 4
stats: {cpu,"tsung_controller@ip-172-31-13-122"} 1 2.2615535889872174 0.0 3.1948239253914017 1.1846001974333662 2.194978198352988 5
stats: session 19 15405.919793379935 9132.087278193543 43359.912841796875 1367.10205078125 11832.939369603208 38
stats: users_count 20 90
stats: finish_users_count 19 57
stats: request 130 9.262141301081728 3.3013471934862664 135.64013671875 5.68505859375 10.35845502638659 302
stats: connect 20 0.71409912109375 0.07550210073687405 121.969970703125 0.593017578125 2.5922154017857144 70
stats: page 106 11.38752487470519 4.413017401863825 135.64013671875 5.68505859375 12.146180618640988 258
stats: 302 65 186
stats: 200 45 156
stats: size_rcv 1122919 3918912
stats: newphase 0 1
stats: size_sent 57208 172231
stats: connected 0 33
stats: 500 20 90
# stats: dump at 1480615670
stats: users 41 42
stats: {freemem,"tsung_controller@ip-172-31-13-122"} 1 3154.0625 0.0 3158.48828125 3154.0625 3156.349609375 6
stats: {load,"tsung_controller@ip-172-31-13-122"} 1 0.01171875 0.0 0.01953125 0.01171875 0.015625 6
stats: {recvpackets,"tsung_controller@ip-172-31-13-122"} 1 1119.0 0.0 1119 257 533.2 5
stats: {sentpackets,"tsung_controller@ip-172-31-13-122"} 1 764.0 0.0 764 171 382.0 5
stats: {cpu,"tsung_controller@ip-172-31-13-122"} 1 2.75049115913556 0.0 3.1948239253914017 1.1846001974333662 2.2060740967920265 6
stats: session 30 14906.895694986979 8277.445031581812 43359.912841796875 1367.10205078125 13023.93284419545 57
stats: users_count 38 128
stats: finish_users_count 30 87
stats: request 178 9.862289600158004 3.7497893841458123 135.64013671875 5.425048828125 10.028545803493923 432
stats: connect 36 1.0120646158854167 1.000110287967267 121.969970703125 0.56689453125 2.1748562282986112 90
stats: page 152 11.569380910773026 4.575788299920829 135.64013671875 5.425048828125 11.925253396505838 364
stats: 302 84 270
stats: 200 58 214
stats: size_rcv 1463532 5382444
stats: newphase 1 2
stats: size_sent 73464 245695
stats: connected 7 40
stats: 500 36 126
# stats: dump at 1480615680
stats: users 53 61
stats: {freemem,"tsung_controller@ip-172-31-13-122"} 1 3153.109375 0.0 3158.48828125 3153.109375 3156.022879464286 7
stats: {load,"tsung_controller@ip-172-31-13-122"} 1 0.01171875 0.0 0.01953125 0.01171875 0.015066964285714286 7
stats: {recvpackets,"tsung_controller@ip-172-31-13-122"} 1 1447.0 0.0 1447 257 630.8333333333334 6
stats: {sentpackets,"tsung_controller@ip-172-31-13-122"} 1 1072.0 0.0 1072 171 445.6666666666667 6
stats: {cpu,"tsung_controller@ip-172-31-13-122"} 1 3.140333660451423 0.0 3.1948239253914017 1.1846001974333662 2.283847962841103 7
stats: session 29 9469.195177801725 4687.202424107653 43359.912841796875 1367.10205078125 13673.23037895115 87
stats: users_count 41 169
stats: finish_users_count 29 116
stats: request 211 9.727313434908188 3.516156354317182 135.64013671875 5.425048828125 9.980031698258196 610
stats: connect 42 0.7551502046130951 0.10639635591983843 121.969970703125 0.551025390625 1.8426300533234128 126
stats: page 176 11.686323686079545 4.463662013895685 135.64013671875 5.425048828125 11.820422741793847 516
stats: 302 92 362
stats: 200 77 291
stats: size_rcv 1930662 7313106
stats: newphase 0 2
stats: size_sent 85014 330709
stats: connected 12 52
stats: 500 42 168
# stats: dump at 1480615690
stats: users 50 61
stats: {freemem,"tsung_controller@ip-172-31-13-122"} 1 3150.94140625 0.0 3158.48828125 3150.94140625 3155.65869140625 8
stats: {load,"tsung_controller@ip-172-31-13-122"} 1 0.01171875 0.0 0.01953125 0.01171875 0.0146484375 8
stats: {recvpackets,"tsung_controller@ip-172-31-13-122"} 1 1851.0 0.0 1851 257 747.4285714285714 7
stats: {sentpackets,"tsung_controller@ip-172-31-13-122"} 1 1265.0 0.0 1265 171 535.1428571428571 7
stats: {cpu,"tsung_controller@ip-172-31-13-122"} 1 3.6345776031434185 0.0 3.6345776031434185 1.1846001974333662 2.390908675042393 8
stats: session 34 13065.862010282628 6063.71084173278 43359.912841796875 1367.10205078125 12622.221578663793 116
stats: users_count 31 200
stats: finish_users_count 34 150
stats: request 197 9.654497640387053 3.421957653728273 135.64013671875 5.425048828125 9.915082181124394 821
stats: connect 32 0.7424545288085938 0.082439278834638 121.969970703125 0.551025390625 1.5707600911458333 168
stats: page 165 11.549226148200768 4.612373337704419 135.64013671875 5.425048828125 11.786316623577493 692
stats: 302 101 463
stats: 200 64 355
stats: size_rcv 1603268 8916374
stats: newphase 0 2
stats: size_sent 86188 416897
stats: connected -2 50
stats: 500 32 200
# stats: dump at 1480615700
stats: users 78 85
stats: {freemem,"tsung_controller@ip-172-31-13-122"} 1 3150.828125 0.0 3158.48828125 3150.828125 3155.1345486111113 9
stats: {load,"tsung_controller@ip-172-31-13-122"} 1 0.0 0.0 0.01953125 0.0 0.014322916666666666 9
stats: {recvpackets,"tsung_controller@ip-172-31-13-122"} 1 1654.0 0.0 1851 257 885.375 8
stats: {sentpackets,"tsung_controller@ip-172-31-13-122"} 1 1209.0 0.0 1265 171 626.375 8
stats: {cpu,"tsung_controller@ip-172-31-13-122"} 1 3.155818540433925 0.0 3.6345776031434185 1.1846001974333662 2.529094111498063 9
stats: session 48 14380.271367390951 10233.592417761462 60073.27587890625 1367.10205078125 12722.780076497396 150
stats: users_count 76 276
stats: finish_users_count 48 198
stats: request 339 10.217515613477138 3.954311278963428 135.64013671875 5.425048828125 9.864654720883474 1018
stats: connect 76 0.7269415604440791 0.1292768040629048 121.969970703125 0.5419921875 1.438231201171875 200
stats: page 287 12.090805851208621 4.518298798137615 135.64013671875 5.425048828125 11.740669099146736 857
stats: 302 150 613
stats: 200 113 468
stats: size_rcv 2861460 11777834
stats: newphase 1 3
stats: size_sent 136544 553441
stats: connected 29 79
stats: 500 76 276
# stats: dump at 1480615710
stats: users 117 117
stats: {freemem,"tsung_controller@ip-172-31-13-122"} 1 3147.66796875 0.0 3158.48828125 3147.66796875 3154.70390625 10
stats: {load,"tsung_controller@ip-172-31-13-122"} 1 0.078125 0.0 0.078125 0.0 0.012890625 10
stats: {recvpackets,"tsung_controller@ip-172-31-13-122"} 1 3071.0 0.0 3071 257 970.7777777777778 9
stats: {sentpackets,"tsung_controller@ip-172-31-13-122"} 1 2126.0 0.0 2126 171 691.1111111111111 9
stats: {cpu,"tsung_controller@ip-172-31-13-122"} 1 5.647517039922103 0.0 5.647517039922103 1.1846001974333662 2.5917665543916493 10
stats: session 53 12255.374880232901 9093.063679004425 69447.55004882813 1367.10205078125 13124.596147017046 198
stats: users_count 92 368
stats: finish_users_count 53 251
stats: request 405 10.357429108796307 4.352802285110807 135.64013671875 5.425048828125 9.952804936498252 1357
stats: connect 89 0.6775066932935395 0.1237420682459169 121.969970703125 0.505859375 1.2423688363337861 276
stats: page 348 12.073381796650493 4.97141393363955 135.64013671875 5.425048828125 11.828509350756667 1144
stats: 302 168 781
stats: 200 148 616
stats: size_rcv 3719945 15497779
stats: newphase 0 3
stats: size_sent 156242 709683
stats: connected 36 115
stats: 500 89 365
# stats: dump at 1480615720
stats: users 132 136
stats: {freemem,"tsung_controller@ip-172-31-13-122"} 1 3147.0625 0.0 3158.48828125 3147.0625 3154.064275568182 11
stats: {load,"tsung_controller@ip-172-31-13-122"} 1 0.0703125 0.0 0.078125 0.0 0.018821022727272728 11
stats: {recvpackets,"tsung_controller@ip-172-31-13-122"} 1 3452.0 0.0 3452 257 1180.8 10
stats: {sentpackets,"tsung_controller@ip-172-31-13-122"} 1 2450.0 0.0 2450 171 834.6 10
stats: {cpu,"tsung_controller@ip-172-31-13-122"} 1 6.866537717601548 0.0 6.866537717601548 1.1846001974333662 2.869562053076236 11
stats: session 61 11804.11413774334 6599.083269229886 69447.55004882813 1367.10205078125 12941.05540144111 251
stats: users_count 76 444
stats: finish_users_count 61 312
stats: request 417 9.840994196830035 3.6368047166012403 135.64013671875 5.425048828125 10.04580878994928 1762
stats: connect 77 0.7038130326704546 0.08425891377878772 121.969970703125 0.505859375 1.1046353274828766 365
stats: page 352 11.680819424715908 4.53152023060946 135.64013671875 5.425048828125 11.885624371648793 1492
stats: 302 185 966
stats: 200 155 771
stats: size_rcv 3869797 19367576
stats: newphase 0 3
stats: size_sent 168194 877877
stats: connected 16 131
stats: 500 77 442
# stats: dump at 1480615730
stats: users 74 136
stats: {freemem,"tsung_controller@ip-172-31-13-122"} 1 3146.90625 0.0 3158.48828125 3146.90625 3153.4807942708335 12
stats: {load,"tsung_controller@ip-172-31-13-122"} 1 0.05859375 0.0 0.078125 0.0 0.023111979166666668 12
stats: {recvpackets,"tsung_controller@ip-172-31-13-122"} 1 3592.0 0.0 3592 257 1387.2727272727273 11
stats: {sentpackets,"tsung_controller@ip-172-31-13-122"} 1 2534.0 0.0 2534 171 981.4545454545455 11
stats: {cpu,"tsung_controller@ip-172-31-13-122"} 1 5.772994129158512 0.0 6.866537717601548 1.1846001974333662 3.2026433584533454 12
stats: session 62 15110.409931798134 8658.405013548907 69447.55004882813 1367.10205078125 12718.768808218148 312
stats: users_count 4 448
stats: finish_users_count 62 374
stats: request 270 8.409893120659726 2.1640013556120787 135.64013671875 5.274169921875 10.006612972909021 2179
stats: connect 6 0.6813557942708334 0.02836146963164605 121.969970703125 0.505859375 1.0348088191105769 442
stats: page 209 10.897580087470091 4.716903991284676 135.64013671875 5.274169921875 11.846529284164859 1844
stats: 302 191 1157
stats: 200 73 844
stats: size_rcv 1793012 21160588
stats: newphase 0 3
stats: size_sent 148338 1026215
stats: connected -57 74
stats: 500 6 448
# stats: dump at 1480615740
stats: users 25 136
stats: {freemem,"tsung_controller@ip-172-31-13-122"} 1 3145.58203125 0.0 3158.48828125 3145.58203125 3152.975060096154 13
stats: {load,"tsung_controller@ip-172-31-13-122"} 1 0.05078125 0.0 0.078125 0.0 0.025841346153846152 13
stats: {recvpackets,"tsung_controller@ip-172-31-13-122"} 1 1398.0 0.0 3592 257 1571.0 12
stats: {sentpackets,"tsung_controller@ip-172-31-13-122"} 1 982.0 0.0 2534 171 1110.8333333333333 12
stats: {cpu,"tsung_controller@ip-172-31-13-122"} 1 2.747791952894995 0.0 6.866537717601548 1.1846001974333662 3.400362648507589 13
stats: session 49 24493.251699019453 7959.202097361543 69447.55004882813 1367.10205078125 13115.244074693976 374
stats: users_count 0 448
stats: finish_users_count 49 423
stats: request 157 23.201632165605094 20.17327772105453 135.64013671875 5.274169921875 9.830576076172676 2449
stats: connect 0 0 0 121.969970703125 0.505859375 1.0300750732421875 448
stats: page 123 29.64722473640752 21.322848770806115 135.64013671875 5.274169921875 11.749924129703484 2053
stats: 302 123 1280
stats: 200 34 878
stats: size_rcv 836230 21996818
stats: newphase 0 3
stats: size_sent 90404 1116619
stats: connected -49 25
stats: 500 0 448
# stats: dump at 1480615750
stats: users 13 136
stats: {freemem,"tsung_controller@ip-172-31-13-122"} 1 3145.625 0.0 3158.48828125 3145.58203125 3152.4469866071427 14
stats: {load,"tsung_controller@ip-172-31-13-122"} 1 0.0390625 0.0 0.078125 0.0 0.027622767857142856 14
stats: {recvpackets,"tsung_controller@ip-172-31-13-122"} 1 816.0 0.0 3592 257 1557.6923076923076 13
stats: {sentpackets,"tsung_controller@ip-172-31-13-122"} 1 610.0 0.0 2534 171 1100.923076923077 13
stats: {cpu,"tsung_controller@ip-172-31-13-122"} 1 2.3645320197044337 0.0 6.866537717601548 1.1846001974333662 3.3537504559638323 14
stats: session 12 33612.54402669271 7205.428349526048 69447.55004882813 1367.10205078125 14433.263870419622 423
stats: users_count 0 448
stats: finish_users_count 12 435
stats: request 33 90.33273407907197 123.46311952021834 516.31591796875 5.274169921875 10.636123200516838 2606
stats: connect 0 0 0 121.969970703125 0.505859375 1.0300750732421875 448
stats: page 27 110.44152379918981 129.86174073493416 516.31591796875 5.274169921875 12.761582206277286 2176
stats: 302 27 1307
stats: 200 6 884
stats: size_rcv 148114 22144932
stats: newphase 0 3
stats: size_sent 19032 1135651
stats: connected -12 13
stats: 500 0 448
# stats: dump at 1480615760
stats: users 9 136
stats: {freemem,"tsung_controller@ip-172-31-13-122"} 1 3148.28125 0.0 3158.48828125 3145.58203125 3151.9921875 15
stats: {load,"tsung_controller@ip-172-31-13-122"} 1 0.0390625 0.0 0.078125 0.0 0.028385416666666666 15
stats: {recvpackets,"tsung_controller@ip-172-31-13-122"} 1 173.0 0.0 3592 173 1504.7142857142858 14
stats: {sentpackets,"tsung_controller@ip-172-31-13-122"} 1 115.0 0.0 2534 115 1065.857142857143 14
stats: {cpu,"tsung_controller@ip-172-31-13-122"} 1 1.183431952662722 0.0 6.866537717601548 1.183431952662722 3.2878025602132057 15
stats: session 4 52584.04846191406 5401.706777070761 69447.55004882813 1367.10205078125 14962.3474609375 435
stats: users_count 0 448
stats: finish_users_count 4 439
stats: request 26 102.48623422475961 120.8592844554885 516.31591796875 5.274169921875 11.632708330866333 2639
stats: connect 0 0 0 121.969970703125 0.505859375 1.0300750732421875 448
stats: page 18 148.0982666015625 126.47490597392161 516.31591796875 5.274169921875 13.958748989304357 2203
stats: 302 18 1325
stats: 200 8 892
stats: size_rcv 195669 22340601
stats: newphase 0 3
stats: size_sent 15520 1151171
stats: connected -5 8
stats: 500 0 448
# stats: dump at 1480615770
stats: users 2 136
stats: {freemem,"tsung_controller@ip-172-31-13-122"} 1 3148.5 0.0 3158.48828125 3145.58203125 3151.76025390625 16
stats: {load,"tsung_controller@ip-172-31-13-122"} 1 0.03125 0.0 0.078125 0.0 0.029052734375 16
stats: {recvpackets,"tsung_controller@ip-172-31-13-122"} 1 175.0 0.0 3592 173 1415.9333333333334 15
stats: {sentpackets,"tsung_controller@ip-172-31-13-122"} 1 106.0 0.0 2534 106 1002.4666666666667 15
stats: {cpu,"tsung_controller@ip-172-31-13-122"} 1 1.3793103448275863 0.0 6.866537717601548 1.183431952662722 3.1562793972413004 16
stats: session 7 53229.00003487723 11124.214071001514 75943.82006835938 1367.10205078125 15305.142003087629 439
stats: users_count 0 448
stats: finish_users_count 7 446
stats: request 15 66.473876953125 102.14062833641574 516.31591796875 5.274169921875 12.519084193245778 2665
stats: connect 1 0.787109375 0.0 121.969970703125 0.505859375 1.0300750732421875 448
stats: page 13 76.72231820913461 106.17627496844374 516.31591796875 5.274169921875 15.045877002370835 2221
stats: 302 13 1338
stats: 200 2 894
stats: size_rcv 49768 22390369
stats: newphase 0 3
stats: size_sent 8076 1159247
stats: connected -7 1
stats: 500 0 448
# stats: dump at 1480615780
stats: users 0 136
stats: {freemem,"tsung_controller@ip-172-31-13-122"} 1 3148.36328125 0.0 3158.48828125 3145.58203125 3151.568474264706 17
stats: {load,"tsung_controller@ip-172-31-13-122"} 1 0.03125 0.0 0.078125 0.0 0.029181985294117647 17
stats: {recvpackets,"tsung_controller@ip-172-31-13-122"} 1 112.0 0.0 3592 112 1338.375 16
stats: {sentpackets,"tsung_controller@ip-172-31-13-122"} 1 76.0 0.0 2534 76 946.4375 16
stats: {cpu,"tsung_controller@ip-172-31-13-122"} 1 1.0848126232741617 0.0 6.866537717601548 1.0848126232741617 3.0517518059228466 17
stats: session 2 63319.8896484375 2741.886474609375 75943.82006835938 1367.10205078125 15900.359505828721 446
stats: users_count 0 448
stats: finish_users_count 2 448
stats: request 8 8.507720947265625 0.594996323031947 516.31591796875 5.274169921875 12.821069973618236 2680
stats: connect 1 0.867919921875 0.0 121.969970703125 0.505859375 1.029533946965479 449
stats: page 6 11.389322916666666 4.340898970167936 516.31591796875 5.274169921875 15.404781987011805 2234
stats: 302 6 1344
stats: 200 2 896
stats: size_rcv 49068 22439437
stats: newphase 0 3
stats: size_sent 4612 1163859
stats: connected -1 0
stats: 500 0 448
# stats: dump at 1480615781
stats: users 0 136
stats: {freemem,"tsung_controller@ip-172-31-13-122"} 0 0 0 3158.48828125 3145.58203125 3151.3904079861113 18
stats: {load,"tsung_controller@ip-172-31-13-122"} 0 0 0 0.078125 0.0 0.029296875 18
stats: {recvpackets,"tsung_controller@ip-172-31-13-122"} 0 0 0 3592 112 1266.235294117647 17
stats: {sentpackets,"tsung_controller@ip-172-31-13-122"} 0 0 0 2534 76 895.2352941176471 17
stats: {cpu,"tsung_controller@ip-172-31-13-122"} 0 0 0 6.866537717601548 1.0848126232741617 2.9424774068868085 18
stats: session 0 0 0 75943.82006835938 1367.10205078125 16112.05383682251 448
stats: users_count 0 448
stats: finish_users_count 0 448
stats: request 0 0 0 516.31591796875 5.274169921875 12.808232625325521 2688
stats: connect 0 0 0 121.969970703125 0.505859375 1.0291748046875002 450
stats: page 0 0 0 516.31591796875 5.274169921875 15.39402629307338 2240
stats: 302 0 1344
stats: 200 0 896
stats: size_rcv 0 22439437
stats: newphase 0 3
stats: size_sent 0 1163859
stats: connected 0 0
stats: 500 0 448
EndMonitor:{1480,615781,524419}
