# stats: dump at 1480609976
stats: users 4 5
stats: {freemem,"tsung_controller@ip-172-31-13-122"} 1 3156.67578125 0 3156.67578125 3156.67578125 0 0
stats: {load,"tsung_controller@ip-172-31-13-122"} 1 0.03125 0 0.03125 0.03125 0 0
stats: {cpu,"tsung_controller@ip-172-31-13-122"} 1 2.8361288333875687 0 2.8361288333875687 2.8361288333875687 0 0
stats: session 7 1291.3920200892858 1108.8370598251963 3626.114990234375 81.984130859375 0 0
stats: users_count 11 11
stats: finish_users_count 7 7
stats: request 10 24.3322265625 36.593150296790434 134.06396484375 10.72119140625 0 0
stats: connect 10 13.6529296875 36.238107594498224 122.36083984375 1.016845703125 0 0
stats: page 10 24.3322265625 36.593150296790434 134.06396484375 10.72119140625 0 0
stats: 200 10 10
stats: size_rcv 248293 248293
stats: size_sent 1850 1850
stats: connected 3 3
# stats: dump at 1480609986
stats: users 1 5
stats: {freemem,"tsung_controller@ip-172-31-13-122"} 1 3155.9609375 0.0 3156.67578125 3155.9609375 3156.67578125 1
stats: {load,"tsung_controller@ip-172-31-13-122"} 1 0.01953125 0.0 0.03125 0.01953125 0.03125 1
stats: {recvpackets,"tsung_controller@ip-172-31-13-122"} 1 273 0 273 273 0 0
stats: {sentpackets,"tsung_controller@ip-172-31-13-122"} 1 243 0 243 243 0 0
stats: {cpu,"tsung_controller@ip-172-31-13-122"} 1 2.4630541871921183 0.0 2.8361288333875687 2.4630541871921183 2.8361288333875687 1
stats: session 12 2229.1998901367188 2301.833211168737 8658.128173828125 28.096923828125 1291.3920200892858 7
stats: users_count 9 20
stats: finish_users_count 12 19
stats: request 9 12.225206163194445 1.0938433780537793 134.06396484375 10.72119140625 24.3322265625 10
stats: connect 9 1.6335720486111112 0.3091859876854851 122.36083984375 1.016845703125 13.6529296875 10
stats: page 9 12.225206163194445 1.0938433780537793 134.06396484375 10.72119140625 24.3322265625 10
stats: 200 9 19
stats: size_rcv 224720 473013
stats: size_sent 1665 3515
stats: connected -2 1
# stats: dump at 1480609996
stats: users 3 5
stats: {freemem,"tsung_controller@ip-172-31-13-122"} 1 3156.00390625 0.0 3156.67578125 3155.9609375 3156.318359375 2
stats: {load,"tsung_controller@ip-172-31-13-122"} 1 0.01953125 0.0 0.03125 0.01953125 0.025390625 2
stats: {recvpackets,"tsung_controller@ip-172-31-13-122"} 1 216.0 0.0 273 216 273.0 1
stats: {sentpackets,"tsung_controller@ip-172-31-13-122"} 1 195.0 0.0 243 195 243.0 1
stats: {cpu,"tsung_controller@ip-172-31-13-122"} 1 1.477832512315271 0.0 2.8361288333875687 1.477832512315271 2.6495915102898433 2
stats: session 8 1784.9926147460938 1800.9250496098512 8658.128173828125 28.096923828125 1883.6917274876644 19
stats: users_count 10 30
stats: finish_users_count 8 27
stats: request 11 12.917702414772727 1.2903089332978321 134.06396484375 9.93115234375 18.59732216282895 19
stats: connect 11 1.9139959161931819 0.7599941129641037 122.36083984375 1.016845703125 7.9595497532894735 19
stats: page 11 12.917702414772727 1.2903089332978321 134.06396484375 9.93115234375 18.59732216282895 19
stats: 200 11 30
stats: size_rcv 273971 746984
stats: size_sent 2035 5550
stats: connected 2 3
# stats: dump at 1480610006
stats: users 1 5
stats: {freemem,"tsung_controller@ip-172-31-13-122"} 1 3155.859375 0.0 3156.67578125 3155.859375 3156.2135416666665 3
stats: {load,"tsung_controller@ip-172-31-13-122"} 1 0.01953125 0.0 0.03125 0.01953125 0.0234375 3
stats: {recvpackets,"tsung_controller@ip-172-31-13-122"} 1 213.0 0.0 273 213 244.5 2
stats: {sentpackets,"tsung_controller@ip-172-31-13-122"} 1 195.0 0.0 243 195 219.0 2
stats: {cpu,"tsung_controller@ip-172-31-13-122"} 1 1.282051282051282 0.0 2.8361288333875687 1.282051282051282 2.259005177631652 3
stats: session 19 1578.5929019325658 1935.628013493413 8658.128173828125 28.096923828125 1854.4475459346065 27
stats: users_count 17 47
stats: finish_users_count 19 46
stats: request 17 11.714973000919118 1.2838860684634796 134.06396484375 9.39013671875 16.514794921875 30
stats: connect 17 1.5391343060661764 0.35092083349846637 122.36083984375 1.016845703125 5.7428466796875 30
stats: page 17 11.714973000919118 1.2838860684634796 134.06396484375 9.39013671875 16.514794921875 30
stats: 200 17 47
stats: size_rcv 424842 1171826
stats: newphase 1 1
stats: size_sent 3145 8695
stats: connected -1 2
# stats: dump at 1480610016
stats: users 1 6
stats: {freemem,"tsung_controller@ip-172-31-13-122"} 1 3155.75390625 0.0 3156.67578125 3155.75390625 3156.125 4
stats: {load,"tsung_controller@ip-172-31-13-122"} 1 0.01171875 0.0 0.03125 0.01171875 0.0224609375 4
stats: {recvpackets,"tsung_controller@ip-172-31-13-122"} 1 490.0 0.0 490 213 234.0 3
stats: {sentpackets,"tsung_controller@ip-172-31-13-122"} 1 441.0 0.0 441 195 211.0 3
stats: {cpu,"tsung_controller@ip-172-31-13-122"} 1 1.582591493570722 0.0 2.8361288333875687 1.282051282051282 2.0147667037365595 4
stats: session 19 1894.2857216282894 1657.5453656272573 8658.128173828125 28.096923828125 1740.5075842815897 46
stats: users_count 19 66
stats: finish_users_count 19 65
stats: request 19 11.922800164473685 1.3280746487711874 134.06396484375 9.39013671875 14.778689120678191 47
stats: connect 19 1.5719315378289473 0.36924289027676604 122.36083984375 1.016845703125 4.222354970079787 47
stats: page 19 11.922800164473685 1.3280746487711874 134.06396484375 9.39013671875 14.778689120678191 47
stats: 200 19 66
stats: size_rcv 473022 1644848
stats: newphase 0 1
stats: size_sent 3515 12210
stats: connected 1 3
# stats: dump at 1480610026
stats: users 1 7
stats: {freemem,"tsung_controller@ip-172-31-13-122"} 1 3155.79296875 0.0 3156.67578125 3155.75390625 3156.05078125 5
stats: {load,"tsung_controller@ip-172-31-13-122"} 1 0.01171875 0.0 0.03125 0.01171875 0.0203125 5
stats: {recvpackets,"tsung_controller@ip-172-31-13-122"} 1 403.0 0.0 490 213 298.0 4
stats: {sentpackets,"tsung_controller@ip-172-31-13-122"} 1 354.0 0.0 441 195 268.5 4
stats: {cpu,"tsung_controller@ip-172-31-13-122"} 1 1.8682399213372665 0.0 2.8361288333875687 1.282051282051282 1.9283316617033919 5
stats: session 16 1583.598892211914 1055.2933986150776 8658.128173828125 28.096923828125 1785.458116736779 65
stats: users_count 16 82
stats: finish_users_count 16 81
stats: request 16 11.792724609375 1.2351848263604717 134.06396484375 9.39013671875 13.956539269649621 66
stats: connect 16 1.62420654296875 0.4464803865710158 122.36083984375 1.016845703125 3.459354285037879 66
stats: page 16 11.792724609375 1.2351848263604717 134.06396484375 9.39013671875 13.956539269649621 66
stats: 200 16 82
stats: size_rcv 397101 2041949
stats: newphase 0 1
stats: size_sent 2960 15170
stats: connected 0 3
# stats: dump at 1480610036
stats: users 4 8
stats: {freemem,"tsung_controller@ip-172-31-13-122"} 1 3155.40625 0.0 3156.67578125 3155.40625 3156.0078125 6
stats: {load,"tsung_controller@ip-172-31-13-122"} 1 0.01171875 0.0 0.03125 0.01171875 0.018880208333333332 6
stats: {recvpackets,"tsung_controller@ip-172-31-13-122"} 1 338.0 0.0 490 213 319.0 5
stats: {sentpackets,"tsung_controller@ip-172-31-13-122"} 1 304.0 0.0 441 195 285.6 5
stats: {cpu,"tsung_controller@ip-172-31-13-122"} 1 1.4763779527559056 0.0 2.8361288333875687 1.282051282051282 1.918316371642371 6
stats: session 19 1610.1287649054277 1277.238647642928 8658.128173828125 15.116943359375 1745.584689670139 81
stats: users_count 22 104
stats: finish_users_count 19 100
stats: request 22 13.247125799005682 4.805025174796427 134.06396484375 9.385009765625 13.53433153105945 82
stats: connect 22 2.639071377840909 4.470054951597195 122.36083984375 1.016845703125 3.101276676829268 82
stats: page 22 13.247125799005682 4.805025174796427 134.06396484375 9.385009765625 13.53433153105945 82
stats: 200 22 104
stats: size_rcv 546905 2588854
stats: newphase 1 2
stats: size_sent 4070 19240
stats: connected 2 5
# stats: dump at 1480610046
stats: users 6 8
stats: {freemem,"tsung_controller@ip-172-31-13-122"} 1 3155.32421875 0.0 3156.67578125 3155.32421875 3155.921875 7
stats: {load,"tsung_controller@ip-172-31-13-122"} 1 0.01171875 0.0 0.03125 0.01171875 0.017857142857142856 7
stats: {recvpackets,"tsung_controller@ip-172-31-13-122"} 1 583.0 0.0 583 213 322.1666666666667 6
stats: {sentpackets,"tsung_controller@ip-172-31-13-122"} 1 524.0 0.0 524 195 288.6666666666667 6
stats: {cpu,"tsung_controller@ip-172-31-13-122"} 1 1.87192118226601 0.0 2.8361288333875687 1.282051282051282 1.8551823118014474 7
stats: session 31 1094.2812815020163 876.1380716107565 8658.128173828125 15.116943359375 1719.8480639648437 100
stats: users_count 33 137
stats: finish_users_count 31 131
stats: request 32 12.790992736816406 1.9997721849266936 134.06396484375 9.385009765625 13.47357647235577 104
stats: connect 32 1.85333251953125 0.760571094513282 122.36083984375 0.969970703125 3.0035024789663463 104
stats: page 32 12.790992736816406 1.9997721849266936 134.06396484375 9.385009765625 13.47357647235577 104
stats: 200 32 136
stats: size_rcv 800446 3389300
stats: newphase 0 2
stats: size_sent 5920 25160
stats: connected 0 5
# stats: dump at 1480610056
stats: users 7 11
stats: {freemem,"tsung_controller@ip-172-31-13-122"} 1 3155.3984375 0.0 3156.67578125 3155.32421875 3155.84716796875 8
stats: {load,"tsung_controller@ip-172-31-13-122"} 1 0.01171875 0.0 0.03125 0.01171875 0.01708984375 8
stats: {recvpackets,"tsung_controller@ip-172-31-13-122"} 1 806.0 0.0 806 213 359.42857142857144 7
stats: {sentpackets,"tsung_controller@ip-172-31-13-122"} 1 718.0 0.0 718 195 322.2857142857143 7
stats: {cpu,"tsung_controller@ip-172-31-13-122"} 1 2.171767028627838 0.0 2.8361288333875687 1.282051282051282 1.8572746706095178 8
stats: session 33 2461.450720584754 2938.321259838113 15069.320068359375 15.116943359375 1571.8131765118083 131
stats: users_count 34 171
stats: finish_users_count 33 164
stats: request 35 12.380461774553572 1.9390802821828712 134.06396484375 9.385009765625 13.3129685345818 136
stats: connect 35 1.69921875 0.6359325988516397 122.36083984375 0.969970703125 2.7328742532169117 136
stats: page 35 12.380461774553572 1.9390802821828712 134.06396484375 9.385009765625 13.3129685345818 136
stats: 200 35 171
stats: size_rcv 877382 4266682
stats: newphase 0 2
stats: size_sent 6475 31635
stats: connected 3 8
# stats: dump at 1480610066
stats: users 17 22
stats: {freemem,"tsung_controller@ip-172-31-13-122"} 1 3154.90625 0.0 3156.67578125 3154.90625 3155.797309027778 9
stats: {load,"tsung_controller@ip-172-31-13-122"} 1 0.01171875 0.0 0.03125 0.01171875 0.016493055555555556 9
stats: {recvpackets,"tsung_controller@ip-172-31-13-122"} 1 793.0 0.0 806 213 415.25 8
stats: {sentpackets,"tsung_controller@ip-172-31-13-122"} 1 700.0 0.0 718 195 371.75 8
stats: {cpu,"tsung_controller@ip-172-31-13-122"} 1 2.1653543307086616 0.0 2.8361288333875687 1.282051282051282 1.8922182659448867 9
stats: session 65 2103.567750901442 2119.005623591164 15069.320068359375 15.116943359375 1750.8256091606327 164
stats: users_count 75 246
stats: finish_users_count 65 229
stats: request 74 11.903541358741554 2.056389586000441 134.06396484375 8.677001953125 13.122104577850877 171
stats: connect 74 1.4719535209037162 0.4769736388817607 122.36083984375 0.94482421875 2.521307337353801 171
stats: page 74 11.903541358741554 2.056389586000441 134.06396484375 8.677001953125 13.122104577850877 171
stats: 200 74 245
stats: size_rcv 1865910 6132592
stats: newphase 1 3
stats: size_sent 13690 45325
stats: connected 10 18
# stats: dump at 1480610076
stats: users 17 22
stats: {freemem,"tsung_controller@ip-172-31-13-122"} 1 3154.4609375 0.0 3156.67578125 3154.4609375 3155.708203125 10
stats: {load,"tsung_controller@ip-172-31-13-122"} 1 0.01171875 0.0 0.03125 0.01171875 0.016015625 10
stats: {recvpackets,"tsung_controller@ip-172-31-13-122"} 1 1987.0 0.0 1987 213 457.22222222222223 9
stats: {sentpackets,"tsung_controller@ip-172-31-13-122"} 1 1783.0 0.0 1783 195 408.22222222222223 9
stats: {cpu,"tsung_controller@ip-172-31-13-122"} 1 4.223968565815324 0.0 4.223968565815324 1.282051282051282 1.9195318724212644 10
stats: session 85 1783.8444450827205 1540.143548998596 15069.320068359375 15.116943359375 1850.9489245019104 229
stats: users_count 85 331
stats: finish_users_count 85 314
stats: request 84 11.626842680431546 1.617683627820737 134.06396484375 8.35498046875 12.754048748405612 245
stats: connect 84 1.4862816220238093 0.42767328650368236 122.36083984375 0.94482421875 2.204359654017857 245
stats: page 84 11.626842680431546 1.617683627820737 134.06396484375 8.35498046875 12.754048748405612 245
stats: 200 84 329
stats: size_rcv 2108960 8241552
stats: newphase 0 3
stats: size_sent 15540 60865
stats: connected -3 15
# stats: dump at 1480610086
stats: users 17 22
stats: {freemem,"tsung_controller@ip-172-31-13-122"} 1 3154.28125 0.0 3156.67578125 3154.28125 3155.594815340909 11
stats: {load,"tsung_controller@ip-172-31-13-122"} 1 0.0 0.0 0.03125 0.0 0.015625 11
stats: {recvpackets,"tsung_controller@ip-172-31-13-122"} 1 1810.0 0.0 1987 213 610.2 10
stats: {sentpackets,"tsung_controller@ip-172-31-13-122"} 1 1627.0 0.0 1783 195 545.7 10
stats: {cpu,"tsung_controller@ip-172-31-13-122"} 1 4.023552502453385 0.0 4.223968565815324 1.282051282051282 2.1290261172752696 11
stats: session 77 2122.4234634993913 2072.986248587542 15069.320068359375 15.116943359375 1832.783699181429 314
stats: users_count 77 408
stats: finish_users_count 77 391
stats: request 79 11.674919031843356 1.7370950078674567 134.06396484375 8.35498046875 12.466251454454786 329
stats: connect 79 1.549934483781646 0.6611184786010652 122.36083984375 0.93896484375 2.0210205820193767 329
stats: page 79 11.674919031843356 1.7370950078674567 134.06396484375 8.35498046875 12.466251454454786 329
stats: 200 79 408
stats: size_rcv 1990005 10231557
stats: newphase 0 3
stats: size_sent 14615 75480
stats: connected 3 18
# stats: dump at 1480610096
stats: users 26 29
stats: {freemem,"tsung_controller@ip-172-31-13-122"} 1 3154.28125 0.0 3156.67578125 3154.28125 3155.4853515625 12
stats: {load,"tsung_controller@ip-172-31-13-122"} 1 0.0 0.0 0.03125 0.0 0.014322916666666666 12
stats: {recvpackets,"tsung_controller@ip-172-31-13-122"} 1 1848.0 0.0 1987 213 719.2727272727273 11
stats: {sentpackets,"tsung_controller@ip-172-31-13-122"} 1 1649.0 0.0 1783 195 644.0 11
stats: {cpu,"tsung_controller@ip-172-31-13-122"} 1 3.8348082595870205 0.0 4.223968565815324 1.282051282051282 2.2869033160401124 12
stats: session 112 1857.2689470563619 1732.1283558539296 15069.320068359375 15.116943359375 1889.8227320522299 391
stats: users_count 121 529
stats: finish_users_count 112 503
stats: request 121 11.77868147920971 2.9789755949590058 134.06396484375 8.304931640625 12.313027774586397 408
stats: connect 121 1.7818754842458675 2.4660919726308297 122.36083984375 0.93017578125 1.9298053816253065 408
stats: page 121 11.77868147920971 2.9789755949590058 134.06396484375 8.304931640625 12.313027774586397 408
stats: 200 121 529
stats: size_rcv 3027208 13258765
stats: newphase 1 4
stats: size_sent 22385 97865
stats: connected 10 28
# stats: dump at 1480610106
stats: users 27 47
stats: {freemem,"tsung_controller@ip-172-31-13-122"} 1 3151.984375 0.0 3156.67578125 3151.984375 3155.3927283653848 13
stats: {load,"tsung_controller@ip-172-31-13-122"} 1 0.0 0.0 0.03125 0.0 0.013221153846153846 13
stats: {recvpackets,"tsung_controller@ip-172-31-13-122"} 1 3366.0 0.0 3366 213 813.3333333333334 12
stats: {sentpackets,"tsung_controller@ip-172-31-13-122"} 1 2984.0 0.0 2984 195 727.75 12
stats: {cpu,"tsung_controller@ip-172-31-13-122"} 1 5.325443786982249 0.0 5.325443786982249 1.282051282051282 2.4059729270821824 13
stats: session 175 1823.1403515625 1780.5457983573326 15069.320068359375 15.116943359375 1882.5741755521558 503
stats: users_count 176 705
stats: finish_users_count 175 678
stats: request 175 13.269547991071434 3.971619896530521 134.06396484375 8.304931640625 12.190804897950143 529
stats: connect 175 2.0627371651785706 2.442482579068953 122.36083984375 0.892822265625 1.8959688644553403 529
stats: page 175 13.269547991071434 3.971619896530521 134.06396484375 8.304931640625 12.190804897950143 529
stats: 200 175 704
stats: size_rcv 4402787 17661552
stats: newphase 0 4
stats: size_sent 32375 130240
stats: connected 0 28
# stats: dump at 1480610116
stats: users 27 47
stats: {freemem,"tsung_controller@ip-172-31-13-122"} 1 3150.90625 0.0 3156.67578125 3150.90625 3155.1492745535716 14
stats: {load,"tsung_controller@ip-172-31-13-122"} 1 0.0 0.0 0.03125 0.0 0.012276785714285714 14
stats: {recvpackets,"tsung_controller@ip-172-31-13-122"} 1 4108.0 0.0 4108 213 1009.6923076923077 13
stats: {sentpackets,"tsung_controller@ip-172-31-13-122"} 1 3599.0 0.0 3599 195 901.3076923076923 13
stats: {cpu,"tsung_controller@ip-172-31-13-122"} 1 7.066795740561471 0.0 7.066795740561471 1.282051282051282 2.6145065599321873 14
stats: session 154 1930.7623465401787 1987.435498038198 15069.320068359375 14.0458984375 1867.2335867642653 678
stats: users_count 154 859
stats: finish_users_count 154 832
stats: request 155 12.222615297379033 2.3148068899985925 134.06396484375 8.304931640625 12.458958365700465 704
stats: connect 155 1.6424395161290326 0.9014159592790988 122.36083984375 0.86083984375 1.937424052845348 704
stats: page 155 12.222615297379033 2.3148068899985925 134.06396484375 8.304931640625 12.458958365700465 704
stats: 200 155 859
stats: size_rcv 3912645 21574197
stats: newphase 0 4
stats: size_sent 28675 158915
stats: connected 0 28
# stats: dump at 1480610126
stats: users 64 71
stats: {freemem,"tsung_controller@ip-172-31-13-122"} 1 3150.80859375 0.0 3156.67578125 3150.80859375 3154.86640625 15
stats: {load,"tsung_controller@ip-172-31-13-122"} 1 0.0 0.0 0.03125 0.0 0.011458333333333333 15
stats: {recvpackets,"tsung_controller@ip-172-31-13-122"} 1 3405.0 0.0 4108 213 1231.0 14
stats: {sentpackets,"tsung_controller@ip-172-31-13-122"} 1 3067.0 0.0 3599 195 1094.0 14
stats: {cpu,"tsung_controller@ip-172-31-13-122"} 1 6.102362204724409 0.0 7.066795740561471 1.282051282051282 2.9113258386408063 15
stats: session 263 1592.6983721482886 1791.0824707939323 16321.071044921875 13.049072265625 1878.992515857403 832
stats: users_count 300 1159
stats: finish_users_count 263 1095
stats: request 297 11.758788240477687 2.6534345717832153 134.06396484375 8.304931640625 12.41631206117215 859
stats: connect 297 1.537421743476431 0.5730228714117303 122.36083984375 0.86083984375 1.8841963424949069 859
stats: page 297 11.758788240477687 2.6534345717832153 134.06396484375 8.304931640625 12.41631206117215 859
stats: 200 297 1156
stats: size_rcv 7469520 29043717
stats: newphase 1 5
stats: size_sent 54945 213860
stats: connected 41 69
# stats: dump at 1480610136
stats: users 70 76
stats: {freemem,"tsung_controller@ip-172-31-13-122"} 1 3149.40234375 0.0 3156.67578125 3149.40234375 3154.61279296875 16
stats: {load,"tsung_controller@ip-172-31-13-122"} 1 0.078125 0.0 0.078125 0.0 0.0107421875 16
stats: {recvpackets,"tsung_controller@ip-172-31-13-122"} 1 7803.0 0.0 7803 213 1375.9333333333334 15
stats: {sentpackets,"tsung_controller@ip-172-31-13-122"} 1 6830.0 0.0 6830 195 1225.5333333333333 15
stats: {cpu,"tsung_controller@ip-172-31-13-122"} 1 11.165523996082271 0.0 11.165523996082271 1.282051282051282 3.1107656115210314 16
stats: session 325 1984.1422618689896 1995.6961226756282 16321.071044921875 13.049072265625 1810.229630199415 1095
stats: users_count 331 1490
stats: finish_users_count 325 1420
stats: request 329 12.361456502897033 4.345146099111833 134.06396484375 8.304931640625 12.247380768139058 1156
stats: connect 329 1.635964808130699 1.0597042669753822 122.36083984375 0.86083984375 1.7951028685256272 1156
stats: page 329 12.361456502897033 4.345146099111833 134.06396484375 8.304931640625 12.247380768139058 1156
stats: 200 329 1485
stats: size_rcv 8326422 37370139
stats: newphase 0 5
stats: size_sent 60865 274725
stats: connected -3 66
# stats: dump at 1480610146
stats: users 74 80
stats: {freemem,"tsung_controller@ip-172-31-13-122"} 1 3149.6875 0.0 3156.67578125 3149.40234375 3154.3062959558824 17
stats: {load,"tsung_controller@ip-172-31-13-122"} 1 0.05859375 0.0 0.078125 0.0 0.014705882352941176 17
stats: {recvpackets,"tsung_controller@ip-172-31-13-122"} 1 7351.0 0.0 7803 213 1777.625 16
stats: {sentpackets,"tsung_controller@ip-172-31-13-122"} 1 6466.0 0.0 6830 195 1575.8125 16
stats: {cpu,"tsung_controller@ip-172-31-13-122"} 1 12.5 0.0 12.5 1.282051282051282 3.584574928259928 17
stats: session 314 2204.8082493095644 2261.5629302291923 16321.071044921875 13.049072265625 1850.0335775885783 1420
stats: users_count 318 1808
stats: finish_users_count 314 1734
stats: request 323 11.677584716041016 2.1921498461528754 134.06396484375 8.304931640625 12.272654112742003 1485
stats: connect 323 1.614869297842492 0.8321847045418771 122.36083984375 0.85302734375 1.7598460187815657 1485
stats: page 323 11.677584716041016 2.1921498461528754 134.06396484375 8.304931640625 12.272654112742003 1485
stats: 200 323 1808
stats: size_rcv 8140951 45511090
stats: newphase 0 5
stats: size_sent 59755 334480
stats: connected 10 76
# stats: dump at 1480610156
stats: users 109 137
stats: {freemem,"tsung_controller@ip-172-31-13-122"} 1 3148.0390625 0.0 3156.67578125 3148.0390625 3154.0496961805557 18
stats: {load,"tsung_controller@ip-172-31-13-122"} 1 0.05078125 0.0 0.078125 0.0 0.017144097222222224 18
stats: {recvpackets,"tsung_controller@ip-172-31-13-122"} 1 7105.0 0.0 7803 213 2105.470588235294 17
stats: {sentpackets,"tsung_controller@ip-172-31-13-122"} 1 6286.0 0.0 6830 195 1863.4705882352941 17
stats: {cpu,"tsung_controller@ip-172-31-13-122"} 1 11.251212415130942 0.0 12.5 1.282051282051282 4.0798763211343765 18
stats: session 466 1780.6882507586172 1694.1372366664646 16321.071044921875 13.049072265625 1914.2776646245584 1734
stats: users_count 501 2309
stats: finish_users_count 466 2200
stats: request 501 11.607290302208087 7.087571994213942 139.3369140625 8.0400390625 12.16634470171633 1808
stats: connect 501 1.6787382266716562 3.7500919724119868 122.36083984375 0.83203125 1.7339458634368086 1808
stats: page 501 11.607290302208087 7.087571994213942 139.3369140625 8.0400390625 12.16634470171633 1808
stats: 200 501 2309
stats: size_rcv 12656780 58167870
stats: newphase 1 6
stats: size_sent 92685 427165
stats: connected 36 112
# stats: dump at 1480610166
stats: users 134 141
stats: {freemem,"tsung_controller@ip-172-31-13-122"} 1 3145.08203125 0.0 3156.67578125 3145.08203125 3153.7333470394738 19
stats: {load,"tsung_controller@ip-172-31-13-122"} 1 0.05078125 0.0 0.078125 0.0 0.018914473684210526 19
stats: {recvpackets,"tsung_controller@ip-172-31-13-122"} 1 14071.0 0.0 14071 213 2383.222222222222 18
stats: {sentpackets,"tsung_controller@ip-172-31-13-122"} 1 12383.0 0.0 12383 195 2109.1666666666665 18
stats: {cpu,"tsung_controller@ip-172-31-13-122"} 1 20.49808429118774 0.0 20.49808429118774 1.282051282051282 4.457315062923669 19
stats: session 591 1986.4130388443834 2040.6856198418027 16321.071044921875 13.049072265625 1885.9809978693181 2200
stats: users_count 616 2925
stats: finish_users_count 591 2791
stats: request 612 11.683374741498168 2.7187574534678127 139.3369140625 8.0400390625 12.04504272936742 2309
stats: connect 615 1.5427785981961388 0.9593983015623229 122.36083984375 0.824951171875 1.721967073476072 2309
stats: page 612 11.683374741498168 2.7187574534678127 139.3369140625 8.0400390625 12.04504272936742 2309
stats: 200 613 2922
stats: size_rcv 15497413 73665283
stats: newphase 0 6
stats: size_sent 113775 540940
stats: connected 24 136
# stats: dump at 1480610176
stats: users 118 141
stats: {freemem,"tsung_controller@ip-172-31-13-122"} 1 3143.94921875 0.0 3156.67578125 3143.94921875 3153.30078125 20
stats: {load,"tsung_controller@ip-172-31-13-122"} 1 0.0390625 0.0 0.078125 0.0 0.0205078125 20
stats: {recvpackets,"tsung_controller@ip-172-31-13-122"} 1 14030.0 0.0 14071 213 2998.3684210526317 19
stats: {sentpackets,"tsung_controller@ip-172-31-13-122"} 1 12539.0 0.0 12539 195 2649.8947368421054 19
stats: {cpu,"tsung_controller@ip-172-31-13-122"} 1 20.29126213592233 0.0 20.49808429118774 1.282051282051282 5.2593535243368725 20
stats: session 609 2029.378055967132 2023.3957227633682 16321.071044921875 13.049072265625 1907.247689455224 2791
stats: users_count 593 3518
stats: finish_users_count 609 3400
stats: request 596 11.395933829697986 2.578836722858567 139.3369140625 8.0400390625 11.96926703317571 2921
stats: connect 593 1.4905172158252527 1.2952403793896745 122.36083984375 0.824951171875 1.6842786629777273 2924
stats: page 596 11.395933829697986 2.578836722858567 139.3369140625 8.0400390625 11.96926703317571 2921
stats: 200 595 3517
stats: size_rcv 15070698 88735981
stats: newphase 0 6
stats: size_sent 109705 650645
stats: connected -19 117
# stats: dump at 1480610186
stats: users 230 251
stats: {freemem,"tsung_controller@ip-172-31-13-122"} 1 3139.71875 0.0 3156.67578125 3139.71875 3152.85546875 21
stats: {load,"tsung_controller@ip-172-31-13-122"} 1 0.03125 0.0 0.078125 0.0 0.021391369047619048 21
stats: {recvpackets,"tsung_controller@ip-172-31-13-122"} 1 14423.0 0.0 14423 213 3549.95 20
stats: {sentpackets,"tsung_controller@ip-172-31-13-122"} 1 12720.0 0.0 12720 195 3144.35 20
stats: {cpu,"tsung_controller@ip-172-31-13-122"} 1 21.00760456273764 0.0 21.00760456273764 1.282051282051282 5.975158696317133 21
stats: session 983 1674.8325267337714 1609.9124249277577 16321.071044921875 13.049072265625 1929.1233933392687 3400
stats: users_count 1095 4613
stats: finish_users_count 983 4383
stats: request 1039 12.792311990570857 17.580378515642476 332.550048828125 7.89697265625 11.872108492012012 3517
stats: connect 1040 1.537892972506009 1.6158687650847152 122.36083984375 0.7900390625 1.6516086208505119 3517
stats: page 1039 12.792311990570857 17.580378515642476 332.550048828125 7.89697265625 11.872108492012012 3517
stats: 200 1039 4556
stats: size_rcv 26200361 114936342
stats: newphase 1 7
stats: size_sent 192400 843045
stats: connected 121 238
# stats: dump at 1480610196
stats: users 242 280
stats: {freemem,"tsung_controller@ip-172-31-13-122"} 1 3130.6875 0.0 3156.67578125 3130.6875 3152.2583451704545 22
stats: {load,"tsung_controller@ip-172-31-13-122"} 1 0.03125 0.0 0.078125 0.0 0.021839488636363636 22
stats: {recvpackets,"tsung_controller@ip-172-31-13-122"} 1 29107.0 0.0 29107 213 4067.714285714286 21
stats: {sentpackets,"tsung_controller@ip-172-31-13-122"} 1 25274.0 0.0 25274 195 3600.3333333333335 21
stats: {cpu,"tsung_controller@ip-172-31-13-122"} 1 35.38315988647114 0.0 35.38315988647114 1.282051282051282 6.658451690245338 22
stats: session 1235 1924.700143716789 1810.7999405601242 16334.035888671875 13.049072265625 1872.0921540344082 4383
stats: users_count 1247 5860
stats: finish_users_count 1235 5618
stats: request 1244 11.107544730330595 3.0440407633833777 332.550048828125 7.89697265625 12.081961748158335 4556
stats: connect 1245 1.433932017131026 1.101579477307939 122.36083984375 0.7900390625 1.625656399152403 4557
stats: page 1244 11.107544730330595 3.0440407633833777 332.550048828125 7.89697265625 12.081961748158335 4556
stats: 200 1244 5800
stats: size_rcv 31333925 146270267
stats: newphase 0 7
stats: size_sent 230325 1073370
stats: connected 11 249
# stats: dump at 1480610206
stats: users 255 281
stats: {freemem,"tsung_controller@ip-172-31-13-122"} 1 3127.7265625 0.0 3156.67578125 3127.7265625 3151.3204823369565 23
stats: {load,"tsung_controller@ip-172-31-13-122"} 1 0.1015625 0.0 0.1015625 0.0 0.022248641304347828 23
stats: {recvpackets,"tsung_controller@ip-172-31-13-122"} 1 28304.0 0.0 29107 213 5205.863636363636 22
stats: {sentpackets,"tsung_controller@ip-172-31-13-122"} 1 24416.0 0.0 25274 195 4585.5 22
stats: {cpu,"tsung_controller@ip-172-31-13-122"} 1 34.476190476190474 0.0 35.38315988647114 1.282051282051282 7.907352046602981 23
stats: session 1246 2024.5627596198453 2094.099541242162 16648.1611328125 13.049072265625 1883.6569221472134 5618
stats: users_count 1259 7119
stats: finish_users_count 1246 6864
stats: request 1266 11.235939736991515 2.5373813563115637 332.550048828125 7.89697265625 11.872966098127696 5800
stats: connect 1265 1.4713261178359687 0.9245723290134927 122.36083984375 0.7900390625 1.5845159552336483 5802
stats: page 1266 11.235939736991515 2.5373813563115637 332.550048828125 7.89697265625 11.872966098127696 5800
stats: 200 1266 7066
stats: size_rcv 31902853 178173120
stats: newphase 0 7
stats: size_sent 234025 1307395
stats: connected 4 253
# stats: dump at 1480610216
stats: users 442 465
stats: {freemem,"tsung_controller@ip-172-31-13-122"} 1 3114.35546875 0.0 3156.67578125 3114.35546875 3150.33740234375 24
stats: {load,"tsung_controller@ip-172-31-13-122"} 1 0.30859375 0.0 0.30859375 0.0 0.025553385416666668 24
stats: {recvpackets,"tsung_controller@ip-172-31-13-122"} 1 30386.0 0.0 30386 213 6210.130434782609 23
stats: {sentpackets,"tsung_controller@ip-172-31-13-122"} 1 25918.0 0.0 25918 195 5447.695652173913 23
stats: {cpu,"tsung_controller@ip-172-31-13-122"} 1 35.91160220994475 0.0 35.91160220994475 1.282051282051282 9.014386981169126 24
stats: session 1772 1934.7866434136045 1861.2038422796445 16648.1611328125 13.049072265625 1909.2351088446053 6864
stats: users_count 1959 9078
stats: finish_users_count 1772 8636
stats: request 1922 12.946876930768742 4.477629825220239 332.550048828125 7.89697265625 11.758831457142925 7066
stats: connect 1921 1.815312637257613 1.7979926069914571 122.36083984375 0.77685546875 1.5642548622227432 7067
stats: page 1922 12.946876930768742 4.477629825220239 332.550048828125 7.89697265625 11.758831457142925 7066
stats: 200 1922 8988
stats: size_rcv 48330299 226503419
stats: newphase 1 8
stats: size_sent 355385 1662780
stats: connected 182 435
# stats: dump at 1480610226
stats: users 472 504
stats: {freemem,"tsung_controller@ip-172-31-13-122"} 1 3082.94921875 0.0 3156.67578125 3082.94921875 3148.898125 25
stats: {load,"tsung_controller@ip-172-31-13-122"} 1 0.33984375 0.0 0.33984375 0.0 0.036875 25
stats: {recvpackets,"tsung_controller@ip-172-31-13-122"} 1 49515.0 0.0 49515 213 7217.458333333333 24
stats: {sentpackets,"tsung_controller@ip-172-31-13-122"} 1 39118.0 0.0 39118 195 6300.625 24
stats: {cpu,"tsung_controller@ip-172-31-13-122"} 1 47.08994708994709 0.0 47.08994708994709 1.282051282051282 10.090275590320152 25
stats: session 2174 2027.6285894511498 1945.2935059837007 16648.1611328125 13.049072265625 1914.4779665630242 8636
stats: users_count 2204 11282
stats: finish_users_count 2174 10810
stats: request 2209 18.69617732588986 64.55059380680747 1329.9130859375 7.89697265625 12.01288390488534 8988
stats: connect 2212 2.331739208366295 3.166664461497143 122.36083984375 0.77685546875 1.617913294114375 8988
stats: page 2209 18.69617732588986 64.55059380680747 1329.9130859375 7.89697265625 12.01288390488534 8988
stats: 200 2209 11197
stats: size_rcv 55533685 282037104
stats: newphase 0 8
stats: size_sent 409220 2072000
stats: connected 42 477
# stats: dump at 1480610236
stats: users 456 504
stats: {freemem,"tsung_controller@ip-172-31-13-122"} 1 3065.87890625 0.0 3156.67578125 3065.87890625 3146.361628605769 26
stats: {load,"tsung_controller@ip-172-31-13-122"} 1 0.2890625 0.0 0.33984375 0.0 0.04852764423076923 26
stats: {recvpackets,"tsung_controller@ip-172-31-13-122"} 1 50635.0 0.0 50635 213 8909.36 25
stats: {sentpackets,"tsung_controller@ip-172-31-13-122"} 1 39715.0 0.0 39715 195 7613.32 25
stats: {cpu,"tsung_controller@ip-172-31-13-122"} 1 47.37302977232925 0.0 47.37302977232925 1.282051282051282 11.513339878767342 26
stats: session 2214 2008.9727472238076 1930.274385262034 16648.1611328125 13.049072265625 1937.2336977525513 10810
stats: users_count 2198 13480
stats: finish_users_count 2214 13024
stats: request 2209 14.151196985344043 6.701822564414789 1329.9130859375 7.89697265625 13.331397360900251 11197
stats: connect 2210 2.2348195347850677 3.455417571952239 122.36083984375 0.77685546875 1.7588939121791292 11200
stats: page 2209 14.151196985344043 6.701822564414789 1329.9130859375 7.89697265625 13.331397360900251 11197
stats: 200 2210 13407
stats: size_rcv 55638605 337675709
stats: newphase 0 8
stats: size_sent 408850 2480850
stats: connected -5 472
# stats: dump at 1480610246
stats: users 628 677
stats: {freemem,"tsung_controller@ip-172-31-13-122"} 1 3015.484375 0.0 3156.67578125 3015.484375 3143.380787037037 27
stats: {load,"tsung_controller@ip-172-31-13-122"} 1 0.48046875 0.0 0.48046875 0.0 0.057436342592592594 27
stats: {recvpackets,"tsung_controller@ip-172-31-13-122"} 1 55301.0 0.0 55301 213 10514.192307692309 26
stats: {sentpackets,"tsung_controller@ip-172-31-13-122"} 1 40647.0 0.0 40647 195 8848.0 26
stats: {cpu,"tsung_controller@ip-172-31-13-122"} 1 48.010160880609654 0.0 48.010160880609654 1.282051282051282 12.841476541491856 27
stats: session 2893 1912.5331149373205 1906.4042625728869 17407.320068359375 13.049072265625 1949.4288955051127 13024
stats: users_count 3065 16545
stats: finish_users_count 2893 15917
stats: request 3047 18.493759230390598 7.2571029988896365 1329.9130859375 7.89697265625 13.466481455365143 13406
stats: connect 3048 3.4456510769100634 4.140791686874507 122.36083984375 0.697998046875 1.8373275904758573 13410
stats: page 3047 18.493759230390598 7.2571029988896365 1329.9130859375 7.89697265625 13.466481455365143 13406
stats: 200 3046 16453
stats: size_rcv 76767205 414442914
stats: newphase 1 9
stats: size_sent 563880 3044730
stats: connected 159 631
# stats: dump at 1480610256
stats: users 633 700
stats: {freemem,"tsung_controller@ip-172-31-13-122"} 1 2967.6953125 0.0 3156.67578125 2967.6953125 3138.813058035714 28
stats: {load,"tsung_controller@ip-172-31-13-122"} 1 0.55859375 0.0 0.55859375 0.0 0.07254464285714286 28
stats: {recvpackets,"tsung_controller@ip-172-31-13-122"} 1 73736.0 0.0 73736 213 12172.962962962964 27
stats: {sentpackets,"tsung_controller@ip-172-31-13-122"} 1 46102.0 0.0 46102 195 10025.74074074074 27
stats: {cpu,"tsung_controller@ip-172-31-13-122"} 1 51.82539682539683 0.0 51.82539682539683 1.282051282051282 14.097500982174635 28
stats: session 3226 1975.2992896158646 1935.1980109736105 17407.320068359375 13.049072265625 1942.7228897764815 15917
stats: users_count 3231 19776
stats: finish_users_count 3226 19143
stats: request 3243 18.950936316561602 7.022110758358634 1329.9130859375 7.848876953125 14.397504088350164 16453
stats: connect 3238 3.559851323034088 4.112220764066238 122.36083984375 0.679931640625 2.1351869893488344 16458
stats: page 3243 18.950936316561602 7.022110758358634 1329.9130859375 7.848876953125 14.397504088350164 16453
stats: 200 3243 19696
stats: size_rcv 81611931 496054845
stats: newphase 0 9
stats: size_sent 599030 3643760
stats: connected 5 636
# stats: dump at 1480610266
stats: users 734 747
stats: {freemem,"tsung_controller@ip-172-31-13-122"} 1 2947.46484375 0.0 3156.67578125 2947.46484375 3132.9124461206898 29
stats: {load,"tsung_controller@ip-172-31-13-122"} 1 0.62890625 0.0 0.62890625 0.0 0.08930495689655173 29
stats: {recvpackets,"tsung_controller@ip-172-31-13-122"} 1 73841.0 0.0 73841 213 14371.642857142857 28
stats: {sentpackets,"tsung_controller@ip-172-31-13-122"} 1 44755.0 0.0 46102 195 11314.17857142857 28
stats: {cpu,"tsung_controller@ip-172-31-13-122"} 1 51.85185185185185 0.0 51.85185185185185 1.282051282051282 15.398462907802985 29
stats: session 3167 2022.056959541883 1972.6515726150278 17441.839111328125 13.049072265625 1948.2127015030576 19143
stats: users_count 3268 23044
stats: finish_users_count 3167 22310
stats: request 3289 18.399368188706703 6.514825000804899 1329.9130859375 7.848876953125 15.14723909627511 19696
stats: connect 3295 3.4245769217090287 3.7378691368807475 122.36083984375 0.679931640625 2.3694001855548077 19696
stats: page 3289 18.399368188706703 6.514825000804899 1329.9130859375 7.848876953125 15.14723909627511 19696
stats: 200 3290 22986
stats: size_rcv 82761199 578816044
stats: newphase 0 9
stats: size_sent 609575 4253335
stats: connected 102 738
# stats: dump at 1480610276
stats: users 14 747
stats: {freemem,"tsung_controller@ip-172-31-13-122"} 1 2938.3125 0.0 3156.67578125 2938.3125 3126.730859375 30
stats: {load,"tsung_controller@ip-172-31-13-122"} 1 0.53125 0.0 0.62890625 0.0 0.10729166666666666 30
stats: {recvpackets,"tsung_controller@ip-172-31-13-122"} 1 55731.0 0.0 73841 213 16422.310344827587 29
stats: {sentpackets,"tsung_controller@ip-172-31-13-122"} 1 35624.0 0.0 46102 195 12467.310344827587 29
stats: {cpu,"tsung_controller@ip-172-31-13-122"} 1 44.87072560467056 0.0 51.85185185185185 1.282051282051282 16.613575872604613 30
stats: session 1448 2933.898569855241 2299.174450933878 17441.839111328125 13.049072265625 1958.695210028784 22310
stats: users_count 728 23772
stats: finish_users_count 1448 23758
stats: request 787 18.103746426302386 6.898060131843074 1329.9130859375 7.848876953125 15.612597050811004 22985
stats: connect 781 3.561521249299775 4.238002989229016 122.36083984375 0.679931640625 2.520624897208418 22991
stats: page 787 18.103746426302386 6.898060131843074 1329.9130859375 7.848876953125 15.612597050811004 22985
stats: 200 786 23772
stats: size_rcv 19746889 598562933
stats: newphase 0 9
stats: size_sent 144485 4397820
stats: connected -724 14
# stats: dump at 1480610286
stats: users 0 747
stats: {freemem,"tsung_controller@ip-172-31-13-122"} 1 2994.703125 0.0 3156.67578125 2938.3125 3120.652847782258 31
stats: {load,"tsung_controller@ip-172-31-13-122"} 1 0.44921875 0.0 0.62890625 0.0 0.12096774193548387 31
stats: {recvpackets,"tsung_controller@ip-172-31-13-122"} 1 361.0 0.0 73841 213 17732.6 30
stats: {sentpackets,"tsung_controller@ip-172-31-13-122"} 1 542.0 0.0 46102 195 13239.2 30
stats: {cpu,"tsung_controller@ip-172-31-13-122"} 1 3.140333660451423 0.0 51.85185185185185 1.282051282051282 17.525096831703518 31
stats: session 14 11545.557425362724 3522.3390313471355 20606.490966796875 13.049072265625 2018.131798337089 23758
stats: users_count 0 23772
stats: finish_users_count 14 23772
stats: request 0 0 0 1329.9130859375 7.848876953125 15.69506947881503 23772
stats: connect 0 0 0 122.36083984375 0.679931640625 2.554822274416198 23772
stats: page 0 0 0 1329.9130859375 7.848876953125 15.69506947881503 23772
stats: 200 0 23772
stats: size_rcv 0 598562933
stats: newphase 0 9
stats: size_sent 0 4397820
stats: connected -14 0
# stats: dump at 1480610289
stats: users 0 747
stats: {freemem,"tsung_controller@ip-172-31-13-122"} 0 0 0 3156.67578125 2938.3125 3116.7169189453125 32
stats: {load,"tsung_controller@ip-172-31-13-122"} 0 0 0 0.62890625 0.0 0.1312255859375 32
stats: {recvpackets,"tsung_controller@ip-172-31-13-122"} 0 0 0 73841 213 17172.225806451614 31
stats: {sentpackets,"tsung_controller@ip-172-31-13-122"} 0 0 0 46102 195 12829.612903225807 31
stats: {cpu,"tsung_controller@ip-172-31-13-122"} 0 0 0 51.85185185185185 1.282051282051282 17.07557298260189 32
stats: session 0 0 0 20606.490966796875 13.049072265625 2023.7427674931703 23772
stats: users_count 0 23772
stats: finish_users_count 0 23772
stats: request 0 0 0 1329.9130859375 7.848876953125 15.69506947881503 23772
stats: connect 0 0 0 122.36083984375 0.679931640625 2.554822274416198 23772
stats: page 0 0 0 1329.9130859375 7.848876953125 15.69506947881503 23772
stats: 200 0 23772
stats: size_rcv 0 598562933
stats: newphase 0 9
stats: size_sent 0 4397820
stats: connected 0 0
EndMonitor:{1480,610289,299413}
