# stats: dump at 1480604386
stats: users 2 3
stats: {freemem,"tsung_controller@ip-172-31-13-122"} 1 3160.07421875 0 3160.07421875 3160.07421875 0 0
stats: {load,"tsung_controller@ip-172-31-13-122"} 1 0.0 0 0.0 0.0 0 0
stats: {cpu,"tsung_controller@ip-172-31-13-122"} 1 2.496892227474412 0 2.496892227474412 2.496892227474412 0 0
stats: session 5 2736.935791015625 1166.1069244463085 4408.7861328125 1085.796875 0 0
stats: users_count 7 7
stats: finish_users_count 5 5
stats: request 6 25.569620768229168 42.93744963370822 121.576904296875 5.97607421875 0 0
stats: connect 6 19.649169921875 42.42076862571507 114.5048828125 0.641845703125 0 0
stats: page 6 25.569620768229168 42.93744963370822 121.576904296875 5.97607421875 0 0
stats: 200 6 6
stats: size_rcv 147748 147748
stats: size_sent 834 834
stats: connected 1 1
# stats: dump at 1480604396
stats: users 3 4
stats: {freemem,"tsung_controller@ip-172-31-13-122"} 1 3159.8515625 0.0 3160.07421875 3159.8515625 3160.07421875 1
stats: {load,"tsung_controller@ip-172-31-13-122"} 1 0.0 0.0 0.0 0.0 0.0 1
stats: {recvpackets,"tsung_controller@ip-172-31-13-122"} 1 157 0 157 157 0 0
stats: {sentpackets,"tsung_controller@ip-172-31-13-122"} 1 121 0 121 121 0 0
stats: {cpu,"tsung_controller@ip-172-31-13-122"} 1 2.1632251720747298 0.0 2.496892227474412 2.1632251720747298 2.496892227474412 1
stats: session 11 1735.4718572443182 1302.2712963658216 4408.7861328125 273.085205078125 2736.935791015625 5
stats: users_count 12 19
stats: finish_users_count 11 16
stats: request 13 6.305382361778846 0.6945751163865862 121.576904296875 5.85400390625 25.569620768229168 6
stats: connect 13 0.6963829627403846 0.036856158945328704 114.5048828125 0.59814453125 19.649169921875 6
stats: page 13 6.305382361778846 0.6945751163865862 121.576904296875 5.85400390625 25.569620768229168 6
stats: 200 13 19
stats: size_rcv 320081 467829
stats: size_sent 1807 2641
stats: connected 3 4
# stats: dump at 1480604406
stats: users 5 5
stats: {freemem,"tsung_controller@ip-172-31-13-122"} 1 3159.65625 0.0 3160.07421875 3159.65625 3159.962890625 2
stats: {load,"tsung_controller@ip-172-31-13-122"} 1 0.0 0.0 0.0 0.0 0.0 2
stats: {recvpackets,"tsung_controller@ip-172-31-13-122"} 1 266.0 0.0 266 157 157.0 1
stats: {sentpackets,"tsung_controller@ip-172-31-13-122"} 1 174.0 0.0 174 121 121.0 1
stats: {cpu,"tsung_controller@ip-172-31-13-122"} 1 1.3806706114398422 0.0 2.496892227474412 1.3806706114398422 2.330058699774571 2
stats: session 7 3134.3978445870534 2215.416744218472 6905.930908203125 273.085205078125 2048.4293365478516 16
stats: users_count 9 28
stats: finish_users_count 7 23
stats: request 7 8.9482421875 0.7799398717655642 121.576904296875 5.85400390625 12.388826069078947 19
stats: connect 7 0.7706473214285714 0.07195517021467193 114.5048828125 0.59814453125 6.6814735814144735 19
stats: page 7 8.9482421875 0.7799398717655642 121.576904296875 5.85400390625 12.388826069078947 19
stats: 200 7 26
stats: size_rcv 172376 640205
stats: size_sent 973 3614
stats: connected -1 3
# stats: dump at 1480604416
stats: users 4 6
stats: {freemem,"tsung_controller@ip-172-31-13-122"} 1 3158.81640625 0.0 3160.07421875 3158.81640625 3159.8606770833335 3
stats: {load,"tsung_controller@ip-172-31-13-122"} 1 0.0 0.0 0.0 0.0 0.0 3
stats: {recvpackets,"tsung_controller@ip-172-31-13-122"} 1 217.0 0.0 266 157 211.5 2
stats: {sentpackets,"tsung_controller@ip-172-31-13-122"} 1 151.0 0.0 174 121 147.5 2
stats: {cpu,"tsung_controller@ip-172-31-13-122"} 1 1.2807881773399015 0.0 2.496892227474412 1.2807881773399015 2.0135960036629945 3
stats: session 14 1968.172084263393 1218.194811918356 6905.930908203125 273.085205078125 2378.9414911684785 23
stats: users_count 13 41
stats: finish_users_count 14 37
stats: request 15 8.137744140625001 1.0015063114840275 121.576904296875 5.85400390625 11.462515024038462 26
stats: connect 15 0.8333821614583333 0.21737640849739265 114.5048828125 0.59814453125 5.090097280649038 26
stats: page 15 8.137744140625001 1.0015063114840275 121.576904296875 5.85400390625 11.462515024038462 26
stats: 200 15 41
stats: size_rcv 369307 1009512
stats: newphase 1 1
stats: size_sent 2085 5699
stats: connected 2 5
# stats: dump at 1480604426
stats: users 4 7
stats: {freemem,"tsung_controller@ip-172-31-13-122"} 1 3158.7265625 0.0 3160.07421875 3158.7265625 3159.599609375 4
stats: {load,"tsung_controller@ip-172-31-13-122"} 1 0.0 0.0 0.0 0.0 0.0 4
stats: {recvpackets,"tsung_controller@ip-172-31-13-122"} 1 314.0 0.0 314 157 213.33333333333334 3
stats: {sentpackets,"tsung_controller@ip-172-31-13-122"} 1 226.0 0.0 226 121 148.66666666666666 3
stats: {cpu,"tsung_controller@ip-172-31-13-122"} 1 1.3806706114398422 0.0 2.496892227474412 1.2807881773399015 1.830394047082221 4
stats: session 22 1585.6389049183238 1336.478953684237 6905.930908203125 22.134033203125 2223.5152290962837 37
stats: users_count 22 63
stats: finish_users_count 22 59
stats: request 22 7.408413973721591 2.237605033518396 121.576904296875 5.85400390625 10.246135432545731 41
stats: connect 22 0.9282337535511364 0.7876233333119501 114.5048828125 0.56591796875 3.532762480945122 41
stats: page 22 7.408413973721591 2.237605033518396 121.576904296875 5.85400390625 10.246135432545731 41
stats: 200 22 63
stats: size_rcv 541722 1551234
stats: newphase 0 1
stats: size_sent 3058 8757
stats: connected 0 5
# stats: dump at 1480604436
stats: users 5 7
stats: {freemem,"tsung_controller@ip-172-31-13-122"} 1 3158.76953125 0.0 3160.07421875 3158.7265625 3159.425 5
stats: {load,"tsung_controller@ip-172-31-13-122"} 1 0.0 0.0 0.0 0.0 0.0 5
stats: {recvpackets,"tsung_controller@ip-172-31-13-122"} 1 475.0 0.0 475 157 238.5 4
stats: {sentpackets,"tsung_controller@ip-172-31-13-122"} 1 358.0 0.0 358 121 168.0 4
stats: {cpu,"tsung_controller@ip-172-31-13-122"} 1 1.8664047151277015 0.0 2.496892227474412 1.2807881773399015 1.7404493599537454 5
stats: session 24 1479.7981770833333 1120.0342524664763 6905.930908203125 22.134033203125 1985.6630404197563 59
stats: users_count 25 88
stats: finish_users_count 24 83
stats: request 24 5.943216959635417 0.2838391225660374 121.576904296875 5.55810546875 9.255185081845237 63
stats: connect 24 0.7052001953125 0.1059292523934815 114.5048828125 0.527099609375 2.6232445126488093 63
stats: page 24 5.943216959635417 0.2838391225660374 121.576904296875 5.55810546875 9.255185081845237 63
stats: 200 24 87
stats: size_rcv 591000 2142234
stats: newphase 0 1
stats: size_sent 3336 12093
stats: connected -1 4
# stats: dump at 1480604446
stats: users 16 16
stats: {freemem,"tsung_controller@ip-172-31-13-122"} 1 3158.3984375 0.0 3160.07421875 3158.3984375 3159.3157552083335 6
stats: {load,"tsung_controller@ip-172-31-13-122"} 1 0.0 0.0 0.0 0.0 0.0 6
stats: {recvpackets,"tsung_controller@ip-172-31-13-122"} 1 558.0 0.0 558 157 285.8 5
stats: {sentpackets,"tsung_controller@ip-172-31-13-122"} 1 379.0 0.0 379 121 206.0 5
stats: {cpu,"tsung_controller@ip-172-31-13-122"} 1 1.678183613030602 0.0 2.496892227474412 1.2807881773399015 1.7614419191494048 6
stats: session 38 1791.8099750719573 1928.4268639421473 8497.030029296875 22.134033203125 1839.3888630694653 83
stats: users_count 49 137
stats: finish_users_count 38 121
stats: request 47 6.010866855053192 0.8398032937890032 121.576904296875 5.518798828125 8.341538703304598 87
stats: connect 47 0.6562707779255319 0.12811544201339806 114.5048828125 0.52099609375 2.094128838900862 87
stats: page 47 6.010866855053192 0.8398032937890032 121.576904296875 5.518798828125 8.341538703304598 87
stats: 200 47 134
stats: size_rcv 1157400 3299634
stats: newphase 1 2
stats: size_sent 6533 18626
stats: connected 10 14
# stats: dump at 1480604456
stats: users 5 17
stats: {freemem,"tsung_controller@ip-172-31-13-122"} 1 3157.4375 0.0 3160.07421875 3157.4375 3159.1847098214284 7
stats: {load,"tsung_controller@ip-172-31-13-122"} 1 0.0 0.0 0.0 0.0 0.0 7
stats: {recvpackets,"tsung_controller@ip-172-31-13-122"} 1 1140.0 0.0 1140 157 331.1666666666667 6
stats: {sentpackets,"tsung_controller@ip-172-31-13-122"} 1 817.0 0.0 817 121 234.83333333333334 6
stats: {cpu,"tsung_controller@ip-172-31-13-122"} 1 2.6470588235294117 0.0 2.6470588235294117 1.2807881773399015 1.7495478754181473 7
stats: session 47 2396.3227227393613 2358.3321358251474 9143.072021484375 22.134033203125 1824.4467329545455 121
stats: users_count 36 173
stats: finish_users_count 47 168
stats: request 39 5.907865084134615 0.596193530384458 121.576904296875 5.518798828125 7.524064249067165 134
stats: connect 39 0.695625500801282 0.23428329205129644 114.5048828125 0.52099609375 1.5898054891557836 134
stats: page 39 5.907865084134615 0.596193530384458 121.576904296875 5.518798828125 7.524064249067165 134
stats: 200 39 173
stats: size_rcv 960407 4260041
stats: newphase 0 2
stats: size_sent 5421 24047
stats: connected -8 6
# stats: dump at 1480604466
stats: users 2 17
stats: {freemem,"tsung_controller@ip-172-31-13-122"} 1 3157.4453125 0.0 3160.07421875 3157.4375 3158.96630859375 8
stats: {load,"tsung_controller@ip-172-31-13-122"} 1 0.0 0.0 0.0 0.0 0.0 8
stats: {recvpackets,"tsung_controller@ip-172-31-13-122"} 1 918.0 0.0 1140 157 446.7142857142857 7
stats: {sentpackets,"tsung_controller@ip-172-31-13-122"} 1 682.0 0.0 817 121 318.0 7
stats: {cpu,"tsung_controller@ip-172-31-13-122"} 1 2.359882005899705 0.0 2.6470588235294117 1.2807881773399015 1.8617367439320553 8
stats: session 40 1870.9324584960937 2268.268838931696 12994.2080078125 22.134033203125 1984.4358491443452 168
stats: users_count 37 210
stats: finish_users_count 40 208
stats: request 37 6.768040012668919 4.843728456984334 121.576904296875 5.511962890625 7.15971877257948 173
stats: connect 37 0.6685494087837838 0.13203381846078854 114.5048828125 0.511962890625 1.388227341492052 173
stats: page 37 6.768040012668919 4.843728456984334 121.576904296875 5.511962890625 7.15971877257948 173
stats: 200 37 210
stats: size_rcv 911152 5171193
stats: newphase 0 2
stats: size_sent 5143 29190
stats: connected -4 2
# stats: dump at 1480604476
stats: users 17 20
stats: {freemem,"tsung_controller@ip-172-31-13-122"} 1 3157.84375 0.0 3160.07421875 3157.4375 3158.797309027778 9
stats: {load,"tsung_controller@ip-172-31-13-122"} 1 0.0 0.0 0.0 0.0 0.0 9
stats: {recvpackets,"tsung_controller@ip-172-31-13-122"} 1 641.0 0.0 1140 157 505.625 8
stats: {sentpackets,"tsung_controller@ip-172-31-13-122"} 1 475.0 0.0 817 121 363.5 8
stats: {cpu,"tsung_controller@ip-172-31-13-122"} 1 1.968503937007874 0.0 2.6470588235294117 1.2807881773399015 1.9170862174840164 9
stats: session 43 1774.6705350654074 1794.9224083295462 12994.2080078125 22.134033203125 1962.6082740196814 208
stats: users_count 58 268
stats: finish_users_count 43 251
stats: request 58 5.875340955010776 0.44188237274857245 121.576904296875 5.34912109375 7.090708705357143 210
stats: connect 58 0.6525626346982759 0.07968228782408095 114.5048828125 0.487060546875 1.2614269438244048 210
stats: page 58 5.875340955010776 0.44188237274857245 121.576904296875 5.34912109375 7.090708705357143 210
stats: 200 58 268
stats: size_rcv 1428280 6599473
stats: newphase 1 3
stats: size_sent 8062 37252
stats: connected 15 17
# stats: dump at 1480604486
stats: users 12 21
stats: {freemem,"tsung_controller@ip-172-31-13-122"} 1 3157.3125 0.0 3160.07421875 3157.3125 3158.701953125 10
stats: {load,"tsung_controller@ip-172-31-13-122"} 1 0.0 0.0 0.0 0.0 0.0 10
stats: {recvpackets,"tsung_controller@ip-172-31-13-122"} 1 1555.0 0.0 1555 157 520.6666666666666 9
stats: {sentpackets,"tsung_controller@ip-172-31-13-122"} 1 1108.0 0.0 1108 121 375.8888888888889 9
stats: {cpu,"tsung_controller@ip-172-31-13-122"} 1 3.054187192118227 0.0 3.054187192118227 1.2807881773399015 1.922227989436402 10
stats: session 79 2113.4828421677207 1767.8786418174248 12994.2080078125 10.074951171875 1930.4117689398656 251
stats: users_count 74 342
stats: finish_users_count 79 330
stats: request 71 5.882379236355632 0.6005634340909963 121.576904296875 5.34912109375 6.827681356401586 268
stats: connect 71 0.611417528609155 0.10701857693628575 114.5048828125 0.487060546875 1.1296578022971082 268
stats: page 71 5.882379236355632 0.6005634340909963 121.576904296875 5.34912109375 6.827681356401586 268
stats: 200 71 339
stats: size_rcv 1748431 8347904
stats: newphase 0 3
stats: size_sent 9869 47121
stats: connected -4 13
# stats: dump at 1480604496
stats: users 10 23
stats: {freemem,"tsung_controller@ip-172-31-13-122"} 1 3156.5703125 0.0 3160.07421875 3156.5703125 3158.5756392045455 11
stats: {load,"tsung_controller@ip-172-31-13-122"} 1 0.0 0.0 0.0 0.0 0.0 11
stats: {recvpackets,"tsung_controller@ip-172-31-13-122"} 1 1746.0 0.0 1746 157 624.1 10
stats: {sentpackets,"tsung_controller@ip-172-31-13-122"} 1 1248.0 0.0 1248 121 449.1 10
stats: {cpu,"tsung_controller@ip-172-31-13-122"} 1 3.43811394891945 0.0 3.43811394891945 1.2807881773399015 2.025133371498386 11
stats: session 86 1955.379459824673 2167.506088012403 13095.9921875 10.074951171875 1974.2378743489583 330
stats: users_count 84 426
stats: finish_users_count 86 416
stats: request 85 6.016730813419116 0.9539373370713575 121.576904296875 5.34912109375 6.6296977265394545 339
stats: connect 85 0.6502326516544116 0.3237891704773737 114.5048828125 0.487060546875 1.0211178039730826 339
stats: page 85 6.016730813419116 0.9539373370713575 121.576904296875 5.34912109375 6.6296977265394545 339
stats: 200 85 424
stats: size_rcv 2093217 10441121
stats: newphase 0 3
stats: size_sent 11815 58936
stats: connected 0 13
# stats: dump at 1480604506
stats: users 36 37
stats: {freemem,"tsung_controller@ip-172-31-13-122"} 1 3156.4375 0.0 3160.07421875 3156.4375 3158.4085286458335 12
stats: {load,"tsung_controller@ip-172-31-13-122"} 1 0.0 0.0 0.0 0.0 0.0 12
stats: {recvpackets,"tsung_controller@ip-172-31-13-122"} 1 1841.0 0.0 1841 157 726.0909090909091 11
stats: {sentpackets,"tsung_controller@ip-172-31-13-122"} 1 1314.0 0.0 1314 121 521.7272727272727 11
stats: {cpu,"tsung_controller@ip-172-31-13-122"} 1 3.6345776031434185 0.0 3.6345776031434185 1.2807881773399015 2.142881752950142 12
stats: session 134 1371.356423449161 1351.1469339084495 13095.9921875 10.074951171875 1970.3392598078801 416
stats: users_count 160 586
stats: finish_users_count 134 550
stats: request 156 5.992572490985578 0.8899226759441514 121.576904296875 5.34912109375 6.50681520857901 424
stats: connect 156 0.6412760416666663 0.3522355978416855 114.5048828125 0.468017578125 0.9467658276827831 424
stats: page 156 5.992572490985578 0.8899226759441514 121.576904296875 5.34912109375 6.50681520857901 424
stats: 200 156 580
stats: size_rcv 3841680 14282801
stats: newphase 1 4
stats: size_sent 21684 80620
stats: connected 19 32
# stats: dump at 1480604516
stats: users 30 43
stats: {freemem,"tsung_controller@ip-172-31-13-122"} 1 3153.953125 0.0 3160.07421875 3153.953125 3158.2569110576924 13
stats: {load,"tsung_controller@ip-172-31-13-122"} 1 0.0 0.0 0.0 0.0 0.0 13
stats: {recvpackets,"tsung_controller@ip-172-31-13-122"} 1 3813.0 0.0 3813 157 819.0 12
stats: {sentpackets,"tsung_controller@ip-172-31-13-122"} 1 2740.0 0.0 2740 121 587.75 12
stats: {cpu,"tsung_controller@ip-172-31-13-122"} 1 6.5048543689320395 0.0 6.5048543689320395 1.2807881773399015 2.257627587580394 13
stats: session 162 2121.8933241102422 1945.216711942722 13095.9921875 10.074951171875 1824.4052596768465 550
stats: users_count 156 742
stats: finish_users_count 162 712
stats: request 157 6.010737522392517 0.8117756333910578 121.576904296875 5.34912109375 6.368501650053879 580
stats: connect 158 0.659531991693038 0.4292951352945807 114.5048828125 0.468017578125 0.8645996093749999 580
stats: page 157 6.010737522392517 0.8117756333910578 121.576904296875 5.34912109375 6.368501650053879 580
stats: 200 157 737
stats: size_rcv 3866327 18149128
stats: newphase 0 4
stats: size_sent 21962 102582
stats: connected -4 28
# stats: dump at 1480604526
stats: users 26 43
stats: {freemem,"tsung_controller@ip-172-31-13-122"} 1 3154.44921875 0.0 3160.07421875 3153.953125 3157.9494977678573 14
stats: {load,"tsung_controller@ip-172-31-13-122"} 1 0.0 0.0 0.0 0.0 0.0 14
stats: {recvpackets,"tsung_controller@ip-172-31-13-122"} 1 3657.0 0.0 3813 157 1049.3076923076924 13
stats: {sentpackets,"tsung_controller@ip-172-31-13-122"} 1 2666.0 0.0 2740 121 753.3076923076923 13
stats: {cpu,"tsung_controller@ip-172-31-13-122"} 1 6.809338521400778 0.0 6.809338521400778 1.2807881773399015 2.561000929105511 14
stats: session 162 1898.2788628472222 1702.6193673980265 13095.9921875 10.074951171875 1892.0921507417486 712
stats: users_count 158 900
stats: finish_users_count 162 874
stats: request 162 6.1176923586998475 2.4966079153650256 121.576904296875 5.34912109375 6.292288667634837 737
stats: connect 161 0.5933921292701865 0.09497819724777741 114.5048828125 0.468017578125 0.8206962440718157 738
stats: page 162 6.1176923586998475 2.4966079153650256 121.576904296875 5.34912109375 6.292288667634837 737
stats: 200 162 899
stats: size_rcv 3989506 22138634
stats: newphase 0 4
stats: size_sent 22379 124961
stats: connected 0 28
# stats: dump at 1480604536
stats: users 61 64
stats: {freemem,"tsung_controller@ip-172-31-13-122"} 1 3154.2734375 0.0 3160.07421875 3153.953125 3157.7161458333335 15
stats: {load,"tsung_controller@ip-172-31-13-122"} 1 0.0 0.0 0.0 0.0 0.0 15
stats: {recvpackets,"tsung_controller@ip-172-31-13-122"} 1 3241.0 0.0 3813 157 1235.5714285714287 14
stats: {sentpackets,"tsung_controller@ip-172-31-13-122"} 1 2385.0 0.0 2740 121 889.9285714285714 14
stats: {cpu,"tsung_controller@ip-172-31-13-122"} 1 5.859375 0.0 6.809338521400778 1.2807881773399015 2.8442234352585287 15
stats: session 204 1800.1412987802544 1716.600751344125 13095.9921875 10.074951171875 1893.238886852832 874
stats: users_count 239 1139
stats: finish_users_count 204 1078
stats: request 229 5.833826589792576 0.5555816498050217 121.576904296875 5.34912109375 6.260826373922414 899
stats: connect 229 0.5860569050218347 0.09255453735348824 114.5048828125 0.468017578125 0.7799888330784205 899
stats: page 229 5.833826589792576 0.5555816498050217 121.576904296875 5.34912109375 6.260826373922414 899
stats: 200 229 1128
stats: size_rcv 5639461 27778095
stats: newphase 1 5
stats: size_sent 31831 156792
stats: connected 27 55
# stats: dump at 1480604546
stats: users 54 83
stats: {freemem,"tsung_controller@ip-172-31-13-122"} 1 3151.03515625 0.0 3160.07421875 3151.03515625 3157.5009765625 16
stats: {load,"tsung_controller@ip-172-31-13-122"} 1 0.0 0.0 0.0 0.0 0.0 16
stats: {recvpackets,"tsung_controller@ip-172-31-13-122"} 1 6208.0 0.0 6208 157 1369.2666666666667 15
stats: {sentpackets,"tsung_controller@ip-172-31-13-122"} 1 4531.0 0.0 4531 121 989.6 15
stats: {cpu,"tsung_controller@ip-172-31-13-122"} 1 9.565217391304348 0.0 9.565217391304348 1.2807881773399015 3.0326704080548708 16
stats: session 332 1891.2087211149285 1688.7312032613588 13095.9921875 10.074951171875 1875.6211614661845 1078
stats: users_count 325 1464
stats: finish_users_count 332 1410
stats: request 335 5.9356328708022374 1.4104722661740416 121.576904296875 5.34912109375 6.17413936100953 1128
stats: connect 335 0.6443825792910447 1.3077812887099427 114.5048828125 0.468017578125 0.7406179008754433 1128
stats: page 335 5.9356328708022374 1.4104722661740416 121.576904296875 5.34912109375 6.17413936100953 1128
stats: 200 335 1463
stats: size_rcv 8249901 36027996
stats: newphase 0 5
stats: size_sent 46565 203357
stats: connected 2 57
# stats: dump at 1480604556
stats: users 61 86
stats: {freemem,"tsung_controller@ip-172-31-13-122"} 1 3147.95703125 0.0 3160.07421875 3147.95703125 3157.1206341911766 17
stats: {load,"tsung_controller@ip-172-31-13-122"} 1 0.0 0.0 0.0 0.0 0.0 17
stats: {recvpackets,"tsung_controller@ip-172-31-13-122"} 1 7570.0 0.0 7570 157 1671.6875 16
stats: {sentpackets,"tsung_controller@ip-172-31-13-122"} 1 5559.0 0.0 5559 121 1210.9375 16
stats: {cpu,"tsung_controller@ip-172-31-13-122"} 1 11.826923076923077 0.0 11.826923076923077 1.2807881773399015 3.4169378776577815 17
stats: session 335 1994.7667589785444 2015.550325802769 16826.046875 8.06298828125 1879.2914237380874 1410
stats: users_count 342 1806
stats: finish_users_count 335 1745
stats: request 339 5.825445934734515 0.8632135402244948 121.576904296875 5.34912109375 6.11952577644395 1463
stats: connect 339 0.6036884679203535 0.7186188014928957 114.5048828125 0.468017578125 0.718581788277512 1463
stats: page 339 5.825445934734515 0.8632135402244948 121.576904296875 5.34912109375 6.11952577644395 1463
stats: 200 339 1802
stats: size_rcv 8348411 44376407
stats: newphase 0 5
stats: size_sent 47121 250478
stats: connected 8 65
# stats: dump at 1480604566
stats: users 130 137
stats: {freemem,"tsung_controller@ip-172-31-13-122"} 1 3147.55859375 0.0 3160.07421875 3147.55859375 3156.6115451388887 18
stats: {load,"tsung_controller@ip-172-31-13-122"} 1 0.0 0.0 0.0 0.0 0.0 18
stats: {recvpackets,"tsung_controller@ip-172-31-13-122"} 1 7437.0 0.0 7570 157 2018.6470588235295 17
stats: {sentpackets,"tsung_controller@ip-172-31-13-122"} 1 5363.0 0.0 5559 121 1466.7058823529412 17
stats: {cpu,"tsung_controller@ip-172-31-13-122"} 1 11.815561959654179 0.0 11.826923076923077 1.2807881773399015 3.8841592776169644 18
stats: session 510 1732.1948783126531 1772.5474714328536 16826.046875 8.06298828125 1901.4600411051665 1745
stats: users_count 579 2385
stats: finish_users_count 510 2255
stats: request 576 6.1732453240288665 1.0953325821930306 121.576904296875 5.34912109375 6.064202210217814 1802
stats: connect 576 0.633572048611111 0.422677054856935 114.5048828125 0.468017578125 0.6969675620837956 1802
stats: page 576 6.1732453240288665 1.0953325821930306 121.576904296875 5.34912109375 6.064202210217814 1802
stats: 200 576 2378
stats: size_rcv 14184380 58560787
stats: newphase 1 6
stats: size_sent 80064 330542
stats: connected 67 132
# stats: dump at 1480604576
stats: users 105 146
stats: {freemem,"tsung_controller@ip-172-31-13-122"} 1 3137.20703125 0.0 3160.07421875 3137.20703125 3156.135074013158 19
stats: {load,"tsung_controller@ip-172-31-13-122"} 1 0.078125 0.0 0.078125 0.0 0.0 19
stats: {recvpackets,"tsung_controller@ip-172-31-13-122"} 1 14662.0 0.0 14662 157 2319.6666666666665 18
stats: {sentpackets,"tsung_controller@ip-172-31-13-122"} 1 10374.0 0.0 10374 121 1683.1666666666667 18
stats: {cpu,"tsung_controller@ip-172-31-13-122"} 1 18.885741265344667 0.0 18.885741265344667 1.2807881773399015 4.301601524039976 19
stats: session 618 2081.7247124829337 1973.7057473661378 16826.046875 8.06298828125 1863.1783413161725 2255
stats: users_count 593 2978
stats: finish_users_count 618 2873
stats: request 594 6.163425843723696 1.8146928722738664 121.576904296875 5.34912109375 6.0906146717633 2378
stats: connect 594 0.6227571121369953 0.8394877671091169 114.5048828125 0.468017578125 0.6816118784167366 2378
stats: page 594 6.163425843723696 1.8146928722738664 121.576904296875 5.34912109375 6.0906146717633 2378
stats: 200 594 2972
stats: size_rcv 14627818 73188605
stats: newphase 0 6
stats: size_sent 82566 413108
stats: connected -22 110
# stats: dump at 1480604586
stats: users 135 146
stats: {freemem,"tsung_controller@ip-172-31-13-122"} 1 3137.69921875 0.0 3160.07421875 3137.20703125 3155.188671875 20
stats: {load,"tsung_controller@ip-172-31-13-122"} 1 0.140625 0.0 0.140625 0.0 0.00390625 20
stats: {recvpackets,"tsung_controller@ip-172-31-13-122"} 1 12946.0 0.0 14662 157 2969.2631578947367 19
stats: {sentpackets,"tsung_controller@ip-172-31-13-122"} 1 9426.0 0.0 10374 121 2140.5789473684213 19
stats: {cpu,"tsung_controller@ip-172-31-13-122"} 1 17.894736842105264 0.0 18.885741265344667 1.2807881773399015 5.03080851110521 20
stats: session 589 1977.5099330830865 2044.140768923547 16826.046875 8.06298828125 1910.1890121762694 2873
stats: users_count 619 3597
stats: finish_users_count 589 3462
stats: request 620 6.09308491368448 0.900123833623346 121.576904296875 5.34912109375 6.105167106536004 2972
stats: connect 620 0.6073104366179429 0.22091135863777792 114.5048828125 0.468017578125 0.6698488463944734 2972
stats: page 620 6.09308491368448 0.900123833623346 121.576904296875 5.34912109375 6.105167106536004 2972
stats: 200 620 3592
stats: size_rcv 15268207 88456812
stats: newphase 0 6
stats: size_sent 86180 499288
stats: connected 21 131
# stats: dump at 1480604596
stats: users 250 252
stats: {freemem,"tsung_controller@ip-172-31-13-122"} 1 3136.765625 0.0 3160.07421875 3136.765625 3154.3558407738096 21
stats: {load,"tsung_controller@ip-172-31-13-122"} 1 0.19921875 0.0 0.19921875 0.0 0.010416666666666666 21
stats: {recvpackets,"tsung_controller@ip-172-31-13-122"} 1 14116.0 0.0 14662 157 3468.1 20
stats: {sentpackets,"tsung_controller@ip-172-31-13-122"} 1 10248.0 0.0 10374 121 2504.8500000000004 20
stats: {cpu,"tsung_controller@ip-172-31-13-122"} 1 18.779790276453763 0.0 18.885741265344667 1.2807881773399015 5.643376526867117 21
stats: session 929 1908.5733675428044 1930.4403062457197 16826.046875 8.06298828125 1921.6425137401384 3462
stats: users_count 1044 4641
stats: finish_users_count 929 4391
stats: request 1038 6.108848145472062 0.9612999601855572 121.576904296875 5.34912109375 6.103081650086131 3592
stats: connect 1039 0.6016689443725948 0.19937219098842768 114.5048828125 0.465087890625 0.6590543547292593 3592
stats: page 1038 6.108848145472062 0.9612999601855572 121.576904296875 5.34912109375 6.103081650086131 3592
stats: 200 1039 4631
stats: size_rcv 25561214 114018026
stats: newphase 1 7
stats: size_sent 144421 643709
stats: connected 115 246
# stats: dump at 1480604606
stats: users 234 281
stats: {freemem,"tsung_controller@ip-172-31-13-122"} 1 3119.8671875 0.0 3160.07421875 3119.8671875 3153.5562855113635 22
stats: {load,"tsung_controller@ip-172-31-13-122"} 1 0.3203125 0.0 0.3203125 0.0 0.018998579545454544 22
stats: {recvpackets,"tsung_controller@ip-172-31-13-122"} 1 27178.0 0.0 27178 157 3975.1428571428573 21
stats: {sentpackets,"tsung_controller@ip-172-31-13-122"} 1 19521.0 0.0 19521 121 2873.571428571429 21
stats: {cpu,"tsung_controller@ip-172-31-13-122"} 1 30.23474178403756 0.0 30.23474178403756 1.2807881773399015 6.240486242757419 22
stats: session 1219 1969.9930388878563 1981.25982888039 20061.365966796875 8.06298828125 1918.8774859976372 4391
stats: users_count 1203 5844
stats: finish_users_count 1219 5610
stats: request 1208 6.298124199671459 1.5905905723280276 121.576904296875 5.34912109375 6.104374441060342 4630
stats: connect 1208 0.6236281237065396 0.473971565385607 114.5048828125 0.4521484375 0.646179502351679 4631
stats: page 1208 6.298124199671459 1.5905905723280276 121.576904296875 5.34912109375 6.104374441060342 4630
stats: 200 1207 5838
stats: size_rcv 29746964 143764990
stats: newphase 0 7
stats: size_sent 167912 811621
stats: connected -14 232
# stats: dump at 1480604616
stats: users 247 281
stats: {freemem,"tsung_controller@ip-172-31-13-122"} 1 3118.33203125 0.0 3160.07421875 3118.33203125 3152.091542119565 23
stats: {load,"tsung_controller@ip-172-31-13-122"} 1 0.3515625 0.0 0.3515625 0.0 0.032099184782608696 23
stats: {recvpackets,"tsung_controller@ip-172-31-13-122"} 1 27224.0 0.0 27224 157 5029.818181818182 22
stats: {sentpackets,"tsung_controller@ip-172-31-13-122"} 1 19505.0 0.0 19521 121 3630.2727272727275 22
stats: {cpu,"tsung_controller@ip-172-31-13-122"} 1 31.037735849056602 0.0 31.037735849056602 1.2807881773399015 7.283714744552208 23
stats: session 1248 1935.8161836281793 1952.2041985445312 20061.365966796875 8.06298828125 1929.9844127308238 5610
stats: users_count 1261 7105
stats: finish_users_count 1248 6858
stats: request 1265 6.31815171072134 1.7956708206847878 121.576904296875 5.34912109375 6.1444651756273565 5838
stats: connect 1266 0.6635211866237165 1.0156569593559155 114.5048828125 0.4521484375 0.6415139662319105 5839
stats: page 1265 6.31815171072134 1.7956708206847878 121.576904296875 5.34912109375 6.1444651756273565 5838
stats: 200 1265 7103
stats: size_rcv 31150795 174915785
stats: newphase 0 7
stats: size_sent 175974 987595
stats: connected 15 247
# stats: dump at 1480604626
stats: users 474 493
stats: {freemem,"tsung_controller@ip-172-31-13-122"} 1 3105.94140625 0.0 3160.07421875 3105.94140625 3150.6848958333335 24
stats: {load,"tsung_controller@ip-172-31-13-122"} 1 0.37109375 0.0 0.37109375 0.0 0.04541015625 24
stats: {recvpackets,"tsung_controller@ip-172-31-13-122"} 1 30820.0 0.0 30820 157 5994.782608695652 23
stats: {sentpackets,"tsung_controller@ip-172-31-13-122"} 1 21910.0 0.0 21910 121 4320.478260869565 23
stats: {cpu,"tsung_controller@ip-172-31-13-122"} 1 32.651162790697676 0.0 32.651162790697676 1.2807881773399015 8.273465623906558 24
stats: session 1924 1742.599312574105 1679.0131151573892 20061.365966796875 8.06298828125 1931.0456623779369 6858
stats: users_count 2151 9256
stats: finish_users_count 1924 8782
stats: request 2028 7.314523189025517 2.923856639034201 121.576904296875 5.34912109375 6.175397664279178 7103
stats: connect 2026 0.7695563147828222 0.9667904439216695 114.5048828125 0.4521484375 0.6454353090913091 7105
stats: page 2028 7.314523189025517 2.923856639034201 121.576904296875 5.34912109375 6.175397664279178 7103
stats: 200 2028 9131
stats: size_rcv 49939704 224855489
stats: newphase 1 8
stats: size_sent 281614 1269209
stats: connected 214 461
# stats: dump at 1480604636
stats: users 433 513
stats: {freemem,"tsung_controller@ip-172-31-13-122"} 1 3063.0390625 0.0 3160.07421875 3063.0390625 3148.89515625 25
stats: {load,"tsung_controller@ip-172-31-13-122"} 1 0.390625 0.0 0.390625 0.0 0.0584375 25
stats: {recvpackets,"tsung_controller@ip-172-31-13-122"} 1 54423.0 0.0 54423 157 7029.166666666667 24
stats: {sentpackets,"tsung_controller@ip-172-31-13-122"} 1 36749.0 0.0 36749 121 5053.375 24
stats: {cpu,"tsung_controller@ip-172-31-13-122"} 1 45.204262877442275 0.0 45.204262877442275 1.2807881773399015 9.248573510578202 25
stats: session 2321 2025.767667639723 1945.5430692683467 20061.365966796875 8.06298828125 1889.7599897495409 8782
stats: users_count 2280 11536
stats: finish_users_count 2321 11103
stats: request 2305 7.1592396369983735 2.9393557906410246 121.576904296875 5.34912109375 6.428398054618197 9131
stats: connect 2310 0.7390407281520563 0.8807159103651844 114.5048828125 0.4521484375 0.6729754643350946 9131
stats: page 2305 7.1592396369983735 2.9393557906410246 121.576904296875 5.34912109375 6.428398054618197 9131
stats: 200 2305 11436
stats: size_rcv 56760295 281615784
stats: newphase 0 8
stats: size_sent 321090 1590299
stats: connected -22 439
# stats: dump at 1480604646
stats: users 483 513
stats: {freemem,"tsung_controller@ip-172-31-13-122"} 1 3061.73828125 0.0 3160.07421875 3061.73828125 3145.592998798077 26
stats: {load,"tsung_controller@ip-172-31-13-122"} 1 0.328125 0.0 0.390625 0.0 0.0712139423076923 26
stats: {recvpackets,"tsung_controller@ip-172-31-13-122"} 1 51411.0 0.0 54423 157 8924.92 25
stats: {sentpackets,"tsung_controller@ip-172-31-13-122"} 1 36009.0 0.0 36749 121 6321.2 25
stats: {cpu,"tsung_controller@ip-172-31-13-122"} 1 45.36363636363636 0.0 45.36363636363636 1.2807881773399015 10.631484640072975 26
stats: session 2282 1986.2548761794067 1919.791815831675 20061.365966796875 8.06298828125 1918.1913885051126 11103
stats: users_count 2332 13868
stats: finish_users_count 2282 13385
stats: request 2315 7.291319561622567 2.990965264042088 121.576904296875 5.34912109375 6.575703917453655 11436
stats: connect 2314 0.8166739184380399 1.3812482846412328 114.5048828125 0.4521484375 0.6863143996918974 11441
stats: page 2315 7.291319561622567 2.990965264042088 121.576904296875 5.34912109375 6.575703917453655 11436
stats: 200 2315 13751
stats: size_rcv 57006617 338622401
stats: newphase 0 8
stats: size_sent 321646 1911945
stats: connected 39 478
# stats: dump at 1480604656
stats: users 728 763
stats: {freemem,"tsung_controller@ip-172-31-13-122"} 1 3014.85546875 0.0 3160.07421875 3014.85546875 3142.4872685185187 27
stats: {load,"tsung_controller@ip-172-31-13-122"} 1 0.4296875 0.0 0.4296875 0.0 0.08072916666666667 27
stats: {recvpackets,"tsung_controller@ip-172-31-13-122"} 1 56316.0 0.0 56316 157 10559.0 26
stats: {sentpackets,"tsung_controller@ip-172-31-13-122"} 1 37578.0 0.0 37578 121 7463.038461538462 26
stats: {cpu,"tsung_controller@ip-172-31-13-122"} 1 47.20496894409938 0.0 47.20496894409938 1.2807881773399015 11.917860629834582 27
stats: session 3065 1913.4145557198206 1980.6708856043451 20061.365966796875 8.06298828125 1929.7954885329602 13385
stats: users_count 3310 17178
stats: finish_users_count 3065 16450
stats: request 3293 10.579624837486701 4.801025786082215 121.576904296875 5.34912109375 6.696178807734437 13751
stats: connect 3292 1.2692540332149895 2.0931267405544784 114.5048828125 0.447998046875 0.7082447469386131 13755
stats: page 3293 10.579624837486701 4.801025786082215 121.576904296875 5.34912109375 6.696178807734437 13751
stats: 200 3293 17044
stats: size_rcv 81088156 419710557
stats: newphase 1 9
stats: size_sent 457588 2369533
stats: connected 255 733
# stats: dump at 1480604666
stats: users 699 763
stats: {freemem,"tsung_controller@ip-172-31-13-122"} 1 2958.58984375 0.0 3160.07421875 2958.58984375 3137.9289899553573 28
stats: {load,"tsung_controller@ip-172-31-13-122"} 1 0.640625 0.0 0.640625 0.0 0.09319196428571429 28
stats: {recvpackets,"tsung_controller@ip-172-31-13-122"} 1 80860.0 0.0 80860 157 12253.703703703704 27
stats: {sentpackets,"tsung_controller@ip-172-31-13-122"} 1 46581.0 0.0 46581 121 8578.407407407407 27
stats: {cpu,"tsung_controller@ip-172-31-13-122"} 1 49.87912973408542 0.0 49.87912973408542 1.2807881773399015 13.178114498201182 28
stats: session 3644 1967.7759073133916 1960.8429325561558 20061.365966796875 8.06298828125 1926.743357282366 16450
stats: users_count 3615 20793
stats: finish_users_count 3644 20094
stats: request 3615 11.544815911890577 5.404884936147979 121.576904296875 5.34912109375 7.446483183231633 17044
stats: connect 3617 1.3940138770692259 2.3579966989161085 114.5048828125 0.447998046875 0.8165830217331125 17047
stats: page 3615 11.544815911890577 5.404884936147979 121.576904296875 5.34912109375 7.446483183231633 17044
stats: 200 3615 20659
stats: size_rcv 89016724 508727281
stats: newphase 0 9
stats: size_sent 502763 2872296
stats: connected -20 713
# stats: dump at 1480604676
stats: users 782 800
stats: {freemem,"tsung_controller@ip-172-31-13-122"} 1 2958.24609375 0.0 3160.07421875 2958.24609375 3131.744881465517 29
stats: {load,"tsung_controller@ip-172-31-13-122"} 1 0.69140625 0.0 0.69140625 0.0 0.11206896551724138 29
stats: {recvpackets,"tsung_controller@ip-172-31-13-122"} 1 79137.0 0.0 80860 157 14703.92857142857 28
stats: {sentpackets,"tsung_controller@ip-172-31-13-122"} 1 46124.0 0.0 46581 121 9935.642857142857 28
stats: {cpu,"tsung_controller@ip-172-31-13-122"} 1 50.2815768302494 0.0 50.2815768302494 1.2807881773399015 14.443666747714433 29
stats: session 3577 2006.9731392075237 1949.9496145347161 20061.365966796875 8.06298828125 1934.1845144592874 20094
stats: users_count 3660 24453
stats: finish_users_count 3577 23671
stats: request 3683 11.125085578481384 4.6923927986248755 121.576904296875 5.34912109375 8.163626937242093 20659
stats: connect 3680 1.3145341292671504 2.0580371628654377 114.5048828125 0.447998046875 0.9176557764635964 20664
stats: page 3683 11.125085578481384 4.6923927986248755 121.576904296875 5.34912109375 8.163626937242093 20659
stats: 200 3683 24342
stats: size_rcv 90690776 599418057
stats: newphase 0 9
stats: size_sent 511520 3383816
stats: connected 73 786
# stats: dump at 1480604686
stats: users 21 800
stats: {freemem,"tsung_controller@ip-172-31-13-122"} 1 2947.05078125 0.0 3160.07421875 2947.05078125 3125.9615885416665 30
stats: {load,"tsung_controller@ip-172-31-13-122"} 1 0.66015625 0.0 0.69140625 0.0 0.13138020833333333 30
stats: {recvpackets,"tsung_controller@ip-172-31-13-122"} 1 63580.0 0.0 80860 157 16925.758620689656 29
stats: {sentpackets,"tsung_controller@ip-172-31-13-122"} 1 37278.0 0.0 46581 121 11183.51724137931 29
stats: {cpu,"tsung_controller@ip-172-31-13-122"} 1 45.193929173693085 0.0 50.2815768302494 1.2807881773399015 15.638263750465597 30
stats: session 1688 2712.3921364156013 2388.2539301646343 20061.365966796875 8.06298828125 1945.1838347551957 23671
stats: users_count 927 25380
stats: finish_users_count 1688 25359
stats: request 1038 12.234882332686052 5.91841243527576 121.576904296875 5.34912109375 8.611702369650454 24342
stats: connect 1036 1.6040953411558876 2.6642832858723056 114.5048828125 0.447998046875 0.9776505323918366 24344
stats: page 1038 12.234882332686052 5.91841243527576 121.576904296875 5.34912109375 8.611702369650454 24342
stats: 200 1038 25380
stats: size_rcv 25560123 624978180
stats: newphase 0 9
stats: size_sent 144004 3527820
stats: connected -764 22
# stats: dump at 1480604694
stats: users 0 800
stats: {freemem,"tsung_controller@ip-172-31-13-122"} 1 3021.07421875 0.0 3160.07421875 2947.05078125 3120.1902721774195 31
stats: {load,"tsung_controller@ip-172-31-13-122"} 1 0.55859375 0.0 0.69140625 0.0 0.1484375 31
stats: {recvpackets,"tsung_controller@ip-172-31-13-122"} 1 415.0 0.0 80860 157 18480.9 30
stats: {sentpackets,"tsung_controller@ip-172-31-13-122"} 1 634.0 0.0 46581 121 12053.333333333334 30
stats: {cpu,"tsung_controller@ip-172-31-13-122"} 1 3.3366045142296366 0.0 50.2815768302494 1.2807881773399015 16.591672312505196 31
stats: session 21 11709.58199637277 2358.86580802006 20061.365966796875 8.06298828125 1996.252394761614 25359
stats: users_count 0 25380
stats: finish_users_count 21 25380
stats: request 0 0 0 121.576904296875 5.34912109375 8.759884434332523 25380
stats: connect 0 0 0 114.5048828125 0.447998046875 1.003221723167233 25380
stats: page 0 0 0 121.576904296875 5.34912109375 8.759884434332523 25380
stats: 200 0 25380
stats: size_rcv 0 624978180
stats: newphase 0 9
stats: size_sent 0 3527820
stats: connected -22 0
EndMonitor:{1480,604694,250428}
