# stats: dump at 1480599310
stats: users 2 4
stats: {freemem,"tsung_controller@ip-172-31-13-122"} 1 3161.8671875 0 3161.8671875 3161.8671875 0 0
stats: {load,"tsung_controller@ip-172-31-13-122"} 1 0.0 0 0.0 0.0 0 0
stats: {cpu,"tsung_controller@ip-172-31-13-122"} 1 2.156552762796592 0 2.156552762796592 2.156552762796592 0 0
stats: session 5 1003.394580078125 709.389100074207 2104.475830078125 194.10791015625 0 0
stats: users_count 7 7
stats: finish_users_count 5 5
stats: request 10 26.165234375 34.33333296353763 116.8310546875 7.202880859375 0 0
stats: connect 7 16.37548828125 38.16813973497096 109.867919921875 0.741943359375 0 0
stats: page 10 26.165234375 34.33333296353763 116.8310546875 7.202880859375 0 0
stats: 200 10 10
stats: size_rcv 639526 639526
stats: size_sent 2849 2849
stats: connected 2 2
# stats: dump at 1480599320
stats: users 8 8
stats: {freemem,"tsung_controller@ip-172-31-13-122"} 1 3161.37890625 0.0 3161.8671875 3161.37890625 3161.8671875 1
stats: {load,"tsung_controller@ip-172-31-13-122"} 1 0.140625 0.0 0.140625 0.0 0.0 1
stats: {recvpackets,"tsung_controller@ip-172-31-13-122"} 1 483 0 483 483 0 0
stats: {sentpackets,"tsung_controller@ip-172-31-13-122"} 1 143 0 143 143 0 0
stats: {cpu,"tsung_controller@ip-172-31-13-122"} 1 2.359882005899705 0.0 2.359882005899705 2.156552762796592 2.156552762796592 1
stats: session 4 3688.1287231445313 3853.735452342765 10124.080078125 194.10791015625 1003.394580078125 5
stats: users_count 10 17
stats: finish_users_count 4 9
stats: request 16 273.76312255859375 947.8253676635346 3941.945068359375 7.10693359375 26.165234375 10
stats: connect 9 0.7725694444444444 0.07143876299062964 109.867919921875 0.59716796875 16.37548828125 7
stats: page 16 273.76312255859375 947.8253676635346 3941.945068359375 7.10693359375 26.165234375 10
stats: 200 16 26
stats: size_rcv 1606975 2246501
stats: size_sent 5071 7920
stats: connected 5 7
# stats: dump at 1480599330
stats: users 8 14
stats: {freemem,"tsung_controller@ip-172-31-13-122"} 1 3160.30078125 0.0 3161.8671875 3160.30078125 3161.623046875 2
stats: {load,"tsung_controller@ip-172-31-13-122"} 1 0.12109375 0.0 0.140625 0.0 0.0703125 2
stats: {recvpackets,"tsung_controller@ip-172-31-13-122"} 1 2144.0 0.0 2144 483 483.0 1
stats: {sentpackets,"tsung_controller@ip-172-31-13-122"} 1 585.0 0.0 585 143 143.0 1
stats: {cpu,"tsung_controller@ip-172-31-13-122"} 1 1.673228346456693 0.0 2.359882005899705 1.673228346456693 2.2582173843481486 2
stats: session 13 4210.356614332933 4805.617806728824 13233.087158203125 194.10791015625 2196.6097547743057 9
stats: users_count 13 30
stats: finish_users_count 13 22
stats: request 44 224.48681085759944 962.6839261820844 4690.5078125 6.7451171875 178.53316556490384 26
stats: connect 14 0.7842320033482143 0.1764153123490554 109.867919921875 0.59716796875 7.598846435546875 16
stats: page 39 253.28379782652243 1018.9703214990736 4690.5078125 6.7451171875 178.53316556490384 26
stats: 302 11 11
stats: 200 33 59
stats: size_rcv 3932416 6178917
stats: size_sent 18284 26204
stats: connected 1 8
# stats: dump at 1480599340
stats: users 9 14
stats: {freemem,"tsung_controller@ip-172-31-13-122"} 1 3158.85546875 0.0 3161.8671875 3158.85546875 3161.1822916666665 3
stats: {load,"tsung_controller@ip-172-31-13-122"} 1 0.1015625 0.0 0.140625 0.0 0.08723958333333333 3
stats: {recvpackets,"tsung_controller@ip-172-31-13-122"} 1 2629.0 0.0 2629 483 1313.5 2
stats: {sentpackets,"tsung_controller@ip-172-31-13-122"} 1 1096.0 0.0 1096 143 364.0 2
stats: {cpu,"tsung_controller@ip-172-31-13-122"} 1 2.2615535889872174 0.0 2.359882005899705 1.673228346456693 2.0632210383843304 3
stats: session 15 8990.354785156253 7855.012412653802 26422.3330078125 194.10791015625 3386.5510808771305 22
stats: users_count 16 46
stats: finish_users_count 15 37
stats: request 41 626.3182581459605 1646.2039132677214 6033.548828125 6.7451171875 207.4183140345982 70
stats: connect 16 0.9907836914062499 0.863263662944491 109.867919921875 0.59716796875 4.418693033854167 30
stats: page 40 641.9791198730469 1663.6365629327129 6033.548828125 6.7451171875 223.383544921875 65
stats: 302 7 18
stats: 200 34 93
stats: size_rcv 5813179 11992096
stats: newphase 1 1
stats: size_sent 14033 40237
stats: connected 2 10
# stats: dump at 1480599350
stats: users 19 20
stats: {freemem,"tsung_controller@ip-172-31-13-122"} 1 3158.984375 0.0 3161.8671875 3158.85546875 3160.6005859375 4
stats: {load,"tsung_controller@ip-172-31-13-122"} 1 0.078125 0.0 0.140625 0.0 0.0908203125 4
stats: {recvpackets,"tsung_controller@ip-172-31-13-122"} 1 4406.0 0.0 4406 483 1752.0 3
stats: {sentpackets,"tsung_controller@ip-172-31-13-122"} 1 1717.0 0.0 1717 143 608.0 3
stats: {cpu,"tsung_controller@ip-172-31-13-122"} 1 2.549019607843137 0.0 2.549019607843137 1.673228346456693 2.112804176035052 4
stats: session 8 5360.3819580078125 3341.5177640851057 26422.3330078125 194.10791015625 5658.36339342272 37
stats: users_count 18 64
stats: finish_users_count 8 45
stats: request 52 215.9402465820313 947.9786248972788 6033.548828125 6.531982421875 362.14712221987617 111
stats: connect 16 0.780181884765625 0.07264721491226224 109.867919921875 0.59716796875 3.226376740828804 46
stats: page 47 238.92545919215425 994.3783116243815 6033.548828125 6.7451171875 382.84852585565477 105
stats: 302 9 27
stats: 200 43 136
stats: size_rcv 5426231 17418327
stats: newphase 0 1
stats: size_sent 21037 61274
stats: connected 8 18
# stats: dump at 1480599360
stats: users 15 20
stats: {freemem,"tsung_controller@ip-172-31-13-122"} 1 3157.30078125 0.0 3161.8671875 3157.30078125 3160.27734375 5
stats: {load,"tsung_controller@ip-172-31-13-122"} 1 0.0703125 0.0 0.140625 0.0 0.08828125 5
stats: {recvpackets,"tsung_controller@ip-172-31-13-122"} 1 3413.0 0.0 4406 483 2415.5 4
stats: {sentpackets,"tsung_controller@ip-172-31-13-122"} 1 1296.0 0.0 1717 143 885.25 4
stats: {cpu,"tsung_controller@ip-172-31-13-122"} 1 2.2660098522167487 0.0 2.549019607843137 1.673228346456693 2.200047262396669 5
stats: session 14 10077.299124581474 6484.379896531027 26422.3330078125 79.912109375 5605.388916015626 45
stats: users_count 10 74
stats: finish_users_count 14 59
stats: request 53 631.4171027417453 1921.5550959310062 8186.906005859375 6.531982421875 315.5044379673122 163
stats: connect 12 0.8741048177083334 0.17924290631804793 109.867919921875 0.59716796875 2.5951006489415325 62
stats: page 49 682.9708824936224 1989.6232876267363 8186.906005859375 6.7451171875 338.3459986636513 152
stats: 302 15 42
stats: 200 37 173
stats: size_rcv 6733302 24151629
stats: newphase 0 1
stats: size_sent 23181 84455
stats: connected -2 16
stats: 500 1 1
# stats: dump at 1480599370
stats: users 35 35
stats: {freemem,"tsung_controller@ip-172-31-13-122"} 1 3156.9453125 0.0 3161.8671875 3156.9453125 3159.78125 6
stats: {load,"tsung_controller@ip-172-31-13-122"} 1 0.05859375 0.0 0.140625 0.0 0.08528645833333333 6
stats: {recvpackets,"tsung_controller@ip-172-31-13-122"} 1 5665.0 0.0 5665 483 2615.0 5
stats: {sentpackets,"tsung_controller@ip-172-31-13-122"} 1 2243.0 0.0 2243 143 967.4 5
stats: {cpu,"tsung_controller@ip-172-31-13-122"} 1 2.9469548133595285 0.0 2.9469548133595285 1.673228346456693 2.2110410273666825 6
stats: session 14 7132.838971819197 7493.908526472094 26422.3330078125 79.912109375 6666.5201519465045 59
stats: users_count 34 108
stats: finish_users_count 14 73
stats: request 62 584.8080582157259 1653.5534057995394 8507.399169921875 6.531982421875 393.0200455277055 216
stats: connect 33 0.7381776751893939 0.07795125032541365 109.867919921875 0.525146484375 2.316020243876689 74
stats: page 60 604.3050252278646 1677.3808797380223 8507.399169921875 6.7451171875 422.3590300450871 201
stats: 302 8 50
stats: 200 54 227
stats: size_rcv 7007781 31159410
stats: newphase 1 2
stats: size_sent 26750 111205
stats: connected 18 34
stats: 500 0 1
# stats: dump at 1480599380
stats: users 61 61
stats: {freemem,"tsung_controller@ip-172-31-13-122"} 1 3154.7109375 0.0 3161.8671875 3154.7109375 3159.3761160714284 7
stats: {load,"tsung_controller@ip-172-31-13-122"} 1 0.05078125 0.0 0.140625 0.0 0.08147321428571429 7
stats: {recvpackets,"tsung_controller@ip-172-31-13-122"} 1 3743.0 0.0 5665 483 3123.3333333333335 6
stats: {sentpackets,"tsung_controller@ip-172-31-13-122"} 1 1677.0 0.0 2243 143 1180.0 6
stats: {cpu,"tsung_controller@ip-172-31-13-122"} 1 2.9585798816568047 0.0 2.9585798816568047 1.673228346456693 2.3161715682228032 7
stats: session 19 7601.612818667763 8120.0706759528375 26422.3330078125 79.912109375 6755.951158497432 73
stats: users_count 45 153
stats: finish_users_count 19 92
stats: request 111 1605.440759607263 2323.9954525181925 12013.972900390625 6.531982421875 435.7929116667604 278
stats: connect 45 0.743505859375 0.2581283248100205 109.867919921875 0.525146484375 1.8293959002628504 107
stats: page 100 1743.0055029296877 2413.426191885805 12013.972900390625 6.7451171875 464.1856956043463 261
stats: 302 22 72
stats: 200 85 312
stats: size_rcv 7875906 39035316
stats: newphase 0 2
stats: size_sent 49307 160512
stats: connected 26 60
stats: 500 4 5
# stats: dump at 1480599390
stats: users 73 74
stats: {freemem,"tsung_controller@ip-172-31-13-122"} 1 3154.00390625 0.0 3161.8671875 3154.00390625 3158.79296875 8
stats: {load,"tsung_controller@ip-172-31-13-122"} 1 0.0390625 0.0 0.140625 0.0 0.07763671875 8
stats: {recvpackets,"tsung_controller@ip-172-31-13-122"} 1 7176.0 0.0 7176 483 3211.8571428571427 7
stats: {sentpackets,"tsung_controller@ip-172-31-13-122"} 1 3003.0 0.0 3003 143 1251.0 7
stats: {cpu,"tsung_controller@ip-172-31-13-122"} 1 4.027504911591356 0.0 4.027504911591356 1.673228346456693 2.3964726074020533 8
stats: session 24 15687.152974446615 9939.179122538586 35077.131103515625 79.912109375 6930.598675271739 92
stats: users_count 36 189
stats: finish_users_count 24 116
stats: request 91 4450.427522428742 2686.12976963626 13210.160888671875 6.531982421875 769.5484672487547 389
stats: connect 37 0.7001293285472973 0.07974414214625275 109.867919921875 0.52294921875 1.5079152960526316 152
stats: page 85 4775.618169806985 2683.2135101512463 13210.160888671875 6.7451171875 818.429409544884 361
stats: 302 16 88
stats: 200 75 387
stats: size_rcv 9521337 48556653
stats: newphase 0 2
stats: size_sent 37590 198102
stats: connected 14 74
stats: 500 0 5
# stats: dump at 1480599400
stats: users 116 117
stats: {freemem,"tsung_controller@ip-172-31-13-122"} 1 3152.79296875 0.0 3161.8671875 3152.79296875 3158.2608506944443 9
stats: {load,"tsung_controller@ip-172-31-13-122"} 1 0.0390625 0.0 0.140625 0.0 0.07335069444444445 9
stats: {recvpackets,"tsung_controller@ip-172-31-13-122"} 1 6419.0 0.0 7176 483 3707.375 8
stats: {sentpackets,"tsung_controller@ip-172-31-13-122"} 1 3019.0 0.0 3019 143 1470.0 8
stats: {cpu,"tsung_controller@ip-172-31-13-122"} 1 3.9254170755642788 0.0 4.027504911591356 1.673228346456693 2.5776984189786427 9
stats: session 13 12774.38192983774 10953.818145429696 36316.1650390625 79.912109375 8742.299564756197 116
stats: users_count 56 245
stats: finish_users_count 13 129
stats: request 53 7293.58503464033 3605.416178864793 18715.052978515625 6.531982421875 1467.381788126627 480
stats: connect 51 0.7155139399509803 0.12876405397721333 109.867919921875 0.52294921875 1.3497773024140212 189
stats: page 51 7637.785275926777 3524.919538342509 18715.052978515625 6.7451171875 1572.6021553347464 446
stats: 302 9 97
stats: 200 44 431
stats: size_rcv 5818818 54375471
stats: newphase 1 3
stats: size_sent 30692 228794
stats: connected 38 112
stats: 500 0 5
# stats: dump at 1480599410
stats: users 138 140
stats: {freemem,"tsung_controller@ip-172-31-13-122"} 1 3151.9609375 0.0 3161.8671875 3151.9609375 3157.7140625 10
stats: {load,"tsung_controller@ip-172-31-13-122"} 1 0.03125 0.0 0.140625 0.0 0.069921875 10
stats: {recvpackets,"tsung_controller@ip-172-31-13-122"} 1 4913.0 0.0 7176 483 4008.6666666666665 9
stats: {sentpackets,"tsung_controller@ip-172-31-13-122"} 1 2448.0 0.0 3019 143 1642.111111111111 9
stats: {cpu,"tsung_controller@ip-172-31-13-122"} 1 3.5467980295566504 0.0 4.027504911591356 1.673228346456693 2.7124702846372064 10
stats: session 34 15769.201753504136 13631.544536110296 48980.7841796875 53.072021484375 9148.6334465086 129
stats: users_count 56 301
stats: finish_users_count 34 163
stats: request 142 4526.056678449602 4627.748651370758 18715.052978515625 0.648193359375 2046.7228238962823 533
stats: connect 58 0.6896214978448276 0.07282290649367104 109.867919921875 0.52294921875 1.214996337890625 240
stats: page 128 4396.760433197022 4644.056509608501 18715.052978515625 0.708984375 2194.9851314920775 497
stats: 302 11 108
stats: 200 61 492
stats: size_rcv 7455574 61831045
stats: newphase 0 3
stats: size_sent 53560 282354
stats: connected 26 138
stats: 503 70 70
stats: 500 0 5
# stats: dump at 1480599420
stats: users 168 170
stats: {freemem,"tsung_controller@ip-172-31-13-122"} 1 3148.8984375 0.0 3161.8671875 3148.8984375 3157.1910511363635 11
stats: {load,"tsung_controller@ip-172-31-13-122"} 1 0.03125 0.0 0.140625 0.0 0.06640625 11
stats: {recvpackets,"tsung_controller@ip-172-31-13-122"} 1 5343.0 0.0 7176 483 4099.1 10
stats: {sentpackets,"tsung_controller@ip-172-31-13-122"} 1 2647.0 0.0 3019 143 1722.7 10
stats: {cpu,"tsung_controller@ip-172-31-13-122"} 1 4.305283757338552 0.0 4.305283757338552 1.673228346456693 2.788318261448065 11
stats: session 50 19803.677011718755 16069.931287548614 50181.087890625 53.072021484375 10529.610884777607 163
stats: users_count 80 381
stats: finish_users_count 50 213
stats: request 218 6382.698913014263 5225.325919707284 20725.4609375 0.648193359375 2568.3012051504625 675
stats: connect 82 0.6576374333079268 0.08200607071139225 109.867919921875 0.52294921875 1.1127421743917785 298
stats: page 207 6983.502982761549 6016.677554067001 20725.4609375 0.7080078125 2645.90871328125 625
stats: 302 17 125
stats: 200 127 619
stats: size_rcv 14094060 75925105
stats: newphase 0 3
stats: size_sent 72955 355309
stats: connected 30 168
stats: 503 69 139
stats: 500 2 7
stats: 404 3 3
# stats: dump at 1480599430
stats: users 132 172
stats: {freemem,"tsung_controller@ip-172-31-13-122"} 1 3146.640625 0.0 3161.8671875 3146.640625 3156.5 12
stats: {load,"tsung_controller@ip-172-31-13-122"} 1 0.01953125 0.0 0.140625 0.0 0.0634765625 12
stats: {recvpackets,"tsung_controller@ip-172-31-13-122"} 1 9186.0 0.0 9186 483 4212.181818181818 11
stats: {sentpackets,"tsung_controller@ip-172-31-13-122"} 1 4661.0 0.0 4661 143 1806.7272727272727 11
stats: {cpu,"tsung_controller@ip-172-31-13-122"} 1 6.35386119257087 0.0 6.35386119257087 1.673228346456693 2.914732052772272 12
stats: session 48 21290.307464599606 14327.518740680991 50181.087890625 53.072021484375 12706.621712698063 213
stats: users_count 12 393
stats: finish_users_count 48 261
stats: request 177 1801.3099854894951 4685.468307424615 23207.154052734375 0.648193359375 3499.475561605456 893
stats: connect 13 0.7727426382211539 0.1293956951171211 109.867919921875 0.52294921875 1.0145353618421054 380
stats: page 159 1995.3025731500593 4999.024038428942 23207.154052734375 0.69091796875 3725.093826000507 832
stats: 302 2 127
stats: 200 24 643
stats: size_rcv 4058161 79983266
stats: newphase 0 3
stats: size_sent 74336 429645
stats: connected -36 132
stats: 503 151 290
stats: 500 0 7
stats: 404 0 3
# stats: dump at 1480599440
stats: users 99 172
stats: {freemem,"tsung_controller@ip-172-31-13-122"} 1 3146.2890625 0.0 3161.8671875 3146.2890625 3155.7415865384614 13
stats: {load,"tsung_controller@ip-172-31-13-122"} 1 0.01953125 0.0 0.140625 0.0 0.06009615384615385 13
stats: {recvpackets,"tsung_controller@ip-172-31-13-122"} 1 4796.0 0.0 9186 483 4626.666666666667 12
stats: {sentpackets,"tsung_controller@ip-172-31-13-122"} 1 2303.0 0.0 4661 143 2044.5833333333333 12
stats: {cpu,"tsung_controller@ip-172-31-13-122"} 1 3.4448818897637796 0.0 6.35386119257087 1.673228346456693 3.179280448141395 13
stats: session 33 28956.286362156723 15577.794641981118 60725.280029296875 53.072021484375 14285.230586610991 261
stats: users_count 0 393
stats: finish_users_count 33 294
stats: request 112 13683.285084315708 5212.901206463015 23207.154052734375 0.648193359375 3218.5640597619745 1070
stats: connect 0 0 0 109.867919921875 0.52294921875 1.006537129254135 393
stats: page 102 14357.056690889243 5130.14481367888 23207.154052734375 0.69091796875 3447.559205210173 991
stats: 302 20 147
stats: 200 76 719
stats: size_rcv 11079855 91063121
stats: newphase 0 3
stats: size_sent 46183 475828
stats: connected -33 99
stats: 503 11 301
stats: 500 0 7
stats: 404 5 8
# stats: dump at 1480599450
stats: users 84 172
stats: {freemem,"tsung_controller@ip-172-31-13-122"} 1 3145.45703125 0.0 3161.8671875 3145.45703125 3155.06640625 14
stats: {load,"tsung_controller@ip-172-31-13-122"} 1 0.01953125 0.0 0.140625 0.0 0.05719866071428571 14
stats: {recvpackets,"tsung_controller@ip-172-31-13-122"} 1 7488.0 0.0 9186 483 4639.692307692308 13
stats: {sentpackets,"tsung_controller@ip-172-31-13-122"} 1 3444.0 0.0 4661 143 2064.4615384615386 13
stats: {cpu,"tsung_controller@ip-172-31-13-122"} 1 3.353057199211045 0.0 6.35386119257087 1.673228346456693 3.1982519796858506 14
stats: session 15 60986.19282226563 20065.05548189732 101905.94384765625 53.072021484375 15931.981745090614 294
stats: users_count 0 393
stats: finish_users_count 15 309
stats: request 47 13397.293067445145 4710.593229142874 29296.316162109375 0.648193359375 4210.145070548791 1182
stats: connect 0 0 0 109.867919921875 0.52294921875 1.006537129254135 393
stats: page 41 14848.588545636432 6441.250641410618 29659.130126953125 0.69091796875 4465.645887313801 1093
stats: 302 14 161
stats: 200 31 750
stats: size_rcv 6504739 97567860
stats: newphase 0 3
stats: size_sent 17584 493412
stats: connected -15 84
stats: 503 0 301
stats: 500 0 7
stats: 404 2 10
# stats: dump at 1480599460
stats: users 78 172
stats: {freemem,"tsung_controller@ip-172-31-13-122"} 1 3145.34765625 0.0 3161.8671875 3145.34765625 3154.42578125 15
stats: {load,"tsung_controller@ip-172-31-13-122"} 1 0.01171875 0.0 0.140625 0.0 0.0546875 15
stats: {recvpackets,"tsung_controller@ip-172-31-13-122"} 1 3325.0 0.0 9186 483 4843.142857142857 14
stats: {sentpackets,"tsung_controller@ip-172-31-13-122"} 1 1152.0 0.0 4661 143 2163.0 14
stats: {cpu,"tsung_controller@ip-172-31-13-122"} 1 1.968503937007874 0.0 6.35386119257087 1.673228346456693 3.208572327654197 15
stats: session 6 64803.006184895836 16228.265684390068 101905.94384765625 53.072021484375 18119.079370196196 309
stats: users_count 0 393
stats: finish_users_count 6 315
stats: request 32 19344.216117858887 1997.5209176752182 29296.316162109375 0.648193359375 4561.484334872737 1229
stats: connect 0 0 0 109.867919921875 0.52294921875 1.006537129254135 393
stats: page 27 21063.120885778357 4403.829706838631 29659.130126953125 0.69091796875 4841.043285013297 1134
stats: 302 9 170
stats: 200 19 769
stats: size_rcv 3175701 100743561
stats: newphase 0 3
stats: size_sent 11861 505273
stats: connected -6 78
stats: 503 0 301
stats: 500 2 9
stats: 404 2 12
# stats: dump at 1480599470
stats: users 76 172
stats: {freemem,"tsung_controller@ip-172-31-13-122"} 1 3145.234375 0.0 3161.8671875 3145.234375 3153.8583984375 16
stats: {load,"tsung_controller@ip-172-31-13-122"} 1 0.01171875 0.0 0.140625 0.0 0.052001953125 16
stats: {recvpackets,"tsung_controller@ip-172-31-13-122"} 1 2728.0 0.0 9186 483 4741.933333333333 15
stats: {sentpackets,"tsung_controller@ip-172-31-13-122"} 1 1135.0 0.0 4661 143 2095.6 15
stats: {cpu,"tsung_controller@ip-172-31-13-122"} 1 1.7751479289940828 0.0 6.35386119257087 1.673228346456693 3.1310680532388018 16
stats: session 2 63822.738037109375 646.509033203125 101905.94384765625 53.072021484375 19008.297023809522 315
stats: users_count 0 393
stats: finish_users_count 2 317
stats: request 16 25382.702224731445 1880.8647939199316 30602.677001953125 0.648193359375 4936.621065289515 1261
stats: connect 0 0 0 109.867919921875 0.52294921875 1.006537129254135 393
stats: page 13 26799.88897235577 3161.0539561684977 33433.324951171875 0.69091796875 5218.30090363574 1161
stats: 302 5 175
stats: 200 10 779
stats: size_rcv 1242034 101985595
stats: newphase 0 3
stats: size_sent 12521 517794
stats: connected -2 76
stats: 503 0 301
stats: 500 1 10
stats: 404 0 12
# stats: dump at 1480599480
stats: users 69 172
stats: {freemem,"tsung_controller@ip-172-31-13-122"} 1 3145.12109375 0.0 3161.8671875 3145.12109375 3153.3511029411766 17
stats: {load,"tsung_controller@ip-172-31-13-122"} 1 0.01171875 0.0 0.140625 0.0 0.04963235294117647 17
stats: {recvpackets,"tsung_controller@ip-172-31-13-122"} 1 1601.0 0.0 9186 483 4616.0625 16
stats: {sentpackets,"tsung_controller@ip-172-31-13-122"} 1 689.0 0.0 4661 143 2035.5625 16
stats: {cpu,"tsung_controller@ip-172-31-13-122"} 1 1.1869436201780417 0.0 6.35386119257087 1.1869436201780417 3.0513080459302886 17
stats: session 7 77815.15611049107 17204.980894163808 105771.36083984375 53.072021484375 19291.03797657482 317
stats: users_count 0 393
stats: finish_users_count 7 324
stats: request 33 24865.9423902107 3608.4429932568864 35775.886962890625 0.648193359375 5192.797493285656 1277
stats: connect 0 0 0 109.867919921875 0.52294921875 1.006537129254135 393
stats: page 28 28178.956970214844 6459.105047033497 40967.875 0.69091796875 5457.279306440987 1174
stats: 302 9 184
stats: 200 22 801
stats: size_rcv 2965167 104950762
stats: newphase 0 3
stats: size_sent 12756 530550
stats: connected -7 69
stats: 503 0 301
stats: 500 0 10
stats: 404 2 14
# stats: dump at 1480599490
stats: users 57 172
stats: {freemem,"tsung_controller@ip-172-31-13-122"} 1 3145.01171875 0.0 3161.8671875 3145.01171875 3152.8938802083335 18
stats: {load,"tsung_controller@ip-172-31-13-122"} 1 0.01171875 0.0 0.140625 0.0 0.047526041666666664 18
stats: {recvpackets,"tsung_controller@ip-172-31-13-122"} 1 1687.0 0.0 9186 483 4438.705882352941 17
stats: {sentpackets,"tsung_controller@ip-172-31-13-122"} 1 678.0 0.0 4661 143 1956.3529411764705 17
stats: {cpu,"tsung_controller@ip-172-31-13-122"} 1 1.678183613030602 0.0 6.35386119257087 1.1869436201780417 2.9477322444996084 18
stats: session 12 81545.34627278647 7524.323470802593 105771.36083984375 53.072021484375 20555.447936258195 324
stats: users_count 0 393
stats: finish_users_count 12 336
stats: request 45 20745.814561631945 6037.717674418012 36047.06396484375 0.648193359375 5688.380532673844 1310
stats: connect 0 0 0 109.867919921875 0.52294921875 1.006537129254135 393
stats: page 40 26833.77764892578 10143.174834337675 42640.806884765625 0.69091796875 5986.569634715253 1202
stats: 302 16 200
stats: 200 29 830
stats: size_rcv 4019419 108970181
stats: newphase 0 3
stats: size_sent 18235 548785
stats: connected -12 57
stats: 503 0 301
stats: 500 0 10
stats: 404 0 14
# stats: dump at 1480599500
stats: users 47 172
stats: {freemem,"tsung_controller@ip-172-31-13-122"} 1 3144.8984375 0.0 3161.8671875 3144.8984375 3152.4790296052633 19
stats: {load,"tsung_controller@ip-172-31-13-122"} 1 0.01171875 0.0 0.140625 0.0 0.04564144736842105 19
stats: {recvpackets,"tsung_controller@ip-172-31-13-122"} 1 2885.0 0.0 9186 483 4285.833333333333 18
stats: {sentpackets,"tsung_controller@ip-172-31-13-122"} 1 1290.0 0.0 4661 143 1885.3333333333333 18
stats: {cpu,"tsung_controller@ip-172-31-13-122"} 1 2.0648967551622417 0.0 6.35386119257087 1.1869436201780417 2.880913895474924 19
stats: session 10 87389.42255859375 7437.554851538283 105771.36083984375 53.072021484375 22733.658591134204 336
stats: users_count 0 393
stats: finish_users_count 10 346
stats: request 25 20895.371630859376 3556.5308759991767 36047.06396484375 0.648193359375 6188.442917399389 1355
stats: connect 0 0 0 109.867919921875 0.52294921875 1.006537129254135 393
stats: page 25 24243.672626953125 7639.399511220541 43264.93896484375 0.69091796875 6657.9773002292795 1242
stats: 302 10 210
stats: 200 14 844
stats: size_rcv 3753437 112723618
stats: newphase 0 3
stats: size_sent 6043 554828
stats: connected -10 47
stats: 503 0 301
stats: 500 1 11
stats: 404 0 14
# stats: dump at 1480599510
stats: users 13 172
stats: {freemem,"tsung_controller@ip-172-31-13-122"} 1 3144.9375 0.0 3161.8671875 3144.8984375 3152.1 20
stats: {load,"tsung_controller@ip-172-31-13-122"} 1 0.01171875 0.0 0.140625 0.0 0.0439453125 20
stats: {recvpackets,"tsung_controller@ip-172-31-13-122"} 1 2006.0 0.0 9186 483 4212.105263157895 19
stats: {sentpackets,"tsung_controller@ip-172-31-13-122"} 1 898.0 0.0 4661 143 1854.0 19
stats: {cpu,"tsung_controller@ip-172-31-13-122"} 1 2.156862745098039 0.0 6.35386119257087 1.1869436201780417 2.84011303845929 20
stats: session 34 97514.65069939109 8922.119178466783 119076.32299804688 53.072021484375 24602.3222896157 346
stats: users_count 0 393
stats: finish_users_count 34 380
stats: request 60 13049.926029459635 10382.772335046904 36047.06396484375 0.648193359375 6454.872785396852 1380
stats: connect 0 0 0 109.867919921875 0.52294921875 1.006537129254135 393
stats: page 60 13590.635034179688 11245.78069043584 43264.93896484375 0.69091796875 7004.972077788945 1267
stats: 302 38 248
stats: 200 22 866
stats: size_rcv 6332871 119056489
stats: newphase 0 3
stats: size_sent 11427 566255
stats: connected -33 14
stats: 503 0 301
stats: 500 0 11
stats: 404 0 14
# stats: dump at 1480599520
stats: users 0 172
stats: {freemem,"tsung_controller@ip-172-31-13-122"} 1 3144.88671875 0.0 3161.8671875 3144.88671875 3151.7589285714284 21
stats: {load,"tsung_controller@ip-172-31-13-122"} 1 0.0 0.0 0.140625 0.0 0.04241071428571429 21
stats: {recvpackets,"tsung_controller@ip-172-31-13-122"} 1 4656.0 0.0 9186 483 4101.8 20
stats: {sentpackets,"tsung_controller@ip-172-31-13-122"} 1 2088.0 0.0 4661 143 1806.2 20
stats: {cpu,"tsung_controller@ip-172-31-13-122"} 1 2.75049115913556 0.0 6.35386119257087 1.1869436201780417 2.8075773102039925 21
stats: session 13 97603.70688100961 5222.342655760556 119076.32299804688 53.072021484375 31126.056936806126 380
stats: users_count 0 393
stats: finish_users_count 13 393
stats: request 10 2794.2403076171877 8359.434574947249 36047.06396484375 0.648193359375 6729.666670566135 1440
stats: connect 0 0 0 109.867919921875 0.52294921875 1.006537129254135 393
stats: page 10 2794.2403076171877 8359.434574947249 43264.93896484375 0.69091796875 7302.741314701865 1327
stats: 302 5 253
stats: 200 5 871
stats: size_rcv 135274 119191763
stats: newphase 0 3
stats: size_sent 4819 571074
stats: connected -14 0
stats: 503 0 301
stats: 500 0 11
stats: 404 0 14
# stats: dump at 1480599522
stats: users 0 172
stats: {freemem,"tsung_controller@ip-172-31-13-122"} 0 0 0 3161.8671875 3144.88671875 3151.4465553977275 22
stats: {load,"tsung_controller@ip-172-31-13-122"} 0 0 0 0.140625 0.0 0.040482954545454544 22
stats: {recvpackets,"tsung_controller@ip-172-31-13-122"} 0 0 0 9186 483 4128.190476190476 21
stats: {sentpackets,"tsung_controller@ip-172-31-13-122"} 0 0 0 4661 143 1819.6190476190477 21
stats: {cpu,"tsung_controller@ip-172-31-13-122"} 0 0 0 6.35386119257087 1.1869436201780417 2.8049824851554277 22
stats: session 0 0 0 119076.32299804688 53.072021484375 33325.06316905713 393
stats: users_count 0 393
stats: finish_users_count 0 393
stats: request 0 0 0 36047.06396484375 0.648193359375 6702.5257990975215 1450
stats: connect 0 0 0 109.867919921875 0.52294921875 1.006537129254135 393
stats: page 0 0 0 43264.93896484375 0.69091796875 7269.020289966752 1337
stats: 302 0 253
stats: 200 0 871
stats: size_rcv 0 119191763
stats: newphase 0 3
stats: size_sent 0 571074
stats: connected 0 0
stats: 503 0 301
stats: 500 0 11
stats: 404 0 14
EndMonitor:{1480,599522,811442}
