
=INFO REPORT==== 1-Dec-2016::13:35:00 ===
    ts_config_server:(5:<0.55.0>) Config server started, logdir is "/home/ec2-user/.tsung/log/20161201-1335"
 
=INFO REPORT==== 1-Dec-2016::13:35:00 ===
              ts_mon:(5:<0.54.0>) starting monitor, global 

=INFO REPORT==== 1-Dec-2016::13:35:00 ===
           ts_config:(5:<0.55.0>) Reading config file: varied.xml

=INFO REPORT==== 1-Dec-2016::13:35:00 ===
      ts_config_http:(4:<0.55.0>) Get user agent: 100 "Mozilla/5.0 (Windows; U; Windows NT 5.2; fr-FR; rv:1.7.8) Gecko/20050511 Firefox/1.0.4" 

=INFO REPORT==== 1-Dec-2016::13:35:00 ===
           ts_config:(5:<0.55.0>) Session name for id 1 is "landing-page"

=INFO REPORT==== 1-Dec-2016::13:35:00 ===
           ts_config:(5:<0.55.0>) Session name for id 2 is "view-and-search"

=INFO REPORT==== 1-Dec-2016::13:35:00 ===
           ts_config:(5:<0.55.0>) Session name for id 3 is "news-test"

=INFO REPORT==== 1-Dec-2016::13:35:00 ===
    ts_config_server:(4:<0.55.0>) SYSINFO:Tsung version: 1.6.0

=INFO REPORT==== 1-Dec-2016::13:35:00 ===
    ts_config_server:(4:<0.55.0>) SYSINFO:Erlang version: Erlang R14B04 (erts-5.8.5) [source] [64-bit] [rq:1] [async-threads:8] [kernel-poll:true]


=INFO REPORT==== 1-Dec-2016::13:35:00 ===
    ts_config_server:(4:<0.55.0>) SYSINFO:System architecture x86_64-redhat-linux-gnu

=INFO REPORT==== 1-Dec-2016::13:35:00 ===
    ts_config_server:(4:<0.55.0>) SYSINFO:Current path: /usr/lib/erlang/lib/tsung-1.6.0/ebin/tsung.beam

=INFO REPORT==== 1-Dec-2016::13:35:00 ===
              ts_mon:(5:<0.56.0>) Activate clients with text backend

=INFO REPORT==== 1-Dec-2016::13:35:00 ===
              ts_mon:(5:<0.56.0>) Starting tsung clients on hosts: [localhost]

=INFO REPORT==== 1-Dec-2016::13:35:00 ===
    ts_config_server:(5:<0.55.0>) Start a launcher on the controller beam localhost

=INFO REPORT==== 1-Dec-2016::13:35:00 ===
  ts_launcher_static:(5:<0.111.0>) Launch msg receive ("localhost")

=INFO REPORT==== 1-Dec-2016::13:35:00 ===
         ts_launcher:(5:<0.112.0>) Launch msg receive ("localhost")

=INFO REPORT==== 1-Dec-2016::13:35:00 ===
    ts_config_server:(5:<0.55.0>) All remote beams started, syncing 

=INFO REPORT==== 1-Dec-2016::13:35:00 ===
    ts_config_server:(5:<0.55.0>) Undefined ports_range config 

=INFO REPORT==== 1-Dec-2016::13:35:00 ===
    ts_config_server:(5:<0.55.0>) New arrival phase 1 for client "localhost" (last ? true): will start 30 users

=INFO REPORT==== 1-Dec-2016::13:35:00 ===
    ts_config_server:(5:<0.55.0>) New arrival phase 2 for client "localhost" (last ? true): will start 60 users

=INFO REPORT==== 1-Dec-2016::13:35:00 ===
    ts_config_server:(5:<0.55.0>) New arrival phase 3 for client "localhost" (last ? true): will start 120 users

=INFO REPORT==== 1-Dec-2016::13:35:00 ===
    ts_config_server:(5:<0.55.0>) New arrival phase 4 for client "localhost" (last ? true): will start 240 users

=INFO REPORT==== 1-Dec-2016::13:35:00 ===
         ts_launcher:(5:<0.112.0>) Expected duration of first phase: 30.0 sec (30 users) 

=INFO REPORT==== 1-Dec-2016::13:35:01 ===
         ts_launcher:(5:<0.112.0>) Activate launcher (30 users) in 1269 msec 

=INFO REPORT==== 1-Dec-2016::13:35:27 ===
         ts_launcher:(4:<0.112.0>) Need to wait 4.765 sec before changing phase, going to sleep

=INFO REPORT==== 1-Dec-2016::13:35:32 ===
         ts_launcher:(5:<0.112.0>) Waking up

=INFO REPORT==== 1-Dec-2016::13:35:32 ===
         ts_launcher:(5:<0.112.0>) Start a new arrival phase (60 users, 0.002); expected duration=30.0 sec

=INFO REPORT==== 1-Dec-2016::13:36:02 ===
         ts_launcher:(4:<0.112.0>) Phase duration exceeded, more than 20% (21.7%) of users were not launched in time (13 users), tsung may be overloaded !

=INFO REPORT==== 1-Dec-2016::13:36:02 ===
         ts_launcher:(5:<0.112.0>) Start a new arrival phase (120 users, 0.004); expected duration=30.0 sec

=INFO REPORT==== 1-Dec-2016::13:36:32 ===
         ts_launcher:(5:<0.112.0>) Phase duration exceeded, but not all users were launched (4 users, 3.3% of phase)

=INFO REPORT==== 1-Dec-2016::13:36:32 ===
         ts_launcher:(5:<0.112.0>) Start a new arrival phase (240 users, 0.008); expected duration=30.0 sec

=INFO REPORT==== 1-Dec-2016::13:36:46 ===
           ts_search:(5:<0.279.0>) Dyn Var (RE): no Match (varname=created_news_id), 

=INFO REPORT==== 1-Dec-2016::13:36:46 ===
           ts_search:(5:<0.279.0>) Dyn Var (RE): no Match (varname=created_news_url), 

=INFO REPORT==== 1-Dec-2016::13:36:46 ===
           ts_search:(5:<0.310.0>) Dyn Var (RE): no Match (varname=created_news_id), 

=INFO REPORT==== 1-Dec-2016::13:36:46 ===
           ts_search:(5:<0.310.0>) Dyn Var (RE): no Match (varname=created_news_url), 

=INFO REPORT==== 1-Dec-2016::13:36:46 ===
           ts_search:(5:<0.338.0>) Dyn Var (RE): no Match (varname=created_news_id), 

=INFO REPORT==== 1-Dec-2016::13:36:46 ===
           ts_search:(5:<0.338.0>) Dyn Var (RE): no Match (varname=created_news_url), 

=INFO REPORT==== 1-Dec-2016::13:36:49 ===
           ts_search:(5:<0.296.0>) Dyn Var (RE): no Match (varname=created_news_id), 

=INFO REPORT==== 1-Dec-2016::13:36:49 ===
           ts_search:(5:<0.296.0>) Dyn Var (RE): no Match (varname=created_news_url), 

=INFO REPORT==== 1-Dec-2016::13:36:49 ===
           ts_search:(5:<0.350.0>) Dyn Var (RE): no Match (varname=created_news_id), 

=INFO REPORT==== 1-Dec-2016::13:36:49 ===
           ts_search:(5:<0.350.0>) Dyn Var (RE): no Match (varname=created_news_url), 

=INFO REPORT==== 1-Dec-2016::13:36:59 ===
           ts_search:(5:<0.346.0>) Dyn Var (RE): no Match (varname=created_news_id), 

=INFO REPORT==== 1-Dec-2016::13:36:59 ===
           ts_search:(5:<0.346.0>) Dyn Var (RE): no Match (varname=created_news_url), 

=INFO REPORT==== 1-Dec-2016::13:37:01 ===
           ts_search:(5:<0.372.0>) Dyn Var (RE): no Match (varname=created_news_id), 

=INFO REPORT==== 1-Dec-2016::13:37:01 ===
           ts_search:(5:<0.372.0>) Dyn Var (RE): no Match (varname=created_news_url), 

=INFO REPORT==== 1-Dec-2016::13:37:01 ===
           ts_search:(5:<0.366.0>) Dyn Var (RE): no Match (varname=created_news_id), 

=INFO REPORT==== 1-Dec-2016::13:37:01 ===
           ts_search:(5:<0.366.0>) Dyn Var (RE): no Match (varname=created_news_url), 

=INFO REPORT==== 1-Dec-2016::13:37:01 ===
           ts_search:(5:<0.371.0>) Dyn Var (RE): no Match (varname=created_news_id), 

=INFO REPORT==== 1-Dec-2016::13:37:01 ===
           ts_search:(5:<0.371.0>) Dyn Var (RE): no Match (varname=created_news_url), 

=INFO REPORT==== 1-Dec-2016::13:37:02 ===
           ts_search:(5:<0.369.0>) Dyn Var (RE): no Match (varname=created_news_id), 

=INFO REPORT==== 1-Dec-2016::13:37:02 ===
           ts_search:(5:<0.369.0>) Dyn Var (RE): no Match (varname=created_news_url), 

=INFO REPORT==== 1-Dec-2016::13:37:02 ===
           ts_search:(5:<0.356.0>) Dyn Var (RE): no Match (varname=created_news_id), 

=INFO REPORT==== 1-Dec-2016::13:37:02 ===
           ts_search:(5:<0.356.0>) Dyn Var (RE): no Match (varname=created_news_url), 

=INFO REPORT==== 1-Dec-2016::13:37:02 ===
         ts_launcher:(5:<0.112.0>) Phase duration exceeded, but not all users were launched (40 users, 16.7% of phase)

=INFO REPORT==== 1-Dec-2016::13:37:02 ===
         ts_launcher:(5:<0.112.0>) This was the last phase, wait for connected users to finish their session

=INFO REPORT==== 1-Dec-2016::13:37:02 ===
           ts_search:(5:<0.326.0>) Dyn Var (RE): no Match (varname=created_news_id), 

=INFO REPORT==== 1-Dec-2016::13:37:02 ===
           ts_search:(5:<0.326.0>) Dyn Var (RE): no Match (varname=created_news_url), 

=INFO REPORT==== 1-Dec-2016::13:37:02 ===
           ts_search:(5:<0.408.0>) Dyn Var (RE): no Match (varname=created_news_id), 

=INFO REPORT==== 1-Dec-2016::13:37:02 ===
           ts_search:(5:<0.408.0>) Dyn Var (RE): no Match (varname=created_news_url), 

=INFO REPORT==== 1-Dec-2016::13:37:02 ===
           ts_search:(5:<0.318.0>) Dyn Var (RE): no Match (varname=created_news_id), 

=INFO REPORT==== 1-Dec-2016::13:37:02 ===
           ts_search:(5:<0.318.0>) Dyn Var (RE): no Match (varname=created_news_url), 

=INFO REPORT==== 1-Dec-2016::13:37:03 ===
           ts_search:(5:<0.373.0>) Dyn Var (RE): no Match (varname=created_news_id), 

=INFO REPORT==== 1-Dec-2016::13:37:03 ===
           ts_search:(5:<0.373.0>) Dyn Var (RE): no Match (varname=created_news_url), 

=INFO REPORT==== 1-Dec-2016::13:37:03 ===
           ts_search:(5:<0.436.0>) Dyn Var (RE): no Match (varname=created_news_id), 

=INFO REPORT==== 1-Dec-2016::13:37:03 ===
           ts_search:(5:<0.436.0>) Dyn Var (RE): no Match (varname=created_news_url), 

=INFO REPORT==== 1-Dec-2016::13:37:04 ===
           ts_search:(5:<0.368.0>) Dyn Var (RE): no Match (varname=created_news_id), 

=INFO REPORT==== 1-Dec-2016::13:37:04 ===
           ts_search:(5:<0.368.0>) Dyn Var (RE): no Match (varname=created_news_url), 

=INFO REPORT==== 1-Dec-2016::13:37:04 ===
           ts_search:(5:<0.390.0>) Dyn Var (RE): no Match (varname=created_news_id), 

=INFO REPORT==== 1-Dec-2016::13:37:04 ===
           ts_search:(5:<0.390.0>) Dyn Var (RE): no Match (varname=created_news_url), 

=INFO REPORT==== 1-Dec-2016::13:37:04 ===
           ts_search:(5:<0.343.0>) Dyn Var (RE): no Match (varname=created_news_id), 

=INFO REPORT==== 1-Dec-2016::13:37:04 ===
           ts_search:(5:<0.343.0>) Dyn Var (RE): no Match (varname=created_news_url), 

=INFO REPORT==== 1-Dec-2016::13:37:04 ===
           ts_search:(5:<0.355.0>) Dyn Var (RE): no Match (varname=created_news_id), 

=INFO REPORT==== 1-Dec-2016::13:37:04 ===
           ts_search:(5:<0.355.0>) Dyn Var (RE): no Match (varname=created_news_url), 

=INFO REPORT==== 1-Dec-2016::13:37:04 ===
           ts_search:(5:<0.407.0>) Dyn Var (RE): no Match (varname=created_news_id), 

=INFO REPORT==== 1-Dec-2016::13:37:04 ===
           ts_search:(5:<0.407.0>) Dyn Var (RE): no Match (varname=created_news_url), 

=INFO REPORT==== 1-Dec-2016::13:37:05 ===
           ts_search:(5:<0.465.0>) Dyn Var (RE): no Match (varname=created_news_id), 

=INFO REPORT==== 1-Dec-2016::13:37:05 ===
           ts_search:(5:<0.465.0>) Dyn Var (RE): no Match (varname=created_news_url), 

=INFO REPORT==== 1-Dec-2016::13:37:07 ===
           ts_search:(5:<0.473.0>) Dyn Var (RE): no Match (varname=created_news_id), 

=INFO REPORT==== 1-Dec-2016::13:37:07 ===
           ts_search:(5:<0.473.0>) Dyn Var (RE): no Match (varname=created_news_url), 

=INFO REPORT==== 1-Dec-2016::13:37:10 ===
           ts_search:(5:<0.514.0>) Dyn Var (RE): no Match (varname=created_news_id), 

=INFO REPORT==== 1-Dec-2016::13:37:10 ===
           ts_search:(5:<0.514.0>) Dyn Var (RE): no Match (varname=created_news_url), 

=INFO REPORT==== 1-Dec-2016::13:37:12 ===
           ts_search:(5:<0.365.0>) Dyn Var (RE): no Match (varname=created_news_id), 

=INFO REPORT==== 1-Dec-2016::13:37:12 ===
           ts_search:(5:<0.365.0>) Dyn Var (RE): no Match (varname=created_news_url), 

=INFO REPORT==== 1-Dec-2016::13:38:42 ===
     ts_launcher_mgr:(5:<0.106.0>) No more active users 'tsung_controller@ip-172-31-13-122' "32105"

=INFO REPORT==== 1-Dec-2016::13:38:42 ===
              ts_mon:(5:<0.56.0>) stopping monitor (normal)
