
=INFO REPORT==== 1-Dec-2016::07:06:29 ===
    ts_config_server:(5:<0.55.0>) Config server started, logdir is "/home/ec2-user/.tsung/log/20161201-0706"
 
=INFO REPORT==== 1-Dec-2016::07:06:29 ===
              ts_mon:(5:<0.54.0>) starting monitor, global 

=INFO REPORT==== 1-Dec-2016::07:06:29 ===
           ts_config:(5:<0.55.0>) Reading config file: critical.xml

=INFO REPORT==== 1-Dec-2016::07:06:29 ===
      ts_config_http:(4:<0.55.0>) Get user agent: 100 "Mozilla/5.0 (Windows; U; Windows NT 5.2; fr-FR; rv:1.7.8) Gecko/20050511 Firefox/1.0.4" 

=INFO REPORT==== 1-Dec-2016::07:06:29 ===
           ts_config:(5:<0.55.0>) Session name for id 1 is "stats-viewer"

=INFO REPORT==== 1-Dec-2016::07:06:29 ===
           ts_config:(5:<0.55.0>) Session name for id 2 is "search-viewer"

=INFO REPORT==== 1-Dec-2016::07:06:29 ===
           ts_config:(5:<0.55.0>) Session name for id 3 is "news-session"

=INFO REPORT==== 1-Dec-2016::07:06:29 ===
    ts_config_server:(4:<0.55.0>) SYSINFO:Tsung version: 1.6.0

=INFO REPORT==== 1-Dec-2016::07:06:29 ===
    ts_config_server:(4:<0.55.0>) SYSINFO:Erlang version: Erlang R14B04 (erts-5.8.5) [source] [64-bit] [rq:1] [async-threads:8] [kernel-poll:true]


=INFO REPORT==== 1-Dec-2016::07:06:29 ===
    ts_config_server:(4:<0.55.0>) SYSINFO:System architecture x86_64-redhat-linux-gnu

=INFO REPORT==== 1-Dec-2016::07:06:29 ===
    ts_config_server:(4:<0.55.0>) SYSINFO:Current path: /usr/lib/erlang/lib/tsung-1.6.0/ebin/tsung.beam

=INFO REPORT==== 1-Dec-2016::07:06:29 ===
              ts_mon:(5:<0.56.0>) Activate clients with text backend

=INFO REPORT==== 1-Dec-2016::07:06:29 ===
              ts_mon:(5:<0.56.0>) Starting tsung clients on hosts: [localhost]

=INFO REPORT==== 1-Dec-2016::07:06:29 ===
    ts_config_server:(5:<0.55.0>) Start a launcher on the controller beam localhost

=INFO REPORT==== 1-Dec-2016::07:06:29 ===
  ts_launcher_static:(5:<0.111.0>) Launch msg receive ("localhost")

=INFO REPORT==== 1-Dec-2016::07:06:29 ===
         ts_launcher:(5:<0.112.0>) Launch msg receive ("localhost")

=INFO REPORT==== 1-Dec-2016::07:06:29 ===
    ts_config_server:(5:<0.55.0>) All remote beams started, syncing 

=INFO REPORT==== 1-Dec-2016::07:06:29 ===
    ts_config_server:(5:<0.55.0>) Undefined ports_range config 

=INFO REPORT==== 1-Dec-2016::07:06:29 ===
    ts_config_server:(5:<0.55.0>) New arrival phase 1 for client "localhost" (last ? true): will start 30 users

=INFO REPORT==== 1-Dec-2016::07:06:29 ===
    ts_config_server:(5:<0.55.0>) New arrival phase 2 for client "localhost" (last ? true): will start 60 users

=INFO REPORT==== 1-Dec-2016::07:06:29 ===
    ts_config_server:(5:<0.55.0>) New arrival phase 3 for client "localhost" (last ? true): will start 120 users

=INFO REPORT==== 1-Dec-2016::07:06:29 ===
    ts_config_server:(5:<0.55.0>) New arrival phase 4 for client "localhost" (last ? true): will start 240 users

=INFO REPORT==== 1-Dec-2016::07:06:29 ===
    ts_config_server:(5:<0.55.0>) New arrival phase 5 for client "localhost" (last ? true): will start 480 users

=INFO REPORT==== 1-Dec-2016::07:06:29 ===
    ts_config_server:(5:<0.55.0>) New arrival phase 6 for client "localhost" (last ? true): will start 960 users

=INFO REPORT==== 1-Dec-2016::07:06:29 ===
         ts_launcher:(5:<0.112.0>) Expected duration of first phase: 30.0 sec (30 users) 

=INFO REPORT==== 1-Dec-2016::07:06:29 ===
         ts_launcher:(5:<0.112.0>) Activate launcher (30 users) in 705 msec 

=INFO REPORT==== 1-Dec-2016::07:06:45 ===
           ts_search:(5:<0.122.0>) Dyn Var (RE): no Match (varname=created_news_id), 

=INFO REPORT==== 1-Dec-2016::07:06:48 ===
           ts_search:(5:<0.132.0>) Dyn Var (RE): no Match (varname=created_news_id), 

=INFO REPORT==== 1-Dec-2016::07:06:51 ===
         ts_launcher:(4:<0.112.0>) Need to wait 8.549 sec before changing phase, going to sleep

=INFO REPORT==== 1-Dec-2016::07:06:51 ===
           ts_search:(5:<0.130.0>) Dyn Var (RE): no Match (varname=created_news_id), 

=INFO REPORT==== 1-Dec-2016::07:06:54 ===
           ts_search:(5:<0.147.0>) Dyn Var (RE): no Match (varname=created_news_id), 

=INFO REPORT==== 1-Dec-2016::07:06:55 ===
           ts_search:(5:<0.150.0>) Dyn Var (RE): no Match (varname=created_news_id), 

=INFO REPORT==== 1-Dec-2016::07:06:56 ===
           ts_search:(5:<0.127.0>) Dyn Var (RE): no Match (varname=created_news_id), 

=INFO REPORT==== 1-Dec-2016::07:06:57 ===
           ts_search:(5:<0.141.0>) Dyn Var (RE): no Match (varname=created_news_id), 

=INFO REPORT==== 1-Dec-2016::07:06:57 ===
           ts_search:(5:<0.151.0>) Dyn Var (RE): no Match (varname=created_news_id), 

=INFO REPORT==== 1-Dec-2016::07:06:59 ===
         ts_launcher:(5:<0.112.0>) Waking up

=INFO REPORT==== 1-Dec-2016::07:06:59 ===
         ts_launcher:(5:<0.112.0>) Start a new arrival phase (60 users, 0.002); expected duration=30.0 sec

=INFO REPORT==== 1-Dec-2016::07:07:05 ===
           ts_search:(5:<0.144.0>) Dyn Var (RE): no Match (varname=created_news_id), 

=INFO REPORT==== 1-Dec-2016::07:07:11 ===
           ts_search:(5:<0.167.0>) Dyn Var (RE): no Match (varname=created_news_id), 

=INFO REPORT==== 1-Dec-2016::07:07:17 ===
           ts_search:(5:<0.179.0>) Dyn Var (RE): no Match (varname=created_news_id), 

=INFO REPORT==== 1-Dec-2016::07:07:18 ===
           ts_search:(5:<0.174.0>) Dyn Var (RE): no Match (varname=created_news_id), 

=INFO REPORT==== 1-Dec-2016::07:07:27 ===
           ts_search:(5:<0.165.0>) Dyn Var (RE): no Match (varname=created_news_id), 

=INFO REPORT==== 1-Dec-2016::07:07:28 ===
           ts_search:(5:<0.160.0>) Dyn Var (RE): no Match (varname=created_news_id), 

=INFO REPORT==== 1-Dec-2016::07:07:28 ===
         ts_launcher:(4:<0.112.0>) Need to wait 1.388 sec before changing phase, going to sleep

=INFO REPORT==== 1-Dec-2016::07:07:29 ===
           ts_search:(5:<0.172.0>) Dyn Var (RE): no Match (varname=created_news_id), 

=INFO REPORT==== 1-Dec-2016::07:07:29 ===
         ts_launcher:(5:<0.112.0>) Waking up

=INFO REPORT==== 1-Dec-2016::07:07:29 ===
         ts_launcher:(5:<0.112.0>) Start a new arrival phase (120 users, 0.004); expected duration=30.0 sec

=INFO REPORT==== 1-Dec-2016::07:07:34 ===
           ts_search:(5:<0.175.0>) Dyn Var (RE): no Match (varname=created_news_id), 

=INFO REPORT==== 1-Dec-2016::07:07:35 ===
           ts_search:(5:<0.186.0>) Dyn Var (RE): no Match (varname=created_news_id), 

=INFO REPORT==== 1-Dec-2016::07:07:39 ===
           ts_search:(5:<0.143.0>) Dyn Var (RE): no Match (varname=created_news_id), 

=INFO REPORT==== 1-Dec-2016::07:07:39 ===
           ts_search:(5:<0.185.0>) Dyn Var (RE): no Match (varname=created_news_id), 

=INFO REPORT==== 1-Dec-2016::07:07:53 ===
           ts_search:(5:<0.178.0>) Dyn Var (RE): no Match (varname=created_news_id), 

=INFO REPORT==== 1-Dec-2016::07:07:57 ===
         ts_launcher:(4:<0.112.0>) Need to wait 2.01 sec before changing phase, going to sleep

=INFO REPORT==== 1-Dec-2016::07:07:58 ===
           ts_search:(5:<0.208.0>) Dyn Var (RE): no Match (varname=created_news_id), 

=INFO REPORT==== 1-Dec-2016::07:07:59 ===
           ts_search:(5:<0.220.0>) Dyn Var (RE): no Match (varname=created_news_id), 

=INFO REPORT==== 1-Dec-2016::07:07:59 ===
         ts_launcher:(5:<0.112.0>) Waking up

=INFO REPORT==== 1-Dec-2016::07:07:59 ===
         ts_launcher:(5:<0.112.0>) Start a new arrival phase (240 users, 0.008); expected duration=30.0 sec

=INFO REPORT==== 1-Dec-2016::07:08:00 ===
           ts_search:(5:<0.209.0>) Dyn Var (RE): no Match (varname=created_news_id), 

=INFO REPORT==== 1-Dec-2016::07:08:03 ===
           ts_search:(5:<0.334.0>) Dyn Var (RE): no Match (varname=created_news_id), 

=INFO REPORT==== 1-Dec-2016::07:08:04 ===
           ts_search:(5:<0.251.0>) Dyn Var (RE): no Match (varname=created_news_id), 

=INFO REPORT==== 1-Dec-2016::07:08:04 ===
           ts_search:(5:<0.188.0>) Dyn Var (RE): no Match (varname=created_news_id), 

=INFO REPORT==== 1-Dec-2016::07:08:05 ===
           ts_search:(5:<0.240.0>) Dyn Var (RE): no Match (varname=created_news_id), 

=INFO REPORT==== 1-Dec-2016::07:08:05 ===
           ts_search:(5:<0.261.0>) Dyn Var (RE): no Match (varname=created_news_id), 

=INFO REPORT==== 1-Dec-2016::07:08:06 ===
           ts_search:(5:<0.238.0>) Dyn Var (RE): no Match (varname=created_news_id), 

=INFO REPORT==== 1-Dec-2016::07:08:06 ===
           ts_search:(5:<0.277.0>) Dyn Var (RE): no Match (varname=created_news_id), 

=INFO REPORT==== 1-Dec-2016::07:08:06 ===
           ts_search:(5:<0.205.0>) Dyn Var (RE): no Match (varname=created_news_id), 

=INFO REPORT==== 1-Dec-2016::07:08:07 ===
           ts_search:(5:<0.266.0>) Dyn Var (RE): no Match (varname=created_news_id), 

=INFO REPORT==== 1-Dec-2016::07:08:07 ===
           ts_search:(5:<0.393.0>) Dyn Var (RE): no Match (varname=created_news_id), 

=INFO REPORT==== 1-Dec-2016::07:08:09 ===
           ts_search:(5:<0.239.0>) Dyn Var (RE): no Match (varname=created_news_id), 

=INFO REPORT==== 1-Dec-2016::07:08:10 ===
           ts_search:(5:<0.275.0>) Dyn Var (RE): no Match (varname=created_news_id), 

=INFO REPORT==== 1-Dec-2016::07:08:11 ===
           ts_search:(5:<0.197.0>) Dyn Var (RE): no Match (varname=created_news_id), 

=INFO REPORT==== 1-Dec-2016::07:08:11 ===
           ts_search:(5:<0.431.0>) Dyn Var (RE): no Match (varname=created_news_id), 

=INFO REPORT==== 1-Dec-2016::07:08:12 ===
           ts_search:(5:<0.327.0>) Dyn Var (RE): no Match (varname=created_news_id), 

=INFO REPORT==== 1-Dec-2016::07:08:13 ===
           ts_search:(5:<0.331.0>) Dyn Var (RE): no Match (varname=created_news_id), 

=INFO REPORT==== 1-Dec-2016::07:08:13 ===
           ts_search:(5:<0.235.0>) Dyn Var (RE): no Match (varname=created_news_id), 

=INFO REPORT==== 1-Dec-2016::07:08:13 ===
           ts_search:(5:<0.249.0>) Dyn Var (RE): no Match (varname=created_news_id), 

=INFO REPORT==== 1-Dec-2016::07:08:14 ===
           ts_search:(5:<0.435.0>) Dyn Var (RE): no Match (varname=created_news_id), 

=INFO REPORT==== 1-Dec-2016::07:08:14 ===
           ts_search:(5:<0.324.0>) Dyn Var (RE): no Match (varname=created_news_id), 

=INFO REPORT==== 1-Dec-2016::07:08:14 ===
           ts_search:(5:<0.311.0>) Dyn Var (RE): no Match (varname=created_news_id), 

=INFO REPORT==== 1-Dec-2016::07:08:15 ===
           ts_search:(5:<0.402.0>) Dyn Var (RE): no Match (varname=created_news_id), 

=INFO REPORT==== 1-Dec-2016::07:08:16 ===
           ts_search:(5:<0.231.0>) Dyn Var (RE): no Match (varname=created_news_id), 

=INFO REPORT==== 1-Dec-2016::07:08:16 ===
           ts_search:(5:<0.384.0>) Dyn Var (RE): no Match (varname=created_news_id), 

=INFO REPORT==== 1-Dec-2016::07:08:17 ===
           ts_search:(5:<0.215.0>) Dyn Var (RE): no Match (varname=created_news_id), 

=INFO REPORT==== 1-Dec-2016::07:08:17 ===
           ts_search:(5:<0.224.0>) Dyn Var (RE): no Match (varname=created_news_id), 

=INFO REPORT==== 1-Dec-2016::07:08:18 ===
           ts_search:(5:<0.423.0>) Dyn Var (RE): no Match (varname=created_news_id), 

=INFO REPORT==== 1-Dec-2016::07:08:19 ===
           ts_search:(5:<0.253.0>) Dyn Var (RE): no Match (varname=created_news_id), 

=INFO REPORT==== 1-Dec-2016::07:08:19 ===
           ts_search:(5:<0.299.0>) Dyn Var (RE): no Match (varname=created_news_id), 

=INFO REPORT==== 1-Dec-2016::07:08:20 ===
           ts_search:(5:<0.280.0>) Dyn Var (RE): no Match (varname=created_news_id), 

=INFO REPORT==== 1-Dec-2016::07:08:21 ===
           ts_search:(5:<0.316.0>) Dyn Var (RE): no Match (varname=created_news_id), 

=INFO REPORT==== 1-Dec-2016::07:08:22 ===
           ts_search:(5:<0.466.0>) Dyn Var (RE): no Match (varname=created_news_id), 

=INFO REPORT==== 1-Dec-2016::07:08:23 ===
           ts_search:(5:<0.342.0>) Dyn Var (RE): no Match (varname=created_news_id), 

=INFO REPORT==== 1-Dec-2016::07:08:23 ===
           ts_search:(5:<0.472.0>) Dyn Var (RE): no Match (varname=created_news_id), 

=INFO REPORT==== 1-Dec-2016::07:08:25 ===
           ts_search:(5:<0.398.0>) Dyn Var (RE): no Match (varname=created_news_id), 

=INFO REPORT==== 1-Dec-2016::07:08:25 ===
           ts_search:(5:<0.500.0>) Dyn Var (RE): no Match (varname=created_news_id), 

=INFO REPORT==== 1-Dec-2016::07:08:25 ===
           ts_search:(5:<0.399.0>) Dyn Var (RE): no Match (varname=created_news_id), 

=INFO REPORT==== 1-Dec-2016::07:08:25 ===
           ts_search:(5:<0.380.0>) Dyn Var (RE): no Match (varname=created_news_id), 

=INFO REPORT==== 1-Dec-2016::07:08:26 ===
           ts_search:(5:<0.291.0>) Dyn Var (RE): no Match (varname=created_news_id), 

=INFO REPORT==== 1-Dec-2016::07:08:26 ===
           ts_search:(5:<0.293.0>) Dyn Var (RE): no Match (varname=created_news_id), 

=INFO REPORT==== 1-Dec-2016::07:08:26 ===
           ts_search:(5:<0.524.0>) Dyn Var (RE): no Match (varname=created_news_id), 

=INFO REPORT==== 1-Dec-2016::07:08:27 ===
           ts_search:(5:<0.219.0>) Dyn Var (RE): no Match (varname=created_news_id), 

=INFO REPORT==== 1-Dec-2016::07:08:27 ===
           ts_search:(5:<0.565.0>) Dyn Var (RE): no Match (varname=created_news_id), 

=INFO REPORT==== 1-Dec-2016::07:08:27 ===
           ts_search:(5:<0.505.0>) Dyn Var (RE): no Match (varname=created_news_id), 

=INFO REPORT==== 1-Dec-2016::07:08:27 ===
           ts_search:(5:<0.476.0>) Dyn Var (RE): no Match (varname=created_news_id), 

=INFO REPORT==== 1-Dec-2016::07:08:27 ===
         ts_launcher:(4:<0.112.0>) Need to wait 2.144 sec before changing phase, going to sleep

=INFO REPORT==== 1-Dec-2016::07:08:29 ===
           ts_search:(5:<0.390.0>) Dyn Var (RE): no Match (varname=created_news_id), 

=INFO REPORT==== 1-Dec-2016::07:08:29 ===
           ts_search:(5:<0.260.0>) Dyn Var (RE): no Match (varname=created_news_id), 

=INFO REPORT==== 1-Dec-2016::07:08:29 ===
         ts_launcher:(5:<0.112.0>) Waking up

=INFO REPORT==== 1-Dec-2016::07:08:29 ===
         ts_launcher:(5:<0.112.0>) Start a new arrival phase (480 users, 0.016); expected duration=30.0 sec

=INFO REPORT==== 1-Dec-2016::07:08:30 ===
           ts_search:(5:<0.538.0>) Dyn Var (RE): no Match (varname=created_news_id), 

=INFO REPORT==== 1-Dec-2016::07:08:30 ===
           ts_search:(5:<0.232.0>) Dyn Var (RE): no Match (varname=created_news_id), 

=INFO REPORT==== 1-Dec-2016::07:08:31 ===
           ts_search:(5:<0.430.0>) Dyn Var (RE): no Match (varname=created_news_id), 

=INFO REPORT==== 1-Dec-2016::07:08:31 ===
           ts_search:(5:<0.484.0>) Dyn Var (RE): no Match (varname=created_news_id), 

=INFO REPORT==== 1-Dec-2016::07:08:31 ===
           ts_search:(5:<0.356.0>) Dyn Var (RE): no Match (varname=created_news_id), 

=INFO REPORT==== 1-Dec-2016::07:08:31 ===
           ts_search:(5:<0.410.0>) Dyn Var (RE): no Match (varname=created_news_id), 

=INFO REPORT==== 1-Dec-2016::07:08:32 ===
           ts_search:(5:<0.619.0>) Dyn Var (RE): no Match (varname=created_news_id), 

=INFO REPORT==== 1-Dec-2016::07:08:32 ===
           ts_search:(5:<0.498.0>) Dyn Var (RE): no Match (varname=created_news_id), 

=INFO REPORT==== 1-Dec-2016::07:08:33 ===
           ts_search:(5:<0.304.0>) Dyn Var (RE): no Match (varname=created_news_id), 

=INFO REPORT==== 1-Dec-2016::07:08:33 ===
           ts_search:(5:<0.605.0>) Dyn Var (RE): no Match (varname=created_news_id), 

=INFO REPORT==== 1-Dec-2016::07:08:34 ===
           ts_search:(5:<0.598.0>) Dyn Var (RE): no Match (varname=created_news_id), 

=INFO REPORT==== 1-Dec-2016::07:08:34 ===
           ts_search:(5:<0.392.0>) Dyn Var (RE): no Match (varname=created_news_id), 

=INFO REPORT==== 1-Dec-2016::07:08:35 ===
           ts_search:(5:<0.655.0>) Dyn Var (RE): no Match (varname=created_news_id), 

=INFO REPORT==== 1-Dec-2016::07:08:35 ===
           ts_search:(5:<0.337.0>) Dyn Var (RE): no Match (varname=created_news_id), 

=INFO REPORT==== 1-Dec-2016::07:08:35 ===
           ts_search:(5:<0.450.0>) Dyn Var (RE): no Match (varname=created_news_id), 

=INFO REPORT==== 1-Dec-2016::07:08:35 ===
           ts_search:(5:<0.340.0>) Dyn Var (RE): no Match (varname=created_news_id), 

=INFO REPORT==== 1-Dec-2016::07:08:36 ===
           ts_search:(5:<0.502.0>) Dyn Var (RE): no Match (varname=created_news_id), 

=INFO REPORT==== 1-Dec-2016::07:08:36 ===
           ts_search:(5:<0.512.0>) Dyn Var (RE): no Match (varname=created_news_id), 

=INFO REPORT==== 1-Dec-2016::07:08:36 ===
           ts_search:(5:<0.371.0>) Dyn Var (RE): no Match (varname=created_news_id), 

=INFO REPORT==== 1-Dec-2016::07:08:36 ===
           ts_search:(5:<0.420.0>) Dyn Var (RE): no Match (varname=created_news_id), 

=INFO REPORT==== 1-Dec-2016::07:08:36 ===
           ts_search:(5:<0.635.0>) Dyn Var (RE): no Match (varname=created_news_id), 

=INFO REPORT==== 1-Dec-2016::07:08:37 ===
           ts_search:(5:<0.442.0>) Dyn Var (RE): no Match (varname=created_news_id), 

=INFO REPORT==== 1-Dec-2016::07:08:37 ===
           ts_search:(5:<0.403.0>) Dyn Var (RE): no Match (varname=created_news_id), 

=INFO REPORT==== 1-Dec-2016::07:08:37 ===
           ts_search:(5:<0.467.0>) Dyn Var (RE): no Match (varname=created_news_id), 

=INFO REPORT==== 1-Dec-2016::07:08:37 ===
           ts_search:(5:<0.415.0>) Dyn Var (RE): no Match (varname=created_news_id), 

=INFO REPORT==== 1-Dec-2016::07:08:38 ===
           ts_search:(5:<0.642.0>) Dyn Var (RE): no Match (varname=created_news_id), 

=INFO REPORT==== 1-Dec-2016::07:08:38 ===
           ts_search:(5:<0.558.0>) Dyn Var (RE): no Match (varname=created_news_id), 

=INFO REPORT==== 1-Dec-2016::07:08:38 ===
           ts_search:(5:<0.586.0>) Dyn Var (RE): no Match (varname=created_news_id), 

=INFO REPORT==== 1-Dec-2016::07:08:38 ===
           ts_search:(5:<0.650.0>) Dyn Var (RE): no Match (varname=created_news_id), 

=INFO REPORT==== 1-Dec-2016::07:08:39 ===
           ts_search:(5:<0.621.0>) Dyn Var (RE): no Match (varname=created_news_id), 

=INFO REPORT==== 1-Dec-2016::07:08:39 ===
           ts_search:(5:<0.631.0>) Dyn Var (RE): no Match (varname=created_news_id), 

=INFO REPORT==== 1-Dec-2016::07:08:39 ===
           ts_search:(5:<0.281.0>) Dyn Var (RE): no Match (varname=created_news_id), 

=INFO REPORT==== 1-Dec-2016::07:08:40 ===
           ts_search:(5:<0.718.0>) Dyn Var (RE): no Match (varname=created_news_id), 

=INFO REPORT==== 1-Dec-2016::07:08:41 ===
           ts_search:(5:<0.510.0>) Dyn Var (RE): no Match (varname=created_news_id), 

=INFO REPORT==== 1-Dec-2016::07:08:41 ===
           ts_search:(5:<0.666.0>) Dyn Var (RE): no Match (varname=created_news_id), 

=INFO REPORT==== 1-Dec-2016::07:08:41 ===
           ts_search:(5:<0.422.0>) Dyn Var (RE): no Match (varname=created_news_id), 

=INFO REPORT==== 1-Dec-2016::07:08:42 ===
           ts_search:(5:<0.729.0>) Dyn Var (RE): no Match (varname=created_news_id), 

=INFO REPORT==== 1-Dec-2016::07:08:42 ===
           ts_search:(5:<0.544.0>) Dyn Var (RE): no Match (varname=created_news_id), 

=INFO REPORT==== 1-Dec-2016::07:08:42 ===
           ts_search:(5:<0.737.0>) Dyn Var (RE): no Match (varname=created_news_id), 

=INFO REPORT==== 1-Dec-2016::07:08:42 ===
           ts_search:(5:<0.725.0>) Dyn Var (RE): no Match (varname=created_news_id), 

=INFO REPORT==== 1-Dec-2016::07:08:42 ===
           ts_search:(5:<0.489.0>) Dyn Var (RE): no Match (varname=created_news_id), 

=INFO REPORT==== 1-Dec-2016::07:08:43 ===
           ts_search:(5:<0.640.0>) Dyn Var (RE): no Match (varname=created_news_id), 

=INFO REPORT==== 1-Dec-2016::07:08:43 ===
           ts_search:(5:<0.581.0>) Dyn Var (RE): no Match (varname=created_news_id), 

=INFO REPORT==== 1-Dec-2016::07:08:43 ===
           ts_search:(5:<0.728.0>) Dyn Var (RE): no Match (varname=created_news_id), 

=INFO REPORT==== 1-Dec-2016::07:08:43 ===
           ts_search:(5:<0.716.0>) Dyn Var (RE): no Match (varname=created_news_id), 

=INFO REPORT==== 1-Dec-2016::07:08:44 ===
           ts_search:(5:<0.648.0>) Dyn Var (RE): no Match (varname=created_news_id), 

=INFO REPORT==== 1-Dec-2016::07:08:44 ===
           ts_search:(5:<0.759.0>) Dyn Var (RE): no Match (varname=created_news_id), 

=INFO REPORT==== 1-Dec-2016::07:08:44 ===
           ts_search:(5:<0.721.0>) Dyn Var (RE): no Match (varname=created_news_id), 

=INFO REPORT==== 1-Dec-2016::07:08:44 ===
           ts_search:(5:<0.601.0>) Dyn Var (RE): no Match (varname=created_news_id), 

=INFO REPORT==== 1-Dec-2016::07:08:45 ===
           ts_search:(5:<0.685.0>) Dyn Var (RE): no Match (varname=created_news_id), 

=INFO REPORT==== 1-Dec-2016::07:08:45 ===
           ts_search:(5:<0.531.0>) Dyn Var (RE): no Match (varname=created_news_id), 

=INFO REPORT==== 1-Dec-2016::07:08:45 ===
           ts_search:(5:<0.700.0>) Dyn Var (RE): no Match (varname=created_news_id), 

=INFO REPORT==== 1-Dec-2016::07:08:45 ===
           ts_search:(5:<0.717.0>) Dyn Var (RE): no Match (varname=created_news_id), 

=INFO REPORT==== 1-Dec-2016::07:08:45 ===
           ts_search:(5:<0.855.0>) Dyn Var (RE): no Match (varname=created_news_id), 

=INFO REPORT==== 1-Dec-2016::07:08:46 ===
           ts_search:(5:<0.776.0>) Dyn Var (RE): no Match (varname=created_news_id), 

=INFO REPORT==== 1-Dec-2016::07:08:46 ===
           ts_search:(5:<0.841.0>) Dyn Var (RE): no Match (varname=created_news_id), 

=INFO REPORT==== 1-Dec-2016::07:08:46 ===
           ts_search:(5:<0.696.0>) Dyn Var (RE): no Match (varname=created_news_id), 

=INFO REPORT==== 1-Dec-2016::07:08:46 ===
           ts_search:(5:<0.858.0>) Dyn Var (RE): no Match (varname=created_news_id), 

=INFO REPORT==== 1-Dec-2016::07:08:47 ===
           ts_search:(5:<0.677.0>) Dyn Var (RE): no Match (varname=created_news_id), 

=INFO REPORT==== 1-Dec-2016::07:08:47 ===
           ts_search:(5:<0.781.0>) Dyn Var (RE): no Match (varname=created_news_id), 

=INFO REPORT==== 1-Dec-2016::07:08:47 ===
           ts_search:(5:<0.797.0>) Dyn Var (RE): no Match (varname=created_news_id), 

=INFO REPORT==== 1-Dec-2016::07:08:47 ===
           ts_search:(5:<0.827.0>) Dyn Var (RE): no Match (varname=created_news_id), 

=INFO REPORT==== 1-Dec-2016::07:08:47 ===
           ts_search:(5:<0.521.0>) Dyn Var (RE): no Match (varname=created_news_id), 

=INFO REPORT==== 1-Dec-2016::07:08:47 ===
           ts_search:(5:<0.451.0>) Dyn Var (RE): no Match (varname=created_news_id), 

=INFO REPORT==== 1-Dec-2016::07:08:47 ===
           ts_search:(5:<0.490.0>) Dyn Var (RE): no Match (varname=created_news_id), 

=INFO REPORT==== 1-Dec-2016::07:08:48 ===
           ts_search:(5:<0.714.0>) Dyn Var (RE): no Match (varname=created_news_id), 

=INFO REPORT==== 1-Dec-2016::07:08:48 ===
           ts_search:(5:<0.704.0>) Dyn Var (RE): no Match (varname=created_news_id), 

=INFO REPORT==== 1-Dec-2016::07:08:48 ===
           ts_search:(5:<0.419.0>) Dyn Var (RE): no Match (varname=created_news_id), 

=INFO REPORT==== 1-Dec-2016::07:08:48 ===
           ts_search:(5:<0.818.0>) Dyn Var (RE): no Match (varname=created_news_id), 

=INFO REPORT==== 1-Dec-2016::07:08:48 ===
           ts_search:(5:<0.646.0>) Dyn Var (RE): no Match (varname=created_news_id), 

=INFO REPORT==== 1-Dec-2016::07:08:48 ===
           ts_search:(5:<0.692.0>) Dyn Var (RE): no Match (varname=created_news_id), 

=INFO REPORT==== 1-Dec-2016::07:08:48 ===
           ts_search:(5:<0.706.0>) Dyn Var (RE): no Match (varname=created_news_id), 

=INFO REPORT==== 1-Dec-2016::07:08:49 ===
           ts_search:(5:<0.739.0>) Dyn Var (RE): no Match (varname=created_news_id), 

=INFO REPORT==== 1-Dec-2016::07:08:49 ===
           ts_search:(5:<0.853.0>) Dyn Var (RE): no Match (varname=created_news_id), 

=INFO REPORT==== 1-Dec-2016::07:08:49 ===
           ts_search:(5:<0.861.0>) Dyn Var (RE): no Match (varname=created_news_id), 

=INFO REPORT==== 1-Dec-2016::07:08:49 ===
           ts_search:(5:<0.734.0>) Dyn Var (RE): no Match (varname=created_news_id), 

=INFO REPORT==== 1-Dec-2016::07:08:50 ===
           ts_search:(5:<0.318.0>) Dyn Var (RE): no Match (varname=created_news_id), 

=INFO REPORT==== 1-Dec-2016::07:08:50 ===
           ts_search:(5:<0.756.0>) Dyn Var (RE): no Match (varname=created_news_id), 

=INFO REPORT==== 1-Dec-2016::07:08:50 ===
           ts_search:(5:<0.844.0>) Dyn Var (RE): no Match (varname=created_news_id), 

=INFO REPORT==== 1-Dec-2016::07:08:50 ===
           ts_search:(5:<0.612.0>) Dyn Var (RE): no Match (varname=created_news_id), 

=INFO REPORT==== 1-Dec-2016::07:08:51 ===
           ts_search:(5:<0.770.0>) Dyn Var (RE): no Match (varname=created_news_id), 

=INFO REPORT==== 1-Dec-2016::07:08:51 ===
           ts_search:(5:<0.913.0>) Dyn Var (RE): no Match (varname=created_news_id), 

=INFO REPORT==== 1-Dec-2016::07:08:51 ===
           ts_search:(5:<0.664.0>) Dyn Var (RE): no Match (varname=created_news_id), 

=INFO REPORT==== 1-Dec-2016::07:08:51 ===
           ts_search:(5:<0.720.0>) Dyn Var (RE): no Match (varname=created_news_id), 

=INFO REPORT==== 1-Dec-2016::07:08:51 ===
           ts_search:(5:<0.775.0>) Dyn Var (RE): no Match (varname=created_news_id), 

=INFO REPORT==== 1-Dec-2016::07:08:51 ===
           ts_search:(5:<0.970.0>) Dyn Var (RE): no Match (varname=created_news_id), 

=INFO REPORT==== 1-Dec-2016::07:08:51 ===
           ts_search:(5:<0.709.0>) Dyn Var (RE): no Match (varname=created_news_id), 

=INFO REPORT==== 1-Dec-2016::07:08:51 ===
           ts_search:(5:<0.750.0>) Dyn Var (RE): no Match (varname=created_news_id), 

=INFO REPORT==== 1-Dec-2016::07:08:51 ===
           ts_search:(5:<0.691.0>) Dyn Var (RE): no Match (varname=created_news_id), 

=INFO REPORT==== 1-Dec-2016::07:08:51 ===
           ts_search:(5:<0.922.0>) Dyn Var (RE): no Match (varname=created_news_id), 

=INFO REPORT==== 1-Dec-2016::07:08:52 ===
           ts_search:(5:<0.705.0>) Dyn Var (RE): no Match (varname=created_news_id), 

=INFO REPORT==== 1-Dec-2016::07:08:52 ===
           ts_search:(5:<0.448.0>) Dyn Var (RE): no Match (varname=created_news_id), 

=INFO REPORT==== 1-Dec-2016::07:08:52 ===
           ts_search:(5:<0.574.0>) Dyn Var (RE): no Match (varname=created_news_id), 

=INFO REPORT==== 1-Dec-2016::07:08:52 ===
           ts_search:(5:<0.845.0>) Dyn Var (RE): no Match (varname=created_news_id), 

=INFO REPORT==== 1-Dec-2016::07:08:53 ===
           ts_search:(5:<0.915.0>) Dyn Var (RE): no Match (varname=created_news_id), 

=INFO REPORT==== 1-Dec-2016::07:08:53 ===
           ts_search:(5:<0.822.0>) Dyn Var (RE): no Match (varname=created_news_id), 

=INFO REPORT==== 1-Dec-2016::07:08:53 ===
           ts_search:(5:<0.712.0>) Dyn Var (RE): no Match (varname=created_news_id), 

=INFO REPORT==== 1-Dec-2016::07:08:54 ===
           ts_search:(5:<0.831.0>) Dyn Var (RE): no Match (varname=created_news_id), 

=INFO REPORT==== 1-Dec-2016::07:08:54 ===
           ts_search:(5:<0.731.0>) Dyn Var (RE): no Match (varname=created_news_id), 

=INFO REPORT==== 1-Dec-2016::07:08:54 ===
           ts_search:(5:<0.974.0>) Dyn Var (RE): no Match (varname=created_news_id), 

=INFO REPORT==== 1-Dec-2016::07:08:54 ===
           ts_search:(5:<0.966.0>) Dyn Var (RE): no Match (varname=created_news_id), 

=INFO REPORT==== 1-Dec-2016::07:08:54 ===
           ts_search:(5:<0.882.0>) Dyn Var (RE): no Match (varname=created_news_id), 

=INFO REPORT==== 1-Dec-2016::07:08:54 ===
           ts_search:(5:<0.874.0>) Dyn Var (RE): no Match (varname=created_news_id), 

=INFO REPORT==== 1-Dec-2016::07:08:55 ===
           ts_search:(5:<0.838.0>) Dyn Var (RE): no Match (varname=created_news_id), 

=INFO REPORT==== 1-Dec-2016::07:08:55 ===
           ts_search:(5:<0.814.0>) Dyn Var (RE): no Match (varname=created_news_id), 

=INFO REPORT==== 1-Dec-2016::07:08:55 ===
           ts_search:(5:<0.434.0>) Dyn Var (RE): no Match (varname=created_news_id), 

=INFO REPORT==== 1-Dec-2016::07:08:56 ===
           ts_search:(5:<0.933.0>) Dyn Var (RE): no Match (varname=created_news_id), 

=INFO REPORT==== 1-Dec-2016::07:08:56 ===
           ts_search:(5:<0.908.0>) Dyn Var (RE): no Match (varname=created_news_id), 

=INFO REPORT==== 1-Dec-2016::07:08:56 ===
           ts_search:(5:<0.891.0>) Dyn Var (RE): no Match (varname=created_news_id), 

=INFO REPORT==== 1-Dec-2016::07:08:56 ===
         ts_launcher:(4:<0.112.0>) Need to wait 3.461 sec before changing phase, going to sleep

=INFO REPORT==== 1-Dec-2016::07:08:56 ===
           ts_search:(5:<0.968.0>) Dyn Var (RE): no Match (varname=created_news_id), 

=INFO REPORT==== 1-Dec-2016::07:08:56 ===
           ts_search:(5:<0.899.0>) Dyn Var (RE): no Match (varname=created_news_id), 

=INFO REPORT==== 1-Dec-2016::07:08:56 ===
           ts_search:(5:<0.1011.0>) Dyn Var (RE): no Match (varname=created_news_id), 

=INFO REPORT==== 1-Dec-2016::07:08:57 ===
           ts_search:(5:<0.893.0>) Dyn Var (RE): no Match (varname=created_news_id), 

=INFO REPORT==== 1-Dec-2016::07:08:57 ===
           ts_search:(5:<0.575.0>) Dyn Var (RE): no Match (varname=created_news_id), 

=INFO REPORT==== 1-Dec-2016::07:08:58 ===
           ts_search:(5:<0.829.0>) Dyn Var (RE): no Match (varname=created_news_id), 

=INFO REPORT==== 1-Dec-2016::07:08:58 ===
           ts_search:(5:<0.1049.0>) Dyn Var (RE): no Match (varname=created_news_id), 

=INFO REPORT==== 1-Dec-2016::07:08:59 ===
           ts_search:(5:<0.864.0>) Dyn Var (RE): no Match (varname=created_news_id), 

=INFO REPORT==== 1-Dec-2016::07:08:59 ===
           ts_search:(5:<0.1034.0>) Dyn Var (RE): no Match (varname=created_news_id), 

=INFO REPORT==== 1-Dec-2016::07:08:59 ===
           ts_search:(5:<0.1070.0>) Dyn Var (RE): no Match (varname=created_news_id), 

=INFO REPORT==== 1-Dec-2016::07:08:59 ===
           ts_search:(5:<0.1062.0>) Dyn Var (RE): no Match (varname=created_news_id), 

=INFO REPORT==== 1-Dec-2016::07:08:59 ===
         ts_launcher:(5:<0.112.0>) Waking up

=INFO REPORT==== 1-Dec-2016::07:08:59 ===
         ts_launcher:(5:<0.112.0>) Start a new arrival phase (960 users, 0.032); expected duration=30.0 sec

=INFO REPORT==== 1-Dec-2016::07:08:59 ===
           ts_search:(5:<0.290.0>) Dyn Var (RE): no Match (varname=created_news_id), 

=INFO REPORT==== 1-Dec-2016::07:08:59 ===
           ts_search:(5:<0.885.0>) Dyn Var (RE): no Match (varname=created_news_id), 

=INFO REPORT==== 1-Dec-2016::07:09:00 ===
           ts_search:(5:<0.1004.0>) Dyn Var (RE): no Match (varname=created_news_id), 

=INFO REPORT==== 1-Dec-2016::07:09:00 ===
           ts_search:(5:<0.921.0>) Dyn Var (RE): no Match (varname=created_news_id), 

=INFO REPORT==== 1-Dec-2016::07:09:00 ===
           ts_search:(5:<0.543.0>) Dyn Var (RE): no Match (varname=created_news_id), 

=INFO REPORT==== 1-Dec-2016::07:09:00 ===
           ts_search:(5:<0.996.0>) Dyn Var (RE): no Match (varname=created_news_id), 

=INFO REPORT==== 1-Dec-2016::07:09:00 ===
           ts_search:(5:<0.548.0>) Dyn Var (RE): no Match (varname=created_news_id), 

=INFO REPORT==== 1-Dec-2016::07:09:00 ===
           ts_search:(5:<0.878.0>) Dyn Var (RE): no Match (varname=created_news_id), 

=INFO REPORT==== 1-Dec-2016::07:09:00 ===
           ts_search:(5:<0.840.0>) Dyn Var (RE): no Match (varname=created_news_id), 

=INFO REPORT==== 1-Dec-2016::07:09:00 ===
           ts_search:(5:<0.976.0>) Dyn Var (RE): no Match (varname=created_news_id), 

=INFO REPORT==== 1-Dec-2016::07:09:00 ===
           ts_search:(5:<0.989.0>) Dyn Var (RE): no Match (varname=created_news_id), 

=INFO REPORT==== 1-Dec-2016::07:09:00 ===
           ts_search:(5:<0.854.0>) Dyn Var (RE): no Match (varname=created_news_id), 

=INFO REPORT==== 1-Dec-2016::07:09:00 ===
           ts_search:(5:<0.869.0>) Dyn Var (RE): no Match (varname=created_news_id), 

=INFO REPORT==== 1-Dec-2016::07:09:01 ===
           ts_search:(5:<0.777.0>) Dyn Var (RE): no Match (varname=created_news_id), 

=INFO REPORT==== 1-Dec-2016::07:09:01 ===
           ts_search:(5:<0.925.0>) Dyn Var (RE): no Match (varname=created_news_id), 

=INFO REPORT==== 1-Dec-2016::07:09:01 ===
           ts_search:(5:<0.320.0>) Dyn Var (RE): no Match (varname=created_news_id), 

=INFO REPORT==== 1-Dec-2016::07:09:01 ===
           ts_search:(5:<0.550.0>) Dyn Var (RE): no Match (varname=created_news_id), 

=INFO REPORT==== 1-Dec-2016::07:09:01 ===
           ts_search:(5:<0.973.0>) Dyn Var (RE): no Match (varname=created_news_id), 

=INFO REPORT==== 1-Dec-2016::07:09:01 ===
           ts_search:(5:<0.821.0>) Dyn Var (RE): no Match (varname=created_news_id), 

=INFO REPORT==== 1-Dec-2016::07:09:02 ===
           ts_search:(5:<0.897.0>) Dyn Var (RE): no Match (varname=created_news_id), 

=INFO REPORT==== 1-Dec-2016::07:09:03 ===
           ts_search:(5:<0.628.0>) Dyn Var (RE): no Match (varname=created_news_id), 

=INFO REPORT==== 1-Dec-2016::07:09:03 ===
           ts_search:(5:<0.859.0>) Dyn Var (RE): no Match (varname=created_news_id), 

=INFO REPORT==== 1-Dec-2016::07:09:03 ===
           ts_search:(5:<0.761.0>) Dyn Var (RE): no Match (varname=created_news_id), 

=INFO REPORT==== 1-Dec-2016::07:09:03 ===
           ts_search:(5:<0.494.0>) Dyn Var (RE): no Match (varname=created_news_id), 

=INFO REPORT==== 1-Dec-2016::07:09:03 ===
           ts_search:(5:<0.785.0>) Dyn Var (RE): no Match (varname=created_news_id), 

=INFO REPORT==== 1-Dec-2016::07:09:04 ===
           ts_search:(5:<0.1094.0>) Dyn Var (RE): no Match (varname=created_news_id), 

=INFO REPORT==== 1-Dec-2016::07:09:04 ===
           ts_search:(5:<0.1175.0>) Dyn Var (RE): no Match (varname=created_news_id), 

=INFO REPORT==== 1-Dec-2016::07:09:04 ===
           ts_search:(5:<0.571.0>) Dyn Var (RE): no Match (varname=created_news_id), 

=INFO REPORT==== 1-Dec-2016::07:09:04 ===
           ts_search:(5:<0.760.0>) Dyn Var (RE): no Match (varname=created_news_id), 

=INFO REPORT==== 1-Dec-2016::07:09:04 ===
           ts_search:(5:<0.992.0>) Dyn Var (RE): no Match (varname=created_news_id), 

=INFO REPORT==== 1-Dec-2016::07:09:04 ===
           ts_search:(5:<0.1241.0>) Dyn Var (RE): no Match (varname=created_news_id), 

=INFO REPORT==== 1-Dec-2016::07:09:05 ===
           ts_search:(5:<0.1117.0>) Dyn Var (RE): no Match (varname=created_news_id), 

=INFO REPORT==== 1-Dec-2016::07:09:05 ===
           ts_search:(5:<0.1113.0>) Dyn Var (RE): no Match (varname=created_news_id), 

=INFO REPORT==== 1-Dec-2016::07:09:05 ===
           ts_search:(5:<0.1156.0>) Dyn Var (RE): no Match (varname=created_news_id), 

=INFO REPORT==== 1-Dec-2016::07:09:06 ===
           ts_search:(5:<0.592.0>) Dyn Var (RE): no Match (varname=created_news_id), 

=INFO REPORT==== 1-Dec-2016::07:09:06 ===
           ts_search:(5:<0.1033.0>) Dyn Var (RE): no Match (varname=created_news_id), 

=INFO REPORT==== 1-Dec-2016::07:09:06 ===
           ts_search:(5:<0.987.0>) Dyn Var (RE): no Match (varname=created_news_id), 

=INFO REPORT==== 1-Dec-2016::07:09:06 ===
           ts_search:(5:<0.1225.0>) Dyn Var (RE): no Match (varname=created_news_id), 

=INFO REPORT==== 1-Dec-2016::07:09:06 ===
           ts_search:(5:<0.876.0>) Dyn Var (RE): no Match (varname=created_news_id), 

=INFO REPORT==== 1-Dec-2016::07:09:07 ===
           ts_search:(5:<0.1236.0>) Dyn Var (RE): no Match (varname=created_news_id), 

=INFO REPORT==== 1-Dec-2016::07:09:07 ===
           ts_search:(5:<0.417.0>) Dyn Var (RE): no Match (varname=created_news_id), 

=INFO REPORT==== 1-Dec-2016::07:09:07 ===
           ts_search:(5:<0.941.0>) Dyn Var (RE): no Match (varname=created_news_id), 

=INFO REPORT==== 1-Dec-2016::07:09:08 ===
           ts_search:(5:<0.1250.0>) Dyn Var (RE): no Match (varname=created_news_id), 

=INFO REPORT==== 1-Dec-2016::07:09:08 ===
           ts_search:(5:<0.624.0>) Dyn Var (RE): no Match (varname=created_news_id), 

=INFO REPORT==== 1-Dec-2016::07:09:08 ===
           ts_search:(5:<0.1168.0>) Dyn Var (RE): no Match (varname=created_news_id), 

=INFO REPORT==== 1-Dec-2016::07:09:08 ===
           ts_search:(5:<0.1195.0>) Dyn Var (RE): no Match (varname=created_news_id), 

=INFO REPORT==== 1-Dec-2016::07:09:08 ===
           ts_search:(5:<0.1102.0>) Dyn Var (RE): no Match (varname=created_news_id), 

=INFO REPORT==== 1-Dec-2016::07:09:08 ===
           ts_search:(5:<0.643.0>) Dyn Var (RE): no Match (varname=created_news_id), 

=INFO REPORT==== 1-Dec-2016::07:09:09 ===
           ts_search:(5:<0.591.0>) Dyn Var (RE): no Match (varname=created_news_id), 

=INFO REPORT==== 1-Dec-2016::07:09:09 ===
           ts_search:(5:<0.1298.0>) Dyn Var (RE): no Match (varname=created_news_id), 

=INFO REPORT==== 1-Dec-2016::07:09:09 ===
           ts_search:(5:<0.942.0>) Dyn Var (RE): no Match (varname=created_news_id), 

=INFO REPORT==== 1-Dec-2016::07:09:09 ===
           ts_search:(5:<0.1203.0>) Dyn Var (RE): no Match (varname=created_news_id), 

=INFO REPORT==== 1-Dec-2016::07:09:09 ===
           ts_search:(5:<0.994.0>) Dyn Var (RE): no Match (varname=created_news_id), 

=INFO REPORT==== 1-Dec-2016::07:09:09 ===
           ts_search:(5:<0.1058.0>) Dyn Var (RE): no Match (varname=created_news_id), 

=INFO REPORT==== 1-Dec-2016::07:09:09 ===
           ts_search:(5:<0.644.0>) Dyn Var (RE): no Match (varname=created_news_id), 

=INFO REPORT==== 1-Dec-2016::07:09:09 ===
           ts_search:(5:<0.609.0>) Dyn Var (RE): no Match (varname=created_news_id), 

=INFO REPORT==== 1-Dec-2016::07:09:09 ===
           ts_search:(5:<0.623.0>) Dyn Var (RE): no Match (varname=created_news_id), 

=INFO REPORT==== 1-Dec-2016::07:09:09 ===
           ts_search:(5:<0.1026.0>) Dyn Var (RE): no Match (varname=created_news_id), 

=INFO REPORT==== 1-Dec-2016::07:09:09 ===
           ts_search:(5:<0.1024.0>) Dyn Var (RE): no Match (varname=created_news_id), 

=INFO REPORT==== 1-Dec-2016::07:09:10 ===
           ts_search:(5:<0.997.0>) Dyn Var (RE): no Match (varname=created_news_id), 

=INFO REPORT==== 1-Dec-2016::07:09:10 ===
           ts_search:(5:<0.1133.0>) Dyn Var (RE): no Match (varname=created_news_id), 

=INFO REPORT==== 1-Dec-2016::07:09:10 ===
           ts_search:(5:<0.1186.0>) Dyn Var (RE): no Match (varname=created_news_id), 

=INFO REPORT==== 1-Dec-2016::07:09:10 ===
           ts_search:(5:<0.625.0>) Dyn Var (RE): no Match (varname=created_news_id), 

=INFO REPORT==== 1-Dec-2016::07:09:10 ===
           ts_search:(5:<0.1180.0>) Dyn Var (RE): no Match (varname=created_news_id), 

=INFO REPORT==== 1-Dec-2016::07:09:10 ===
           ts_search:(5:<0.1057.0>) Dyn Var (RE): no Match (varname=created_news_id), 

=INFO REPORT==== 1-Dec-2016::07:09:10 ===
           ts_search:(5:<0.951.0>) Dyn Var (RE): no Match (varname=created_news_id), 

=INFO REPORT==== 1-Dec-2016::07:09:11 ===
           ts_search:(5:<0.1189.0>) Dyn Var (RE): no Match (varname=created_news_id), 

=INFO REPORT==== 1-Dec-2016::07:09:11 ===
           ts_search:(5:<0.568.0>) Dyn Var (RE): no Match (varname=created_news_id), 

=INFO REPORT==== 1-Dec-2016::07:09:11 ===
           ts_search:(5:<0.1112.0>) Dyn Var (RE): no Match (varname=created_news_id), 

=INFO REPORT==== 1-Dec-2016::07:09:11 ===
           ts_search:(5:<0.1209.0>) Dyn Var (RE): no Match (varname=created_news_id), 

=INFO REPORT==== 1-Dec-2016::07:09:11 ===
           ts_search:(5:<0.1167.0>) Dyn Var (RE): no Match (varname=created_news_id), 

=INFO REPORT==== 1-Dec-2016::07:09:11 ===
           ts_search:(5:<0.1140.0>) Dyn Var (RE): no Match (varname=created_news_id), 

=INFO REPORT==== 1-Dec-2016::07:09:11 ===
           ts_search:(5:<0.980.0>) Dyn Var (RE): no Match (varname=created_news_id), 

=INFO REPORT==== 1-Dec-2016::07:09:12 ===
           ts_search:(5:<0.1122.0>) Dyn Var (RE): no Match (varname=created_news_id), 

=INFO REPORT==== 1-Dec-2016::07:09:12 ===
           ts_search:(5:<0.1275.0>) Dyn Var (RE): no Match (varname=created_news_id), 

=INFO REPORT==== 1-Dec-2016::07:09:12 ===
           ts_search:(5:<0.1283.0>) Dyn Var (RE): no Match (varname=created_news_id), 

=INFO REPORT==== 1-Dec-2016::07:09:12 ===
           ts_search:(5:<0.1087.0>) Dyn Var (RE): no Match (varname=created_news_id), 

=INFO REPORT==== 1-Dec-2016::07:09:12 ===
           ts_search:(5:<0.283.0>) Dyn Var (RE): no Match (varname=created_news_id), 

=INFO REPORT==== 1-Dec-2016::07:09:12 ===
           ts_search:(5:<0.1154.0>) Dyn Var (RE): no Match (varname=created_news_id), 

=INFO REPORT==== 1-Dec-2016::07:09:12 ===
           ts_search:(5:<0.1269.0>) Dyn Var (RE): no Match (varname=created_news_id), 

=INFO REPORT==== 1-Dec-2016::07:09:13 ===
           ts_search:(5:<0.1383.0>) Dyn Var (RE): no Match (varname=created_news_id), 

=INFO REPORT==== 1-Dec-2016::07:09:13 ===
           ts_search:(5:<0.1379.0>) Dyn Var (RE): no Match (varname=created_news_id), 

=INFO REPORT==== 1-Dec-2016::07:09:13 ===
           ts_search:(5:<0.1207.0>) Dyn Var (RE): no Match (varname=created_news_id), 

=INFO REPORT==== 1-Dec-2016::07:09:13 ===
           ts_search:(5:<0.1336.0>) Dyn Var (RE): no Match (varname=created_news_id), 

=INFO REPORT==== 1-Dec-2016::07:09:13 ===
           ts_search:(5:<0.1324.0>) Dyn Var (RE): no Match (varname=created_news_id), 

=INFO REPORT==== 1-Dec-2016::07:09:13 ===
           ts_search:(5:<0.745.0>) Dyn Var (RE): no Match (varname=created_news_id), 

=INFO REPORT==== 1-Dec-2016::07:09:13 ===
           ts_search:(5:<0.1328.0>) Dyn Var (RE): no Match (varname=created_news_id), 

=INFO REPORT==== 1-Dec-2016::07:09:13 ===
           ts_search:(5:<0.938.0>) Dyn Var (RE): no Match (varname=created_news_id), 

=INFO REPORT==== 1-Dec-2016::07:09:13 ===
           ts_search:(5:<0.1359.0>) Dyn Var (RE): no Match (varname=created_news_id), 

=INFO REPORT==== 1-Dec-2016::07:09:13 ===
           ts_search:(5:<0.1185.0>) Dyn Var (RE): no Match (varname=created_news_id), 

=INFO REPORT==== 1-Dec-2016::07:09:14 ===
           ts_search:(5:<0.1407.0>) Dyn Var (RE): no Match (varname=created_news_id), 

=INFO REPORT==== 1-Dec-2016::07:09:14 ===
           ts_search:(5:<0.1286.0>) Dyn Var (RE): no Match (varname=created_news_id), 

=INFO REPORT==== 1-Dec-2016::07:09:14 ===
           ts_search:(5:<0.1218.0>) Dyn Var (RE): no Match (varname=created_news_id), 

=INFO REPORT==== 1-Dec-2016::07:09:14 ===
           ts_search:(5:<0.1334.0>) Dyn Var (RE): no Match (varname=created_news_id), 

=INFO REPORT==== 1-Dec-2016::07:09:14 ===
           ts_search:(5:<0.1073.0>) Dyn Var (RE): no Match (varname=created_news_id), 

=INFO REPORT==== 1-Dec-2016::07:09:14 ===
           ts_search:(5:<0.573.0>) Dyn Var (RE): no Match (varname=created_news_id), 

=INFO REPORT==== 1-Dec-2016::07:09:14 ===
           ts_search:(5:<0.1100.0>) Dyn Var (RE): no Match (varname=created_news_id), 

=INFO REPORT==== 1-Dec-2016::07:09:14 ===
           ts_search:(5:<0.1270.0>) Dyn Var (RE): no Match (varname=created_news_id), 

=INFO REPORT==== 1-Dec-2016::07:09:14 ===
           ts_search:(5:<0.1385.0>) Dyn Var (RE): no Match (varname=created_news_id), 

=INFO REPORT==== 1-Dec-2016::07:09:14 ===
           ts_search:(5:<0.1486.0>) Dyn Var (RE): no Match (varname=created_news_id), 

=INFO REPORT==== 1-Dec-2016::07:09:14 ===
           ts_search:(5:<0.1252.0>) Dyn Var (RE): no Match (varname=created_news_id), 

=INFO REPORT==== 1-Dec-2016::07:09:15 ===
           ts_search:(5:<0.1179.0>) Dyn Var (RE): no Match (varname=created_news_id), 

=INFO REPORT==== 1-Dec-2016::07:09:15 ===
           ts_search:(5:<0.1333.0>) Dyn Var (RE): no Match (varname=created_news_id), 

=INFO REPORT==== 1-Dec-2016::07:09:15 ===
           ts_search:(5:<0.1264.0>) Dyn Var (RE): no Match (varname=created_news_id), 

=INFO REPORT==== 1-Dec-2016::07:09:15 ===
           ts_search:(5:<0.1332.0>) Dyn Var (RE): no Match (varname=created_news_id), 

=INFO REPORT==== 1-Dec-2016::07:09:15 ===
           ts_search:(5:<0.1304.0>) Dyn Var (RE): no Match (varname=created_news_id), 

=INFO REPORT==== 1-Dec-2016::07:09:15 ===
           ts_search:(5:<0.819.0>) Dyn Var (RE): no Match (varname=created_news_id), 

=INFO REPORT==== 1-Dec-2016::07:09:15 ===
           ts_search:(5:<0.1082.0>) Dyn Var (RE): no Match (varname=created_news_id), 

=INFO REPORT==== 1-Dec-2016::07:09:15 ===
           ts_search:(5:<0.1244.0>) Dyn Var (RE): no Match (varname=created_news_id), 

=INFO REPORT==== 1-Dec-2016::07:09:16 ===
           ts_search:(5:<0.1056.0>) Dyn Var (RE): no Match (varname=created_news_id), 

=INFO REPORT==== 1-Dec-2016::07:09:16 ===
           ts_search:(5:<0.1373.0>) Dyn Var (RE): no Match (varname=created_news_id), 

=INFO REPORT==== 1-Dec-2016::07:09:16 ===
           ts_search:(5:<0.549.0>) Dyn Var (RE): no Match (varname=created_news_id), 

=INFO REPORT==== 1-Dec-2016::07:09:16 ===
           ts_search:(5:<0.871.0>) Dyn Var (RE): no Match (varname=created_news_id), 

=INFO REPORT==== 1-Dec-2016::07:09:16 ===
           ts_search:(5:<0.1206.0>) Dyn Var (RE): no Match (varname=created_news_id), 

=INFO REPORT==== 1-Dec-2016::07:09:16 ===
           ts_search:(5:<0.1349.0>) Dyn Var (RE): no Match (varname=created_news_id), 

=INFO REPORT==== 1-Dec-2016::07:09:17 ===
           ts_search:(5:<0.1521.0>) Dyn Var (RE): no Match (varname=created_news_id), 

=INFO REPORT==== 1-Dec-2016::07:09:17 ===
           ts_search:(5:<0.1378.0>) Dyn Var (RE): no Match (varname=created_news_id), 

=INFO REPORT==== 1-Dec-2016::07:09:17 ===
           ts_search:(5:<0.826.0>) Dyn Var (RE): no Match (varname=created_news_id), 

=INFO REPORT==== 1-Dec-2016::07:09:17 ===
           ts_search:(5:<0.1510.0>) Dyn Var (RE): no Match (varname=created_news_id), 

=INFO REPORT==== 1-Dec-2016::07:09:17 ===
           ts_search:(5:<0.1443.0>) Dyn Var (RE): no Match (varname=created_news_id), 

=INFO REPORT==== 1-Dec-2016::07:09:17 ===
           ts_search:(5:<0.1552.0>) Dyn Var (RE): no Match (varname=created_news_id), 

=INFO REPORT==== 1-Dec-2016::07:09:17 ===
           ts_search:(5:<0.1214.0>) Dyn Var (RE): no Match (varname=created_news_id), 

=INFO REPORT==== 1-Dec-2016::07:09:17 ===
           ts_search:(5:<0.1364.0>) Dyn Var (RE): no Match (varname=created_news_id), 

=INFO REPORT==== 1-Dec-2016::07:09:17 ===
           ts_search:(5:<0.1260.0>) Dyn Var (RE): no Match (varname=created_news_id), 

=INFO REPORT==== 1-Dec-2016::07:09:17 ===
           ts_search:(5:<0.1405.0>) Dyn Var (RE): no Match (varname=created_news_id), 

=INFO REPORT==== 1-Dec-2016::07:09:18 ===
           ts_search:(5:<0.1489.0>) Dyn Var (RE): no Match (varname=created_news_id), 

=INFO REPORT==== 1-Dec-2016::07:09:18 ===
           ts_search:(5:<0.1351.0>) Dyn Var (RE): no Match (varname=created_news_id), 

=INFO REPORT==== 1-Dec-2016::07:09:18 ===
           ts_search:(5:<0.1425.0>) Dyn Var (RE): no Match (varname=created_news_id), 

=INFO REPORT==== 1-Dec-2016::07:09:19 ===
           ts_search:(5:<0.1234.0>) Dyn Var (RE): no Match (varname=created_news_id), 

=INFO REPORT==== 1-Dec-2016::07:09:19 ===
           ts_search:(5:<0.1497.0>) Dyn Var (RE): no Match (varname=created_news_id), 

=INFO REPORT==== 1-Dec-2016::07:09:19 ===
           ts_search:(5:<0.1558.0>) Dyn Var (RE): no Match (varname=created_news_id), 

=INFO REPORT==== 1-Dec-2016::07:09:20 ===
           ts_search:(5:<0.1511.0>) Dyn Var (RE): no Match (varname=created_news_id), 

=INFO REPORT==== 1-Dec-2016::07:09:20 ===
           ts_search:(5:<0.1453.0>) Dyn Var (RE): no Match (varname=created_news_id), 

=INFO REPORT==== 1-Dec-2016::07:09:20 ===
           ts_search:(5:<0.405.0>) Dyn Var (RE): no Match (varname=created_news_id), 

=INFO REPORT==== 1-Dec-2016::07:09:20 ===
           ts_search:(5:<0.1200.0>) Dyn Var (RE): no Match (varname=created_news_id), 

=INFO REPORT==== 1-Dec-2016::07:09:20 ===
           ts_search:(5:<0.1645.0>) Dyn Var (RE): no Match (varname=created_news_id), 

=INFO REPORT==== 1-Dec-2016::07:09:20 ===
           ts_search:(5:<0.1376.0>) Dyn Var (RE): no Match (varname=created_news_id), 

=INFO REPORT==== 1-Dec-2016::07:09:20 ===
           ts_search:(5:<0.1515.0>) Dyn Var (RE): no Match (varname=created_news_id), 

=INFO REPORT==== 1-Dec-2016::07:09:21 ===
           ts_search:(5:<0.1444.0>) Dyn Var (RE): no Match (varname=created_news_id), 

=INFO REPORT==== 1-Dec-2016::07:09:21 ===
           ts_search:(5:<0.1215.0>) Dyn Var (RE): no Match (varname=created_news_id), 

=INFO REPORT==== 1-Dec-2016::07:09:21 ===
           ts_search:(5:<0.1661.0>) Dyn Var (RE): no Match (varname=created_news_id), 

=INFO REPORT==== 1-Dec-2016::07:09:21 ===
           ts_search:(5:<0.926.0>) Dyn Var (RE): no Match (varname=created_news_id), 

=INFO REPORT==== 1-Dec-2016::07:09:21 ===
           ts_search:(5:<0.1499.0>) Dyn Var (RE): no Match (varname=created_news_id), 

=INFO REPORT==== 1-Dec-2016::07:09:21 ===
           ts_search:(5:<0.1242.0>) Dyn Var (RE): no Match (varname=created_news_id), 

=INFO REPORT==== 1-Dec-2016::07:09:21 ===
           ts_search:(5:<0.641.0>) Dyn Var (RE): no Match (varname=created_news_id), 

=INFO REPORT==== 1-Dec-2016::07:09:21 ===
           ts_search:(5:<0.1655.0>) Dyn Var (RE): no Match (varname=created_news_id), 

=INFO REPORT==== 1-Dec-2016::07:09:21 ===
           ts_search:(5:<0.554.0>) Dyn Var (RE): no Match (varname=created_news_id), 

=INFO REPORT==== 1-Dec-2016::07:09:21 ===
           ts_search:(5:<0.1307.0>) Dyn Var (RE): no Match (varname=created_news_id), 

=INFO REPORT==== 1-Dec-2016::07:09:21 ===
           ts_search:(5:<0.1353.0>) Dyn Var (RE): no Match (varname=created_news_id), 

=INFO REPORT==== 1-Dec-2016::07:09:21 ===
           ts_search:(5:<0.1477.0>) Dyn Var (RE): no Match (varname=created_news_id), 

=INFO REPORT==== 1-Dec-2016::07:09:21 ===
           ts_search:(5:<0.852.0>) Dyn Var (RE): no Match (varname=created_news_id), 

=INFO REPORT==== 1-Dec-2016::07:09:21 ===
           ts_search:(5:<0.1528.0>) Dyn Var (RE): no Match (varname=created_news_id), 

=INFO REPORT==== 1-Dec-2016::07:09:22 ===
           ts_search:(5:<0.1472.0>) Dyn Var (RE): no Match (varname=created_news_id), 

=INFO REPORT==== 1-Dec-2016::07:09:22 ===
           ts_search:(5:<0.1408.0>) Dyn Var (RE): no Match (varname=created_news_id), 

=INFO REPORT==== 1-Dec-2016::07:09:22 ===
           ts_search:(5:<0.1172.0>) Dyn Var (RE): no Match (varname=created_news_id), 

=INFO REPORT==== 1-Dec-2016::07:09:22 ===
           ts_search:(5:<0.1597.0>) Dyn Var (RE): no Match (varname=created_news_id), 

=INFO REPORT==== 1-Dec-2016::07:09:22 ===
           ts_search:(5:<0.764.0>) Dyn Var (RE): no Match (varname=created_news_id), 

=INFO REPORT==== 1-Dec-2016::07:09:22 ===
           ts_search:(5:<0.958.0>) Dyn Var (RE): no Match (varname=created_news_id), 

=INFO REPORT==== 1-Dec-2016::07:09:22 ===
           ts_search:(5:<0.1192.0>) Dyn Var (RE): no Match (varname=created_news_id), 

=INFO REPORT==== 1-Dec-2016::07:09:22 ===
           ts_search:(5:<0.1271.0>) Dyn Var (RE): no Match (varname=created_news_id), 

=INFO REPORT==== 1-Dec-2016::07:09:22 ===
           ts_search:(5:<0.1621.0>) Dyn Var (RE): no Match (varname=created_news_id), 

=INFO REPORT==== 1-Dec-2016::07:09:22 ===
           ts_search:(5:<0.1557.0>) Dyn Var (RE): no Match (varname=created_news_id), 

=INFO REPORT==== 1-Dec-2016::07:09:22 ===
           ts_search:(5:<0.1657.0>) Dyn Var (RE): no Match (varname=created_news_id), 

=INFO REPORT==== 1-Dec-2016::07:09:23 ===
           ts_search:(5:<0.1279.0>) Dyn Var (RE): no Match (varname=created_news_id), 

=INFO REPORT==== 1-Dec-2016::07:09:23 ===
           ts_search:(5:<0.1406.0>) Dyn Var (RE): no Match (varname=created_news_id), 

=INFO REPORT==== 1-Dec-2016::07:09:23 ===
           ts_search:(5:<0.1546.0>) Dyn Var (RE): no Match (varname=created_news_id), 

=INFO REPORT==== 1-Dec-2016::07:09:23 ===
           ts_search:(5:<0.1111.0>) Dyn Var (RE): no Match (varname=created_news_id), 

=INFO REPORT==== 1-Dec-2016::07:09:23 ===
           ts_search:(5:<0.588.0>) Dyn Var (RE): no Match (varname=created_news_id), 

=INFO REPORT==== 1-Dec-2016::07:09:23 ===
           ts_search:(5:<0.1505.0>) Dyn Var (RE): no Match (varname=created_news_id), 

=INFO REPORT==== 1-Dec-2016::07:09:23 ===
           ts_search:(5:<0.1609.0>) Dyn Var (RE): no Match (varname=created_news_id), 

=INFO REPORT==== 1-Dec-2016::07:09:23 ===
           ts_search:(5:<0.1436.0>) Dyn Var (RE): no Match (varname=created_news_id), 

=INFO REPORT==== 1-Dec-2016::07:09:24 ===
           ts_search:(5:<0.1527.0>) Dyn Var (RE): no Match (varname=created_news_id), 

=INFO REPORT==== 1-Dec-2016::07:09:24 ===
           ts_search:(5:<0.1247.0>) Dyn Var (RE): no Match (varname=created_news_id), 

=INFO REPORT==== 1-Dec-2016::07:09:25 ===
           ts_search:(5:<0.1239.0>) Dyn Var (RE): no Match (varname=created_news_id), 

=INFO REPORT==== 1-Dec-2016::07:09:25 ===
           ts_search:(5:<0.898.0>) Dyn Var (RE): no Match (varname=created_news_id), 

=INFO REPORT==== 1-Dec-2016::07:09:25 ===
           ts_search:(5:<0.1389.0>) Dyn Var (RE): no Match (varname=created_news_id), 

=INFO REPORT==== 1-Dec-2016::07:09:25 ===
           ts_search:(5:<0.1565.0>) Dyn Var (RE): no Match (varname=created_news_id), 

=INFO REPORT==== 1-Dec-2016::07:09:25 ===
           ts_search:(5:<0.787.0>) Dyn Var (RE): no Match (varname=created_news_id), 

=INFO REPORT==== 1-Dec-2016::07:09:26 ===
           ts_search:(5:<0.1542.0>) Dyn Var (RE): no Match (varname=created_news_id), 

=INFO REPORT==== 1-Dec-2016::07:09:26 ===
           ts_search:(5:<0.1320.0>) Dyn Var (RE): no Match (varname=created_news_id), 

=INFO REPORT==== 1-Dec-2016::07:09:26 ===
           ts_search:(5:<0.1748.0>) Dyn Var (RE): no Match (varname=created_news_id), 

=INFO REPORT==== 1-Dec-2016::07:09:26 ===
           ts_search:(5:<0.1419.0>) Dyn Var (RE): no Match (varname=created_news_id), 

=INFO REPORT==== 1-Dec-2016::07:09:26 ===
           ts_search:(5:<0.939.0>) Dyn Var (RE): no Match (varname=created_news_id), 

=INFO REPORT==== 1-Dec-2016::07:09:26 ===
           ts_search:(5:<0.1616.0>) Dyn Var (RE): no Match (varname=created_news_id), 

=INFO REPORT==== 1-Dec-2016::07:09:26 ===
           ts_search:(5:<0.803.0>) Dyn Var (RE): no Match (varname=created_news_id), 

=INFO REPORT==== 1-Dec-2016::07:09:26 ===
           ts_search:(5:<0.895.0>) Dyn Var (RE): no Match (varname=created_news_id), 

=INFO REPORT==== 1-Dec-2016::07:09:26 ===
           ts_search:(5:<0.1478.0>) Dyn Var (RE): no Match (varname=created_news_id), 

=INFO REPORT==== 1-Dec-2016::07:09:26 ===
           ts_search:(5:<0.1538.0>) Dyn Var (RE): no Match (varname=created_news_id), 

=INFO REPORT==== 1-Dec-2016::07:09:27 ===
           ts_search:(5:<0.890.0>) Dyn Var (RE): no Match (varname=created_news_id), 

=INFO REPORT==== 1-Dec-2016::07:09:27 ===
           ts_search:(5:<0.557.0>) Dyn Var (RE): no Match (varname=created_news_id), 

=INFO REPORT==== 1-Dec-2016::07:09:27 ===
           ts_search:(5:<0.1541.0>) Dyn Var (RE): no Match (varname=created_news_id), 

=INFO REPORT==== 1-Dec-2016::07:09:27 ===
           ts_search:(5:<0.1125.0>) Dyn Var (RE): no Match (varname=created_news_id), 

=INFO REPORT==== 1-Dec-2016::07:09:27 ===
           ts_search:(5:<0.1543.0>) Dyn Var (RE): no Match (varname=created_news_id), 

=INFO REPORT==== 1-Dec-2016::07:09:27 ===
           ts_search:(5:<0.1559.0>) Dyn Var (RE): no Match (varname=created_news_id), 

=INFO REPORT==== 1-Dec-2016::07:09:27 ===
           ts_search:(5:<0.948.0>) Dyn Var (RE): no Match (varname=created_news_id), 

=INFO REPORT==== 1-Dec-2016::07:09:27 ===
           ts_search:(5:<0.1055.0>) Dyn Var (RE): no Match (varname=created_news_id), 

=INFO REPORT==== 1-Dec-2016::07:09:27 ===
           ts_search:(5:<0.1831.0>) Dyn Var (RE): no Match (varname=created_news_id), 

=INFO REPORT==== 1-Dec-2016::07:09:28 ===
           ts_search:(5:<0.1523.0>) Dyn Var (RE): no Match (varname=created_news_id), 

=INFO REPORT==== 1-Dec-2016::07:09:28 ===
           ts_search:(5:<0.1656.0>) Dyn Var (RE): no Match (varname=created_news_id), 

=INFO REPORT==== 1-Dec-2016::07:09:28 ===
           ts_search:(5:<0.1798.0>) Dyn Var (RE): no Match (varname=created_news_id), 

=INFO REPORT==== 1-Dec-2016::07:09:28 ===
           ts_search:(5:<0.1764.0>) Dyn Var (RE): no Match (varname=created_news_id), 

=INFO REPORT==== 1-Dec-2016::07:09:28 ===
           ts_search:(5:<0.1825.0>) Dyn Var (RE): no Match (varname=created_news_id), 

=INFO REPORT==== 1-Dec-2016::07:09:28 ===
           ts_search:(5:<0.1663.0>) Dyn Var (RE): no Match (varname=created_news_id), 

=INFO REPORT==== 1-Dec-2016::07:09:28 ===
           ts_search:(5:<0.1780.0>) Dyn Var (RE): no Match (varname=created_news_id), 

=INFO REPORT==== 1-Dec-2016::07:09:28 ===
           ts_search:(5:<0.1893.0>) Dyn Var (RE): no Match (varname=created_news_id), 

=INFO REPORT==== 1-Dec-2016::07:09:28 ===
           ts_search:(5:<0.1331.0>) Dyn Var (RE): no Match (varname=created_news_id), 

=INFO REPORT==== 1-Dec-2016::07:09:28 ===
           ts_search:(5:<0.1768.0>) Dyn Var (RE): no Match (varname=created_news_id), 

=INFO REPORT==== 1-Dec-2016::07:09:28 ===
           ts_search:(5:<0.1569.0>) Dyn Var (RE): no Match (varname=created_news_id), 

=INFO REPORT==== 1-Dec-2016::07:09:28 ===
           ts_search:(5:<0.1792.0>) Dyn Var (RE): no Match (varname=created_news_id), 

=INFO REPORT==== 1-Dec-2016::07:09:28 ===
           ts_search:(5:<0.1435.0>) Dyn Var (RE): no Match (varname=created_news_id), 

=INFO REPORT==== 1-Dec-2016::07:09:29 ===
           ts_search:(5:<0.1672.0>) Dyn Var (RE): no Match (varname=created_news_id), 

=INFO REPORT==== 1-Dec-2016::07:09:29 ===
           ts_search:(5:<0.1061.0>) Dyn Var (RE): no Match (varname=created_news_id), 

=INFO REPORT==== 1-Dec-2016::07:09:29 ===
           ts_search:(5:<0.943.0>) Dyn Var (RE): no Match (varname=created_news_id), 

=INFO REPORT==== 1-Dec-2016::07:09:29 ===
           ts_search:(5:<0.1532.0>) Dyn Var (RE): no Match (varname=created_news_id), 

=INFO REPORT==== 1-Dec-2016::07:09:29 ===
           ts_search:(5:<0.1421.0>) Dyn Var (RE): no Match (varname=created_news_id), 

=INFO REPORT==== 1-Dec-2016::07:09:29 ===
           ts_search:(5:<0.979.0>) Dyn Var (RE): no Match (varname=created_news_id), 

=INFO REPORT==== 1-Dec-2016::07:09:29 ===
           ts_search:(5:<0.1834.0>) Dyn Var (RE): no Match (varname=created_news_id), 

=INFO REPORT==== 1-Dec-2016::07:09:29 ===
           ts_search:(5:<0.1941.0>) Dyn Var (RE): no Match (varname=created_news_id), 

=INFO REPORT==== 1-Dec-2016::07:09:29 ===
           ts_search:(5:<0.1867.0>) Dyn Var (RE): no Match (varname=created_news_id), 

=INFO REPORT==== 1-Dec-2016::07:09:29 ===
           ts_search:(5:<0.1544.0>) Dyn Var (RE): no Match (varname=created_news_id), 

=INFO REPORT==== 1-Dec-2016::07:09:29 ===
           ts_search:(5:<0.1680.0>) Dyn Var (RE): no Match (varname=created_news_id), 

=INFO REPORT==== 1-Dec-2016::07:09:29 ===
           ts_search:(5:<0.1476.0>) Dyn Var (RE): no Match (varname=created_news_id), 

=INFO REPORT==== 1-Dec-2016::07:09:29 ===
         ts_launcher:(5:<0.112.0>) Phase duration exceeded, but not all users were launched (53 users, 5.5% of phase)

=INFO REPORT==== 1-Dec-2016::07:09:29 ===
         ts_launcher:(5:<0.112.0>) This was the last phase, wait for connected users to finish their session

=INFO REPORT==== 1-Dec-2016::07:09:29 ===
           ts_search:(5:<0.1485.0>) Dyn Var (RE): no Match (varname=created_news_id), 

=INFO REPORT==== 1-Dec-2016::07:09:29 ===
           ts_search:(5:<0.1006.0>) Dyn Var (RE): no Match (varname=created_news_id), 

=INFO REPORT==== 1-Dec-2016::07:09:30 ===
           ts_search:(5:<0.1306.0>) Dyn Var (RE): no Match (varname=created_news_id), 

=INFO REPORT==== 1-Dec-2016::07:09:30 ===
           ts_search:(5:<0.1571.0>) Dyn Var (RE): no Match (varname=created_news_id), 

=INFO REPORT==== 1-Dec-2016::07:09:30 ===
           ts_search:(5:<0.1384.0>) Dyn Var (RE): no Match (varname=created_news_id), 

=INFO REPORT==== 1-Dec-2016::07:09:30 ===
           ts_search:(5:<0.1338.0>) Dyn Var (RE): no Match (varname=created_news_id), 

=INFO REPORT==== 1-Dec-2016::07:09:30 ===
           ts_search:(5:<0.1278.0>) Dyn Var (RE): no Match (varname=created_news_id), 

=INFO REPORT==== 1-Dec-2016::07:09:30 ===
           ts_search:(5:<0.1285.0>) Dyn Var (RE): no Match (varname=created_news_id), 

=INFO REPORT==== 1-Dec-2016::07:09:30 ===
           ts_search:(5:<0.1650.0>) Dyn Var (RE): no Match (varname=created_news_id), 

=INFO REPORT==== 1-Dec-2016::07:09:31 ===
           ts_search:(5:<0.867.0>) Dyn Var (RE): no Match (varname=created_news_id), 

=INFO REPORT==== 1-Dec-2016::07:09:31 ===
           ts_search:(5:<0.1052.0>) Dyn Var (RE): no Match (varname=created_news_id), 

=INFO REPORT==== 1-Dec-2016::07:09:31 ===
           ts_search:(5:<0.1817.0>) Dyn Var (RE): no Match (varname=created_news_id), 

=INFO REPORT==== 1-Dec-2016::07:09:31 ===
           ts_search:(5:<0.1707.0>) Dyn Var (RE): no Match (varname=created_news_id), 

=INFO REPORT==== 1-Dec-2016::07:09:31 ===
           ts_search:(5:<0.1734.0>) Dyn Var (RE): no Match (varname=created_news_id), 

=INFO REPORT==== 1-Dec-2016::07:09:31 ===
           ts_search:(5:<0.1525.0>) Dyn Var (RE): no Match (varname=created_news_id), 

=INFO REPORT==== 1-Dec-2016::07:09:31 ===
           ts_search:(5:<0.1313.0>) Dyn Var (RE): no Match (varname=created_news_id), 

=INFO REPORT==== 1-Dec-2016::07:09:31 ===
           ts_search:(5:<0.1853.0>) Dyn Var (RE): no Match (varname=created_news_id), 

=INFO REPORT==== 1-Dec-2016::07:09:32 ===
           ts_search:(5:<0.1554.0>) Dyn Var (RE): no Match (varname=created_news_id), 

=INFO REPORT==== 1-Dec-2016::07:09:32 ===
           ts_search:(5:<0.1627.0>) Dyn Var (RE): no Match (varname=created_news_id), 

=INFO REPORT==== 1-Dec-2016::07:09:32 ===
           ts_search:(5:<0.1032.0>) Dyn Var (RE): no Match (varname=created_news_id), 

=INFO REPORT==== 1-Dec-2016::07:09:32 ===
           ts_search:(5:<0.940.0>) Dyn Var (RE): no Match (varname=created_news_id), 

=INFO REPORT==== 1-Dec-2016::07:09:32 ===
           ts_search:(5:<0.1783.0>) Dyn Var (RE): no Match (varname=created_news_id), 

=INFO REPORT==== 1-Dec-2016::07:09:32 ===
           ts_search:(5:<0.1706.0>) Dyn Var (RE): no Match (varname=created_news_id), 

=INFO REPORT==== 1-Dec-2016::07:09:32 ===
           ts_search:(5:<0.1689.0>) Dyn Var (RE): no Match (varname=created_news_id), 

=INFO REPORT==== 1-Dec-2016::07:09:32 ===
           ts_search:(5:<0.1784.0>) Dyn Var (RE): no Match (varname=created_news_id), 

=INFO REPORT==== 1-Dec-2016::07:09:32 ===
           ts_search:(5:<0.1562.0>) Dyn Var (RE): no Match (varname=created_news_id), 

=INFO REPORT==== 1-Dec-2016::07:09:32 ===
           ts_search:(5:<0.1755.0>) Dyn Var (RE): no Match (varname=created_news_id), 

=INFO REPORT==== 1-Dec-2016::07:09:33 ===
           ts_search:(5:<0.1064.0>) Dyn Var (RE): no Match (varname=created_news_id), 

=INFO REPORT==== 1-Dec-2016::07:09:33 ===
           ts_search:(5:<0.1717.0>) Dyn Var (RE): no Match (varname=created_news_id), 

=INFO REPORT==== 1-Dec-2016::07:09:33 ===
           ts_search:(5:<0.1884.0>) Dyn Var (RE): no Match (varname=created_news_id), 

=INFO REPORT==== 1-Dec-2016::07:09:33 ===
           ts_search:(5:<0.820.0>) Dyn Var (RE): no Match (varname=created_news_id), 

=INFO REPORT==== 1-Dec-2016::07:09:33 ===
           ts_search:(5:<0.1979.0>) Dyn Var (RE): no Match (varname=created_news_id), 

=INFO REPORT==== 1-Dec-2016::07:09:33 ===
           ts_search:(5:<0.1183.0>) Dyn Var (RE): no Match (varname=created_news_id), 

=INFO REPORT==== 1-Dec-2016::07:09:33 ===
           ts_search:(5:<0.1308.0>) Dyn Var (RE): no Match (varname=created_news_id), 

=INFO REPORT==== 1-Dec-2016::07:09:33 ===
           ts_search:(5:<0.1483.0>) Dyn Var (RE): no Match (varname=created_news_id), 

=INFO REPORT==== 1-Dec-2016::07:09:33 ===
           ts_search:(5:<0.1399.0>) Dyn Var (RE): no Match (varname=created_news_id), 

=INFO REPORT==== 1-Dec-2016::07:09:33 ===
           ts_search:(5:<0.1848.0>) Dyn Var (RE): no Match (varname=created_news_id), 

=INFO REPORT==== 1-Dec-2016::07:09:33 ===
           ts_search:(5:<0.1970.0>) Dyn Var (RE): no Match (varname=created_news_id), 

=INFO REPORT==== 1-Dec-2016::07:09:34 ===
           ts_search:(5:<0.1806.0>) Dyn Var (RE): no Match (varname=created_news_id), 

=INFO REPORT==== 1-Dec-2016::07:09:34 ===
           ts_search:(5:<0.956.0>) Dyn Var (RE): no Match (varname=created_news_id), 

=INFO REPORT==== 1-Dec-2016::07:09:35 ===
           ts_search:(5:<0.1116.0>) Dyn Var (RE): no Match (varname=created_news_id), 

=INFO REPORT==== 1-Dec-2016::07:09:35 ===
           ts_search:(5:<0.1599.0>) Dyn Var (RE): no Match (varname=created_news_id), 

=INFO REPORT==== 1-Dec-2016::07:09:35 ===
           ts_search:(5:<0.1812.0>) Dyn Var (RE): no Match (varname=created_news_id), 

=INFO REPORT==== 1-Dec-2016::07:09:35 ===
           ts_search:(5:<0.1397.0>) Dyn Var (RE): no Match (varname=created_news_id), 

=INFO REPORT==== 1-Dec-2016::07:09:35 ===
           ts_search:(5:<0.1904.0>) Dyn Var (RE): no Match (varname=created_news_id), 

=INFO REPORT==== 1-Dec-2016::07:09:35 ===
           ts_search:(5:<0.1946.0>) Dyn Var (RE): no Match (varname=created_news_id), 

=INFO REPORT==== 1-Dec-2016::07:09:35 ===
           ts_search:(5:<0.1518.0>) Dyn Var (RE): no Match (varname=created_news_id), 

=INFO REPORT==== 1-Dec-2016::07:09:35 ===
           ts_search:(5:<0.1913.0>) Dyn Var (RE): no Match (varname=created_news_id), 

=INFO REPORT==== 1-Dec-2016::07:09:35 ===
           ts_search:(5:<0.713.0>) Dyn Var (RE): no Match (varname=created_news_id), 

=INFO REPORT==== 1-Dec-2016::07:09:35 ===
           ts_search:(5:<0.1961.0>) Dyn Var (RE): no Match (varname=created_news_id), 

=INFO REPORT==== 1-Dec-2016::07:09:35 ===
           ts_search:(5:<0.1852.0>) Dyn Var (RE): no Match (varname=created_news_id), 

=INFO REPORT==== 1-Dec-2016::07:09:35 ===
           ts_search:(5:<0.1705.0>) Dyn Var (RE): no Match (varname=created_news_id), 

=INFO REPORT==== 1-Dec-2016::07:09:36 ===
           ts_search:(5:<0.1098.0>) Dyn Var (RE): no Match (varname=created_news_id), 

=INFO REPORT==== 1-Dec-2016::07:09:36 ===
           ts_search:(5:<0.1251.0>) Dyn Var (RE): no Match (varname=created_news_id), 

=INFO REPORT==== 1-Dec-2016::07:09:36 ===
           ts_search:(5:<0.1507.0>) Dyn Var (RE): no Match (varname=created_news_id), 

=INFO REPORT==== 1-Dec-2016::07:09:36 ===
           ts_search:(5:<0.1676.0>) Dyn Var (RE): no Match (varname=created_news_id), 

=INFO REPORT==== 1-Dec-2016::07:09:36 ===
           ts_search:(5:<0.1128.0>) Dyn Var (RE): no Match (varname=created_news_id), 

=INFO REPORT==== 1-Dec-2016::07:09:36 ===
           ts_search:(5:<0.1159.0>) Dyn Var (RE): no Match (varname=created_news_id), 

=INFO REPORT==== 1-Dec-2016::07:09:36 ===
           ts_search:(5:<0.1583.0>) Dyn Var (RE): no Match (varname=created_news_id), 

=INFO REPORT==== 1-Dec-2016::07:09:36 ===
           ts_search:(5:<0.1885.0>) Dyn Var (RE): no Match (varname=created_news_id), 

=INFO REPORT==== 1-Dec-2016::07:09:36 ===
           ts_search:(5:<0.1345.0>) Dyn Var (RE): no Match (varname=created_news_id), 

=INFO REPORT==== 1-Dec-2016::07:09:37 ===
           ts_search:(5:<0.1240.0>) Dyn Var (RE): no Match (varname=created_news_id), 

=INFO REPORT==== 1-Dec-2016::07:09:37 ===
           ts_search:(5:<0.1726.0>) Dyn Var (RE): no Match (varname=created_news_id), 

=INFO REPORT==== 1-Dec-2016::07:09:37 ===
           ts_search:(5:<0.1883.0>) Dyn Var (RE): no Match (varname=created_news_id), 

=INFO REPORT==== 1-Dec-2016::07:09:37 ===
           ts_search:(5:<0.1003.0>) Dyn Var (RE): no Match (varname=created_news_id), 

=INFO REPORT==== 1-Dec-2016::07:09:38 ===
           ts_search:(5:<0.665.0>) Dyn Var (RE): no Match (varname=created_news_id), 

=INFO REPORT==== 1-Dec-2016::07:09:38 ===
           ts_search:(5:<0.1741.0>) Dyn Var (RE): no Match (varname=created_news_id), 

=INFO REPORT==== 1-Dec-2016::07:09:38 ===
           ts_search:(5:<0.1677.0>) Dyn Var (RE): no Match (varname=created_news_id), 

=INFO REPORT==== 1-Dec-2016::07:09:38 ===
           ts_search:(5:<0.1826.0>) Dyn Var (RE): no Match (varname=created_news_id), 

=INFO REPORT==== 1-Dec-2016::07:09:39 ===
           ts_search:(5:<0.1907.0>) Dyn Var (RE): no Match (varname=created_news_id), 

=INFO REPORT==== 1-Dec-2016::07:09:39 ===
           ts_search:(5:<0.1794.0>) Dyn Var (RE): no Match (varname=created_news_id), 

=INFO REPORT==== 1-Dec-2016::07:09:39 ===
           ts_search:(5:<0.1381.0>) Dyn Var (RE): no Match (varname=created_news_id), 

=INFO REPORT==== 1-Dec-2016::07:09:39 ===
           ts_search:(5:<0.749.0>) Dyn Var (RE): no Match (varname=created_news_id), 

=INFO REPORT==== 1-Dec-2016::07:09:39 ===
           ts_search:(5:<0.1638.0>) Dyn Var (RE): no Match (varname=created_news_id), 

=INFO REPORT==== 1-Dec-2016::07:09:40 ===
           ts_search:(5:<0.1951.0>) Dyn Var (RE): no Match (varname=created_news_id), 

=INFO REPORT==== 1-Dec-2016::07:09:40 ===
           ts_search:(5:<0.1942.0>) Dyn Var (RE): no Match (varname=created_news_id), 

=INFO REPORT==== 1-Dec-2016::07:09:40 ===
           ts_search:(5:<0.1630.0>) Dyn Var (RE): no Match (varname=created_news_id), 

=INFO REPORT==== 1-Dec-2016::07:09:40 ===
           ts_search:(5:<0.1222.0>) Dyn Var (RE): no Match (varname=created_news_id), 

=INFO REPORT==== 1-Dec-2016::07:09:41 ===
           ts_search:(5:<0.1248.0>) Dyn Var (RE): no Match (varname=created_news_id), 

=INFO REPORT==== 1-Dec-2016::07:09:41 ===
           ts_search:(5:<0.1498.0>) Dyn Var (RE): no Match (varname=created_news_id), 

=INFO REPORT==== 1-Dec-2016::07:09:41 ===
           ts_search:(5:<0.1800.0>) Dyn Var (RE): no Match (varname=created_news_id), 

=INFO REPORT==== 1-Dec-2016::07:09:41 ===
           ts_search:(5:<0.1843.0>) Dyn Var (RE): no Match (varname=created_news_id), 

=INFO REPORT==== 1-Dec-2016::07:09:41 ===
           ts_search:(5:<0.1827.0>) Dyn Var (RE): no Match (varname=created_news_id), 

=INFO REPORT==== 1-Dec-2016::07:09:42 ===
           ts_search:(5:<0.1774.0>) Dyn Var (RE): no Match (varname=created_news_id), 

=INFO REPORT==== 1-Dec-2016::07:09:42 ===
           ts_search:(5:<0.1969.0>) Dyn Var (RE): no Match (varname=created_news_id), 

=INFO REPORT==== 1-Dec-2016::07:09:43 ===
           ts_search:(5:<0.1828.0>) Dyn Var (RE): no Match (varname=created_news_id), 

=INFO REPORT==== 1-Dec-2016::07:09:44 ===
           ts_search:(5:<0.1914.0>) Dyn Var (RE): no Match (varname=created_news_id), 

=INFO REPORT==== 1-Dec-2016::07:09:44 ===
           ts_search:(5:<0.1129.0>) Dyn Var (RE): no Match (varname=created_news_id), 

=INFO REPORT==== 1-Dec-2016::07:09:46 ===
           ts_search:(5:<0.1556.0>) Dyn Var (RE): no Match (varname=created_news_id), 

=INFO REPORT==== 1-Dec-2016::07:09:47 ===
           ts_search:(5:<0.1534.0>) Dyn Var (RE): no Match (varname=created_news_id), 

=INFO REPORT==== 1-Dec-2016::07:09:47 ===
           ts_search:(5:<0.952.0>) Dyn Var (RE): no Match (varname=created_news_id), 

=INFO REPORT==== 1-Dec-2016::07:09:47 ===
           ts_search:(5:<0.1612.0>) Dyn Var (RE): no Match (varname=created_news_id), 

=INFO REPORT==== 1-Dec-2016::07:09:52 ===
           ts_search:(5:<0.1316.0>) Dyn Var (RE): no Match (varname=created_news_id), 

=INFO REPORT==== 1-Dec-2016::07:09:52 ===
           ts_search:(5:<0.1829.0>) Dyn Var (RE): no Match (varname=created_news_id), 

=INFO REPORT==== 1-Dec-2016::07:09:54 ===
           ts_search:(5:<0.1637.0>) Dyn Var (RE): no Match (varname=created_news_id), 

=INFO REPORT==== 1-Dec-2016::07:09:54 ===
           ts_search:(5:<0.1952.0>) Dyn Var (RE): no Match (varname=created_news_id), 

=INFO REPORT==== 1-Dec-2016::07:09:55 ===
           ts_search:(5:<0.1879.0>) Dyn Var (RE): no Match (varname=created_news_id), 

=INFO REPORT==== 1-Dec-2016::07:09:56 ===
           ts_search:(5:<0.1089.0>) Dyn Var (RE): no Match (varname=created_news_id), 

=INFO REPORT==== 1-Dec-2016::07:09:56 ===
           ts_search:(5:<0.1872.0>) Dyn Var (RE): no Match (varname=created_news_id), 

=INFO REPORT==== 1-Dec-2016::07:09:56 ===
           ts_search:(5:<0.1901.0>) Dyn Var (RE): no Match (varname=created_news_id), 

=INFO REPORT==== 1-Dec-2016::07:09:56 ===
           ts_search:(5:<0.1716.0>) Dyn Var (RE): no Match (varname=created_news_id), 

=INFO REPORT==== 1-Dec-2016::07:09:58 ===
           ts_search:(5:<0.1905.0>) Dyn Var (RE): no Match (varname=created_news_id), 

=INFO REPORT==== 1-Dec-2016::07:09:58 ===
           ts_search:(5:<0.1917.0>) Dyn Var (RE): no Match (varname=created_news_id), 

=INFO REPORT==== 1-Dec-2016::07:09:58 ===
           ts_search:(5:<0.1776.0>) Dyn Var (RE): no Match (varname=created_news_id), 

=INFO REPORT==== 1-Dec-2016::07:09:59 ===
           ts_search:(5:<0.1045.0>) Dyn Var (RE): no Match (varname=created_news_id), 

=INFO REPORT==== 1-Dec-2016::07:10:00 ===
           ts_search:(5:<0.1957.0>) Dyn Var (RE): no Match (varname=created_news_id), 

=INFO REPORT==== 1-Dec-2016::07:10:02 ===
           ts_search:(5:<0.1121.0>) Dyn Var (RE): no Match (varname=created_news_id), 

=INFO REPORT==== 1-Dec-2016::07:10:03 ===
           ts_search:(5:<0.1535.0>) Dyn Var (RE): no Match (varname=created_news_id), 

=INFO REPORT==== 1-Dec-2016::07:10:03 ===
           ts_search:(5:<0.1877.0>) Dyn Var (RE): no Match (varname=created_news_id), 

=INFO REPORT==== 1-Dec-2016::07:10:03 ===
           ts_search:(5:<0.963.0>) Dyn Var (RE): no Match (varname=created_news_id), 

=INFO REPORT==== 1-Dec-2016::07:10:09 ===
           ts_search:(5:<0.1820.0>) Dyn Var (RE): no Match (varname=created_news_id), 

=INFO REPORT==== 1-Dec-2016::07:10:09 ===
           ts_search:(5:<0.1668.0>) Dyn Var (RE): no Match (varname=created_news_id), 

=INFO REPORT==== 1-Dec-2016::07:10:10 ===
           ts_search:(5:<0.1367.0>) Dyn Var (RE): no Match (varname=created_news_id), 

=INFO REPORT==== 1-Dec-2016::07:10:14 ===
           ts_search:(5:<0.1213.0>) Dyn Var (RE): no Match (varname=created_news_id), 

=INFO REPORT==== 1-Dec-2016::07:10:20 ===
           ts_search:(5:<0.1938.0>) Dyn Var (RE): no Match (varname=created_news_id), 

=INFO REPORT==== 1-Dec-2016::07:10:20 ===
           ts_search:(5:<0.1832.0>) Dyn Var (RE): no Match (varname=created_news_id), 

=INFO REPORT==== 1-Dec-2016::07:10:27 ===
           ts_search:(5:<0.1846.0>) Dyn Var (RE): no Match (varname=created_news_id), 

=INFO REPORT==== 1-Dec-2016::07:10:27 ===
           ts_search:(5:<0.1854.0>) Dyn Var (RE): no Match (varname=created_news_id), 

=INFO REPORT==== 1-Dec-2016::07:10:37 ===
           ts_search:(5:<0.1765.0>) Dyn Var (RE): no Match (varname=created_news_id), 

=INFO REPORT==== 1-Dec-2016::07:10:40 ===
           ts_search:(5:<0.1690.0>) Dyn Var (RE): no Match (varname=created_news_id), 

=INFO REPORT==== 1-Dec-2016::07:10:47 ===
           ts_search:(5:<0.1704.0>) Dyn Var (RE): no Match (varname=created_news_id), 

=INFO REPORT==== 1-Dec-2016::07:10:53 ===
           ts_search:(5:<0.1639.0>) Dyn Var (RE): no Match (varname=created_news_id), 

=INFO REPORT==== 1-Dec-2016::07:10:54 ===
           ts_search:(5:<0.1791.0>) Dyn Var (RE): no Match (varname=created_news_id), 

=INFO REPORT==== 1-Dec-2016::07:10:55 ===
           ts_search:(5:<0.1965.0>) Dyn Var (RE): no Match (varname=created_news_id), 

=INFO REPORT==== 1-Dec-2016::07:10:55 ===
           ts_search:(5:<0.1937.0>) Dyn Var (RE): no Match (varname=created_news_id), 

=INFO REPORT==== 1-Dec-2016::07:10:59 ===
           ts_search:(5:<0.1700.0>) Dyn Var (RE): no Match (varname=created_news_id), 

=INFO REPORT==== 1-Dec-2016::07:10:59 ===
           ts_search:(5:<0.1495.0>) Dyn Var (RE): no Match (varname=created_news_id), 

=INFO REPORT==== 1-Dec-2016::07:10:59 ===
           ts_search:(5:<0.672.0>) Dyn Var (RE): no Match (varname=created_news_id), 

=INFO REPORT==== 1-Dec-2016::07:11:04 ===
           ts_search:(5:<0.1077.0>) Dyn Var (RE): no Match (varname=created_news_id), 

=INFO REPORT==== 1-Dec-2016::07:11:05 ===
           ts_search:(5:<0.1096.0>) Dyn Var (RE): no Match (varname=created_news_id), 

=INFO REPORT==== 1-Dec-2016::07:11:05 ===
           ts_search:(5:<0.1321.0>) Dyn Var (RE): no Match (varname=created_news_id), 

=INFO REPORT==== 1-Dec-2016::07:11:09 ===
           ts_search:(5:<0.1940.0>) Dyn Var (RE): no Match (varname=created_news_id), 

=INFO REPORT==== 1-Dec-2016::07:11:15 ===
           ts_search:(5:<0.1989.0>) Dyn Var (RE): no Match (varname=created_news_id), 

=INFO REPORT==== 1-Dec-2016::07:11:15 ===
           ts_search:(5:<0.1745.0>) Dyn Var (RE): no Match (varname=created_news_id), 

=INFO REPORT==== 1-Dec-2016::07:11:28 ===
           ts_search:(5:<0.1956.0>) Dyn Var (RE): no Match (varname=created_news_id), 

=INFO REPORT==== 1-Dec-2016::07:11:30 ===
           ts_search:(5:<0.1908.0>) Dyn Var (RE): no Match (varname=created_news_id), 

=INFO REPORT==== 1-Dec-2016::07:11:35 ===
           ts_search:(5:<0.1959.0>) Dyn Var (RE): no Match (varname=created_news_id), 

=INFO REPORT==== 1-Dec-2016::07:11:48 ===
           ts_search:(5:<0.1920.0>) Dyn Var (RE): no Match (varname=created_news_id), 

=INFO REPORT==== 1-Dec-2016::07:11:55 ===
           ts_search:(5:<0.1919.0>) Dyn Var (RE): no Match (varname=created_news_id), 

=INFO REPORT==== 1-Dec-2016::07:12:39 ===
     ts_launcher_mgr:(5:<0.106.0>) No more active users 'tsung_controller@ip-172-31-6-21' "7150"

=INFO REPORT==== 1-Dec-2016::07:12:40 ===
              ts_mon:(5:<0.56.0>) stopping monitor (normal)
