# stats: dump at 1480575999
stats: users 10 10
stats: {freemem,"tsung_controller@ip-172-31-6-21"} 1 3164.515625 0 3164.515625 3164.515625 0 0
stats: {load,"tsung_controller@ip-172-31-6-21"} 1 0.08984375 0 0.08984375 0.08984375 0 0
stats: {cpu,"tsung_controller@ip-172-31-6-21"} 1 6.992086456763946 0 6.992086456763946 6.992086456763946 0 0
stats: users_count 10 10
stats: finish_users_count 0 0
stats: request 22 320.85785466974426 958.8146846424883 4014.058837890625 6.4990234375 0 0
stats: connect 10 11.7132568359375 32.75501670456329 109.97802734375 0.659912109375 0 0
stats: page 22 320.85785466974426 958.8146846424883 4014.058837890625 6.4990234375 0 0
stats: 200 22 22
stats: size_rcv 1173208 1173208
stats: size_sent 8995 8995
stats: connected 10 10
# stats: dump at 1480576009
stats: users 21 21
stats: {freemem,"tsung_controller@ip-172-31-6-21"} 1 3163.30078125 0.0 3164.515625 3163.30078125 3164.515625 1
stats: {load,"tsung_controller@ip-172-31-6-21"} 1 0.0703125 0.0 0.08984375 0.0703125 0.08984375 1
stats: {recvpackets,"tsung_controller@ip-172-31-6-21"} 1 1341 0 1341 1341 0 0
stats: {sentpackets,"tsung_controller@ip-172-31-6-21"} 1 695 0 695 695 0 0
stats: {cpu,"tsung_controller@ip-172-31-6-21"} 1 2.0771513353115725 0.0 6.992086456763946 2.0771513353115725 6.992086456763946 1
stats: session 7 11417.244035993304 2486.5318885688084 15607.6259765625 8542.928955078125 0 0
stats: users_count 18 28
stats: finish_users_count 7 7
stats: request 59 387.86623576536016 1104.6497242993812 5275.862060546875 0.541015625 320.85785466974426 22
stats: connect 20 0.76397705078125 0.09157385417206797 109.97802734375 0.60302734375 11.7132568359375 10
stats: page 57 401.4845977247807 1121.4259024950397 5275.862060546875 1.366943359375 320.85785466974426 22
stats: 200 53 75
stats: size_rcv 4791612 5964820
stats: size_sent 23276 32271
stats: connected 10 20
stats: 400 6 6
# stats: dump at 1480576019
stats: users 18 23
stats: {freemem,"tsung_controller@ip-172-31-6-21"} 1 3161.734375 0.0 3164.515625 3161.734375 3163.908203125 2
stats: {load,"tsung_controller@ip-172-31-6-21"} 1 0.05859375 0.0 0.08984375 0.05859375 0.080078125 2
stats: {recvpackets,"tsung_controller@ip-172-31-6-21"} 1 3539.0 0.0 3539 1341 1341.0 1
stats: {sentpackets,"tsung_controller@ip-172-31-6-21"} 1 1817.0 0.0 1817 695 695.0 1
stats: {cpu,"tsung_controller@ip-172-31-6-21"} 1 2.359882005899705 0.0 6.992086456763946 2.0771513353115725 4.53461889603776 2
stats: session 5 11372.52822265625 3493.118168238686 17964.9638671875 8341.3330078125 11417.244035993304 7
stats: users_count 2 30
stats: finish_users_count 5 12
stats: request 49 734.1125837053571 1851.7323521736553 6539.970947265625 0.52001953125 369.66642855420525 81
stats: connect 6 0.798095703125 0.05331459620276376 109.97802734375 0.60302734375 4.413736979166667 30
stats: page 43 836.583127043968 1954.8951807361468 6539.970947265625 1.3349609375 379.03158067147945 79
stats: 200 33 108
stats: size_rcv 2729948 8694768
stats: size_sent 26238 58509
stats: connected -7 13
stats: 400 16 22
# stats: dump at 1480576029
stats: users 21 23
stats: {freemem,"tsung_controller@ip-172-31-6-21"} 1 3161.6328125 0.0 3164.515625 3161.6328125 3163.18359375 3
stats: {load,"tsung_controller@ip-172-31-6-21"} 1 0.05078125 0.0 0.08984375 0.05078125 0.07291666666666667 3
stats: {recvpackets,"tsung_controller@ip-172-31-6-21"} 1 1590.0 0.0 3539 1341 2440.0 2
stats: {sentpackets,"tsung_controller@ip-172-31-6-21"} 1 846.0 0.0 1817 695 1256.0 2
stats: {cpu,"tsung_controller@ip-172-31-6-21"} 1 1.1904761904761905 0.0 6.992086456763946 1.1904761904761905 3.8097065993250747 3
stats: session 11 20734.919300426136 4300.690927094884 26423.52197265625 8341.3330078125 11398.612447102865 12
stats: users_count 14 44
stats: finish_users_count 11 23
stats: request 50 770.1163330078125 1925.3966323676032 7146.94091796875 0.52001953125 507.0345947265625 130
stats: connect 23 1.6710152004076086 2.401369003617687 109.97802734375 0.60302734375 3.811130099826389 36
stats: page 49 785.8374820631377 1941.7649220732883 7146.94091796875 1.255126953125 540.2997486552254 122
stats: 200 39 147
stats: size_rcv 3925706 12620474
stats: newphase 1 1
stats: size_sent 22540 81049
stats: connected 6 19
stats: 400 11 33
# stats: dump at 1480576039
stats: users 37 37
stats: {freemem,"tsung_controller@ip-172-31-6-21"} 1 3157.30078125 0.0 3164.515625 3157.30078125 3162.7958984375 4
stats: {load,"tsung_controller@ip-172-31-6-21"} 1 0.28125 0.0 0.28125 0.05078125 0.0673828125 4
stats: {recvpackets,"tsung_controller@ip-172-31-6-21"} 1 3262.0 0.0 3539 1341 2156.6666666666665 3
stats: {sentpackets,"tsung_controller@ip-172-31-6-21"} 1 1544.0 0.0 1817 695 1119.3333333333333 3
stats: {cpu,"tsung_controller@ip-172-31-6-21"} 1 47.242798353909464 0.0 47.242798353909464 1.1904761904761905 3.1548989971128534 4
stats: session 8 19624.26968383789 10290.7927557205 36274.26806640625 6799.921142578125 15863.802681300951 23
stats: users_count 24 68
stats: finish_users_count 8 31
stats: request 86 571.5689725654071 1609.9946000042357 7975.923095703125 0.52001953125 580.1128553602431 180
stats: connect 27 1.1297652633101851 1.5605747178089335 109.97802734375 0.60302734375 2.976848020391949 59
stats: page 83 592.2380900555344 1635.096356131229 7975.923095703125 1.239990234375 610.6585143686038 171
stats: 200 76 223
stats: size_rcv 6567971 19188445
stats: newphase 0 1
stats: size_sent 39510 120559
stats: connected 14 33
stats: 400 10 43
# stats: dump at 1480576049
stats: users 55 55
stats: {freemem,"tsung_controller@ip-172-31-6-21"} 1 3159.2734375 0.0 3164.515625 3157.30078125 3161.696875 5
stats: {load,"tsung_controller@ip-172-31-6-21"} 1 0.30859375 0.0 0.30859375 0.05078125 0.11015625 5
stats: {recvpackets,"tsung_controller@ip-172-31-6-21"} 1 4345.0 0.0 4345 1341 2433.0 4
stats: {sentpackets,"tsung_controller@ip-172-31-6-21"} 1 2031.0 0.0 2031 695 1225.5 4
stats: {cpu,"tsung_controller@ip-172-31-6-21"} 1 37.09536307961505 0.0 47.242798353909464 1.1904761904761905 11.972478868472177 5
stats: session 4 22390.025451660156 12396.447060642176 41594.948974609375 6799.921142578125 16834.245778729837 31
stats: users_count 22 90
stats: finish_users_count 4 35
stats: request 31 6694.43746062248 3163.4927871372815 10620.89892578125 0.52001953125 577.3505473889803 266
stats: connect 26 0.7635498046875 0.05832568741214426 109.97802734375 0.60302734375 2.396949945494186 86
stats: page 29 7156.138629781789 2719.3285495405025 10620.89892578125 1.239990234375 604.6392418568529 254
stats: 200 24 247
stats: size_rcv 1024053 20212498
stats: newphase 0 1
stats: size_sent 20816 141375
stats: connected 19 52
stats: 400 7 50
# stats: dump at 1480576059
stats: users 90 90
stats: {freemem,"tsung_controller@ip-172-31-6-21"} 1 3159.0625 0.0 3164.515625 3157.30078125 3161.29296875 6
stats: {load,"tsung_controller@ip-172-31-6-21"} 1 0.26171875 0.0 0.30859375 0.05078125 0.14322916666666666 6
stats: {recvpackets,"tsung_controller@ip-172-31-6-21"} 1 1473.0 0.0 4345 1341 2815.4 5
stats: {sentpackets,"tsung_controller@ip-172-31-6-21"} 1 865.0 0.0 2031 695 1386.6 5
stats: {cpu,"tsung_controller@ip-172-31-6-21"} 1 1.7769002961500493 0.0 47.242798353909464 1.1904761904761905 16.15962623699599 6
stats: session 13 27602.914269080527 8452.750550412055 50702.927978515625 6799.921142578125 17469.19202706473 35
stats: users_count 48 138
stats: finish_users_count 13 48
stats: request 78 6338.262463691907 3801.9798260097264 18599.52392578125 0.52001953125 1215.8343666153726 297
stats: connect 56 0.8512834821428571 0.41041565672534386 109.97802734375 0.60302734375 2.0177677699497765 112
stats: page 75 6591.802721354166 3655.4609064840874 18599.52392578125 1.239990234375 1275.9943028102916 283
stats: 200 64 311
stats: size_rcv 3438660 23651158
stats: newphase 1 2
stats: size_sent 37255 178630
stats: connected 36 88
stats: 400 14 64
# stats: dump at 1480576069
stats: users 126 126
stats: {freemem,"tsung_controller@ip-172-31-6-21"} 1 3156.77734375 0.0 3164.515625 3156.77734375 3160.9743303571427 7
stats: {load,"tsung_controller@ip-172-31-6-21"} 1 0.21875 0.0 0.30859375 0.05078125 0.16015625 7
stats: {recvpackets,"tsung_controller@ip-172-31-6-21"} 1 3063.0 0.0 4345 1341 2591.6666666666665 6
stats: {sentpackets,"tsung_controller@ip-172-31-6-21"} 1 1697.0 0.0 2031 695 1299.6666666666667 6
stats: {cpu,"tsung_controller@ip-172-31-6-21"} 1 3.045186640471513 0.0 47.242798353909464 1.1904761904761905 14.104951102589427 7
stats: session 4 41244.00378417969 8685.493491342546 54295.68115234375 6799.921142578125 20213.74180094401 48
stats: users_count 40 178
stats: finish_users_count 4 52
stats: request 72 5672.434377034505 3891.2942211529594 18599.52392578125 0.52001953125 2281.2994108072917 375
stats: connect 46 0.7646112856657605 0.14938743609796606 109.97802734375 0.60302734375 1.6289396740141369 168
stats: page 70 5834.510299246652 3824.8298607558313 18599.52392578125 1.008056640625 2389.641317868366 358
stats: 200 60 371
stats: size_rcv 4216001 27867159
stats: newphase 0 2
stats: size_sent 43476 222106
stats: connected 36 124
stats: 400 10 74
stats: 503 2 2
# stats: dump at 1480576079
stats: users 144 151
stats: {freemem,"tsung_controller@ip-172-31-6-21"} 1 3155.68359375 0.0 3164.515625 3155.68359375 3160.44970703125 8
stats: {load,"tsung_controller@ip-172-31-6-21"} 1 0.19140625 0.0 0.30859375 0.05078125 0.16748046875 8
stats: {recvpackets,"tsung_controller@ip-172-31-6-21"} 1 2762.0 0.0 4345 1341 2659.0 7
stats: {sentpackets,"tsung_controller@ip-172-31-6-21"} 1 1468.0 0.0 2031 695 1356.4285714285713 7
stats: {cpu,"tsung_controller@ip-172-31-6-21"} 1 2.561576354679803 0.0 47.242798353909464 1.1904761904761905 12.722480544824688 8
stats: session 14 35415.79408482143 8726.043614605916 54295.68115234375 6799.921142578125 21831.45426119291 52
stats: users_count 32 210
stats: finish_users_count 14 66
stats: request 120 5478.710644531248 6533.010390732882 19161.050048828125 0.52001953125 2827.522492615702 447
stats: connect 35 0.7273646763392857 0.05854872861795607 109.97802734375 0.60302734375 1.4431494596962617 214
stats: page 118 5571.574359441208 6548.773518782128 19161.050048828125 0.719970703125 2953.054469028366 428
stats: 200 50 421
stats: size_rcv 5080076 32947235
stats: newphase 0 2
stats: size_sent 40539 262645
stats: connected 18 142
stats: 400 6 80
stats: 503 64 66
# stats: dump at 1480576089
stats: users 213 216
stats: {freemem,"tsung_controller@ip-172-31-6-21"} 1 3154.0234375 0.0 3164.515625 3154.0234375 3159.9201388888887 9
stats: {load,"tsung_controller@ip-172-31-6-21"} 1 0.16015625 0.0 0.30859375 0.05078125 0.1701388888888889 9
stats: {recvpackets,"tsung_controller@ip-172-31-6-21"} 1 4286.0 0.0 4345 1341 2671.875 8
stats: {sentpackets,"tsung_controller@ip-172-31-6-21"} 1 2148.0 0.0 2148 695 1370.375 8
stats: {cpu,"tsung_controller@ip-172-31-6-21"} 1 3.152709359605911 0.0 47.242798353909464 1.1904761904761905 11.593491190364144 9
stats: session 26 29811.469895582934 13652.995170793589 57734.73486328125 3353.9580078125 24712.980890447445 66
stats: users_count 95 305
stats: finish_users_count 26 92
stats: request 334 3645.264121415376 6760.227444729474 23788.626953125 0.52001953125 3388.6205141851297 567
stats: connect 107 0.7766729337032711 0.26054989097878267 109.97802734375 0.575927734375 1.342537140750502 249
stats: page 322 3781.1210694875776 6847.651031261118 23788.626953125 0.697021484375 3518.9616980919473 546
stats: 200 73 494
stats: size_rcv 6388748 39335983
stats: newphase 1 3
stats: size_sent 98884 361529
stats: connected 63 205
stats: 400 29 109
stats: 503 232 298
# stats: dump at 1480576099
stats: users 229 229
stats: {freemem,"tsung_controller@ip-172-31-6-21"} 1 3152.05078125 0.0 3164.515625 3152.05078125 3159.33046875 10
stats: {load,"tsung_controller@ip-172-31-6-21"} 1 0.12890625 0.0 0.30859375 0.05078125 0.169140625 10
stats: {recvpackets,"tsung_controller@ip-172-31-6-21"} 1 5078.0 0.0 5078 1341 2851.222222222222 9
stats: {sentpackets,"tsung_controller@ip-172-31-6-21"} 1 2990.0 0.0 2990 695 1456.7777777777778 9
stats: {cpu,"tsung_controller@ip-172-31-6-21"} 1 4.270109235352533 0.0 47.242798353909464 1.1904761904761905 10.749413007288322 10
stats: session 55 22988.970374644887 17510.276785337923 64854.02001953125 1080.0849609375 26153.858217985733 92
stats: users_count 71 376
stats: finish_users_count 55 147
stats: request 373 2145.2516042591737 5840.682376522577 26831.198974609375 0.511962890625 3483.758099995232 901
stats: connect 96 0.7108230590820309 0.05478873366560192 109.97802734375 0.575927734375 1.1724599773964186 356
stats: page 356 2247.704352561007 5959.230169367997 26831.198974609375 0.669189453125 3616.21436812581 868
stats: 200 44 538
stats: size_rcv 4444527 43780510
stats: newphase 0 3
stats: size_sent 110824 472353
stats: connected 11 216
stats: 400 45 154
stats: 503 284 582
# stats: dump at 1480576109
stats: users 231 250
stats: {freemem,"tsung_controller@ip-172-31-6-21"} 1 3151.640625 0.0 3164.515625 3151.640625 3158.6686789772725 11
stats: {load,"tsung_controller@ip-172-31-6-21"} 1 0.109375 0.0 0.30859375 0.05078125 0.16548295454545456 11
stats: {recvpackets,"tsung_controller@ip-172-31-6-21"} 1 2903.0 0.0 5078 1341 3073.9 10
stats: {sentpackets,"tsung_controller@ip-172-31-6-21"} 1 2024.0 0.0 2990 695 1610.1 10
stats: {cpu,"tsung_controller@ip-172-31-6-21"} 1 3.9603960396039604 0.0 47.242798353909464 1.1904761904761905 10.160385391657796 11
stats: session 72 30860.26488579644 18242.86002138724 67216.9599609375 1080.0849609375 24969.71650789222 147
stats: users_count 74 450
stats: finish_users_count 72 219
stats: request 445 2001.1682298981748 6310.576725279008 28014.093017578125 0.511962890625 3091.8719752624615 1274
stats: connect 117 0.7033879206730769 0.05298635837191085 109.97802734375 0.575927734375 1.0744131982853982 452
stats: page 427 2085.5356662580502 6428.547846412129 28014.093017578125 0.659912109375 3218.1836773242826 1224
stats: 200 40 578
stats: size_rcv 4347651 48128161
stats: newphase 0 3
stats: size_sent 126991 599344
stats: connected 7 223
stats: 400 59 213
stats: 503 346 928
# stats: dump at 1480576119
stats: users 309 310
stats: {freemem,"tsung_controller@ip-172-31-6-21"} 1 3150.625 0.0 3164.515625 3150.625 3158.0830078125 12
stats: {load,"tsung_controller@ip-172-31-6-21"} 1 0.1015625 0.0 0.30859375 0.05078125 0.16080729166666669 12
stats: {recvpackets,"tsung_controller@ip-172-31-6-21"} 1 4557.0 0.0 5078 1341 3058.3636363636365 11
stats: {sentpackets,"tsung_controller@ip-172-31-6-21"} 1 3036.0 0.0 3036 695 1647.7272727272727 11
stats: {cpu,"tsung_controller@ip-172-31-6-21"} 1 4.282868525896414 0.0 47.242798353909464 1.1904761904761905 9.643719612319977 12
stats: session 81 25941.349624445415 17432.364991611554 67454.93310546875 1080.0849609375 26906.33515268265 219
stats: users_count 159 609
stats: finish_users_count 81 300
stats: request 663 1827.3289008737488 6260.927194608386 32566.06103515625 0.505859375 2809.5199294875297 1719
stats: connect 200 0.7429577636718748 0.6067940169110305 109.97802734375 0.575927734375 0.9981215331173111 569
stats: page 632 1916.9708313760864 6399.226177407212 32566.06103515625 0.599853515625 2925.2456393319862 1651
stats: 200 53 631
stats: size_rcv 3940057 52068218
stats: newphase 1 4
stats: size_sent 172194 771538
stats: connected 65 288
stats: 400 72 285
stats: 503 538 1466
# stats: dump at 1480576129
stats: users 386 392
stats: {freemem,"tsung_controller@ip-172-31-6-21"} 1 3148.53125 0.0 3164.515625 3148.53125 3157.509314903846 13
stats: {load,"tsung_controller@ip-172-31-6-21"} 1 0.078125 0.0 0.30859375 0.05078125 0.15625 13
stats: {recvpackets,"tsung_controller@ip-172-31-6-21"} 1 3334.0 0.0 5078 1341 3183.25 12
stats: {sentpackets,"tsung_controller@ip-172-31-6-21"} 1 3029.0 0.0 3036 695 1763.4166666666667 12
stats: {cpu,"tsung_controller@ip-172-31-6-21"} 1 5.511022044088176 0.0 47.242798353909464 1.1904761904761905 9.231346451825857 13
stats: session 115 23329.154360563858 18827.16770805942 78500.00317382813 1080.0849609375 26645.789060058592 300
stats: users_count 192 801
stats: finish_users_count 115 415
stats: request 867 505.8949378694492 3700.3644395936385 32566.06103515625 0.493896484375 2536.1393031353314 2382
stats: connect 261 0.6953143708093869 0.069609917675441 109.97802734375 0.575927734375 0.931759044314857 769
stats: page 824 532.306022273684 3793.8342994411205 32566.06103515625 0.599853515625 2646.126200598684 2283
stats: 200 16 647
stats: size_rcv 1747360 53815578
stats: newphase 0 4
stats: size_sent 198024 969562
stats: connected 66 354
stats: 400 112 397
stats: 503 739 2205
# stats: dump at 1480576139
stats: users 349 395
stats: {freemem,"tsung_controller@ip-172-31-6-21"} 1 3146.421875 0.0 3164.515625 3146.421875 3156.8680245535716 14
stats: {load,"tsung_controller@ip-172-31-6-21"} 1 0.0703125 0.0 0.30859375 0.05078125 0.15066964285714285 14
stats: {recvpackets,"tsung_controller@ip-172-31-6-21"} 1 3025.0 0.0 5078 1341 3194.846153846154 13
stats: {sentpackets,"tsung_controller@ip-172-31-6-21"} 1 3232.0 0.0 3232 695 1860.7692307692307 13
stats: {cpu,"tsung_controller@ip-172-31-6-21"} 1 6.539235412474849 0.0 47.242798353909464 1.1904761904761905 8.965608994130308 14
stats: session 166 18302.357173322194 16127.054479811417 85239.88696289063 806.968017578125 25726.721613210655 415
stats: users_count 129 930
stats: finish_users_count 166 581
stats: request 851 1340.4324447685638 6136.8165434615785 37487.139892578125 0.493896484375 1994.3658760237524 3249
stats: connect 223 0.7354533789938343 0.2537808465338009 109.97802734375 0.572021484375 0.8718444231644418 1030
stats: page 805 1417.040220727387 6301.113490807574 37487.139892578125 0.599853515625 2085.525033254043 3107
stats: 200 38 685
stats: size_rcv 3032218 56847796
stats: newphase 0 4
stats: size_sent 195393 1164955
stats: connected -34 320
stats: 400 141 538
stats: 503 672 2877
# stats: dump at 1480576149
stats: users 501 504
stats: {freemem,"tsung_controller@ip-172-31-6-21"} 1 3145.625 0.0 3164.515625 3145.625 3156.1716145833334 15
stats: {load,"tsung_controller@ip-172-31-6-21"} 1 0.05859375 0.0 0.30859375 0.05078125 0.1453125 15
stats: {recvpackets,"tsung_controller@ip-172-31-6-21"} 1 4552.0 0.0 5078 1341 3182.714285714286 14
stats: {sentpackets,"tsung_controller@ip-172-31-6-21"} 1 3859.0 0.0 3859 695 1958.7142857142858 14
stats: {cpu,"tsung_controller@ip-172-31-6-21"} 1 6.613226452905812 0.0 47.242798353909464 1.1904761904761905 8.803850755353277 15
stats: session 158 23926.705058037485 18854.55021079593 85239.88696289063 806.968017578125 23605.474630385383 581
stats: users_count 310 1240
stats: finish_users_count 158 739
stats: request 1201 967.9846797183985 5304.190910982162 38647.441162109375 0.493896484375 1858.63481504859 4100
stats: connect 408 0.8137691722196688 0.44870865633274076 109.97802734375 0.565185546875 0.8475705182561851 1253
stats: page 1148 1012.6835512167914 5421.107306785136 38647.441162109375 0.599853515625 1947.9661697356487 3912
stats: 200 34 719
stats: size_rcv 3109670 59957466
stats: newphase 1 5
stats: size_sent 264777 1429732
stats: connected 145 465
stats: 400 156 694
stats: 503 1011 3888
# stats: dump at 1480576159
stats: users 571 572
stats: {freemem,"tsung_controller@ip-172-31-6-21"} 1 3142.59375 0.0 3164.515625 3142.59375 3155.512451171875 16
stats: {load,"tsung_controller@ip-172-31-6-21"} 1 0.12890625 0.0 0.30859375 0.05078125 0.139892578125 16
stats: {recvpackets,"tsung_controller@ip-172-31-6-21"} 1 3467.0 0.0 5078 1341 3274.0 15
stats: {sentpackets,"tsung_controller@ip-172-31-6-21"} 1 4258.0 0.0 4258 695 2085.4 15
stats: {cpu,"tsung_controller@ip-172-31-6-21"} 1 8.678102926337033 0.0 47.242798353909464 1.1904761904761905 8.666936736450312 16
stats: session 218 20051.181538713074 17248.576099157257 97186.94189453125 719.968994140625 23674.15447824605 739
stats: users_count 288 1528
stats: finish_users_count 218 957
stats: request 1346 484.31335576186405 3971.69278739372 41309.139892578125 0.493896484375 1656.8482063838928 5301
stats: connect 402 0.7001084664567786 0.40782482241305384 109.97802734375 0.554931640625 0.8392677192297562 1661
stats: page 1269 513.7126457148216 4088.588321170742 41309.139892578125 0.599853515625 1735.771615178406 5060
stats: 200 16 735
stats: size_rcv 1482703 61440169
stats: newphase 0 5
stats: size_sent 297642 1727374
stats: connected 52 517
stats: 400 210 904
stats: 503 1120 5008
# stats: dump at 1480576169
stats: users 593 622
stats: {freemem,"tsung_controller@ip-172-31-6-21"} 1 3139.9140625 0.0 3164.515625 3139.9140625 3154.7525275735293 17
stats: {load,"tsung_controller@ip-172-31-6-21"} 1 0.109375 0.0 0.30859375 0.05078125 0.13924632352941177 17
stats: {recvpackets,"tsung_controller@ip-172-31-6-21"} 1 4831.0 0.0 5078 1341 3286.0625 16
stats: {sentpackets,"tsung_controller@ip-172-31-6-21"} 1 5076.0 0.0 5076 695 2221.1875 16
stats: {cpu,"tsung_controller@ip-172-31-6-21"} 1 9.75609756097561 0.0 47.242798353909464 1.1904761904761905 8.667593571149531 17
stats: session 265 17997.74428803065 15486.680926829451 97186.94189453125 690.968017578125 22848.858657119417 957
stats: users_count 287 1815
stats: finish_users_count 265 1222
stats: request 1541 1143.1787085610497 5763.678790968989 41508.30908203125 0.487060546875 1419.4129861435963 6647
stats: connect 436 0.777580611202695 1.1028019876091932 109.97802734375 0.554931640625 0.812150889557077 2063
stats: page 1460 1206.6207792099194 5914.949366957551 41508.30908203125 0.599853515625 1490.741937148814 6329
stats: 200 53 788
stats: size_rcv 6855499 68295668
stats: newphase 0 5
stats: size_sent 339004 2066378
stats: connected 13 530
stats: 400 232 1136
stats: 503 1256 6264
# stats: dump at 1480576179
stats: users 365 622
stats: {freemem,"tsung_controller@ip-172-31-6-21"} 1 3137.91796875 0.0 3164.515625 3137.91796875 3153.928168402778 18
stats: {load,"tsung_controller@ip-172-31-6-21"} 1 0.08984375 0.0 0.30859375 0.05078125 0.13758680555555555 18
stats: {recvpackets,"tsung_controller@ip-172-31-6-21"} 1 6591.0 0.0 6591 1341 3376.9411764705883 17
stats: {sentpackets,"tsung_controller@ip-172-31-6-21"} 1 5981.0 0.0 5981 695 2389.1176470588234 17
stats: {cpu,"tsung_controller@ip-172-31-6-21"} 1 10.141987829614605 0.0 47.242798353909464 1.1904761904761905 8.728066015028757 18
stats: session 250 22059.272424804687 15084.683527242942 97186.94189453125 690.968017578125 21796.857586899678 1222
stats: users_count 22 1837
stats: finish_users_count 250 1472
stats: request 879 1202.6092302932143 5793.617663518211 41508.30908203125 0.487060546875 1367.4250743513755 8188
stats: connect 197 0.6739842758565991 0.10090471474107811 109.97802734375 0.553955078125 0.8061194204244198 2499
stats: page 797 1326.3596335378788 6070.865476187725 41508.30908203125 0.599853515625 1437.4851788241529 7789
stats: 200 35 823
stats: size_rcv 3389454 71685122
stats: newphase 0 5
stats: size_sent 254307 2320685
stats: connected -214 316
stats: 400 248 1384
stats: 503 596 6860
# stats: dump at 1480576189
stats: users 210 622
stats: {freemem,"tsung_controller@ip-172-31-6-21"} 1 3137.76171875 0.0 3164.515625 3137.76171875 3153.0855263157896 19
stats: {load,"tsung_controller@ip-172-31-6-21"} 1 0.078125 0.0 0.30859375 0.05078125 0.13507401315789475 19
stats: {recvpackets,"tsung_controller@ip-172-31-6-21"} 1 4149.0 0.0 6591 1341 3555.5 18
stats: {sentpackets,"tsung_controller@ip-172-31-6-21"} 1 3297.0 0.0 5981 695 2588.6666666666665 18
stats: {cpu,"tsung_controller@ip-172-31-6-21"} 1 5.179282868525896 0.0 47.242798353909464 1.1904761904761905 8.802482952638538 19
stats: session 155 32109.18771421371 14972.52701577664 97186.94189453125 690.968017578125 21841.42532431561 1472
stats: users_count 0 1837
stats: finish_users_count 155 1627
stats: request 316 2907.720448940616 7801.628530265925 41508.30908203125 0.487060546875 1351.447008075085 9067
stats: connect 115 0.678120754076087 0.056536504003520005 109.97802734375 0.553955078125 0.7964641446529581 2696
stats: page 293 3135.987071379053 8057.769283730765 41508.30908203125 0.599853515625 1427.1698911939222 8586
stats: 200 38 861
stats: size_rcv 3281383 74966505
stats: newphase 0 5
stats: size_sent 123741 2444426
stats: connected -123 193
stats: 400 141 1525
stats: 503 137 6997
# stats: dump at 1480576199
stats: users 153 622
stats: {freemem,"tsung_controller@ip-172-31-6-21"} 1 3137.64453125 0.0 3164.515625 3137.64453125 3152.3193359375 20
stats: {load,"tsung_controller@ip-172-31-6-21"} 1 0.0703125 0.0 0.30859375 0.05078125 0.1322265625 20
stats: {recvpackets,"tsung_controller@ip-172-31-6-21"} 1 3573.0 0.0 6591 1341 3586.7368421052633 19
stats: {sentpackets,"tsung_controller@ip-172-31-6-21"} 1 2089.0 0.0 5981 695 2625.9473684210525 19
stats: {cpu,"tsung_controller@ip-172-31-6-21"} 1 3.3663366336633667 0.0 47.242798353909464 1.1904761904761905 8.621322948432907 20
stats: session 57 36866.50225294685 11028.245955749071 97186.94189453125 690.968017578125 22819.607973629812 1627
stats: users_count 0 1837
stats: finish_users_count 57 1684
stats: request 141 7566.45365137411 11314.872147413236 41508.30908203125 0.487060546875 1403.8590732262635 9383
stats: connect 37 0.7244312183277027 0.08148398954669264 109.97802734375 0.553955078125 0.7916226327652526 2811
stats: page 130 8206.7101168119 11558.789840564581 41508.30908203125 0.599853515625 1483.5595109477506 8879
stats: 200 41 902
stats: size_rcv 4484837 79451342
stats: newphase 0 5
stats: size_sent 59308 2503734
stats: connected -50 143
stats: 400 51 1576
stats: 503 49 7046
# stats: dump at 1480576209
stats: users 116 622
stats: {freemem,"tsung_controller@ip-172-31-6-21"} 1 3137.6875 0.0 3164.515625 3137.64453125 3151.620535714286 21
stats: {load,"tsung_controller@ip-172-31-6-21"} 1 0.05859375 0.0 0.30859375 0.05078125 0.1292782738095238 21
stats: {recvpackets,"tsung_controller@ip-172-31-6-21"} 1 2043.0 0.0 6591 1341 3586.05 20
stats: {sentpackets,"tsung_controller@ip-172-31-6-21"} 1 1164.0 0.0 5981 695 2599.1 20
stats: {cpu,"tsung_controller@ip-172-31-6-21"} 1 2.073050345508391 0.0 47.242798353909464 1.1904761904761905 8.371085504872452 21
stats: session 37 48327.89455104519 14144.12159529304 97186.94189453125 690.968017578125 23295.066984271776 1684
stats: users_count 0 1837
stats: finish_users_count 37 1721
stats: request 60 8580.988476562501 13194.450686880371 41508.30908203125 0.487060546875 1495.094461247982 9524
stats: connect 24 0.9489644368489584 0.7285957820016696 109.97802734375 0.553955078125 0.790749710597349 2848
stats: page 53 9714.362442880305 13641.251462359009 41508.30908203125 0.599853515625 1580.5746712055306 9009
stats: 200 15 917
stats: size_rcv 772010 80223352
stats: newphase 0 5
stats: size_sent 29500 2533234
stats: connected -33 110
stats: 400 33 1609
stats: 503 12 7058
# stats: dump at 1480576219
stats: users 105 622
stats: {freemem,"tsung_controller@ip-172-31-6-21"} 1 3137.73046875 0.0 3164.515625 3137.64453125 3150.987215909091 22
stats: {load,"tsung_controller@ip-172-31-6-21"} 1 0.05078125 0.0 0.30859375 0.05078125 0.1260653409090909 22
stats: {recvpackets,"tsung_controller@ip-172-31-6-21"} 1 994.0 0.0 6591 994 3512.5714285714284 21
stats: {sentpackets,"tsung_controller@ip-172-31-6-21"} 1 507.0 0.0 5981 507 2530.7619047619046 21
stats: {cpu,"tsung_controller@ip-172-31-6-21"} 1 1.0880316518298714 0.0 47.242798353909464 1.0880316518298714 8.084811179446813 22
stats: session 11 72263.70783025568 24457.60329512667 130848.98608398438 690.968017578125 23833.25095868817 1721
stats: users_count 0 1837
stats: finish_users_count 11 1732
stats: request 35 16231.996609933036 16830.89467797203 41508.30908203125 0.487060546875 1539.455233464058 9584
stats: connect 15 1.03740234375 0.38321616966865574 109.97802734375 0.553955078125 0.7920718392289781 2872
stats: page 31 18326.47694839969 16776.618668831976 41508.30908203125 0.599853515625 1628.1459305190115 9062
stats: 200 13 930
stats: size_rcv 986171 81209523
stats: newphase 0 5
stats: size_sent 16788 2550022
stats: connected -7 103
stats: 400 22 1631
stats: 503 0 7058
# stats: dump at 1480576229
stats: users 96 622
stats: {freemem,"tsung_controller@ip-172-31-6-21"} 1 3137.859375 0.0 3164.515625 3137.64453125 3150.410835597826 23
stats: {load,"tsung_controller@ip-172-31-6-21"} 1 0.0390625 0.0 0.30859375 0.0390625 0.12279211956521739 23
stats: {recvpackets,"tsung_controller@ip-172-31-6-21"} 1 590.0 0.0 6591 590 3398.090909090909 22
stats: {sentpackets,"tsung_controller@ip-172-31-6-21"} 1 346.0 0.0 5981 346 2438.7727272727275 22
stats: {cpu,"tsung_controller@ip-172-31-6-21"} 1 1.089108910891089 0.0 47.242798353909464 1.0880316518298714 7.78060337389825 23
stats: session 9 70633.90359157986 11182.237765057807 130848.98608398438 690.968017578125 24140.83469170621 1732
stats: users_count 0 1837
stats: finish_users_count 9 1741
stats: request 24 23570.96808878581 20037.031818316704 44407.29296875 0.487060546875 1592.9159828326424 9619
stats: connect 6 0.9446614583333334 0.16971002968161136 109.97802734375 0.553955078125 0.7933465041295029 2887
stats: page 20 28285.21729736328 18666.796121213214 44407.29296875 0.599853515625 1685.0741458004698 9093
stats: 200 10 940
stats: size_rcv 725471 81934994
stats: newphase 0 5
stats: size_sent 5523 2555545
stats: connected -10 93
stats: 400 14 1645
stats: 503 0 7058
# stats: dump at 1480576239
stats: users 86 622
stats: {freemem,"tsung_controller@ip-172-31-6-21"} 1 3137.890625 0.0 3164.515625 3137.64453125 3149.8878580729165 24
stats: {load,"tsung_controller@ip-172-31-6-21"} 1 0.03125 0.0 0.30859375 0.03125 0.11930338541666667 24
stats: {recvpackets,"tsung_controller@ip-172-31-6-21"} 1 471.0 0.0 6591 471 3276.0 23
stats: {sentpackets,"tsung_controller@ip-172-31-6-21"} 1 195.0 0.0 5981 195 2347.7826086956525 23
stats: {cpu,"tsung_controller@ip-172-31-6-21"} 1 0.9891196834817012 0.0 47.242798353909464 0.9891196834817012 7.501791104606286 24
stats: session 10 84603.00847167968 14249.470774339306 130848.98608398438 690.968017578125 24381.177954255814 1741
stats: users_count 0 1837
stats: finish_users_count 10 1751
stats: request 25 34494.991494140624 21542.64181600522 51160.307861328125 0.487060546875 1647.6161021464322 9643
stats: connect 6 0.84130859375 0.08577585913297281 109.97802734375 0.553955078125 0.7936603270556084 2893
stats: page 24 35932.29359944662 20779.307959000384 51160.307861328125 0.599853515625 1743.4526010875604 9113
stats: 200 17 957
stats: size_rcv 1399069 83334063
stats: newphase 0 5
stats: size_sent 6036 2561581
stats: connected -8 85
stats: 400 8 1653
stats: 503 0 7058
# stats: dump at 1480576249
stats: users 80 622
stats: {freemem,"tsung_controller@ip-172-31-6-21"} 1 3138.0 0.0 3164.515625 3137.64453125 3149.40796875 25
stats: {load,"tsung_controller@ip-172-31-6-21"} 1 0.03125 0.0 0.30859375 0.03125 0.11578125 25
stats: {recvpackets,"tsung_controller@ip-172-31-6-21"} 1 1023.0 0.0 6591 471 3159.125 24
stats: {sentpackets,"tsung_controller@ip-172-31-6-21"} 1 508.0 0.0 5981 195 2258.0833333333335 24
stats: {cpu,"tsung_controller@ip-172-31-6-21"} 1 1.0869565217391304 0.0 47.242798353909464 0.9891196834817012 7.241284247761302 25
stats: session 6 85369.76407877605 5250.010370748116 130848.98608398438 690.968017578125 24725.106169660863 1751
stats: users_count 0 1837
stats: finish_users_count 6 1757
stats: request 16 41078.8532409668 23797.78168554697 57876.443115234375 0.487060546875 1732.5544952783991 9668
stats: connect 2 0.848876953125 0.0380859375 109.97802734375 0.553955078125 0.7937589436820887 2899
stats: page 14 46947.2967703683 19280.63814265512 57876.443115234375 0.599853515625 1833.2558389074813 9137
stats: 200 10 967
stats: size_rcv 955742 84289805
stats: newphase 0 5
stats: size_sent 4925 2566506
stats: connected -7 78
stats: 400 6 1659
stats: 503 0 7058
# stats: dump at 1480576259
stats: users 72 622
stats: {freemem,"tsung_controller@ip-172-31-6-21"} 1 3138.0546875 0.0 3164.515625 3137.64453125 3148.969200721154 26
stats: {load,"tsung_controller@ip-172-31-6-21"} 1 0.01953125 0.0 0.30859375 0.01953125 0.11253004807692307 26
stats: {recvpackets,"tsung_controller@ip-172-31-6-21"} 1 933.0 0.0 6591 471 3073.68 25
stats: {sentpackets,"tsung_controller@ip-172-31-6-21"} 1 454.0 0.0 5981 195 2188.08 25
stats: {cpu,"tsung_controller@ip-172-31-6-21"} 1 0.7936507936507936 0.0 47.242798353909464 0.7936507936507936 7.0045793352219885 26
stats: session 8 93434.50604248047 5823.7106093862785 130848.98608398438 690.968017578125 24932.202326436443 1757
stats: users_count 0 1837
stats: finish_users_count 8 1765
stats: request 43 43174.446254996365 25461.041951567215 64556.4560546875 0.487060546875 1797.562836865658 9684
stats: connect 7 0.8965890066964286 0.21081942759189 109.97802734375 0.553955078125 0.7937969429991814 2901
stats: page 39 47602.62002954727 22449.27097482328 64556.4560546875 0.599853515625 1902.2752436764083 9151
stats: 200 28 995
stats: size_rcv 1684051 85973856
stats: newphase 0 5
stats: size_sent 14967 2581473
stats: connected -9 69
stats: 400 15 1674
stats: 503 0 7058
# stats: dump at 1480576269
stats: users 60 622
stats: {freemem,"tsung_controller@ip-172-31-6-21"} 1 3137.9453125 0.0 3164.515625 3137.64453125 3148.564959490741 27
stats: {load,"tsung_controller@ip-172-31-6-21"} 1 0.01953125 0.0 0.30859375 0.01953125 0.10908564814814815 27
stats: {recvpackets,"tsung_controller@ip-172-31-6-21"} 1 1072.0 0.0 6591 471 2991.346153846154 26
stats: {sentpackets,"tsung_controller@ip-172-31-6-21"} 1 536.0 0.0 5981 195 2121.3846153846152 26
stats: {cpu,"tsung_controller@ip-172-31-6-21"} 1 0.992063492063492 0.0 47.242798353909464 0.7936507936507936 6.774544944793425 27
stats: session 12 109827.83695475261 17520.206886252203 149925.57690429688 690.968017578125 25242.694354611147 1765
stats: users_count 0 1837
stats: finish_users_count 12 1777
stats: request 31 29720.694422568045 29135.835965434944 67626.13720703125 0.487060546875 1980.4769919987534 9727
stats: connect 9 0.9718967013888888 0.29273139537957243 109.97802734375 0.553955078125 0.7940443791910248 2908
stats: page 25 36853.72036132812 28102.897874139344 67626.13720703125 0.599853515625 2096.2157710593206 9190
stats: 200 10 1005
stats: size_rcv 724398 86698254
stats: newphase 0 5
stats: size_sent 10112 2591585
stats: connected -13 56
stats: 400 21 1695
stats: 503 0 7058
# stats: dump at 1480576279
stats: users 52 622
stats: {freemem,"tsung_controller@ip-172-31-6-21"} 1 3138.0234375 0.0 3164.515625 3137.64453125 3148.1856863839284 28
stats: {load,"tsung_controller@ip-172-31-6-21"} 1 0.01953125 0.0 0.30859375 0.01953125 0.10588727678571429 28
stats: {recvpackets,"tsung_controller@ip-172-31-6-21"} 1 840.0 0.0 6591 471 2920.259259259259 27
stats: {sentpackets,"tsung_controller@ip-172-31-6-21"} 1 352.0 0.0 5981 195 2062.6666666666665 27
stats: {cpu,"tsung_controller@ip-172-31-6-21"} 1 1.0880316518298714 0.0 47.242798353909464 0.7936507936507936 6.56802775005307 28
stats: session 8 118668.66525268555 12008.25092741006 149925.57690429688 690.968017578125 25813.893966992517 1777
stats: users_count 0 1837
stats: finish_users_count 8 1785
stats: request 36 29587.139607747395 22240.649484946083 67626.13720703125 0.487060546875 2068.6043480499575 9758
stats: connect 8 0.887908935546875 0.042898890753251435 109.97802734375 0.553955078125 0.7945931179293795 2917
stats: page 33 32276.903298117897 21279.1880433454 67626.13720703125 0.599853515625 2190.5117683199524 9215
stats: 200 22 1027
stats: size_rcv 1740951 88439205
stats: newphase 0 5
stats: size_sent 12483 2604068
stats: connected -7 49
stats: 400 14 1709
stats: 503 0 7058
# stats: dump at 1480576289
stats: users 42 622
stats: {freemem,"tsung_controller@ip-172-31-6-21"} 1 3138.16015625 0.0 3164.515625 3137.64453125 3147.8352640086205 29
stats: {load,"tsung_controller@ip-172-31-6-21"} 1 0.01171875 0.0 0.30859375 0.01171875 0.10290948275862069 29
stats: {recvpackets,"tsung_controller@ip-172-31-6-21"} 1 1303.0 0.0 6591 471 2845.964285714286 28
stats: {sentpackets,"tsung_controller@ip-172-31-6-21"} 1 594.0 0.0 5981 195 2001.5714285714282 28
stats: {cpu,"tsung_controller@ip-172-31-6-21"} 1 1.0901883052527255 0.0 47.242798353909464 0.7936507936507936 6.3790623673557185 29
stats: session 10 122793.31728515626 8257.512044525538 149925.57690429688 690.968017578125 26230.0498046875 1785
stats: users_count 0 1837
stats: finish_users_count 10 1795
stats: request 19 26195.718801398027 18676.25900405754 67626.13720703125 0.487060546875 2169.754773754379 9794
stats: connect 4 0.864501953125 0.04601063103770203 109.97802734375 0.553955078125 0.7948483406784188 2925
stats: page 18 27651.050170898438 18109.164719619224 67626.13720703125 0.599853515625 2297.8702156040495 9248
stats: 200 13 1040
stats: size_rcv 646778 89085983
stats: newphase 0 5
stats: size_sent 8904 2612972
stats: connected -9 40
stats: 400 6 1715
stats: 503 0 7058
# stats: dump at 1480576299
stats: users 33 622
stats: {freemem,"tsung_controller@ip-172-31-6-21"} 1 3138.3125 0.0 3164.515625 3137.64453125 3147.512760416667 30
stats: {load,"tsung_controller@ip-172-31-6-21"} 1 0.01171875 0.0 0.30859375 0.01171875 0.09986979166666667 30
stats: {recvpackets,"tsung_controller@ip-172-31-6-21"} 1 266.0 0.0 6591 266 2792.7586206896553 29
stats: {sentpackets,"tsung_controller@ip-172-31-6-21"} 1 163.0 0.0 5981 163 1953.0344827586205 29
stats: {cpu,"tsung_controller@ip-172-31-6-21"} 1 0.9881422924901186 0.0 47.242798353909464 0.7936507936507936 6.202766565285619 30
stats: session 9 132589.35896809897 7749.717593605196 150829.97802734375 690.968017578125 26768.006726584263 1795
stats: users_count 0 1837
stats: finish_users_count 9 1804
stats: request 17 17908.86540670956 17170.56105768989 67626.13720703125 0.487060546875 2216.2740152223532 9813
stats: connect 6 0.8223470052083334 0.04664761529051408 109.97802734375 0.553955078125 0.794943463399411 2929
stats: page 15 20296.74912109375 16902.016564537666 67626.13720703125 0.599853515625 2347.120942907665 9266
stats: 200 7 1047
stats: size_rcv 244588 89330571
stats: newphase 0 5
stats: size_sent 6882 2619854
stats: connected -8 32
stats: 400 10 1725
stats: 503 0 7058
# stats: dump at 1480576309
stats: users 28 622
stats: {freemem,"tsung_controller@ip-172-31-6-21"} 1 3138.4609375 0.0 3164.515625 3137.64453125 3147.2159778225805 31
stats: {load,"tsung_controller@ip-172-31-6-21"} 1 0.01171875 0.0 0.30859375 0.01171875 0.09702620967741936 31
stats: {recvpackets,"tsung_controller@ip-172-31-6-21"} 1 209.0 0.0 6591 209 2708.5333333333333 30
stats: {sentpackets,"tsung_controller@ip-172-31-6-21"} 1 118.0 0.0 5981 118 1893.3666666666663 30
stats: {cpu,"tsung_controller@ip-172-31-6-21"} 1 0.7936507936507936 0.0 47.242798353909464 0.7936507936507936 6.03455287906641 31
stats: session 5 144702.46899414063 11945.947187716287 166064.0009765625 690.968017578125 27295.94030206854 1804
stats: users_count 0 1837
stats: finish_users_count 5 1809
stats: request 12 25524.498881022137 15070.329834566963 67626.13720703125 0.487060546875 2243.4127795819954 9830
stats: connect 2 0.835693359375 0.092529296875 109.97802734375 0.553955078125 0.7949994842685264 2935
stats: page 11 27844.93341619318 13533.41114820546 67626.13720703125 0.599853515625 2376.1312244153464 9281
stats: 200 8 1055
stats: size_rcv 306268 89636839
stats: newphase 0 5
stats: size_sent 2919 2622773
stats: connected -5 27
stats: 400 4 1729
stats: 503 0 7058
# stats: dump at 1480576319
stats: users 20 622
stats: {freemem,"tsung_controller@ip-172-31-6-21"} 1 3138.6875 0.0 3164.515625 3137.64453125 3146.9423828125 32
stats: {load,"tsung_controller@ip-172-31-6-21"} 1 0.01171875 0.0 0.30859375 0.01171875 0.0943603515625 32
stats: {recvpackets,"tsung_controller@ip-172-31-6-21"} 1 439.0 0.0 6591 209 2627.9032258064517 31
stats: {sentpackets,"tsung_controller@ip-172-31-6-21"} 1 230.0 0.0 5981 118 1836.096774193548 31
stats: {cpu,"tsung_controller@ip-172-31-6-21"} 1 0.8902077151335311 0.0 47.242798353909464 0.7936507936507936 5.870774688897171 32
stats: session 8 154574.28924560547 9199.987656547337 170251.9638671875 690.968017578125 27620.447014871388 1809
stats: users_count 0 1837
stats: finish_users_count 8 1817
stats: request 16 25685.107391357422 15155.650290251331 67626.13720703125 0.487060546875 2271.7985785270557 9842
stats: connect 3 0.8162434895833334 0.0030187560206691873 109.97802734375 0.553955078125 0.7950271954534814 2937
stats: page 15 27397.463818359374 14074.640425065005 67626.13720703125 0.599853515625 2406.2815498683767 9292
stats: 200 11 1066
stats: size_rcv 517314 90154153
stats: newphase 0 5
stats: size_sent 5730 2628503
stats: connected -8 19
stats: 400 5 1734
stats: 503 0 7058
# stats: dump at 1480576329
stats: users 13 622
stats: {freemem,"tsung_controller@ip-172-31-6-21"} 1 3138.88671875 0.0 3164.515625 3137.64453125 3146.692234848485 33
stats: {load,"tsung_controller@ip-172-31-6-21"} 1 0.01171875 0.0 0.30859375 0.01171875 0.09185606060606061 33
stats: {recvpackets,"tsung_controller@ip-172-31-6-21"} 1 210.0 0.0 6591 209 2559.5 32
stats: {sentpackets,"tsung_controller@ip-172-31-6-21"} 1 124.0 0.0 5981 118 1785.9062499999998 32
stats: {cpu,"tsung_controller@ip-172-31-6-21"} 1 0.7928642220019821 0.0 47.242798353909464 0.7928642220019821 5.71984841696494 33
stats: session 7 157548.589390346 2668.269921610871 170251.9638671875 690.968017578125 28179.407244836097 1817
stats: users_count 0 1837
stats: finish_users_count 7 1824
stats: request 9 31502.79478624132 13663.995723474442 67626.13720703125 0.487060546875 2309.799485506695 9858
stats: connect 1 0.744873046875 0.0 109.97802734375 0.553955078125 0.7950488447332058 2940
stats: page 9 31502.79478624132 13663.995723474442 67626.13720703125 0.599853515625 2446.559591560368 9307
stats: 200 8 1074
stats: size_rcv 305283 90459436
stats: newphase 0 5
stats: size_sent 1017 2629520
stats: connected -6 13
stats: 400 1 1735
stats: 503 0 7058
# stats: dump at 1480576339
stats: users 8 622
stats: {freemem,"tsung_controller@ip-172-31-6-21"} 1 3139.06640625 0.0 3164.515625 3137.64453125 3146.4626608455883 34
stats: {load,"tsung_controller@ip-172-31-6-21"} 1 0.01171875 0.0 0.30859375 0.01171875 0.08949908088235294 34
stats: {recvpackets,"tsung_controller@ip-172-31-6-21"} 1 281.0 0.0 6591 209 2488.3030303030305 33
stats: {sentpackets,"tsung_controller@ip-172-31-6-21"} 1 139.0 0.0 5981 118 1735.5454545454543 33
stats: {cpu,"tsung_controller@ip-172-31-6-21"} 1 0.8902077151335311 0.0 47.242798353909464 0.7928642220019821 5.5749371171130875 34
stats: session 5 167709.77231445312 3052.183346423881 171058.98291015625 690.968017578125 28675.88985175417 1824
stats: users_count 0 1837
stats: finish_users_count 5 1829
stats: request 8 28064.476684570313 7581.08323351379 67626.13720703125 0.487060546875 2336.4273316308067 9867
stats: connect 0 0 0 109.97802734375 0.553955078125 0.7950317839382863 2941
stats: page 8 28064.476684570313 7581.08323351379 67626.13720703125 0.599853515625 2474.630235264976 9316
stats: 200 8 1082
stats: size_rcv 265154 90724590
stats: newphase 0 5
stats: size_sent 930 2630450
stats: connected -5 8
stats: 400 0 1735
stats: 503 0 7058
# stats: dump at 1480576349
stats: users 2 622
stats: {freemem,"tsung_controller@ip-172-31-6-21"} 1 3144.3984375 0.0 3164.515625 3137.64453125 3146.2513392857145 35
stats: {load,"tsung_controller@ip-172-31-6-21"} 1 0.08984375 0.0 0.30859375 0.01171875 0.08727678571428571 35
stats: {recvpackets,"tsung_controller@ip-172-31-6-21"} 1 172.0 0.0 6591 172 2423.3823529411766 34
stats: {sentpackets,"tsung_controller@ip-172-31-6-21"} 1 98.0 0.0 5981 98 1688.5882352941173 34
stats: {cpu,"tsung_controller@ip-172-31-6-21"} 1 0.8884501480750246 0.0 47.242798353909464 0.7928642220019821 5.4410877056279565 35
stats: session 6 185368.49877929688 9207.462642730472 204406.97900390625 690.968017578125 29055.971542466854 1829
stats: users_count 0 1837
stats: finish_users_count 6 1835
stats: request 3 8992.371907552084 3732.655049543136 67626.13720703125 0.487060546875 2357.2703083217957 9875
stats: connect 0 0 0 109.97802734375 0.553955078125 0.7950317839382863 2941
stats: page 3 8992.371907552084 3732.655049543136 67626.13720703125 0.599853515625 2496.58634547459 9324
stats: 200 3 1085
stats: size_rcv 84506 90809096
stats: newphase 0 5
stats: size_sent 0 2630450
stats: connected -6 2
stats: 400 0 1735
stats: 503 0 7058
# stats: dump at 1480576359
stats: users 0 622
stats: {freemem,"tsung_controller@ip-172-31-6-21"} 1 3144.55078125 0.0 3164.515625 3137.64453125 3146.1998697916665 36
stats: {load,"tsung_controller@ip-172-31-6-21"} 1 0.0703125 0.0 0.30859375 0.01171875 0.08734809027777778 36
stats: {recvpackets,"tsung_controller@ip-172-31-6-21"} 1 3.0 0.0 6591 3 2359.057142857143 35
stats: {sentpackets,"tsung_controller@ip-172-31-6-21"} 1 6.0 0.0 5981 6 1643.1428571428569 35
stats: {cpu,"tsung_controller@ip-172-31-6-21"} 1 0.9871668311944718 0.0 47.242798353909464 0.7928642220019821 5.314625551251487 36
stats: session 2 193268.44555664063 4472.467529296875 204406.97900390625 690.968017578125 29567.07517375894 1835
stats: users_count 0 1837
stats: finish_users_count 2 1837
stats: request 0 0 0 67626.13720703125 0.487060546875 2359.2854232031173 9878
stats: connect 0 0 0 109.97802734375 0.553955078125 0.7950317839382863 2941
stats: page 0 0 0 67626.13720703125 0.599853515625 2498.675694320546 9327
stats: 200 0 1085
stats: size_rcv 0 90809096
stats: newphase 0 5
stats: size_sent 0 2630450
stats: connected -2 0
stats: 400 0 1735
stats: 503 0 7058
# stats: dump at 1480576360
stats: users 0 622
stats: {freemem,"tsung_controller@ip-172-31-6-21"} 0 0 0 3164.515625 3137.64453125 3146.1552998310813 37
stats: {load,"tsung_controller@ip-172-31-6-21"} 0 0 0 0.30859375 0.01171875 0.08688766891891891 37
stats: {recvpackets,"tsung_controller@ip-172-31-6-21"} 0 0 0 6591 3 2293.6111111111113 36
stats: {sentpackets,"tsung_controller@ip-172-31-6-21"} 0 0 0 5981 6 1597.6666666666665 36
stats: {cpu,"tsung_controller@ip-172-31-6-21"} 0 0 0 47.242798353909464 0.7928642220019821 5.1976672074661625 37
stats: session 0 0 0 204406.97900390625 690.968017578125 29745.30203318505 1837
stats: users_count 0 1837
stats: finish_users_count 0 1837
stats: request 0 0 0 67626.13720703125 0.487060546875 2359.2854232031173 9878
stats: connect 0 0 0 109.97802734375 0.553955078125 0.7950317839382863 2941
stats: page 0 0 0 67626.13720703125 0.599853515625 2498.675694320546 9327
stats: 200 0 1085
stats: size_rcv 0 90809096
stats: newphase 0 5
stats: size_sent 0 2630450
stats: connected 0 0
stats: 400 0 1735
stats: 503 0 7058
EndMonitor:{1480,576360,376401}
