# stats: dump at 1480597352
stats: users 5 5
stats: {freemem,"tsung_controller@ip-172-31-13-122"} 1 3161.59375 0 3161.59375 3161.59375 0 0
stats: {load,"tsung_controller@ip-172-31-13-122"} 1 0.03125 0 0.03125 0.03125 0 0
stats: {cpu,"tsung_controller@ip-172-31-13-122"} 1 2.1393966630823784 0 2.1393966630823784 2.1393966630823784 0 0
stats: session 1 1624.736083984375 0 1624.736083984375 1624.736083984375 0 0
stats: users_count 6 6
stats: finish_users_count 1 1
stats: request 10 22.7521240234375 34.00982874602049 122.590087890625 7.43115234375 0 0
stats: connect 5 23.32041015625 45.20381562782353 113.72802734375 0.68603515625 0 0
stats: page 9 25.294813368055557 35.17792395610866 122.590087890625 7.43115234375 0 0
stats: 302 2 2
stats: 200 8 8
stats: size_rcv 248731 248731
stats: size_sent 3415 3415
stats: connected 4 4
# stats: dump at 1480597362
stats: users 10 12
stats: {freemem,"tsung_controller@ip-172-31-13-122"} 1 3160.84765625 0.0 3161.59375 3160.84765625 3161.59375 1
stats: {load,"tsung_controller@ip-172-31-13-122"} 1 0.03125 0.0 0.03125 0.03125 0.03125 1
stats: {recvpackets,"tsung_controller@ip-172-31-13-122"} 1 472 0 472 472 0 0
stats: {sentpackets,"tsung_controller@ip-172-31-13-122"} 1 159 0 159 159 0 0
stats: {cpu,"tsung_controller@ip-172-31-13-122"} 1 2.355250245338567 0.0 2.355250245338567 2.1393966630823784 2.1393966630823784 1
stats: session 7 3944.259591238839 4135.793176607902 12939.119140625 601.137939453125 1624.736083984375 1
stats: users_count 12 18
stats: finish_users_count 7 8
stats: request 35 51.684905133928574 92.74081148979533 478.18115234375 7.43115234375 22.7521240234375 10
stats: connect 12 0.6993001302083334 0.0655626555906538 113.72802734375 0.591796875 23.32041015625 5
stats: page 32 56.54199981689453 95.7377946846932 478.18115234375 7.43115234375 25.294813368055557 9
stats: 302 8 10
stats: 200 27 35
stats: size_rcv 2999954 3248685
stats: size_sent 14966 18381
stats: connected 5 9
# stats: dump at 1480597372
stats: users 18 18
stats: {freemem,"tsung_controller@ip-172-31-13-122"} 1 3158.68359375 0.0 3161.59375 3158.68359375 3161.220703125 2
stats: {load,"tsung_controller@ip-172-31-13-122"} 1 0.01953125 0.0 0.03125 0.01953125 0.03125 2
stats: {recvpackets,"tsung_controller@ip-172-31-13-122"} 1 2398.0 0.0 2398 472 472.0 1
stats: {sentpackets,"tsung_controller@ip-172-31-13-122"} 1 958.0 0.0 958 159 159.0 1
stats: {cpu,"tsung_controller@ip-172-31-13-122"} 1 1.968503937007874 0.0 2.355250245338567 1.968503937007874 2.2473234542104725 2
stats: session 3 6784.749674479167 6255.817205599442 15612.916015625 601.137939453125 3654.3191528320313 8
stats: users_count 11 29
stats: finish_users_count 3 11
stats: request 22 89.81019176136364 123.27876792194732 513.298095703125 7.43115234375 45.255398220486114 45
stats: connect 12 0.7477010091145834 0.07748183042137842 113.72802734375 0.572021484375 7.352567784926471 17
stats: page 20 98.80296630859375 126.27240567066856 513.298095703125 7.43115234375 49.682861328125 41
stats: 302 4 14
stats: 200 18 53
stats: size_rcv 1832832 5081517
stats: size_sent 14719 33100
stats: connected 9 18
# stats: dump at 1480597382
stats: users 21 21
stats: {freemem,"tsung_controller@ip-172-31-13-122"} 1 3158.0859375 0.0 3161.59375 3158.0859375 3160.375 3
stats: {load,"tsung_controller@ip-172-31-13-122"} 1 0.01953125 0.0 0.03125 0.01953125 0.02734375 3
stats: {recvpackets,"tsung_controller@ip-172-31-13-122"} 1 2129.0 0.0 2398 472 1435.0 2
stats: {sentpackets,"tsung_controller@ip-172-31-13-122"} 1 1040.0 0.0 1040 159 558.5 2
stats: {cpu,"tsung_controller@ip-172-31-13-122"} 1 1.582591493570722 0.0 2.355250245338567 1.582591493570722 2.15438361514294 3
stats: session 4 15801.67431640625 7074.174117103689 24019.067138671875 601.137939453125 4508.072931463068 11
stats: users_count 7 36
stats: finish_users_count 4 15
stats: request 25 3975.9644531249996 4370.6752316830025 16232.575927734375 7.43115234375 59.885330427938435 67
stats: connect 7 0.7540108816964286 0.04179806006405183 113.72802734375 0.572021484375 4.619519463900862 29
stats: page 23 4321.711500084918 4424.1087842218785 16232.575927734375 7.43115234375 65.78781378073771 61
stats: 302 6 20
stats: 200 19 72
stats: size_rcv 3200640 8282157
stats: newphase 1 1
stats: size_sent 11629 44729
stats: connected 3 21
# stats: dump at 1480597392
stats: users 27 30
stats: {freemem,"tsung_controller@ip-172-31-13-122"} 1 3158.12890625 0.0 3161.59375 3158.0859375 3159.802734375 4
stats: {load,"tsung_controller@ip-172-31-13-122"} 1 0.01953125 0.0 0.03125 0.01953125 0.025390625 4
stats: {recvpackets,"tsung_controller@ip-172-31-13-122"} 1 1532.0 0.0 2398 472 1666.3333333333333 3
stats: {sentpackets,"tsung_controller@ip-172-31-13-122"} 1 498.0 0.0 1040 159 719.0 3
stats: {cpu,"tsung_controller@ip-172-31-13-122"} 1 1.671583087512291 0.0 2.355250245338567 1.582591493570722 2.0114355847498855 4
stats: session 10 13484.58076171875 11225.325754852236 36647.203857421875 601.137939453125 7519.699967447917 15
stats: users_count 16 52
stats: finish_users_count 10 25
stats: request 34 8607.526711856613 5938.666481643304 25744.1650390625 7.43115234375 1124.037265943444 92
stats: connect 16 0.7473602294921875 0.07096912332188417 113.72802734375 0.572021484375 3.867892795138889 36
stats: page 32 9052.127914428713 5967.883275078106 25744.1650390625 7.43115234375 1231.1002516973585 84
stats: 302 5 25
stats: 200 29 101
stats: size_rcv 3930616 12212773
stats: newphase 0 1
stats: size_sent 7672 52401
stats: connected 6 27
# stats: dump at 1480597402
stats: users 33 33
stats: {freemem,"tsung_controller@ip-172-31-13-122"} 1 3156.44140625 0.0 3161.59375 3156.44140625 3159.46796875 5
stats: {load,"tsung_controller@ip-172-31-13-122"} 1 0.01171875 0.0 0.03125 0.01171875 0.02421875 5
stats: {recvpackets,"tsung_controller@ip-172-31-13-122"} 1 3061.0 0.0 3061 472 1632.75 4
stats: {sentpackets,"tsung_controller@ip-172-31-13-122"} 1 1252.0 0.0 1252 159 663.75 4
stats: {cpu,"tsung_controller@ip-172-31-13-122"} 1 2.0689655172413794 0.0 2.355250245338567 1.582591493570722 1.9434650853023665 5
stats: session 12 18043.969991048176 14921.669177629577 42203.138916015625 179.1171875 9905.65228515625 25
stats: users_count 18 70
stats: finish_users_count 12 37
stats: request 39 1840.5142415364583 5361.045044994545 27191.005126953125 7.43115234375 3143.391560872395 126
stats: connect 16 0.7811431884765625 0.17472498624492755 113.72802734375 0.542236328125 2.9077289287860575 52
stats: page 37 2020.7693926836994 5493.0005641418575 27191.005126953125 7.43115234375 3388.6251241749737 116
stats: 302 7 32
stats: 200 32 133
stats: size_rcv 4945064 17157837
stats: newphase 0 1
stats: size_sent 22035 74436
stats: connected 4 31
# stats: dump at 1480597412
stats: users 64 64
stats: {freemem,"tsung_controller@ip-172-31-13-122"} 1 3156.73828125 0.0 3161.59375 3156.44140625 3158.9635416666665 6
stats: {load,"tsung_controller@ip-172-31-13-122"} 1 0.01171875 0.0 0.03125 0.01171875 0.022135416666666668 6
stats: {recvpackets,"tsung_controller@ip-172-31-13-122"} 1 2865.0 0.0 3061 472 1918.4 5
stats: {sentpackets,"tsung_controller@ip-172-31-13-122"} 1 1354.0 0.0 1354 159 781.4 5
stats: {cpu,"tsung_controller@ip-172-31-13-122"} 1 1.9762845849802373 0.0 2.355250245338567 1.582591493570722 1.9643818239588686 6
stats: session 1 43916.071044921875 0.0 43916.071044921875 179.1171875 12545.106676256335 37
stats: users_count 32 102
stats: finish_users_count 1 38
stats: request 4 13274.354187011719 9375.556252917053 29512.554931640625 7.43115234375 2835.4387399384464 165
stats: connect 31 0.7246881300403226 0.09166481058107696 113.72802734375 0.531982421875 2.4073558134191178 68
stats: page 4 13274.354187011719 9375.556252917053 29512.554931640625 7.43115234375 3057.836483226103 153
stats: 302 1 33
stats: 200 3 136
stats: size_rcv 264005 17421842
stats: newphase 1 2
stats: size_sent 7588 82024
stats: connected 31 62
# stats: dump at 1480597422
stats: users 80 86
stats: {freemem,"tsung_controller@ip-172-31-13-122"} 1 3156.375 0.0 3161.59375 3156.375 3158.6456473214284 7
stats: {load,"tsung_controller@ip-172-31-13-122"} 1 0.01171875 0.0 0.03125 0.01171875 0.020647321428571428 7
stats: {recvpackets,"tsung_controller@ip-172-31-13-122"} 1 971.0 0.0 3061 472 2076.1666666666665 6
stats: {sentpackets,"tsung_controller@ip-172-31-13-122"} 1 528.0 0.0 1354 159 876.8333333333334 6
stats: {cpu,"tsung_controller@ip-172-31-13-122"} 1 1.7716535433070866 0.0 2.355250245338567 1.582591493570722 1.966082218390493 7
stats: session 33 17395.825387665718 18090.203331032975 57806.22802734375 179.1171875 13370.658370168585 38
stats: users_count 49 151
stats: finish_users_count 33 71
stats: request 113 8764.688936756778 5916.668049932584 30979.467041015625 7.43115234375 3082.513661762666 169
stats: connect 51 0.6823538985906863 0.1512734542111219 113.72802734375 0.516845703125 1.8804598721590908 99
stats: page 109 9086.333348265482 6069.576030693678 30979.467041015625 7.43115234375 3318.1299279085392 157
stats: 302 7 40
stats: 200 105 241
stats: size_rcv 7299305 24721147
stats: newphase 0 2
stats: size_sent 31981 114005
stats: connected 17 79
stats: 500 1 1
# stats: dump at 1480597432
stats: users 99 99
stats: {freemem,"tsung_controller@ip-172-31-13-122"} 1 3153.23828125 0.0 3161.59375 3153.23828125 3158.36181640625 8
stats: {load,"tsung_controller@ip-172-31-13-122"} 1 0.01171875 0.0 0.03125 0.01171875 0.01953125 8
stats: {recvpackets,"tsung_controller@ip-172-31-13-122"} 1 5795.0 0.0 5795 472 1918.2857142857142 7
stats: {sentpackets,"tsung_controller@ip-172-31-13-122"} 1 3089.0 0.0 3089 159 827.0 7
stats: {cpu,"tsung_controller@ip-172-31-13-122"} 1 4.407443682664055 0.0 4.407443682664055 1.582591493570722 1.9417786340050671 8
stats: session 20 16550.73653564453 18468.759587999157 64484.281982421875 179.1171875 15241.51064590669 71
stats: users_count 39 190
stats: finish_users_count 20 91
stats: request 123 4506.79249436293 3775.0036199194287 32972.177001953125 7.43115234375 5359.41368330286 282
stats: connect 38 0.8622725637335527 0.8345558452733479 113.72802734375 0.516845703125 1.4731038411458333 150
stats: page 112 4785.697727748326 3937.2727283327226 32972.177001953125 7.43115234375 5681.792231739016 266
stats: 302 18 58
stats: 200 104 345
stats: size_rcv 12315312 37036459
stats: newphase 0 2
stats: size_sent 54088 168093
stats: connected 19 98
stats: 500 1 2
# stats: dump at 1480597442
stats: users 136 136
stats: {freemem,"tsung_controller@ip-172-31-13-122"} 1 3151.79296875 0.0 3161.59375 3151.79296875 3157.792534722222 9
stats: {load,"tsung_controller@ip-172-31-13-122"} 1 0.01171875 0.0 0.03125 0.01171875 0.018663194444444444 9
stats: {recvpackets,"tsung_controller@ip-172-31-13-122"} 1 7957.0 0.0 7957 472 2402.875 8
stats: {sentpackets,"tsung_controller@ip-172-31-13-122"} 1 3877.0 0.0 3877 159 1109.75 8
stats: {cpu,"tsung_controller@ip-172-31-13-122"} 1 4.789833822091887 0.0 4.789833822091887 1.582591493570722 2.215741417189399 9
stats: session 11 2983.8719371448865 5557.833820726149 64484.281982421875 44.093017578125 15529.252599695226 91
stats: users_count 48 238
stats: finish_users_count 11 102
stats: request 44 2278.40829745206 8686.489364674824 41421.032958984375 0.697021484375 5100.469470365548 405
stats: connect 48 0.7163441975911459 0.16018159394111484 113.72802734375 0.516845703125 1.3496379446476063 188
stats: page 41 2539.395460175305 9063.804299289275 41421.032958984375 0.7041015625 5416.282749075108 378
stats: 302 0 58
stats: 200 4 349
stats: size_rcv 1900039 38936498
stats: newphase 1 3
stats: size_sent 26225 194318
stats: connected 37 135
stats: 503 40 40
stats: 500 0 2
# stats: dump at 1480597452
stats: users 174 175
stats: {freemem,"tsung_controller@ip-172-31-13-122"} 1 3151.5625 0.0 3161.59375 3151.5625 3157.192578125 10
stats: {load,"tsung_controller@ip-172-31-13-122"} 1 0.01171875 0.0 0.03125 0.01171875 0.01796875 10
stats: {recvpackets,"tsung_controller@ip-172-31-13-122"} 1 1535.0 0.0 7957 472 3020.0 9
stats: {sentpackets,"tsung_controller@ip-172-31-13-122"} 1 914.0 0.0 3877 159 1417.2222222222222 9
stats: {cpu,"tsung_controller@ip-172-31-13-122"} 1 2.7450980392156863 0.0 4.789833822091887 1.582591493570722 2.4731506576796476 10
stats: session 37 11143.8709551837 16025.326250434322 65876.9970703125 44.093017578125 14176.319390988818 102
stats: users_count 75 313
stats: finish_users_count 37 139
stats: request 239 1359.624277793214 5002.193974255295 41421.032958984375 0.60693359375 4823.920045848413 449
stats: connect 76 0.702064915707237 0.11621814185891557 113.72802734375 0.516845703125 1.220832436771716 236
stats: page 218 1364.699425933558 5101.029321581211 41421.032958984375 0.68310546875 5134.77349168873 419
stats: 302 2 60
stats: 200 15 364
stats: size_rcv 2192882 41129380
stats: newphase 0 3
stats: size_sent 54177 248495
stats: connected 39 174
stats: 503 222 262
stats: 500 0 2
# stats: dump at 1480597462
stats: users 191 191
stats: {freemem,"tsung_controller@ip-172-31-13-122"} 1 3150.39453125 0.0 3161.59375 3150.39453125 3156.680752840909 11
stats: {load,"tsung_controller@ip-172-31-13-122"} 1 0.0 0.0 0.03125 0.0 0.01740056818181818 11
stats: {recvpackets,"tsung_controller@ip-172-31-13-122"} 1 2189.0 0.0 7957 472 2871.5 10
stats: {sentpackets,"tsung_controller@ip-172-31-13-122"} 1 1547.0 0.0 3877 159 1366.9 10
stats: {cpu,"tsung_controller@ip-172-31-13-122"} 1 4.710500490677134 0.0 4.789833822091887 1.582591493570722 2.4978731469101967 11
stats: session 84 11832.64401390439 14840.307666393075 65876.9970703125 44.093017578125 13369.120886493929 139
stats: users_count 101 414
stats: finish_users_count 84 223
stats: request 369 2385.83166140011 7754.452510882876 41421.032958984375 0.60693359375 3620.4800915385404 688
stats: connect 96 0.6185938517252604 0.0965150577442942 113.72802734375 0.486083984375 1.0944659893329327 312
stats: page 340 2291.372794835709 7660.404985159059 41421.032958984375 0.653076171875 3844.544062591984 637
stats: 302 4 64
stats: 200 28 392
stats: size_rcv 5507773 46637153
stats: newphase 0 3
stats: size_sent 89421 337916
stats: connected 11 185
stats: 503 337 599
stats: 500 0 2
# stats: dump at 1480597472
stats: users 142 193
stats: {freemem,"tsung_controller@ip-172-31-13-122"} 1 3149.52734375 0.0 3161.59375 3149.52734375 3156.1569010416665 12
stats: {load,"tsung_controller@ip-172-31-13-122"} 1 0.0 0.0 0.03125 0.0 0.015950520833333332 12
stats: {recvpackets,"tsung_controller@ip-172-31-13-122"} 1 4980.0 0.0 7957 472 2809.4545454545455 11
stats: {sentpackets,"tsung_controller@ip-172-31-13-122"} 1 2993.0 0.0 3877 159 1383.2727272727273 11
stats: {cpu,"tsung_controller@ip-172-31-13-122"} 1 6.976744186046512 0.0 6.976744186046512 1.582591493570722 2.682258758890775 12
stats: session 75 17351.348662109365 17300.59651084984 65933.875 40.119140625 12790.358297715808 223
stats: users_count 26 440
stats: finish_users_count 75 298
stats: request 243 143.89473419817386 2223.1459971716035 41421.032958984375 0.60693359375 3189.4628060881328 1057
stats: connect 32 0.6200714111328125 0.05353324062464816 113.72802734375 0.486083984375 0.9824960746017157 408
stats: page 217 161.16902406754033 2351.9702094004174 41421.032958984375 0.653076171875 3304.034102472093 977
stats: 302 0 64
stats: 200 1 393
stats: size_rcv 1034885 47672038
stats: newphase 0 3
stats: size_sent 59530 397446
stats: connected -43 142
stats: 503 242 841
stats: 500 0 2
# stats: dump at 1480597482
stats: users 119 193
stats: {freemem,"tsung_controller@ip-172-31-13-122"} 1 3149.40625 0.0 3161.59375 3149.40625 3155.646935096154 13
stats: {load,"tsung_controller@ip-172-31-13-122"} 1 0.0 0.0 0.03125 0.0 0.014723557692307692 13
stats: {recvpackets,"tsung_controller@ip-172-31-13-122"} 1 995.0 0.0 7957 472 2990.3333333333335 12
stats: {sentpackets,"tsung_controller@ip-172-31-13-122"} 1 870.0 0.0 3877 159 1517.4166666666667 12
stats: {cpu,"tsung_controller@ip-172-31-13-122"} 1 3.146509341199607 0.0 6.976744186046512 1.582591493570722 3.0126037917489086 13
stats: session 23 26043.53425399117 19630.300798444856 82399.873046875 40.119140625 13938.25855721083 298
stats: users_count 0 440
stats: finish_users_count 23 321
stats: request 55 7275.631929154827 16462.25328222649 47037.505126953125 0.60693359375 2620.1758511117787 1300
stats: connect 0 0 0 113.72802734375 0.486083984375 0.9561379172585227 440
stats: page 46 6813.7366306470785 16092.903319481511 47037.505126953125 0.653076171875 2732.843380517497 1194
stats: 302 3 67
stats: 200 6 399
stats: size_rcv 1738021 49410059
stats: newphase 0 3
stats: size_sent 16299 413745
stats: connected -23 119
stats: 503 46 887
stats: 500 0 2
# stats: dump at 1480597492
stats: users 109 193
stats: {freemem,"tsung_controller@ip-172-31-13-122"} 1 3149.3046875 0.0 3161.59375 3149.3046875 3155.201171875 14
stats: {load,"tsung_controller@ip-172-31-13-122"} 1 0.0 0.0 0.03125 0.0 0.013671875 14
stats: {recvpackets,"tsung_controller@ip-172-31-13-122"} 1 1451.0 0.0 7957 472 2836.846153846154 13
stats: {sentpackets,"tsung_controller@ip-172-31-13-122"} 1 757.0 0.0 3877 159 1467.6153846153845 13
stats: {cpu,"tsung_controller@ip-172-31-13-122"} 1 1.6765285996055226 0.0 6.976744186046512 1.582591493570722 3.02216847385253 14
stats: session 10 61656.27060546875 24929.23722392754 102313.09399414063 40.119140625 14805.614759783875 321
stats: users_count 0 440
stats: finish_users_count 10 331
stats: request 48 48174.93473815918 7650.965306220106 54219.337158203125 0.60693359375 2809.142702988065 1355
stats: connect 0 0 0 113.72802734375 0.486083984375 0.9561379172585227 440
stats: page 46 48482.818157693604 7841.369432440033 57193.33203125 0.653076171875 2884.2313559255294 1240
stats: 302 6 73
stats: 200 39 438
stats: size_rcv 4728690 54138749
stats: newphase 0 3
stats: size_sent 19399 433144
stats: connected -10 109
stats: 503 1 888
stats: 500 2 4
# stats: dump at 1480597502
stats: users 105 193
stats: {freemem,"tsung_controller@ip-172-31-13-122"} 1 3149.0859375 0.0 3161.59375 3149.0859375 3154.808072916667 15
stats: {load,"tsung_controller@ip-172-31-13-122"} 1 0.0 0.0 0.03125 0.0 0.012760416666666666 15
stats: {recvpackets,"tsung_controller@ip-172-31-13-122"} 1 2660.0 0.0 7957 472 2737.8571428571427 14
stats: {sentpackets,"tsung_controller@ip-172-31-13-122"} 1 1140.0 0.0 3877 159 1416.857142857143 14
stats: {cpu,"tsung_controller@ip-172-31-13-122"} 1 2.34375 0.0 6.976744186046512 1.582591493570722 2.9324591489027294 15
stats: session 4 80643.01623535156 11771.578357869643 102313.09399414063 40.119140625 16221.0424288378 331
stats: users_count 0 440
stats: finish_users_count 4 335
stats: request 25 49012.599921875 6890.164439753518 69377.57104492188 0.60693359375 4361.215416949728 1403
stats: connect 0 0 0 113.72802734375 0.486083984375 0.9561379172585227 440
stats: page 24 52244.418589274086 9524.686178622966 70517.36596679688 0.653076171875 4515.285005133408 1286
stats: 302 3 76
stats: 200 20 458
stats: size_rcv 3728646 57867395
stats: newphase 0 3
stats: size_sent 7301 440445
stats: connected -4 105
stats: 503 0 888
stats: 500 0 4
stats: 404 2 2
# stats: dump at 1480597512
stats: users 99 193
stats: {freemem,"tsung_controller@ip-172-31-13-122"} 1 3148.73828125 0.0 3161.59375 3148.73828125 3154.450439453125 16
stats: {load,"tsung_controller@ip-172-31-13-122"} 1 0.0 0.0 0.03125 0.0 0.011962890625 16
stats: {recvpackets,"tsung_controller@ip-172-31-13-122"} 1 2655.0 0.0 7957 472 2732.6666666666665 15
stats: {sentpackets,"tsung_controller@ip-172-31-13-122"} 1 906.0 0.0 3877 159 1398.4 15
stats: {cpu,"tsung_controller@ip-172-31-13-122"} 1 1.8700787401574805 0.0 6.976744186046512 1.582591493570722 2.895664827096309 16
stats: session 6 66526.02770996094 22682.588837968477 102313.09399414063 40.119140625 16990.260026527514 335
stats: users_count 0 440
stats: finish_users_count 6 341
stats: request 31 45443.822998046875 10869.087106374916 72692.3740234375 0.60693359375 5142.927330551362 1428
stats: connect 0 0 0 113.72802734375 0.486083984375 0.9561379172585227 440
stats: page 25 53126.67448242188 16246.123619773041 79741.44189453125 0.653076171875 5389.711879957359 1310
stats: 302 7 83
stats: 200 17 475
stats: size_rcv 2182406 60049801
stats: newphase 0 3
stats: size_sent 13120 453565
stats: connected -6 99
stats: 503 0 888
stats: 500 1 5
stats: 404 6 8
# stats: dump at 1480597522
stats: users 96 193
stats: {freemem,"tsung_controller@ip-172-31-13-122"} 1 3148.26171875 0.0 3161.59375 3148.26171875 3154.114430147059 17
stats: {load,"tsung_controller@ip-172-31-13-122"} 1 0.0 0.0 0.03125 0.0 0.011259191176470588 17
stats: {recvpackets,"tsung_controller@ip-172-31-13-122"} 1 2360.0 0.0 7957 472 2727.8125 16
stats: {sentpackets,"tsung_controller@ip-172-31-13-122"} 1 1114.0 0.0 3877 159 1367.625 16
stats: {cpu,"tsung_controller@ip-172-31-13-122"} 1 1.966568338249754 0.0 6.976744186046512 1.582591493570722 2.835336233746966 17
stats: session 3 97006.48697916667 17664.60339218403 116059.14404296875 40.119140625 17861.857111866517 341
stats: users_count 0 440
stats: finish_users_count 3 344
stats: request 6 34712.846354166664 14446.494349002916 72692.3740234375 0.60693359375 5999.217779963535 1459
stats: connect 0 0 0 113.72802734375 0.486083984375 0.9561379172585227 440
stats: page 4 37851.653747558594 16837.130334578498 79741.44189453125 0.653076171875 6283.662490490403 1335
stats: 302 2 85
stats: 200 4 479
stats: size_rcv 1081418 61131219
stats: newphase 0 3
stats: size_sent 5912 459477
stats: connected -3 96
stats: 503 0 888
stats: 500 0 5
stats: 404 0 8
# stats: dump at 1480597532
stats: users 91 193
stats: {freemem,"tsung_controller@ip-172-31-13-122"} 1 3148.30078125 0.0 3161.59375 3148.26171875 3153.7892795138887 18
stats: {load,"tsung_controller@ip-172-31-13-122"} 1 0.0 0.0 0.03125 0.0 0.010633680555555556 18
stats: {recvpackets,"tsung_controller@ip-172-31-13-122"} 1 9.0 0.0 7957 9 2706.176470588235 17
stats: {sentpackets,"tsung_controller@ip-172-31-13-122"} 1 11.0 0.0 3877 11 1352.7058823529412 17
stats: {cpu,"tsung_controller@ip-172-31-13-122"} 1 0.9881422924901186 0.0 6.976744186046512 0.9881422924901186 2.787071350663788 18
stats: session 5 118730.934375 12031.76477118136 130259.6318359375 40.119140625 18552.071907220878 344
stats: users_count 0 440
stats: finish_users_count 5 349
stats: request 33 45077.745990175186 7887.154938958317 73153.26293945313 0.60693359375 6116.816258765732 1465
stats: connect 0 0 0 113.72802734375 0.486083984375 0.9561379172585227 440
stats: page 29 47111.09061826509 11512.18375834121 89303.32397460938 0.653076171875 6377.965675724363 1339
stats: 302 8 93
stats: 200 22 501
stats: size_rcv 3455559 64586778
stats: newphase 0 3
stats: size_sent 5709 465186
stats: connected -5 91
stats: 503 0 888
stats: 500 1 6
stats: 404 2 10
# stats: dump at 1480597542
stats: users 87 193
stats: {freemem,"tsung_controller@ip-172-31-13-122"} 1 3147.796875 0.0 3161.59375 3147.796875 3153.5004111842104 19
stats: {load,"tsung_controller@ip-172-31-13-122"} 1 0.078125 0.0 0.078125 0.0 0.010074013157894737 19
stats: {recvpackets,"tsung_controller@ip-172-31-13-122"} 1 2791.0 0.0 7957 9 2556.3333333333335 18
stats: {sentpackets,"tsung_controller@ip-172-31-13-122"} 1 1107.0 0.0 3877 11 1278.1666666666667 18
stats: {cpu,"tsung_controller@ip-172-31-13-122"} 1 1.8664047151277015 0.0 6.976744186046512 0.9881422924901186 2.6923908739178053 19
stats: session 4 128588.08044433594 7708.707780158464 139554.14794921875 40.119140625 19987.29916320625 349
stats: users_count 0 440
stats: finish_users_count 4 353
stats: request 17 37579.59300321691 4850.903137262957 73153.26293945313 0.60693359375 6975.101092635233 1498
stats: connect 0 0 0 113.72802734375 0.486083984375 0.9561379172585227 440
stats: page 16 40339.30749511719 10948.965159542364 89303.32397460938 0.653076171875 7241.460283424422 1368
stats: 302 3 96
stats: 200 13 514
stats: size_rcv 2066539 66653317
stats: newphase 0 3
stats: size_sent 12050 477236
stats: connected -4 87
stats: 503 0 888
stats: 500 1 7
stats: 404 0 10
# stats: dump at 1480597552
stats: users 85 193
stats: {freemem,"tsung_controller@ip-172-31-13-122"} 1 3147.68359375 0.0 3161.59375 3147.68359375 3153.215234375 20
stats: {load,"tsung_controller@ip-172-31-13-122"} 1 0.0703125 0.0 0.078125 0.0 0.0134765625 20
stats: {recvpackets,"tsung_controller@ip-172-31-13-122"} 1 1166.0 0.0 7957 9 2568.684210526316 19
stats: {sentpackets,"tsung_controller@ip-172-31-13-122"} 1 556.0 0.0 3877 11 1269.157894736842 19
stats: {cpu,"tsung_controller@ip-172-31-13-122"} 1 1.4792899408284024 0.0 6.976744186046512 0.9881422924901186 2.6510915659783003 20
stats: session 2 120911.63452148438 15611.155517578125 139554.14794921875 40.119140625 21217.902917100073 353
stats: users_count 0 440
stats: finish_users_count 2 355
stats: request 11 41412.45319158381 6179.879947066324 73153.26293945313 0.60693359375 7318.51783354605 1515
stats: connect 0 0 0 113.72802734375 0.486083984375 0.9561379172585227 440
stats: page 10 61004.383984375 22163.625303471945 89303.32397460938 0.653076171875 7624.0943552358995 1384
stats: 302 1 97
stats: 200 8 522
stats: size_rcv 633143 67286460
stats: newphase 0 3
stats: size_sent 6285 483521
stats: connected -2 85
stats: 503 0 888
stats: 500 0 7
stats: 404 2 12
# stats: dump at 1480597562
stats: users 70 193
stats: {freemem,"tsung_controller@ip-172-31-13-122"} 1 3147.57421875 0.0 3161.59375 3147.57421875 3152.9518229166665 21
stats: {load,"tsung_controller@ip-172-31-13-122"} 1 0.05859375 0.0 0.078125 0.0 0.016183035714285716 21
stats: {recvpackets,"tsung_controller@ip-172-31-13-122"} 1 1430.0 0.0 7957 9 2498.55 20
stats: {sentpackets,"tsung_controller@ip-172-31-13-122"} 1 555.0 0.0 3877 11 1233.5 20
stats: {cpu,"tsung_controller@ip-172-31-13-122"} 1 1.3793103448275863 0.0 6.976744186046512 0.9881422924901186 2.5952914885902096 21
stats: session 15 121430.88432617187 18611.465470388837 146480.65698242188 40.119140625 21779.557743040266 355
stats: users_count 0 440
stats: finish_users_count 15 370
stats: request 51 38616.58509018844 11644.683072332467 73153.26293945313 0.60693359375 7564.280146087606 1526
stats: connect 0 0 0 113.72802734375 0.486083984375 0.9561379172585227 440
stats: page 43 47348.32265170785 17302.860462765162 89825.81787109375 0.653076171875 8007.023262188117 1394
stats: 302 17 114
stats: 200 30 552
stats: size_rcv 4321603 71608063
stats: newphase 0 3
stats: size_sent 19075 502596
stats: connected -15 70
stats: 503 0 888
stats: 500 0 7
stats: 404 4 16
# stats: dump at 1480597572
stats: users 70 193
stats: {freemem,"tsung_controller@ip-172-31-13-122"} 1 3147.09765625 0.0 3161.59375 3147.09765625 3152.7073863636365 22
stats: {load,"tsung_controller@ip-172-31-13-122"} 1 0.05078125 0.0 0.078125 0.0 0.018110795454545456 22
stats: {recvpackets,"tsung_controller@ip-172-31-13-122"} 1 2174.0 0.0 7957 9 2447.6666666666665 21
stats: {sentpackets,"tsung_controller@ip-172-31-13-122"} 1 950.0 0.0 3877 11 1201.1904761904761 21
stats: {cpu,"tsung_controller@ip-172-31-13-122"} 1 2.161100196463654 0.0 6.976744186046512 0.9881422924901186 2.5400196184191812 22
stats: session 0 0 0 146480.65698242188 40.119140625 25819.47638830236 370
stats: users_count 0 440
stats: finish_users_count 0 370
stats: request 0 0 0 73153.26293945313 0.60693359375 8568.508143645719 1577
stats: connect 0 0 0 113.72802734375 0.486083984375 0.9561379172585227 440
stats: page 0 0 0 89825.81787109375 0.653076171875 9184.250731742291 1437
stats: 302 0 114
stats: 200 0 552
stats: size_rcv 0 71608063
stats: newphase 0 3
stats: size_sent 639 503235
stats: connected 0 70
stats: 503 0 888
stats: 500 0 7
stats: 404 0 16
# stats: dump at 1480597582
stats: users 67 193
stats: {freemem,"tsung_controller@ip-172-31-13-122"} 1 3147.1328125 0.0 3161.59375 3147.09765625 3152.463485054348 23
stats: {load,"tsung_controller@ip-172-31-13-122"} 1 0.0390625 0.0 0.078125 0.0 0.01953125 23
stats: {recvpackets,"tsung_controller@ip-172-31-13-122"} 1 854.0 0.0 7957 9 2435.2272727272725 22
stats: {sentpackets,"tsung_controller@ip-172-31-13-122"} 1 388.0 0.0 3877 11 1189.7727272727273 22
stats: {cpu,"tsung_controller@ip-172-31-13-122"} 1 1.282051282051282 0.0 6.976744186046512 0.9881422924901186 2.523544860942854 23
stats: session 3 171992.8865559896 6606.352689485627 179897.24487304688 40.119140625 25819.47638830236 370
stats: users_count 0 440
stats: finish_users_count 3 373
stats: request 19 45506.128970497535 10684.862570658857 73153.26293945313 0.60693359375 8568.508143645719 1577
stats: connect 0 0 0 113.72802734375 0.486083984375 0.9561379172585227 440
stats: page 13 51388.458571213945 12994.592025063734 89825.81787109375 0.653076171875 9184.250731742291 1437
stats: 302 9 123
stats: 200 10 562
stats: size_rcv 3132155 74740218
stats: newphase 0 3
stats: size_sent 6522 509757
stats: connected -3 67
stats: 503 0 888
stats: 500 0 7
stats: 404 0 16
# stats: dump at 1480597592
stats: users 65 193
stats: {freemem,"tsung_controller@ip-172-31-13-122"} 1 3147.0 0.0 3161.59375 3147.0 3152.2413736979165 24
stats: {load,"tsung_controller@ip-172-31-13-122"} 1 0.0390625 0.0 0.078125 0.0 0.020345052083333332 24
stats: {recvpackets,"tsung_controller@ip-172-31-13-122"} 1 2122.0 0.0 7957 9 2366.478260869565 23
stats: {sentpackets,"tsung_controller@ip-172-31-13-122"} 1 527.0 0.0 3877 11 1154.9130434782608 23
stats: {cpu,"tsung_controller@ip-172-31-13-122"} 1 1.671583087512291 0.0 6.976744186046512 0.9881422924901186 2.471815961822372 24
stats: session 2 164343.8916015625 3490.7255859375 179897.24487304688 40.119140625 26995.13384273416 373
stats: users_count 0 440
stats: finish_users_count 2 375
stats: request 10 38087.908447265625 6287.645043072071 73153.26293945313 0.60693359375 9008.241724917765 1596
stats: connect 0 0 0 113.72802734375 0.486083984375 0.9561379172585227 440
stats: page 10 42519.32482910156 12613.685840073418 89825.81787109375 0.653076171875 9562.63328478583 1450
stats: 302 5 128
stats: 200 5 567
stats: size_rcv 2054702 76794920
stats: newphase 0 3
stats: size_sent 6287 516044
stats: connected -2 65
stats: 503 0 888
stats: 500 0 7
stats: 404 0 16
# stats: dump at 1480597602
stats: users 63 193
stats: {freemem,"tsung_controller@ip-172-31-13-122"} 1 3147.0390625 0.0 3161.59375 3147.0 3152.03171875 25
stats: {load,"tsung_controller@ip-172-31-13-122"} 1 0.03125 0.0 0.078125 0.0 0.02109375 25
stats: {recvpackets,"tsung_controller@ip-172-31-13-122"} 1 696.0 0.0 7957 9 2356.2916666666665 24
stats: {sentpackets,"tsung_controller@ip-172-31-13-122"} 1 301.0 0.0 3877 11 1128.7499999999998 24
stats: {cpu,"tsung_controller@ip-172-31-13-122"} 1 1.282051282051282 0.0 6.976744186046512 0.9881422924901186 2.439806646849968 25
stats: session 2 186284.9268798828 5111.7379150390625 191396.66479492188 40.119140625 27727.660550781246 375
stats: users_count 0 440
stats: finish_users_count 2 377
stats: request 6 47723.98116048177 7190.832129151778 73153.26293945313 0.60693359375 9189.310633525161 1606
stats: connect 0 0 0 113.72802734375 0.486083984375 0.9561379172585227 440
stats: page 5 56899.80283203125 16911.93284177332 89825.81787109375 0.653076171875 9788.364048787993 1460
stats: 302 3 131
stats: 200 3 570
stats: size_rcv 968835 77763755
stats: newphase 0 3
stats: size_sent 469 516513
stats: connected -1 64
stats: 503 0 888
stats: 500 0 7
stats: 404 0 16
# stats: dump at 1480597612
stats: users 54 193
stats: {freemem,"tsung_controller@ip-172-31-13-122"} 1 3146.88671875 0.0 3161.59375 3146.88671875 3151.8396935096152 26
stats: {load,"tsung_controller@ip-172-31-13-122"} 1 0.03125 0.0 0.078125 0.0 0.021484375 26
stats: {recvpackets,"tsung_controller@ip-172-31-13-122"} 1 2766.0 0.0 7957 9 2289.88 25
stats: {sentpackets,"tsung_controller@ip-172-31-13-122"} 1 1202.0 0.0 3877 11 1095.6399999999996 25
stats: {cpu,"tsung_controller@ip-172-31-13-122"} 1 1.768172888015717 0.0 6.976744186046512 0.9881422924901186 2.395277594357711 26
stats: session 9 185193.88804796006 18008.64017227888 208116.77001953125 40.119140625 28568.813157301676 377
stats: users_count 0 440
stats: finish_users_count 9 386
stats: request 27 48529.96919307002 6117.0179663177705 73153.26293945313 0.60693359375 9332.73992829051 1612
stats: connect 0 0 0 113.72802734375 0.486083984375 0.9561379172585227 440
stats: page 27 55462.03480360243 13732.265621754848 89825.81787109375 0.653076171875 9949.153942246161 1465
stats: 302 13 144
stats: 200 14 584
stats: size_rcv 3789097 81552852
stats: newphase 0 3
stats: size_sent 10943 527456
stats: connected -10 54
stats: 503 0 888
stats: 500 0 7
stats: 404 0 16
# stats: dump at 1480597622
stats: users 53 193
stats: {freemem,"tsung_controller@ip-172-31-13-122"} 1 3146.92578125 0.0 3161.59375 3146.88671875 3151.65625 27
stats: {load,"tsung_controller@ip-172-31-13-122"} 1 0.01953125 0.0 0.078125 0.0 0.021846064814814815 27
stats: {recvpackets,"tsung_controller@ip-172-31-13-122"} 1 1919.0 0.0 7957 9 2308.1923076923076 26
stats: {sentpackets,"tsung_controller@ip-172-31-13-122"} 1 439.0 0.0 3877 11 1099.730769230769 26
stats: {cpu,"tsung_controller@ip-172-31-13-122"} 1 1.5779092702169626 0.0 6.976744186046512 0.9881422924901186 2.3720514941228226 27
stats: session 1 159018.19091796875 0.0 208116.77001953125 40.119140625 32220.693141798893 386
stats: users_count 0 440
stats: finish_users_count 1 387
stats: request 7 40076.277099609375 9581.394693286415 73153.26293945313 0.60693359375 9978.453894214274 1639
stats: connect 0 0 0 113.72802734375 0.486083984375 0.9561379172585227 440
stats: page 5 64591.285546875 14123.765640230069 89825.81787109375 0.653076171875 10772.778461855154 1492
stats: 302 2 146
stats: 200 5 589
stats: size_rcv 1841833 83394685
stats: newphase 0 3
stats: size_sent 4430 531886
stats: connected -1 53
stats: 503 0 888
stats: 500 0 7
stats: 404 0 16
# stats: dump at 1480597632
stats: users 50 193
stats: {freemem,"tsung_controller@ip-172-31-13-122"} 1 3146.79296875 0.0 3161.59375 3146.79296875 3151.4873046875 28
stats: {load,"tsung_controller@ip-172-31-13-122"} 1 0.01953125 0.0 0.078125 0.0 0.021763392857142856 28
stats: {recvpackets,"tsung_controller@ip-172-31-13-122"} 1 706.0 0.0 7957 9 2293.777777777778 27
stats: {sentpackets,"tsung_controller@ip-172-31-13-122"} 1 322.0 0.0 3877 11 1075.2592592592591 27
stats: {cpu,"tsung_controller@ip-172-31-13-122"} 1 1.282051282051282 0.0 6.976744186046512 0.9881422924901186 2.3436892718404705 28
stats: session 3 200980.8204752604 26949.516542412206 227928.00317382813 40.119140625 32548.33525491561 387
stats: users_count 0 440
stats: finish_users_count 3 390
stats: request 12 53994.94179280599 10247.625773948854 73153.26293945313 0.60693359375 10106.451927287035 1646
stats: connect 0 0 0 113.72802734375 0.486083984375 0.9561379172585227 440
stats: page 12 63535.97322591146 14967.882611803723 89825.81787109375 0.653076171875 10952.532994537252 1497
stats: 302 2 148
stats: 200 10 599
stats: size_rcv 2731906 86126591
stats: newphase 0 3
stats: size_sent 3522 535408
stats: connected -2 51
stats: 503 0 888
stats: 500 0 7
stats: 404 0 16
# stats: dump at 1480597642
stats: users 7 193
stats: {freemem,"tsung_controller@ip-172-31-13-122"} 1 3146.55859375 0.0 3161.59375 3146.55859375 3151.325431034483 29
stats: {load,"tsung_controller@ip-172-31-13-122"} 1 0.01953125 0.0 0.078125 0.0 0.021686422413793104 29
stats: {recvpackets,"tsung_controller@ip-172-31-13-122"} 1 1761.0 0.0 7957 9 2237.0714285714284 28
stats: {sentpackets,"tsung_controller@ip-172-31-13-122"} 1 913.0 0.0 3877 11 1048.3571428571427 28
stats: {cpu,"tsung_controller@ip-172-31-13-122"} 1 2.06286836935167 0.0 6.976744186046512 0.9881422924901186 2.307081065296016 29
stats: session 43 191362.45713912614 13417.132942229968 227928.00317382813 40.119140625 33843.969756610575 390
stats: users_count 0 440
stats: finish_users_count 43 433
stats: request 64 18788.49674987793 17189.355174657627 73153.26293945313 0.60693359375 10424.10082860563 1658
stats: connect 0 0 0 113.72802734375 0.486083984375 0.9561379172585227 440
stats: page 64 20738.7820892334 20044.521623970784 89825.81787109375 0.653076171875 11370.691564965675 1509
stats: 302 46 194
stats: 200 18 617
stats: size_rcv 1374073 87500664
stats: newphase 0 3
stats: size_sent 11517 546925
stats: connected -44 7
stats: 503 0 888
stats: 500 0 7
stats: 404 0 16
# stats: dump at 1480597652
stats: users 1 193
stats: {freemem,"tsung_controller@ip-172-31-13-122"} 1 3146.8125 0.0 3161.59375 3146.55859375 3151.166536458333 30
stats: {load,"tsung_controller@ip-172-31-13-122"} 1 0.01171875 0.0 0.078125 0.0 0.021614583333333333 30
stats: {recvpackets,"tsung_controller@ip-172-31-13-122"} 1 2056.0 0.0 7957 9 2220.655172413793 29
stats: {sentpackets,"tsung_controller@ip-172-31-13-122"} 1 899.0 0.0 3877 11 1043.6896551724135 29
stats: {cpu,"tsung_controller@ip-172-31-13-122"} 1 1.966568338249754 0.0 6.976744186046512 0.9881422924901186 2.298940642097871 30
stats: session 6 198843.5654703776 4883.525196090851 227928.00317382813 40.119140625 49486.6832842045 433
stats: users_count 0 440
stats: finish_users_count 6 439
stats: request 11 22946.197265625 30349.476456534354 73153.26293945313 0.60693359375 10734.972686306806 1722
stats: connect 0 0 0 113.72802734375 0.486083984375 0.9561379172585227 440
stats: page 11 22946.197265625 30349.476456534354 89825.81787109375 0.653076171875 11751.847187059213 1573
stats: 302 2 196
stats: 200 9 626
stats: size_rcv 2334725 89835389
stats: newphase 0 3
stats: size_sent 3595 550520
stats: connected -6 1
stats: 503 0 888
stats: 500 0 7
stats: 404 0 16
# stats: dump at 1480597655
stats: users 0 193
stats: {freemem,"tsung_controller@ip-172-31-13-122"} 0 0 0 3161.59375 3146.55859375 3151.0260836693546 31
stats: {load,"tsung_controller@ip-172-31-13-122"} 0 0 0 0.078125 0.0 0.021295362903225805 31
stats: {recvpackets,"tsung_controller@ip-172-31-13-122"} 0 0 0 7957 9 2215.1666666666665 30
stats: {sentpackets,"tsung_controller@ip-172-31-13-122"} 0 0 0 3877 11 1038.8666666666663 30
stats: {cpu,"tsung_controller@ip-172-31-13-122"} 0 0 0 6.976744186046512 0.9881422924901186 2.2882189548769643 31
stats: session 1 193702.21606445313 0.0 227928.00317382813 40.119140625 51528.00741431164 439
stats: users_count 0 440
stats: finish_users_count 1 440
stats: request 0 0 0 73153.26293945313 0.60693359375 10812.481901755451 1733
stats: connect 0 0 0 113.72802734375 0.486083984375 0.9561379172585227 440
stats: page 0 0 0 89825.81787109375 0.653076171875 11829.585729271474 1584
stats: 302 0 196
stats: 200 0 626
stats: size_rcv 0 89835389
stats: newphase 0 3
stats: size_sent 0 550520
stats: connected -1 0
stats: 503 0 888
stats: 500 0 7
stats: 404 0 16
EndMonitor:{1480,597655,718469}
