# stats: dump at 1480608186
stats: users 15 15
stats: {freemem,"tsung_controller@ip-172-31-13-122"} 1 3155.875 0 3155.875 3155.875 0 0
stats: {load,"tsung_controller@ip-172-31-13-122"} 1 0.05078125 0 0.05078125 0.05078125 0 0
stats: {cpu,"tsung_controller@ip-172-31-13-122"} 1 2.7882367902105796 0 2.7882367902105796 2.7882367902105796 0 0
stats: session 2 5241.4705810546875 1102.3924560546875 6343.863037109375 4139.078125 0 0
stats: users_count 17 17
stats: finish_users_count 2 2
stats: request 44 21.510830965909097 25.562471459658063 169.357177734375 9.4951171875 0 0
stats: connect 17 10.977007697610293 33.491955587465405 144.289794921875 1.237060546875 0 0
stats: page 39 24.28690905448718 26.738975374217574 169.357177734375 9.4951171875 0 0
stats: 302 10 10
stats: 200 34 34
stats: size_rcv 1129182 1129182
stats: size_sent 22579 22579
stats: connected 15 15
# stats: dump at 1480608196
stats: users 15 18
stats: {freemem,"tsung_controller@ip-172-31-13-122"} 1 3153.33984375 0.0 3155.875 3153.33984375 3155.875 1
stats: {load,"tsung_controller@ip-172-31-13-122"} 1 0.0390625 0.0 0.05078125 0.0390625 0.05078125 1
stats: {recvpackets,"tsung_controller@ip-172-31-13-122"} 1 941 0 941 941 0 0
stats: {sentpackets,"tsung_controller@ip-172-31-13-122"} 1 684 0 684 684 0 0
stats: {cpu,"tsung_controller@ip-172-31-13-122"} 1 2.7559055118110236 0.0 2.7882367902105796 2.7559055118110236 2.7882367902105796 1
stats: session 8 9146.745788574219 3405.8631780949577 12701.738037109375 3944.8251953125 5241.4705810546875 2
stats: users_count 8 25
stats: finish_users_count 8 10
stats: request 47 19.575200506981382 13.003310953282957 169.357177734375 9.4951171875 21.510830965909097 44
stats: connect 7 2.7987234933035716 2.532362321335566 144.289794921875 1.0751953125 10.977007697610293 17
stats: page 40 23.024505615234375 14.911361133730624 169.357177734375 9.4951171875 24.28690905448718 39
stats: 302 23 33
stats: 200 24 58
stats: size_rcv 755239 1884421
stats: size_sent 30991 53570
stats: connected -1 14
# stats: dump at 1480608206
stats: users 13 18
stats: {freemem,"tsung_controller@ip-172-31-13-122"} 1 3152.87109375 0.0 3155.875 3152.87109375 3154.607421875 2
stats: {load,"tsung_controller@ip-172-31-13-122"} 1 0.03125 0.0 0.05078125 0.03125 0.044921875 2
stats: {recvpackets,"tsung_controller@ip-172-31-13-122"} 1 649.0 0.0 941 649 941.0 1
stats: {sentpackets,"tsung_controller@ip-172-31-13-122"} 1 496.0 0.0 684 496 684.0 1
stats: {cpu,"tsung_controller@ip-172-31-13-122"} 1 1.5794669299111548 0.0 2.7882367902105796 1.5794669299111548 2.7720711510108016 2
stats: session 7 11089.65611049107 4115.21414917739 16860.679931640625 3944.8251953125 8365.690747070312 10
stats: users_count 5 30
stats: finish_users_count 7 17
stats: request 44 18.28832452947443 10.597939552131592 169.357177734375 9.4951171875 20.511109739869507 91
stats: connect 6 2.0716552734375 1.1659973138833608 144.289794921875 1.0751953125 8.5916748046875 24
stats: page 36 22.382846408420146 14.077680980295023 169.357177734375 9.4951171875 23.647717439675635 79
stats: 302 23 56
stats: 200 21 79
stats: size_rcv 656229 2540650
stats: size_sent 29597 83167
stats: connected -1 13
# stats: dump at 1480608216
stats: users 21 21
stats: {freemem,"tsung_controller@ip-172-31-13-122"} 1 3153.7421875 0.0 3155.875 3152.87109375 3154.0286458333335 3
stats: {load,"tsung_controller@ip-172-31-13-122"} 1 0.03125 0.0 0.05078125 0.03125 0.040364583333333336 3
stats: {recvpackets,"tsung_controller@ip-172-31-13-122"} 1 401.0 0.0 941 401 795.0 2
stats: {sentpackets,"tsung_controller@ip-172-31-13-122"} 1 312.0 0.0 684 312 590.0 2
stats: {cpu,"tsung_controller@ip-172-31-13-122"} 1 1.3820335636722607 0.0 2.7882367902105796 1.3820335636722607 2.3745364106442524 3
stats: session 8 22579.281768798828 8671.707502365958 32429.1669921875 3944.8251953125 9487.323543772978 17
stats: users_count 16 46
stats: finish_users_count 8 25
stats: request 62 96.14943375126008 221.64341651836622 1011.327880859375 9.4951171875 19.786646412037037 135
stats: connect 16 2.172821044921875 1.684775209819736 144.289794921875 1.0751953125 7.2876708984375 30
stats: page 54 110.41414388020836 236.5360064988823 1022.555908203125 9.4951171875 23.251757812500003 115
stats: 302 23 79
stats: 200 39 118
stats: size_rcv 1350601 3891251
stats: newphase 1 1
stats: size_sent 36619 119786
stats: connected 8 21
# stats: dump at 1480608226
stats: users 36 37
stats: {freemem,"tsung_controller@ip-172-31-13-122"} 1 3153.25390625 0.0 3155.875 3152.87109375 3153.95703125 4
stats: {load,"tsung_controller@ip-172-31-13-122"} 1 0.01953125 0.0 0.05078125 0.01953125 0.0380859375 4
stats: {recvpackets,"tsung_controller@ip-172-31-13-122"} 1 1130.0 0.0 1130 401 663.6666666666666 3
stats: {sentpackets,"tsung_controller@ip-172-31-13-122"} 1 815.0 0.0 815 312 497.3333333333333 3
stats: {cpu,"tsung_controller@ip-172-31-13-122"} 1 1.7786561264822136 0.0 2.7882367902105796 1.3820335636722607 2.1264106989012546 4
stats: session 12 16366.852742513021 11766.295042252981 43043.541015625 3944.8251953125 13676.75017578125 25
stats: users_count 27 73
stats: finish_users_count 12 37
stats: request 108 34.37204092520255 111.60955499690697 1011.327880859375 9.05810546875 43.81960486397525 197
stats: connect 26 2.1104360727163463 1.7571400273138973 144.289794921875 0.988037109375 5.5085926885190215 46
stats: page 90 41.27323133680556 121.65967810105464 1022.555908203125 9.05810546875 51.10246105306954 169
stats: 302 42 121
stats: 200 66 184
stats: size_rcv 2372267 6263518
stats: newphase 0 1
stats: size_sent 65468 185254
stats: connected 16 37
# stats: dump at 1480608236
stats: users 32 41
stats: {freemem,"tsung_controller@ip-172-31-13-122"} 1 3150.83984375 0.0 3155.875 3150.83984375 3153.81640625 5
stats: {load,"tsung_controller@ip-172-31-13-122"} 1 0.01953125 0.0 0.05078125 0.01953125 0.034375 5
stats: {recvpackets,"tsung_controller@ip-172-31-13-122"} 1 2020.0 0.0 2020 401 780.25 4
stats: {sentpackets,"tsung_controller@ip-172-31-13-122"} 1 1441.0 0.0 1441 312 576.75 4
stats: {cpu,"tsung_controller@ip-172-31-13-122"} 1 3.4280117531831538 0.0 3.4280117531831538 1.3820335636722607 2.0568597844174463 5
stats: session 21 13971.577415829614 6600.08429448492 43043.541015625 3944.8251953125 14549.215873099662 37
stats: users_count 17 90
stats: finish_users_count 21 58
stats: request 137 67.63328652486311 189.67765251536613 1011.327880859375 8.44287109375 40.474237961065576 305
stats: connect 18 1.5454915364583333 0.7723459618232535 144.289794921875 0.916015625 4.281480577256945 72
stats: page 112 82.60401044573102 210.50935187165496 1022.794921875 8.44287109375 47.68689860340252 259
stats: 302 74 195
stats: 200 63 247
stats: size_rcv 2169831 8433349
stats: newphase 0 1
stats: size_sent 93445 278699
stats: connected -5 32
# stats: dump at 1480608246
stats: users 50 50
stats: {freemem,"tsung_controller@ip-172-31-13-122"} 1 3150.12109375 0.0 3155.875 3150.12109375 3153.3203125 6
stats: {load,"tsung_controller@ip-172-31-13-122"} 1 0.01953125 0.0 0.05078125 0.01953125 0.031901041666666664 6
stats: {recvpackets,"tsung_controller@ip-172-31-13-122"} 1 1534.0 0.0 2020 401 1028.2 5
stats: {sentpackets,"tsung_controller@ip-172-31-13-122"} 1 1135.0 0.0 1441 312 749.6 5
stats: {cpu,"tsung_controller@ip-172-31-13-122"} 1 2.272727272727273 0.0 3.4280117531831538 1.3820335636722607 2.285385112545064 6
stats: session 23 15425.03171705163 9534.453319008679 43618.507080078125 3622.1259765625 14340.07091443292 58
stats: users_count 41 131
stats: finish_users_count 23 81
stats: request 160 66.5832504272461 193.52420413381915 1012.340087890625 8.44287109375 48.892314099618204 442
stats: connect 40 2.821331787109375 4.096931158406702 144.289794921875 0.916015625 3.7342827690972222 90
stats: page 139 76.78884997470773 209.70644606787528 1027.3369140625 8.44287109375 58.2279134991998 371
stats: 302 61 256
stats: 200 99 346
stats: size_rcv 3667702 12101051
stats: newphase 1 2
stats: size_sent 97715 376414
stats: connected 17 49
# stats: dump at 1480608256
stats: users 63 68
stats: {freemem,"tsung_controller@ip-172-31-13-122"} 1 3149.0390625 0.0 3155.875 3149.0390625 3152.86328125 7
stats: {load,"tsung_controller@ip-172-31-13-122"} 1 0.01953125 0.0 0.05078125 0.01953125 0.030133928571428572 7
stats: {recvpackets,"tsung_controller@ip-172-31-13-122"} 1 2894.0 0.0 2894 401 1112.5 6
stats: {sentpackets,"tsung_controller@ip-172-31-13-122"} 1 1998.0 0.0 1998 312 813.8333333333334 6
stats: {cpu,"tsung_controller@ip-172-31-13-122"} 1 3.155818540433925 0.0 3.4280117531831538 1.3820335636722607 2.2835768497139513 7
stats: session 15 17064.988525390625 8141.088453836391 43618.507080078125 3622.1259765625 14648.146204065393 81
stats: users_count 28 159
stats: finish_users_count 15 96
stats: request 158 1393.123584602453 2200.5695712220827 7333.428955078125 8.44287109375 53.59422408702761 602
stats: connect 29 2.5624073949353448 2.5942842168832847 144.289794921875 0.916015625 3.453374774639423 130
stats: page 129 1706.3432238674898 2348.231776648155 7463.700927734375 8.44287109375 63.28667853860294 510
stats: 302 71 327
stats: 200 87 433
stats: size_rcv 3835153 15936204
stats: newphase 0 2
stats: size_sent 98540 474954
stats: connected 14 63
# stats: dump at 1480608266
stats: users 64 68
stats: {freemem,"tsung_controller@ip-172-31-13-122"} 1 3146.63671875 0.0 3155.875 3146.63671875 3152.38525390625 8
stats: {load,"tsung_controller@ip-172-31-13-122"} 1 0.171875 0.0 0.171875 0.01953125 0.02880859375 8
stats: {recvpackets,"tsung_controller@ip-172-31-13-122"} 1 3182.0 0.0 3182 401 1367.0 7
stats: {sentpackets,"tsung_controller@ip-172-31-13-122"} 1 2072.0 0.0 2072 312 983.0 7
stats: {cpu,"tsung_controller@ip-172-31-13-122"} 1 3.631010794896958 0.0 3.631010794896958 1.3820335636722607 2.392607061053948 8
stats: session 42 17607.185564313615 9637.948009334017 46236.841064453125 3197.19091796875 15025.777816772461 96
stats: users_count 43 202
stats: finish_users_count 42 138
stats: request 205 46.14693097370429 135.45277833344167 7333.428955078125 8.44287109375 332.07532798365554 760
stats: connect 42 2.3923514229910716 3.3247158091928783 144.289794921875 0.842041015625 3.2908712902908803 159
stats: page 177 53.46652238921257 145.60097673972953 7463.700927734375 8.44287109375 394.98353980218104 639
stats: 302 102 429
stats: 200 103 536
stats: size_rcv 4429746 20365950
stats: newphase 0 2
stats: size_sent 139844 614798
stats: connected 0 63
# stats: dump at 1480608276
stats: users 110 110
stats: {freemem,"tsung_controller@ip-172-31-13-122"} 1 3145.796875 0.0 3155.875 3145.796875 3151.746527777778 9
stats: {load,"tsung_controller@ip-172-31-13-122"} 1 0.140625 0.0 0.171875 0.01953125 0.04470486111111111 9
stats: {recvpackets,"tsung_controller@ip-172-31-13-122"} 1 3888.0 0.0 3888 401 1593.875 8
stats: {sentpackets,"tsung_controller@ip-172-31-13-122"} 1 2681.0 0.0 2681 312 1119.125 8
stats: {cpu,"tsung_controller@ip-172-31-13-122"} 1 4.236453201970444 0.0 4.236453201970444 1.3820335636722607 2.5302074759253936 9
stats: session 31 13561.5365265877 7577.8015085138295 46236.841064453125 3197.19091796875 15811.423652980639 138
stats: users_count 77 279
stats: finish_users_count 31 169
stats: request 279 109.96963730678765 247.5732114154247 7333.428955078125 8.44287109375 271.33406229760374 965
stats: connect 78 1.951052934695512 1.724055162759214 144.289794921875 0.842041015625 3.1031208702580844 201
stats: page 240 120.74536641438802 244.0101537826865 7463.700927734375 8.44287109375 320.9044808780445 816
stats: 302 105 534
stats: 200 174 710
stats: size_rcv 7548473 27914423
stats: newphase 1 3
stats: size_sent 187587 802385
stats: connected 47 110
# stats: dump at 1480608286
stats: users 180 182
stats: {freemem,"tsung_controller@ip-172-31-13-122"} 1 3143.40234375 0.0 3155.875 3143.40234375 3151.1515625 10
stats: {load,"tsung_controller@ip-172-31-13-122"} 1 0.12109375 0.0 0.171875 0.01953125 0.054296875 10
stats: {recvpackets,"tsung_controller@ip-172-31-13-122"} 1 5040.0 0.0 5040 401 1848.7777777777778 9
stats: {sentpackets,"tsung_controller@ip-172-31-13-122"} 1 3450.0 0.0 3450 312 1292.6666666666667 9
stats: {cpu,"tsung_controller@ip-172-31-13-122"} 1 5.33596837944664 0.0 5.33596837944664 1.3820335636722607 2.700832048529899 10
stats: session 9 19116.810791015625 3661.2779442718193 46236.841064453125 3197.19091796875 15398.722464115663 169
stats: users_count 79 358
stats: finish_users_count 9 178
stats: request 130 8299.046065579927 2339.044101237692 11462.869140625 8.44287109375 235.14380942586928 1244
stats: connect 78 2.7799948667868586 4.125629287335769 144.289794921875 0.842041015625 2.781037361391129 279
stats: page 86 8449.071649595748 2145.3738708107658 11594.2080078125 8.44287109375 275.4137730453953 1056
stats: 302 62 596
stats: 200 79 789
stats: size_rcv 6254390 34168813
stats: newphase 0 3
stats: size_sent 81322 883707
stats: connected 70 180
# stats: dump at 1480608296
stats: users 137 183
stats: {freemem,"tsung_controller@ip-172-31-13-122"} 1 3111.48828125 0.0 3155.875 3111.48828125 3150.447088068182 11
stats: {load,"tsung_controller@ip-172-31-13-122"} 1 0.1015625 0.0 0.171875 0.01953125 0.060369318181818184 11
stats: {recvpackets,"tsung_controller@ip-172-31-13-122"} 1 12161.0 0.0 12161 401 2167.9 10
stats: {sentpackets,"tsung_controller@ip-172-31-13-122"} 1 6173.0 0.0 6173 312 1508.4 10
stats: {cpu,"tsung_controller@ip-172-31-13-122"} 1 6.536585365853659 0.0 6.536585365853659 1.3820335636722607 2.940389896795057 11
stats: session 105 20779.251925223223 9647.042761270639 63648.171875 3197.19091796875 15586.715694127457 178
stats: users_count 62 420
stats: finish_users_count 105 283
stats: request 676 223.1768199311203 646.2618002143963 11462.869140625 8.44287109375 998.1039937781454 1374
stats: connect 61 2.1326764216188523 2.9753566957204596 144.289794921875 0.842041015625 2.7808095894607843 357
stats: page 586 861.4901527170432 2382.2922491831514 11881.68603515625 8.44287109375 890.9431753075058 1142
stats: 302 311 907
stats: 200 355 1144
stats: size_rcv 20143995 54312808
stats: newphase 0 3
stats: size_sent 405119 1288826
stats: connected -45 135
# stats: dump at 1480608306
stats: users 68 183
stats: {freemem,"tsung_controller@ip-172-31-13-122"} 1 3109.9375 0.0 3155.875 3109.9375 3147.2005208333335 12
stats: {load,"tsung_controller@ip-172-31-13-122"} 1 0.16015625 0.0 0.171875 0.01953125 0.06380208333333333 12
stats: {recvpackets,"tsung_controller@ip-172-31-13-122"} 1 9256.0 0.0 12161 401 3076.3636363636365 11
stats: {sentpackets,"tsung_controller@ip-172-31-13-122"} 1 6113.0 0.0 6173 312 1932.4545454545455 11
stats: {cpu,"tsung_controller@ip-172-31-13-122"} 1 8.46456692913386 0.0 8.46456692913386 1.3820335636722607 3.240072852549941 12
stats: session 78 17848.4888665615 8918.08993028484 63648.171875 3197.19091796875 17513.27507315592 283
stats: users_count 9 429
stats: finish_users_count 78 361
stats: request 291 14.116575889980677 6.814401733231319 11462.869140625 8.44287109375 742.5670330363947 2050
stats: connect 11 2.4960493607954546 1.994953227557895 144.289794921875 0.842041015625 2.686225562574761 418
stats: page 236 17.53725316969015 9.223803987155623 11881.68603515625 8.44287109375 880.9550553781012 1728
stats: 302 199 1106
stats: 200 91 1235
stats: size_rcv 3524617 57837425
stats: newphase 0 3
stats: size_sent 213814 1502640
stats: connected -66 69
# stats: dump at 1480608316
stats: users 25 183
stats: {freemem,"tsung_controller@ip-172-31-13-122"} 1 3110.41015625 0.0 3155.875 3109.9375 3144.3341346153848 13
stats: {load,"tsung_controller@ip-172-31-13-122"} 1 0.12890625 0.0 0.171875 0.01953125 0.0712139423076923 13
stats: {recvpackets,"tsung_controller@ip-172-31-13-122"} 1 1351.0 0.0 12161 401 3591.3333333333335 12
stats: {sentpackets,"tsung_controller@ip-172-31-13-122"} 1 1140.0 0.0 6173 312 2280.8333333333335 12
stats: {cpu,"tsung_controller@ip-172-31-13-122"} 1 2.665350444225074 0.0 8.46456692913386 1.3820335636722607 3.641957012287165 13
stats: session 43 25904.646853424783 8634.601203071956 63648.171875 3197.19091796875 17585.70353821308 361
stats: users_count 0 429
stats: finish_users_count 43 404
stats: request 153 204.45706635518792 436.5612137798552 11462.869140625 8.44287109375 652.0163781753923 2341
stats: connect 0 0 0 144.289794921875 0.842041015625 2.681349249708625 429
stats: page 119 262.9201537060138 482.6862067474993 11881.68603515625 8.44287109375 777.204240041449 1964
stats: 302 119 1225
stats: 200 34 1269
stats: size_rcv 948423 58785848
stats: newphase 0 3
stats: size_sent 117760 1620400
stats: connected -45 24
# stats: dump at 1480608326
stats: users 11 183
stats: {freemem,"tsung_controller@ip-172-31-13-122"} 1 3116.6484375 0.0 3155.875 3109.9375 3141.9109933035716 14
stats: {load,"tsung_controller@ip-172-31-13-122"} 1 0.109375 0.0 0.171875 0.01953125 0.07533482142857142 14
stats: {recvpackets,"tsung_controller@ip-172-31-13-122"} 1 843.0 0.0 12161 401 3419.0 13
stats: {sentpackets,"tsung_controller@ip-172-31-13-122"} 1 666.0 0.0 6173 312 2193.076923076923 13
stats: {cpu,"tsung_controller@ip-172-31-13-122"} 1 2.55653883972468 0.0 8.46456692913386 1.3820335636722607 3.5721994002827304 14
stats: session 14 32807.30700683594 7065.298779641894 63648.171875 3197.19091796875 18471.13562374304 404
stats: users_count 0 429
stats: finish_users_count 14 418
stats: request 41 57.99191358612805 200.92699558648675 11462.869140625 8.44287109375 624.5598526306885 2494
stats: connect 0 0 0 144.289794921875 0.842041015625 2.681349249708625 429
stats: page 32 74.34066772460938 226.5138525521289 11881.68603515625 8.44287109375 747.8236321327036 2083
stats: 302 32 1257
stats: 200 9 1278
stats: size_rcv 251923 59037771
stats: newphase 0 3
stats: size_sent 31306 1651706
stats: connected -15 9
# stats: dump at 1480608336
stats: users 7 183
stats: {freemem,"tsung_controller@ip-172-31-13-122"} 1 3124.55859375 0.0 3155.875 3109.9375 3140.2268229166666 15
stats: {load,"tsung_controller@ip-172-31-13-122"} 1 0.1015625 0.0 0.171875 0.01953125 0.07760416666666667 15
stats: {recvpackets,"tsung_controller@ip-172-31-13-122"} 1 230.0 0.0 12161 230 3235.0 14
stats: {sentpackets,"tsung_controller@ip-172-31-13-122"} 1 189.0 0.0 6173 189 2083.9999999999995 14
stats: {cpu,"tsung_controller@ip-172-31-13-122"} 1 1.3806706114398422 0.0 8.46456692913386 1.3806706114398422 3.504488696245527 15
stats: session 4 45192.82995605469 14681.188765962213 69748.52099609375 3197.19091796875 18951.29447389448 418
stats: users_count 0 429
stats: finish_users_count 4 422
stats: request 20 68.22977294921876 217.14392116897542 11462.869140625 8.44287109375 615.3964263976206 2535
stats: connect 2 12.7174072265625 10.4163818359375 144.289794921875 0.842041015625 2.681349249708625 429
stats: page 15 91.01634114583334 247.09340060033097 11881.68603515625 8.44287109375 737.633818959626 2115
stats: 302 15 1272
stats: 200 5 1283
stats: size_rcv 140443 59178214
stats: newphase 0 3
stats: size_sent 15494 1667200
stats: connected -2 7
# stats: dump at 1480608346
stats: users 3 183
stats: {freemem,"tsung_controller@ip-172-31-13-122"} 1 3126.41796875 0.0 3155.875 3109.9375 3139.24755859375 16
stats: {load,"tsung_controller@ip-172-31-13-122"} 1 0.078125 0.0 0.171875 0.01953125 0.0791015625 16
stats: {recvpackets,"tsung_controller@ip-172-31-13-122"} 1 84.0 0.0 12161 84 3034.6666666666665 15
stats: {sentpackets,"tsung_controller@ip-172-31-13-122"} 1 75.0 0.0 6173 75 1957.6666666666663 15
stats: {cpu,"tsung_controller@ip-172-31-13-122"} 1 1.0869565217391304 0.0 8.46456692913386 1.0869565217391304 3.3717500659451716 16
stats: session 4 59658.18811035156 20262.96259017231 94020.49609375 3197.19091796875 19200.02940737467 422
stats: users_count 0 429
stats: finish_users_count 4 426
stats: request 7 436.481201171875 766.4269356887586 11462.869140625 8.44287109375 611.1133214782593 2555
stats: connect 0 0 0 144.289794921875 0.842041015625 2.7279202844040022 431
stats: page 6 509.2483723958333 805.5691215088713 11881.68603515625 8.44287109375 733.0801747496697 2130
stats: 302 6 1278
stats: 200 1 1284
stats: size_rcv 28537 59206751
stats: newphase 0 3
stats: size_sent 5258 1672458
stats: connected -4 3
# stats: dump at 1480608356
stats: users 3 183
stats: {freemem,"tsung_controller@ip-172-31-13-122"} 1 3126.4453125 0.0 3155.875 3109.9375 3138.492876838235 17
stats: {load,"tsung_controller@ip-172-31-13-122"} 1 0.0703125 0.0 0.171875 0.01953125 0.07904411764705882 17
stats: {recvpackets,"tsung_controller@ip-172-31-13-122"} 1 37.0 0.0 12161 37 2850.25 16
stats: {sentpackets,"tsung_controller@ip-172-31-13-122"} 1 28.0 0.0 6173 28 1839.9999999999995 16
stats: {cpu,"tsung_controller@ip-172-31-13-122"} 1 0.9852216748768473 0.0 8.46456692913386 0.9852216748768473 3.2373504456977575 17
stats: session 0 0 0 94020.49609375 3197.19091796875 19579.91822148713 426
stats: users_count 0 429
stats: finish_users_count 0 426
stats: request 3 12.202555338541666 0.8697796438151448 11462.869140625 8.44287109375 610.6361845375314 2562
stats: connect 0 0 0 144.289794921875 0.842041015625 2.7279202844040022 431
stats: page 2 18.3653564453125 5.2125244140625 11881.68603515625 8.44287109375 732.4514337318218 2136
stats: 302 2 1280
stats: 200 1 1285
stats: size_rcv 25385 59232136
stats: newphase 0 3
stats: size_sent 2346 1674804
stats: connected -1 2
# stats: dump at 1480608366
stats: users 1 183
stats: {freemem,"tsung_controller@ip-172-31-13-122"} 1 3130.5546875 0.0 3155.875 3109.9375 3137.8235677083335 18
stats: {load,"tsung_controller@ip-172-31-13-122"} 1 0.05859375 0.0 0.171875 0.01953125 0.07855902777777778 18
stats: {recvpackets,"tsung_controller@ip-172-31-13-122"} 1 51.0 0.0 12161 37 2684.764705882353 17
stats: {sentpackets,"tsung_controller@ip-172-31-13-122"} 1 35.0 0.0 6173 28 1733.411764705882 17
stats: {cpu,"tsung_controller@ip-172-31-13-122"} 1 1.183431952662722 0.0 8.46456692913386 0.9852216748768473 3.1122321806521516 18
stats: session 2 70141.95300292969 5306.3441162109375 94020.49609375 3197.19091796875 19579.91822148713 426
stats: users_count 0 429
stats: finish_users_count 2 428
stats: request 5 18.745263671875 13.040525886237608 11462.869140625 8.44287109375 609.9362621641993 2565
stats: connect 1 1.337158203125 0.0 144.289794921875 0.842041015625 2.7279202844040022 431
stats: page 4 23.45953369140625 13.760537834916036 11881.68603515625 8.44287109375 731.783439272246 2138
stats: 302 4 1284
stats: 200 1 1286
stats: size_rcv 26537 59258673
stats: newphase 0 3
stats: size_sent 3802 1678606
stats: connected -2 0
# stats: dump at 1480608376
stats: users 1 183
stats: {freemem,"tsung_controller@ip-172-31-13-122"} 1 3130.5390625 0.0 3155.875 3109.9375 3137.4409950657896 19
stats: {load,"tsung_controller@ip-172-31-13-122"} 1 0.05078125 0.0 0.171875 0.01953125 0.07750822368421052 19
stats: {recvpackets,"tsung_controller@ip-172-31-13-122"} 1 9.0 0.0 12161 9 2538.4444444444443 18
stats: {sentpackets,"tsung_controller@ip-172-31-13-122"} 1 8.0 0.0 6173 8 1639.0555555555552 18
stats: {cpu,"tsung_controller@ip-172-31-13-122"} 1 1.085883514313919 0.0 8.46456692913386 0.9852216748768473 3.0107163791790237 19
stats: session 0 0 0 94020.49609375 3197.19091796875 19816.189412054613 428
stats: users_count 0 429
stats: finish_users_count 0 428
stats: request 0 0 0 11462.869140625 8.44287109375 608.786085124331 2570
stats: connect 0 0 0 144.289794921875 0.842041015625 2.724700927734375 432
stats: page 0 0 0 11881.68603515625 8.44287109375 730.4607055550082 2142
stats: 302 0 1284
stats: 200 0 1286
stats: size_rcv 0 59258673
stats: newphase 0 3
stats: size_sent 0 1678606
stats: connected 0 0
# stats: dump at 1480608386
stats: users 1 183
stats: {freemem,"tsung_controller@ip-172-31-13-122"} 1 3130.60546875 0.0 3155.875 3109.9375 3137.0958984375 20
stats: {load,"tsung_controller@ip-172-31-13-122"} 1 0.0390625 0.0 0.171875 0.01953125 0.076171875 20
stats: {recvpackets,"tsung_controller@ip-172-31-13-122"} 1 0.0 0.0 12161 0 2405.315789473684 19
stats: {sentpackets,"tsung_controller@ip-172-31-13-122"} 1 0.0 0.0 6173 0 1553.2105263157891 19
stats: {cpu,"tsung_controller@ip-172-31-13-122"} 1 0.9852216748768473 0.0 8.46456692913386 0.9852216748768473 2.9144747359357686 20
stats: session 0 0 0 94020.49609375 3197.19091796875 19816.189412054613 428
stats: users_count 0 429
stats: finish_users_count 0 428
stats: request 2 14.031494140625 1.66943359375 11462.869140625 8.44287109375 608.786085124331 2570
stats: connect 1 1.39404296875 0.0 144.289794921875 0.842041015625 2.724700927734375 432
stats: page 1 28.18994140625 0.0 11881.68603515625 8.44287109375 730.4607055550082 2142
stats: 302 1 1285
stats: 200 1 1287
stats: size_rcv 25237 59283910
stats: newphase 0 3
stats: size_sent 1494 1680100
stats: connected 1 1
# stats: dump at 1480608396
stats: users 0 183
stats: {freemem,"tsung_controller@ip-172-31-13-122"} 1 3130.61328125 0.0 3155.875 3109.9375 3136.7868303571427 21
stats: {load,"tsung_controller@ip-172-31-13-122"} 1 0.0390625 0.0 0.171875 0.01953125 0.0744047619047619 21
stats: {recvpackets,"tsung_controller@ip-172-31-13-122"} 1 23.0 0.0 12161 0 2285.05 20
stats: {sentpackets,"tsung_controller@ip-172-31-13-122"} 1 16.0 0.0 6173 0 1475.5499999999997 20
stats: {cpu,"tsung_controller@ip-172-31-13-122"} 1 1.0848126232741617 0.0 8.46456692913386 0.9852216748768473 2.8226055425520107 21
stats: session 1 120218.11303710938 0.0 120218.11303710938 3197.19091796875 19816.189412054613 428
stats: users_count 0 429
stats: finish_users_count 1 429
stats: request 2 14.7159423828125 0.1319580078125 11462.869140625 8.44287109375 608.3236009944836 2572
stats: connect 0 0 0 144.289794921875 0.842041015625 2.721627814665127 433
stats: page 2 14.7159423828125 0.1319580078125 11881.68603515625 8.44287109375 730.1330010453727 2143
stats: 302 2 1287
stats: 200 0 1287
stats: size_rcv 2016 59285926
stats: newphase 0 3
stats: size_sent 1580 1681680
stats: connected -1 0
# stats: dump at 1480608397
stats: users 0 183
stats: {freemem,"tsung_controller@ip-172-31-13-122"} 0 0 0 3155.875 3109.9375 3136.5062144886365 22
stats: {load,"tsung_controller@ip-172-31-13-122"} 0 0 0 0.171875 0.01953125 0.07279829545454546 22
stats: {recvpackets,"tsung_controller@ip-172-31-13-122"} 0 0 0 12161 0 2177.3333333333335 21
stats: {sentpackets,"tsung_controller@ip-172-31-13-122"} 0 0 0 6173 0 1406.0476190476188 21
stats: {cpu,"tsung_controller@ip-172-31-13-122"} 0 0 0 8.46456692913386 0.9852216748768473 2.743614955312108 22
stats: session 0 0 0 120218.11303710938 3197.19091796875 20050.226530061736 429
stats: users_count 0 429
stats: finish_users_count 0 429
stats: request 0 0 0 11462.869140625 8.44287109375 607.8623673825088 2574
stats: connect 0 0 0 144.289794921875 0.842041015625 2.721627814665127 433
stats: page 0 0 0 11881.68603515625 8.44287109375 729.4659455128202 2145
stats: 302 0 1287
stats: 200 0 1287
stats: size_rcv 0 59285926
stats: newphase 0 3
stats: size_sent 0 1681680
stats: connected 0 0
EndMonitor:{1480,608397,811408}
