# stats: dump at 1480605993
stats: users 8 9
stats: {freemem,"tsung_controller@ip-172-31-13-122"} 1 3157.0 0 3157.0 3157.0 0 0
stats: {load,"tsung_controller@ip-172-31-13-122"} 1 0.0 0 0.0 0.0 0 0
stats: {cpu,"tsung_controller@ip-172-31-13-122"} 1 2.638928336595064 0 2.638928336595064 2.638928336595064 0 0
stats: session 1 7498.25 0 7498.25 7498.25 0 0
stats: users_count 9 9
stats: finish_users_count 1 1
stats: request 18 14.332628038194445 26.322230402969492 122.128173828125 5.708984375 0 0
stats: connect 9 12.6025390625 33.8031125261222 108.2119140625 0.510009765625 0 0
stats: page 17 15.183837890625 27.102745741215983 122.128173828125 5.708984375 0 0
stats: 302 3 3
stats: 200 15 15
stats: size_rcv 334205 334205
stats: size_sent 5903 5903
stats: connected 8 8
# stats: dump at 1480606003
stats: users 15 17
stats: {freemem,"tsung_controller@ip-172-31-13-122"} 1 3156.05859375 0.0 3157.0 3156.05859375 3157.0 1
stats: {load,"tsung_controller@ip-172-31-13-122"} 1 0.0 0.0 0.0 0.0 0.0 1
stats: {recvpackets,"tsung_controller@ip-172-31-13-122"} 1 325 0 325 325 0 0
stats: {sentpackets,"tsung_controller@ip-172-31-13-122"} 1 217 0 217 217 0 0
stats: {cpu,"tsung_controller@ip-172-31-13-122"} 1 2.559055118110236 0.0 2.638928336595064 2.559055118110236 2.638928336595064 1
stats: session 5 9662.85595703125 3018.092629557958 13626.35693359375 5538.343994140625 7498.25 1
stats: users_count 12 21
stats: finish_users_count 5 6
stats: request 47 6.476635222739362 0.6181653937688405 122.128173828125 5.033935546875 14.332628038194445 18
stats: connect 12 0.6954142252604166 0.04294336416785862 108.2119140625 0.510009765625 12.6025390625 9
stats: page 41 7.4412037919207314 2.5328284145761253 122.128173828125 5.033935546875 15.183837890625 17
stats: 302 17 20
stats: 200 30 45
stats: size_rcv 739654 1073859
stats: size_sent 20527 26430
stats: connected 7 15
# stats: dump at 1480606013
stats: users 14 17
stats: {freemem,"tsung_controller@ip-172-31-13-122"} 1 3154.88671875 0.0 3157.0 3154.88671875 3156.529296875 2
stats: {load,"tsung_controller@ip-172-31-13-122"} 1 0.0 0.0 0.0 0.0 0.0 2
stats: {recvpackets,"tsung_controller@ip-172-31-13-122"} 1 660.0 0.0 660 325 325.0 1
stats: {sentpackets,"tsung_controller@ip-172-31-13-122"} 1 427.0 0.0 427 217 217.0 1
stats: {cpu,"tsung_controller@ip-172-31-13-122"} 1 1.6765285996055226 0.0 2.638928336595064 1.6765285996055226 2.59899172735265 2
stats: session 9 12644.609347873264 4814.812579314481 18149.412109375 3071.950927734375 9302.088297526041 6
stats: users_count 8 29
stats: finish_users_count 9 15
stats: request 50 6.925537109375 1.6038047219541929 122.128173828125 5.02392578125 8.652140925480769 65
stats: connect 7 0.6925920758928571 0.044090863826058604 108.2119140625 0.510009765625 5.798467726934524 21
stats: page 40 8.68805541992188 3.4654877439358325 122.128173828125 5.02392578125 9.710596544989224 58
stats: 302 27 47
stats: 200 23 68
stats: size_rcv 578270 1652129
stats: size_sent 24918 51348
stats: connected -2 13
# stats: dump at 1480606023
stats: users 24 26
stats: {freemem,"tsung_controller@ip-172-31-13-122"} 1 3154.7421875 0.0 3157.0 3154.7421875 3155.9817708333335 3
stats: {load,"tsung_controller@ip-172-31-13-122"} 1 0.0 0.0 0.0 0.0 0.0 3
stats: {recvpackets,"tsung_controller@ip-172-31-13-122"} 1 483.0 0.0 660 325 492.5 2
stats: {sentpackets,"tsung_controller@ip-172-31-13-122"} 1 312.0 0.0 427 217 322.0 2
stats: {cpu,"tsung_controller@ip-172-31-13-122"} 1 1.4822134387351777 0.0 2.638928336595064 1.4822134387351777 2.2915040181036077 3
stats: session 6 14210.326904296875 9660.362740230661 28506.406982421875 2104.098876953125 11307.600927734375 15
stats: users_count 16 45
stats: finish_users_count 6 21
stats: request 60 10.452624511718748 14.688185486551426 122.128173828125 5.02392578125 7.901443614130435 115
stats: connect 17 0.714111328125 0.07034794531098745 108.2119140625 0.510009765625 4.521998814174107 28
stats: page 52 12.080923227163462 15.668234900729724 122.128173828125 5.02392578125 9.29323282047194 98
stats: 302 19 66
stats: 200 41 109
stats: size_rcv 1014293 2666422
stats: newphase 1 1
stats: size_sent 25453 76801
stats: connected 13 26
# stats: dump at 1480606033
stats: users 28 28
stats: {freemem,"tsung_controller@ip-172-31-13-122"} 1 3154.5078125 0.0 3157.0 3154.5078125 3155.671875 4
stats: {load,"tsung_controller@ip-172-31-13-122"} 1 0.078125 0.0 0.078125 0.0 0.0 4
stats: {recvpackets,"tsung_controller@ip-172-31-13-122"} 1 881.0 0.0 881 325 489.3333333333333 3
stats: {sentpackets,"tsung_controller@ip-172-31-13-122"} 1 578.0 0.0 578 217 318.6666666666667 3
stats: {cpu,"tsung_controller@ip-172-31-13-122"} 1 1.7716535433070866 0.0 2.638928336595064 1.4822134387351777 2.0891813732615003 4
stats: session 11 15255.922540838068 6343.018124629752 28506.406982421875 2104.098876953125 12136.951206752232 21
stats: users_count 15 60
stats: finish_users_count 11 32
stats: request 82 6.760923804306403 1.3300302365430965 122.128173828125 5.02392578125 8.776134207589285 175
stats: connect 13 0.7035757211538461 0.058773827953720735 108.2119140625 0.510009765625 3.0834635416666667 45
stats: page 68 8.178736069623163 3.0747808505633034 122.128173828125 5.02392578125 10.259632161458335 150
stats: 302 42 108
stats: 200 40 149
stats: size_rcv 1042441 3708863
stats: newphase 0 1
stats: size_sent 40201 117002
stats: connected 0 26
# stats: dump at 1480606043
stats: users 33 33
stats: {freemem,"tsung_controller@ip-172-31-13-122"} 1 3153.30859375 0.0 3157.0 3153.30859375 3155.4390625 5
stats: {load,"tsung_controller@ip-172-31-13-122"} 1 0.05859375 0.0 0.078125 0.0 0.015625 5
stats: {recvpackets,"tsung_controller@ip-172-31-13-122"} 1 1098.0 0.0 1098 325 587.25 4
stats: {sentpackets,"tsung_controller@ip-172-31-13-122"} 1 738.0 0.0 738 217 383.5 4
stats: {cpu,"tsung_controller@ip-172-31-13-122"} 1 1.7786561264822136 0.0 2.638928336595064 1.4822134387351777 2.0256758072706176 5
stats: session 18 17595.312174479168 11102.079619417027 43953.30615234375 1924.6279296875 13209.097602844238 32
stats: users_count 23 83
stats: finish_users_count 18 50
stats: request 116 7.2274801320043105 2.0787433969689673 122.128173828125 4.968994140625 8.133148787086576 257
stats: connect 24 0.6953328450520834 0.15134076807401117 108.2119140625 0.510009765625 2.5500404094827585 58
stats: page 99 8.490244239267678 3.190760157493182 122.128173828125 4.968994140625 9.61054530712443 218
stats: 302 50 158
stats: 200 66 215
stats: size_rcv 1869375 5578238
stats: newphase 0 1
stats: size_sent 53457 170459
stats: connected 7 33
# stats: dump at 1480606053
stats: users 41 42
stats: {freemem,"tsung_controller@ip-172-31-13-122"} 1 3152.34765625 0.0 3157.0 3152.34765625 3155.083984375 6
stats: {load,"tsung_controller@ip-172-31-13-122"} 1 0.05078125 0.0 0.078125 0.0 0.022786458333333332 6
stats: {recvpackets,"tsung_controller@ip-172-31-13-122"} 1 1520.0 0.0 1520 325 689.4 5
stats: {sentpackets,"tsung_controller@ip-172-31-13-122"} 1 973.0 0.0 973 217 454.4 5
stats: {cpu,"tsung_controller@ip-172-31-13-122"} 1 2.4630541871921183 0.0 2.638928336595064 1.4822134387351777 1.9845058604725503 6
stats: session 20 11564.593884277343 7220.666781139202 43953.30615234375 1924.6279296875 14788.134848632813 50
stats: users_count 28 111
stats: finish_users_count 20 70
stats: request 156 7.3838360126201925 1.3954753240830169 122.128173828125 4.968994140625 7.85149311955429 373
stats: connect 29 0.653985385237069 0.1331743166817937 108.2119140625 0.485107421875 2.0071991711128048 82
stats: page 129 8.954720430595932 3.221726208852968 122.128173828125 4.968994140625 9.260672102967273 317
stats: 302 73 231
stats: 200 83 298
stats: size_rcv 2366075 7944313
stats: newphase 1 2
stats: size_sent 74352 244811
stats: connected 9 42
# stats: dump at 1480606063
stats: users 51 52
stats: {freemem,"tsung_controller@ip-172-31-13-122"} 1 3151.5078125 0.0 3157.0 3151.5078125 3154.6930803571427 7
stats: {load,"tsung_controller@ip-172-31-13-122"} 1 0.05078125 0.0 0.078125 0.0 0.026785714285714284 7
stats: {recvpackets,"tsung_controller@ip-172-31-13-122"} 1 2173.0 0.0 2173 325 827.8333333333334 6
stats: {sentpackets,"tsung_controller@ip-172-31-13-122"} 1 1281.0 0.0 1281 217 540.8333333333334 6
stats: {cpu,"tsung_controller@ip-172-31-13-122"} 1 2.9440628066732093 0.0 2.9440628066732093 1.4822134387351777 2.0528699071467744 7
stats: session 27 14683.361264829282 11505.37604791331 48674.198974609375 1924.6279296875 13867.12314453125 70
stats: users_count 37 148
stats: finish_users_count 27 97
stats: request 175 7.128701171875 1.781356488012874 122.128173828125 4.948974609375 7.7135828952032135 529
stats: connect 37 0.9549527554898649 1.9274115778271281 108.2119140625 0.485107421875 1.6536568306587838 111
stats: page 150 8.293492838541667 3.1757852192079064 122.128173828125 4.948974609375 9.172179354680495 446
stats: 302 76 307
stats: 200 99 397
stats: size_rcv 2876022 10820335
stats: newphase 0 2
stats: size_sent 80697 325508
stats: connected 9 51
# stats: dump at 1480606073
stats: users 66 66
stats: {freemem,"tsung_controller@ip-172-31-13-122"} 1 3151.03515625 0.0 3157.0 3151.03515625 3154.294921875 8
stats: {load,"tsung_controller@ip-172-31-13-122"} 1 0.0390625 0.0 0.078125 0.0 0.02978515625 8
stats: {recvpackets,"tsung_controller@ip-172-31-13-122"} 1 2516.0 0.0 2516 325 1020.0 7
stats: {sentpackets,"tsung_controller@ip-172-31-13-122"} 1 1553.0 0.0 1553 217 646.5714285714286 7
stats: {cpu,"tsung_controller@ip-172-31-13-122"} 1 3.43811394891945 0.0 3.43811394891945 1.4822134387351777 2.1642690195875787 8
stats: session 31 12826.369841544858 8958.938423910058 48674.198974609375 1924.6279296875 14094.323446057506 97
stats: users_count 46 194
stats: finish_users_count 31 128
stats: request 216 7.434442590784143 3.584773023793853 122.128173828125 4.566162109375 7.568193262273615 704
stats: connect 45 0.6239529079861111 0.05508661400951735 108.2119140625 0.485107421875 1.478980811866554 148
stats: page 182 8.881277901785712 4.619171323808469 122.128173828125 4.566162109375 8.951033419410654 596
stats: 302 97 404
stats: 200 119 516
stats: size_rcv 3754517 14574852
stats: newphase 0 2
stats: size_sent 99873 425381
stats: connected 14 65
# stats: dump at 1480606083
stats: users 110 110
stats: {freemem,"tsung_controller@ip-172-31-13-122"} 1 3149.58203125 0.0 3157.0 3149.58203125 3153.9327256944443 9
stats: {load,"tsung_controller@ip-172-31-13-122"} 1 0.03125 0.0 0.078125 0.0 0.030815972222222224 9
stats: {recvpackets,"tsung_controller@ip-172-31-13-122"} 1 3207.0 0.0 3207 325 1207.0 8
stats: {sentpackets,"tsung_controller@ip-172-31-13-122"} 1 1959.0 0.0 1959 217 759.875 8
stats: {cpu,"tsung_controller@ip-172-31-13-122"} 1 4.576436222005842 0.0 4.576436222005842 1.4822134387351777 2.3058073450688976 9
stats: session 48 14113.932596842447 8543.342651097364 48674.198974609375 982.52099609375 13787.2409324646 128
stats: users_count 92 286
stats: finish_users_count 48 176
stats: request 370 8.055061629011824 2.6819382582282416 122.128173828125 4.566162109375 7.5367909307065215 920
stats: connect 92 0.6994310461956522 0.8382077042651443 108.2119140625 0.485107421875 1.2796219741742227 193
stats: page 320 9.33256530761719 3.5148378488291754 122.128173828125 4.566162109375 8.934715290608933 778
stats: 302 146 550
stats: 200 224 740
stats: size_rcv 8390368 22965220
stats: newphase 1 3
stats: size_sent 164040 589421
stats: connected 45 110
# stats: dump at 1480606093
stats: users 132 133
stats: {freemem,"tsung_controller@ip-172-31-13-122"} 1 3143.8671875 0.0 3157.0 3143.8671875 3153.49765625 10
stats: {load,"tsung_controller@ip-172-31-13-122"} 1 0.03125 0.0 0.078125 0.0 0.030859375 10
stats: {recvpackets,"tsung_controller@ip-172-31-13-122"} 1 7309.0 0.0 7309 325 1429.2222222222222 9
stats: {sentpackets,"tsung_controller@ip-172-31-13-122"} 1 4060.0 0.0 4060 217 893.1111111111111 9
stats: {cpu,"tsung_controller@ip-172-31-13-122"} 1 6.51750972762646 0.0 6.51750972762646 1.4822134387351777 2.5328702327625923 10
stats: session 56 12977.555271693638 7806.834276377967 48674.198974609375 982.52099609375 13876.338659113104 176
stats: users_count 78 364
stats: finish_users_count 56 232
stats: request 420 8.210797409784227 3.4760426769522654 122.128173828125 4.566162109375 7.685442216266957 1290
stats: connect 76 0.6338950709292762 0.08541688084497646 108.2119140625 0.485107421875 1.0923322711074561 285
stats: page 345 10.02214744678443 4.310699122811036 122.128173828125 4.566162109375 9.050664293744308 1098
stats: 302 188 738
stats: 200 232 972
stats: size_rcv 9317779 32282999
stats: newphase 0 3
stats: size_sent 199199 788620
stats: connected 21 131
# stats: dump at 1480606103
stats: users 119 139
stats: {freemem,"tsung_controller@ip-172-31-13-122"} 1 3138.28515625 0.0 3157.0 3138.28515625 3152.622159090909 11
stats: {load,"tsung_controller@ip-172-31-13-122"} 1 0.1015625 0.0 0.1015625 0.0 0.030894886363636364 11
stats: {recvpackets,"tsung_controller@ip-172-31-13-122"} 1 8081.0 0.0 8081 325 2017.2 10
stats: {sentpackets,"tsung_controller@ip-172-31-13-122"} 1 4293.0 0.0 4293 217 1209.8 10
stats: {cpu,"tsung_controller@ip-172-31-13-122"} 1 6.653620352250488 0.0 6.653620352250488 1.4822134387351777 2.895110186841126 11
stats: session 84 15193.125183105469 8410.40818020528 48674.198974609375 982.52099609375 13659.390944908406 232
stats: users_count 71 435
stats: finish_users_count 84 316
stats: request 482 8.419529831755717 4.719040135662763 122.128173828125 4.566162109375 7.814476825201023 1710
stats: connect 72 0.6116773817274304 0.10515214019262852 108.2119140625 0.485107421875 0.9958191763331025 361
stats: page 405 10.04165400752315 5.583541236524962 122.128173828125 4.566162109375 9.282931575656187 1443
stats: 302 253 991
stats: 200 229 1201
stats: size_rcv 10722598 43005597
stats: newphase 0 3
stats: size_sent 238176 1026796
stats: connected -13 118
# stats: dump at 1480606113
stats: users 55 139
stats: {freemem,"tsung_controller@ip-172-31-13-122"} 1 3137.54296875 0.0 3157.0 3137.54296875 3151.4274088541665 12
stats: {load,"tsung_controller@ip-172-31-13-122"} 1 0.08984375 0.0 0.1015625 0.0 0.036783854166666664 12
stats: {recvpackets,"tsung_controller@ip-172-31-13-122"} 1 7657.0 0.0 8081 325 2568.4545454545455 11
stats: {sentpackets,"tsung_controller@ip-172-31-13-122"} 1 4187.0 0.0 4293 217 1490.090909090909 11
stats: {cpu,"tsung_controller@ip-172-31-13-122"} 1 6.886517943743938 0.0 6.886517943743938 1.4822134387351777 3.2083193672919066 12
stats: session 71 16498.647433428698 7887.01783416443 48674.198974609375 982.52099609375 14067.092451264587 316
stats: users_count 7 442
stats: finish_users_count 71 387
stats: request 286 6.845955802010488 2.3885940930599436 122.128173828125 4.087890625 7.947522239963507 2192
stats: connect 9 0.6077473958333334 0.03428280730387152 108.2119140625 0.485107421875 0.9319434044818129 433
stats: page 225 8.73041775173612 4.353736164743332 122.128173828125 4.087890625 9.449210030691967 1848
stats: 302 198 1189
stats: 200 88 1289
stats: size_rcv 2613364 45618961
stats: newphase 0 3
stats: size_sent 158706 1185502
stats: connected -62 56
# stats: dump at 1480606123
stats: users 20 139
stats: {freemem,"tsung_controller@ip-172-31-13-122"} 1 3137.91796875 0.0 3157.0 3137.54296875 3150.359375 13
stats: {load,"tsung_controller@ip-172-31-13-122"} 1 0.0703125 0.0 0.1015625 0.0 0.040865384615384616 13
stats: {recvpackets,"tsung_controller@ip-172-31-13-122"} 1 1582.0 0.0 8081 325 2992.5 12
stats: {sentpackets,"tsung_controller@ip-172-31-13-122"} 1 1132.0 0.0 4293 217 1714.8333333333333 12
stats: {cpu,"tsung_controller@ip-172-31-13-122"} 1 2.9585798816568047 0.0 6.886517943743938 1.4822134387351777 3.4912577193266783 13
stats: session 35 23129.066238839285 8866.857861206297 50955.68310546875 982.52099609375 14513.191685718468 387
stats: users_count 0 442
stats: finish_users_count 35 422
stats: request 114 6.530487595942983 1.1941488643535356 122.128173828125 4.087890625 7.820384224929382 2478
stats: connect 0 0 0 108.2119140625 0.485107421875 0.9253421282876131 442
stats: page 89 8.396824525983144 3.884049687548208 122.128173828125 4.087890625 9.371193502585326 2073
stats: 302 89 1278
stats: 200 25 1314
stats: size_rcv 614733 46233694
stats: newphase 0 3
stats: size_sent 65412 1250914
stats: connected -36 20
# stats: dump at 1480606133
stats: users 9 139
stats: {freemem,"tsung_controller@ip-172-31-13-122"} 1 3141.58984375 0.0 3157.0 3137.54296875 3149.470703125 14
stats: {load,"tsung_controller@ip-172-31-13-122"} 1 0.05859375 0.0 0.1015625 0.0 0.04296875 14
stats: {recvpackets,"tsung_controller@ip-172-31-13-122"} 1 537.0 0.0 8081 325 2884.0 13
stats: {sentpackets,"tsung_controller@ip-172-31-13-122"} 1 390.0 0.0 4293 217 1670.0 13
stats: {cpu,"tsung_controller@ip-172-31-13-122"} 1 1.8664047151277015 0.0 6.886517943743938 1.4822134387351777 3.453209302350259 14
stats: session 11 30387.773082386364 3902.1012868934818 50955.68310546875 982.52099609375 15227.778437754554 422
stats: users_count 0 442
stats: finish_users_count 11 433
stats: request 34 6.506476907169118 0.9511096273425887 122.128173828125 4.087890625 7.7636526602285905 2592
stats: connect 0 0 0 108.2119140625 0.485107421875 0.9253421282876131 442
stats: page 27 8.225585937500002 3.588451416352244 122.128173828125 4.087890625 9.331083031300594 2162
stats: 302 27 1305
stats: 200 7 1321
stats: size_rcv 172323 46406017
stats: newphase 0 3
stats: size_sent 19572 1270486
stats: connected -11 9
# stats: dump at 1480606143
stats: users 1 139
stats: {freemem,"tsung_controller@ip-172-31-13-122"} 1 3141.63671875 0.0 3157.0 3137.54296875 3148.9453125 15
stats: {load,"tsung_controller@ip-172-31-13-122"} 1 0.05078125 0.0 0.1015625 0.0 0.04401041666666667 15
stats: {recvpackets,"tsung_controller@ip-172-31-13-122"} 1 242.0 0.0 8081 242 2716.3571428571427 14
stats: {sentpackets,"tsung_controller@ip-172-31-13-122"} 1 182.0 0.0 4293 182 1578.5714285714287 14
stats: {cpu,"tsung_controller@ip-172-31-13-122"} 1 1.279527559055118 0.0 6.886517943743938 1.279527559055118 3.347422329868755 15
stats: session 8 38685.79965209961 8061.761397346381 58296.30908203125 982.52099609375 15612.905322491159 433
stats: users_count 0 442
stats: finish_users_count 8 441
stats: request 22 6.688609730113637 1.739887711299773 122.128173828125 4.087890625 7.7473754417959855 2626
stats: connect 0 0 0 108.2119140625 0.485107421875 0.9253421282876131 442
stats: page 18 8.202528211805554 3.4280678207756687 122.128173828125 4.087890625 9.317447388754857 2189
stats: 302 18 1323
stats: 200 4 1325
stats: size_rcv 98727 46504744
stats: newphase 0 3
stats: size_sent 12666 1283152
stats: connected -8 1
# stats: dump at 1480606153
stats: users 0 139
stats: {freemem,"tsung_controller@ip-172-31-13-122"} 1 3141.66015625 0.0 3157.0 3137.54296875 3148.488525390625 16
stats: {load,"tsung_controller@ip-172-31-13-122"} 1 0.0390625 0.0 0.1015625 0.0 0.04443359375 16
stats: {recvpackets,"tsung_controller@ip-172-31-13-122"} 1 50.0 0.0 8081 50 2551.4 15
stats: {sentpackets,"tsung_controller@ip-172-31-13-122"} 1 54.0 0.0 4293 54 1485.4666666666667 15
stats: {cpu,"tsung_controller@ip-172-31-13-122"} 1 1.279527559055118 0.0 6.886517943743938 1.279527559055118 3.2181789066929025 16
stats: session 1 49701.1640625 0.0 58296.30908203125 982.52099609375 16031.461228697208 441
stats: users_count 0 442
stats: finish_users_count 1 442
stats: request 4 7.90252685546875 0.7136256021825175 122.128173828125 4.087890625 7.7385790499315545 2648
stats: connect 0 0 0 108.2119140625 0.485107421875 0.9253421282876131 442
stats: page 3 10.58203125 4.171185654397394 122.128173828125 4.087890625 9.308354255458488 2207
stats: 302 3 1326
stats: 200 1 1326
stats: size_rcv 24528 46529272
stats: newphase 0 3
stats: size_sent 2302 1285454
stats: connected -1 0
# stats: dump at 1480606155
stats: users 0 139
stats: {freemem,"tsung_controller@ip-172-31-13-122"} 0 0 0 3157.0 3137.54296875 3148.086856617647 17
stats: {load,"tsung_controller@ip-172-31-13-122"} 0 0 0 0.1015625 0.0 0.04411764705882353 17
stats: {recvpackets,"tsung_controller@ip-172-31-13-122"} 0 0 0 8081 50 2395.0625 16
stats: {sentpackets,"tsung_controller@ip-172-31-13-122"} 0 0 0 4293 54 1396.0 16
stats: {cpu,"tsung_controller@ip-172-31-13-122"} 0 0 0 6.886517943743938 1.279527559055118 3.104140592125974 17
stats: session 0 0 0 58296.30908203125 982.52099609375 16107.63702696373 442
stats: users_count 0 442
stats: finish_users_count 0 442
stats: request 0 0 0 122.128173828125 4.087890625 7.73882633168953 2652
stats: connect 0 0 0 108.2119140625 0.485107421875 0.9253421282876131 442
stats: page 0 0 0 122.128173828125 4.087890625 9.310083228754245 2210
stats: 302 0 1326
stats: 200 0 1326
stats: size_rcv 0 46529272
stats: newphase 0 3
stats: size_sent 0 1285454
stats: connected 0 0
EndMonitor:{1480,606155,59413}
