# stats: dump at 1480599578
stats: users 2 3
stats: {freemem,"tsung_controller@ip-172-31-13-122"} 1 3162.19140625 0 3162.19140625 3162.19140625 0 0
stats: {load,"tsung_controller@ip-172-31-13-122"} 1 0.0 0 0.0 0.0 0 0
stats: {cpu,"tsung_controller@ip-172-31-13-122"} 1 2.1634907748233605 0 2.1634907748233605 2.1634907748233605 0 0
stats: session 9 888.5268012152778 1652.524256447556 5528.1259765625 50.0791015625 0 0
stats: users_count 11 11
stats: finish_users_count 9 9
stats: request 10 17.946533203125 32.36833093986589 115.010986328125 6.7099609375 0 0
stats: connect 10 11.477929687500001 32.15305381145636 107.93701171875 0.684814453125 0 0
stats: page 10 17.946533203125 32.36833093986589 115.010986328125 6.7099609375 0 0
stats: 200 10 10
stats: size_rcv 246217 246217
stats: size_sent 1390 1390
stats: connected 1 1
# stats: dump at 1480599588
stats: users 2 5
stats: {freemem,"tsung_controller@ip-172-31-13-122"} 1 3161.4375 0.0 3162.19140625 3161.4375 3162.19140625 1
stats: {load,"tsung_controller@ip-172-31-13-122"} 1 0.0 0.0 0.0 0.0 0.0 1
stats: {recvpackets,"tsung_controller@ip-172-31-13-122"} 1 250 0 250 250 0 0
stats: {sentpackets,"tsung_controller@ip-172-31-13-122"} 1 186 0 186 186 0 0
stats: {cpu,"tsung_controller@ip-172-31-13-122"} 1 2.0689655172413794 0.0 2.1634907748233605 2.0689655172413794 2.1634907748233605 1
stats: session 9 1478.9715440538193 833.2075464646157 5528.1259765625 50.0791015625 888.5268012152778 9
stats: users_count 9 20
stats: finish_users_count 9 18
stats: request 9 7.015977647569445 0.6429166676793776 115.010986328125 5.722900390625 17.946533203125 10
stats: connect 9 0.9237196180555556 0.47918941763218775 107.93701171875 0.596923828125 11.477929687500001 10
stats: page 9 7.015977647569445 0.6429166676793776 115.010986328125 5.722900390625 17.946533203125 10
stats: 200 9 19
stats: size_rcv 221598 467815
stats: size_sent 1251 2641
stats: connected 0 1
# stats: dump at 1480599598
stats: users 2 5
stats: {freemem,"tsung_controller@ip-172-31-13-122"} 1 3160.84375 0.0 3162.19140625 3160.84375 3161.814453125 2
stats: {load,"tsung_controller@ip-172-31-13-122"} 1 0.0 0.0 0.0 0.0 0.0 2
stats: {recvpackets,"tsung_controller@ip-172-31-13-122"} 1 248.0 0.0 250 248 250.0 1
stats: {sentpackets,"tsung_controller@ip-172-31-13-122"} 1 162.0 0.0 186 162 186.0 1
stats: {cpu,"tsung_controller@ip-172-31-13-122"} 1 1.2807881773399015 0.0 2.1634907748233605 1.2807881773399015 2.1162281460323698 2
stats: session 10 2079.533642578125 2728.568602945997 8116.114990234375 32.05810546875 1183.7491726345486 18
stats: users_count 10 30
stats: finish_users_count 10 28
stats: request 11 7.000932173295454 0.1500826051211971 115.010986328125 5.722900390625 12.768901624177632 19
stats: connect 11 0.7309126420454546 0.07248415272873558 107.93701171875 0.5419921875 6.478567023026317 19
stats: page 11 7.000932173295454 0.1500826051211971 115.010986328125 5.722900390625 12.768901624177632 19
stats: 200 11 30
stats: size_rcv 270852 738667
stats: size_sent 1529 4170
stats: connected 1 2
# stats: dump at 1480599608
stats: users 5 9
stats: {freemem,"tsung_controller@ip-172-31-13-122"} 1 3161.01171875 0.0 3162.19140625 3160.84375 3161.4908854166665 3
stats: {load,"tsung_controller@ip-172-31-13-122"} 1 0.0 0.0 0.0 0.0 0.0 3
stats: {recvpackets,"tsung_controller@ip-172-31-13-122"} 1 226.0 0.0 250 226 249.0 2
stats: {sentpackets,"tsung_controller@ip-172-31-13-122"} 1 169.0 0.0 186 162 174.0 2
stats: {cpu,"tsung_controller@ip-172-31-13-122"} 1 1.3806706114398422 0.0 2.1634907748233605 1.2807881773399015 1.8377481564682137 3
stats: session 19 1786.6765907689144 1549.124675982456 8116.114990234375 32.05810546875 1503.6721976143974 28
stats: users_count 22 52
stats: finish_users_count 19 47
stats: request 22 7.016324129971591 1.6406374667390962 115.010986328125 5.701904296875 10.6539794921875 30
stats: connect 22 0.6969327059659091 0.09288891031157316 107.93701171875 0.5380859375 4.37109375 30
stats: page 22 7.016324129971591 1.6406374667390962 115.010986328125 5.701904296875 10.6539794921875 30
stats: 200 22 52
stats: size_rcv 541721 1280388
stats: newphase 1 1
stats: size_sent 3058 7228
stats: connected 3 5
# stats: dump at 1480599618
stats: users 7 9
stats: {freemem,"tsung_controller@ip-172-31-13-122"} 1 3160.63671875 0.0 3162.19140625 3160.63671875 3161.37109375 4
stats: {load,"tsung_controller@ip-172-31-13-122"} 1 0.0 0.0 0.0 0.0 0.0 4
stats: {recvpackets,"tsung_controller@ip-172-31-13-122"} 1 535.0 0.0 535 226 241.33333333333334 3
stats: {sentpackets,"tsung_controller@ip-172-31-13-122"} 1 385.0 0.0 385 162 172.33333333333334 3
stats: {cpu,"tsung_controller@ip-172-31-13-122"} 1 1.5794669299111548 0.0 2.1634907748233605 1.2807881773399015 1.7234787702111207 4
stats: session 22 2013.5943048650568 1955.0515992662504 8116.114990234375 32.05810546875 1618.0782288896276 47
stats: users_count 24 76
stats: finish_users_count 22 69
stats: request 24 6.850901285807292 0.35222606539716156 115.010986328125 5.701904296875 9.114971454326923 52
stats: connect 24 0.7884114583333334 0.22787703343847387 107.93701171875 0.5380859375 2.8166410006009617 52
stats: page 24 6.850901285807292 0.35222606539716156 115.010986328125 5.701904296875 9.114971454326923 52
stats: 200 24 76
stats: size_rcv 590924 1871312
stats: newphase 0 1
stats: size_sent 3336 10564
stats: connected 3 8
# stats: dump at 1480599628
stats: users 2 9
stats: {freemem,"tsung_controller@ip-172-31-13-122"} 1 3159.921875 0.0 3162.19140625 3159.921875 3161.22421875 5
stats: {load,"tsung_controller@ip-172-31-13-122"} 1 0.0 0.0 0.0 0.0 0.0 5
stats: {recvpackets,"tsung_controller@ip-172-31-13-122"} 1 476.0 0.0 535 226 314.75 4
stats: {sentpackets,"tsung_controller@ip-172-31-13-122"} 1 322.0 0.0 385 162 225.5 4
stats: {cpu,"tsung_controller@ip-172-31-13-122"} 1 1.7751479289940828 0.0 2.1634907748233605 1.2807881773399015 1.6946764021511274 5
stats: session 19 3200.0541092722037 3417.7447477164874 10968.10400390625 32.05810546875 1744.1848038383152 69
stats: users_count 14 90
stats: finish_users_count 19 88
stats: request 14 7.369611467633929 2.143635113095678 115.010986328125 5.5068359375 8.400001927425986 76
stats: connect 14 0.8100760323660714 0.32586070917428733 107.93701171875 0.511962890625 2.1761474609375 76
stats: page 14 7.369611467633929 2.143635113095678 115.010986328125 5.5068359375 8.400001927425986 76
stats: 200 14 90
stats: size_rcv 344743 2216055
stats: newphase 0 1
stats: size_sent 1946 12510
stats: connected -5 3
# stats: dump at 1480599638
stats: users 5 11
stats: {freemem,"tsung_controller@ip-172-31-13-122"} 1 3160.06640625 0.0 3162.19140625 3159.921875 3161.0071614583335 6
stats: {load,"tsung_controller@ip-172-31-13-122"} 1 0.0 0.0 0.0 0.0 0.0 6
stats: {recvpackets,"tsung_controller@ip-172-31-13-122"} 1 296.0 0.0 535 226 347.0 5
stats: {sentpackets,"tsung_controller@ip-172-31-13-122"} 1 225.0 0.0 385 162 244.8 5
stats: {cpu,"tsung_controller@ip-172-31-13-122"} 1 1.1869436201780417 0.0 2.1634907748233605 1.1869436201780417 1.70808832329162 6
stats: session 29 1571.8257341056035 1495.235722015574 10968.10400390625 32.05810546875 2058.520222056996 88
stats: users_count 32 122
stats: finish_users_count 29 117
stats: request 30 6.923819986979167 0.8892812786715426 115.010986328125 5.5068359375 8.23971896701389 90
stats: connect 30 0.7433675130208334 0.13893628172789116 107.93701171875 0.511962890625 1.9636474609375 90
stats: page 30 6.923819986979167 0.8892812786715426 115.010986328125 5.5068359375 8.23971896701389 90
stats: 200 30 120
stats: size_rcv 738659 2954714
stats: newphase 1 2
stats: size_sent 4170 16680
stats: connected 4 7
# stats: dump at 1480599648
stats: users 7 12
stats: {freemem,"tsung_controller@ip-172-31-13-122"} 1 3159.83203125 0.0 3162.19140625 3159.83203125 3160.8727678571427 7
stats: {load,"tsung_controller@ip-172-31-13-122"} 1 0.0 0.0 0.0 0.0 0.0 7
stats: {recvpackets,"tsung_controller@ip-172-31-13-122"} 1 798.0 0.0 798 226 338.5 6
stats: {sentpackets,"tsung_controller@ip-172-31-13-122"} 1 577.0 0.0 577 162 241.5 6
stats: {cpu,"tsung_controller@ip-172-31-13-122"} 1 1.9704433497536946 0.0 2.1634907748233605 1.1869436201780417 1.63363907998968 7
stats: session 38 1625.8350637335527 1584.9661240628925 10968.10400390625 32.05810546875 1937.8865455562234 117
stats: users_count 40 162
stats: finish_users_count 38 155
stats: request 41 7.149592701981708 1.185841196337307 115.010986328125 5.5068359375 7.910744222005208 120
stats: connect 41 0.7550197694359756 0.21552690753021347 107.93701171875 0.511962890625 1.6585774739583334 120
stats: page 41 7.149592701981708 1.185841196337307 115.010986328125 5.5068359375 7.910744222005208 120
stats: 200 41 161
stats: size_rcv 1009539 3964253
stats: newphase 0 2
stats: size_sent 5699 22379
stats: connected 2 9
# stats: dump at 1480599658
stats: users 4 19
stats: {freemem,"tsung_controller@ip-172-31-13-122"} 1 3159.75390625 0.0 3162.19140625 3159.75390625 3160.74267578125 8
stats: {load,"tsung_controller@ip-172-31-13-122"} 1 0.0 0.0 0.0 0.0 0.0 8
stats: {recvpackets,"tsung_controller@ip-172-31-13-122"} 1 1027.0 0.0 1027 226 404.14285714285717 7
stats: {sentpackets,"tsung_controller@ip-172-31-13-122"} 1 740.0 0.0 740 162 289.42857142857144 7
stats: {cpu,"tsung_controller@ip-172-31-13-122"} 1 2.3622047244094486 0.0 2.3622047244094486 1.1869436201780417 1.6757396137101819 8
stats: session 51 2079.5353620940564 2186.2854949188845 10968.10400390625 32.05810546875 1861.383601625504 155
stats: users_count 48 210
stats: finish_users_count 51 206
stats: request 49 6.651651187818878 0.4752017448773795 115.010986328125 5.5068359375 7.716910605104814 161
stats: connect 49 0.6644959741709185 0.09239667051639643 107.93701171875 0.510009765625 1.42847892808618 161
stats: page 49 6.651651187818878 0.4752017448773795 115.010986328125 5.5068359375 7.716910605104814 161
stats: 200 49 210
stats: size_rcv 1206502 5170755
stats: newphase 0 2
stats: size_sent 6811 29190
stats: connected -5 4
# stats: dump at 1480599668
stats: users 18 19
stats: {freemem,"tsung_controller@ip-172-31-13-122"} 1 3159.609375 0.0 3162.19140625 3159.609375 3160.6328125 9
stats: {load,"tsung_controller@ip-172-31-13-122"} 1 0.0 0.0 0.0 0.0 0.0 9
stats: {recvpackets,"tsung_controller@ip-172-31-13-122"} 1 969.0 0.0 1027 226 482.0 8
stats: {sentpackets,"tsung_controller@ip-172-31-13-122"} 1 702.0 0.0 740 162 345.75 8
stats: {cpu,"tsung_controller@ip-172-31-13-122"} 1 2.4582104228121926 0.0 2.4582104228121926 1.1869436201780417 1.7520135148989893 9
stats: session 59 1915.1120398569915 1978.116823039666 10968.10400390625 17.844970703125 1915.3920471783981 206
stats: users_count 73 283
stats: finish_users_count 59 265
stats: request 69 6.936388983242754 1.3802224161617611 115.010986328125 5.5068359375 7.4683500744047615 210
stats: connect 70 0.7150565011160714 0.13896375626132176 107.93701171875 0.510009765625 1.2502162388392857 210
stats: page 69 6.936388983242754 1.3802224161617611 115.010986328125 5.5068359375 7.4683500744047615 210
stats: 200 69 279
stats: size_rcv 1698912 6869667
stats: newphase 1 3
stats: size_sent 9730 38920
stats: connected 15 19
# stats: dump at 1480599678
stats: users 16 20
stats: {freemem,"tsung_controller@ip-172-31-13-122"} 1 3158.73828125 0.0 3162.19140625 3158.73828125 3160.53046875 10
stats: {load,"tsung_controller@ip-172-31-13-122"} 1 0.0 0.0 0.0 0.0 0.0 10
stats: {recvpackets,"tsung_controller@ip-172-31-13-122"} 1 1814.0 0.0 1814 226 536.1111111111111 9
stats: {sentpackets,"tsung_controller@ip-172-31-13-122"} 1 1292.0 0.0 1292 162 385.3333333333333 9
stats: {cpu,"tsung_controller@ip-172-31-13-122"} 1 3.44149459193707 0.0 3.44149459193707 1.1869436201780417 1.8226332056903096 10
stats: session 72 2290.538564046224 2218.7519231013935 10968.10400390625 17.844970703125 1915.3297059257075 265
stats: users_count 70 353
stats: finish_users_count 72 337
stats: request 71 6.960555815360915 1.4925546040437996 115.010986328125 5.5068359375 7.336789804547491 279
stats: connect 70 0.6995814732142858 0.07878719064569116 107.93701171875 0.510009765625 1.1164263044084821 280
stats: page 71 6.960555815360915 1.4925546040437996 115.010986328125 5.5068359375 7.336789804547491 279
stats: 200 71 350
stats: size_rcv 1748266 8617933
stats: newphase 0 3
stats: size_sent 9730 48650
stats: connected -5 14
# stats: dump at 1480599688
stats: users 12 22
stats: {freemem,"tsung_controller@ip-172-31-13-122"} 1 3159.3515625 0.0 3162.19140625 3158.73828125 3160.3675426136365 11
stats: {load,"tsung_controller@ip-172-31-13-122"} 1 0.0 0.0 0.0 0.0 0.0 11
stats: {recvpackets,"tsung_controller@ip-172-31-13-122"} 1 1617.0 0.0 1814 226 663.9 10
stats: {sentpackets,"tsung_controller@ip-172-31-13-122"} 1 1119.0 0.0 1292 162 476.0 10
stats: {cpu,"tsung_controller@ip-172-31-13-122"} 1 3.536345776031434 0.0 3.536345776031434 1.1869436201780417 1.9698024226218331 11
stats: session 85 1822.8707289751844 1864.6844849984927 10968.10400390625 17.844970703125 1995.493022794186 337
stats: users_count 81 434
stats: finish_users_count 85 422
stats: request 81 6.855664665316358 0.9574936625318794 115.010986328125 5.5068359375 7.260468052455357 350
stats: connect 81 0.6905020254629629 0.0792745476482921 107.93701171875 0.510009765625 1.0330573381696428 350
stats: page 81 6.855664665316358 0.9574936625318794 115.010986328125 5.5068359375 7.260468052455357 350
stats: 200 81 431
stats: size_rcv 1994586 10612519
stats: newphase 0 3
stats: size_sent 11259 59909
stats: connected -3 11
# stats: dump at 1480599698
stats: users 31 48
stats: {freemem,"tsung_controller@ip-172-31-13-122"} 1 3158.08984375 0.0 3162.19140625 3158.08984375 3160.2828776041665 12
stats: {load,"tsung_controller@ip-172-31-13-122"} 1 0.0 0.0 0.0 0.0 0.0 12
stats: {recvpackets,"tsung_controller@ip-172-31-13-122"} 1 2170.0 0.0 2170 226 750.5454545454545 11
stats: {sentpackets,"tsung_controller@ip-172-31-13-122"} 1 1527.0 0.0 1527 162 534.4545454545455 11
stats: {cpu,"tsung_controller@ip-172-31-13-122"} 1 3.732809430255403 0.0 3.732809430255403 1.1869436201780417 2.1003477020726335 12
stats: session 145 1725.3322130926724 1329.9857140446125 10968.10400390625 17.844970703125 1960.7231294894104 422
stats: users_count 164 598
stats: finish_users_count 145 567
stats: request 164 6.523409215415397 1.6192792544275647 115.010986328125 5.48193359375 7.184391313805104 431
stats: connect 164 0.7145370855564024 1.14615602962959 107.93701171875 0.5 0.9686791935542344 431
stats: page 164 6.523409215415397 1.6192792544275647 115.010986328125 5.48193359375 7.184391313805104 431
stats: 200 164 595
stats: size_rcv 4038249 14650768
stats: newphase 1 4
stats: size_sent 22796 82705
stats: connected 21 32
# stats: dump at 1480599708
stats: users 31 48
stats: {freemem,"tsung_controller@ip-172-31-13-122"} 1 3156.18359375 0.0 3162.19140625 3156.18359375 3160.1141826923076 13
stats: {load,"tsung_controller@ip-172-31-13-122"} 1 0.0 0.0 0.0 0.0 0.0 13
stats: {recvpackets,"tsung_controller@ip-172-31-13-122"} 1 3689.0 0.0 3689 226 868.8333333333334 12
stats: {sentpackets,"tsung_controller@ip-172-31-13-122"} 1 2662.0 0.0 2662 162 617.1666666666666 12
stats: {cpu,"tsung_controller@ip-172-31-13-122"} 1 6.0606060606060606 0.0 6.0606060606060606 1.1869436201780417 2.2259216811636158 13
stats: session 169 1979.2775387735762 1913.1779201455013 12300.1240234375 17.844970703125 1900.526157924107 567
stats: users_count 169 767
stats: finish_users_count 169 736
stats: request 168 6.591224307105656 1.0360647432269907 115.010986328125 5.48193359375 7.002204651391807 595
stats: connect 168 0.7093098958333337 0.5227493696454893 107.93701171875 0.497802734375 0.898629940257353 595
stats: page 168 6.591224307105656 1.0360647432269907 115.010986328125 5.48193359375 7.002204651391807 595
stats: 200 168 763
stats: size_rcv 4136798 18787566
stats: newphase 0 4
stats: size_sent 23352 106057
stats: connected -1 31
# stats: dump at 1480599718
stats: users 15 48
stats: {freemem,"tsung_controller@ip-172-31-13-122"} 1 3156.1328125 0.0 3162.19140625 3156.1328125 3159.833426339286 14
stats: {load,"tsung_controller@ip-172-31-13-122"} 1 0.078125 0.0 0.078125 0.0 0.0 14
stats: {recvpackets,"tsung_controller@ip-172-31-13-122"} 1 3752.0 0.0 3752 226 1085.7692307692307 13
stats: {sentpackets,"tsung_controller@ip-172-31-13-122"} 1 2690.0 0.0 2690 162 774.4615384615385 13
stats: {cpu,"tsung_controller@ip-172-31-13-122"} 1 5.962854349951124 0.0 6.0606060606060606 1.1869436201780417 2.4998277082666474 14
stats: session 169 1821.8091557068233 1840.1326408629789 12300.1240234375 17.844970703125 1918.6090157550314 736
stats: users_count 153 920
stats: finish_users_count 169 905
stats: request 157 6.568112124303344 1.0759600814170434 115.010986328125 5.48193359375 6.91171356641137 763
stats: connect 157 0.6252659111265922 0.12099610195753964 107.93701171875 0.497802734375 0.8569447928612385 763
stats: page 157 6.568112124303344 1.0759600814170434 115.010986328125 5.48193359375 6.91171356641137 763
stats: 200 157 920
stats: size_rcv 3865874 22653440
stats: newphase 0 4
stats: size_sent 21823 127880
stats: connected -16 15
# stats: dump at 1480599728
stats: users 68 69
stats: {freemem,"tsung_controller@ip-172-31-13-122"} 1 3155.2109375 0.0 3162.19140625 3155.2109375 3159.58671875 15
stats: {load,"tsung_controller@ip-172-31-13-122"} 1 0.0703125 0.0 0.078125 0.0 0.005208333333333333 15
stats: {recvpackets,"tsung_controller@ip-172-31-13-122"} 1 3817.0 0.0 3817 226 1276.2142857142858 14
stats: {sentpackets,"tsung_controller@ip-172-31-13-122"} 1 2740.0 0.0 2740 162 911.2857142857143 14
stats: {cpu,"tsung_controller@ip-172-31-13-122"} 1 6.815968841285297 0.0 6.815968841285297 1.1869436201780417 2.7306961510456125 15
stats: session 242 1559.5085005326705 1607.0908198666507 12300.1240234375 11.0498046875 1900.5325778012775 905
stats: users_count 295 1215
stats: finish_users_count 242 1147
stats: request 283 6.921232297647967 3.3331658153879467 115.010986328125 5.48193359375 6.853077233355978 920
stats: connect 283 0.7998987204615723 2.4242975269992844 107.93701171875 0.47998046875 0.8174082880434783 920
stats: page 283 6.921232297647967 3.3331658153879467 115.010986328125 5.48193359375 6.853077233355978 920
stats: 200 283 1203
stats: size_rcv 6968498 29621938
stats: newphase 1 5
stats: size_sent 39337 167217
stats: connected 48 63
# stats: dump at 1480599738
stats: users 68 84
stats: {freemem,"tsung_controller@ip-172-31-13-122"} 1 3153.01171875 0.0 3162.19140625 3153.01171875 3159.313232421875 16
stats: {load,"tsung_controller@ip-172-31-13-122"} 1 0.05859375 0.0 0.078125 0.0 0.00927734375 16
stats: {recvpackets,"tsung_controller@ip-172-31-13-122"} 1 6734.0 0.0 6734 226 1445.6 15
stats: {sentpackets,"tsung_controller@ip-172-31-13-122"} 1 4850.0 0.0 4850 162 1033.2 15
stats: {cpu,"tsung_controller@ip-172-31-13-122"} 1 9.775171065493646 0.0 9.775171065493646 1.1869436201780417 2.9860256941855927 16
stats: session 316 1930.4455303723298 2016.7992765957592 14723.06201171875 8.9521484375 1828.5815519085113 1147
stats: users_count 316 1531
stats: finish_users_count 316 1463
stats: request 326 6.470824446414876 1.0077597154403433 115.010986328125 5.421875 6.869110386468724 1203
stats: connect 326 0.608777379697086 0.31901684175897554 107.93701171875 0.47314453125 0.8132892459606192 1203
stats: page 326 6.470824446414876 1.0077597154403433 115.010986328125 5.421875 6.869110386468724 1203
stats: 200 326 1529
stats: size_rcv 8027405 37649343
stats: newphase 0 5
stats: size_sent 45314 212531
stats: connected 7 70
# stats: dump at 1480599748
stats: users 71 84
stats: {freemem,"tsung_controller@ip-172-31-13-122"} 1 3151.30078125 0.0 3162.19140625 3151.30078125 3158.942555147059 17
stats: {load,"tsung_controller@ip-172-31-13-122"} 1 0.05078125 0.0 0.078125 0.0 0.012178308823529412 17
stats: {recvpackets,"tsung_controller@ip-172-31-13-122"} 1 7295.0 0.0 7295 226 1776.125 16
stats: {sentpackets,"tsung_controller@ip-172-31-13-122"} 1 5331.0 0.0 5331 162 1271.75 16
stats: {cpu,"tsung_controller@ip-172-31-13-122"} 1 10.23391812865497 0.0 10.23391812865497 1.1869436201780417 3.3853871866154783 17
stats: session 307 2043.1571724857488 2307.493736467559 16958.010986328125 8.9521484375 1850.5836142424598 1463
stats: users_count 310 1841
stats: finish_users_count 307 1770
stats: request 309 6.448528993476942 1.332794450327821 115.010986328125 5.421875 6.784191343658028 1529
stats: connect 309 0.656626087176375 0.6355407137911667 107.93701171875 0.47314453125 0.7696850154819327 1529
stats: page 309 6.448528993476942 1.332794450327821 115.010986328125 5.421875 6.784191343658028 1529
stats: 200 309 1838
stats: size_rcv 7608942 45258285
stats: newphase 0 5
stats: size_sent 42951 255482
stats: connected 5 75
# stats: dump at 1480599758
stats: users 125 132
stats: {freemem,"tsung_controller@ip-172-31-13-122"} 1 3145.19140625 0.0 3162.19140625 3145.19140625 3158.518012152778 18
stats: {load,"tsung_controller@ip-172-31-13-122"} 1 0.0390625 0.0 0.078125 0.0 0.014322916666666666 18
stats: {recvpackets,"tsung_controller@ip-172-31-13-122"} 1 8882.0 0.0 8882 226 2100.764705882353 17
stats: {sentpackets,"tsung_controller@ip-172-31-13-122"} 1 6386.0 0.0 6386 162 1510.5294117647059 17
stats: {cpu,"tsung_controller@ip-172-31-13-122"} 1 12.235067437379577 0.0 12.235067437379577 1.1869436201780417 3.765861127839895 18
stats: session 583 1759.73455339435 1736.064617827936 16958.010986328125 8.9521484375 1883.9847907287253 1770
stats: users_count 637 2478
stats: finish_users_count 583 2353
stats: request 634 6.596007338081624 1.549632687682507 115.010986328125 5.421875 6.72776062210963 1838
stats: connect 634 0.6852857908615935 0.8178789600857825 107.93701171875 0.469970703125 0.7506778289496056 1838
stats: page 634 6.596007338081624 1.549632687682507 115.010986328125 5.421875 6.72776062210963 1838
stats: 200 634 2472
stats: size_rcv 15611741 60870026
stats: newphase 1 6
stats: size_sent 88126 343608
stats: connected 50 125
# stats: dump at 1480599768
stats: users 131 134
stats: {freemem,"tsung_controller@ip-172-31-13-122"} 1 3142.328125 0.0 3162.19140625 3142.328125 3157.8166118421054 19
stats: {load,"tsung_controller@ip-172-31-13-122"} 1 0.19140625 0.0 0.19140625 0.0 0.015625 19
stats: {recvpackets,"tsung_controller@ip-172-31-13-122"} 1 14294.0 0.0 14294 226 2477.5 18
stats: {sentpackets,"tsung_controller@ip-172-31-13-122"} 1 10336.0 0.0 10336 162 1781.388888888889 18
stats: {cpu,"tsung_controller@ip-172-31-13-122"} 1 19.314938154138915 0.0 19.314938154138915 1.1869436201780417 4.211608828341983 19
stats: session 612 1868.1749794155935 1943.2082168553738 16958.010986328125 8.9521484375 1853.1994578065237 2353
stats: users_count 618 3096
stats: finish_users_count 612 2965
stats: request 617 6.791173109552272 1.902505920953618 115.010986328125 5.421875 6.693969529037722 2472
stats: connect 617 0.7328124208620342 1.3880607536975529 107.93701171875 0.469970703125 0.7339065699901397 2472
stats: page 617 6.791173109552272 1.902505920953618 115.010986328125 5.421875 6.693969529037722 2472
stats: 200 617 3089
stats: size_rcv 15193002 76063028
stats: newphase 0 6
stats: size_sent 85763 429371
stats: connected 2 127
# stats: dump at 1480599778
stats: users 133 153
stats: {freemem,"tsung_controller@ip-172-31-13-122"} 1 3139.26171875 0.0 3162.19140625 3139.26171875 3157.0421875 20
stats: {load,"tsung_controller@ip-172-31-13-122"} 1 0.16015625 0.0 0.19140625 0.0 0.0244140625 20
stats: {recvpackets,"tsung_controller@ip-172-31-13-122"} 1 13475.0 0.0 14294 226 3099.4210526315787 19
stats: {sentpackets,"tsung_controller@ip-172-31-13-122"} 1 9772.0 0.0 10336 162 2231.6315789473683 19
stats: {cpu,"tsung_controller@ip-172-31-13-122"} 1 17.4618320610687 0.0 19.314938154138915 1.1869436201780417 4.966775294631829 20
stats: session 619 1949.435464048615 1889.565760224983 16958.010986328125 8.9521484375 1856.2905266850232 2965
stats: users_count 621 3717
stats: finish_users_count 619 3584
stats: request 621 6.538210956370777 1.1256920574778986 115.010986328125 5.421875 6.713385071018129 3089
stats: connect 623 0.6117223552869179 0.40940219154893903 107.93701171875 0.469970703125 0.7336880235310782 3089
stats: page 621 6.538210956370777 1.1256920574778986 115.010986328125 5.421875 6.713385071018129 3089
stats: 200 621 3710
stats: size_rcv 15291504 91354532
stats: newphase 0 6
stats: size_sent 86597 515968
stats: connected 11 138
# stats: dump at 1480599788
stats: users 247 250
stats: {freemem,"tsung_controller@ip-172-31-13-122"} 1 3129.8671875 0.0 3162.19140625 3129.8671875 3156.1954985119046 21
stats: {load,"tsung_controller@ip-172-31-13-122"} 1 0.21875 0.0 0.21875 0.0 0.030877976190476192 21
stats: {recvpackets,"tsung_controller@ip-172-31-13-122"} 1 17716.0 0.0 17716 226 3618.2 20
stats: {sentpackets,"tsung_controller@ip-172-31-13-122"} 1 12854.0 0.0 12854 162 2608.65 20
stats: {cpu,"tsung_controller@ip-172-31-13-122"} 1 21.27045235803657 0.0 21.27045235803657 1.1869436201780417 5.56177799779549 21
stats: session 1079 1772.2983273991406 1729.7119432845116 16958.010986328125 8.9521484375 1872.3777800968712 3584
stats: users_count 1193 4910
stats: finish_users_count 1079 4663
stats: request 1195 7.045575436388603 3.3111654188432884 115.010986328125 5.421875 6.684063473930257 3710
stats: connect 1193 0.7026948377252735 1.343791928155074 107.93701171875 0.469970703125 0.7132180312584188 3712
stats: page 1195 7.045575436388603 3.3111654188432884 115.010986328125 5.421875 6.684063473930257 3710
stats: 200 1195 4905
stats: size_rcv 29426034 120780566
stats: newphase 1 7
stats: size_sent 165827 681795
stats: connected 106 244
# stats: dump at 1480599798
stats: users 248 271
stats: {freemem,"tsung_controller@ip-172-31-13-122"} 1 3123.61328125 0.0 3162.19140625 3123.61328125 3154.9987571022725 22
stats: {load,"tsung_controller@ip-172-31-13-122"} 1 0.1796875 0.0 0.21875 0.0 0.03941761363636364 22
stats: {recvpackets,"tsung_controller@ip-172-31-13-122"} 1 27247.0 0.0 27247 226 4289.523809523809 21
stats: {sentpackets,"tsung_controller@ip-172-31-13-122"} 1 19640.0 0.0 19640 162 3096.5238095238096 21
stats: {cpu,"tsung_controller@ip-172-31-13-122"} 1 30.820610687022903 0.0 30.820610687022903 1.1869436201780417 6.275808650533722 22
stats: session 1213 2027.9541961594423 2029.8566343421278 16958.010986328125 8.9521484375 1849.219785359395 4663
stats: users_count 1214 6124
stats: finish_users_count 1213 5876
stats: request 1215 6.856003046231993 1.6579263442810368 115.010986328125 5.421875 6.772138253774848 4905
stats: connect 1215 0.6464898003472224 0.8756554427304398 107.93701171875 0.4658203125 0.7106585674694194 4905
stats: page 1215 6.856003046231993 1.6579263442810368 115.010986328125 5.421875 6.772138253774848 4905
stats: 200 1215 6120
stats: size_rcv 29918366 150698932
stats: newphase 0 7
stats: size_sent 168885 850680
stats: connected 4 248
# stats: dump at 1480599808
stats: users 248 279
stats: {freemem,"tsung_controller@ip-172-31-13-122"} 1 3120.08203125 0.0 3162.19140625 3120.08203125 3153.634171195652 23
stats: {load,"tsung_controller@ip-172-31-13-122"} 1 0.16015625 0.0 0.21875 0.0 0.04551630434782609 23
stats: {recvpackets,"tsung_controller@ip-172-31-13-122"} 1 27316.0 0.0 27316 226 5333.045454545455 22
stats: {sentpackets,"tsung_controller@ip-172-31-13-122"} 1 19785.0 0.0 19785 162 3848.5 22
stats: {cpu,"tsung_controller@ip-172-31-13-122"} 1 31.732580037664782 0.0 31.732580037664782 1.1869436201780417 7.342973956468034 23
stats: session 1253 2015.0372568725684 1975.2479154935538 16958.010986328125 8.9521484375 1886.1164566154291 5876
stats: users_count 1253 7377
stats: finish_users_count 1253 7129
stats: request 1254 7.067651094622206 2.256234523563641 115.010986328125 5.4150390625 6.788787881689134 6120
stats: connect 1255 0.709577510271415 1.1577754199997454 107.93701171875 0.4658203125 0.6979191798789831 6120
stats: page 1254 7.067651094622206 2.256234523563641 115.010986328125 5.4150390625 6.788787881689134 6120
stats: 200 1254 7374
stats: size_rcv 30878602 181577534
stats: newphase 0 7
stats: size_sent 174445 1025125
stats: connected -1 247
# stats: dump at 1480599818
stats: users 471 488
stats: {freemem,"tsung_controller@ip-172-31-13-122"} 1 3090.76171875 0.0 3162.19140625 3090.76171875 3152.2361653645835 24
stats: {load,"tsung_controller@ip-172-31-13-122"} 1 0.12890625 0.0 0.21875 0.0 0.05029296875 24
stats: {recvpackets,"tsung_controller@ip-172-31-13-122"} 1 33636.0 0.0 33636 226 6288.826086956522 23
stats: {sentpackets,"tsung_controller@ip-172-31-13-122"} 1 23431.0 0.0 23431 162 4541.391304347826 23
stats: {cpu,"tsung_controller@ip-172-31-13-122"} 1 34.056603773584904 0.0 34.056603773584904 1.1869436201780417 8.359207543184565 24
stats: session 2051 1792.5923102726185 1843.7184999524538 16958.010986328125 8.9521484375 1908.775702333229 7129
stats: users_count 2274 9651
stats: finish_users_count 2051 9180
stats: request 2162 8.591326096893797 3.369414649727661 115.010986328125 5.4150390625 6.83621051106506 7374
stats: connect 2161 0.7748448390863609 1.052947303913116 107.93701171875 0.45703125 0.6999030720338987 7375
stats: page 2162 8.591326096893797 3.369414649727661 115.010986328125 5.4150390625 6.83621051106506 7374
stats: 200 2162 9536
stats: size_rcv 53237722 234815256
stats: newphase 1 8
stats: size_sent 300379 1325504
stats: connected 221 468
# stats: dump at 1480599828
stats: users 460 505
stats: {freemem,"tsung_controller@ip-172-31-13-122"} 1 3074.6640625 0.0 3162.19140625 3074.6640625 3149.7771875 25
stats: {load,"tsung_controller@ip-172-31-13-122"} 1 0.1796875 0.0 0.21875 0.0 0.0534375 25
stats: {recvpackets,"tsung_controller@ip-172-31-13-122"} 1 50594.0 0.0 50594 226 7428.291666666667 24
stats: {sentpackets,"tsung_controller@ip-172-31-13-122"} 1 34709.0 0.0 34709 162 5328.458333333333 24
stats: {cpu,"tsung_controller@ip-172-31-13-122"} 1 45.994599459945995 0.0 45.994599459945995 1.1869436201780417 9.387103392400578 25
stats: session 2300 2029.3178442382812 1967.8620958340048 16958.010986328125 8.9521484375 1882.8179531920186 9180
stats: users_count 2289 11940
stats: finish_users_count 2300 11480
stats: request 2280 9.12071201257538 4.240133649040893 115.010986328125 5.4150390625 7.234129963305174 9536
stats: connect 2283 0.9117531628134582 1.528613005188003 107.93701171875 0.45703125 0.7168859955448436 9536
stats: page 2280 9.12071201257538 4.240133649040893 115.010986328125 5.4150390625 7.234129963305174 9536
stats: 200 2280 11816
stats: size_rcv 56143303 290958559
stats: newphase 0 8
stats: size_sent 317337 1642841
stats: connected -39 429
# stats: dump at 1480599838
stats: users 469 505
stats: {freemem,"tsung_controller@ip-172-31-13-122"} 1 3062.98046875 0.0 3162.19140625 3062.98046875 3146.888221153846 26
stats: {load,"tsung_controller@ip-172-31-13-122"} 1 0.16015625 0.0 0.21875 0.0 0.05829326923076923 26
stats: {recvpackets,"tsung_controller@ip-172-31-13-122"} 1 50968.0 0.0 50968 226 9154.92 25
stats: {sentpackets,"tsung_controller@ip-172-31-13-122"} 1 34601.0 0.0 34709 162 6503.68 25
stats: {cpu,"tsung_controller@ip-172-31-13-122"} 1 46.072374227714036 0.0 46.072374227714036 1.1869436201780417 10.795084010383095 26
stats: session 2312 1949.1182676533106 1910.8821397804736 16958.010986328125 8.9521484375 1912.1689766594754 11480
stats: users_count 2321 14261
stats: finish_users_count 2312 13792
stats: request 2340 8.831564878806093 3.683116746489356 115.010986328125 5.4150390625 7.5981623831034195 11816
stats: connect 2338 0.8065376640691835 1.1682861811883023 107.93701171875 0.45703125 0.7545272293949364 11819
stats: page 2340 8.831564878806093 3.683116746489356 115.010986328125 5.4150390625 7.5981623831034195 11816
stats: 200 2340 14156
stats: size_rcv 57620324 348578883
stats: newphase 0 8
stats: size_sent 324982 1967823
stats: connected 52 481
# stats: dump at 1480599848
stats: users 692 751
stats: {freemem,"tsung_controller@ip-172-31-13-122"} 1 2987.3125 0.0 3162.19140625 2987.3125 3143.7805266203704 27
stats: {load,"tsung_controller@ip-172-31-13-122"} 1 0.2109375 0.0 0.21875 0.0 0.062065972222222224 27
stats: {recvpackets,"tsung_controller@ip-172-31-13-122"} 1 60071.0 0.0 60071 226 10763.115384615385 26
stats: {sentpackets,"tsung_controller@ip-172-31-13-122"} 1 38694.0 0.0 38694 162 7584.346153846154 26
stats: {cpu,"tsung_controller@ip-172-31-13-122"} 1 47.582037996545765 0.0 47.582037996545765 1.1869436201780417 12.101650314728683 27
stats: session 3166 1896.430910208071 1867.07298421145 16958.010986328125 8.9521484375 1918.3629123307157 13792
stats: users_count 3389 17650
stats: finish_users_count 3166 16958
stats: request 3339 14.963718027010335 6.699682254109106 115.010986328125 5.409912109375 7.802044965749947 14156
stats: connect 3342 1.4620324071476678 2.342990984391984 107.93701171875 0.45703125 0.7631166477934946 14157
stats: page 3339 14.963718027010335 6.699682254109106 115.010986328125 5.409912109375 7.802044965749947 14156
stats: 200 3339 17495
stats: size_rcv 82220547 430799430
stats: newphase 1 9
stats: size_sent 464538 2432361
stats: connected 194 675
# stats: dump at 1480599858
stats: users 692 770
stats: {freemem,"tsung_controller@ip-172-31-13-122"} 1 2949.1484375 0.0 3162.19140625 2949.1484375 3138.1923828125 28
stats: {load,"tsung_controller@ip-172-31-13-122"} 1 0.328125 0.0 0.328125 0.0 0.0673828125 28
stats: {recvpackets,"tsung_controller@ip-172-31-13-122"} 1 76927.0 0.0 76927 226 12589.333333333334 27
stats: {sentpackets,"tsung_controller@ip-172-31-13-122"} 1 42962.0 0.0 42962 162 8736.555555555555 27
stats: {cpu,"tsung_controller@ip-172-31-13-122"} 1 50.32 0.0 50.32 1.1869436201780417 13.368807017650722 28
stats: session 3509 2018.4418307304625 2041.3825530413967 17012.4541015625 8.9521484375 1914.2682833225606 16958
stats: users_count 3509 21159
stats: finish_users_count 3509 20467
stats: request 3533 16.00289458321542 7.266982005760405 115.010986328125 5.409912109375 9.168882710908473 17495
stats: connect 3531 1.7087355327147058 2.8767262943071565 107.93701171875 0.45703125 0.8965972162695016 17499
stats: page 3533 16.00289458321542 7.266982005760405 115.010986328125 5.409912109375 9.168882710908473 17495
stats: 200 3533 21028
stats: size_rcv 86997571 517797001
stats: newphase 0 9
stats: size_sent 490809 2923170
stats: connected 11 686
# stats: dump at 1480599868
stats: users 705 770
stats: {freemem,"tsung_controller@ip-172-31-13-122"} 1 2940.73046875 0.0 3162.19140625 2940.73046875 3131.673626077586 29
stats: {load,"tsung_controller@ip-172-31-13-122"} 1 0.44140625 0.0 0.44140625 0.0 0.07637392241379311 29
stats: {recvpackets,"tsung_controller@ip-172-31-13-122"} 1 76146.0 0.0 76927 226 14887.107142857143 28
stats: {sentpackets,"tsung_controller@ip-172-31-13-122"} 1 42557.0 0.0 42962 162 9958.892857142857 28
stats: {cpu,"tsung_controller@ip-172-31-13-122"} 1 50.60144346431436 0.0 50.60144346431436 1.1869436201780417 14.642986086007593 29
stats: session 3412 2039.8748352837877 2105.9459621698675 19132.302001953125 8.9521484375 1932.1284962435716 20467
stats: users_count 3425 24584
stats: finish_users_count 3412 23879
stats: request 3443 16.540725676985037 8.40065155602069 115.010986328125 5.409912109375 10.317092904215514 21028
stats: connect 3449 1.8360314329108067 3.1934142134349086 107.93701171875 0.45703125 1.0329576725399732 21030
stats: page 3443 16.540725676985037 8.40065155602069 115.010986328125 5.409912109375 10.317092904215514 21028
stats: 200 3443 24471
stats: size_rcv 84781478 602578479
stats: newphase 0 9
stats: size_sent 479411 3402581
stats: connected 8 694
# stats: dump at 1480599878
stats: users 7 770
stats: {freemem,"tsung_controller@ip-172-31-13-122"} 1 2947.0078125 0.0 3162.19140625 2940.73046875 3125.3088541666666 30
stats: {load,"tsung_controller@ip-172-31-13-122"} 1 0.44140625 0.0 0.44140625 0.0 0.08854166666666667 30
stats: {recvpackets,"tsung_controller@ip-172-31-13-122"} 1 46994.0 0.0 76927 226 16999.48275862069 29
stats: {sentpackets,"tsung_controller@ip-172-31-13-122"} 1 27175.0 0.0 42962 162 11082.965517241379 29
stats: {cpu,"tsung_controller@ip-172-31-13-122"} 1 38.00515907136715 0.0 50.60144346431436 1.1869436201780417 15.841601331951152 30
stats: session 908 3474.3663800613476 2637.546753038098 19132.302001953125 8.9521484375 1947.5240533776732 23879
stats: users_count 210 24794
stats: finish_users_count 908 24787
stats: request 323 13.941359387093653 4.940843108415846 115.010986328125 5.409912109375 11.192740308761525 24471
stats: connect 315 1.2516555059523806 1.6338236945206255 107.93701171875 0.45703125 1.1461077766912457 24479
stats: page 323 13.941359387093653 4.940843108415846 115.010986328125 5.409912109375 11.192740308761525 24471
stats: 200 323 24794
stats: size_rcv 7953569 610532048
stats: newphase 0 9
stats: size_sent 43785 3446366
stats: connected -685 9
# stats: dump at 1480599888
stats: users 0 770
stats: {freemem,"tsung_controller@ip-172-31-13-122"} 1 3044.96484375 0.0 3162.19140625 2940.73046875 3119.5572076612902 31
stats: {load,"tsung_controller@ip-172-31-13-122"} 1 0.37109375 0.0 0.44140625 0.0 0.09992439516129033 31
stats: {recvpackets,"tsung_controller@ip-172-31-13-122"} 1 164.0 0.0 76927 164 17999.3 30
stats: {sentpackets,"tsung_controller@ip-172-31-13-122"} 1 240.0 0.0 42962 162 11619.366666666667 30
stats: {cpu,"tsung_controller@ip-172-31-13-122"} 1 2.0648967551622417 0.0 50.60144346431436 1.1869436201780417 16.556554807416184 31
stats: session 7 13907.048723493304 3265.098091329393 20140.21484375 8.9521484375 2003.455502630458 24787
stats: users_count 0 24794
stats: finish_users_count 7 24794
stats: request 0 0 0 115.010986328125 5.409912109375 11.228547518663166 24794
stats: connect 0 0 0 107.93701171875 0.45703125 1.1474487275147214 24794
stats: page 0 0 0 115.010986328125 5.409912109375 11.228547518663166 24794
stats: 200 0 24794
stats: size_rcv 0 610532048
stats: newphase 0 9
stats: size_sent 0 3446366
stats: connected -9 0
# stats: dump at 1480599889
stats: users 0 770
stats: {freemem,"tsung_controller@ip-172-31-13-122"} 0 0 0 3162.19140625 2940.73046875 3117.2261962890625 32
stats: {load,"tsung_controller@ip-172-31-13-122"} 0 0 0 0.44140625 0.0 0.1083984375 32
stats: {recvpackets,"tsung_controller@ip-172-31-13-122"} 0 0 0 76927 164 17423.967741935485 31
stats: {sentpackets,"tsung_controller@ip-172-31-13-122"} 0 0 0 42962 162 11252.290322580646 31
stats: {cpu,"tsung_controller@ip-172-31-13-122"} 0 0 0 50.60144346431436 1.1869436201780417 16.10369049328325 32
stats: session 0 0 0 20140.21484375 8.9521484375 2006.8162008859247 24794
stats: users_count 0 24794
stats: finish_users_count 0 24794
stats: request 0 0 0 115.010986328125 5.409912109375 11.228547518663166 24794
stats: connect 0 0 0 107.93701171875 0.45703125 1.1474487275147214 24794
stats: page 0 0 0 115.010986328125 5.409912109375 11.228547518663166 24794
stats: 200 0 24794
stats: size_rcv 0 610532048
stats: newphase 0 9
stats: size_sent 0 3446366
stats: connected 0 0
EndMonitor:{1480,599889,919697}
