# stats: dump at 1480627825
stats: users 7 7
stats: {freemem,"tsung_controller@ip-172-31-13-122"} 1 3156.21875 0 3156.21875 3156.21875 0 0
stats: {load,"tsung_controller@ip-172-31-13-122"} 1 0.0 0 0.0 0.0 0 0
stats: {cpu,"tsung_controller@ip-172-31-13-122"} 1 2.597924372533169 0 2.597924372533169 2.597924372533169 0 0
stats: users_count 7 7
stats: finish_users_count 0 0
stats: request 20 47.8054931640625 32.935942877159114 121.89697265625 7.110107421875 0 0
stats: connect 7 17.153843470982142 39.844275011600764 114.751953125 0.8427734375 0 0
stats: page 20 47.8054931640625 32.935942877159114 121.89697265625 7.110107421875 0 0
stats: 200 20 20
stats: size_rcv 2526152 2526152
stats: size_sent 7973 7973
stats: connected 7 7
# stats: dump at 1480627835
stats: users 21 21
stats: {freemem,"tsung_controller@ip-172-31-13-122"} 1 3155.48828125 0.0 3156.21875 3155.48828125 3156.21875 1
stats: {load,"tsung_controller@ip-172-31-13-122"} 1 0.0 0.0 0.0 0.0 0.0 1
stats: {recvpackets,"tsung_controller@ip-172-31-13-122"} 1 2269 0 2269 2269 0 0
stats: {sentpackets,"tsung_controller@ip-172-31-13-122"} 1 877 0 877 877 0 0
stats: {cpu,"tsung_controller@ip-172-31-13-122"} 1 3.1341821743388834 0.0 3.1341821743388834 2.597924372533169 2.597924372533169 1
stats: users_count 14 21
stats: finish_users_count 0 0
stats: request 35 850.22890625 2113.3590817209315 9791.057861328125 7.110107421875 47.8054931640625 20
stats: connect 14 0.8227190290178571 0.06208725316066112 114.751953125 0.6669921875 17.153843470982142 7
stats: page 35 850.22890625 2113.3590817209315 9791.057861328125 7.110107421875 47.8054931640625 20
stats: 200 35 55
stats: size_rcv 5693395 8219547
stats: size_sent 16913 24886
stats: connected 14 21
# stats: dump at 1480627845
stats: users 24 24
stats: {freemem,"tsung_controller@ip-172-31-13-122"} 1 3154.16015625 0.0 3156.21875 3154.16015625 3155.853515625 2
stats: {load,"tsung_controller@ip-172-31-13-122"} 1 0.0 0.0 0.0 0.0 0.0 2
stats: {recvpackets,"tsung_controller@ip-172-31-13-122"} 1 5123.0 0.0 5123 2269 2269.0 1
stats: {sentpackets,"tsung_controller@ip-172-31-13-122"} 1 2210.0 0.0 2210 877 877.0 1
stats: {cpu,"tsung_controller@ip-172-31-13-122"} 1 2.65748031496063 0.0 3.1341821743388834 2.597924372533169 2.8660532734360262 2
stats: users_count 3 24
stats: finish_users_count 0 0
stats: request 51 2386.945858226103 3174.0119487846846 12571.16015625 7.110107421875 558.43857421875 55
stats: connect 2 0.7664794921875 0.1004638671875 114.751953125 0.666015625 6.266427176339286 21
stats: page 51 2386.945858226103 3174.0119487846846 12571.16015625 7.110107421875 558.43857421875 55
stats: 200 51 106
stats: size_rcv 9715676 17935223
stats: size_sent 23763 48649
stats: connected 2 23
# stats: dump at 1480627855
stats: users 48 48
stats: {freemem,"tsung_controller@ip-172-31-13-122"} 1 3152.59375 0.0 3156.21875 3152.59375 3155.2890625 3
stats: {load,"tsung_controller@ip-172-31-13-122"} 1 0.0 0.0 0.0 0.0 0.0 3
stats: {recvpackets,"tsung_controller@ip-172-31-13-122"} 1 5332.0 0.0 5332 2269 3696.0 2
stats: {sentpackets,"tsung_controller@ip-172-31-13-122"} 1 2127.0 0.0 2210 877 1543.5 2
stats: {cpu,"tsung_controller@ip-172-31-13-122"} 1 2.3645320197044337 0.0 3.1341821743388834 2.3645320197044337 2.7965289539442275 3
stats: users_count 24 48
stats: finish_users_count 0 0
stats: request 53 4601.408507149175 3113.7457353512727 14378.9580078125 7.110107421875 1438.1920787883255 106
stats: connect 23 0.8190281080163043 0.1456905755309607 114.751953125 0.619873046875 5.788170855978261 23
stats: page 50 4813.997617187499 3123.82134084755 14378.9580078125 7.110107421875 1438.1920787883255 106
stats: 302 3 3
stats: 200 50 156
stats: size_rcv 5253170 23188393
stats: newphase 1 1
stats: size_sent 19320 67969
stats: connected 23 46
# stats: dump at 1480627865
stats: users 62 62
stats: {freemem,"tsung_controller@ip-172-31-13-122"} 1 3151.75390625 0.0 3156.21875 3151.75390625 3154.615234375 4
stats: {load,"tsung_controller@ip-172-31-13-122"} 1 0.0 0.0 0.0 0.0 0.0 4
stats: {recvpackets,"tsung_controller@ip-172-31-13-122"} 1 3803.0 0.0 5332 2269 4241.333333333333 3
stats: {sentpackets,"tsung_controller@ip-172-31-13-122"} 1 1775.0 0.0 2210 877 1738.0 3
stats: {cpu,"tsung_controller@ip-172-31-13-122"} 1 2.277227722772277 0.0 3.1341821743388834 2.277227722772277 2.6885297203842793 4
stats: users_count 14 62
stats: finish_users_count 0 0
stats: request 49 5266.359379982465 3415.000864732972 17790.550048828125 7.110107421875 2492.597554908609 159
stats: connect 15 1.0070475260416667 0.9556815411501505 114.751953125 0.593017578125 3.3035994819972827 46
stats: page 48 5314.9875539143895 3467.191936810462 17790.550048828125 7.110107421875 2520.1810334034453 156
stats: 302 3 6
stats: 200 45 201
stats: size_rcv 5800362 28988755
stats: newphase 0 1
stats: size_sent 34706 102675
stats: connected 15 61
stats: 500 1 1
# stats: dump at 1480627875
stats: users 85 85
stats: {freemem,"tsung_controller@ip-172-31-13-122"} 1 3149.82421875 0.0 3156.21875 3149.82421875 3154.04296875 5
stats: {load,"tsung_controller@ip-172-31-13-122"} 1 0.0 0.0 0.0 0.0 0.0 5
stats: {recvpackets,"tsung_controller@ip-172-31-13-122"} 1 5098.0 0.0 5332 2269 4131.75 4
stats: {sentpackets,"tsung_controller@ip-172-31-13-122"} 1 1905.0 0.0 2210 877 1747.25 4
stats: {cpu,"tsung_controller@ip-172-31-13-122"} 1 2.559055118110236 0.0 3.1341821743388834 2.277227722772277 2.606269320861879 5
stats: session 2 47125.2529296875 3523.93603515625 50649.18896484375 43601.31689453125 0 0
stats: users_count 25 87
stats: finish_users_count 2 2
stats: request 106 3868.1779186320764 3118.4194825328805 17790.550048828125 7.110107421875 3146.0318310077387 208
stats: connect 24 0.8103129069010416 0.0768499427875842 114.751953125 0.593017578125 2.7388735911885247 61
stats: page 102 4079.7537075865507 3202.8615380160054 17790.550048828125 7.110107421875 3177.7825676413145 204
stats: 302 9 15
stats: 200 97 298
stats: size_rcv 16338897 45327652
stats: newphase 0 1
stats: size_sent 56109 158784
stats: connected 22 83
stats: 500 0 1
# stats: dump at 1480627885
stats: users 113 113
stats: {freemem,"tsung_controller@ip-172-31-13-122"} 1 3147.3828125 0.0 3156.21875 3147.3828125 3153.33984375 6
stats: {load,"tsung_controller@ip-172-31-13-122"} 1 0.0 0.0 0.0 0.0 0.0 6
stats: {recvpackets,"tsung_controller@ip-172-31-13-122"} 1 11395.0 0.0 11395 2269 4325.0 5
stats: {sentpackets,"tsung_controller@ip-172-31-13-122"} 1 4697.0 0.0 4697 877 1778.8 5
stats: {cpu,"tsung_controller@ip-172-31-13-122"} 1 4.4422507403751235 0.0 4.4422507403751235 2.277227722772277 2.5984002870699388 6
stats: session 3 57525.900065104164 2012.7565253703262 60197.546142578125 43601.31689453125 47125.2529296875 2
stats: users_count 31 118
stats: finish_users_count 3 5
stats: request 52 11015.694551908051 1991.8245924551004 18537.56298828125 7.110107421875 3389.8136312885663 314
stats: connect 30 0.7662109375 0.08767818292127168 114.751953125 0.5439453125 2.1943388097426473 85
stats: page 51 11010.598661534928 2010.9217639246897 18537.56298828125 7.110107421875 3478.4396142897263 306
stats: 302 6 21
stats: 200 45 343
stats: size_rcv 8617733 53945385
stats: newphase 1 2
stats: size_sent 21709 180493
stats: connected 27 110
stats: 500 1 2
# stats: dump at 1480627895
stats: users 148 148
stats: {freemem,"tsung_controller@ip-172-31-13-122"} 1 3146.33984375 0.0 3156.21875 3146.33984375 3152.488839285714 7
stats: {load,"tsung_controller@ip-172-31-13-122"} 1 0.0 0.0 0.0 0.0 0.0 7
stats: {recvpackets,"tsung_controller@ip-172-31-13-122"} 1 5462.0 0.0 11395 2269 5503.333333333333 6
stats: {sentpackets,"tsung_controller@ip-172-31-13-122"} 1 2478.0 0.0 4697 877 2265.1666666666665 6
stats: {cpu,"tsung_controller@ip-172-31-13-122"} 1 3.152709359605911 0.0 4.4422507403751235 2.277227722772277 2.8618074946849648 7
stats: session 1 28894.376953125 0.0 60197.546142578125 28894.376953125 53365.6412109375 5
stats: users_count 36 154
stats: finish_users_count 1 6
stats: request 143 1465.147327769886 5126.507116242437 22845.961181640625 0.658935546875 4473.272122742701 366
stats: connect 38 0.870836759868421 0.5810701713469397 114.751953125 0.5439453125 1.8217837126358698 115
stats: page 142 1475.4672954720513 5143.046128221214 22845.961181640625 0.712158203125 4554.462335324755 357
stats: 302 1 22
stats: 200 10 353
stats: size_rcv 4027566 57972951
stats: newphase 0 2
stats: size_sent 45737 226230
stats: connected 37 147
stats: 503 132 132
stats: 500 0 2
# stats: dump at 1480627905
stats: users 169 169
stats: {freemem,"tsung_controller@ip-172-31-13-122"} 1 3144.86328125 0.0 3156.21875 3144.86328125 3151.72021484375 8
stats: {load,"tsung_controller@ip-172-31-13-122"} 1 0.0 0.0 0.0 0.0 0.0 8
stats: {recvpackets,"tsung_controller@ip-172-31-13-122"} 1 3023.0 0.0 11395 2269 5497.428571428572 7
stats: {sentpackets,"tsung_controller@ip-172-31-13-122"} 1 1217.0 0.0 4697 877 2295.5714285714284 7
stats: {cpu,"tsung_controller@ip-172-31-13-122"} 1 3.0602171767028628 0.0 4.4422507403751235 2.277227722772277 2.898170227800083 8
stats: session 8 53880.7038269043 20406.647372798536 82074.671875 15056.294921875 49287.09716796875 6
stats: users_count 29 183
stats: finish_users_count 8 14
stats: request 274 3847.1203283602304 8712.514736968758 30878.683837890625 0.658935546875 3628.160441640319 509
stats: connect 29 0.8288910964439655 0.16212771651200206 114.751953125 0.5439453125 1.5856008093341505 153
stats: page 261 3760.3277162281497 8620.582707448544 30878.683837890625 0.697998046875 3678.27537007609 499
stats: 302 5 27
stats: 200 40 393
stats: size_rcv 5345787 63318738
stats: newphase 0 2
stats: size_sent 79329 305559
stats: connected 21 168
stats: 503 229 361
stats: 500 0 2
# stats: dump at 1480627915
stats: users 225 225
stats: {freemem,"tsung_controller@ip-172-31-13-122"} 1 3140.9765625 0.0 3156.21875 3140.9765625 3150.9583333333335 9
stats: {load,"tsung_controller@ip-172-31-13-122"} 1 0.0 0.0 0.0 0.0 0.0 9
stats: {recvpackets,"tsung_controller@ip-172-31-13-122"} 1 5311.0 0.0 11395 2269 5188.125 8
stats: {sentpackets,"tsung_controller@ip-172-31-13-122"} 1 2766.0 0.0 4697 877 2160.75 8
stats: {cpu,"tsung_controller@ip-172-31-13-122"} 1 5.392156862745098 0.0 5.392156862745098 2.277227722772277 2.9161754443448364 9
stats: session 4 43498.31945800781 26762.233925216377 87595.26879882813 15056.294921875 51912.01525878906 14
stats: users_count 60 243
stats: finish_users_count 4 18
stats: request 460 3832.777020529042 8201.646273983592 35249.3740234375 0.658935546875 3704.7824198794706 783
stats: connect 59 0.7664939751059322 0.17306068594547752 114.751953125 0.5439453125 1.4650261847527473 182
stats: page 446 3966.0167488132374 8706.836230542767 39468.01513671875 0.6650390625 3706.453873162521 760
stats: 302 5 32
stats: 200 80 473
stats: size_rcv 11575583 74894321
stats: newphase 1 3
stats: size_sent 145797 451356
stats: connected 55 223
stats: 503 371 732
stats: 500 2 4
stats: 404 2 2
# stats: dump at 1480627925
stats: users 279 279
stats: {freemem,"tsung_controller@ip-172-31-13-122"} 1 3136.37109375 0.0 3156.21875 3136.37109375 3149.96015625 10
stats: {load,"tsung_controller@ip-172-31-13-122"} 1 0.0 0.0 0.0 0.0 0.0 10
stats: {recvpackets,"tsung_controller@ip-172-31-13-122"} 1 8307.0 0.0 11395 2269 5201.777777777777 9
stats: {sentpackets,"tsung_controller@ip-172-31-13-122"} 1 4092.0 0.0 4697 877 2228.0 9
stats: {cpu,"tsung_controller@ip-172-31-13-122"} 1 8.47953216374269 0.0 8.47953216374269 2.277227722772277 3.1637735861848624 10
stats: session 22 59967.95765269886 25866.36592575055 95400.26098632813 14796.35107421875 50042.30508083767 18
stats: users_count 76 319
stats: finish_users_count 22 40
stats: request 648 1078.3634360984515 4014.7242581101864 35249.3740234375 0.650146484375 3752.1496896291105 1243
stats: connect 77 0.73486328125 0.08842255770059615 114.751953125 0.529052734375 1.2940162247147302 241
stats: page 612 1095.8328207178054 4217.752092912642 39468.01513671875 0.6650390625 3802.444787374975 1206
stats: 302 5 37
stats: 200 43 516
stats: size_rcv 6980712 81875033
stats: newphase 0 3
stats: size_sent 196166 647522
stats: connected 55 278
stats: 503 598 1330
stats: 500 0 4
stats: 404 2 4
# stats: dump at 1480627935
stats: users 313 313
stats: {freemem,"tsung_controller@ip-172-31-13-122"} 1 3130.828125 0.0 3156.21875 3130.828125 3148.724786931818 11
stats: {load,"tsung_controller@ip-172-31-13-122"} 1 0.0 0.0 0.0 0.0 0.0 11
stats: {recvpackets,"tsung_controller@ip-172-31-13-122"} 1 7545.0 0.0 11395 2269 5512.3 10
stats: {sentpackets,"tsung_controller@ip-172-31-13-122"} 1 4086.0 0.0 4697 877 2414.4 10
stats: {cpu,"tsung_controller@ip-172-31-13-122"} 1 9.583736689254598 0.0 9.583736689254598 2.277227722772277 3.6470243659628467 11
stats: session 43 53159.54732353743 26159.70067239759 111852.9599609375 14796.35107421875 55501.41399536133 40
stats: users_count 77 396
stats: finish_users_count 43 83
stats: request 837 1471.3747561510604 4686.942494538404 35249.3740234375 0.650146484375 2835.9077582235755 1891
stats: connect 75 0.7426497395833334 0.11574887743909738 114.751953125 0.529052734375 1.158623845322327 318
stats: page 788 1629.8704208141655 5234.5000362784285 39468.01513671875 0.6650390625 2891.308085728007 1818
stats: 302 5 42
stats: 200 69 585
stats: size_rcv 11349237 93224270
stats: newphase 0 3
stats: size_sent 249655 897177
stats: connected 33 311
stats: 503 760 2090
stats: 500 1 5
stats: 404 2 6
# stats: dump at 1480627945
stats: users 270 321
stats: {freemem,"tsung_controller@ip-172-31-13-122"} 1 3130.94921875 0.0 3156.21875 3130.828125 3147.2333984375 12
stats: {load,"tsung_controller@ip-172-31-13-122"} 1 0.0 0.0 0.0 0.0 0.0 12
stats: {recvpackets,"tsung_controller@ip-172-31-13-122"} 1 7720.0 0.0 11395 2269 5697.090909090909 11
stats: {sentpackets,"tsung_controller@ip-172-31-13-122"} 1 4363.0 0.0 4697 877 2566.3636363636365 11
stats: {cpu,"tsung_controller@ip-172-31-13-122"} 1 11.207729468599034 0.0 11.207729468599034 2.277227722772277 4.141750392903826 12
stats: session 65 43050.725240384614 23224.69415004817 116213.39599609375 13673.214111328125 54288.15776778991 83
stats: users_count 22 418
stats: finish_users_count 65 148
stats: request 799 926.4618828956117 4049.898786336727 35249.3740234375 0.64794921875 2417.244223496781 2728
stats: connect 25 0.680859375 0.050983904898063516 114.751953125 0.529052734375 1.0792394739980915 393
stats: page 725 967.3034479391164 4209.591731423517 39468.01513671875 0.6650390625 2509.8756682483036 2606
stats: 302 4 46
stats: 200 30 615
stats: size_rcv 6059957 99284227
stats: newphase 0 3
stats: size_sent 236098 1133275
stats: connected -40 271
stats: 503 758 2848
stats: 500 1 6
stats: 404 6 12
# stats: dump at 1480627955
stats: users 204 321
stats: {freemem,"tsung_controller@ip-172-31-13-122"} 1 3130.53515625 0.0 3156.21875 3130.53515625 3145.980769230769 13
stats: {load,"tsung_controller@ip-172-31-13-122"} 1 0.0 0.0 0.0 0.0 0.0 13
stats: {recvpackets,"tsung_controller@ip-172-31-13-122"} 1 4039.0 0.0 11395 2269 5865.666666666667 12
stats: {sentpackets,"tsung_controller@ip-172-31-13-122"} 1 2948.0 0.0 4697 877 2716.0833333333335 12
stats: {cpu,"tsung_controller@ip-172-31-13-122"} 1 8.737864077669903 0.0 11.207729468599034 2.277227722772277 4.68528724488038 13
stats: session 66 40652.18801047585 20026.608504042262 116213.39599609375 12756.2880859375 49352.79888751056 148
stats: users_count 0 418
stats: finish_users_count 66 214
stats: request 453 1070.4263487556898 5019.167360661242 35249.3740234375 0.64794921875 2079.5251732726997 3527
stats: connect 0 0 0 114.751953125 0.529052734375 1.0554129130532295 418
stats: page 391 1256.3387679078076 5637.936059393205 39468.01513671875 0.6650390625 2174.1311891957184 3331
stats: 302 1 47
stats: 200 16 631
stats: size_rcv 2785900 102070127
stats: newphase 0 3
stats: size_sent 162612 1295887
stats: connected -66 205
stats: 503 433 3281
stats: 500 1 7
stats: 404 2 14
# stats: dump at 1480627965
stats: users 171 321
stats: {freemem,"tsung_controller@ip-172-31-13-122"} 1 3131.73828125 0.0 3156.21875 3130.53515625 3144.877511160714 14
stats: {load,"tsung_controller@ip-172-31-13-122"} 1 0.0 0.0 0.0 0.0 0.0 14
stats: {recvpackets,"tsung_controller@ip-172-31-13-122"} 1 4229.0 0.0 11395 2269 5725.153846153846 13
stats: {sentpackets,"tsung_controller@ip-172-31-13-122"} 1 2625.0 0.0 4697 877 2733.923076923077 13
stats: {cpu,"tsung_controller@ip-172-31-13-122"} 1 6.731707317073171 0.0 11.207729468599034 2.277227722772277 4.97475701865106 14
stats: session 33 50885.04965672349 21251.795728558147 116213.39599609375 12756.2880859375 46669.43291608864 214
stats: users_count 0 418
stats: finish_users_count 33 247
stats: request 272 5510.37686067469 10292.718342700851 35562.07177734375 0.64794921875 1964.6704578188792 3980
stats: connect 0 0 0 114.751953125 0.529052734375 1.0554129130532295 418
stats: page 237 6147.393844153814 11052.04383614154 39468.01513671875 0.6650390625 2077.7161336547265 3722
stats: 302 5 52
stats: 200 49 680
stats: size_rcv 8028111 110098238
stats: newphase 0 3
stats: size_sent 123828 1419715
stats: connected -33 172
stats: 503 210 3491
stats: 500 2 9
stats: 404 6 20
# stats: dump at 1480627975
stats: users 146 321
stats: {freemem,"tsung_controller@ip-172-31-13-122"} 1 3130.27734375 0.0 3156.21875 3130.27734375 3144.0015625 15
stats: {load,"tsung_controller@ip-172-31-13-122"} 1 0.0 0.0 0.0 0.0 0.0 15
stats: {recvpackets,"tsung_controller@ip-172-31-13-122"} 1 4261.0 0.0 11395 2269 5618.285714285715 14
stats: {sentpackets,"tsung_controller@ip-172-31-13-122"} 1 2078.0 0.0 4697 877 2726.1428571428573 14
stats: {cpu,"tsung_controller@ip-172-31-13-122"} 1 5.185909980430528 0.0 11.207729468599034 2.277227722772277 5.091887038545867 15
stats: session 25 70727.3309863281 21674.742630681365 116213.39599609375 12756.2880859375 47232.65296645686 247
stats: users_count 0 418
stats: finish_users_count 25 272
stats: request 171 7038.6159482364765 10052.151533370936 35562.07177734375 0.64794921875 2191.488929497332 4252
stats: connect 0 0 0 114.751953125 0.529052734375 1.0554129130532295 418
stats: page 134 7868.331555722365 11632.582714170556 43024.626953125 0.6650390625 2321.341700057425 3959
stats: 302 13 65
stats: 200 31 711
stats: size_rcv 3830211 113928449
stats: newphase 0 3
stats: size_sent 81344 1501059
stats: connected -26 146
stats: 503 111 3602
stats: 500 0 9
stats: 404 16 36
# stats: dump at 1480627985
stats: users 93 321
stats: {freemem,"tsung_controller@ip-172-31-13-122"} 1 3130.125 0.0 3156.21875 3130.125 3143.143798828125 16
stats: {load,"tsung_controller@ip-172-31-13-122"} 1 0.0 0.0 0.0 0.0 0.0 16
stats: {recvpackets,"tsung_controller@ip-172-31-13-122"} 1 5209.0 0.0 11395 2269 5527.8 15
stats: {sentpackets,"tsung_controller@ip-172-31-13-122"} 1 2309.0 0.0 4697 877 2682.9333333333334 15
stats: {cpu,"tsung_controller@ip-172-31-13-122"} 1 4.322200392927308 0.0 11.207729468599034 2.277227722772277 5.097763472413658 16
stats: session 53 69576.34880785672 26982.243612024446 137529.3330078125 12756.2880859375 49392.09028445973 272
stats: users_count 0 418
stats: finish_users_count 53 325
stats: request 273 7251.5995217347645 8495.513462587698 36474.839111328125 0.64794921875 2378.886334020143 4423
stats: connect 0 0 0 114.751953125 0.529052734375 1.0554129130532295 418
stats: page 236 9563.753303139896 10883.043096894206 43024.626953125 0.6650390625 2502.943615683885 4093
stats: 302 55 120
stats: 200 98 809
stats: size_rcv 10318519 124246968
stats: newphase 0 3
stats: size_sent 87109 1588168
stats: connected -53 93
stats: 503 66 3668
stats: 500 0 9
stats: 404 54 90
# stats: dump at 1480627995
stats: users 39 321
stats: {freemem,"tsung_controller@ip-172-31-13-122"} 1 3131.2890625 0.0 3156.21875 3130.125 3142.377987132353 17
stats: {load,"tsung_controller@ip-172-31-13-122"} 1 0.078125 0.0 0.078125 0.0 0.0 17
stats: {recvpackets,"tsung_controller@ip-172-31-13-122"} 1 6255.0 0.0 11395 2269 5507.875 16
stats: {sentpackets,"tsung_controller@ip-172-31-13-122"} 1 3087.0 0.0 4697 877 2659.5625 16
stats: {cpu,"tsung_controller@ip-172-31-13-122"} 1 4.313725490196078 0.0 11.207729468599034 2.277227722772277 5.052142114796815 17
stats: session 54 76722.4103958695 23532.097344143516 146502.97998046875 12756.2880859375 52683.67705904447 325
stats: users_count 0 418
stats: finish_users_count 54 379
stats: request 158 1112.297307654272 4236.054747125154 36474.839111328125 0.64794921875 2662.159481432002 4696
stats: connect 0 0 0 114.751953125 0.529052734375 1.0554129130532295 418
stats: page 138 1273.5162831182063 4513.597437837687 43024.626953125 0.6650390625 2887.871101532723 4329
stats: 302 102 222
stats: 200 49 858
stats: size_rcv 5136072 129383040
stats: newphase 0 3
stats: size_sent 86659 1674827
stats: connected -54 39
stats: 503 0 3668
stats: 500 0 9
stats: 404 7 97
# stats: dump at 1480628005
stats: users 23 321
stats: {freemem,"tsung_controller@ip-172-31-13-122"} 1 3131.25390625 0.0 3156.21875 3130.125 3141.7619357638887 18
stats: {load,"tsung_controller@ip-172-31-13-122"} 1 0.0703125 0.0 0.078125 0.0 0.004340277777777778 18
stats: {recvpackets,"tsung_controller@ip-172-31-13-122"} 1 3834.0 0.0 11395 2269 5551.823529411765 17
stats: {sentpackets,"tsung_controller@ip-172-31-13-122"} 1 1878.0 0.0 4697 877 2684.705882352941 17
stats: {cpu,"tsung_controller@ip-172-31-13-122"} 1 3.6168132942326494 0.0 11.207729468599034 2.277227722772277 5.011118968985662 18
stats: session 16 76459.04241943358 12779.125276128736 146502.97998046875 12756.2880859375 56108.72085901426 379
stats: users_count 0 418
stats: finish_users_count 16 395
stats: request 83 606.4373146884415 2375.590707346202 36474.839111328125 0.64794921875 2611.7107332950263 4854
stats: connect 1 0.820068359375 0.0 114.751953125 0.529052734375 1.0554129130532295 418
stats: page 69 729.5043733016303 2588.188428586929 43024.626953125 0.6650390625 2837.998487934961 4467
stats: 302 46 268
stats: 200 36 894
stats: size_rcv 3919376 133302416
stats: newphase 0 3
stats: size_sent 41230 1716057
stats: connected -16 23
stats: 503 0 3668
stats: 500 1 10
stats: 404 0 97
# stats: dump at 1480628015
stats: users 7 321
stats: {freemem,"tsung_controller@ip-172-31-13-122"} 1 3136.484375 0.0 3156.21875 3130.125 3141.2088815789475 19
stats: {load,"tsung_controller@ip-172-31-13-122"} 1 0.05859375 0.0 0.078125 0.0 0.0078125 19
stats: {recvpackets,"tsung_controller@ip-172-31-13-122"} 1 2313.0 0.0 11395 2269 5456.388888888889 18
stats: {sentpackets,"tsung_controller@ip-172-31-13-122"} 1 1198.0 0.0 4697 877 2639.8888888888887 18
stats: {cpu,"tsung_controller@ip-172-31-13-122"} 1 2.0710059171597637 0.0 11.207729468599034 2.0710059171597637 4.937734459788135 19
stats: session 16 87167.0274810791 12519.793547947946 146502.97998046875 12756.2880859375 56933.03768171479 395
stats: users_count 0 418
stats: finish_users_count 16 411
stats: request 60 8.137666829427083 0.6714210382617863 36474.839111328125 0.64794921875 2577.998419390966 4937
stats: connect 0 0 0 114.751953125 0.529052734375 1.054851231540871 419
stats: page 46 10.64810313349185 4.15168855033796 43024.626953125 0.6650390625 2805.9248340747977 4536
stats: 302 44 312
stats: 200 16 910
stats: size_rcv 391049 133693465
stats: newphase 0 3
stats: size_sent 34223 1750280
stats: connected -16 7
stats: 503 0 3668
stats: 500 0 10
stats: 404 0 97
# stats: dump at 1480628025
stats: users 2 321
stats: {freemem,"tsung_controller@ip-172-31-13-122"} 1 3137.58984375 0.0 3156.21875 3130.125 3140.97265625 20
stats: {load,"tsung_controller@ip-172-31-13-122"} 1 0.05078125 0.0 0.078125 0.0 0.0103515625 20
stats: {recvpackets,"tsung_controller@ip-172-31-13-122"} 1 267.0 0.0 11395 267 5290.9473684210525 19
stats: {sentpackets,"tsung_controller@ip-172-31-13-122"} 1 199.0 0.0 4697 199 2564.0 19
stats: {cpu,"tsung_controller@ip-172-31-13-122"} 1 1.3793103448275863 0.0 11.207729468599034 1.3793103448275863 4.7943980326567175 20
stats: session 5 89171.02905273438 4541.713446996858 146502.97998046875 12756.2880859375 58110.02998533968 411
stats: users_count 0 418
stats: finish_users_count 5 416
stats: request 13 8.247596153846153 0.7384389808729213 36474.839111328125 0.64794921875 2547.1415762543456 4997
stats: connect 0 0 0 114.751953125 0.529052734375 1.054851231540871 419
stats: page 11 9.768532492897727 3.553285738829101 43024.626953125 0.6650390625 2777.8622566799268 4582
stats: 302 11 323
stats: 200 2 912
stats: size_rcv 49552 133743017
stats: newphase 0 3
stats: size_sent 7527 1757807
stats: connected -5 2
stats: 503 0 3668
stats: 500 0 10
stats: 404 0 97
# stats: dump at 1480628035
stats: users 0 321
stats: {freemem,"tsung_controller@ip-172-31-13-122"} 1 3137.70703125 0.0 3156.21875 3130.125 3140.811569940476 21
stats: {load,"tsung_controller@ip-172-31-13-122"} 1 0.0390625 0.0 0.078125 0.0 0.012276785714285714 21
stats: {recvpackets,"tsung_controller@ip-172-31-13-122"} 1 48.0 0.0 11395 48 5039.75 20
stats: {sentpackets,"tsung_controller@ip-172-31-13-122"} 1 45.0 0.0 4697 45 2445.75 20
stats: {cpu,"tsung_controller@ip-172-31-13-122"} 1 1.0848126232741617 0.0 11.207729468599034 1.0848126232741617 4.631774809426759 21
stats: session 2 99395.43347167969 4732.6195068359375 146502.97998046875 12756.2880859375 58483.35930105356 416
stats: users_count 0 418
stats: finish_users_count 2 418
stats: request 6 8.3223876953125 0.6618988355031585 36474.839111328125 0.64794921875 2540.553627802987 5010
stats: connect 0 0 0 114.751953125 0.529052734375 1.054851231540871 419
stats: page 5 10.0142578125 3.2941904269370874 43024.626953125 0.6650390625 2771.2328138395046 4593
stats: 302 5 328
stats: 200 1 913
stats: size_rcv 24728 133767745
stats: newphase 0 3
stats: size_sent 3496 1761303
stats: connected -2 0
stats: 503 0 3668
stats: 500 0 10
stats: 404 0 97
# stats: dump at 1480628039
stats: users 0 321
stats: {freemem,"tsung_controller@ip-172-31-13-122"} 1 3137.70703125 0.0 3156.21875 3130.125 3140.6704545454545 22
stats: {load,"tsung_controller@ip-172-31-13-122"} 1 0.0390625 0.0 0.078125 0.0 0.013494318181818182 22
stats: {recvpackets,"tsung_controller@ip-172-31-13-122"} 1 26.0 0.0 11395 26 4802.047619047619 21
stats: {sentpackets,"tsung_controller@ip-172-31-13-122"} 1 18.0 0.0 4697 18 2331.4285714285716 21
stats: {cpu,"tsung_controller@ip-172-31-13-122"} 1 1.0848126232741617 0.0 11.207729468599034 1.0848126232741617 4.470549255510732 22
stats: session 0 0 0 146502.97998046875 12756.2880859375 58679.11085210919 418
stats: users_count 0 418
stats: finish_users_count 0 418
stats: request 0 0 0 36474.839111328125 0.64794921875 2537.5246430660163 5016
stats: connect 0 0 0 114.751953125 0.529052734375 1.054851231540871 419
stats: page 0 0 0 43024.626953125 0.6650390625 2768.2301838307762 4598
stats: 302 0 328
stats: 200 0 913
stats: size_rcv 0 133767745
stats: newphase 0 3
stats: size_sent 0 1761303
stats: connected 0 0
stats: 503 0 3668
stats: 500 0 10
stats: 404 0 97
EndMonitor:{1480,628039,130550}
