# stats: dump at 1480610708
stats: users 6 6
stats: {freemem,"tsung_controller@ip-172-31-13-122"} 1 3155.40625 0 3155.40625 3155.40625 0 0
stats: {load,"tsung_controller@ip-172-31-13-122"} 1 0.1796875 0 0.1796875 0.1796875 0 0
stats: {cpu,"tsung_controller@ip-172-31-13-122"} 1 3.0230758171659504 0 3.0230758171659504 3.0230758171659504 0 0
stats: users_count 6 6
stats: finish_users_count 0 0
stats: request 13 72.82513897235577 66.25366617968196 248.89306640625 19.56689453125 0 0
stats: connect 6 25.107014973958332 52.33162098675416 142.1220703125 1.26904296875 0 0
stats: page 13 72.82513897235577 66.25366617968196 248.89306640625 19.56689453125 0 0
stats: 200 13 13
stats: size_rcv 2065078 2065078
stats: size_sent 7770 7770
stats: connected 6 6
# stats: dump at 1480610718
stats: users 19 19
stats: {freemem,"tsung_controller@ip-172-31-13-122"} 1 3155.40625 0.0 3155.40625 3155.40625 3155.40625 1
stats: {load,"tsung_controller@ip-172-31-13-122"} 1 0.1484375 0.0 0.1796875 0.1484375 0.1796875 1
stats: {recvpackets,"tsung_controller@ip-172-31-13-122"} 1 1852 0 1852 1852 0 0
stats: {sentpackets,"tsung_controller@ip-172-31-13-122"} 1 987 0 987 987 0 0
stats: {cpu,"tsung_controller@ip-172-31-13-122"} 1 2.935420743639922 0.0 3.0230758171659504 2.935420743639922 3.0230758171659504 1
stats: users_count 13 19
stats: finish_users_count 0 0
stats: request 47 793.856756981383 1613.9031830694894 4684.762939453125 18.10302734375 72.82513897235577 13
stats: connect 13 1.7639347956730769 0.4988314514025207 142.1220703125 1.23486328125 25.107014973958332 6
stats: page 47 793.856756981383 1613.9031830694894 4684.762939453125 18.10302734375 72.82513897235577 13
stats: 200 47 60
stats: size_rcv 11825588 13890666
stats: size_sent 24964 32734
stats: connected 13 19
# stats: dump at 1480610728
stats: users 30 30
stats: {freemem,"tsung_controller@ip-172-31-13-122"} 1 3153.71875 0.0 3155.40625 3153.71875 3155.40625 2
stats: {load,"tsung_controller@ip-172-31-13-122"} 1 0.12890625 0.0 0.1796875 0.12890625 0.1640625 2
stats: {recvpackets,"tsung_controller@ip-172-31-13-122"} 1 9014.0 0.0 9014 1852 1852.0 1
stats: {sentpackets,"tsung_controller@ip-172-31-13-122"} 1 4709.0 0.0 4709 987 987.0 1
stats: {cpu,"tsung_controller@ip-172-31-13-122"} 1 3.758654797230465 0.0 3.758654797230465 2.935420743639922 2.979248280402936 2
stats: users_count 11 30
stats: finish_users_count 0 0
stats: request 70 584.3200125558036 1444.6805321769007 5730.179931640625 18.10302734375 637.6332397460938 60
stats: connect 11 1.7013050426136365 0.535085615103671 142.1220703125 0.991943359375 9.135433799342104 19
stats: page 70 584.3200125558036 1444.6805321769007 5730.179931640625 18.10302734375 637.6332397460938 60
stats: 200 70 130
stats: size_rcv 14646182 28536848
stats: size_sent 48293 81027
stats: connected 11 30
# stats: dump at 1480610738
stats: users 40 40
stats: {freemem,"tsung_controller@ip-172-31-13-122"} 1 3152.39453125 0.0 3155.40625 3152.39453125 3154.84375 3
stats: {load,"tsung_controller@ip-172-31-13-122"} 1 0.109375 0.0 0.1796875 0.109375 0.15234375 3
stats: {recvpackets,"tsung_controller@ip-172-31-13-122"} 1 10388.0 0.0 10388 1852 5433.0 2
stats: {sentpackets,"tsung_controller@ip-172-31-13-122"} 1 5456.0 0.0 5456 987 2848.0 2
stats: {cpu,"tsung_controller@ip-172-31-13-122"} 1 5.658536585365854 0.0 5.658536585365854 2.935420743639922 3.239050452678779 3
stats: users_count 10 40
stats: finish_users_count 0 0
stats: request 73 1579.9826024721747 2851.5061035969266 10361.572998046875 16.60888671875 608.9261174128605 130
stats: connect 9 2.778103298611111 2.4434633679448976 142.1220703125 0.991943359375 6.409586588541666 30
stats: page 73 1579.9826024721747 2851.5061035969266 10361.572998046875 16.60888671875 608.9261174128605 130
stats: 200 72 202
stats: size_rcv 18995180 47532028
stats: newphase 1 1
stats: size_sent 49270 130297
stats: connected 9 39
stats: 500 1 1
# stats: dump at 1480610748
stats: users 61 61
stats: {freemem,"tsung_controller@ip-172-31-13-122"} 1 3148.53515625 0.0 3155.40625 3148.53515625 3154.2314453125 4
stats: {load,"tsung_controller@ip-172-31-13-122"} 1 0.08984375 0.0 0.1796875 0.08984375 0.1416015625 4
stats: {recvpackets,"tsung_controller@ip-172-31-13-122"} 1 14717.0 0.0 14717 1852 7084.666666666667 3
stats: {sentpackets,"tsung_controller@ip-172-31-13-122"} 1 7568.0 0.0 7568 987 3717.3333333333335 3
stats: {cpu,"tsung_controller@ip-172-31-13-122"} 1 5.870841487279844 0.0 5.870841487279844 2.935420743639922 3.843921985850548 4
stats: session 3 36709.656087239586 4549.643024965659 41579.092041015625 30632.779052734375 0 0
stats: users_count 24 64
stats: finish_users_count 3 3
stats: request 102 1874.8404158049939 3506.1213410025043 12226.535888671875 14.320068359375 958.1237696755696 203
stats: connect 25 1.5355859375 0.3379532368944757 142.1220703125 0.991943359375 5.571551983173076 39
stats: page 102 1874.8404158049939 3506.1213410025043 12226.535888671875 14.320068359375 958.1237696755696 203
stats: 200 101 303
stats: size_rcv 21036466 68568494
stats: newphase 0 1
stats: size_sent 73565 203862
stats: connected 22 61
stats: 500 1 2
# stats: dump at 1480610758
stats: users 77 77
stats: {freemem,"tsung_controller@ip-172-31-13-122"} 1 3147.58984375 0.0 3155.40625 3147.58984375 3153.0921875 5
stats: {load,"tsung_controller@ip-172-31-13-122"} 1 0.078125 0.0 0.1796875 0.078125 0.13125 5
stats: {recvpackets,"tsung_controller@ip-172-31-13-122"} 1 14096.0 0.0 14717 1852 8992.75 4
stats: {sentpackets,"tsung_controller@ip-172-31-13-122"} 1 7159.0 0.0 7568 987 4680.0 4
stats: {cpu,"tsung_controller@ip-172-31-13-122"} 1 6.420233463035019 0.0 6.420233463035019 2.935420743639922 4.249305886136407 5
stats: session 3 40973.71329752604 6190.3402552093885 47390.90185546875 30632.779052734375 36709.656087239586 3
stats: users_count 19 83
stats: finish_users_count 3 6
stats: request 111 4226.703274563629 4284.944221840379 15174.64892578125 14.320068359375 1264.697861168033 305
stats: connect 19 1.530491879111842 0.4319321470867424 142.1220703125 0.98681640625 3.9950027465820304 64
stats: page 111 4226.703274563629 4284.944221840379 15174.64892578125 14.320068359375 1264.697861168033 305
stats: 200 111 414
stats: size_rcv 34869446 103437940
stats: newphase 0 1
stats: size_sent 68468 272330
stats: connected 16 77
stats: 500 0 2
# stats: dump at 1480610768
stats: users 107 107
stats: {freemem,"tsung_controller@ip-172-31-13-122"} 1 3146.40625 0.0 3155.40625 3146.40625 3152.1751302083335 6
stats: {load,"tsung_controller@ip-172-31-13-122"} 1 0.0703125 0.0 0.1796875 0.0703125 0.12239583333333333 6
stats: {recvpackets,"tsung_controller@ip-172-31-13-122"} 1 25485.0 0.0 25485 1852 10013.4 5
stats: {sentpackets,"tsung_controller@ip-172-31-13-122"} 1 13214.0 0.0 13214 987 5175.8 5
stats: {cpu,"tsung_controller@ip-172-31-13-122"} 1 10.341463414634147 0.0 10.341463414634147 2.935420743639922 4.611127148952842 6
stats: session 5 54188.69345703125 9708.707548105865 66317.11010742188 30632.779052734375 38841.68469238281 6
stats: users_count 35 118
stats: finish_users_count 5 11
stats: request 116 5137.423179889545 5238.027054325667 21872.838134765625 14.2529296875 2055.0406517615693 416
stats: connect 34 2.823917164522059 5.31137925145029 142.1220703125 0.95703125 3.4308376082454815 83
stats: page 116 5137.423179889545 5238.027054325667 21872.838134765625 14.2529296875 2055.0406517615693 416
stats: 200 114 528
stats: size_rcv 25822559 129260499
stats: newphase 1 2
stats: size_sent 73444 345774
stats: connected 29 106
stats: 500 2 4
# stats: dump at 1480610778
stats: users 147 147
stats: {freemem,"tsung_controller@ip-172-31-13-122"} 1 3143.46875 0.0 3155.40625 3143.46875 3151.351004464286 7
stats: {load,"tsung_controller@ip-172-31-13-122"} 1 0.05859375 0.0 0.1796875 0.05859375 0.11495535714285714 7
stats: {recvpackets,"tsung_controller@ip-172-31-13-122"} 1 17298.0 0.0 25485 1852 12592.0 6
stats: {sentpackets,"tsung_controller@ip-172-31-13-122"} 1 9201.0 0.0 13214 987 6515.5 6
stats: {cpu,"tsung_controller@ip-172-31-13-122"} 1 7.586206896551724 0.0 10.341463414634147 2.935420743639922 5.429746615478742 7
stats: session 3 56906.432454427086 4302.509682713066 66317.11010742188 30632.779052734375 45817.597767223015 11
stats: users_count 43 161
stats: finish_users_count 3 14
stats: request 117 5229.456674429087 5301.228585326808 21872.838134765625 13.843994140625 2727.1390977443607 532
stats: connect 43 1.8387536337209303 0.9759082413717439 142.1220703125 0.95703125 3.2544675647702985 117
stats: page 117 5229.456674429087 5301.228585326808 21872.838134765625 13.843994140625 2727.1390977443607 532
stats: 200 117 645
stats: size_rcv 29314251 158574750
stats: newphase 0 2
stats: size_sent 94209 439983
stats: connected 40 146
stats: 500 0 4
# stats: dump at 1480610788
stats: users 176 176
stats: {freemem,"tsung_controller@ip-172-31-13-122"} 1 3140.2265625 0.0 3155.40625 3140.2265625 3150.36572265625 8
stats: {load,"tsung_controller@ip-172-31-13-122"} 1 0.12890625 0.0 0.1796875 0.05859375 0.10791015625 8
stats: {recvpackets,"tsung_controller@ip-172-31-13-122"} 1 20599.0 0.0 25485 1852 13264.285714285714 7
stats: {sentpackets,"tsung_controller@ip-172-31-13-122"} 1 10682.0 0.0 13214 987 6899.142857142857 7
stats: {cpu,"tsung_controller@ip-172-31-13-122"} 1 8.751229105211406 0.0 10.341463414634147 2.935420743639922 5.699304150612865 8
stats: session 0 0 0 66317.11010742188 30632.779052734375 48193.77662876674 14
stats: users_count 29 190
stats: finish_users_count 0 14
stats: request 120 9097.481207275388 4012.279258629771 23058.044921875 13.843994140625 3178.250278749157 649
stats: connect 29 1.7804165544181034 0.6126823543001421 142.1220703125 0.95703125 2.873994445800781 160
stats: page 120 9097.481207275388 4012.279258629771 23058.044921875 13.843994140625 3178.250278749157 649
stats: 200 118 763
stats: size_rcv 31309979 189884729
stats: newphase 0 2
stats: size_sent 82290 522273
stats: connected 29 175
stats: 500 2 6
# stats: dump at 1480610798
stats: users 253 253
stats: {freemem,"tsung_controller@ip-172-31-13-122"} 1 3137.02734375 0.0 3155.40625 3137.02734375 3149.2391493055557 9
stats: {load,"tsung_controller@ip-172-31-13-122"} 1 0.109375 0.0 0.1796875 0.05859375 0.11024305555555555 9
stats: {recvpackets,"tsung_controller@ip-172-31-13-122"} 1 21821.0 0.0 25485 1852 14181.125 8
stats: {sentpackets,"tsung_controller@ip-172-31-13-122"} 1 11337.0 0.0 13214 987 7372.0 8
stats: {cpu,"tsung_controller@ip-172-31-13-122"} 1 8.7426326129666 0.0 10.341463414634147 2.935420743639922 6.038406923346036 9
stats: session 2 76507.55505371094 12450.556030273438 88958.11108398438 30632.779052734375 48193.77662876674 14
stats: users_count 79 269
stats: finish_users_count 2 16
stats: request 130 11868.678842397836 4398.4230182483525 26480.56103515625 13.843994140625 4101.9274067376455 769
stats: connect 77 1.6477114194399352 0.6405750178721322 142.1220703125 0.95703125 2.7061967799272484 189
stats: page 130 11868.678842397836 4398.4230182483525 26480.56103515625 13.843994140625 4101.9274067376455 769
stats: 200 126 889
stats: size_rcv 28510618 218395347
stats: newphase 1 3
stats: size_sent 97620 619893
stats: connected 75 250
stats: 500 4 10
# stats: dump at 1480610808
stats: users 320 320
stats: {freemem,"tsung_controller@ip-172-31-13-122"} 1 3129.5390625 0.0 3155.40625 3129.5390625 3148.01796875 10
stats: {load,"tsung_controller@ip-172-31-13-122"} 1 0.1484375 0.0 0.1796875 0.05859375 0.11015625 10
stats: {recvpackets,"tsung_controller@ip-172-31-13-122"} 1 24857.0 0.0 25485 1852 15030.0 9
stats: {sentpackets,"tsung_controller@ip-172-31-13-122"} 1 13076.0 0.0 13214 987 7812.555555555556 9
stats: {cpu,"tsung_controller@ip-172-31-13-122"} 1 10.297029702970297 0.0 10.341463414634147 2.935420743639922 6.308829492308093 10
stats: session 2 76821.1025390625 11696.993408203125 88958.11108398438 30632.779052734375 51732.998931884766 16
stats: users_count 69 338
stats: finish_users_count 2 18
stats: request 177 9748.847512800137 5704.410104630864 28384.787109375 13.843994140625 5225.03940522021 899
stats: connect 72 1.6508619520399306 0.9469646192580193 142.1220703125 0.947021484375 2.3997931229440788 266
stats: page 177 9748.847512800137 5704.410104630864 28384.787109375 13.843994140625 5225.03940522021 899
stats: 200 173 1062
stats: size_rcv 35500498 253895845
stats: newphase 0 3
stats: size_sent 121119 741012
stats: connected 70 320
stats: 500 4 14
# stats: dump at 1480610818
stats: users 406 406
stats: {freemem,"tsung_controller@ip-172-31-13-122"} 1 3121.12890625 0.0 3155.40625 3121.12890625 3146.338068181818 11
stats: {load,"tsung_controller@ip-172-31-13-122"} 1 0.12890625 0.0 0.1796875 0.05859375 0.11363636363636363 11
stats: {recvpackets,"tsung_controller@ip-172-31-13-122"} 1 26745.0 0.0 26745 1852 16012.7 10
stats: {sentpackets,"tsung_controller@ip-172-31-13-122"} 1 13753.0 0.0 13753 987 8338.9 10
stats: {cpu,"tsung_controller@ip-172-31-13-122"} 1 10.852713178294573 0.0 10.852713178294573 2.935420743639922 6.671393147822839 11
stats: session 3 78555.47037760417 7124.268732908419 88958.11108398438 30632.779052734375 54520.56599934896 18
stats: users_count 89 427
stats: finish_users_count 3 21
stats: request 312 6776.062501565001 8078.522155146761 28384.787109375 1.30810546875 5969.197430351852 1076
stats: connect 88 1.7198347611860796 1.2531977336077316 142.1220703125 0.912109375 2.2402574889053253 338
stats: page 312 6776.062501565001 8078.522155146761 28384.787109375 1.30810546875 5969.197430351852 1076
stats: 200 154 1216
stats: size_rcv 35226044 289121889
stats: newphase 0 3
stats: size_sent 174790 915802
stats: connected 85 405
stats: 503 156 156
stats: 500 2 16
# stats: dump at 1480610828
stats: users 423 425
stats: {freemem,"tsung_controller@ip-172-31-13-122"} 1 3115.20703125 0.0 3155.40625 3115.20703125 3144.2373046875 12
stats: {load,"tsung_controller@ip-172-31-13-122"} 1 0.109375 0.0 0.1796875 0.05859375 0.11490885416666667 12
stats: {recvpackets,"tsung_controller@ip-172-31-13-122"} 1 23736.0 0.0 26745 1852 16988.363636363636 11
stats: {sentpackets,"tsung_controller@ip-172-31-13-122"} 1 12993.0 0.0 13753 987 8831.09090909091 11
stats: {cpu,"tsung_controller@ip-172-31-13-122"} 1 12.682926829268293 0.0 12.682926829268293 2.935420743639922 7.019836483695484 12
stats: session 3 94403.47037760417 12493.004114307781 111661.14721679688 30632.779052734375 57954.12376767113 21
stats: users_count 20 447
stats: finish_users_count 3 24
stats: request 449 3789.8053182419258 8231.793705181557 31370.81298828125 1.30810546875 6150.567676906969 1388
stats: connect 21 1.6746070498511905 0.6989260220615939 142.1220703125 0.912109375 2.132752324493838 426
stats: page 449 3789.8053182419258 8231.793705181557 31370.81298828125 1.30810546875 6150.567676906969 1388
stats: 200 90 1306
stats: size_rcv 29032517 318154406
stats: newphase 0 3
stats: size_sent 242122 1157924
stats: connected 18 423
stats: 503 359 515
stats: 500 0 16
# stats: dump at 1480610838
stats: users 417 425
stats: {freemem,"tsung_controller@ip-172-31-13-122"} 1 3110.640625 0.0 3155.40625 3110.640625 3142.004206730769 13
stats: {load,"tsung_controller@ip-172-31-13-122"} 1 0.08984375 0.0 0.1796875 0.05859375 0.11448317307692307 13
stats: {recvpackets,"tsung_controller@ip-172-31-13-122"} 1 21476.0 0.0 26745 1852 17550.666666666668 12
stats: {sentpackets,"tsung_controller@ip-172-31-13-122"} 1 11575.0 0.0 13753 987 9177.916666666668 12
stats: {cpu,"tsung_controller@ip-172-31-13-122"} 1 10.546875 0.0 12.682926829268293 2.935420743639922 7.455458817970316 13
stats: session 6 57650.6317952474 39781.173751635244 116313.15405273438 18072.928955078125 62510.29209391276 24
stats: users_count 0 447
stats: finish_users_count 6 30
stats: request 402 6637.386235327268 10962.019363730356 36071.81298828125 1.30810546875 5573.549550047631 1837
stats: connect 0 0 0 142.1220703125 0.912109375 2.1112287209871363 447
stats: page 402 6637.386235327268 10962.019363730356 36071.81298828125 1.30810546875 5573.549550047631 1837
stats: 200 109 1415
stats: size_rcv 28790867 346945273
stats: newphase 0 3
stats: size_sent 234758 1392682
stats: connected -6 417
stats: 503 291 806
stats: 500 2 18
# stats: dump at 1480610848
stats: users 399 425
stats: {freemem,"tsung_controller@ip-172-31-13-122"} 1 3109.90234375 0.0 3155.40625 3109.90234375 3139.7639508928573 14
stats: {load,"tsung_controller@ip-172-31-13-122"} 1 0.078125 0.0 0.1796875 0.05859375 0.11272321428571429 14
stats: {recvpackets,"tsung_controller@ip-172-31-13-122"} 1 15593.0 0.0 26745 1852 17852.615384615383 13
stats: {sentpackets,"tsung_controller@ip-172-31-13-122"} 1 8521.0 0.0 13753 987 9362.307692307693 13
stats: {cpu,"tsung_controller@ip-172-31-13-122"} 1 8.055009823182711 0.0 12.682926829268293 2.935420743639922 7.676274259543865 14
stats: session 18 71449.27651638455 40002.45569760703 125894.1201171875 18072.928955078125 61538.360034179685 30
stats: users_count 0 447
stats: finish_users_count 18 48
stats: request 323 9635.502317446311 13798.305085489648 41395.23095703125 1.30810546875 5764.555511406457 2239
stats: connect 0 0 0 142.1220703125 0.912109375 2.1112287209871363 447
stats: page 323 9635.502317446311 13798.305085489648 41395.23095703125 1.30810546875 5764.555511406457 2239
stats: 200 105 1520
stats: size_rcv 26305639 373250912
stats: newphase 0 3
stats: size_sent 214392 1607074
stats: connected -18 399
stats: 503 213 1019
stats: 500 5 23
# stats: dump at 1480610858
stats: users 385 425
stats: {freemem,"tsung_controller@ip-172-31-13-122"} 1 3108.2421875 0.0 3155.40625 3108.2421875 3137.7731770833334 15
stats: {load,"tsung_controller@ip-172-31-13-122"} 1 0.0703125 0.0 0.1796875 0.05859375 0.11041666666666666 15
stats: {recvpackets,"tsung_controller@ip-172-31-13-122"} 1 17395.0 0.0 26745 1852 17691.214285714283 14
stats: {sentpackets,"tsung_controller@ip-172-31-13-122"} 1 9140.0 0.0 13753 987 9302.214285714286 14
stats: {cpu,"tsung_controller@ip-172-31-13-122"} 1 7.480314960629922 0.0 12.682926829268293 2.935420743639922 7.701523297119788 15
stats: session 14 79201.7507498605 21402.919705296037 125894.1201171875 18072.928955078125 65254.95371500651 48
stats: users_count 0 447
stats: finish_users_count 14 62
stats: request 259 10049.655070772502 15247.909895976796 49555.8310546875 1.30810546875 6252.578859708906 2562
stats: connect 0 0 0 142.1220703125 0.912109375 2.1112287209871363 447
stats: page 259 10049.655070772502 15247.909895976796 49555.8310546875 1.30810546875 6252.578859708906 2562
stats: 200 80 1600
stats: size_rcv 18543398 391794310
stats: newphase 0 3
stats: size_sent 170577 1777651
stats: connected -14 385
stats: 503 177 1196
stats: 500 3 26
# stats: dump at 1480610868
stats: users 369 425
stats: {freemem,"tsung_controller@ip-172-31-13-122"} 1 3108.1328125 0.0 3155.40625 3108.1328125 3135.927490234375 16
stats: {load,"tsung_controller@ip-172-31-13-122"} 1 0.05859375 0.0 0.1796875 0.05859375 0.10791015625 16
stats: {recvpackets,"tsung_controller@ip-172-31-13-122"} 1 19332.0 0.0 26745 1852 17671.466666666664 15
stats: {sentpackets,"tsung_controller@ip-172-31-13-122"} 1 10260.0 0.0 13753 987 9291.4 15
stats: {cpu,"tsung_controller@ip-172-31-13-122"} 1 8.579881656804734 0.0 12.682926829268293 2.935420743639922 7.687697776089172 16
stats: session 16 94804.99546813965 30514.553891905904 150811.12109375 18072.928955078125 68404.23046481225 62
stats: users_count 0 447
stats: finish_users_count 16 78
stats: request 243 11830.613149635095 16957.12676271694 53997.7080078125 1.30810546875 6601.193797201097 2821
stats: connect 0 0 0 142.1220703125 0.912109375 2.1112287209871363 447
stats: page 243 11830.613149635095 16957.12676271694 53997.7080078125 1.30810546875 6601.193797201097 2821
stats: 200 85 1685
stats: size_rcv 30336546 422130856
stats: newphase 0 3
stats: size_sent 155350 1933001
stats: connected -15 370
stats: 503 156 1352
stats: 500 1 27
# stats: dump at 1480610878
stats: users 359 425
stats: {freemem,"tsung_controller@ip-172-31-13-122"} 1 3107.90625 0.0 3155.40625 3107.90625 3134.2925091911766 17
stats: {load,"tsung_controller@ip-172-31-13-122"} 1 0.05078125 0.0 0.1796875 0.05078125 0.10500919117647059 17
stats: {recvpackets,"tsung_controller@ip-172-31-13-122"} 1 18042.0 0.0 26745 1852 17775.249999999996 16
stats: {sentpackets,"tsung_controller@ip-172-31-13-122"} 1 9210.0 0.0 13753 987 9351.9375 16
stats: {cpu,"tsung_controller@ip-172-31-13-122"} 1 7.647058823529412 0.0 12.682926829268293 2.935420743639922 7.740179180837146 17
stats: session 10 100634.33598632812 21170.484650822964 150811.12109375 18072.928955078125 73819.77200395633 78
stats: users_count 0 447
stats: finish_users_count 10 88
stats: request 167 16978.892800336827 22597.943342649436 59837.219970703125 1.30810546875 7015.929078742045 3064
stats: connect 0 0 0 142.1220703125 0.912109375 2.1112287209871363 447
stats: page 167 16978.892800336827 22597.943342649436 59837.219970703125 1.30810546875 7015.929078742045 3064
stats: 504 8 8
stats: 200 57 1742
stats: size_rcv 17056002 439186858
stats: newphase 0 3
stats: size_sent 111001 2044002
stats: connected -11 359
stats: 503 100 1452
stats: 500 2 29
# stats: dump at 1480610888
stats: users 350 425
stats: {freemem,"tsung_controller@ip-172-31-13-122"} 1 3107.19140625 0.0 3155.40625 3107.19140625 3132.826605902778 18
stats: {load,"tsung_controller@ip-172-31-13-122"} 1 0.0390625 0.0 0.1796875 0.0390625 0.10199652777777778 18
stats: {recvpackets,"tsung_controller@ip-172-31-13-122"} 1 13719.0 0.0 26745 1852 17790.941176470584 17
stats: {sentpackets,"tsung_controller@ip-172-31-13-122"} 1 7122.0 0.0 13753 987 9343.588235294117 17
stats: {cpu,"tsung_controller@ip-172-31-13-122"} 1 6.102362204724409 0.0 12.682926829268293 2.935420743639922 7.735005827653383 18
stats: session 9 108864.46313476563 28059.882081260843 166050.15502929688 18072.928955078125 76866.88154740767 88
stats: users_count 0 447
stats: finish_users_count 9 97
stats: request 118 25415.824949102887 22004.65365341176 59988.169189453125 1.30810546875 7530.882635382815 3231
stats: connect 0 0 0 142.1220703125 0.912109375 2.1112287209871363 447
stats: page 118 25415.824949102887 22004.65365341176 59988.169189453125 1.30810546875 7530.882635382815 3231
stats: 504 3 11
stats: 200 64 1806
stats: size_rcv 21528579 460715437
stats: newphase 0 3
stats: size_sent 74789 2118791
stats: connected -9 350
stats: 503 48 1500
stats: 500 4 33
# stats: dump at 1480610898
stats: users 345 425
stats: {freemem,"tsung_controller@ip-172-31-13-122"} 1 3104.05078125 0.0 3155.40625 3104.05078125 3131.4773848684213 19
stats: {load,"tsung_controller@ip-172-31-13-122"} 1 0.03125 0.0 0.1796875 0.03125 0.09868421052631579 19
stats: {recvpackets,"tsung_controller@ip-172-31-13-122"} 1 13244.0 0.0 26745 1852 17564.72222222222 18
stats: {sentpackets,"tsung_controller@ip-172-31-13-122"} 1 6707.0 0.0 13753 987 9220.166666666666 18
stats: {cpu,"tsung_controller@ip-172-31-13-122"} 1 5.484818805093046 0.0 12.682926829268293 2.935420743639922 7.649077215920279 19
stats: session 5 114491.63100585938 24822.42299902516 166050.15502929688 18072.928955078125 79835.72932355429 97
stats: users_count 0 447
stats: finish_users_count 5 102
stats: request 109 31339.236274369276 18435.9881000432 59988.169189453125 1.30810546875 8161.047816935209 3349
stats: connect 0 0 0 142.1220703125 0.912109375 2.1112287209871363 447
stats: page 109 31339.236274369276 18435.9881000432 59988.169189453125 1.30810546875 8161.047816935209 3349
stats: 504 5 16
stats: 200 79 1885
stats: size_rcv 18697213 479412650
stats: newphase 0 3
stats: size_sent 74035 2192826
stats: connected -5 345
stats: 503 23 1523
stats: 500 1 34
# stats: dump at 1480610908
stats: users 339 425
stats: {freemem,"tsung_controller@ip-172-31-13-122"} 1 3104.1796875 0.0 3155.40625 3104.05078125 3130.1060546875005 20
stats: {load,"tsung_controller@ip-172-31-13-122"} 1 0.03125 0.0 0.1796875 0.03125 0.0953125 20
stats: {recvpackets,"tsung_controller@ip-172-31-13-122"} 1 17028.0 0.0 26745 1852 17337.31578947368 19
stats: {sentpackets,"tsung_controller@ip-172-31-13-122"} 1 8721.0 0.0 13753 987 9087.894736842105 19
stats: {cpu,"tsung_controller@ip-172-31-13-122"} 1 6.200787401574804 0.0 12.682926829268293 2.935420743639922 7.540864295378919 20
stats: session 6 122858.80631510417 25820.07419687123 166050.15502929688 18072.928955078125 81534.5480334712 102
stats: users_count 0 447
stats: finish_users_count 6 108
stats: request 129 33979.929638293375 16828.13927828128 59988.169189453125 1.30810546875 8891.65005576121 3458
stats: connect 0 0 0 142.1220703125 0.912109375 2.1112287209871363 447
stats: page 129 33979.929638293375 16828.13927828128 59988.169189453125 1.30810546875 8891.65005576121 3458
stats: 504 5 21
stats: 200 113 1998
stats: size_rcv 25615508 505028158
stats: newphase 0 3
stats: size_sent 68487 2261313
stats: connected -6 339
stats: 503 9 1532
stats: 500 2 36
# stats: dump at 1480610918
stats: users 336 425
stats: {freemem,"tsung_controller@ip-172-31-13-122"} 1 3103.94921875 0.0 3155.40625 3103.94921875 3128.87146577381 21
stats: {load,"tsung_controller@ip-172-31-13-122"} 1 0.01953125 0.0 0.1796875 0.01953125 0.09226190476190477 21
stats: {recvpackets,"tsung_controller@ip-172-31-13-122"} 1 13536.0 0.0 26745 1852 17321.849999999995 20
stats: {sentpackets,"tsung_controller@ip-172-31-13-122"} 1 7127.0 0.0 13753 987 9069.55 20
stats: {cpu,"tsung_controller@ip-172-31-13-122"} 1 5.7312252964426875 0.0 12.682926829268293 2.935420743639922 7.4770511099596755 21
stats: session 3 173093.8712565104 16212.176591199903 195997.26098632813 18072.928955078125 83830.34016022859 108
stats: users_count 0 447
stats: finish_users_count 3 111
stats: request 75 40331.51826171876 19479.39141427849 59999.430908203125 1.30810546875 9793.904883234489 3587
stats: connect 0 0 0 142.1220703125 0.912109375 2.1112287209871363 447
stats: page 75 40331.51826171876 19479.39141427849 59999.430908203125 1.30810546875 9793.904883234489 3587
stats: 504 19 40
stats: 200 45 2043
stats: size_rcv 12503177 517531335
stats: newphase 0 3
stats: size_sent 47669 2308982
stats: connected -3 336
stats: 503 8 1540
stats: 500 3 39
# stats: dump at 1480610928
stats: users 330 425
stats: {freemem,"tsung_controller@ip-172-31-13-122"} 1 3103.8359375 0.0 3155.40625 3103.8359375 3127.738636363637 22
stats: {load,"tsung_controller@ip-172-31-13-122"} 1 0.01953125 0.0 0.1796875 0.01953125 0.08895596590909091 22
stats: {recvpackets,"tsung_controller@ip-172-31-13-122"} 1 9713.0 0.0 26745 1852 17141.571428571424 21
stats: {sentpackets,"tsung_controller@ip-172-31-13-122"} 1 4.9e3 0.0 13753 987 8977.047619047618 21
stats: {cpu,"tsung_controller@ip-172-31-13-122"} 1 4.23228346456693 0.0 12.682926829268293 2.935420743639922 7.397695391163449 22
stats: session 6 136136.83764648438 14071.838210113257 195997.26098632813 18072.928955078125 86242.86802769566 111
stats: users_count 0 447
stats: finish_users_count 6 117
stats: request 76 23303.887492932765 23076.5207419497 59999.430908203125 1.30810546875 10419.333884705356 3662
stats: connect 0 0 0 142.1220703125 0.912109375 2.1112287209871363 447
stats: page 76 23303.887492932765 23076.5207419497 59999.430908203125 1.30810546875 10419.333884705356 3662
stats: 504 13 53
stats: 200 28 2071
stats: size_rcv 13649280 531180615
stats: newphase 0 3
stats: size_sent 51633 2360615
stats: connected -5 331
stats: 503 32 1572
stats: 500 3 42
# stats: dump at 1480610938
stats: users 325 425
stats: {freemem,"tsung_controller@ip-172-31-13-122"} 1 3104.22265625 0.0 3155.40625 3103.8359375 3126.699388586957 23
stats: {load,"tsung_controller@ip-172-31-13-122"} 1 0.1015625 0.0 0.1796875 0.01953125 0.0859375 23
stats: {recvpackets,"tsung_controller@ip-172-31-13-122"} 1 9715.0 0.0 26745 1852 16803.909090909085 22
stats: {sentpackets,"tsung_controller@ip-172-31-13-122"} 1 5007.0 0.0 13753 987 8791.727272727272 22
stats: {cpu,"tsung_controller@ip-172-31-13-122"} 1 4.055390702274975 0.0 12.682926829268293 2.935420743639922 7.260068785659252 23
stats: session 5 141408.38662109376 18802.273139093555 195997.26098632813 18072.928955078125 88801.5331363515 117
stats: users_count 0 447
stats: finish_users_count 5 122
stats: request 57 31262.383964672423 21021.480956104486 59999.430908203125 1.30810546875 10681.299126606182 3738
stats: connect 0 0 0 142.1220703125 0.912109375 2.1112287209871363 447
stats: page 57 31262.383964672423 21021.480956104486 59999.430908203125 1.30810546875 10681.299126606182 3738
stats: 504 4 57
stats: 200 37 2108
stats: size_rcv 13521671 544702286
stats: newphase 0 3
stats: size_sent 39672 2400287
stats: connected -6 325
stats: 503 15 1587
stats: 500 1 43
# stats: dump at 1480610948
stats: users 320 425
stats: {freemem,"tsung_controller@ip-172-31-13-122"} 1 3103.48828125 0.0 3155.40625 3103.48828125 3125.7628580729174 24
stats: {load,"tsung_controller@ip-172-31-13-122"} 1 0.078125 0.0 0.1796875 0.01953125 0.08658854166666667 24
stats: {recvpackets,"tsung_controller@ip-172-31-13-122"} 1 9717.0 0.0 26745 1852 16495.69565217391 23
stats: {sentpackets,"tsung_controller@ip-172-31-13-122"} 1 4809.0 0.0 13753 987 8627.173913043478 23
stats: {cpu,"tsung_controller@ip-172-31-13-122"} 1 4.215686274509804 0.0 12.682926829268293 2.935420743639922 7.126540532184907 24
stats: session 5 174425.1923828125 19412.362459938005 203288.23901367188 18072.928955078125 90957.55172179175 122
stats: users_count 0 447
stats: finish_users_count 5 127
stats: request 106 38349.075153854676 23314.385835623798 59999.430908203125 1.30810546875 10990.422139984252 3795
stats: connect 0 0 0 142.1220703125 0.912109375 2.1112287209871363 447
stats: page 106 38349.075153854676 23314.385835623798 59999.430908203125 1.30810546875 10990.422139984252 3795
stats: 504 38 95
stats: 200 41 2149
stats: size_rcv 13029421 557731707
stats: newphase 0 3
stats: size_sent 66198 2466485
stats: connected -4 321
stats: 503 25 1612
stats: 500 2 45
# stats: dump at 1480610958
stats: users 312 425
stats: {freemem,"tsung_controller@ip-172-31-13-122"} 1 3103.484375 0.0 3155.40625 3103.484375 3124.8718750000007 25
stats: {load,"tsung_controller@ip-172-31-13-122"} 1 0.0703125 0.0 0.1796875 0.01953125 0.08625 25
stats: {recvpackets,"tsung_controller@ip-172-31-13-122"} 1 9907.0 0.0 26745 1852 16213.249999999995 24
stats: {sentpackets,"tsung_controller@ip-172-31-13-122"} 1 5119.0 0.0 13753 987 8468.083333333334 24
stats: {cpu,"tsung_controller@ip-172-31-13-122"} 1 5.20117762512267 0.0 12.682926829268293 2.935420743639922 7.010106361877903 25
stats: session 8 168483.19708251953 34628.66114237836 219469.1220703125 18072.928955078125 94243.67930687132 127
stats: users_count 0 447
stats: finish_users_count 8 135
stats: request 137 31562.644217609475 23324.81138867011 59999.430908203125 1.30810546875 11733.82568252982 3901
stats: connect 0 0 0 142.1220703125 0.912109375 2.1112287209871363 447
stats: page 137 31562.644217609475 23324.81138867011 59999.430908203125 1.30810546875 11733.82568252982 3901
stats: 504 31 126
stats: 200 70 2219
stats: size_rcv 17632973 575364680
stats: newphase 0 3
stats: size_sent 72621 2539106
stats: connected -9 312
stats: 503 36 1648
stats: 500 0 45
# stats: dump at 1480610968
stats: users 299 425
stats: {freemem,"tsung_controller@ip-172-31-13-122"} 1 3103.6328125 0.0 3155.40625 3103.484375 3124.0492788461543 26
stats: {load,"tsung_controller@ip-172-31-13-122"} 1 0.05859375 0.0 0.1796875 0.01953125 0.08563701923076923 26
stats: {recvpackets,"tsung_controller@ip-172-31-13-122"} 1 9961.0 0.0 26745 1852 15960.999999999995 25
stats: {sentpackets,"tsung_controller@ip-172-31-13-122"} 1 5152.0 0.0 13753 987 8334.12 25
stats: {cpu,"tsung_controller@ip-172-31-13-122"} 1 5.283757338551859 0.0 12.682926829268293 2.935420743639922 6.94053217969501 26
stats: session 13 178059.8798828125 26429.04245164342 222114.18701171875 18072.928955078125 98643.05813802083 135
stats: users_count 0 447
stats: finish_users_count 13 148
stats: request 106 36590.77114349943 20968.733534114366 59999.430908203125 1.30810546875 12406.571630847282 4038
stats: connect 0 0 0 142.1220703125 0.912109375 2.1112287209871363 447
stats: page 106 36590.77114349943 20968.733534114366 59999.430908203125 1.30810546875 12406.571630847282 4038
stats: 504 19 145
stats: 200 67 2286
stats: size_rcv 11836467 587201147
stats: newphase 0 3
stats: size_sent 62973 2602079
stats: connected -12 300
stats: 503 18 1666
stats: 500 2 47
# stats: dump at 1480610978
stats: users 291 425
stats: {freemem,"tsung_controller@ip-172-31-13-122"} 1 3103.79296875 0.0 3155.40625 3103.484375 3123.2931134259265 27
stats: {load,"tsung_controller@ip-172-31-13-122"} 1 0.05078125 0.0 0.1796875 0.01953125 0.08463541666666667 27
stats: {recvpackets,"tsung_controller@ip-172-31-13-122"} 1 8093.0 0.0 26745 1852 15730.230769230764 26
stats: {sentpackets,"tsung_controller@ip-172-31-13-122"} 1 4270.0 0.0 13753 987 8211.73076923077 26
stats: {cpu,"tsung_controller@ip-172-31-13-122"} 1 4.411764705882353 0.0 12.682926829268293 2.935420743639922 6.87917014854156 27
stats: session 8 194830.1569519043 25514.295705349585 247510.09497070313 18072.928955078125 105618.86004803632 148
stats: users_count 0 447
stats: finish_users_count 8 156
stats: request 80 39569.248968505875 17801.73676520617 59999.430908203125 1.30810546875 13025.182911817632 4144
stats: connect 0 0 0 142.1220703125 0.912109375 2.1112287209871363 447
stats: page 80 39569.248968505875 17801.73676520617 59999.430908203125 1.30810546875 13025.182911817632 4144
stats: 504 25 170
stats: 200 51 2337
stats: size_rcv 12450800 599651947
stats: newphase 0 3
stats: size_sent 48921 2651000
stats: connected -9 291
stats: 503 3 1669
stats: 500 1 48
# stats: dump at 1480610988
stats: users 287 425
stats: {freemem,"tsung_controller@ip-172-31-13-122"} 1 3103.53125 0.0 3155.40625 3103.484375 3122.5966796875005 28
stats: {load,"tsung_controller@ip-172-31-13-122"} 1 0.0390625 0.0 0.1796875 0.01953125 0.08342633928571429 28
stats: {recvpackets,"tsung_controller@ip-172-31-13-122"} 1 12173.0 0.0 26745 1852 15447.370370370367 27
stats: {sentpackets,"tsung_controller@ip-172-31-13-122"} 1 6297.0 0.0 13753 987 8065.740740740741 27
stats: {cpu,"tsung_controller@ip-172-31-13-122"} 1 5.054509415262636 0.0 12.682926829268293 2.935420743639922 6.791048525589445 28
stats: session 4 222606.40167236328 26886.54542403075 259913.17993164063 18072.928955078125 110193.79835079878 156
stats: users_count 0 447
stats: finish_users_count 4 160
stats: request 58 36525.77108448951 12400.951371007368 59999.430908203125 1.30810546875 13527.911435618546 4224
stats: connect 0 0 0 142.1220703125 0.912109375 2.1112287209871363 447
stats: page 58 36525.77108448951 12400.951371007368 59999.430908203125 1.30810546875 13527.911435618546 4224
stats: 504 5 175
stats: 200 52 2389
stats: size_rcv 13998747 613650694
stats: newphase 0 3
stats: size_sent 48948 2699948
stats: connected -4 287
stats: 503 1 1670
stats: 500 0 48
# stats: dump at 1480610998
stats: users 283 425
stats: {freemem,"tsung_controller@ip-172-31-13-122"} 1 3104.0546875 0.0 3155.40625 3103.484375 3121.9392510775865 29
stats: {load,"tsung_controller@ip-172-31-13-122"} 1 0.12109375 0.0 0.1796875 0.01953125 0.08189655172413793 29
stats: {recvpackets,"tsung_controller@ip-172-31-13-122"} 1 14138.0 0.0 26745 1852 15330.428571428567 28
stats: {sentpackets,"tsung_controller@ip-172-31-13-122"} 1 7079.0 0.0 13753 987 8002.571428571428 28
stats: {cpu,"tsung_controller@ip-172-31-13-122"} 1 5.014749262536873 0.0 12.682926829268293 2.935420743639922 6.731167866612658 29
stats: session 4 210960.41925048828 20106.02667706411 259913.17993164063 18072.928955078125 113004.11343383789 160
stats: users_count 0 447
stats: finish_users_count 4 164
stats: request 74 39522.27446684967 12517.147291572299 59999.430908203125 1.30810546875 13839.41910951731 4282
stats: connect 0 0 0 142.1220703125 0.912109375 2.1112287209871363 447
stats: page 74 39522.27446684967 12517.147291572299 59999.430908203125 1.30810546875 13839.41910951731 4282
stats: 504 5 180
stats: 200 68 2457
stats: size_rcv 23386236 637036930
stats: newphase 0 3
stats: size_sent 37702 2737650
stats: connected -4 283
stats: 503 0 1670
stats: 500 1 49
# stats: dump at 1480611008
stats: users 279 425
stats: {freemem,"tsung_controller@ip-172-31-13-122"} 1 3103.890625 0.0 3155.40625 3103.484375 3121.343098958334 30
stats: {load,"tsung_controller@ip-172-31-13-122"} 1 0.1015625 0.0 0.1796875 0.01953125 0.083203125 30
stats: {recvpackets,"tsung_controller@ip-172-31-13-122"} 1 12227.0 0.0 26745 1852 15289.310344827582 29
stats: {sentpackets,"tsung_controller@ip-172-31-13-122"} 1 6101.0 0.0 13753 987 7970.724137931034 29
stats: {cpu,"tsung_controller@ip-172-31-13-122"} 1 6.0135790494665375 0.0 12.682926829268293 2.935420743639922 6.673953913143465 30
stats: session 4 228478.21850585938 18547.559359443574 259913.17993164063 18072.928955078125 115393.2916244879 164
stats: users_count 0 447
stats: finish_users_count 4 168
stats: request 67 38860.619515945655 10027.695764568147 59999.430908203125 1.30810546875 14275.72106003214 4356
stats: connect 0 0 0 142.1220703125 0.912109375 2.1112287209871363 447
stats: page 67 38860.619515945655 10027.695764568147 59999.430908203125 1.30810546875 14275.72106003214 4356
stats: 504 6 186
stats: 200 59 2516
stats: size_rcv 17783464 654820394
stats: newphase 0 3
stats: size_sent 45638 2783288
stats: connected -3 280
stats: 503 0 1670
stats: 500 2 51
# stats: dump at 1480611018
stats: users 274 425
stats: {freemem,"tsung_controller@ip-172-31-13-122"} 1 3103.796875 0.0 3155.40625 3103.484375 3120.78011592742 31
stats: {load,"tsung_controller@ip-172-31-13-122"} 1 0.078125 0.0 0.1796875 0.01953125 0.08379536290322581 31
stats: {recvpackets,"tsung_controller@ip-172-31-13-122"} 1 9972.0 0.0 26745 1852 15187.23333333333 30
stats: {sentpackets,"tsung_controller@ip-172-31-13-122"} 1 5129.0 0.0 13753 987 7908.4 30
stats: {cpu,"tsung_controller@ip-172-31-13-122"} 1 4.158415841584159 0.0 12.682926829268293 2.935420743639922 6.652651498186144 31
stats: session 5 249049.37763671874 4191.593501045823 259913.17993164063 18072.928955078125 118085.78988356817 168
stats: users_count 0 447
stats: finish_users_count 5 173
stats: request 62 36468.553265971525 14073.513955408027 59999.430908203125 1.30810546875 14648.135302977245 4423
stats: connect 0 0 0 142.1220703125 0.912109375 2.1112287209871363 447
stats: page 62 36468.553265971525 14073.513955408027 59999.430908203125 1.30810546875 14648.135302977245 4423
stats: 504 10 196
stats: 200 51 2567
stats: size_rcv 11983434 666803828
stats: newphase 0 3
stats: size_sent 37352 2820640
stats: connected -6 274
stats: 503 0 1670
stats: 500 1 52
# stats: dump at 1480611028
stats: users 271 425
stats: {freemem,"tsung_controller@ip-172-31-13-122"} 1 3103.56640625 0.0 3155.40625 3103.484375 3120.249389648438 32
stats: {load,"tsung_controller@ip-172-31-13-122"} 1 0.0703125 0.0 0.1796875 0.01953125 0.0836181640625 32
stats: {recvpackets,"tsung_controller@ip-172-31-13-122"} 1 12848.0 0.0 26745 1852 15018.999999999996 31
stats: {sentpackets,"tsung_controller@ip-172-31-13-122"} 1 6547.0 0.0 13753 987 7818.741935483871 31
stats: {cpu,"tsung_controller@ip-172-31-13-122"} 1 4.8371174728529125 0.0 12.682926829268293 2.935420743639922 6.574706633917332 32
stats: session 3 260532.52604166666 3992.100810069553 265647.24609375 18072.928955078125 121870.86467412167 173
stats: users_count 0 447
stats: finish_users_count 3 176
stats: request 78 33401.34330240886 15309.480268572135 59999.430908203125 1.30810546875 14949.777647170255 4485
stats: connect 0 0 0 142.1220703125 0.912109375 2.1112287209871363 447
stats: page 78 33401.34330240886 15309.480268572135 59999.430908203125 1.30810546875 14949.777647170255 4485
stats: 504 10 206
stats: 200 66 2633
stats: size_rcv 17699999 684503827
stats: newphase 0 3
stats: size_sent 46858 2867498
stats: connected -2 272
stats: 503 0 1670
stats: 500 2 54
# stats: dump at 1480611038
stats: users 269 425
stats: {freemem,"tsung_controller@ip-172-31-13-122"} 1 3103.60546875 0.0 3155.40625 3103.484375 3119.74384469697 33
stats: {load,"tsung_controller@ip-172-31-13-122"} 1 0.05859375 0.0 0.1796875 0.01953125 0.08321496212121213 33
stats: {recvpackets,"tsung_controller@ip-172-31-13-122"} 1 8868.0 0.0 26745 1852 14951.156249999996 32
stats: {sentpackets,"tsung_controller@ip-172-31-13-122"} 1 4496.0 0.0 13753 987 7779.0 32
stats: {cpu,"tsung_controller@ip-172-31-13-122"} 1 4.031465093411996 0.0 12.682926829268293 2.935420743639922 6.52205241691538 33
stats: session 2 227512.68896484375 9718.49609375 265647.24609375 18072.928955078125 124234.41572015936 176
stats: users_count 0 447
stats: finish_users_count 2 178
stats: request 65 44487.33464167668 16452.975766204872 59999.430908203125 1.30810546875 15265.189025892283 4563
stats: connect 0 0 0 142.1220703125 0.912109375 2.1112287209871363 447
stats: page 65 44487.33464167668 16452.975766204872 59999.430908203125 1.30810546875 15265.189025892283 4563
stats: 504 21 227
stats: 200 41 2674
stats: size_rcv 10681170 695184997
stats: newphase 0 3
stats: size_sent 42441 2909939
stats: connected -3 269
stats: 503 0 1670
stats: 500 3 57
# stats: dump at 1480611048
stats: users 266 425
stats: {freemem,"tsung_controller@ip-172-31-13-122"} 1 3103.4609375 0.0 3155.40625 3103.4609375 3119.269186580883 34
stats: {load,"tsung_controller@ip-172-31-13-122"} 1 0.05078125 0.0 0.1796875 0.01953125 0.08249080882352941 34
stats: {recvpackets,"tsung_controller@ip-172-31-13-122"} 1 7044.0 0.0 26745 1852 14766.818181818178 33
stats: {sentpackets,"tsung_controller@ip-172-31-13-122"} 1 3504.0 0.0 13753 987 7679.515151515152 33
stats: {cpu,"tsung_controller@ip-172-31-13-122"} 1 4.1910331384015596 0.0 12.682926829268293 2.935420743639922 6.448799848577046 34
stats: session 3 277145.4989420573 26949.646823032344 310632.1198730469 18072.928955078125 125394.84575661649 178
stats: users_count 0 447
stats: finish_users_count 3 181
stats: request 59 41599.85712807867 15905.340079749576 59999.430908203125 1.30810546875 15675.6124193724 4628
stats: connect 0 0 0 142.1220703125 0.912109375 2.1112287209871363 447
stats: page 59 41599.85712807867 15905.340079749576 59999.430908203125 1.30810546875 15675.6124193724 4628
stats: 504 17 244
stats: 200 41 2715
stats: size_rcv 12931349 708116346
stats: newphase 0 3
stats: size_sent 38501 2948440
stats: connected -3 266
stats: 503 0 1670
stats: 500 1 58
# stats: dump at 1480611058
stats: users 252 425
stats: {freemem,"tsung_controller@ip-172-31-13-122"} 1 3103.47265625 0.0 3155.40625 3103.4609375 3118.817522321429 35
stats: {load,"tsung_controller@ip-172-31-13-122"} 1 0.0390625 0.0 0.1796875 0.01953125 0.08158482142857143 35
stats: {recvpackets,"tsung_controller@ip-172-31-13-122"} 1 10567.0 0.0 26745 1852 14539.676470588232 34
stats: {sentpackets,"tsung_controller@ip-172-31-13-122"} 1 5482.0 0.0 13753 987 7556.705882352941 34
stats: {cpu,"tsung_controller@ip-172-31-13-122"} 1 4.6351084812623276 0.0 12.682926829268293 2.935420743639922 6.384292228286317 35
stats: session 14 264732.5274483817 22135.632957279493 312051.22412109375 18072.928955078125 127910.04995306025 181
stats: users_count 0 447
stats: finish_users_count 14 195
stats: request 91 45061.80547089628 10046.146882670013 59999.430908203125 1.30810546875 16001.947055133798 4687
stats: connect 0 0 0 142.1220703125 0.912109375 2.1112287209871363 447
stats: page 91 45061.80547089628 10046.146882670013 59999.430908203125 1.30810546875 16001.947055133798 4687
stats: 504 5 249
stats: 200 84 2799
stats: size_rcv 15767863 723884209
stats: newphase 0 3
stats: size_sent 47588 2996028
stats: connected -14 252
stats: 503 0 1670
stats: 500 2 60
# stats: dump at 1480611068
stats: users 239 425
stats: {freemem,"tsung_controller@ip-172-31-13-122"} 1 3103.359375 0.0 3155.40625 3103.359375 3118.391276041667 36
stats: {load,"tsung_controller@ip-172-31-13-122"} 1 0.0390625 0.0 0.1796875 0.01953125 0.08040364583333333 36
stats: {recvpackets,"tsung_controller@ip-172-31-13-122"} 1 11775.0 0.0 26745 1852 14426.171428571426 35
stats: {sentpackets,"tsung_controller@ip-172-31-13-122"} 1 6147.0 0.0 13753 987 7497.428571428572 35
stats: {cpu,"tsung_controller@ip-172-31-13-122"} 1 4.935834155972359 0.0 12.682926829268293 2.935420743639922 6.335703790868984 36
stats: session 13 283542.5636080228 28367.93052017372 321878.0881347656 18072.928955078125 137733.2021834936 195
stats: users_count 0 447
stats: finish_users_count 13 208
stats: request 75 33732.806627604186 9191.514968972793 59999.430908203125 1.30810546875 16555.41024388105 4778
stats: connect 0 0 0 142.1220703125 0.912109375 2.1112287209871363 447
stats: page 75 33732.806627604186 9191.514968972793 59999.430908203125 1.30810546875 16555.41024388105 4778
stats: 504 3 252
stats: 200 69 2868
stats: size_rcv 14810641 738694850
stats: newphase 0 3
stats: size_sent 50272 3046300
stats: connected -13 239
stats: 503 0 1670
stats: 500 3 63
# stats: dump at 1480611078
stats: users 228 425
stats: {freemem,"tsung_controller@ip-172-31-13-122"} 1 3103.3984375 0.0 3155.40625 3103.359375 3117.9850084459463 37
stats: {load,"tsung_controller@ip-172-31-13-122"} 1 0.03125 0.0 0.1796875 0.01953125 0.07928631756756757 37
stats: {recvpackets,"tsung_controller@ip-172-31-13-122"} 1 18086.0 0.0 26745 1852 14352.527777777774 36
stats: {sentpackets,"tsung_controller@ip-172-31-13-122"} 1 9308.0 0.0 13753 987 7459.916666666667 36
stats: {cpu,"tsung_controller@ip-172-31-13-122"} 1 7.065750736015702 0.0 12.682926829268293 2.935420743639922 6.297869476412319 37
stats: session 11 288241.91257546167 14565.605491823915 321878.0881347656 18072.928955078125 146846.28727252668 208
stats: users_count 0 447
stats: finish_users_count 11 219
stats: request 78 32303.19444548778 9859.294528775994 59999.430908203125 1.30810546875 16820.875879318766 4853
stats: connect 0 0 0 142.1220703125 0.912109375 2.1112287209871363 447
stats: page 78 32303.19444548778 9859.294528775994 59999.430908203125 1.30810546875 16820.875879318766 4853
stats: 504 0 252
stats: 200 77 2945
stats: size_rcv 25027736 763722586
stats: newphase 0 3
stats: size_sent 41153 3087453
stats: connected -11 228
stats: 503 0 1670
stats: 500 1 64
# stats: dump at 1480611088
stats: users 225 425
stats: {freemem,"tsung_controller@ip-172-31-13-122"} 1 3103.2578125 0.0 3155.40625 3103.2578125 3117.60115131579 38
stats: {load,"tsung_controller@ip-172-31-13-122"} 1 0.03125 0.0 0.1796875 0.01953125 0.07802220394736842 38
stats: {recvpackets,"tsung_controller@ip-172-31-13-122"} 1 12446.0 0.0 26745 1852 14453.43243243243 37
stats: {sentpackets,"tsung_controller@ip-172-31-13-122"} 1 6418.0 0.0 13753 987 7509.864864864865 37
stats: {cpu,"tsung_controller@ip-172-31-13-122"} 1 5.148514851485149 0.0 12.682926829268293 2.935420743639922 6.318076877980829 38
stats: session 3 318328.80623372394 3486.8999542198317 323145.126953125 18072.928955078125 153948.35064390698 219
stats: users_count 0 447
stats: finish_users_count 3 222
stats: request 83 31906.7503088526 8067.028188622027 59999.430908203125 1.30810546875 17065.779721979725 4931
stats: connect 0 0 0 142.1220703125 0.912109375 2.1112287209871363 447
stats: page 83 31906.7503088526 8067.028188622027 59999.430908203125 1.30810546875 17065.779721979725 4931
stats: 504 0 252
stats: 200 79 3024
stats: size_rcv 21181991 784904577
stats: newphase 0 3
stats: size_sent 46522 3133975
stats: connected -3 225
stats: 503 0 1670
stats: 500 4 68
# stats: dump at 1480611098
stats: users 218 425
stats: {freemem,"tsung_controller@ip-172-31-13-122"} 1 3103.14453125 0.0 3155.40625 3103.14453125 3117.2333733974365 39
stats: {load,"tsung_controller@ip-172-31-13-122"} 1 0.01953125 0.0 0.1796875 0.01953125 0.07682291666666667 39
stats: {recvpackets,"tsung_controller@ip-172-31-13-122"} 1 15671.0 0.0 26745 1852 14400.605263157891 38
stats: {sentpackets,"tsung_controller@ip-172-31-13-122"} 1 8048.0 0.0 13753 987 7481.131578947368 38
stats: {cpu,"tsung_controller@ip-172-31-13-122"} 1 5.801376597836775 0.0 12.682926829268293 2.935420743639922 6.288088108070683 39
stats: session 7 302822.2812848772 18003.04202996234 325494.17578125 18072.928955078125 156169.70815187745 222
stats: users_count 0 447
stats: finish_users_count 7 229
stats: request 76 29141.35949064556 8029.511780272447 59999.430908203125 1.30810546875 17311.451951479215 5014
stats: connect 0 0 0 142.1220703125 0.912109375 2.1112287209871363 447
stats: page 76 29141.35949064556 8029.511780272447 59999.430908203125 1.30810546875 17311.451951479215 5014
stats: 504 0 252
stats: 200 76 3100
stats: size_rcv 24854812 809759389
stats: newphase 0 3
stats: size_sent 49264 3183239
stats: connected -7 218
stats: 503 0 1670
stats: 500 0 68
# stats: dump at 1480611108
stats: users 207 425
stats: {freemem,"tsung_controller@ip-172-31-13-122"} 1 3103.03125 0.0 3155.40625 3103.03125 3116.8811523437507 40
stats: {load,"tsung_controller@ip-172-31-13-122"} 1 0.01953125 0.0 0.1796875 0.01953125 0.075390625 40
stats: {recvpackets,"tsung_controller@ip-172-31-13-122"} 1 17051.0 0.0 26745 1852 14433.179487179485 39
stats: {sentpackets,"tsung_controller@ip-172-31-13-122"} 1 8626.0 0.0 13753 987 7495.666666666667 39
stats: {cpu,"tsung_controller@ip-172-31-13-122"} 1 7.045009784735812 0.0 12.682926829268293 2.935420743639922 6.275920320314835 40
stats: session 11 329802.8788174716 15671.921788303873 369860.14501953125 18072.928955078125 160652.53789830103 229
stats: users_count 0 447
stats: finish_users_count 11 240
stats: request 98 28928.031875298948 8483.116798784664 59999.430908203125 1.30810546875 17488.087113164212 5090
stats: connect 0 0 0 142.1220703125 0.912109375 2.1112287209871363 447
stats: page 98 28928.031875298948 8483.116798784664 59999.430908203125 1.30810546875 17488.087113164212 5090
stats: 504 0 252
stats: 200 98 3198
stats: size_rcv 26168860 835928249
stats: newphase 0 3
stats: size_sent 57184 3240423
stats: connected -11 207
stats: 503 0 1670
stats: 500 1 69
# stats: dump at 1480611118
stats: users 192 425
stats: {freemem,"tsung_controller@ip-172-31-13-122"} 1 3102.94921875 0.0 3155.40625 3102.94921875 3116.543349847562 41
stats: {load,"tsung_controller@ip-172-31-13-122"} 1 0.01953125 0.0 0.1796875 0.01953125 0.0740282012195122 41
stats: {recvpackets,"tsung_controller@ip-172-31-13-122"} 1 15902.0 0.0 26745 1852 14498.624999999996 40
stats: {sentpackets,"tsung_controller@ip-172-31-13-122"} 1 7923.0 0.0 13753 987 7523.925 40
stats: {cpu,"tsung_controller@ip-172-31-13-122"} 1 5.714285714285714 0.0 12.682926829268293 2.935420743639922 6.294678599934859 41
stats: session 15 333646.5684733073 19522.102204136256 370127.1428222656 18072.928955078125 168405.26185709637 240
stats: users_count 0 447
stats: finish_users_count 15 255
stats: request 65 24932.58300030048 7446.606136285625 59999.430908203125 1.30810546875 17704.184759017953 5188
stats: connect 0 0 0 142.1220703125 0.912109375 2.1112287209871363 447
stats: page 65 24932.58300030048 7446.606136285625 59999.430908203125 1.30810546875 17704.184759017953 5188
stats: 504 0 252
stats: 200 63 3261
stats: size_rcv 17593217 853521466
stats: newphase 0 3
stats: size_sent 34845 3275268
stats: connected -14 193
stats: 503 0 1670
stats: 500 2 71
# stats: dump at 1480611128
stats: users 183 425
stats: {freemem,"tsung_controller@ip-172-31-13-122"} 1 3102.9140625 0.0 3155.40625 3102.9140625 3116.2196800595243 42
stats: {load,"tsung_controller@ip-172-31-13-122"} 1 0.01171875 0.0 0.1796875 0.01171875 0.07273065476190477 42
stats: {recvpackets,"tsung_controller@ip-172-31-13-122"} 1 11376.0 0.0 26745 1852 14532.853658536582 41
stats: {sentpackets,"tsung_controller@ip-172-31-13-122"} 1 5884.0 0.0 13753 987 7533.658536585366 41
stats: {cpu,"tsung_controller@ip-172-31-13-122"} 1 4.926108374384237 0.0 12.682926829268293 2.935420743639922 6.280859721705117 42
stats: session 9 332424.9443359375 6044.325192194212 370127.1428222656 18072.928955078125 178125.33871687346 255
stats: users_count 0 447
stats: finish_users_count 9 264
stats: request 57 24409.437928316886 7243.520965030531 59999.430908203125 1.30810546875 17793.628102951585 5253
stats: connect 0 0 0 142.1220703125 0.912109375 2.1112287209871363 447
stats: page 57 24409.437928316886 7243.520965030531 59999.430908203125 1.30810546875 17793.628102951585 5253
stats: 504 0 252
stats: 200 51 3312
stats: size_rcv 13001245 866522711
stats: newphase 0 3
stats: size_sent 34189 3309457
stats: connected -10 183
stats: 503 0 1670
stats: 500 5 76
# stats: dump at 1480611138
stats: users 167 425
stats: {freemem,"tsung_controller@ip-172-31-13-122"} 1 3102.69921875 0.0 3155.40625 3102.69921875 3115.9102470930234 43
stats: {load,"tsung_controller@ip-172-31-13-122"} 1 0.01171875 0.0 0.1796875 0.01171875 0.07131177325581395 43
stats: {recvpackets,"tsung_controller@ip-172-31-13-122"} 1 12399.0 0.0 26745 1852 14457.690476190473 42
stats: {sentpackets,"tsung_controller@ip-172-31-13-122"} 1 6468.0 0.0 13753 987 7494.380952380952 42
stats: {cpu,"tsung_controller@ip-172-31-13-122"} 1 5.784313725490196 0.0 12.682926829268293 2.935420743639922 6.249353876418585 43
stats: session 16 338446.32342529297 12910.266773053883 370127.1428222656 18072.928955078125 183385.5525447961 264
stats: users_count 0 447
stats: finish_users_count 16 280
stats: request 72 27162.91364881728 7985.629821349125 59999.430908203125 1.30810546875 17864.6452705685 5310
stats: connect 0 0 0 142.1220703125 0.912109375 2.1112287209871363 447
stats: page 72 27162.91364881728 7985.629821349125 59999.430908203125 1.30810546875 17864.6452705685 5310
stats: 504 0 252
stats: 200 72 3384
stats: size_rcv 16337683 882860394
stats: newphase 0 3
stats: size_sent 38894 3348351
stats: connected -16 167
stats: 503 0 1670
stats: 500 1 77
# stats: dump at 1480611148
stats: users 154 425
stats: {freemem,"tsung_controller@ip-172-31-13-122"} 1 3102.10546875 0.0 3155.40625 3102.10546875 3115.6099964488635 44
stats: {load,"tsung_controller@ip-172-31-13-122"} 1 0.01171875 0.0 0.1796875 0.01171875 0.06995738636363637 44
stats: {recvpackets,"tsung_controller@ip-172-31-13-122"} 1 12162.0 0.0 26745 1852 14409.813953488368 43
stats: {sentpackets,"tsung_controller@ip-172-31-13-122"} 1 6163.0 0.0 13753 987 7470.511627906977 43
stats: {cpu,"tsung_controller@ip-172-31-13-122"} 1 4.81335952848723 0.0 12.682926829268293 2.935420743639922 6.238784782079304 44
stats: session 13 354895.6255446214 19151.64064057476 401678.1379394531 18072.928955078125 192246.16802368165 280
stats: users_count 0 447
stats: finish_users_count 13 293
stats: request 55 31236.97998934659 7799.9543789346035 59999.430908203125 1.30810546875 17989.036820779187 5382
stats: connect 0 0 0 142.1220703125 0.912109375 2.1112287209871363 447
stats: page 55 31236.97998934659 7799.9543789346035 59999.430908203125 1.30810546875 17989.036820779187 5382
stats: 504 0 252
stats: 200 52 3436
stats: size_rcv 17157791 900018185
stats: newphase 0 3
stats: size_sent 27626 3375977
stats: connected -13 154
stats: 503 0 1670
stats: 500 2 79
# stats: dump at 1480611158
stats: users 129 425
stats: {freemem,"tsung_controller@ip-172-31-13-122"} 1 3102.14453125 0.0 3155.40625 3102.10546875 3115.3098958333335 45
stats: {load,"tsung_controller@ip-172-31-13-122"} 1 0.01171875 0.0 0.1796875 0.01171875 0.06866319444444445 45
stats: {recvpackets,"tsung_controller@ip-172-31-13-122"} 1 9151.0 0.0 26745 1852 14358.72727272727 44
stats: {sentpackets,"tsung_controller@ip-172-31-13-122"} 1 4841.0 0.0 13753 987 7440.795454545455 44
stats: {cpu,"tsung_controller@ip-172-31-13-122"} 1 4.334975369458128 0.0 12.682926829268293 2.935420743639922 6.2071086653328145 45
stats: session 25 349534.533798828 13829.104705192856 401678.1379394531 18072.928955078125 199462.69685566874 293
stats: users_count 0 447
stats: finish_users_count 25 318
stats: request 68 25551.78498391544 10377.92034098352 59999.430908203125 1.30810546875 18123.051327726254 5437
stats: connect 0 0 0 142.1220703125 0.912109375 2.1112287209871363 447
stats: page 68 25551.78498391544 10377.92034098352 59999.430908203125 1.30810546875 18123.051327726254 5437
stats: 504 0 252
stats: 200 63 3499
stats: size_rcv 13349943 913368128
stats: newphase 0 3
stats: size_sent 27024 3403001
stats: connected -24 130
stats: 503 0 1670
stats: 500 5 84
# stats: dump at 1480611168
stats: users 109 425
stats: {freemem,"tsung_controller@ip-172-31-13-122"} 1 3102.17578125 0.0 3155.40625 3102.10546875 3115.023692255435 46
stats: {load,"tsung_controller@ip-172-31-13-122"} 1 0.01171875 0.0 0.1796875 0.01171875 0.06742527173913045 46
stats: {recvpackets,"tsung_controller@ip-172-31-13-122"} 1 12567.0 0.0 26745 1852 14242.999999999998 45
stats: {sentpackets,"tsung_controller@ip-172-31-13-122"} 1 6365.0 0.0 13753 987 7383.022222222222 45
stats: {cpu,"tsung_controller@ip-172-31-13-122"} 1 4.648862512363996 0.0 12.682926829268293 2.935420743639922 6.166410115422495 46
stats: session 20 359848.8182495117 16351.774868745684 407823.18212890625 18072.928955078125 211260.7972442819 318
stats: users_count 0 447
stats: finish_users_count 20 338
stats: request 61 25444.712494396772 10231.356569549249 59999.430908203125 1.30810546875 18214.814068620144 5505
stats: connect 0 0 0 142.1220703125 0.912109375 2.1112287209871363 447
stats: page 61 25444.712494396772 10231.356569549249 59999.430908203125 1.30810546875 18214.814068620144 5505
stats: 504 0 252
stats: 200 59 3558
stats: size_rcv 18312259 931680387
stats: newphase 0 3
stats: size_sent 25121 3428122
stats: connected -21 109
stats: 503 0 1670
stats: 500 2 86
# stats: dump at 1480611178
stats: users 95 425
stats: {freemem,"tsung_controller@ip-172-31-13-122"} 1 3104.58203125 0.0 3155.40625 3102.10546875 3114.7503324468084 47
stats: {load,"tsung_controller@ip-172-31-13-122"} 1 0.08984375 0.0 0.1796875 0.01171875 0.0662400265957447 47
stats: {recvpackets,"tsung_controller@ip-172-31-13-122"} 1 10138.0 0.0 26745 1852 14206.565217391302 46
stats: {sentpackets,"tsung_controller@ip-172-31-13-122"} 1 5137.0 0.0 13753 987 7360.891304347826 46
stats: {cpu,"tsung_controller@ip-172-31-13-122"} 1 4.23228346456693 0.0 12.682926829268293 2.935420743639922 6.13412186854891 47
stats: session 14 370206.2304513114 18762.260233945563 418210.39794921875 18072.928955078125 220052.98783630732 338
stats: users_count 0 447
stats: finish_users_count 14 352
stats: request 43 25572.547283793603 10034.428374850182 59999.430908203125 1.30810546875 18294.04939092923 5566
stats: connect 0 0 0 142.1220703125 0.912109375 2.1112287209871363 447
stats: page 43 25572.547283793603 10034.428374850182 59999.430908203125 1.30810546875 18294.04939092923 5566
stats: 504 0 252
stats: 200 42 3600
stats: size_rcv 12758867 944439254
stats: newphase 0 3
stats: size_sent 24261 3452383
stats: connected -14 95
stats: 503 0 1670
stats: 500 1 87
# stats: dump at 1480611188
stats: users 63 425
stats: {freemem,"tsung_controller@ip-172-31-13-122"} 1 3104.57421875 0.0 3155.40625 3102.10546875 3114.5384928385415 48
stats: {load,"tsung_controller@ip-172-31-13-122"} 1 0.0703125 0.0 0.1796875 0.01171875 0.06673177083333336 48
stats: {recvpackets,"tsung_controller@ip-172-31-13-122"} 1 10632.0 0.0 26745 1852 14119.999999999998 47
stats: {sentpackets,"tsung_controller@ip-172-31-13-122"} 1 5442.0 0.0 13753 987 7313.574468085107 47
stats: {cpu,"tsung_controller@ip-172-31-13-122"} 1 4.6078431372549025 0.0 12.682926829268293 2.935420743639922 6.094500235132618 48
stats: session 32 381558.87144470215 16191.602530482505 429976.1071777344 18072.928955078125 226024.99180394952 352
stats: users_count 0 447
stats: finish_users_count 32 384
stats: request 75 18075.394108072916 10264.10836518917 59999.430908203125 1.30810546875 18349.848180266574 5609
stats: connect 0 0 0 142.1220703125 0.912109375 2.1112287209871363 447
stats: page 75 18075.394108072916 10264.10836518917 59999.430908203125 1.30810546875 18349.848180266574 5609
stats: 504 0 252
stats: 200 74 3674
stats: size_rcv 19214715 963653969
stats: newphase 0 3
stats: size_sent 27621 3480004
stats: connected -32 63
stats: 503 0 1670
stats: 500 1 88
# stats: dump at 1480611198
stats: users 48 425
stats: {freemem,"tsung_controller@ip-172-31-13-122"} 1 3104.59765625 0.0 3155.40625 3102.10546875 3114.3351403061224 49
stats: {load,"tsung_controller@ip-172-31-13-122"} 1 0.05859375 0.0 0.1796875 0.01171875 0.06680484693877553 49
stats: {recvpackets,"tsung_controller@ip-172-31-13-122"} 1 10010.0 0.0 26745 1852 14047.33333333333 48
stats: {sentpackets,"tsung_controller@ip-172-31-13-122"} 1 5101.0 0.0 13753 987 7274.583333333333 48
stats: {cpu,"tsung_controller@ip-172-31-13-122"} 1 4.330708661417323 0.0 12.682926829268293 2.935420743639922 6.0641602943596045 49
stats: session 15 386285.64243164065 12751.514475696216 429976.1071777344 18072.928955078125 238986.14844067892 384
stats: users_count 0 447
stats: finish_users_count 15 399
stats: request 44 15674.900867808949 8491.512061898 59999.430908203125 1.30810546875 18346.226777132422 5684
stats: connect 0 0 0 142.1220703125 0.912109375 2.1112287209871363 447
stats: page 44 15674.900867808949 8491.512061898 59999.430908203125 1.30810546875 18346.226777132422 5684
stats: 504 0 252
stats: 200 44 3718
stats: size_rcv 12093716 975747685
stats: newphase 0 3
stats: size_sent 19533 3499537
stats: connected -12 51
stats: 503 0 1670
stats: 500 0 88
# stats: dump at 1480611208
stats: users 39 425
stats: {freemem,"tsung_controller@ip-172-31-13-122"} 1 3104.64453125 0.0 3155.40625 3102.10546875 3114.140390625 50
stats: {load,"tsung_controller@ip-172-31-13-122"} 1 0.05078125 0.0 0.1796875 0.01171875 0.06664062500000002 50
stats: {recvpackets,"tsung_controller@ip-172-31-13-122"} 1 5542.0 0.0 26745 1852 13964.938775510202 49
stats: {sentpackets,"tsung_controller@ip-172-31-13-122"} 1 2885.0 0.0 13753 987 7230.224489795918 49
stats: {cpu,"tsung_controller@ip-172-31-13-122"} 1 3.057199211045365 0.0 12.682926829268293 2.935420743639922 6.029491261700758 50
stats: session 9 402458.37972005206 14824.546123653841 429976.1071777344 18072.928955078125 244523.72340274515 399
stats: users_count 0 447
stats: finish_users_count 9 408
stats: request 16 18327.324783325195 5986.419042191641 59999.430908203125 1.30810546875 18325.70681553846 5728
stats: connect 0 0 0 142.1220703125 0.912109375 2.1112287209871363 447
stats: page 16 18327.324783325195 5986.419042191641 59999.430908203125 1.30810546875 18325.70681553846 5728
stats: 504 0 252
stats: 200 15 3733
stats: size_rcv 7176655 982924340
stats: newphase 0 3
stats: size_sent 8138 3507675
stats: connected -12 39
stats: 503 0 1670
stats: 500 1 89
# stats: dump at 1480611218
stats: users 25 425
stats: {freemem,"tsung_controller@ip-172-31-13-122"} 1 3104.69140625 0.0 3155.40625 3102.10546875 3113.954197303922 51
stats: {load,"tsung_controller@ip-172-31-13-122"} 1 0.0390625 0.0 0.1796875 0.01171875 0.06632965686274513 51
stats: {recvpackets,"tsung_controller@ip-172-31-13-122"} 1 5112.0 0.0 26745 1852 13796.479999999998 50
stats: {sentpackets,"tsung_controller@ip-172-31-13-122"} 1 2689.0 0.0 13753 987 7143.32 50
stats: {cpu,"tsung_controller@ip-172-31-13-122"} 1 3.0511811023622046 0.0 12.682926829268293 2.935420743639922 5.971211025413398 51
stats: session 14 415540.74267578125 14144.582650388782 439622.205078125 18072.928955078125 248007.57611562693 408
stats: users_count 0 447
stats: finish_users_count 14 422
stats: request 30 12679.389485677084 8563.997286341439 59999.430908203125 1.30810546875 18325.711322412517 5744
stats: connect 0 0 0 142.1220703125 0.912109375 2.1112287209871363 447
stats: page 30 12679.389485677084 8563.997286341439 59999.430908203125 1.30810546875 18325.711322412517 5744
stats: 504 0 252
stats: 200 29 3762
stats: size_rcv 4772243 987696583
stats: newphase 0 3
stats: size_sent 11053 3518728
stats: connected -14 25
stats: 503 0 1670
stats: 500 1 90
# stats: dump at 1480611228
stats: users 8 425
stats: {freemem,"tsung_controller@ip-172-31-13-122"} 1 3109.16796875 0.0 3155.40625 3102.10546875 3113.776066706731 52
stats: {load,"tsung_controller@ip-172-31-13-122"} 1 0.0390625 0.0 0.1796875 0.01171875 0.06580528846153849 52
stats: {recvpackets,"tsung_controller@ip-172-31-13-122"} 1 6350.0 0.0 26745 1852 13626.19607843137 51
stats: {sentpackets,"tsung_controller@ip-172-31-13-122"} 1 3207.0 0.0 13753 987 7055.980392156863 51
stats: {cpu,"tsung_controller@ip-172-31-13-122"} 1 2.9615004935834155 0.0 12.682926829268293 2.935420743639922 5.915056603816259 52
stats: session 17 416588.41291360295 12651.489628547624 442615.0471191406 18072.928955078125 253565.5484659638 422
stats: users_count 0 447
stats: finish_users_count 17 439
stats: request 28 9385.025015694755 9594.81891203079 59999.430908203125 1.30810546875 18296.374700468965 5774
stats: connect 0 0 0 142.1220703125 0.912109375 2.1112287209871363 447
stats: page 28 9385.025015694755 9594.81891203079 59999.430908203125 1.30810546875 18296.374700468965 5774
stats: 504 0 252
stats: 200 28 3790
stats: size_rcv 8047301 995743884
stats: newphase 0 3
stats: size_sent 8956 3527684
stats: connected -17 8
stats: 503 0 1670
stats: 500 0 90
# stats: dump at 1480611238
stats: users 1 425
stats: {freemem,"tsung_controller@ip-172-31-13-122"} 1 3112.8671875 0.0 3155.40625 3102.10546875 3113.689121462264 53
stats: {load,"tsung_controller@ip-172-31-13-122"} 1 0.109375 0.0 0.1796875 0.01171875 0.06530070754716985 53
stats: {recvpackets,"tsung_controller@ip-172-31-13-122"} 1 2601.0 0.0 26745 1852 13486.269230769229 52
stats: {sentpackets,"tsung_controller@ip-172-31-13-122"} 1 1345.0 0.0 13753 987 6981.961538461538 52
stats: {cpu,"tsung_controller@ip-172-31-13-122"} 1 2.161100196463654 0.0 12.682926829268293 2.161100196463654 5.85932913003828 53
stats: session 7 425342.7579171317 10297.944908512027 442615.0471191406 18072.928955078125 259878.50677031427 439
stats: users_count 0 447
stats: finish_users_count 7 446
stats: request 9 5168.257486979167 6929.360461469764 59999.430908203125 1.30810546875 18253.369221121553 5802
stats: connect 0 0 0 142.1220703125 0.912109375 2.1112287209871363 447
stats: page 9 5168.257486979167 6929.360461469764 59999.430908203125 1.30810546875 18253.369221121553 5802
stats: 504 0 252
stats: 200 9 3799
stats: size_rcv 2735102 998478986
stats: newphase 0 3
stats: size_sent 3490 3531174
stats: connected -7 1
stats: 503 0 1670
stats: 500 0 90
# stats: dump at 1480611241
stats: users 0 425
stats: {freemem,"tsung_controller@ip-172-31-13-122"} 0 0 0 3155.40625 3102.10546875 3113.673900462963 54
stats: {load,"tsung_controller@ip-172-31-13-122"} 0 0 0 0.1796875 0.01171875 0.0661168981481482 54
stats: {recvpackets,"tsung_controller@ip-172-31-13-122"} 0 0 0 26745 1852 13280.886792452828 53
stats: {sentpackets,"tsung_controller@ip-172-31-13-122"} 0 0 0 13753 987 6875.603773584906 53
stats: {cpu,"tsung_controller@ip-172-31-13-122"} 0 0 0 12.682926829268293 2.161100196463654 5.7908434090461585 54
stats: session 1 427811.2370605469 0.0 442615.0471191406 18072.928955078125 262475.4793219459 446
stats: users_count 0 447
stats: finish_users_count 1 447
stats: request 0 0 0 59999.430908203125 1.30810546875 18233.103173004656 5811
stats: connect 0 0 0 142.1220703125 0.912109375 2.1112287209871363 447
stats: page 0 0 0 59999.430908203125 1.30810546875 18233.103173004656 5811
stats: 504 0 252
stats: 200 0 3799
stats: size_rcv 0 998478986
stats: newphase 0 3
stats: size_sent 0 3531174
stats: connected -1 0
stats: 503 0 1670
stats: 500 0 90
EndMonitor:{1480,611241,65468}
