# stats: dump at 1480601091
stats: users 11 11
stats: {freemem,"tsung_controller@ip-172-31-13-122"} 1 3156.26953125 0 3156.26953125 3156.26953125 0 0
stats: {load,"tsung_controller@ip-172-31-13-122"} 1 0.03125 0 0.03125 0.03125 0 0
stats: {cpu,"tsung_controller@ip-172-31-13-122"} 1 2.3217996945165136 0 2.3217996945165136 2.3217996945165136 0 0
stats: session 2 6496.5240478515625 1135.4100341796875 7631.93408203125 5361.114013671875 0 0
stats: users_count 13 13
stats: finish_users_count 2 2
stats: request 34 12.259140912224264 19.1985946097449 122.177978515625 6.087890625 0 0
stats: connect 12 9.686279296875 29.710922613849867 108.22607421875 0.6318359375 0 0
stats: page 30 13.910262044270834 20.277206970086993 122.177978515625 6.087890625 0 0
stats: 302 8 8
stats: 200 26 26
stats: size_rcv 873879 873879
stats: size_sent 13176 13176
stats: connected 10 10
# stats: dump at 1480601101
stats: users 13 13
stats: {freemem,"tsung_controller@ip-172-31-13-122"} 1 3155.7421875 0.0 3156.26953125 3155.7421875 3156.26953125 1
stats: {load,"tsung_controller@ip-172-31-13-122"} 1 0.1015625 0.0 0.1015625 0.03125 0.03125 1
stats: {recvpackets,"tsung_controller@ip-172-31-13-122"} 1 757 0 757 757 0 0
stats: {sentpackets,"tsung_controller@ip-172-31-13-122"} 1 459 0 459 459 0 0
stats: {cpu,"tsung_controller@ip-172-31-13-122"} 1 2.7559055118110236 0.0 2.7559055118110236 2.3217996945165136 2.3217996945165136 1
stats: session 4 9494.045227050781 2476.193121866454 12260.494873046875 5361.114013671875 6496.5240478515625 2
stats: users_count 6 19
stats: finish_users_count 4 6
stats: request 30 9.242171223958337 2.3131236557932415 122.177978515625 6.087890625 12.259140912224264 34
stats: connect 6 0.74462890625 0.03952314250971938 108.22607421875 0.6318359375 9.686279296875 12
stats: page 25 11.115810546875 3.9784578217881887 122.177978515625 6.087890625 13.910262044270834 30
stats: 302 14 22
stats: 200 16 42
stats: size_rcv 522664 1396543
stats: size_sent 14153 27329
stats: connected 2 12
# stats: dump at 1480601111
stats: users 15 16
stats: {freemem,"tsung_controller@ip-172-31-13-122"} 1 3154.90625 0.0 3156.26953125 3154.90625 3156.005859375 2
stats: {load,"tsung_controller@ip-172-31-13-122"} 1 0.078125 0.0 0.1015625 0.03125 0.06640625 2
stats: {recvpackets,"tsung_controller@ip-172-31-13-122"} 1 522.0 0.0 757 522 757.0 1
stats: {sentpackets,"tsung_controller@ip-172-31-13-122"} 1 305.0 0.0 459 305 459.0 1
stats: {cpu,"tsung_controller@ip-172-31-13-122"} 1 1.4763779527559056 0.0 2.7559055118110236 1.4763779527559056 2.5388526031637686 2
stats: session 9 15137.655002170139 5510.068561942945 23596.887939453125 5361.114013671875 8494.871500651041 6
stats: users_count 11 30
stats: finish_users_count 9 15
stats: request 63 25.37868148561508 72.70202471482098 419.89697265625 5.661865234375 10.844936370849611 64
stats: connect 12 29.8924560546875 65.98282069817496 200.554931640625 0.6220703125 6.705729166666667 18
stats: page 53 30.19272368808962 78.57271476017578 419.89697265625 5.661865234375 12.640056818181819 55
stats: 302 28 50
stats: 200 35 77
stats: size_rcv 1148078 2544621
stats: size_sent 29574 56903
stats: connected 3 15
# stats: dump at 1480601121
stats: users 27 27
stats: {freemem,"tsung_controller@ip-172-31-13-122"} 1 3155.015625 0.0 3156.26953125 3154.90625 3155.6393229166665 3
stats: {load,"tsung_controller@ip-172-31-13-122"} 1 0.0703125 0.0 0.1015625 0.03125 0.0703125 3
stats: {recvpackets,"tsung_controller@ip-172-31-13-122"} 1 850.0 0.0 850 522 639.5 2
stats: {sentpackets,"tsung_controller@ip-172-31-13-122"} 1 461.0 0.0 461 305 382.0 2
stats: {cpu,"tsung_controller@ip-172-31-13-122"} 1 2.060843964671246 0.0 2.7559055118110236 1.4763779527559056 2.1846943863611474 3
stats: session 7 14100.01841517857 8972.994001724137 29146.309814453125 3633.150146484375 12480.5416015625 15
stats: users_count 19 49
stats: finish_users_count 7 22
stats: request 59 9.987271583686443 4.964949439925243 419.89697265625 5.552978515625 18.054589459276574 127
stats: connect 19 0.7111559416118421 0.05662078757814383 200.554931640625 0.59716796875 15.980419921875 30
stats: page 53 11.131997162441039 6.564016145764607 419.89697265625 5.552978515625 21.253865559895832 108
stats: 302 19 69
stats: 200 40 117
stats: size_rcv 1439786 3984407
stats: newphase 1 1
stats: size_sent 24024 80927
stats: connected 12 27
# stats: dump at 1480601131
stats: users 38 40
stats: {freemem,"tsung_controller@ip-172-31-13-122"} 1 3154.20703125 0.0 3156.26953125 3154.20703125 3155.4833984375 4
stats: {load,"tsung_controller@ip-172-31-13-122"} 1 0.05859375 0.0 0.1015625 0.03125 0.0703125 4
stats: {recvpackets,"tsung_controller@ip-172-31-13-122"} 1 1395.0 0.0 1395 522 709.6666666666666 3
stats: {sentpackets,"tsung_controller@ip-172-31-13-122"} 1 776.0 0.0 776 305 408.3333333333333 3
stats: {cpu,"tsung_controller@ip-172-31-13-122"} 1 2.167487684729064 0.0 2.7559055118110236 1.4763779527559056 2.153731780938672 4
stats: session 14 14512.850899832589 7400.608565236 29146.309814453125 2962.416015625 12995.82967862216 22
stats: users_count 25 74
stats: finish_users_count 14 36
stats: request 116 8.825391045932118 2.168270749467229 419.89697265625 5.531982421875 15.495601530997984 186
stats: connect 25 0.697822265625 0.13183455439089295 200.554931640625 0.512939453125 10.059684909119898 49
stats: page 99 10.361646247632576 3.5741089878627403 419.89697265625 5.531982421875 17.921821925951086 161
stats: 302 47 116
stats: 200 69 186
stats: size_rcv 2393210 6377617
stats: newphase 0 1
stats: size_sent 52973 133900
stats: connected 11 38
# stats: dump at 1480601141
stats: users 31 41
stats: {freemem,"tsung_controller@ip-172-31-13-122"} 1 3155.87109375 0.0 3156.26953125 3154.20703125 3155.228125 5
stats: {load,"tsung_controller@ip-172-31-13-122"} 1 0.05078125 0.0 0.1015625 0.03125 0.06796875 5
stats: {recvpackets,"tsung_controller@ip-172-31-13-122"} 1 1738.0 0.0 1738 522 881.0 4
stats: {sentpackets,"tsung_controller@ip-172-31-13-122"} 1 1033.0 0.0 1033 305 500.25 4
stats: {cpu,"tsung_controller@ip-172-31-13-122"} 1 2.549019607843137 0.0 2.7559055118110236 1.4763779527559056 2.1564829616967502 5
stats: session 23 13074.925558338995 7773.980891075437 33377.64697265625 1973.69384765625 13585.782375759549 36
stats: users_count 16 90
stats: finish_users_count 23 59
stats: request 131 8.541725682848275 4.020429689345053 419.89697265625 5.234130859375 12.93353392746275 302
stats: connect 16 0.6804656982421875 0.08208433063072886 200.554931640625 0.51220703125 6.896893475506757 74
stats: page 106 10.585159013856131 5.818541342553556 419.89697265625 5.234130859375 15.0431396484375 260
stats: 302 71 187
stats: 200 60 246
stats: size_rcv 2005676 8383293
stats: newphase 0 1
stats: size_sent 66266 200166
stats: connected -7 31
# stats: dump at 1480601151
stats: users 40 41
stats: {freemem,"tsung_controller@ip-172-31-13-122"} 1 3155.7578125 0.0 3156.26953125 3154.20703125 3155.3352864583335 6
stats: {load,"tsung_controller@ip-172-31-13-122"} 1 0.0390625 0.0 0.1015625 0.03125 0.06510416666666667 6
stats: {recvpackets,"tsung_controller@ip-172-31-13-122"} 1 1633.0 0.0 1738 522 1052.4 5
stats: {sentpackets,"tsung_controller@ip-172-31-13-122"} 1 955.0 0.0 1033 305 606.8 5
stats: {cpu,"tsung_controller@ip-172-31-13-122"} 1 2.6548672566371683 0.0 2.7559055118110236 1.4763779527559056 2.2219057360544814 6
stats: session 24 15455.282348632813 9539.708704583585 35863.947021484375 1973.69384765625 13386.63480286679 59
stats: users_count 33 123
stats: finish_users_count 24 83
stats: request 157 9.188855991242042 2.9283941433120573 419.89697265625 5.234130859375 11.604834435443129 433
stats: connect 32 0.67333984375 0.07695422292787812 200.554931640625 0.51220703125 5.791750759548611 90
stats: page 132 10.950979521780303 3.872172663578994 419.89697265625 5.234130859375 13.752030502903006 366
stats: 302 76 263
stats: 200 81 327
stats: size_rcv 3226443 11609736
stats: newphase 1 2
stats: size_sent 74169 274335
stats: connected 9 40
# stats: dump at 1480601161
stats: users 48 51
stats: {freemem,"tsung_controller@ip-172-31-13-122"} 1 3154.796875 0.0 3156.26953125 3154.20703125 3155.3956473214284 7
stats: {load,"tsung_controller@ip-172-31-13-122"} 1 0.0390625 0.0 0.1015625 0.03125 0.06138392857142857 7
stats: {recvpackets,"tsung_controller@ip-172-31-13-122"} 1 2916.0 0.0 2916 522 1149.1666666666667 6
stats: {sentpackets,"tsung_controller@ip-172-31-13-122"} 1 1627.0 0.0 1627 305 664.8333333333334 6
stats: {cpu,"tsung_controller@ip-172-31-13-122"} 1 3.149606299212598 0.0 3.149606299212598 1.4763779527559056 2.2837573818520083 7
stats: session 24 12194.648498535156 8798.611206333326 37891.656005859375 1973.69384765625 13984.79794863046 83
stats: users_count 32 155
stats: finish_users_count 24 107
stats: request 159 8.93709924086085 3.2488938746356375 419.89697265625 5.234130859375 10.9619384765625 590
stats: connect 33 0.7143998579545454 0.14547184056535548 200.554931640625 0.51220703125 4.449216748847336 122
stats: page 135 10.547281901041666 4.147997712257303 419.89697265625 5.234130859375 13.009583254894578 498
stats: 302 71 334
stats: 200 88 415
stats: size_rcv 3402213 15011949
stats: newphase 0 2
stats: size_sent 73692 348027
stats: connected 9 49
# stats: dump at 1480601171
stats: users 61 61
stats: {freemem,"tsung_controller@ip-172-31-13-122"} 1 3153.359375 0.0 3156.26953125 3153.359375 3155.32080078125 8
stats: {load,"tsung_controller@ip-172-31-13-122"} 1 0.03125 0.0 0.1015625 0.03125 0.05859375 8
stats: {recvpackets,"tsung_controller@ip-172-31-13-122"} 1 3093.0 0.0 3093 522 1401.5714285714287 7
stats: {sentpackets,"tsung_controller@ip-172-31-13-122"} 1 1697.0 0.0 1697 305 802.2857142857143 7
stats: {cpu,"tsung_controller@ip-172-31-13-122"} 1 3.2352941176470593 0.0 3.2352941176470593 1.4763779527559056 2.3919884965220817 8
stats: session 30 19351.02653808594 12788.053516023534 56060.681884765625 1973.69384765625 13583.269100010952 107
stats: users_count 43 198
stats: finish_users_count 30 137
stats: request 200 9.156164550781249 3.0284784560257973 419.89697265625 5.234130859375 10.532099439878172 749
stats: connect 41 0.6734410727896342 0.12324989781740595 200.554931640625 0.51220703125 3.6540621849798387 155
stats: page 169 10.858132627588756 4.025332253470051 419.89697265625 5.234130859375 12.484447895068127 633
stats: 302 93 427
stats: 200 107 522
stats: size_rcv 4509940 19521889
stats: newphase 0 2
stats: size_sent 93465 441492
stats: connected 10 59
# stats: dump at 1480601181
stats: users 101 103
stats: {freemem,"tsung_controller@ip-172-31-13-122"} 1 3151.29296875 0.0 3156.26953125 3151.29296875 3155.1028645833335 9
stats: {load,"tsung_controller@ip-172-31-13-122"} 1 0.01953125 0.0 0.1015625 0.01953125 0.05555555555555555 9
stats: {recvpackets,"tsung_controller@ip-172-31-13-122"} 1 3811.0 0.0 3811 522 1613.0 8
stats: {sentpackets,"tsung_controller@ip-172-31-13-122"} 1 1931.0 0.0 1931 305 914.125 8
stats: {cpu,"tsung_controller@ip-172-31-13-122"} 1 3.6417322834645667 0.0 3.6417322834645667 1.4763779527559056 2.4856891210915233 9
stats: session 36 13569.988905164932 8227.604010043948 56060.681884765625 1516.2099609375 14846.281677691606 137
stats: users_count 76 274
stats: finish_users_count 36 173
stats: request 319 9.501387545307603 4.045840118890964 419.89697265625 4.715087890625 10.242123699288724 949
stats: connect 75 0.6364973958333333 0.09030079497002313 200.554931640625 0.507080078125 3.0305649115114797 196
stats: page 271 11.205932166743542 5.083535707650652 419.89697265625 4.715087890625 12.141745550674097 802
stats: 302 120 547
stats: 200 199 721
stats: size_rcv 8545247 28067136
stats: newphase 1 3
stats: size_sent 142405 583897
stats: connected 41 100
# stats: dump at 1480601191
stats: users 108 114
stats: {freemem,"tsung_controller@ip-172-31-13-122"} 1 3145.64453125 0.0 3156.26953125 3145.64453125 3154.721875 10
stats: {load,"tsung_controller@ip-172-31-13-122"} 1 0.01953125 0.0 0.1015625 0.01953125 0.051953125 10
stats: {recvpackets,"tsung_controller@ip-172-31-13-122"} 1 7689.0 0.0 7689 522 1857.2222222222222 9
stats: {sentpackets,"tsung_controller@ip-172-31-13-122"} 1 3.9e3 0.0 3900 305 1027.111111111111 9
stats: {cpu,"tsung_controller@ip-172-31-13-122"} 1 6.140350877192982 0.0 6.140350877192982 1.4763779527559056 2.601293437328828 10
stats: session 64 11692.722583770752 7531.3212646896445 56060.681884765625 1465.01904296875 14580.694742368136 173
stats: users_count 71 345
stats: finish_users_count 64 237
stats: request 416 9.183268033541157 4.567033179025828 419.89697265625 4.676025390625 10.055771307238269 1268
stats: connect 73 0.5995959974315068 0.05383016789230853 200.554931640625 0.501953125 2.3680001008994465 271
stats: page 349 10.966419821140768 5.248415485866222 419.89697265625 4.676025390625 11.905393801330964 1073
stats: 302 197 744
stats: 200 219 940
stats: size_rcv 10229136 38296272
stats: newphase 0 3
stats: size_sent 199065 782962
stats: connected 9 109
# stats: dump at 1480601201
stats: users 113 115
stats: {freemem,"tsung_controller@ip-172-31-13-122"} 1 3145.15234375 0.0 3156.26953125 3145.15234375 3153.896661931818 11
stats: {load,"tsung_controller@ip-172-31-13-122"} 1 0.01953125 0.0 0.1015625 0.01953125 0.049005681818181816 11
stats: {recvpackets,"tsung_controller@ip-172-31-13-122"} 1 7180.0 0.0 7689 522 2440.4 10
stats: {sentpackets,"tsung_controller@ip-172-31-13-122"} 1 3950.0 0.0 3950 305 1314.4 10
stats: {cpu,"tsung_controller@ip-172-31-13-122"} 1 6.3352826510721245 0.0 6.3352826510721245 1.4763779527559056 2.923025931861933 11
stats: session 64 15392.780582427979 7946.251127501426 56060.681884765625 1465.01904296875 13800.8204041815 237
stats: users_count 69 414
stats: finish_users_count 64 301
stats: request 394 9.155225724738255 4.51607400807423 419.89697265625 4.676025390625 9.840236056728768 1684
stats: connect 69 0.6930267776268118 0.48408847941493677 200.554931640625 0.501953125 1.9927282998728197 344
stats: page 327 11.053688539277529 5.20497051855543 419.89697265625 4.676025390625 11.674942381438997 1422
stats: 302 195 939
stats: 200 199 1139
stats: size_rcv 9860192 48156464
stats: newphase 0 3
stats: size_sent 189751 972713
stats: connected 5 114
# stats: dump at 1480601211
stats: users 53 122
stats: {freemem,"tsung_controller@ip-172-31-13-122"} 1 3144.84765625 0.0 3156.26953125 3144.84765625 3153.16796875 12
stats: {load,"tsung_controller@ip-172-31-13-122"} 1 0.01171875 0.0 0.1015625 0.01171875 0.046549479166666664 12
stats: {recvpackets,"tsung_controller@ip-172-31-13-122"} 1 8816.0 0.0 8816 522 2871.2727272727275 11
stats: {sentpackets,"tsung_controller@ip-172-31-13-122"} 1 4822.0 0.0 4822 305 1554.0 11
stats: {cpu,"tsung_controller@ip-172-31-13-122"} 1 7.1358748778103624 0.0 7.1358748778103624 1.4763779527559056 3.207380658462782 12
stats: session 76 15747.686144377056 9937.29190353398 56972.42919921875 1465.01904296875 14139.310275968128 301
stats: users_count 16 430
stats: finish_users_count 76 377
stats: request 307 7.862499522852197 4.413328928576163 419.89697265625 4.676025390625 9.71035440571613 2078
stats: connect 17 0.6106675091911765 0.08538262918383582 200.554931640625 0.501953125 1.7755868833232447 413
stats: page 252 9.603248232886909 5.582337548386696 419.89697265625 4.676025390625 11.558790290880507 1749
stats: 302 202 1141
stats: 200 105 1244
stats: size_rcv 4002339 52158803
stats: newphase 0 3
stats: size_sent 166331 1139044
stats: connected -58 56
# stats: dump at 1480601221
stats: users 23 122
stats: {freemem,"tsung_controller@ip-172-31-13-122"} 1 3144.75390625 0.0 3156.26953125 3144.75390625 3152.5279447115386 13
stats: {load,"tsung_controller@ip-172-31-13-122"} 1 0.01171875 0.0 0.1015625 0.01171875 0.043870192307692304 13
stats: {recvpackets,"tsung_controller@ip-172-31-13-122"} 1 1577.0 0.0 8816 522 3366.6666666666665 12
stats: {sentpackets,"tsung_controller@ip-172-31-13-122"} 1 1147.0 0.0 4822 305 1826.3333333333333 12
stats: {cpu,"tsung_controller@ip-172-31-13-122"} 1 4.166666666666666 0.0 7.1358748778103624 1.4763779527559056 3.509572521489519 13
stats: session 30 20172.482283528647 6734.1408543954785 56972.42919921875 1465.01904296875 14463.545199042606 377
stats: users_count 0 430
stats: finish_users_count 30 407
stats: request 133 6.994970335996241 1.2603461597773375 419.89697265625 4.676025390625 9.472496355804504 2385
stats: connect 0 0 0 200.554931640625 0.501953125 1.7295319313226745 430
stats: page 99 9.434708412247474 4.274119546405224 419.89697265625 4.676025390625 11.312515129154177 2001
stats: 302 99 1240
stats: 200 34 1278
stats: size_rcv 833922 52992725
stats: newphase 0 3
stats: size_sent 76636 1215680
stats: connected -32 24
# stats: dump at 1480601231
stats: users 8 122
stats: {freemem,"tsung_controller@ip-172-31-13-122"} 1 3144.828125 0.0 3156.26953125 3144.75390625 3151.97265625 14
stats: {load,"tsung_controller@ip-172-31-13-122"} 1 0.01171875 0.0 0.1015625 0.01171875 0.04157366071428571 14
stats: {recvpackets,"tsung_controller@ip-172-31-13-122"} 1 684.0 0.0 8816 522 3229.0 13
stats: {sentpackets,"tsung_controller@ip-172-31-13-122"} 1 520.0 0.0 4822 305 1774.076923076923 13
stats: {cpu,"tsung_controller@ip-172-31-13-122"} 1 2.066929133858268 0.0 7.1358748778103624 1.4763779527559056 3.5565078175736007 14
stats: session 15 30495.051790364585 7814.829964413475 56972.42919921875 1465.01904296875 14884.351372346246 407
stats: users_count 0 430
stats: finish_users_count 15 422
stats: request 33 7.548946496212121 1.7257809363982417 419.89697265625 4.676025390625 9.341634179222098 2518
stats: connect 0 0 0 200.554931640625 0.501953125 1.7295319313226745 430
stats: page 28 8.918047223772321 3.6758845610285724 419.89697265625 4.676025390625 11.223989955357146 2100
stats: 302 28 1268
stats: 200 5 1283
stats: size_rcv 123974 53116699
stats: newphase 0 3
stats: size_sent 18741 1234421
stats: connected -16 8
# stats: dump at 1480601241
stats: users 4 122
stats: {freemem,"tsung_controller@ip-172-31-13-122"} 1 3144.859375 0.0 3156.26953125 3144.75390625 3151.4963541666666 15
stats: {load,"tsung_controller@ip-172-31-13-122"} 1 0.01171875 0.0 0.1015625 0.01171875 0.03958333333333333 15
stats: {recvpackets,"tsung_controller@ip-172-31-13-122"} 1 154.0 0.0 8816 154 3047.214285714286 14
stats: {sentpackets,"tsung_controller@ip-172-31-13-122"} 1 112.0 0.0 4822 112 1684.5 14
stats: {cpu,"tsung_controller@ip-172-31-13-122"} 1 1.3779527559055118 0.0 7.1358748778103624 1.3779527559055118 3.4572025719925787 15
stats: session 4 51945.84924316406 10262.596064602263 66973.57885742188 1465.01904296875 15439.234088626517 422
stats: users_count 0 430
stats: finish_users_count 4 426
stats: request 16 7.7835693359375 0.601334887953854 419.89697265625 4.676025390625 9.318443785831533 2551
stats: connect 0 0 0 200.554931640625 0.501953125 1.7295319313226745 430
stats: page 12 10.415934244791666 3.9538494865220337 419.89697265625 4.676025390625 11.193648603625768 2128
stats: 302 12 1280
stats: 200 4 1287
stats: size_rcv 98152 53214851
stats: newphase 0 3
stats: size_sent 9220 1243641
stats: connected -4 4
# stats: dump at 1480601251
stats: users 0 122
stats: {freemem,"tsung_controller@ip-172-31-13-122"} 1 3144.90625 0.0 3156.26953125 3144.75390625 3151.08154296875 16
stats: {load,"tsung_controller@ip-172-31-13-122"} 1 0.01171875 0.0 0.1015625 0.01171875 0.037841796875 16
stats: {recvpackets,"tsung_controller@ip-172-31-13-122"} 1 108.0 0.0 8816 108 2854.3333333333335 15
stats: {sentpackets,"tsung_controller@ip-172-31-13-122"} 1 77.0 0.0 4822 77 1579.6666666666667 15
stats: {cpu,"tsung_controller@ip-172-31-13-122"} 1 1.183431952662722 0.0 7.1358748778103624 1.183431952662722 3.327249458487137 16
stats: session 4 52680.00378417969 9863.300858913257 69447.00610351563 1465.01904296875 15782.019207448468 426
stats: users_count 0 430
stats: finish_users_count 4 430
stats: request 13 7.788686899038462 0.6081490353883181 419.89697265625 4.676025390625 9.30887697975506 2567
stats: connect 1 0.755126953125 0.0 200.554931640625 0.501953125 1.7295319313226745 430
stats: page 10 10.160888671875 4.074626129060358 419.89697265625 4.676025390625 11.189287588529501 2140
stats: 302 10 1290
stats: 200 3 1290
stats: size_rcv 73717 53288568
stats: newphase 0 3
stats: size_sent 7451 1251092
stats: connected -4 0
# stats: dump at 1480601252
stats: users 0 122
stats: {freemem,"tsung_controller@ip-172-31-13-122"} 0 0 0 3156.26953125 3144.75390625 3150.7182904411766 17
stats: {load,"tsung_controller@ip-172-31-13-122"} 0 0 0 0.1015625 0.01171875 0.03630514705882353 17
stats: {recvpackets,"tsung_controller@ip-172-31-13-122"} 0 0 0 8816 108 2682.6875 16
stats: {sentpackets,"tsung_controller@ip-172-31-13-122"} 0 0 0 4822 77 1485.75 16
stats: {cpu,"tsung_controller@ip-172-31-13-122"} 0 0 0 7.1358748778103624 1.183431952662722 3.201142546379818 17
stats: session 0 0 0 69447.00610351563 1465.01904296875 16125.256273278525 430
stats: users_count 0 430
stats: finish_users_count 0 430
stats: request 0 0 0 419.89697265625 4.676025390625 9.301217107255326 2580
stats: connect 0 0 0 200.554931640625 0.501953125 1.7272711309092228 431
stats: page 0 0 0 419.89697265625 4.676025390625 11.184504337754364 2150
stats: 302 0 1290
stats: 200 0 1290
stats: size_rcv 0 53288568
stats: newphase 0 3
stats: size_sent 0 1251092
stats: connected 0 0
EndMonitor:{1480,601252,946381}
